[2025-02-13T15:53:57.668+0000] {taskinstance.py:1157} INFO - Dependencies all met for dep_context=non-requeueable deps ti=<TaskInstance: dimension_batch_ingestion.ingest_customer_dim manual__2025-02-13T15:53:55.810954+00:00 [queued]>
[2025-02-13T15:53:57.674+0000] {taskinstance.py:1157} INFO - Dependencies all met for dep_context=requeueable deps ti=<TaskInstance: dimension_batch_ingestion.ingest_customer_dim manual__2025-02-13T15:53:55.810954+00:00 [queued]>
[2025-02-13T15:53:57.674+0000] {taskinstance.py:1359} INFO - Starting attempt 1 of 4
[2025-02-13T15:53:57.684+0000] {taskinstance.py:1380} INFO - Executing <Task(BashOperator): ingest_customer_dim> on 2025-02-13 15:53:55.810954+00:00
[2025-02-13T15:53:57.690+0000] {standard_task_runner.py:57} INFO - Started process 62215 to run task
[2025-02-13T15:53:57.692+0000] {standard_task_runner.py:84} INFO - Running: ['***', 'tasks', 'run', 'dimension_batch_ingestion', 'ingest_customer_dim', 'manual__2025-02-13T15:53:55.810954+00:00', '--job-id', '216', '--raw', '--subdir', 'DAGS_FOLDER/loader_dag.py', '--cfg-path', '/tmp/tmp_bl4dxbo']
[2025-02-13T15:53:57.694+0000] {standard_task_runner.py:85} INFO - Job 216: Subtask ingest_customer_dim
[2025-02-13T15:53:57.729+0000] {task_command.py:415} INFO - Running <TaskInstance: dimension_batch_ingestion.ingest_customer_dim manual__2025-02-13T15:53:55.810954+00:00 [running]> on host 5879df32f101
[2025-02-13T15:53:57.788+0000] {taskinstance.py:1660} INFO - Exporting env vars: AIRFLOW_CTX_DAG_EMAIL='hoyseiha@gmail.com' AIRFLOW_CTX_DAG_OWNER='***' AIRFLOW_CTX_DAG_ID='dimension_batch_ingestion' AIRFLOW_CTX_TASK_ID='ingest_customer_dim' AIRFLOW_CTX_EXECUTION_DATE='2025-02-13T15:53:55.810954+00:00' AIRFLOW_CTX_TRY_NUMBER='1' AIRFLOW_CTX_DAG_RUN_ID='manual__2025-02-13T15:53:55.810954+00:00'
[2025-02-13T15:53:57.789+0000] {subprocess.py:63} INFO - Tmp dir root location: /tmp
[2025-02-13T15:53:57.790+0000] {subprocess.py:75} INFO - Running command: ['/bin/bash', '-c', 'curl -X POST -F file=@/opt/***/customer_dim_large_data.csv -H "Content-Type: multipart/form-data" "http://pinot-controller:9000/ingestFromFile?tableNameWithType=customer_dim_OFFLINE&batchConfigMapStr=%7B%22inputFormat%22%3A%22csv%22%2C%22recordReader.prop.delimiter%22%3A%22%2C%22%7D"']
[2025-02-13T15:53:57.802+0000] {subprocess.py:86} INFO - Output:
[2025-02-13T15:53:57.809+0000] {subprocess.py:93} INFO -   % Total    % Received % Xferd  Average Speed   Time    Time     Time  Current
[2025-02-13T15:53:57.810+0000] {subprocess.py:93} INFO -                                  Dload  Upload   Total   Spent    Left  Speed
[2025-02-13T15:54:05.906+0000] {subprocess.py:93} INFO -   0     0    0     0    0     0      0      0 --:--:-- --:--:-- --:--:--     0100  8576  100   111  100  8465   1541   114k --:--:-- --:--:-- --:--:--  116k
[2025-02-13T15:54:05.907+0000] {subprocess.py:93} INFO - {"status":"Successfully ingested file into table: customer_dim_OFFLINE as segment: customer_dim_1739462037817"}
[2025-02-13T15:54:05.907+0000] {subprocess.py:97} INFO - Command exited with return code 0
[2025-02-13T15:54:05.932+0000] {taskinstance.py:1398} INFO - Marking task as SUCCESS. dag_id=dimension_batch_ingestion, task_id=ingest_customer_dim, execution_date=20250213T155355, start_date=20250213T155357, end_date=20250213T155405
[2025-02-13T15:54:05.968+0000] {local_task_job_runner.py:228} INFO - Task exited with return code 0
[2025-02-13T15:54:05.989+0000] {taskinstance.py:2776} INFO - 1 downstream tasks scheduled from follow-on schedule check
