[2025-02-02T04:26:50.104+0000] {processor.py:186} INFO - Started process (PID=294) to work on /home/airflow/.local/lib/python3.12/site-packages/airflow/example_dags/example_inlet_event_extra.py
[2025-02-02T04:26:50.105+0000] {processor.py:914} INFO - Processing file /home/airflow/.local/lib/python3.12/site-packages/airflow/example_dags/example_inlet_event_extra.py for tasks to queue
[2025-02-02T04:26:50.108+0000] {logging_mixin.py:190} INFO - [2025-02-02T04:26:50.107+0000] {dagbag.py:588} INFO - Filling up the DagBag from /home/airflow/.local/lib/python3.12/site-packages/airflow/example_dags/example_inlet_event_extra.py
[2025-02-02T04:26:50.733+0000] {processor.py:925} INFO - DAG(s) 'read_dataset_event', 'read_dataset_event_from_classic' retrieved from /home/airflow/.local/lib/python3.12/site-packages/airflow/example_dags/example_inlet_event_extra.py
[2025-02-02T04:26:50.762+0000] {logging_mixin.py:190} INFO - [2025-02-02T04:26:50.762+0000] {dag.py:3239} INFO - Sync 2 DAGs
[2025-02-02T04:26:50.788+0000] {logging_mixin.py:190} INFO - [2025-02-02T04:26:50.788+0000] {dag.py:4180} INFO - Setting next_dagrun for read_dataset_event to 2025-02-01 00:00:00+00:00, run_after=2025-02-02 00:00:00+00:00
[2025-02-02T04:26:50.794+0000] {logging_mixin.py:190} INFO - [2025-02-02T04:26:50.794+0000] {dag.py:4180} INFO - Setting next_dagrun for read_dataset_event_from_classic to 2025-02-01 00:00:00+00:00, run_after=2025-02-02 00:00:00+00:00
[2025-02-02T04:26:50.822+0000] {processor.py:208} INFO - Processing /home/airflow/.local/lib/python3.12/site-packages/airflow/example_dags/example_inlet_event_extra.py took 0.724 seconds
[2025-02-02T04:27:21.490+0000] {processor.py:186} INFO - Started process (PID=583) to work on /home/airflow/.local/lib/python3.12/site-packages/airflow/example_dags/example_inlet_event_extra.py
[2025-02-02T04:27:21.491+0000] {processor.py:914} INFO - Processing file /home/airflow/.local/lib/python3.12/site-packages/airflow/example_dags/example_inlet_event_extra.py for tasks to queue
[2025-02-02T04:27:21.494+0000] {logging_mixin.py:190} INFO - [2025-02-02T04:27:21.493+0000] {dagbag.py:588} INFO - Filling up the DagBag from /home/airflow/.local/lib/python3.12/site-packages/airflow/example_dags/example_inlet_event_extra.py
[2025-02-02T04:27:21.702+0000] {processor.py:925} INFO - DAG(s) 'read_dataset_event_from_classic', 'read_dataset_event' retrieved from /home/airflow/.local/lib/python3.12/site-packages/airflow/example_dags/example_inlet_event_extra.py
[2025-02-02T04:27:21.724+0000] {logging_mixin.py:190} INFO - [2025-02-02T04:27:21.723+0000] {dag.py:3239} INFO - Sync 2 DAGs
[2025-02-02T04:27:21.749+0000] {logging_mixin.py:190} INFO - [2025-02-02T04:27:21.748+0000] {dag.py:4180} INFO - Setting next_dagrun for read_dataset_event to 2025-02-01 00:00:00+00:00, run_after=2025-02-02 00:00:00+00:00
[2025-02-02T04:27:21.753+0000] {logging_mixin.py:190} INFO - [2025-02-02T04:27:21.753+0000] {dag.py:4180} INFO - Setting next_dagrun for read_dataset_event_from_classic to 2025-02-01 00:00:00+00:00, run_after=2025-02-02 00:00:00+00:00
[2025-02-02T04:27:21.773+0000] {processor.py:208} INFO - Processing /home/airflow/.local/lib/python3.12/site-packages/airflow/example_dags/example_inlet_event_extra.py took 0.291 seconds
[2025-02-02T04:27:51.820+0000] {processor.py:186} INFO - Started process (PID=869) to work on /home/airflow/.local/lib/python3.12/site-packages/airflow/example_dags/example_inlet_event_extra.py
[2025-02-02T04:27:51.821+0000] {processor.py:914} INFO - Processing file /home/airflow/.local/lib/python3.12/site-packages/airflow/example_dags/example_inlet_event_extra.py for tasks to queue
[2025-02-02T04:27:51.823+0000] {logging_mixin.py:190} INFO - [2025-02-02T04:27:51.822+0000] {dagbag.py:588} INFO - Filling up the DagBag from /home/airflow/.local/lib/python3.12/site-packages/airflow/example_dags/example_inlet_event_extra.py
[2025-02-02T04:27:52.043+0000] {processor.py:925} INFO - DAG(s) 'read_dataset_event', 'read_dataset_event_from_classic' retrieved from /home/airflow/.local/lib/python3.12/site-packages/airflow/example_dags/example_inlet_event_extra.py
[2025-02-02T04:27:52.069+0000] {logging_mixin.py:190} INFO - [2025-02-02T04:27:52.069+0000] {dag.py:3239} INFO - Sync 2 DAGs
[2025-02-02T04:27:52.097+0000] {logging_mixin.py:190} INFO - [2025-02-02T04:27:52.097+0000] {dag.py:4180} INFO - Setting next_dagrun for read_dataset_event to 2025-02-01 00:00:00+00:00, run_after=2025-02-02 00:00:00+00:00
[2025-02-02T04:27:52.102+0000] {logging_mixin.py:190} INFO - [2025-02-02T04:27:52.102+0000] {dag.py:4180} INFO - Setting next_dagrun for read_dataset_event_from_classic to 2025-02-01 00:00:00+00:00, run_after=2025-02-02 00:00:00+00:00
[2025-02-02T04:27:52.122+0000] {processor.py:208} INFO - Processing /home/airflow/.local/lib/python3.12/site-packages/airflow/example_dags/example_inlet_event_extra.py took 0.308 seconds
[2025-02-02T04:28:22.310+0000] {processor.py:186} INFO - Started process (PID=1155) to work on /home/airflow/.local/lib/python3.12/site-packages/airflow/example_dags/example_inlet_event_extra.py
[2025-02-02T04:28:22.313+0000] {processor.py:914} INFO - Processing file /home/airflow/.local/lib/python3.12/site-packages/airflow/example_dags/example_inlet_event_extra.py for tasks to queue
[2025-02-02T04:28:22.317+0000] {logging_mixin.py:190} INFO - [2025-02-02T04:28:22.316+0000] {dagbag.py:588} INFO - Filling up the DagBag from /home/airflow/.local/lib/python3.12/site-packages/airflow/example_dags/example_inlet_event_extra.py
[2025-02-02T04:28:22.525+0000] {processor.py:925} INFO - DAG(s) 'read_dataset_event_from_classic', 'read_dataset_event' retrieved from /home/airflow/.local/lib/python3.12/site-packages/airflow/example_dags/example_inlet_event_extra.py
[2025-02-02T04:28:22.552+0000] {logging_mixin.py:190} INFO - [2025-02-02T04:28:22.552+0000] {dag.py:3239} INFO - Sync 2 DAGs
[2025-02-02T04:28:22.580+0000] {logging_mixin.py:190} INFO - [2025-02-02T04:28:22.580+0000] {dag.py:4180} INFO - Setting next_dagrun for read_dataset_event to 2025-02-01 00:00:00+00:00, run_after=2025-02-02 00:00:00+00:00
[2025-02-02T04:28:22.587+0000] {logging_mixin.py:190} INFO - [2025-02-02T04:28:22.586+0000] {dag.py:4180} INFO - Setting next_dagrun for read_dataset_event_from_classic to 2025-02-01 00:00:00+00:00, run_after=2025-02-02 00:00:00+00:00
[2025-02-02T04:28:22.609+0000] {processor.py:208} INFO - Processing /home/airflow/.local/lib/python3.12/site-packages/airflow/example_dags/example_inlet_event_extra.py took 0.306 seconds
[2025-02-02T04:28:53.048+0000] {processor.py:186} INFO - Started process (PID=1441) to work on /home/airflow/.local/lib/python3.12/site-packages/airflow/example_dags/example_inlet_event_extra.py
[2025-02-02T04:28:53.050+0000] {processor.py:914} INFO - Processing file /home/airflow/.local/lib/python3.12/site-packages/airflow/example_dags/example_inlet_event_extra.py for tasks to queue
[2025-02-02T04:28:53.054+0000] {logging_mixin.py:190} INFO - [2025-02-02T04:28:53.053+0000] {dagbag.py:588} INFO - Filling up the DagBag from /home/airflow/.local/lib/python3.12/site-packages/airflow/example_dags/example_inlet_event_extra.py
[2025-02-02T04:28:53.309+0000] {processor.py:925} INFO - DAG(s) 'read_dataset_event', 'read_dataset_event_from_classic' retrieved from /home/airflow/.local/lib/python3.12/site-packages/airflow/example_dags/example_inlet_event_extra.py
[2025-02-02T04:28:53.333+0000] {logging_mixin.py:190} INFO - [2025-02-02T04:28:53.332+0000] {dag.py:3239} INFO - Sync 2 DAGs
[2025-02-02T04:28:53.374+0000] {logging_mixin.py:190} INFO - [2025-02-02T04:28:53.374+0000] {dag.py:4180} INFO - Setting next_dagrun for read_dataset_event to 2025-02-01 00:00:00+00:00, run_after=2025-02-02 00:00:00+00:00
[2025-02-02T04:28:53.385+0000] {logging_mixin.py:190} INFO - [2025-02-02T04:28:53.385+0000] {dag.py:4180} INFO - Setting next_dagrun for read_dataset_event_from_classic to 2025-02-01 00:00:00+00:00, run_after=2025-02-02 00:00:00+00:00
[2025-02-02T04:28:53.426+0000] {processor.py:208} INFO - Processing /home/airflow/.local/lib/python3.12/site-packages/airflow/example_dags/example_inlet_event_extra.py took 0.386 seconds
[2025-02-02T04:29:23.871+0000] {processor.py:186} INFO - Started process (PID=1733) to work on /home/airflow/.local/lib/python3.12/site-packages/airflow/example_dags/example_inlet_event_extra.py
[2025-02-02T04:29:23.873+0000] {processor.py:914} INFO - Processing file /home/airflow/.local/lib/python3.12/site-packages/airflow/example_dags/example_inlet_event_extra.py for tasks to queue
[2025-02-02T04:29:23.879+0000] {logging_mixin.py:190} INFO - [2025-02-02T04:29:23.878+0000] {dagbag.py:588} INFO - Filling up the DagBag from /home/airflow/.local/lib/python3.12/site-packages/airflow/example_dags/example_inlet_event_extra.py
[2025-02-02T04:29:24.151+0000] {processor.py:925} INFO - DAG(s) 'read_dataset_event_from_classic', 'read_dataset_event' retrieved from /home/airflow/.local/lib/python3.12/site-packages/airflow/example_dags/example_inlet_event_extra.py
[2025-02-02T04:29:24.192+0000] {logging_mixin.py:190} INFO - [2025-02-02T04:29:24.191+0000] {dag.py:3239} INFO - Sync 2 DAGs
[2025-02-02T04:29:24.230+0000] {logging_mixin.py:190} INFO - [2025-02-02T04:29:24.229+0000] {dag.py:4180} INFO - Setting next_dagrun for read_dataset_event to 2025-02-01 00:00:00+00:00, run_after=2025-02-02 00:00:00+00:00
[2025-02-02T04:29:24.240+0000] {logging_mixin.py:190} INFO - [2025-02-02T04:29:24.240+0000] {dag.py:4180} INFO - Setting next_dagrun for read_dataset_event_from_classic to 2025-02-01 00:00:00+00:00, run_after=2025-02-02 00:00:00+00:00
[2025-02-02T04:29:24.274+0000] {processor.py:208} INFO - Processing /home/airflow/.local/lib/python3.12/site-packages/airflow/example_dags/example_inlet_event_extra.py took 0.410 seconds
[2025-02-02T04:29:55.154+0000] {processor.py:186} INFO - Started process (PID=2019) to work on /home/airflow/.local/lib/python3.12/site-packages/airflow/example_dags/example_inlet_event_extra.py
[2025-02-02T04:29:55.155+0000] {processor.py:914} INFO - Processing file /home/airflow/.local/lib/python3.12/site-packages/airflow/example_dags/example_inlet_event_extra.py for tasks to queue
[2025-02-02T04:29:55.158+0000] {logging_mixin.py:190} INFO - [2025-02-02T04:29:55.158+0000] {dagbag.py:588} INFO - Filling up the DagBag from /home/airflow/.local/lib/python3.12/site-packages/airflow/example_dags/example_inlet_event_extra.py
[2025-02-02T04:29:55.388+0000] {processor.py:925} INFO - DAG(s) 'read_dataset_event', 'read_dataset_event_from_classic' retrieved from /home/airflow/.local/lib/python3.12/site-packages/airflow/example_dags/example_inlet_event_extra.py
[2025-02-02T04:29:55.409+0000] {logging_mixin.py:190} INFO - [2025-02-02T04:29:55.409+0000] {dag.py:3239} INFO - Sync 2 DAGs
[2025-02-02T04:29:55.432+0000] {logging_mixin.py:190} INFO - [2025-02-02T04:29:55.432+0000] {dag.py:4180} INFO - Setting next_dagrun for read_dataset_event to 2025-02-01 00:00:00+00:00, run_after=2025-02-02 00:00:00+00:00
[2025-02-02T04:29:55.437+0000] {logging_mixin.py:190} INFO - [2025-02-02T04:29:55.436+0000] {dag.py:4180} INFO - Setting next_dagrun for read_dataset_event_from_classic to 2025-02-01 00:00:00+00:00, run_after=2025-02-02 00:00:00+00:00
[2025-02-02T04:29:55.457+0000] {processor.py:208} INFO - Processing /home/airflow/.local/lib/python3.12/site-packages/airflow/example_dags/example_inlet_event_extra.py took 0.312 seconds
[2025-02-02T04:30:26.230+0000] {processor.py:186} INFO - Started process (PID=2305) to work on /home/airflow/.local/lib/python3.12/site-packages/airflow/example_dags/example_inlet_event_extra.py
[2025-02-02T04:30:26.233+0000] {processor.py:914} INFO - Processing file /home/airflow/.local/lib/python3.12/site-packages/airflow/example_dags/example_inlet_event_extra.py for tasks to queue
[2025-02-02T04:30:26.241+0000] {logging_mixin.py:190} INFO - [2025-02-02T04:30:26.241+0000] {dagbag.py:588} INFO - Filling up the DagBag from /home/airflow/.local/lib/python3.12/site-packages/airflow/example_dags/example_inlet_event_extra.py
[2025-02-02T04:30:26.622+0000] {processor.py:925} INFO - DAG(s) 'read_dataset_event_from_classic', 'read_dataset_event' retrieved from /home/airflow/.local/lib/python3.12/site-packages/airflow/example_dags/example_inlet_event_extra.py
[2025-02-02T04:30:26.757+0000] {logging_mixin.py:190} INFO - [2025-02-02T04:30:26.757+0000] {dag.py:3239} INFO - Sync 2 DAGs
[2025-02-02T04:30:26.796+0000] {logging_mixin.py:190} INFO - [2025-02-02T04:30:26.796+0000] {dag.py:4180} INFO - Setting next_dagrun for read_dataset_event to 2025-02-01 00:00:00+00:00, run_after=2025-02-02 00:00:00+00:00
[2025-02-02T04:30:26.803+0000] {logging_mixin.py:190} INFO - [2025-02-02T04:30:26.803+0000] {dag.py:4180} INFO - Setting next_dagrun for read_dataset_event_from_classic to 2025-02-01 00:00:00+00:00, run_after=2025-02-02 00:00:00+00:00
[2025-02-02T04:30:26.834+0000] {processor.py:208} INFO - Processing /home/airflow/.local/lib/python3.12/site-packages/airflow/example_dags/example_inlet_event_extra.py took 0.615 seconds
[2025-02-02T04:30:57.423+0000] {processor.py:186} INFO - Started process (PID=2590) to work on /home/airflow/.local/lib/python3.12/site-packages/airflow/example_dags/example_inlet_event_extra.py
[2025-02-02T04:30:57.425+0000] {processor.py:914} INFO - Processing file /home/airflow/.local/lib/python3.12/site-packages/airflow/example_dags/example_inlet_event_extra.py for tasks to queue
[2025-02-02T04:30:57.429+0000] {logging_mixin.py:190} INFO - [2025-02-02T04:30:57.427+0000] {dagbag.py:588} INFO - Filling up the DagBag from /home/airflow/.local/lib/python3.12/site-packages/airflow/example_dags/example_inlet_event_extra.py
[2025-02-02T04:30:57.756+0000] {processor.py:925} INFO - DAG(s) 'read_dataset_event_from_classic', 'read_dataset_event' retrieved from /home/airflow/.local/lib/python3.12/site-packages/airflow/example_dags/example_inlet_event_extra.py
[2025-02-02T04:30:57.936+0000] {logging_mixin.py:190} INFO - [2025-02-02T04:30:57.932+0000] {dag.py:3239} INFO - Sync 2 DAGs
[2025-02-02T04:30:58.042+0000] {logging_mixin.py:190} INFO - [2025-02-02T04:30:58.032+0000] {dag.py:4180} INFO - Setting next_dagrun for read_dataset_event to 2025-02-01 00:00:00+00:00, run_after=2025-02-02 00:00:00+00:00
[2025-02-02T04:30:58.060+0000] {logging_mixin.py:190} INFO - [2025-02-02T04:30:58.059+0000] {dag.py:4180} INFO - Setting next_dagrun for read_dataset_event_from_classic to 2025-02-01 00:00:00+00:00, run_after=2025-02-02 00:00:00+00:00
[2025-02-02T04:30:58.392+0000] {processor.py:208} INFO - Processing /home/airflow/.local/lib/python3.12/site-packages/airflow/example_dags/example_inlet_event_extra.py took 0.980 seconds
[2025-02-02T04:31:29.231+0000] {processor.py:186} INFO - Started process (PID=2876) to work on /home/airflow/.local/lib/python3.12/site-packages/airflow/example_dags/example_inlet_event_extra.py
[2025-02-02T04:31:29.232+0000] {processor.py:914} INFO - Processing file /home/airflow/.local/lib/python3.12/site-packages/airflow/example_dags/example_inlet_event_extra.py for tasks to queue
[2025-02-02T04:31:29.235+0000] {logging_mixin.py:190} INFO - [2025-02-02T04:31:29.235+0000] {dagbag.py:588} INFO - Filling up the DagBag from /home/airflow/.local/lib/python3.12/site-packages/airflow/example_dags/example_inlet_event_extra.py
[2025-02-02T04:31:29.495+0000] {processor.py:925} INFO - DAG(s) 'read_dataset_event_from_classic', 'read_dataset_event' retrieved from /home/airflow/.local/lib/python3.12/site-packages/airflow/example_dags/example_inlet_event_extra.py
[2025-02-02T04:31:29.522+0000] {logging_mixin.py:190} INFO - [2025-02-02T04:31:29.522+0000] {dag.py:3239} INFO - Sync 2 DAGs
[2025-02-02T04:31:29.558+0000] {logging_mixin.py:190} INFO - [2025-02-02T04:31:29.558+0000] {dag.py:4180} INFO - Setting next_dagrun for read_dataset_event to 2025-02-01 00:00:00+00:00, run_after=2025-02-02 00:00:00+00:00
[2025-02-02T04:31:29.565+0000] {logging_mixin.py:190} INFO - [2025-02-02T04:31:29.564+0000] {dag.py:4180} INFO - Setting next_dagrun for read_dataset_event_from_classic to 2025-02-01 00:00:00+00:00, run_after=2025-02-02 00:00:00+00:00
[2025-02-02T04:31:29.593+0000] {processor.py:208} INFO - Processing /home/airflow/.local/lib/python3.12/site-packages/airflow/example_dags/example_inlet_event_extra.py took 0.367 seconds
[2025-02-02T04:33:54.750+0000] {processor.py:186} INFO - Started process (PID=3196) to work on /home/airflow/.local/lib/python3.12/site-packages/airflow/example_dags/example_inlet_event_extra.py
[2025-02-02T04:33:54.751+0000] {processor.py:914} INFO - Processing file /home/airflow/.local/lib/python3.12/site-packages/airflow/example_dags/example_inlet_event_extra.py for tasks to queue
[2025-02-02T04:33:54.754+0000] {logging_mixin.py:190} INFO - [2025-02-02T04:33:54.753+0000] {dagbag.py:588} INFO - Filling up the DagBag from /home/airflow/.local/lib/python3.12/site-packages/airflow/example_dags/example_inlet_event_extra.py
[2025-02-02T04:33:55.073+0000] {processor.py:925} INFO - DAG(s) 'read_dataset_event', 'read_dataset_event_from_classic' retrieved from /home/airflow/.local/lib/python3.12/site-packages/airflow/example_dags/example_inlet_event_extra.py
[2025-02-02T04:33:55.214+0000] {logging_mixin.py:190} INFO - [2025-02-02T04:33:55.208+0000] {dag.py:3239} INFO - Sync 2 DAGs
[2025-02-02T04:33:55.260+0000] {logging_mixin.py:190} INFO - [2025-02-02T04:33:55.259+0000] {dag.py:4180} INFO - Setting next_dagrun for read_dataset_event to 2025-02-01 00:00:00+00:00, run_after=2025-02-02 00:00:00+00:00
[2025-02-02T04:33:55.271+0000] {logging_mixin.py:190} INFO - [2025-02-02T04:33:55.271+0000] {dag.py:4180} INFO - Setting next_dagrun for read_dataset_event_from_classic to 2025-02-01 00:00:00+00:00, run_after=2025-02-02 00:00:00+00:00
[2025-02-02T04:33:55.315+0000] {processor.py:208} INFO - Processing /home/airflow/.local/lib/python3.12/site-packages/airflow/example_dags/example_inlet_event_extra.py took 0.573 seconds
[2025-02-02T04:34:28.026+0000] {processor.py:186} INFO - Started process (PID=3491) to work on /home/airflow/.local/lib/python3.12/site-packages/airflow/example_dags/example_inlet_event_extra.py
[2025-02-02T04:34:28.028+0000] {processor.py:914} INFO - Processing file /home/airflow/.local/lib/python3.12/site-packages/airflow/example_dags/example_inlet_event_extra.py for tasks to queue
[2025-02-02T04:34:28.032+0000] {logging_mixin.py:190} INFO - [2025-02-02T04:34:28.031+0000] {dagbag.py:588} INFO - Filling up the DagBag from /home/airflow/.local/lib/python3.12/site-packages/airflow/example_dags/example_inlet_event_extra.py
[2025-02-02T04:34:28.358+0000] {processor.py:925} INFO - DAG(s) 'read_dataset_event', 'read_dataset_event_from_classic' retrieved from /home/airflow/.local/lib/python3.12/site-packages/airflow/example_dags/example_inlet_event_extra.py
[2025-02-02T04:34:28.393+0000] {logging_mixin.py:190} INFO - [2025-02-02T04:34:28.393+0000] {dag.py:3239} INFO - Sync 2 DAGs
[2025-02-02T04:34:28.435+0000] {logging_mixin.py:190} INFO - [2025-02-02T04:34:28.435+0000] {dag.py:4180} INFO - Setting next_dagrun for read_dataset_event to 2025-02-01 00:00:00+00:00, run_after=2025-02-02 00:00:00+00:00
[2025-02-02T04:34:28.442+0000] {logging_mixin.py:190} INFO - [2025-02-02T04:34:28.442+0000] {dag.py:4180} INFO - Setting next_dagrun for read_dataset_event_from_classic to 2025-02-01 00:00:00+00:00, run_after=2025-02-02 00:00:00+00:00
[2025-02-02T04:34:28.467+0000] {processor.py:208} INFO - Processing /home/airflow/.local/lib/python3.12/site-packages/airflow/example_dags/example_inlet_event_extra.py took 0.452 seconds
[2025-02-02T04:38:16.624+0000] {processor.py:186} INFO - Started process (PID=3793) to work on /home/airflow/.local/lib/python3.12/site-packages/airflow/example_dags/example_inlet_event_extra.py
[2025-02-02T04:38:16.630+0000] {processor.py:914} INFO - Processing file /home/airflow/.local/lib/python3.12/site-packages/airflow/example_dags/example_inlet_event_extra.py for tasks to queue
[2025-02-02T04:38:16.638+0000] {logging_mixin.py:190} INFO - [2025-02-02T04:38:16.638+0000] {dagbag.py:588} INFO - Filling up the DagBag from /home/airflow/.local/lib/python3.12/site-packages/airflow/example_dags/example_inlet_event_extra.py
[2025-02-02T04:38:18.406+0000] {processor.py:925} INFO - DAG(s) 'read_dataset_event_from_classic', 'read_dataset_event' retrieved from /home/airflow/.local/lib/python3.12/site-packages/airflow/example_dags/example_inlet_event_extra.py
[2025-02-02T04:38:18.540+0000] {logging_mixin.py:190} INFO - [2025-02-02T04:38:18.539+0000] {dag.py:3239} INFO - Sync 2 DAGs
[2025-02-02T04:38:18.719+0000] {logging_mixin.py:190} INFO - [2025-02-02T04:38:18.718+0000] {dag.py:4180} INFO - Setting next_dagrun for read_dataset_event to 2025-02-01 00:00:00+00:00, run_after=2025-02-02 00:00:00+00:00
[2025-02-02T04:38:18.730+0000] {logging_mixin.py:190} INFO - [2025-02-02T04:38:18.729+0000] {dag.py:4180} INFO - Setting next_dagrun for read_dataset_event_from_classic to 2025-02-01 00:00:00+00:00, run_after=2025-02-02 00:00:00+00:00
[2025-02-02T04:38:18.782+0000] {processor.py:208} INFO - Processing /home/airflow/.local/lib/python3.12/site-packages/airflow/example_dags/example_inlet_event_extra.py took 2.188 seconds
[2025-02-02T04:41:00.800+0000] {processor.py:186} INFO - Started process (PID=4018) to work on /home/airflow/.local/lib/python3.12/site-packages/airflow/example_dags/example_inlet_event_extra.py
[2025-02-02T04:41:00.802+0000] {processor.py:914} INFO - Processing file /home/airflow/.local/lib/python3.12/site-packages/airflow/example_dags/example_inlet_event_extra.py for tasks to queue
[2025-02-02T04:41:00.804+0000] {logging_mixin.py:190} INFO - [2025-02-02T04:41:00.804+0000] {dagbag.py:588} INFO - Filling up the DagBag from /home/airflow/.local/lib/python3.12/site-packages/airflow/example_dags/example_inlet_event_extra.py
[2025-02-02T04:41:01.389+0000] {processor.py:925} INFO - DAG(s) 'read_dataset_event', 'read_dataset_event_from_classic' retrieved from /home/airflow/.local/lib/python3.12/site-packages/airflow/example_dags/example_inlet_event_extra.py
[2025-02-02T04:41:01.436+0000] {logging_mixin.py:190} INFO - [2025-02-02T04:41:01.435+0000] {dag.py:3239} INFO - Sync 2 DAGs
[2025-02-02T04:41:01.495+0000] {logging_mixin.py:190} INFO - [2025-02-02T04:41:01.495+0000] {dag.py:4180} INFO - Setting next_dagrun for read_dataset_event to 2025-02-01 00:00:00+00:00, run_after=2025-02-02 00:00:00+00:00
[2025-02-02T04:41:01.505+0000] {logging_mixin.py:190} INFO - [2025-02-02T04:41:01.505+0000] {dag.py:4180} INFO - Setting next_dagrun for read_dataset_event_from_classic to 2025-02-01 00:00:00+00:00, run_after=2025-02-02 00:00:00+00:00
[2025-02-02T04:41:01.538+0000] {processor.py:208} INFO - Processing /home/airflow/.local/lib/python3.12/site-packages/airflow/example_dags/example_inlet_event_extra.py took 0.750 seconds
[2025-02-02T06:17:51.395+0000] {processor.py:186} INFO - Started process (PID=288) to work on /home/airflow/.local/lib/python3.12/site-packages/airflow/example_dags/example_inlet_event_extra.py
[2025-02-02T06:17:51.398+0000] {processor.py:914} INFO - Processing file /home/airflow/.local/lib/python3.12/site-packages/airflow/example_dags/example_inlet_event_extra.py for tasks to queue
[2025-02-02T06:17:51.402+0000] {logging_mixin.py:190} INFO - [2025-02-02T06:17:51.401+0000] {dagbag.py:588} INFO - Filling up the DagBag from /home/airflow/.local/lib/python3.12/site-packages/airflow/example_dags/example_inlet_event_extra.py
[2025-02-02T06:17:52.328+0000] {processor.py:925} INFO - DAG(s) 'read_dataset_event', 'read_dataset_event_from_classic' retrieved from /home/airflow/.local/lib/python3.12/site-packages/airflow/example_dags/example_inlet_event_extra.py
[2025-02-02T06:17:52.374+0000] {logging_mixin.py:190} INFO - [2025-02-02T06:17:52.374+0000] {dag.py:3239} INFO - Sync 2 DAGs
[2025-02-02T06:17:52.428+0000] {logging_mixin.py:190} INFO - [2025-02-02T06:17:52.428+0000] {dag.py:4180} INFO - Setting next_dagrun for read_dataset_event to 2025-02-01 00:00:00+00:00, run_after=2025-02-02 00:00:00+00:00
[2025-02-02T06:17:52.438+0000] {logging_mixin.py:190} INFO - [2025-02-02T06:17:52.437+0000] {dag.py:4180} INFO - Setting next_dagrun for read_dataset_event_from_classic to 2025-02-01 00:00:00+00:00, run_after=2025-02-02 00:00:00+00:00
[2025-02-02T06:17:52.470+0000] {processor.py:208} INFO - Processing /home/airflow/.local/lib/python3.12/site-packages/airflow/example_dags/example_inlet_event_extra.py took 1.086 seconds
[2025-02-02T06:18:23.079+0000] {processor.py:186} INFO - Started process (PID=596) to work on /home/airflow/.local/lib/python3.12/site-packages/airflow/example_dags/example_inlet_event_extra.py
[2025-02-02T06:18:23.080+0000] {processor.py:914} INFO - Processing file /home/airflow/.local/lib/python3.12/site-packages/airflow/example_dags/example_inlet_event_extra.py for tasks to queue
[2025-02-02T06:18:23.081+0000] {logging_mixin.py:190} INFO - [2025-02-02T06:18:23.081+0000] {dagbag.py:588} INFO - Filling up the DagBag from /home/airflow/.local/lib/python3.12/site-packages/airflow/example_dags/example_inlet_event_extra.py
[2025-02-02T06:18:23.188+0000] {processor.py:925} INFO - DAG(s) 'read_dataset_event', 'read_dataset_event_from_classic' retrieved from /home/airflow/.local/lib/python3.12/site-packages/airflow/example_dags/example_inlet_event_extra.py
[2025-02-02T06:18:23.210+0000] {logging_mixin.py:190} INFO - [2025-02-02T06:18:23.210+0000] {dag.py:3239} INFO - Sync 2 DAGs
[2025-02-02T06:18:23.244+0000] {logging_mixin.py:190} INFO - [2025-02-02T06:18:23.244+0000] {dag.py:4180} INFO - Setting next_dagrun for read_dataset_event to 2025-02-01 00:00:00+00:00, run_after=2025-02-02 00:00:00+00:00
[2025-02-02T06:18:23.249+0000] {logging_mixin.py:190} INFO - [2025-02-02T06:18:23.249+0000] {dag.py:4180} INFO - Setting next_dagrun for read_dataset_event_from_classic to 2025-02-01 00:00:00+00:00, run_after=2025-02-02 00:00:00+00:00
[2025-02-02T06:18:23.289+0000] {processor.py:208} INFO - Processing /home/airflow/.local/lib/python3.12/site-packages/airflow/example_dags/example_inlet_event_extra.py took 0.216 seconds
[2025-02-02T06:18:53.523+0000] {processor.py:186} INFO - Started process (PID=902) to work on /home/airflow/.local/lib/python3.12/site-packages/airflow/example_dags/example_inlet_event_extra.py
[2025-02-02T06:18:53.526+0000] {processor.py:914} INFO - Processing file /home/airflow/.local/lib/python3.12/site-packages/airflow/example_dags/example_inlet_event_extra.py for tasks to queue
[2025-02-02T06:18:53.528+0000] {logging_mixin.py:190} INFO - [2025-02-02T06:18:53.528+0000] {dagbag.py:588} INFO - Filling up the DagBag from /home/airflow/.local/lib/python3.12/site-packages/airflow/example_dags/example_inlet_event_extra.py
[2025-02-02T06:18:53.631+0000] {processor.py:925} INFO - DAG(s) 'read_dataset_event_from_classic', 'read_dataset_event' retrieved from /home/airflow/.local/lib/python3.12/site-packages/airflow/example_dags/example_inlet_event_extra.py
[2025-02-02T06:18:53.654+0000] {logging_mixin.py:190} INFO - [2025-02-02T06:18:53.653+0000] {dag.py:3239} INFO - Sync 2 DAGs
[2025-02-02T06:18:53.675+0000] {logging_mixin.py:190} INFO - [2025-02-02T06:18:53.675+0000] {dag.py:4180} INFO - Setting next_dagrun for read_dataset_event to 2025-02-01 00:00:00+00:00, run_after=2025-02-02 00:00:00+00:00
[2025-02-02T06:18:53.680+0000] {logging_mixin.py:190} INFO - [2025-02-02T06:18:53.680+0000] {dag.py:4180} INFO - Setting next_dagrun for read_dataset_event_from_classic to 2025-02-01 00:00:00+00:00, run_after=2025-02-02 00:00:00+00:00
[2025-02-02T06:18:53.699+0000] {processor.py:208} INFO - Processing /home/airflow/.local/lib/python3.12/site-packages/airflow/example_dags/example_inlet_event_extra.py took 0.181 seconds
[2025-02-02T06:19:24.134+0000] {processor.py:186} INFO - Started process (PID=1208) to work on /home/airflow/.local/lib/python3.12/site-packages/airflow/example_dags/example_inlet_event_extra.py
[2025-02-02T06:19:24.135+0000] {processor.py:914} INFO - Processing file /home/airflow/.local/lib/python3.12/site-packages/airflow/example_dags/example_inlet_event_extra.py for tasks to queue
[2025-02-02T06:19:24.137+0000] {logging_mixin.py:190} INFO - [2025-02-02T06:19:24.137+0000] {dagbag.py:588} INFO - Filling up the DagBag from /home/airflow/.local/lib/python3.12/site-packages/airflow/example_dags/example_inlet_event_extra.py
[2025-02-02T06:19:24.279+0000] {processor.py:925} INFO - DAG(s) 'read_dataset_event_from_classic', 'read_dataset_event' retrieved from /home/airflow/.local/lib/python3.12/site-packages/airflow/example_dags/example_inlet_event_extra.py
[2025-02-02T06:19:24.300+0000] {logging_mixin.py:190} INFO - [2025-02-02T06:19:24.300+0000] {dag.py:3239} INFO - Sync 2 DAGs
[2025-02-02T06:19:24.321+0000] {logging_mixin.py:190} INFO - [2025-02-02T06:19:24.321+0000] {dag.py:4180} INFO - Setting next_dagrun for read_dataset_event to 2025-02-01 00:00:00+00:00, run_after=2025-02-02 00:00:00+00:00
[2025-02-02T06:19:24.326+0000] {logging_mixin.py:190} INFO - [2025-02-02T06:19:24.326+0000] {dag.py:4180} INFO - Setting next_dagrun for read_dataset_event_from_classic to 2025-02-01 00:00:00+00:00, run_after=2025-02-02 00:00:00+00:00
[2025-02-02T06:19:24.348+0000] {processor.py:208} INFO - Processing /home/airflow/.local/lib/python3.12/site-packages/airflow/example_dags/example_inlet_event_extra.py took 0.221 seconds
[2025-02-02T06:19:54.414+0000] {processor.py:186} INFO - Started process (PID=1514) to work on /home/airflow/.local/lib/python3.12/site-packages/airflow/example_dags/example_inlet_event_extra.py
[2025-02-02T06:19:54.416+0000] {processor.py:914} INFO - Processing file /home/airflow/.local/lib/python3.12/site-packages/airflow/example_dags/example_inlet_event_extra.py for tasks to queue
[2025-02-02T06:19:54.419+0000] {logging_mixin.py:190} INFO - [2025-02-02T06:19:54.419+0000] {dagbag.py:588} INFO - Filling up the DagBag from /home/airflow/.local/lib/python3.12/site-packages/airflow/example_dags/example_inlet_event_extra.py
[2025-02-02T06:19:54.554+0000] {processor.py:925} INFO - DAG(s) 'read_dataset_event_from_classic', 'read_dataset_event' retrieved from /home/airflow/.local/lib/python3.12/site-packages/airflow/example_dags/example_inlet_event_extra.py
[2025-02-02T06:19:54.577+0000] {logging_mixin.py:190} INFO - [2025-02-02T06:19:54.577+0000] {dag.py:3239} INFO - Sync 2 DAGs
[2025-02-02T06:19:54.608+0000] {logging_mixin.py:190} INFO - [2025-02-02T06:19:54.608+0000] {dag.py:4180} INFO - Setting next_dagrun for read_dataset_event to 2025-02-01 00:00:00+00:00, run_after=2025-02-02 00:00:00+00:00
[2025-02-02T06:19:54.616+0000] {logging_mixin.py:190} INFO - [2025-02-02T06:19:54.615+0000] {dag.py:4180} INFO - Setting next_dagrun for read_dataset_event_from_classic to 2025-02-01 00:00:00+00:00, run_after=2025-02-02 00:00:00+00:00
[2025-02-02T06:19:54.638+0000] {processor.py:208} INFO - Processing /home/airflow/.local/lib/python3.12/site-packages/airflow/example_dags/example_inlet_event_extra.py took 0.232 seconds
[2025-02-02T06:20:25.555+0000] {processor.py:186} INFO - Started process (PID=1820) to work on /home/airflow/.local/lib/python3.12/site-packages/airflow/example_dags/example_inlet_event_extra.py
[2025-02-02T06:20:25.556+0000] {processor.py:914} INFO - Processing file /home/airflow/.local/lib/python3.12/site-packages/airflow/example_dags/example_inlet_event_extra.py for tasks to queue
[2025-02-02T06:20:25.559+0000] {logging_mixin.py:190} INFO - [2025-02-02T06:20:25.558+0000] {dagbag.py:588} INFO - Filling up the DagBag from /home/airflow/.local/lib/python3.12/site-packages/airflow/example_dags/example_inlet_event_extra.py
[2025-02-02T06:20:25.680+0000] {processor.py:925} INFO - DAG(s) 'read_dataset_event', 'read_dataset_event_from_classic' retrieved from /home/airflow/.local/lib/python3.12/site-packages/airflow/example_dags/example_inlet_event_extra.py
[2025-02-02T06:20:25.702+0000] {logging_mixin.py:190} INFO - [2025-02-02T06:20:25.702+0000] {dag.py:3239} INFO - Sync 2 DAGs
[2025-02-02T06:20:25.725+0000] {logging_mixin.py:190} INFO - [2025-02-02T06:20:25.724+0000] {dag.py:4180} INFO - Setting next_dagrun for read_dataset_event to 2025-02-01 00:00:00+00:00, run_after=2025-02-02 00:00:00+00:00
[2025-02-02T06:20:25.729+0000] {logging_mixin.py:190} INFO - [2025-02-02T06:20:25.729+0000] {dag.py:4180} INFO - Setting next_dagrun for read_dataset_event_from_classic to 2025-02-01 00:00:00+00:00, run_after=2025-02-02 00:00:00+00:00
[2025-02-02T06:20:25.747+0000] {processor.py:208} INFO - Processing /home/airflow/.local/lib/python3.12/site-packages/airflow/example_dags/example_inlet_event_extra.py took 0.197 seconds
