[2025-02-02T04:26:49.116+0000] {processor.py:186} INFO - Started process (PID=261) to work on /home/airflow/.local/lib/python3.12/site-packages/airflow/example_dags/example_skip_dag.py
[2025-02-02T04:26:49.117+0000] {processor.py:914} INFO - Processing file /home/airflow/.local/lib/python3.12/site-packages/airflow/example_dags/example_skip_dag.py for tasks to queue
[2025-02-02T04:26:49.121+0000] {logging_mixin.py:190} INFO - [2025-02-02T04:26:49.121+0000] {dagbag.py:588} INFO - Filling up the DagBag from /home/airflow/.local/lib/python3.12/site-packages/airflow/example_dags/example_skip_dag.py
[2025-02-02T04:26:49.134+0000] {processor.py:925} INFO - DAG(s) 'example_skip_dag' retrieved from /home/airflow/.local/lib/python3.12/site-packages/airflow/example_dags/example_skip_dag.py
[2025-02-02T04:26:49.171+0000] {logging_mixin.py:190} INFO - [2025-02-02T04:26:49.170+0000] {dag.py:3239} INFO - Sync 1 DAGs
[2025-02-02T04:26:49.214+0000] {logging_mixin.py:190} INFO - [2025-02-02T04:26:49.213+0000] {dag.py:4180} INFO - Setting next_dagrun for example_skip_dag to 2025-02-01 00:00:00+00:00, run_after=2025-02-02 00:00:00+00:00
[2025-02-02T04:26:49.250+0000] {processor.py:208} INFO - Processing /home/airflow/.local/lib/python3.12/site-packages/airflow/example_dags/example_skip_dag.py took 0.144 seconds
[2025-02-02T04:27:20.029+0000] {processor.py:186} INFO - Started process (PID=548) to work on /home/airflow/.local/lib/python3.12/site-packages/airflow/example_dags/example_skip_dag.py
[2025-02-02T04:27:20.030+0000] {processor.py:914} INFO - Processing file /home/airflow/.local/lib/python3.12/site-packages/airflow/example_dags/example_skip_dag.py for tasks to queue
[2025-02-02T04:27:20.034+0000] {logging_mixin.py:190} INFO - [2025-02-02T04:27:20.034+0000] {dagbag.py:588} INFO - Filling up the DagBag from /home/airflow/.local/lib/python3.12/site-packages/airflow/example_dags/example_skip_dag.py
[2025-02-02T04:27:20.046+0000] {processor.py:925} INFO - DAG(s) 'example_skip_dag' retrieved from /home/airflow/.local/lib/python3.12/site-packages/airflow/example_dags/example_skip_dag.py
[2025-02-02T04:27:20.072+0000] {logging_mixin.py:190} INFO - [2025-02-02T04:27:20.072+0000] {dag.py:3239} INFO - Sync 1 DAGs
[2025-02-02T04:27:20.095+0000] {logging_mixin.py:190} INFO - [2025-02-02T04:27:20.095+0000] {dag.py:4180} INFO - Setting next_dagrun for example_skip_dag to 2025-02-01 00:00:00+00:00, run_after=2025-02-02 00:00:00+00:00
[2025-02-02T04:27:20.114+0000] {processor.py:208} INFO - Processing /home/airflow/.local/lib/python3.12/site-packages/airflow/example_dags/example_skip_dag.py took 0.093 seconds
[2025-02-02T04:27:50.401+0000] {processor.py:186} INFO - Started process (PID=834) to work on /home/airflow/.local/lib/python3.12/site-packages/airflow/example_dags/example_skip_dag.py
[2025-02-02T04:27:50.403+0000] {processor.py:914} INFO - Processing file /home/airflow/.local/lib/python3.12/site-packages/airflow/example_dags/example_skip_dag.py for tasks to queue
[2025-02-02T04:27:50.406+0000] {logging_mixin.py:190} INFO - [2025-02-02T04:27:50.405+0000] {dagbag.py:588} INFO - Filling up the DagBag from /home/airflow/.local/lib/python3.12/site-packages/airflow/example_dags/example_skip_dag.py
[2025-02-02T04:27:50.414+0000] {processor.py:925} INFO - DAG(s) 'example_skip_dag' retrieved from /home/airflow/.local/lib/python3.12/site-packages/airflow/example_dags/example_skip_dag.py
[2025-02-02T04:27:50.436+0000] {logging_mixin.py:190} INFO - [2025-02-02T04:27:50.436+0000] {dag.py:3239} INFO - Sync 1 DAGs
[2025-02-02T04:27:50.464+0000] {logging_mixin.py:190} INFO - [2025-02-02T04:27:50.464+0000] {dag.py:4180} INFO - Setting next_dagrun for example_skip_dag to 2025-02-01 00:00:00+00:00, run_after=2025-02-02 00:00:00+00:00
[2025-02-02T04:27:50.487+0000] {processor.py:208} INFO - Processing /home/airflow/.local/lib/python3.12/site-packages/airflow/example_dags/example_skip_dag.py took 0.093 seconds
[2025-02-02T04:28:20.858+0000] {processor.py:186} INFO - Started process (PID=1118) to work on /home/airflow/.local/lib/python3.12/site-packages/airflow/example_dags/example_skip_dag.py
[2025-02-02T04:28:20.860+0000] {processor.py:914} INFO - Processing file /home/airflow/.local/lib/python3.12/site-packages/airflow/example_dags/example_skip_dag.py for tasks to queue
[2025-02-02T04:28:20.863+0000] {logging_mixin.py:190} INFO - [2025-02-02T04:28:20.863+0000] {dagbag.py:588} INFO - Filling up the DagBag from /home/airflow/.local/lib/python3.12/site-packages/airflow/example_dags/example_skip_dag.py
[2025-02-02T04:28:20.878+0000] {processor.py:925} INFO - DAG(s) 'example_skip_dag' retrieved from /home/airflow/.local/lib/python3.12/site-packages/airflow/example_dags/example_skip_dag.py
[2025-02-02T04:28:20.904+0000] {logging_mixin.py:190} INFO - [2025-02-02T04:28:20.904+0000] {dag.py:3239} INFO - Sync 1 DAGs
[2025-02-02T04:28:20.935+0000] {logging_mixin.py:190} INFO - [2025-02-02T04:28:20.934+0000] {dag.py:4180} INFO - Setting next_dagrun for example_skip_dag to 2025-02-01 00:00:00+00:00, run_after=2025-02-02 00:00:00+00:00
[2025-02-02T04:28:20.959+0000] {processor.py:208} INFO - Processing /home/airflow/.local/lib/python3.12/site-packages/airflow/example_dags/example_skip_dag.py took 0.112 seconds
[2025-02-02T04:28:51.339+0000] {processor.py:186} INFO - Started process (PID=1404) to work on /home/airflow/.local/lib/python3.12/site-packages/airflow/example_dags/example_skip_dag.py
[2025-02-02T04:28:51.341+0000] {processor.py:914} INFO - Processing file /home/airflow/.local/lib/python3.12/site-packages/airflow/example_dags/example_skip_dag.py for tasks to queue
[2025-02-02T04:28:51.343+0000] {logging_mixin.py:190} INFO - [2025-02-02T04:28:51.343+0000] {dagbag.py:588} INFO - Filling up the DagBag from /home/airflow/.local/lib/python3.12/site-packages/airflow/example_dags/example_skip_dag.py
[2025-02-02T04:28:51.353+0000] {processor.py:925} INFO - DAG(s) 'example_skip_dag' retrieved from /home/airflow/.local/lib/python3.12/site-packages/airflow/example_dags/example_skip_dag.py
[2025-02-02T04:28:51.383+0000] {logging_mixin.py:190} INFO - [2025-02-02T04:28:51.382+0000] {dag.py:3239} INFO - Sync 1 DAGs
[2025-02-02T04:28:51.479+0000] {logging_mixin.py:190} INFO - [2025-02-02T04:28:51.479+0000] {dag.py:4180} INFO - Setting next_dagrun for example_skip_dag to 2025-02-01 00:00:00+00:00, run_after=2025-02-02 00:00:00+00:00
[2025-02-02T04:28:51.570+0000] {processor.py:208} INFO - Processing /home/airflow/.local/lib/python3.12/site-packages/airflow/example_dags/example_skip_dag.py took 0.239 seconds
[2025-02-02T04:29:22.223+0000] {processor.py:186} INFO - Started process (PID=1692) to work on /home/airflow/.local/lib/python3.12/site-packages/airflow/example_dags/example_skip_dag.py
[2025-02-02T04:29:22.224+0000] {processor.py:914} INFO - Processing file /home/airflow/.local/lib/python3.12/site-packages/airflow/example_dags/example_skip_dag.py for tasks to queue
[2025-02-02T04:29:22.226+0000] {logging_mixin.py:190} INFO - [2025-02-02T04:29:22.226+0000] {dagbag.py:588} INFO - Filling up the DagBag from /home/airflow/.local/lib/python3.12/site-packages/airflow/example_dags/example_skip_dag.py
[2025-02-02T04:29:22.235+0000] {processor.py:925} INFO - DAG(s) 'example_skip_dag' retrieved from /home/airflow/.local/lib/python3.12/site-packages/airflow/example_dags/example_skip_dag.py
[2025-02-02T04:29:22.261+0000] {logging_mixin.py:190} INFO - [2025-02-02T04:29:22.261+0000] {dag.py:3239} INFO - Sync 1 DAGs
[2025-02-02T04:29:22.307+0000] {logging_mixin.py:190} INFO - [2025-02-02T04:29:22.306+0000] {dag.py:4180} INFO - Setting next_dagrun for example_skip_dag to 2025-02-01 00:00:00+00:00, run_after=2025-02-02 00:00:00+00:00
[2025-02-02T04:29:22.340+0000] {processor.py:208} INFO - Processing /home/airflow/.local/lib/python3.12/site-packages/airflow/example_dags/example_skip_dag.py took 0.124 seconds
[2025-02-02T04:29:52.691+0000] {processor.py:186} INFO - Started process (PID=1976) to work on /home/airflow/.local/lib/python3.12/site-packages/airflow/example_dags/example_skip_dag.py
[2025-02-02T04:29:52.693+0000] {processor.py:914} INFO - Processing file /home/airflow/.local/lib/python3.12/site-packages/airflow/example_dags/example_skip_dag.py for tasks to queue
[2025-02-02T04:29:52.695+0000] {logging_mixin.py:190} INFO - [2025-02-02T04:29:52.694+0000] {dagbag.py:588} INFO - Filling up the DagBag from /home/airflow/.local/lib/python3.12/site-packages/airflow/example_dags/example_skip_dag.py
[2025-02-02T04:29:52.702+0000] {processor.py:925} INFO - DAG(s) 'example_skip_dag' retrieved from /home/airflow/.local/lib/python3.12/site-packages/airflow/example_dags/example_skip_dag.py
[2025-02-02T04:29:52.725+0000] {logging_mixin.py:190} INFO - [2025-02-02T04:29:52.725+0000] {dag.py:3239} INFO - Sync 1 DAGs
[2025-02-02T04:29:52.750+0000] {logging_mixin.py:190} INFO - [2025-02-02T04:29:52.750+0000] {dag.py:4180} INFO - Setting next_dagrun for example_skip_dag to 2025-02-01 00:00:00+00:00, run_after=2025-02-02 00:00:00+00:00
[2025-02-02T04:29:52.773+0000] {processor.py:208} INFO - Processing /home/airflow/.local/lib/python3.12/site-packages/airflow/example_dags/example_skip_dag.py took 0.089 seconds
[2025-02-02T04:30:23.309+0000] {processor.py:186} INFO - Started process (PID=2264) to work on /home/airflow/.local/lib/python3.12/site-packages/airflow/example_dags/example_skip_dag.py
[2025-02-02T04:30:23.311+0000] {processor.py:914} INFO - Processing file /home/airflow/.local/lib/python3.12/site-packages/airflow/example_dags/example_skip_dag.py for tasks to queue
[2025-02-02T04:30:23.313+0000] {logging_mixin.py:190} INFO - [2025-02-02T04:30:23.312+0000] {dagbag.py:588} INFO - Filling up the DagBag from /home/airflow/.local/lib/python3.12/site-packages/airflow/example_dags/example_skip_dag.py
[2025-02-02T04:30:23.321+0000] {processor.py:925} INFO - DAG(s) 'example_skip_dag' retrieved from /home/airflow/.local/lib/python3.12/site-packages/airflow/example_dags/example_skip_dag.py
[2025-02-02T04:30:23.352+0000] {logging_mixin.py:190} INFO - [2025-02-02T04:30:23.351+0000] {dag.py:3239} INFO - Sync 1 DAGs
[2025-02-02T04:30:23.390+0000] {logging_mixin.py:190} INFO - [2025-02-02T04:30:23.390+0000] {dag.py:4180} INFO - Setting next_dagrun for example_skip_dag to 2025-02-01 00:00:00+00:00, run_after=2025-02-02 00:00:00+00:00
[2025-02-02T04:30:23.419+0000] {processor.py:208} INFO - Processing /home/airflow/.local/lib/python3.12/site-packages/airflow/example_dags/example_skip_dag.py took 0.117 seconds
[2025-02-02T04:30:53.806+0000] {processor.py:186} INFO - Started process (PID=2550) to work on /home/airflow/.local/lib/python3.12/site-packages/airflow/example_dags/example_skip_dag.py
[2025-02-02T04:30:53.807+0000] {processor.py:914} INFO - Processing file /home/airflow/.local/lib/python3.12/site-packages/airflow/example_dags/example_skip_dag.py for tasks to queue
[2025-02-02T04:30:53.811+0000] {logging_mixin.py:190} INFO - [2025-02-02T04:30:53.810+0000] {dagbag.py:588} INFO - Filling up the DagBag from /home/airflow/.local/lib/python3.12/site-packages/airflow/example_dags/example_skip_dag.py
[2025-02-02T04:30:53.821+0000] {processor.py:925} INFO - DAG(s) 'example_skip_dag' retrieved from /home/airflow/.local/lib/python3.12/site-packages/airflow/example_dags/example_skip_dag.py
[2025-02-02T04:30:53.847+0000] {logging_mixin.py:190} INFO - [2025-02-02T04:30:53.847+0000] {dag.py:3239} INFO - Sync 1 DAGs
[2025-02-02T04:30:53.873+0000] {logging_mixin.py:190} INFO - [2025-02-02T04:30:53.873+0000] {dag.py:4180} INFO - Setting next_dagrun for example_skip_dag to 2025-02-01 00:00:00+00:00, run_after=2025-02-02 00:00:00+00:00
[2025-02-02T04:30:53.898+0000] {processor.py:208} INFO - Processing /home/airflow/.local/lib/python3.12/site-packages/airflow/example_dags/example_skip_dag.py took 0.100 seconds
[2025-02-02T04:31:24.783+0000] {processor.py:186} INFO - Started process (PID=2835) to work on /home/airflow/.local/lib/python3.12/site-packages/airflow/example_dags/example_skip_dag.py
[2025-02-02T04:31:24.785+0000] {processor.py:914} INFO - Processing file /home/airflow/.local/lib/python3.12/site-packages/airflow/example_dags/example_skip_dag.py for tasks to queue
[2025-02-02T04:31:24.787+0000] {logging_mixin.py:190} INFO - [2025-02-02T04:31:24.787+0000] {dagbag.py:588} INFO - Filling up the DagBag from /home/airflow/.local/lib/python3.12/site-packages/airflow/example_dags/example_skip_dag.py
[2025-02-02T04:31:24.795+0000] {processor.py:925} INFO - DAG(s) 'example_skip_dag' retrieved from /home/airflow/.local/lib/python3.12/site-packages/airflow/example_dags/example_skip_dag.py
[2025-02-02T04:31:24.819+0000] {logging_mixin.py:190} INFO - [2025-02-02T04:31:24.819+0000] {dag.py:3239} INFO - Sync 1 DAGs
[2025-02-02T04:31:24.842+0000] {logging_mixin.py:190} INFO - [2025-02-02T04:31:24.842+0000] {dag.py:4180} INFO - Setting next_dagrun for example_skip_dag to 2025-02-01 00:00:00+00:00, run_after=2025-02-02 00:00:00+00:00
[2025-02-02T04:31:24.867+0000] {processor.py:208} INFO - Processing /home/airflow/.local/lib/python3.12/site-packages/airflow/example_dags/example_skip_dag.py took 0.090 seconds
[2025-02-02T04:33:54.241+0000] {processor.py:186} INFO - Started process (PID=3163) to work on /home/airflow/.local/lib/python3.12/site-packages/airflow/example_dags/example_skip_dag.py
[2025-02-02T04:33:54.242+0000] {processor.py:914} INFO - Processing file /home/airflow/.local/lib/python3.12/site-packages/airflow/example_dags/example_skip_dag.py for tasks to queue
[2025-02-02T04:33:54.245+0000] {logging_mixin.py:190} INFO - [2025-02-02T04:33:54.245+0000] {dagbag.py:588} INFO - Filling up the DagBag from /home/airflow/.local/lib/python3.12/site-packages/airflow/example_dags/example_skip_dag.py
[2025-02-02T04:33:54.255+0000] {processor.py:925} INFO - DAG(s) 'example_skip_dag' retrieved from /home/airflow/.local/lib/python3.12/site-packages/airflow/example_dags/example_skip_dag.py
[2025-02-02T04:33:54.288+0000] {logging_mixin.py:190} INFO - [2025-02-02T04:33:54.287+0000] {dag.py:3239} INFO - Sync 1 DAGs
[2025-02-02T04:33:54.324+0000] {logging_mixin.py:190} INFO - [2025-02-02T04:33:54.324+0000] {dag.py:4180} INFO - Setting next_dagrun for example_skip_dag to 2025-02-01 00:00:00+00:00, run_after=2025-02-02 00:00:00+00:00
[2025-02-02T04:33:54.350+0000] {processor.py:208} INFO - Processing /home/airflow/.local/lib/python3.12/site-packages/airflow/example_dags/example_skip_dag.py took 0.118 seconds
[2025-02-02T04:34:27.330+0000] {processor.py:186} INFO - Started process (PID=3456) to work on /home/airflow/.local/lib/python3.12/site-packages/airflow/example_dags/example_skip_dag.py
[2025-02-02T04:34:27.332+0000] {processor.py:914} INFO - Processing file /home/airflow/.local/lib/python3.12/site-packages/airflow/example_dags/example_skip_dag.py for tasks to queue
[2025-02-02T04:34:27.335+0000] {logging_mixin.py:190} INFO - [2025-02-02T04:34:27.335+0000] {dagbag.py:588} INFO - Filling up the DagBag from /home/airflow/.local/lib/python3.12/site-packages/airflow/example_dags/example_skip_dag.py
[2025-02-02T04:34:27.349+0000] {processor.py:925} INFO - DAG(s) 'example_skip_dag' retrieved from /home/airflow/.local/lib/python3.12/site-packages/airflow/example_dags/example_skip_dag.py
[2025-02-02T04:34:27.379+0000] {logging_mixin.py:190} INFO - [2025-02-02T04:34:27.379+0000] {dag.py:3239} INFO - Sync 1 DAGs
[2025-02-02T04:34:27.412+0000] {logging_mixin.py:190} INFO - [2025-02-02T04:34:27.412+0000] {dag.py:4180} INFO - Setting next_dagrun for example_skip_dag to 2025-02-01 00:00:00+00:00, run_after=2025-02-02 00:00:00+00:00
[2025-02-02T04:34:27.446+0000] {processor.py:208} INFO - Processing /home/airflow/.local/lib/python3.12/site-packages/airflow/example_dags/example_skip_dag.py took 0.124 seconds
[2025-02-02T04:38:14.341+0000] {processor.py:186} INFO - Started process (PID=3758) to work on /home/airflow/.local/lib/python3.12/site-packages/airflow/example_dags/example_skip_dag.py
[2025-02-02T04:38:14.345+0000] {processor.py:914} INFO - Processing file /home/airflow/.local/lib/python3.12/site-packages/airflow/example_dags/example_skip_dag.py for tasks to queue
[2025-02-02T04:38:14.367+0000] {logging_mixin.py:190} INFO - [2025-02-02T04:38:14.365+0000] {dagbag.py:588} INFO - Filling up the DagBag from /home/airflow/.local/lib/python3.12/site-packages/airflow/example_dags/example_skip_dag.py
[2025-02-02T04:38:14.393+0000] {processor.py:925} INFO - DAG(s) 'example_skip_dag' retrieved from /home/airflow/.local/lib/python3.12/site-packages/airflow/example_dags/example_skip_dag.py
[2025-02-02T04:38:14.533+0000] {logging_mixin.py:190} INFO - [2025-02-02T04:38:14.533+0000] {dag.py:3239} INFO - Sync 1 DAGs
[2025-02-02T04:38:14.620+0000] {logging_mixin.py:190} INFO - [2025-02-02T04:38:14.619+0000] {dag.py:4180} INFO - Setting next_dagrun for example_skip_dag to 2025-02-01 00:00:00+00:00, run_after=2025-02-02 00:00:00+00:00
[2025-02-02T04:38:14.672+0000] {processor.py:208} INFO - Processing /home/airflow/.local/lib/python3.12/site-packages/airflow/example_dags/example_skip_dag.py took 0.348 seconds
[2025-02-02T04:41:00.027+0000] {processor.py:186} INFO - Started process (PID=3983) to work on /home/airflow/.local/lib/python3.12/site-packages/airflow/example_dags/example_skip_dag.py
[2025-02-02T04:41:00.031+0000] {processor.py:914} INFO - Processing file /home/airflow/.local/lib/python3.12/site-packages/airflow/example_dags/example_skip_dag.py for tasks to queue
[2025-02-02T04:41:00.035+0000] {logging_mixin.py:190} INFO - [2025-02-02T04:41:00.034+0000] {dagbag.py:588} INFO - Filling up the DagBag from /home/airflow/.local/lib/python3.12/site-packages/airflow/example_dags/example_skip_dag.py
[2025-02-02T04:41:00.065+0000] {processor.py:925} INFO - DAG(s) 'example_skip_dag' retrieved from /home/airflow/.local/lib/python3.12/site-packages/airflow/example_dags/example_skip_dag.py
[2025-02-02T04:41:00.129+0000] {logging_mixin.py:190} INFO - [2025-02-02T04:41:00.128+0000] {dag.py:3239} INFO - Sync 1 DAGs
[2025-02-02T04:41:00.195+0000] {logging_mixin.py:190} INFO - [2025-02-02T04:41:00.194+0000] {dag.py:4180} INFO - Setting next_dagrun for example_skip_dag to 2025-02-01 00:00:00+00:00, run_after=2025-02-02 00:00:00+00:00
[2025-02-02T04:41:00.233+0000] {processor.py:208} INFO - Processing /home/airflow/.local/lib/python3.12/site-packages/airflow/example_dags/example_skip_dag.py took 0.223 seconds
[2025-02-02T06:17:50.578+0000] {processor.py:186} INFO - Started process (PID=255) to work on /home/airflow/.local/lib/python3.12/site-packages/airflow/example_dags/example_skip_dag.py
[2025-02-02T06:17:50.579+0000] {processor.py:914} INFO - Processing file /home/airflow/.local/lib/python3.12/site-packages/airflow/example_dags/example_skip_dag.py for tasks to queue
[2025-02-02T06:17:50.583+0000] {logging_mixin.py:190} INFO - [2025-02-02T06:17:50.582+0000] {dagbag.py:588} INFO - Filling up the DagBag from /home/airflow/.local/lib/python3.12/site-packages/airflow/example_dags/example_skip_dag.py
[2025-02-02T06:17:50.597+0000] {processor.py:925} INFO - DAG(s) 'example_skip_dag' retrieved from /home/airflow/.local/lib/python3.12/site-packages/airflow/example_dags/example_skip_dag.py
[2025-02-02T06:17:50.634+0000] {logging_mixin.py:190} INFO - [2025-02-02T06:17:50.633+0000] {dag.py:3239} INFO - Sync 1 DAGs
[2025-02-02T06:17:50.679+0000] {logging_mixin.py:190} INFO - [2025-02-02T06:17:50.679+0000] {dag.py:4180} INFO - Setting next_dagrun for example_skip_dag to 2025-02-01 00:00:00+00:00, run_after=2025-02-02 00:00:00+00:00
[2025-02-02T06:17:50.713+0000] {processor.py:208} INFO - Processing /home/airflow/.local/lib/python3.12/site-packages/airflow/example_dags/example_skip_dag.py took 0.144 seconds
[2025-02-02T06:18:21.707+0000] {processor.py:186} INFO - Started process (PID=561) to work on /home/airflow/.local/lib/python3.12/site-packages/airflow/example_dags/example_skip_dag.py
[2025-02-02T06:18:21.709+0000] {processor.py:914} INFO - Processing file /home/airflow/.local/lib/python3.12/site-packages/airflow/example_dags/example_skip_dag.py for tasks to queue
[2025-02-02T06:18:21.712+0000] {logging_mixin.py:190} INFO - [2025-02-02T06:18:21.711+0000] {dagbag.py:588} INFO - Filling up the DagBag from /home/airflow/.local/lib/python3.12/site-packages/airflow/example_dags/example_skip_dag.py
[2025-02-02T06:18:21.719+0000] {processor.py:925} INFO - DAG(s) 'example_skip_dag' retrieved from /home/airflow/.local/lib/python3.12/site-packages/airflow/example_dags/example_skip_dag.py
[2025-02-02T06:18:21.742+0000] {logging_mixin.py:190} INFO - [2025-02-02T06:18:21.742+0000] {dag.py:3239} INFO - Sync 1 DAGs
[2025-02-02T06:18:21.768+0000] {logging_mixin.py:190} INFO - [2025-02-02T06:18:21.768+0000] {dag.py:4180} INFO - Setting next_dagrun for example_skip_dag to 2025-02-01 00:00:00+00:00, run_after=2025-02-02 00:00:00+00:00
[2025-02-02T06:18:21.789+0000] {processor.py:208} INFO - Processing /home/airflow/.local/lib/python3.12/site-packages/airflow/example_dags/example_skip_dag.py took 0.088 seconds
[2025-02-02T06:18:52.160+0000] {processor.py:186} INFO - Started process (PID=867) to work on /home/airflow/.local/lib/python3.12/site-packages/airflow/example_dags/example_skip_dag.py
[2025-02-02T06:18:52.162+0000] {processor.py:914} INFO - Processing file /home/airflow/.local/lib/python3.12/site-packages/airflow/example_dags/example_skip_dag.py for tasks to queue
[2025-02-02T06:18:52.164+0000] {logging_mixin.py:190} INFO - [2025-02-02T06:18:52.164+0000] {dagbag.py:588} INFO - Filling up the DagBag from /home/airflow/.local/lib/python3.12/site-packages/airflow/example_dags/example_skip_dag.py
[2025-02-02T06:18:52.172+0000] {processor.py:925} INFO - DAG(s) 'example_skip_dag' retrieved from /home/airflow/.local/lib/python3.12/site-packages/airflow/example_dags/example_skip_dag.py
[2025-02-02T06:18:52.194+0000] {logging_mixin.py:190} INFO - [2025-02-02T06:18:52.194+0000] {dag.py:3239} INFO - Sync 1 DAGs
[2025-02-02T06:18:52.217+0000] {logging_mixin.py:190} INFO - [2025-02-02T06:18:52.217+0000] {dag.py:4180} INFO - Setting next_dagrun for example_skip_dag to 2025-02-01 00:00:00+00:00, run_after=2025-02-02 00:00:00+00:00
[2025-02-02T06:18:52.240+0000] {processor.py:208} INFO - Processing /home/airflow/.local/lib/python3.12/site-packages/airflow/example_dags/example_skip_dag.py took 0.085 seconds
[2025-02-02T06:19:22.759+0000] {processor.py:186} INFO - Started process (PID=1173) to work on /home/airflow/.local/lib/python3.12/site-packages/airflow/example_dags/example_skip_dag.py
[2025-02-02T06:19:22.760+0000] {processor.py:914} INFO - Processing file /home/airflow/.local/lib/python3.12/site-packages/airflow/example_dags/example_skip_dag.py for tasks to queue
[2025-02-02T06:19:22.762+0000] {logging_mixin.py:190} INFO - [2025-02-02T06:19:22.762+0000] {dagbag.py:588} INFO - Filling up the DagBag from /home/airflow/.local/lib/python3.12/site-packages/airflow/example_dags/example_skip_dag.py
[2025-02-02T06:19:22.770+0000] {processor.py:925} INFO - DAG(s) 'example_skip_dag' retrieved from /home/airflow/.local/lib/python3.12/site-packages/airflow/example_dags/example_skip_dag.py
[2025-02-02T06:19:22.793+0000] {logging_mixin.py:190} INFO - [2025-02-02T06:19:22.793+0000] {dag.py:3239} INFO - Sync 1 DAGs
[2025-02-02T06:19:22.817+0000] {logging_mixin.py:190} INFO - [2025-02-02T06:19:22.816+0000] {dag.py:4180} INFO - Setting next_dagrun for example_skip_dag to 2025-02-01 00:00:00+00:00, run_after=2025-02-02 00:00:00+00:00
[2025-02-02T06:19:22.839+0000] {processor.py:208} INFO - Processing /home/airflow/.local/lib/python3.12/site-packages/airflow/example_dags/example_skip_dag.py took 0.085 seconds
[2025-02-02T06:19:53.059+0000] {processor.py:186} INFO - Started process (PID=1479) to work on /home/airflow/.local/lib/python3.12/site-packages/airflow/example_dags/example_skip_dag.py
[2025-02-02T06:19:53.061+0000] {processor.py:914} INFO - Processing file /home/airflow/.local/lib/python3.12/site-packages/airflow/example_dags/example_skip_dag.py for tasks to queue
[2025-02-02T06:19:53.064+0000] {logging_mixin.py:190} INFO - [2025-02-02T06:19:53.063+0000] {dagbag.py:588} INFO - Filling up the DagBag from /home/airflow/.local/lib/python3.12/site-packages/airflow/example_dags/example_skip_dag.py
[2025-02-02T06:19:53.070+0000] {processor.py:925} INFO - DAG(s) 'example_skip_dag' retrieved from /home/airflow/.local/lib/python3.12/site-packages/airflow/example_dags/example_skip_dag.py
[2025-02-02T06:19:53.092+0000] {logging_mixin.py:190} INFO - [2025-02-02T06:19:53.092+0000] {dag.py:3239} INFO - Sync 1 DAGs
[2025-02-02T06:19:53.112+0000] {logging_mixin.py:190} INFO - [2025-02-02T06:19:53.112+0000] {dag.py:4180} INFO - Setting next_dagrun for example_skip_dag to 2025-02-01 00:00:00+00:00, run_after=2025-02-02 00:00:00+00:00
[2025-02-02T06:19:53.134+0000] {processor.py:208} INFO - Processing /home/airflow/.local/lib/python3.12/site-packages/airflow/example_dags/example_skip_dag.py took 0.081 seconds
[2025-02-02T06:20:23.181+0000] {processor.py:186} INFO - Started process (PID=1785) to work on /home/airflow/.local/lib/python3.12/site-packages/airflow/example_dags/example_skip_dag.py
[2025-02-02T06:20:23.182+0000] {processor.py:914} INFO - Processing file /home/airflow/.local/lib/python3.12/site-packages/airflow/example_dags/example_skip_dag.py for tasks to queue
[2025-02-02T06:20:23.184+0000] {logging_mixin.py:190} INFO - [2025-02-02T06:20:23.184+0000] {dagbag.py:588} INFO - Filling up the DagBag from /home/airflow/.local/lib/python3.12/site-packages/airflow/example_dags/example_skip_dag.py
[2025-02-02T06:20:23.194+0000] {processor.py:925} INFO - DAG(s) 'example_skip_dag' retrieved from /home/airflow/.local/lib/python3.12/site-packages/airflow/example_dags/example_skip_dag.py
[2025-02-02T06:20:23.216+0000] {logging_mixin.py:190} INFO - [2025-02-02T06:20:23.216+0000] {dag.py:3239} INFO - Sync 1 DAGs
[2025-02-02T06:20:23.238+0000] {logging_mixin.py:190} INFO - [2025-02-02T06:20:23.238+0000] {dag.py:4180} INFO - Setting next_dagrun for example_skip_dag to 2025-02-01 00:00:00+00:00, run_after=2025-02-02 00:00:00+00:00
[2025-02-02T06:20:23.260+0000] {processor.py:208} INFO - Processing /home/airflow/.local/lib/python3.12/site-packages/airflow/example_dags/example_skip_dag.py took 0.084 seconds
