[2025-02-02T04:26:48.486+0000] {processor.py:186} INFO - Started process (PID=224) to work on /home/airflow/.local/lib/python3.12/site-packages/airflow/example_dags/example_branch_python_dop_operator_3.py
[2025-02-02T04:26:48.487+0000] {processor.py:914} INFO - Processing file /home/airflow/.local/lib/python3.12/site-packages/airflow/example_dags/example_branch_python_dop_operator_3.py for tasks to queue
[2025-02-02T04:26:48.489+0000] {logging_mixin.py:190} INFO - [2025-02-02T04:26:48.489+0000] {dagbag.py:588} INFO - Filling up the DagBag from /home/airflow/.local/lib/python3.12/site-packages/airflow/example_dags/example_branch_python_dop_operator_3.py
[2025-02-02T04:26:48.501+0000] {processor.py:925} INFO - DAG(s) 'example_branch_dop_operator_v3' retrieved from /home/airflow/.local/lib/python3.12/site-packages/airflow/example_dags/example_branch_python_dop_operator_3.py
[2025-02-02T04:26:48.636+0000] {logging_mixin.py:190} INFO - [2025-02-02T04:26:48.636+0000] {dag.py:3239} INFO - Sync 1 DAGs
[2025-02-02T04:26:48.666+0000] {logging_mixin.py:190} INFO - [2025-02-02T04:26:48.666+0000] {dag.py:4180} INFO - Setting next_dagrun for example_branch_dop_operator_v3 to 2025-02-02 04:25:00+00:00, run_after=2025-02-02 04:26:00+00:00
[2025-02-02T04:26:48.690+0000] {processor.py:208} INFO - Processing /home/airflow/.local/lib/python3.12/site-packages/airflow/example_dags/example_branch_python_dop_operator_3.py took 0.109 seconds
[2025-02-02T04:27:19.370+0000] {processor.py:186} INFO - Started process (PID=513) to work on /home/airflow/.local/lib/python3.12/site-packages/airflow/example_dags/example_branch_python_dop_operator_3.py
[2025-02-02T04:27:19.371+0000] {processor.py:914} INFO - Processing file /home/airflow/.local/lib/python3.12/site-packages/airflow/example_dags/example_branch_python_dop_operator_3.py for tasks to queue
[2025-02-02T04:27:19.374+0000] {logging_mixin.py:190} INFO - [2025-02-02T04:27:19.373+0000] {dagbag.py:588} INFO - Filling up the DagBag from /home/airflow/.local/lib/python3.12/site-packages/airflow/example_dags/example_branch_python_dop_operator_3.py
[2025-02-02T04:27:19.387+0000] {processor.py:925} INFO - DAG(s) 'example_branch_dop_operator_v3' retrieved from /home/airflow/.local/lib/python3.12/site-packages/airflow/example_dags/example_branch_python_dop_operator_3.py
[2025-02-02T04:27:19.414+0000] {logging_mixin.py:190} INFO - [2025-02-02T04:27:19.413+0000] {dag.py:3239} INFO - Sync 1 DAGs
[2025-02-02T04:27:19.450+0000] {logging_mixin.py:190} INFO - [2025-02-02T04:27:19.450+0000] {dag.py:4180} INFO - Setting next_dagrun for example_branch_dop_operator_v3 to 2025-02-02 04:26:00+00:00, run_after=2025-02-02 04:27:00+00:00
[2025-02-02T04:27:19.480+0000] {processor.py:208} INFO - Processing /home/airflow/.local/lib/python3.12/site-packages/airflow/example_dags/example_branch_python_dop_operator_3.py took 0.118 seconds
[2025-02-02T04:27:49.895+0000] {processor.py:186} INFO - Started process (PID=799) to work on /home/airflow/.local/lib/python3.12/site-packages/airflow/example_dags/example_branch_python_dop_operator_3.py
[2025-02-02T04:27:49.896+0000] {processor.py:914} INFO - Processing file /home/airflow/.local/lib/python3.12/site-packages/airflow/example_dags/example_branch_python_dop_operator_3.py for tasks to queue
[2025-02-02T04:27:49.899+0000] {logging_mixin.py:190} INFO - [2025-02-02T04:27:49.899+0000] {dagbag.py:588} INFO - Filling up the DagBag from /home/airflow/.local/lib/python3.12/site-packages/airflow/example_dags/example_branch_python_dop_operator_3.py
[2025-02-02T04:27:49.911+0000] {processor.py:925} INFO - DAG(s) 'example_branch_dop_operator_v3' retrieved from /home/airflow/.local/lib/python3.12/site-packages/airflow/example_dags/example_branch_python_dop_operator_3.py
[2025-02-02T04:27:49.934+0000] {logging_mixin.py:190} INFO - [2025-02-02T04:27:49.934+0000] {dag.py:3239} INFO - Sync 1 DAGs
[2025-02-02T04:27:49.962+0000] {logging_mixin.py:190} INFO - [2025-02-02T04:27:49.962+0000] {dag.py:4180} INFO - Setting next_dagrun for example_branch_dop_operator_v3 to 2025-02-02 04:26:00+00:00, run_after=2025-02-02 04:27:00+00:00
[2025-02-02T04:27:49.988+0000] {processor.py:208} INFO - Processing /home/airflow/.local/lib/python3.12/site-packages/airflow/example_dags/example_branch_python_dop_operator_3.py took 0.099 seconds
[2025-02-02T04:28:20.324+0000] {processor.py:186} INFO - Started process (PID=1085) to work on /home/airflow/.local/lib/python3.12/site-packages/airflow/example_dags/example_branch_python_dop_operator_3.py
[2025-02-02T04:28:20.325+0000] {processor.py:914} INFO - Processing file /home/airflow/.local/lib/python3.12/site-packages/airflow/example_dags/example_branch_python_dop_operator_3.py for tasks to queue
[2025-02-02T04:28:20.328+0000] {logging_mixin.py:190} INFO - [2025-02-02T04:28:20.327+0000] {dagbag.py:588} INFO - Filling up the DagBag from /home/airflow/.local/lib/python3.12/site-packages/airflow/example_dags/example_branch_python_dop_operator_3.py
[2025-02-02T04:28:20.340+0000] {processor.py:925} INFO - DAG(s) 'example_branch_dop_operator_v3' retrieved from /home/airflow/.local/lib/python3.12/site-packages/airflow/example_dags/example_branch_python_dop_operator_3.py
[2025-02-02T04:28:20.364+0000] {logging_mixin.py:190} INFO - [2025-02-02T04:28:20.364+0000] {dag.py:3239} INFO - Sync 1 DAGs
[2025-02-02T04:28:20.395+0000] {logging_mixin.py:190} INFO - [2025-02-02T04:28:20.395+0000] {dag.py:4180} INFO - Setting next_dagrun for example_branch_dop_operator_v3 to 2025-02-02 04:27:00+00:00, run_after=2025-02-02 04:28:00+00:00
[2025-02-02T04:28:20.432+0000] {processor.py:208} INFO - Processing /home/airflow/.local/lib/python3.12/site-packages/airflow/example_dags/example_branch_python_dop_operator_3.py took 0.116 seconds
[2025-02-02T04:28:50.850+0000] {processor.py:186} INFO - Started process (PID=1371) to work on /home/airflow/.local/lib/python3.12/site-packages/airflow/example_dags/example_branch_python_dop_operator_3.py
[2025-02-02T04:28:50.851+0000] {processor.py:914} INFO - Processing file /home/airflow/.local/lib/python3.12/site-packages/airflow/example_dags/example_branch_python_dop_operator_3.py for tasks to queue
[2025-02-02T04:28:50.853+0000] {logging_mixin.py:190} INFO - [2025-02-02T04:28:50.853+0000] {dagbag.py:588} INFO - Filling up the DagBag from /home/airflow/.local/lib/python3.12/site-packages/airflow/example_dags/example_branch_python_dop_operator_3.py
[2025-02-02T04:28:50.863+0000] {processor.py:925} INFO - DAG(s) 'example_branch_dop_operator_v3' retrieved from /home/airflow/.local/lib/python3.12/site-packages/airflow/example_dags/example_branch_python_dop_operator_3.py
[2025-02-02T04:28:50.890+0000] {logging_mixin.py:190} INFO - [2025-02-02T04:28:50.890+0000] {dag.py:3239} INFO - Sync 1 DAGs
[2025-02-02T04:28:50.920+0000] {logging_mixin.py:190} INFO - [2025-02-02T04:28:50.920+0000] {dag.py:4180} INFO - Setting next_dagrun for example_branch_dop_operator_v3 to 2025-02-02 04:27:00+00:00, run_after=2025-02-02 04:28:00+00:00
[2025-02-02T04:28:50.945+0000] {processor.py:208} INFO - Processing /home/airflow/.local/lib/python3.12/site-packages/airflow/example_dags/example_branch_python_dop_operator_3.py took 0.102 seconds
[2025-02-02T04:29:21.396+0000] {processor.py:186} INFO - Started process (PID=1655) to work on /home/airflow/.local/lib/python3.12/site-packages/airflow/example_dags/example_branch_python_dop_operator_3.py
[2025-02-02T04:29:21.398+0000] {processor.py:914} INFO - Processing file /home/airflow/.local/lib/python3.12/site-packages/airflow/example_dags/example_branch_python_dop_operator_3.py for tasks to queue
[2025-02-02T04:29:21.404+0000] {logging_mixin.py:190} INFO - [2025-02-02T04:29:21.403+0000] {dagbag.py:588} INFO - Filling up the DagBag from /home/airflow/.local/lib/python3.12/site-packages/airflow/example_dags/example_branch_python_dop_operator_3.py
[2025-02-02T04:29:21.431+0000] {processor.py:925} INFO - DAG(s) 'example_branch_dop_operator_v3' retrieved from /home/airflow/.local/lib/python3.12/site-packages/airflow/example_dags/example_branch_python_dop_operator_3.py
[2025-02-02T04:29:21.497+0000] {logging_mixin.py:190} INFO - [2025-02-02T04:29:21.497+0000] {dag.py:3239} INFO - Sync 1 DAGs
[2025-02-02T04:29:21.560+0000] {logging_mixin.py:190} INFO - [2025-02-02T04:29:21.560+0000] {dag.py:4180} INFO - Setting next_dagrun for example_branch_dop_operator_v3 to 2025-02-02 04:28:00+00:00, run_after=2025-02-02 04:29:00+00:00
[2025-02-02T04:29:21.604+0000] {processor.py:208} INFO - Processing /home/airflow/.local/lib/python3.12/site-packages/airflow/example_dags/example_branch_python_dop_operator_3.py took 0.222 seconds
[2025-02-02T04:29:52.289+0000] {processor.py:186} INFO - Started process (PID=1941) to work on /home/airflow/.local/lib/python3.12/site-packages/airflow/example_dags/example_branch_python_dop_operator_3.py
[2025-02-02T04:29:52.290+0000] {processor.py:914} INFO - Processing file /home/airflow/.local/lib/python3.12/site-packages/airflow/example_dags/example_branch_python_dop_operator_3.py for tasks to queue
[2025-02-02T04:29:52.292+0000] {logging_mixin.py:190} INFO - [2025-02-02T04:29:52.292+0000] {dagbag.py:588} INFO - Filling up the DagBag from /home/airflow/.local/lib/python3.12/site-packages/airflow/example_dags/example_branch_python_dop_operator_3.py
[2025-02-02T04:29:52.304+0000] {processor.py:925} INFO - DAG(s) 'example_branch_dop_operator_v3' retrieved from /home/airflow/.local/lib/python3.12/site-packages/airflow/example_dags/example_branch_python_dop_operator_3.py
[2025-02-02T04:29:52.328+0000] {logging_mixin.py:190} INFO - [2025-02-02T04:29:52.327+0000] {dag.py:3239} INFO - Sync 1 DAGs
[2025-02-02T04:29:52.359+0000] {logging_mixin.py:190} INFO - [2025-02-02T04:29:52.359+0000] {dag.py:4180} INFO - Setting next_dagrun for example_branch_dop_operator_v3 to 2025-02-02 04:28:00+00:00, run_after=2025-02-02 04:29:00+00:00
[2025-02-02T04:29:52.378+0000] {processor.py:208} INFO - Processing /home/airflow/.local/lib/python3.12/site-packages/airflow/example_dags/example_branch_python_dop_operator_3.py took 0.097 seconds
[2025-02-02T04:30:22.705+0000] {processor.py:186} INFO - Started process (PID=2227) to work on /home/airflow/.local/lib/python3.12/site-packages/airflow/example_dags/example_branch_python_dop_operator_3.py
[2025-02-02T04:30:22.706+0000] {processor.py:914} INFO - Processing file /home/airflow/.local/lib/python3.12/site-packages/airflow/example_dags/example_branch_python_dop_operator_3.py for tasks to queue
[2025-02-02T04:30:22.709+0000] {logging_mixin.py:190} INFO - [2025-02-02T04:30:22.708+0000] {dagbag.py:588} INFO - Filling up the DagBag from /home/airflow/.local/lib/python3.12/site-packages/airflow/example_dags/example_branch_python_dop_operator_3.py
[2025-02-02T04:30:22.720+0000] {processor.py:925} INFO - DAG(s) 'example_branch_dop_operator_v3' retrieved from /home/airflow/.local/lib/python3.12/site-packages/airflow/example_dags/example_branch_python_dop_operator_3.py
[2025-02-02T04:30:22.741+0000] {logging_mixin.py:190} INFO - [2025-02-02T04:30:22.741+0000] {dag.py:3239} INFO - Sync 1 DAGs
[2025-02-02T04:30:22.774+0000] {logging_mixin.py:190} INFO - [2025-02-02T04:30:22.774+0000] {dag.py:4180} INFO - Setting next_dagrun for example_branch_dop_operator_v3 to 2025-02-02 04:29:00+00:00, run_after=2025-02-02 04:30:00+00:00
[2025-02-02T04:30:22.800+0000] {processor.py:208} INFO - Processing /home/airflow/.local/lib/python3.12/site-packages/airflow/example_dags/example_branch_python_dop_operator_3.py took 0.101 seconds
[2025-02-02T04:30:53.236+0000] {processor.py:186} INFO - Started process (PID=2513) to work on /home/airflow/.local/lib/python3.12/site-packages/airflow/example_dags/example_branch_python_dop_operator_3.py
[2025-02-02T04:30:53.237+0000] {processor.py:914} INFO - Processing file /home/airflow/.local/lib/python3.12/site-packages/airflow/example_dags/example_branch_python_dop_operator_3.py for tasks to queue
[2025-02-02T04:30:53.240+0000] {logging_mixin.py:190} INFO - [2025-02-02T04:30:53.239+0000] {dagbag.py:588} INFO - Filling up the DagBag from /home/airflow/.local/lib/python3.12/site-packages/airflow/example_dags/example_branch_python_dop_operator_3.py
[2025-02-02T04:30:53.251+0000] {processor.py:925} INFO - DAG(s) 'example_branch_dop_operator_v3' retrieved from /home/airflow/.local/lib/python3.12/site-packages/airflow/example_dags/example_branch_python_dop_operator_3.py
[2025-02-02T04:30:53.274+0000] {logging_mixin.py:190} INFO - [2025-02-02T04:30:53.274+0000] {dag.py:3239} INFO - Sync 1 DAGs
[2025-02-02T04:30:53.303+0000] {logging_mixin.py:190} INFO - [2025-02-02T04:30:53.302+0000] {dag.py:4180} INFO - Setting next_dagrun for example_branch_dop_operator_v3 to 2025-02-02 04:29:00+00:00, run_after=2025-02-02 04:30:00+00:00
[2025-02-02T04:30:53.325+0000] {processor.py:208} INFO - Processing /home/airflow/.local/lib/python3.12/site-packages/airflow/example_dags/example_branch_python_dop_operator_3.py took 0.095 seconds
[2025-02-02T04:31:24.144+0000] {processor.py:186} INFO - Started process (PID=2798) to work on /home/airflow/.local/lib/python3.12/site-packages/airflow/example_dags/example_branch_python_dop_operator_3.py
[2025-02-02T04:31:24.145+0000] {processor.py:914} INFO - Processing file /home/airflow/.local/lib/python3.12/site-packages/airflow/example_dags/example_branch_python_dop_operator_3.py for tasks to queue
[2025-02-02T04:31:24.147+0000] {logging_mixin.py:190} INFO - [2025-02-02T04:31:24.147+0000] {dagbag.py:588} INFO - Filling up the DagBag from /home/airflow/.local/lib/python3.12/site-packages/airflow/example_dags/example_branch_python_dop_operator_3.py
[2025-02-02T04:31:24.157+0000] {processor.py:925} INFO - DAG(s) 'example_branch_dop_operator_v3' retrieved from /home/airflow/.local/lib/python3.12/site-packages/airflow/example_dags/example_branch_python_dop_operator_3.py
[2025-02-02T04:31:24.180+0000] {logging_mixin.py:190} INFO - [2025-02-02T04:31:24.180+0000] {dag.py:3239} INFO - Sync 1 DAGs
[2025-02-02T04:31:24.210+0000] {logging_mixin.py:190} INFO - [2025-02-02T04:31:24.209+0000] {dag.py:4180} INFO - Setting next_dagrun for example_branch_dop_operator_v3 to 2025-02-02 04:30:00+00:00, run_after=2025-02-02 04:31:00+00:00
[2025-02-02T04:31:24.234+0000] {processor.py:208} INFO - Processing /home/airflow/.local/lib/python3.12/site-packages/airflow/example_dags/example_branch_python_dop_operator_3.py took 0.097 seconds
[2025-02-02T04:33:52.228+0000] {processor.py:186} INFO - Started process (PID=3119) to work on /home/airflow/.local/lib/python3.12/site-packages/airflow/example_dags/example_branch_python_dop_operator_3.py
[2025-02-02T04:33:52.246+0000] {processor.py:914} INFO - Processing file /home/airflow/.local/lib/python3.12/site-packages/airflow/example_dags/example_branch_python_dop_operator_3.py for tasks to queue
[2025-02-02T04:33:52.259+0000] {logging_mixin.py:190} INFO - [2025-02-02T04:33:52.256+0000] {dagbag.py:588} INFO - Filling up the DagBag from /home/airflow/.local/lib/python3.12/site-packages/airflow/example_dags/example_branch_python_dop_operator_3.py
[2025-02-02T04:33:52.360+0000] {processor.py:925} INFO - DAG(s) 'example_branch_dop_operator_v3' retrieved from /home/airflow/.local/lib/python3.12/site-packages/airflow/example_dags/example_branch_python_dop_operator_3.py
[2025-02-02T04:33:52.690+0000] {logging_mixin.py:190} INFO - [2025-02-02T04:33:52.666+0000] {dag.py:3239} INFO - Sync 1 DAGs
[2025-02-02T04:33:52.830+0000] {logging_mixin.py:190} INFO - [2025-02-02T04:33:52.829+0000] {dag.py:4180} INFO - Setting next_dagrun for example_branch_dop_operator_v3 to 2025-02-02 04:32:00+00:00, run_after=2025-02-02 04:33:00+00:00
[2025-02-02T04:33:52.904+0000] {processor.py:208} INFO - Processing /home/airflow/.local/lib/python3.12/site-packages/airflow/example_dags/example_branch_python_dop_operator_3.py took 0.705 seconds
[2025-02-02T04:34:23.297+0000] {processor.py:186} INFO - Started process (PID=3416) to work on /home/airflow/.local/lib/python3.12/site-packages/airflow/example_dags/example_branch_python_dop_operator_3.py
[2025-02-02T04:34:23.298+0000] {processor.py:914} INFO - Processing file /home/airflow/.local/lib/python3.12/site-packages/airflow/example_dags/example_branch_python_dop_operator_3.py for tasks to queue
[2025-02-02T04:34:23.302+0000] {logging_mixin.py:190} INFO - [2025-02-02T04:34:23.301+0000] {dagbag.py:588} INFO - Filling up the DagBag from /home/airflow/.local/lib/python3.12/site-packages/airflow/example_dags/example_branch_python_dop_operator_3.py
[2025-02-02T04:34:23.323+0000] {processor.py:925} INFO - DAG(s) 'example_branch_dop_operator_v3' retrieved from /home/airflow/.local/lib/python3.12/site-packages/airflow/example_dags/example_branch_python_dop_operator_3.py
[2025-02-02T04:34:23.575+0000] {logging_mixin.py:190} INFO - [2025-02-02T04:34:23.575+0000] {dag.py:3239} INFO - Sync 1 DAGs
[2025-02-02T04:34:23.671+0000] {logging_mixin.py:190} INFO - [2025-02-02T04:34:23.671+0000] {dag.py:4180} INFO - Setting next_dagrun for example_branch_dop_operator_v3 to 2025-02-02 04:33:00+00:00, run_after=2025-02-02 04:34:00+00:00
[2025-02-02T04:34:23.711+0000] {processor.py:208} INFO - Processing /home/airflow/.local/lib/python3.12/site-packages/airflow/example_dags/example_branch_python_dop_operator_3.py took 0.426 seconds
[2025-02-02T04:35:19.407+0000] {processor.py:186} INFO - Started process (PID=3718) to work on /home/airflow/.local/lib/python3.12/site-packages/airflow/example_dags/example_branch_python_dop_operator_3.py
[2025-02-02T04:35:19.409+0000] {processor.py:914} INFO - Processing file /home/airflow/.local/lib/python3.12/site-packages/airflow/example_dags/example_branch_python_dop_operator_3.py for tasks to queue
[2025-02-02T04:35:19.414+0000] {logging_mixin.py:190} INFO - [2025-02-02T04:35:19.413+0000] {dagbag.py:588} INFO - Filling up the DagBag from /home/airflow/.local/lib/python3.12/site-packages/airflow/example_dags/example_branch_python_dop_operator_3.py
[2025-02-02T04:35:19.450+0000] {processor.py:925} INFO - DAG(s) 'example_branch_dop_operator_v3' retrieved from /home/airflow/.local/lib/python3.12/site-packages/airflow/example_dags/example_branch_python_dop_operator_3.py
[2025-02-02T04:35:19.704+0000] {logging_mixin.py:190} INFO - [2025-02-02T04:35:19.694+0000] {dag.py:3239} INFO - Sync 1 DAGs
[2025-02-02T04:35:19.850+0000] {logging_mixin.py:190} INFO - [2025-02-02T04:35:19.850+0000] {dag.py:4180} INFO - Setting next_dagrun for example_branch_dop_operator_v3 to 2025-02-02 04:34:00+00:00, run_after=2025-02-02 04:35:00+00:00
[2025-02-02T04:35:19.985+0000] {processor.py:208} INFO - Processing /home/airflow/.local/lib/python3.12/site-packages/airflow/example_dags/example_branch_python_dop_operator_3.py took 0.596 seconds
[2025-02-02T04:40:58.636+0000] {processor.py:186} INFO - Started process (PID=3948) to work on /home/airflow/.local/lib/python3.12/site-packages/airflow/example_dags/example_branch_python_dop_operator_3.py
[2025-02-02T04:40:58.638+0000] {processor.py:914} INFO - Processing file /home/airflow/.local/lib/python3.12/site-packages/airflow/example_dags/example_branch_python_dop_operator_3.py for tasks to queue
[2025-02-02T04:40:58.640+0000] {logging_mixin.py:190} INFO - [2025-02-02T04:40:58.639+0000] {dagbag.py:588} INFO - Filling up the DagBag from /home/airflow/.local/lib/python3.12/site-packages/airflow/example_dags/example_branch_python_dop_operator_3.py
[2025-02-02T04:40:58.659+0000] {processor.py:925} INFO - DAG(s) 'example_branch_dop_operator_v3' retrieved from /home/airflow/.local/lib/python3.12/site-packages/airflow/example_dags/example_branch_python_dop_operator_3.py
[2025-02-02T04:40:58.701+0000] {logging_mixin.py:190} INFO - [2025-02-02T04:40:58.700+0000] {dag.py:3239} INFO - Sync 1 DAGs
[2025-02-02T04:40:58.766+0000] {logging_mixin.py:190} INFO - [2025-02-02T04:40:58.765+0000] {dag.py:4180} INFO - Setting next_dagrun for example_branch_dop_operator_v3 to 2025-02-02 04:39:00+00:00, run_after=2025-02-02 04:40:00+00:00
[2025-02-02T04:40:58.811+0000] {processor.py:208} INFO - Processing /home/airflow/.local/lib/python3.12/site-packages/airflow/example_dags/example_branch_python_dop_operator_3.py took 0.186 seconds
[2025-02-02T06:17:49.808+0000] {processor.py:186} INFO - Started process (PID=218) to work on /home/airflow/.local/lib/python3.12/site-packages/airflow/example_dags/example_branch_python_dop_operator_3.py
[2025-02-02T06:17:49.810+0000] {processor.py:914} INFO - Processing file /home/airflow/.local/lib/python3.12/site-packages/airflow/example_dags/example_branch_python_dop_operator_3.py for tasks to queue
[2025-02-02T06:17:49.814+0000] {logging_mixin.py:190} INFO - [2025-02-02T06:17:49.813+0000] {dagbag.py:588} INFO - Filling up the DagBag from /home/airflow/.local/lib/python3.12/site-packages/airflow/example_dags/example_branch_python_dop_operator_3.py
[2025-02-02T06:17:49.834+0000] {processor.py:925} INFO - DAG(s) 'example_branch_dop_operator_v3' retrieved from /home/airflow/.local/lib/python3.12/site-packages/airflow/example_dags/example_branch_python_dop_operator_3.py
[2025-02-02T06:17:49.892+0000] {logging_mixin.py:190} INFO - [2025-02-02T06:17:49.891+0000] {dag.py:3239} INFO - Sync 1 DAGs
[2025-02-02T06:17:49.935+0000] {logging_mixin.py:190} INFO - [2025-02-02T06:17:49.935+0000] {dag.py:4180} INFO - Setting next_dagrun for example_branch_dop_operator_v3 to 2025-02-02 06:16:00+00:00, run_after=2025-02-02 06:17:00+00:00
[2025-02-02T06:17:49.965+0000] {processor.py:208} INFO - Processing /home/airflow/.local/lib/python3.12/site-packages/airflow/example_dags/example_branch_python_dop_operator_3.py took 0.165 seconds
[2025-02-02T06:18:20.271+0000] {processor.py:186} INFO - Started process (PID=524) to work on /home/airflow/.local/lib/python3.12/site-packages/airflow/example_dags/example_branch_python_dop_operator_3.py
[2025-02-02T06:18:20.272+0000] {processor.py:914} INFO - Processing file /home/airflow/.local/lib/python3.12/site-packages/airflow/example_dags/example_branch_python_dop_operator_3.py for tasks to queue
[2025-02-02T06:18:20.274+0000] {logging_mixin.py:190} INFO - [2025-02-02T06:18:20.274+0000] {dagbag.py:588} INFO - Filling up the DagBag from /home/airflow/.local/lib/python3.12/site-packages/airflow/example_dags/example_branch_python_dop_operator_3.py
[2025-02-02T06:18:20.284+0000] {processor.py:925} INFO - DAG(s) 'example_branch_dop_operator_v3' retrieved from /home/airflow/.local/lib/python3.12/site-packages/airflow/example_dags/example_branch_python_dop_operator_3.py
[2025-02-02T06:18:20.306+0000] {logging_mixin.py:190} INFO - [2025-02-02T06:18:20.306+0000] {dag.py:3239} INFO - Sync 1 DAGs
[2025-02-02T06:18:20.334+0000] {logging_mixin.py:190} INFO - [2025-02-02T06:18:20.334+0000] {dag.py:4180} INFO - Setting next_dagrun for example_branch_dop_operator_v3 to 2025-02-02 06:17:00+00:00, run_after=2025-02-02 06:18:00+00:00
[2025-02-02T06:18:20.355+0000] {processor.py:208} INFO - Processing /home/airflow/.local/lib/python3.12/site-packages/airflow/example_dags/example_branch_python_dop_operator_3.py took 0.090 seconds
[2025-02-02T06:18:50.762+0000] {processor.py:186} INFO - Started process (PID=830) to work on /home/airflow/.local/lib/python3.12/site-packages/airflow/example_dags/example_branch_python_dop_operator_3.py
[2025-02-02T06:18:50.763+0000] {processor.py:914} INFO - Processing file /home/airflow/.local/lib/python3.12/site-packages/airflow/example_dags/example_branch_python_dop_operator_3.py for tasks to queue
[2025-02-02T06:18:50.766+0000] {logging_mixin.py:190} INFO - [2025-02-02T06:18:50.765+0000] {dagbag.py:588} INFO - Filling up the DagBag from /home/airflow/.local/lib/python3.12/site-packages/airflow/example_dags/example_branch_python_dop_operator_3.py
[2025-02-02T06:18:50.775+0000] {processor.py:925} INFO - DAG(s) 'example_branch_dop_operator_v3' retrieved from /home/airflow/.local/lib/python3.12/site-packages/airflow/example_dags/example_branch_python_dop_operator_3.py
[2025-02-02T06:18:50.796+0000] {logging_mixin.py:190} INFO - [2025-02-02T06:18:50.796+0000] {dag.py:3239} INFO - Sync 1 DAGs
[2025-02-02T06:18:50.820+0000] {logging_mixin.py:190} INFO - [2025-02-02T06:18:50.820+0000] {dag.py:4180} INFO - Setting next_dagrun for example_branch_dop_operator_v3 to 2025-02-02 06:17:00+00:00, run_after=2025-02-02 06:18:00+00:00
[2025-02-02T06:18:50.839+0000] {processor.py:208} INFO - Processing /home/airflow/.local/lib/python3.12/site-packages/airflow/example_dags/example_branch_python_dop_operator_3.py took 0.083 seconds
[2025-02-02T06:19:21.168+0000] {processor.py:186} INFO - Started process (PID=1136) to work on /home/airflow/.local/lib/python3.12/site-packages/airflow/example_dags/example_branch_python_dop_operator_3.py
[2025-02-02T06:19:21.169+0000] {processor.py:914} INFO - Processing file /home/airflow/.local/lib/python3.12/site-packages/airflow/example_dags/example_branch_python_dop_operator_3.py for tasks to queue
[2025-02-02T06:19:21.171+0000] {logging_mixin.py:190} INFO - [2025-02-02T06:19:21.171+0000] {dagbag.py:588} INFO - Filling up the DagBag from /home/airflow/.local/lib/python3.12/site-packages/airflow/example_dags/example_branch_python_dop_operator_3.py
[2025-02-02T06:19:21.182+0000] {processor.py:925} INFO - DAG(s) 'example_branch_dop_operator_v3' retrieved from /home/airflow/.local/lib/python3.12/site-packages/airflow/example_dags/example_branch_python_dop_operator_3.py
[2025-02-02T06:19:21.202+0000] {logging_mixin.py:190} INFO - [2025-02-02T06:19:21.202+0000] {dag.py:3239} INFO - Sync 1 DAGs
[2025-02-02T06:19:21.232+0000] {logging_mixin.py:190} INFO - [2025-02-02T06:19:21.232+0000] {dag.py:4180} INFO - Setting next_dagrun for example_branch_dop_operator_v3 to 2025-02-02 06:18:00+00:00, run_after=2025-02-02 06:19:00+00:00
[2025-02-02T06:19:21.254+0000] {processor.py:208} INFO - Processing /home/airflow/.local/lib/python3.12/site-packages/airflow/example_dags/example_branch_python_dop_operator_3.py took 0.092 seconds
[2025-02-02T06:19:51.492+0000] {processor.py:186} INFO - Started process (PID=1442) to work on /home/airflow/.local/lib/python3.12/site-packages/airflow/example_dags/example_branch_python_dop_operator_3.py
[2025-02-02T06:19:51.493+0000] {processor.py:914} INFO - Processing file /home/airflow/.local/lib/python3.12/site-packages/airflow/example_dags/example_branch_python_dop_operator_3.py for tasks to queue
[2025-02-02T06:19:51.496+0000] {logging_mixin.py:190} INFO - [2025-02-02T06:19:51.495+0000] {dagbag.py:588} INFO - Filling up the DagBag from /home/airflow/.local/lib/python3.12/site-packages/airflow/example_dags/example_branch_python_dop_operator_3.py
[2025-02-02T06:19:51.509+0000] {processor.py:925} INFO - DAG(s) 'example_branch_dop_operator_v3' retrieved from /home/airflow/.local/lib/python3.12/site-packages/airflow/example_dags/example_branch_python_dop_operator_3.py
[2025-02-02T06:19:51.530+0000] {logging_mixin.py:190} INFO - [2025-02-02T06:19:51.530+0000] {dag.py:3239} INFO - Sync 1 DAGs
[2025-02-02T06:19:51.554+0000] {logging_mixin.py:190} INFO - [2025-02-02T06:19:51.554+0000] {dag.py:4180} INFO - Setting next_dagrun for example_branch_dop_operator_v3 to 2025-02-02 06:18:00+00:00, run_after=2025-02-02 06:19:00+00:00
[2025-02-02T06:19:51.576+0000] {processor.py:208} INFO - Processing /home/airflow/.local/lib/python3.12/site-packages/airflow/example_dags/example_branch_python_dop_operator_3.py took 0.092 seconds
[2025-02-02T06:20:21.710+0000] {processor.py:186} INFO - Started process (PID=1748) to work on /home/airflow/.local/lib/python3.12/site-packages/airflow/example_dags/example_branch_python_dop_operator_3.py
[2025-02-02T06:20:21.711+0000] {processor.py:914} INFO - Processing file /home/airflow/.local/lib/python3.12/site-packages/airflow/example_dags/example_branch_python_dop_operator_3.py for tasks to queue
[2025-02-02T06:20:21.713+0000] {logging_mixin.py:190} INFO - [2025-02-02T06:20:21.713+0000] {dagbag.py:588} INFO - Filling up the DagBag from /home/airflow/.local/lib/python3.12/site-packages/airflow/example_dags/example_branch_python_dop_operator_3.py
[2025-02-02T06:20:21.723+0000] {processor.py:925} INFO - DAG(s) 'example_branch_dop_operator_v3' retrieved from /home/airflow/.local/lib/python3.12/site-packages/airflow/example_dags/example_branch_python_dop_operator_3.py
[2025-02-02T06:20:21.741+0000] {logging_mixin.py:190} INFO - [2025-02-02T06:20:21.741+0000] {dag.py:3239} INFO - Sync 1 DAGs
[2025-02-02T06:20:21.765+0000] {logging_mixin.py:190} INFO - [2025-02-02T06:20:21.765+0000] {dag.py:4180} INFO - Setting next_dagrun for example_branch_dop_operator_v3 to 2025-02-02 06:19:00+00:00, run_after=2025-02-02 06:20:00+00:00
[2025-02-02T06:20:21.784+0000] {processor.py:208} INFO - Processing /home/airflow/.local/lib/python3.12/site-packages/airflow/example_dags/example_branch_python_dop_operator_3.py took 0.080 seconds
