[2025-02-02T04:26:53.428+0000] {processor.py:186} INFO - Started process (PID=426) to work on /home/airflow/.local/lib/python3.12/site-packages/airflow/example_dags/example_nested_branch_dag.py
[2025-02-02T04:26:53.429+0000] {processor.py:914} INFO - Processing file /home/airflow/.local/lib/python3.12/site-packages/airflow/example_dags/example_nested_branch_dag.py for tasks to queue
[2025-02-02T04:26:53.433+0000] {logging_mixin.py:190} INFO - [2025-02-02T04:26:53.432+0000] {dagbag.py:588} INFO - Filling up the DagBag from /home/airflow/.local/lib/python3.12/site-packages/airflow/example_dags/example_nested_branch_dag.py
[2025-02-02T04:26:53.457+0000] {processor.py:925} INFO - DAG(s) 'example_nested_branch_dag' retrieved from /home/airflow/.local/lib/python3.12/site-packages/airflow/example_dags/example_nested_branch_dag.py
[2025-02-02T04:26:53.494+0000] {logging_mixin.py:190} INFO - [2025-02-02T04:26:53.493+0000] {dag.py:3239} INFO - Sync 1 DAGs
[2025-02-02T04:26:53.530+0000] {logging_mixin.py:190} INFO - [2025-02-02T04:26:53.530+0000] {dag.py:4180} INFO - Setting next_dagrun for example_nested_branch_dag to 2025-02-01 00:00:00+00:00, run_after=2025-02-02 00:00:00+00:00
[2025-02-02T04:26:53.560+0000] {processor.py:208} INFO - Processing /home/airflow/.local/lib/python3.12/site-packages/airflow/example_dags/example_nested_branch_dag.py took 0.142 seconds
[2025-02-02T04:27:24.288+0000] {processor.py:186} INFO - Started process (PID=712) to work on /home/airflow/.local/lib/python3.12/site-packages/airflow/example_dags/example_nested_branch_dag.py
[2025-02-02T04:27:24.290+0000] {processor.py:914} INFO - Processing file /home/airflow/.local/lib/python3.12/site-packages/airflow/example_dags/example_nested_branch_dag.py for tasks to queue
[2025-02-02T04:27:24.292+0000] {logging_mixin.py:190} INFO - [2025-02-02T04:27:24.292+0000] {dagbag.py:588} INFO - Filling up the DagBag from /home/airflow/.local/lib/python3.12/site-packages/airflow/example_dags/example_nested_branch_dag.py
[2025-02-02T04:27:24.303+0000] {processor.py:925} INFO - DAG(s) 'example_nested_branch_dag' retrieved from /home/airflow/.local/lib/python3.12/site-packages/airflow/example_dags/example_nested_branch_dag.py
[2025-02-02T04:27:24.326+0000] {logging_mixin.py:190} INFO - [2025-02-02T04:27:24.325+0000] {dag.py:3239} INFO - Sync 1 DAGs
[2025-02-02T04:27:24.349+0000] {logging_mixin.py:190} INFO - [2025-02-02T04:27:24.348+0000] {dag.py:4180} INFO - Setting next_dagrun for example_nested_branch_dag to 2025-02-01 00:00:00+00:00, run_after=2025-02-02 00:00:00+00:00
[2025-02-02T04:27:24.369+0000] {processor.py:208} INFO - Processing /home/airflow/.local/lib/python3.12/site-packages/airflow/example_dags/example_nested_branch_dag.py took 0.086 seconds
[2025-02-02T04:27:54.745+0000] {processor.py:186} INFO - Started process (PID=998) to work on /home/airflow/.local/lib/python3.12/site-packages/airflow/example_dags/example_nested_branch_dag.py
[2025-02-02T04:27:54.748+0000] {processor.py:914} INFO - Processing file /home/airflow/.local/lib/python3.12/site-packages/airflow/example_dags/example_nested_branch_dag.py for tasks to queue
[2025-02-02T04:27:54.753+0000] {logging_mixin.py:190} INFO - [2025-02-02T04:27:54.753+0000] {dagbag.py:588} INFO - Filling up the DagBag from /home/airflow/.local/lib/python3.12/site-packages/airflow/example_dags/example_nested_branch_dag.py
[2025-02-02T04:27:54.769+0000] {processor.py:925} INFO - DAG(s) 'example_nested_branch_dag' retrieved from /home/airflow/.local/lib/python3.12/site-packages/airflow/example_dags/example_nested_branch_dag.py
[2025-02-02T04:27:54.792+0000] {logging_mixin.py:190} INFO - [2025-02-02T04:27:54.792+0000] {dag.py:3239} INFO - Sync 1 DAGs
[2025-02-02T04:27:54.817+0000] {logging_mixin.py:190} INFO - [2025-02-02T04:27:54.817+0000] {dag.py:4180} INFO - Setting next_dagrun for example_nested_branch_dag to 2025-02-01 00:00:00+00:00, run_after=2025-02-02 00:00:00+00:00
[2025-02-02T04:27:54.840+0000] {processor.py:208} INFO - Processing /home/airflow/.local/lib/python3.12/site-packages/airflow/example_dags/example_nested_branch_dag.py took 0.103 seconds
[2025-02-02T04:28:25.178+0000] {processor.py:186} INFO - Started process (PID=1284) to work on /home/airflow/.local/lib/python3.12/site-packages/airflow/example_dags/example_nested_branch_dag.py
[2025-02-02T04:28:25.179+0000] {processor.py:914} INFO - Processing file /home/airflow/.local/lib/python3.12/site-packages/airflow/example_dags/example_nested_branch_dag.py for tasks to queue
[2025-02-02T04:28:25.182+0000] {logging_mixin.py:190} INFO - [2025-02-02T04:28:25.181+0000] {dagbag.py:588} INFO - Filling up the DagBag from /home/airflow/.local/lib/python3.12/site-packages/airflow/example_dags/example_nested_branch_dag.py
[2025-02-02T04:28:25.194+0000] {processor.py:925} INFO - DAG(s) 'example_nested_branch_dag' retrieved from /home/airflow/.local/lib/python3.12/site-packages/airflow/example_dags/example_nested_branch_dag.py
[2025-02-02T04:28:25.215+0000] {logging_mixin.py:190} INFO - [2025-02-02T04:28:25.215+0000] {dag.py:3239} INFO - Sync 1 DAGs
[2025-02-02T04:28:25.237+0000] {logging_mixin.py:190} INFO - [2025-02-02T04:28:25.237+0000] {dag.py:4180} INFO - Setting next_dagrun for example_nested_branch_dag to 2025-02-01 00:00:00+00:00, run_after=2025-02-02 00:00:00+00:00
[2025-02-02T04:28:25.259+0000] {processor.py:208} INFO - Processing /home/airflow/.local/lib/python3.12/site-packages/airflow/example_dags/example_nested_branch_dag.py took 0.087 seconds
[2025-02-02T04:28:55.470+0000] {processor.py:186} INFO - Started process (PID=1570) to work on /home/airflow/.local/lib/python3.12/site-packages/airflow/example_dags/example_nested_branch_dag.py
[2025-02-02T04:28:55.471+0000] {processor.py:914} INFO - Processing file /home/airflow/.local/lib/python3.12/site-packages/airflow/example_dags/example_nested_branch_dag.py for tasks to queue
[2025-02-02T04:28:55.474+0000] {logging_mixin.py:190} INFO - [2025-02-02T04:28:55.473+0000] {dagbag.py:588} INFO - Filling up the DagBag from /home/airflow/.local/lib/python3.12/site-packages/airflow/example_dags/example_nested_branch_dag.py
[2025-02-02T04:28:55.485+0000] {processor.py:925} INFO - DAG(s) 'example_nested_branch_dag' retrieved from /home/airflow/.local/lib/python3.12/site-packages/airflow/example_dags/example_nested_branch_dag.py
[2025-02-02T04:28:55.506+0000] {logging_mixin.py:190} INFO - [2025-02-02T04:28:55.506+0000] {dag.py:3239} INFO - Sync 1 DAGs
[2025-02-02T04:28:55.531+0000] {logging_mixin.py:190} INFO - [2025-02-02T04:28:55.531+0000] {dag.py:4180} INFO - Setting next_dagrun for example_nested_branch_dag to 2025-02-01 00:00:00+00:00, run_after=2025-02-02 00:00:00+00:00
[2025-02-02T04:28:55.551+0000] {processor.py:208} INFO - Processing /home/airflow/.local/lib/python3.12/site-packages/airflow/example_dags/example_nested_branch_dag.py took 0.088 seconds
[2025-02-02T04:29:26.468+0000] {processor.py:186} INFO - Started process (PID=1856) to work on /home/airflow/.local/lib/python3.12/site-packages/airflow/example_dags/example_nested_branch_dag.py
[2025-02-02T04:29:26.470+0000] {processor.py:914} INFO - Processing file /home/airflow/.local/lib/python3.12/site-packages/airflow/example_dags/example_nested_branch_dag.py for tasks to queue
[2025-02-02T04:29:26.474+0000] {logging_mixin.py:190} INFO - [2025-02-02T04:29:26.473+0000] {dagbag.py:588} INFO - Filling up the DagBag from /home/airflow/.local/lib/python3.12/site-packages/airflow/example_dags/example_nested_branch_dag.py
[2025-02-02T04:29:26.500+0000] {processor.py:925} INFO - DAG(s) 'example_nested_branch_dag' retrieved from /home/airflow/.local/lib/python3.12/site-packages/airflow/example_dags/example_nested_branch_dag.py
[2025-02-02T04:29:26.551+0000] {logging_mixin.py:190} INFO - [2025-02-02T04:29:26.551+0000] {dag.py:3239} INFO - Sync 1 DAGs
[2025-02-02T04:29:26.622+0000] {logging_mixin.py:190} INFO - [2025-02-02T04:29:26.622+0000] {dag.py:4180} INFO - Setting next_dagrun for example_nested_branch_dag to 2025-02-01 00:00:00+00:00, run_after=2025-02-02 00:00:00+00:00
[2025-02-02T04:29:26.667+0000] {processor.py:208} INFO - Processing /home/airflow/.local/lib/python3.12/site-packages/airflow/example_dags/example_nested_branch_dag.py took 0.213 seconds
[2025-02-02T04:29:57.210+0000] {processor.py:186} INFO - Started process (PID=2144) to work on /home/airflow/.local/lib/python3.12/site-packages/airflow/example_dags/example_nested_branch_dag.py
[2025-02-02T04:29:57.212+0000] {processor.py:914} INFO - Processing file /home/airflow/.local/lib/python3.12/site-packages/airflow/example_dags/example_nested_branch_dag.py for tasks to queue
[2025-02-02T04:29:57.215+0000] {logging_mixin.py:190} INFO - [2025-02-02T04:29:57.214+0000] {dagbag.py:588} INFO - Filling up the DagBag from /home/airflow/.local/lib/python3.12/site-packages/airflow/example_dags/example_nested_branch_dag.py
[2025-02-02T04:29:57.228+0000] {processor.py:925} INFO - DAG(s) 'example_nested_branch_dag' retrieved from /home/airflow/.local/lib/python3.12/site-packages/airflow/example_dags/example_nested_branch_dag.py
[2025-02-02T04:29:57.252+0000] {logging_mixin.py:190} INFO - [2025-02-02T04:29:57.251+0000] {dag.py:3239} INFO - Sync 1 DAGs
[2025-02-02T04:29:57.277+0000] {logging_mixin.py:190} INFO - [2025-02-02T04:29:57.277+0000] {dag.py:4180} INFO - Setting next_dagrun for example_nested_branch_dag to 2025-02-01 00:00:00+00:00, run_after=2025-02-02 00:00:00+00:00
[2025-02-02T04:29:57.302+0000] {processor.py:208} INFO - Processing /home/airflow/.local/lib/python3.12/site-packages/airflow/example_dags/example_nested_branch_dag.py took 0.100 seconds
[2025-02-02T04:30:29.555+0000] {processor.py:186} INFO - Started process (PID=2428) to work on /home/airflow/.local/lib/python3.12/site-packages/airflow/example_dags/example_nested_branch_dag.py
[2025-02-02T04:30:29.556+0000] {processor.py:914} INFO - Processing file /home/airflow/.local/lib/python3.12/site-packages/airflow/example_dags/example_nested_branch_dag.py for tasks to queue
[2025-02-02T04:30:29.559+0000] {logging_mixin.py:190} INFO - [2025-02-02T04:30:29.559+0000] {dagbag.py:588} INFO - Filling up the DagBag from /home/airflow/.local/lib/python3.12/site-packages/airflow/example_dags/example_nested_branch_dag.py
[2025-02-02T04:30:29.573+0000] {processor.py:925} INFO - DAG(s) 'example_nested_branch_dag' retrieved from /home/airflow/.local/lib/python3.12/site-packages/airflow/example_dags/example_nested_branch_dag.py
[2025-02-02T04:30:29.601+0000] {logging_mixin.py:190} INFO - [2025-02-02T04:30:29.601+0000] {dag.py:3239} INFO - Sync 1 DAGs
[2025-02-02T04:30:29.636+0000] {logging_mixin.py:190} INFO - [2025-02-02T04:30:29.635+0000] {dag.py:4180} INFO - Setting next_dagrun for example_nested_branch_dag to 2025-02-01 00:00:00+00:00, run_after=2025-02-02 00:00:00+00:00
[2025-02-02T04:30:29.663+0000] {processor.py:208} INFO - Processing /home/airflow/.local/lib/python3.12/site-packages/airflow/example_dags/example_nested_branch_dag.py took 0.117 seconds
[2025-02-02T04:31:01.039+0000] {processor.py:186} INFO - Started process (PID=2713) to work on /home/airflow/.local/lib/python3.12/site-packages/airflow/example_dags/example_nested_branch_dag.py
[2025-02-02T04:31:01.040+0000] {processor.py:914} INFO - Processing file /home/airflow/.local/lib/python3.12/site-packages/airflow/example_dags/example_nested_branch_dag.py for tasks to queue
[2025-02-02T04:31:01.044+0000] {logging_mixin.py:190} INFO - [2025-02-02T04:31:01.044+0000] {dagbag.py:588} INFO - Filling up the DagBag from /home/airflow/.local/lib/python3.12/site-packages/airflow/example_dags/example_nested_branch_dag.py
[2025-02-02T04:31:01.059+0000] {processor.py:925} INFO - DAG(s) 'example_nested_branch_dag' retrieved from /home/airflow/.local/lib/python3.12/site-packages/airflow/example_dags/example_nested_branch_dag.py
[2025-02-02T04:31:01.087+0000] {logging_mixin.py:190} INFO - [2025-02-02T04:31:01.087+0000] {dag.py:3239} INFO - Sync 1 DAGs
[2025-02-02T04:31:01.118+0000] {logging_mixin.py:190} INFO - [2025-02-02T04:31:01.118+0000] {dag.py:4180} INFO - Setting next_dagrun for example_nested_branch_dag to 2025-02-01 00:00:00+00:00, run_after=2025-02-02 00:00:00+00:00
[2025-02-02T04:31:01.149+0000] {processor.py:208} INFO - Processing /home/airflow/.local/lib/python3.12/site-packages/airflow/example_dags/example_nested_branch_dag.py took 0.119 seconds
[2025-02-02T04:31:31.548+0000] {processor.py:186} INFO - Started process (PID=3001) to work on /home/airflow/.local/lib/python3.12/site-packages/airflow/example_dags/example_nested_branch_dag.py
[2025-02-02T04:31:31.549+0000] {processor.py:914} INFO - Processing file /home/airflow/.local/lib/python3.12/site-packages/airflow/example_dags/example_nested_branch_dag.py for tasks to queue
[2025-02-02T04:31:31.551+0000] {logging_mixin.py:190} INFO - [2025-02-02T04:31:31.550+0000] {dagbag.py:588} INFO - Filling up the DagBag from /home/airflow/.local/lib/python3.12/site-packages/airflow/example_dags/example_nested_branch_dag.py
[2025-02-02T04:31:31.563+0000] {processor.py:925} INFO - DAG(s) 'example_nested_branch_dag' retrieved from /home/airflow/.local/lib/python3.12/site-packages/airflow/example_dags/example_nested_branch_dag.py
[2025-02-02T04:31:31.584+0000] {logging_mixin.py:190} INFO - [2025-02-02T04:31:31.584+0000] {dag.py:3239} INFO - Sync 1 DAGs
[2025-02-02T04:31:31.608+0000] {logging_mixin.py:190} INFO - [2025-02-02T04:31:31.607+0000] {dag.py:4180} INFO - Setting next_dagrun for example_nested_branch_dag to 2025-02-01 00:00:00+00:00, run_after=2025-02-02 00:00:00+00:00
[2025-02-02T04:31:31.627+0000] {processor.py:208} INFO - Processing /home/airflow/.local/lib/python3.12/site-packages/airflow/example_dags/example_nested_branch_dag.py took 0.087 seconds
[2025-02-02T04:33:59.540+0000] {processor.py:186} INFO - Started process (PID=3321) to work on /home/airflow/.local/lib/python3.12/site-packages/airflow/example_dags/example_nested_branch_dag.py
[2025-02-02T04:33:59.542+0000] {processor.py:914} INFO - Processing file /home/airflow/.local/lib/python3.12/site-packages/airflow/example_dags/example_nested_branch_dag.py for tasks to queue
[2025-02-02T04:33:59.546+0000] {logging_mixin.py:190} INFO - [2025-02-02T04:33:59.546+0000] {dagbag.py:588} INFO - Filling up the DagBag from /home/airflow/.local/lib/python3.12/site-packages/airflow/example_dags/example_nested_branch_dag.py
[2025-02-02T04:33:59.573+0000] {processor.py:925} INFO - DAG(s) 'example_nested_branch_dag' retrieved from /home/airflow/.local/lib/python3.12/site-packages/airflow/example_dags/example_nested_branch_dag.py
[2025-02-02T04:33:59.625+0000] {logging_mixin.py:190} INFO - [2025-02-02T04:33:59.624+0000] {dag.py:3239} INFO - Sync 1 DAGs
[2025-02-02T04:33:59.670+0000] {logging_mixin.py:190} INFO - [2025-02-02T04:33:59.670+0000] {dag.py:4180} INFO - Setting next_dagrun for example_nested_branch_dag to 2025-02-01 00:00:00+00:00, run_after=2025-02-02 00:00:00+00:00
[2025-02-02T04:33:59.731+0000] {processor.py:208} INFO - Processing /home/airflow/.local/lib/python3.12/site-packages/airflow/example_dags/example_nested_branch_dag.py took 0.203 seconds
[2025-02-02T04:34:31.492+0000] {processor.py:186} INFO - Started process (PID=3616) to work on /home/airflow/.local/lib/python3.12/site-packages/airflow/example_dags/example_nested_branch_dag.py
[2025-02-02T04:34:31.494+0000] {processor.py:914} INFO - Processing file /home/airflow/.local/lib/python3.12/site-packages/airflow/example_dags/example_nested_branch_dag.py for tasks to queue
[2025-02-02T04:34:31.497+0000] {logging_mixin.py:190} INFO - [2025-02-02T04:34:31.496+0000] {dagbag.py:588} INFO - Filling up the DagBag from /home/airflow/.local/lib/python3.12/site-packages/airflow/example_dags/example_nested_branch_dag.py
[2025-02-02T04:34:31.514+0000] {processor.py:925} INFO - DAG(s) 'example_nested_branch_dag' retrieved from /home/airflow/.local/lib/python3.12/site-packages/airflow/example_dags/example_nested_branch_dag.py
[2025-02-02T04:34:31.546+0000] {logging_mixin.py:190} INFO - [2025-02-02T04:34:31.546+0000] {dag.py:3239} INFO - Sync 1 DAGs
[2025-02-02T04:34:31.585+0000] {logging_mixin.py:190} INFO - [2025-02-02T04:34:31.585+0000] {dag.py:4180} INFO - Setting next_dagrun for example_nested_branch_dag to 2025-02-01 00:00:00+00:00, run_after=2025-02-02 00:00:00+00:00
[2025-02-02T04:34:31.637+0000] {processor.py:208} INFO - Processing /home/airflow/.local/lib/python3.12/site-packages/airflow/example_dags/example_nested_branch_dag.py took 0.156 seconds
[2025-02-02T04:41:03.290+0000] {processor.py:186} INFO - Started process (PID=4103) to work on /home/airflow/.local/lib/python3.12/site-packages/airflow/example_dags/example_nested_branch_dag.py
[2025-02-02T04:41:03.292+0000] {processor.py:914} INFO - Processing file /home/airflow/.local/lib/python3.12/site-packages/airflow/example_dags/example_nested_branch_dag.py for tasks to queue
[2025-02-02T04:41:03.293+0000] {logging_mixin.py:190} INFO - [2025-02-02T04:41:03.293+0000] {dagbag.py:588} INFO - Filling up the DagBag from /home/airflow/.local/lib/python3.12/site-packages/airflow/example_dags/example_nested_branch_dag.py
[2025-02-02T04:41:03.308+0000] {processor.py:925} INFO - DAG(s) 'example_nested_branch_dag' retrieved from /home/airflow/.local/lib/python3.12/site-packages/airflow/example_dags/example_nested_branch_dag.py
[2025-02-02T04:41:03.336+0000] {logging_mixin.py:190} INFO - [2025-02-02T04:41:03.336+0000] {dag.py:3239} INFO - Sync 1 DAGs
[2025-02-02T04:41:03.367+0000] {logging_mixin.py:190} INFO - [2025-02-02T04:41:03.366+0000] {dag.py:4180} INFO - Setting next_dagrun for example_nested_branch_dag to 2025-02-01 00:00:00+00:00, run_after=2025-02-02 00:00:00+00:00
[2025-02-02T04:41:03.394+0000] {processor.py:208} INFO - Processing /home/airflow/.local/lib/python3.12/site-packages/airflow/example_dags/example_nested_branch_dag.py took 0.112 seconds
[2025-02-02T06:17:55.464+0000] {processor.py:186} INFO - Started process (PID=419) to work on /home/airflow/.local/lib/python3.12/site-packages/airflow/example_dags/example_nested_branch_dag.py
[2025-02-02T06:17:55.466+0000] {processor.py:914} INFO - Processing file /home/airflow/.local/lib/python3.12/site-packages/airflow/example_dags/example_nested_branch_dag.py for tasks to queue
[2025-02-02T06:17:55.471+0000] {logging_mixin.py:190} INFO - [2025-02-02T06:17:55.470+0000] {dagbag.py:588} INFO - Filling up the DagBag from /home/airflow/.local/lib/python3.12/site-packages/airflow/example_dags/example_nested_branch_dag.py
[2025-02-02T06:17:55.490+0000] {processor.py:925} INFO - DAG(s) 'example_nested_branch_dag' retrieved from /home/airflow/.local/lib/python3.12/site-packages/airflow/example_dags/example_nested_branch_dag.py
[2025-02-02T06:17:55.525+0000] {logging_mixin.py:190} INFO - [2025-02-02T06:17:55.524+0000] {dag.py:3239} INFO - Sync 1 DAGs
[2025-02-02T06:17:55.569+0000] {logging_mixin.py:190} INFO - [2025-02-02T06:17:55.569+0000] {dag.py:4180} INFO - Setting next_dagrun for example_nested_branch_dag to 2025-02-01 00:00:00+00:00, run_after=2025-02-02 00:00:00+00:00
[2025-02-02T06:17:55.601+0000] {processor.py:208} INFO - Processing /home/airflow/.local/lib/python3.12/site-packages/airflow/example_dags/example_nested_branch_dag.py took 0.146 seconds
[2025-02-02T06:18:26.164+0000] {processor.py:186} INFO - Started process (PID=725) to work on /home/airflow/.local/lib/python3.12/site-packages/airflow/example_dags/example_nested_branch_dag.py
[2025-02-02T06:18:26.165+0000] {processor.py:914} INFO - Processing file /home/airflow/.local/lib/python3.12/site-packages/airflow/example_dags/example_nested_branch_dag.py for tasks to queue
[2025-02-02T06:18:26.167+0000] {logging_mixin.py:190} INFO - [2025-02-02T06:18:26.166+0000] {dagbag.py:588} INFO - Filling up the DagBag from /home/airflow/.local/lib/python3.12/site-packages/airflow/example_dags/example_nested_branch_dag.py
[2025-02-02T06:18:26.177+0000] {processor.py:925} INFO - DAG(s) 'example_nested_branch_dag' retrieved from /home/airflow/.local/lib/python3.12/site-packages/airflow/example_dags/example_nested_branch_dag.py
[2025-02-02T06:18:26.199+0000] {logging_mixin.py:190} INFO - [2025-02-02T06:18:26.198+0000] {dag.py:3239} INFO - Sync 1 DAGs
[2025-02-02T06:18:26.223+0000] {logging_mixin.py:190} INFO - [2025-02-02T06:18:26.223+0000] {dag.py:4180} INFO - Setting next_dagrun for example_nested_branch_dag to 2025-02-01 00:00:00+00:00, run_after=2025-02-02 00:00:00+00:00
[2025-02-02T06:18:26.271+0000] {processor.py:208} INFO - Processing /home/airflow/.local/lib/python3.12/site-packages/airflow/example_dags/example_nested_branch_dag.py took 0.112 seconds
[2025-02-02T06:18:56.529+0000] {processor.py:186} INFO - Started process (PID=1031) to work on /home/airflow/.local/lib/python3.12/site-packages/airflow/example_dags/example_nested_branch_dag.py
[2025-02-02T06:18:56.530+0000] {processor.py:914} INFO - Processing file /home/airflow/.local/lib/python3.12/site-packages/airflow/example_dags/example_nested_branch_dag.py for tasks to queue
[2025-02-02T06:18:56.534+0000] {logging_mixin.py:190} INFO - [2025-02-02T06:18:56.533+0000] {dagbag.py:588} INFO - Filling up the DagBag from /home/airflow/.local/lib/python3.12/site-packages/airflow/example_dags/example_nested_branch_dag.py
[2025-02-02T06:18:56.548+0000] {processor.py:925} INFO - DAG(s) 'example_nested_branch_dag' retrieved from /home/airflow/.local/lib/python3.12/site-packages/airflow/example_dags/example_nested_branch_dag.py
[2025-02-02T06:18:56.580+0000] {logging_mixin.py:190} INFO - [2025-02-02T06:18:56.580+0000] {dag.py:3239} INFO - Sync 1 DAGs
[2025-02-02T06:18:56.616+0000] {logging_mixin.py:190} INFO - [2025-02-02T06:18:56.616+0000] {dag.py:4180} INFO - Setting next_dagrun for example_nested_branch_dag to 2025-02-01 00:00:00+00:00, run_after=2025-02-02 00:00:00+00:00
[2025-02-02T06:18:56.643+0000] {processor.py:208} INFO - Processing /home/airflow/.local/lib/python3.12/site-packages/airflow/example_dags/example_nested_branch_dag.py took 0.125 seconds
[2025-02-02T06:19:27.008+0000] {processor.py:186} INFO - Started process (PID=1337) to work on /home/airflow/.local/lib/python3.12/site-packages/airflow/example_dags/example_nested_branch_dag.py
[2025-02-02T06:19:27.008+0000] {processor.py:914} INFO - Processing file /home/airflow/.local/lib/python3.12/site-packages/airflow/example_dags/example_nested_branch_dag.py for tasks to queue
[2025-02-02T06:19:27.011+0000] {logging_mixin.py:190} INFO - [2025-02-02T06:19:27.010+0000] {dagbag.py:588} INFO - Filling up the DagBag from /home/airflow/.local/lib/python3.12/site-packages/airflow/example_dags/example_nested_branch_dag.py
[2025-02-02T06:19:27.021+0000] {processor.py:925} INFO - DAG(s) 'example_nested_branch_dag' retrieved from /home/airflow/.local/lib/python3.12/site-packages/airflow/example_dags/example_nested_branch_dag.py
[2025-02-02T06:19:27.043+0000] {logging_mixin.py:190} INFO - [2025-02-02T06:19:27.043+0000] {dag.py:3239} INFO - Sync 1 DAGs
[2025-02-02T06:19:27.076+0000] {logging_mixin.py:190} INFO - [2025-02-02T06:19:27.076+0000] {dag.py:4180} INFO - Setting next_dagrun for example_nested_branch_dag to 2025-02-01 00:00:00+00:00, run_after=2025-02-02 00:00:00+00:00
[2025-02-02T06:19:27.098+0000] {processor.py:208} INFO - Processing /home/airflow/.local/lib/python3.12/site-packages/airflow/example_dags/example_nested_branch_dag.py took 0.096 seconds
[2025-02-02T06:19:57.299+0000] {processor.py:186} INFO - Started process (PID=1643) to work on /home/airflow/.local/lib/python3.12/site-packages/airflow/example_dags/example_nested_branch_dag.py
[2025-02-02T06:19:57.300+0000] {processor.py:914} INFO - Processing file /home/airflow/.local/lib/python3.12/site-packages/airflow/example_dags/example_nested_branch_dag.py for tasks to queue
[2025-02-02T06:19:57.302+0000] {logging_mixin.py:190} INFO - [2025-02-02T06:19:57.302+0000] {dagbag.py:588} INFO - Filling up the DagBag from /home/airflow/.local/lib/python3.12/site-packages/airflow/example_dags/example_nested_branch_dag.py
[2025-02-02T06:19:57.314+0000] {processor.py:925} INFO - DAG(s) 'example_nested_branch_dag' retrieved from /home/airflow/.local/lib/python3.12/site-packages/airflow/example_dags/example_nested_branch_dag.py
[2025-02-02T06:19:57.338+0000] {logging_mixin.py:190} INFO - [2025-02-02T06:19:57.338+0000] {dag.py:3239} INFO - Sync 1 DAGs
[2025-02-02T06:19:57.363+0000] {logging_mixin.py:190} INFO - [2025-02-02T06:19:57.363+0000] {dag.py:4180} INFO - Setting next_dagrun for example_nested_branch_dag to 2025-02-01 00:00:00+00:00, run_after=2025-02-02 00:00:00+00:00
[2025-02-02T06:19:57.382+0000] {processor.py:208} INFO - Processing /home/airflow/.local/lib/python3.12/site-packages/airflow/example_dags/example_nested_branch_dag.py took 0.089 seconds
[2025-02-02T06:20:27.486+0000] {processor.py:186} INFO - Started process (PID=1949) to work on /home/airflow/.local/lib/python3.12/site-packages/airflow/example_dags/example_nested_branch_dag.py
[2025-02-02T06:20:27.487+0000] {processor.py:914} INFO - Processing file /home/airflow/.local/lib/python3.12/site-packages/airflow/example_dags/example_nested_branch_dag.py for tasks to queue
[2025-02-02T06:20:27.489+0000] {logging_mixin.py:190} INFO - [2025-02-02T06:20:27.489+0000] {dagbag.py:588} INFO - Filling up the DagBag from /home/airflow/.local/lib/python3.12/site-packages/airflow/example_dags/example_nested_branch_dag.py
[2025-02-02T06:20:27.501+0000] {processor.py:925} INFO - DAG(s) 'example_nested_branch_dag' retrieved from /home/airflow/.local/lib/python3.12/site-packages/airflow/example_dags/example_nested_branch_dag.py
[2025-02-02T06:20:27.523+0000] {logging_mixin.py:190} INFO - [2025-02-02T06:20:27.522+0000] {dag.py:3239} INFO - Sync 1 DAGs
[2025-02-02T06:20:27.545+0000] {logging_mixin.py:190} INFO - [2025-02-02T06:20:27.545+0000] {dag.py:4180} INFO - Setting next_dagrun for example_nested_branch_dag to 2025-02-01 00:00:00+00:00, run_after=2025-02-02 00:00:00+00:00
[2025-02-02T06:20:27.567+0000] {processor.py:208} INFO - Processing /home/airflow/.local/lib/python3.12/site-packages/airflow/example_dags/example_nested_branch_dag.py took 0.086 seconds
