[2025-02-02T04:26:51.957+0000] {processor.py:186} INFO - Started process (PID=361) to work on /home/airflow/.local/lib/python3.12/site-packages/airflow/example_dags/example_branch_operator.py
[2025-02-02T04:26:51.958+0000] {processor.py:914} INFO - Processing file /home/airflow/.local/lib/python3.12/site-packages/airflow/example_dags/example_branch_operator.py for tasks to queue
[2025-02-02T04:26:51.961+0000] {logging_mixin.py:190} INFO - [2025-02-02T04:26:51.960+0000] {dagbag.py:588} INFO - Filling up the DagBag from /home/airflow/.local/lib/python3.12/site-packages/airflow/example_dags/example_branch_operator.py
[2025-02-02T04:26:51.988+0000] {processor.py:925} INFO - DAG(s) 'example_branch_operator' retrieved from /home/airflow/.local/lib/python3.12/site-packages/airflow/example_dags/example_branch_operator.py
[2025-02-02T04:26:52.155+0000] {logging_mixin.py:190} INFO - [2025-02-02T04:26:52.154+0000] {dag.py:3239} INFO - Sync 1 DAGs
[2025-02-02T04:26:52.200+0000] {logging_mixin.py:190} INFO - [2025-02-02T04:26:52.200+0000] {dag.py:4180} INFO - Setting next_dagrun for example_branch_operator to 2025-02-01 00:00:00+00:00, run_after=2025-02-02 00:00:00+00:00
[2025-02-02T04:26:52.265+0000] {processor.py:208} INFO - Processing /home/airflow/.local/lib/python3.12/site-packages/airflow/example_dags/example_branch_operator.py took 0.318 seconds
[2025-02-02T04:27:22.657+0000] {processor.py:186} INFO - Started process (PID=657) to work on /home/airflow/.local/lib/python3.12/site-packages/airflow/example_dags/example_branch_operator.py
[2025-02-02T04:27:22.659+0000] {processor.py:914} INFO - Processing file /home/airflow/.local/lib/python3.12/site-packages/airflow/example_dags/example_branch_operator.py for tasks to queue
[2025-02-02T04:27:22.661+0000] {logging_mixin.py:190} INFO - [2025-02-02T04:27:22.660+0000] {dagbag.py:588} INFO - Filling up the DagBag from /home/airflow/.local/lib/python3.12/site-packages/airflow/example_dags/example_branch_operator.py
[2025-02-02T04:27:22.679+0000] {processor.py:925} INFO - DAG(s) 'example_branch_operator' retrieved from /home/airflow/.local/lib/python3.12/site-packages/airflow/example_dags/example_branch_operator.py
[2025-02-02T04:27:22.710+0000] {logging_mixin.py:190} INFO - [2025-02-02T04:27:22.710+0000] {dag.py:3239} INFO - Sync 1 DAGs
[2025-02-02T04:27:22.735+0000] {logging_mixin.py:190} INFO - [2025-02-02T04:27:22.735+0000] {dag.py:4180} INFO - Setting next_dagrun for example_branch_operator to 2025-02-01 00:00:00+00:00, run_after=2025-02-02 00:00:00+00:00
[2025-02-02T04:27:22.754+0000] {processor.py:208} INFO - Processing /home/airflow/.local/lib/python3.12/site-packages/airflow/example_dags/example_branch_operator.py took 0.103 seconds
[2025-02-02T04:27:52.951+0000] {processor.py:186} INFO - Started process (PID=938) to work on /home/airflow/.local/lib/python3.12/site-packages/airflow/example_dags/example_branch_operator.py
[2025-02-02T04:27:52.952+0000] {processor.py:914} INFO - Processing file /home/airflow/.local/lib/python3.12/site-packages/airflow/example_dags/example_branch_operator.py for tasks to queue
[2025-02-02T04:27:52.954+0000] {logging_mixin.py:190} INFO - [2025-02-02T04:27:52.954+0000] {dagbag.py:588} INFO - Filling up the DagBag from /home/airflow/.local/lib/python3.12/site-packages/airflow/example_dags/example_branch_operator.py
[2025-02-02T04:27:52.971+0000] {processor.py:925} INFO - DAG(s) 'example_branch_operator' retrieved from /home/airflow/.local/lib/python3.12/site-packages/airflow/example_dags/example_branch_operator.py
[2025-02-02T04:27:53.001+0000] {logging_mixin.py:190} INFO - [2025-02-02T04:27:53.001+0000] {dag.py:3239} INFO - Sync 1 DAGs
[2025-02-02T04:27:53.026+0000] {logging_mixin.py:190} INFO - [2025-02-02T04:27:53.026+0000] {dag.py:4180} INFO - Setting next_dagrun for example_branch_operator to 2025-02-01 00:00:00+00:00, run_after=2025-02-02 00:00:00+00:00
[2025-02-02T04:27:53.048+0000] {processor.py:208} INFO - Processing /home/airflow/.local/lib/python3.12/site-packages/airflow/example_dags/example_branch_operator.py took 0.103 seconds
[2025-02-02T04:28:23.359+0000] {processor.py:186} INFO - Started process (PID=1224) to work on /home/airflow/.local/lib/python3.12/site-packages/airflow/example_dags/example_branch_operator.py
[2025-02-02T04:28:23.360+0000] {processor.py:914} INFO - Processing file /home/airflow/.local/lib/python3.12/site-packages/airflow/example_dags/example_branch_operator.py for tasks to queue
[2025-02-02T04:28:23.364+0000] {logging_mixin.py:190} INFO - [2025-02-02T04:28:23.363+0000] {dagbag.py:588} INFO - Filling up the DagBag from /home/airflow/.local/lib/python3.12/site-packages/airflow/example_dags/example_branch_operator.py
[2025-02-02T04:28:23.386+0000] {processor.py:925} INFO - DAG(s) 'example_branch_operator' retrieved from /home/airflow/.local/lib/python3.12/site-packages/airflow/example_dags/example_branch_operator.py
[2025-02-02T04:28:23.426+0000] {logging_mixin.py:190} INFO - [2025-02-02T04:28:23.425+0000] {dag.py:3239} INFO - Sync 1 DAGs
[2025-02-02T04:28:23.457+0000] {logging_mixin.py:190} INFO - [2025-02-02T04:28:23.457+0000] {dag.py:4180} INFO - Setting next_dagrun for example_branch_operator to 2025-02-01 00:00:00+00:00, run_after=2025-02-02 00:00:00+00:00
[2025-02-02T04:28:23.501+0000] {processor.py:208} INFO - Processing /home/airflow/.local/lib/python3.12/site-packages/airflow/example_dags/example_branch_operator.py took 0.149 seconds
[2025-02-02T04:28:54.538+0000] {processor.py:186} INFO - Started process (PID=1510) to work on /home/airflow/.local/lib/python3.12/site-packages/airflow/example_dags/example_branch_operator.py
[2025-02-02T04:28:54.540+0000] {processor.py:914} INFO - Processing file /home/airflow/.local/lib/python3.12/site-packages/airflow/example_dags/example_branch_operator.py for tasks to queue
[2025-02-02T04:28:54.542+0000] {logging_mixin.py:190} INFO - [2025-02-02T04:28:54.542+0000] {dagbag.py:588} INFO - Filling up the DagBag from /home/airflow/.local/lib/python3.12/site-packages/airflow/example_dags/example_branch_operator.py
[2025-02-02T04:28:54.564+0000] {processor.py:925} INFO - DAG(s) 'example_branch_operator' retrieved from /home/airflow/.local/lib/python3.12/site-packages/airflow/example_dags/example_branch_operator.py
[2025-02-02T04:28:54.596+0000] {logging_mixin.py:190} INFO - [2025-02-02T04:28:54.596+0000] {dag.py:3239} INFO - Sync 1 DAGs
[2025-02-02T04:28:54.624+0000] {logging_mixin.py:190} INFO - [2025-02-02T04:28:54.624+0000] {dag.py:4180} INFO - Setting next_dagrun for example_branch_operator to 2025-02-01 00:00:00+00:00, run_after=2025-02-02 00:00:00+00:00
[2025-02-02T04:28:54.644+0000] {processor.py:208} INFO - Processing /home/airflow/.local/lib/python3.12/site-packages/airflow/example_dags/example_branch_operator.py took 0.115 seconds
[2025-02-02T04:29:25.285+0000] {processor.py:186} INFO - Started process (PID=1796) to work on /home/airflow/.local/lib/python3.12/site-packages/airflow/example_dags/example_branch_operator.py
[2025-02-02T04:29:25.286+0000] {processor.py:914} INFO - Processing file /home/airflow/.local/lib/python3.12/site-packages/airflow/example_dags/example_branch_operator.py for tasks to queue
[2025-02-02T04:29:25.288+0000] {logging_mixin.py:190} INFO - [2025-02-02T04:29:25.288+0000] {dagbag.py:588} INFO - Filling up the DagBag from /home/airflow/.local/lib/python3.12/site-packages/airflow/example_dags/example_branch_operator.py
[2025-02-02T04:29:25.308+0000] {processor.py:925} INFO - DAG(s) 'example_branch_operator' retrieved from /home/airflow/.local/lib/python3.12/site-packages/airflow/example_dags/example_branch_operator.py
[2025-02-02T04:29:25.337+0000] {logging_mixin.py:190} INFO - [2025-02-02T04:29:25.337+0000] {dag.py:3239} INFO - Sync 1 DAGs
[2025-02-02T04:29:25.365+0000] {logging_mixin.py:190} INFO - [2025-02-02T04:29:25.365+0000] {dag.py:4180} INFO - Setting next_dagrun for example_branch_operator to 2025-02-01 00:00:00+00:00, run_after=2025-02-02 00:00:00+00:00
[2025-02-02T04:29:25.388+0000] {processor.py:208} INFO - Processing /home/airflow/.local/lib/python3.12/site-packages/airflow/example_dags/example_branch_operator.py took 0.110 seconds
[2025-02-02T04:29:56.364+0000] {processor.py:186} INFO - Started process (PID=2082) to work on /home/airflow/.local/lib/python3.12/site-packages/airflow/example_dags/example_branch_operator.py
[2025-02-02T04:29:56.365+0000] {processor.py:914} INFO - Processing file /home/airflow/.local/lib/python3.12/site-packages/airflow/example_dags/example_branch_operator.py for tasks to queue
[2025-02-02T04:29:56.367+0000] {logging_mixin.py:190} INFO - [2025-02-02T04:29:56.367+0000] {dagbag.py:588} INFO - Filling up the DagBag from /home/airflow/.local/lib/python3.12/site-packages/airflow/example_dags/example_branch_operator.py
[2025-02-02T04:29:56.384+0000] {processor.py:925} INFO - DAG(s) 'example_branch_operator' retrieved from /home/airflow/.local/lib/python3.12/site-packages/airflow/example_dags/example_branch_operator.py
[2025-02-02T04:29:56.412+0000] {logging_mixin.py:190} INFO - [2025-02-02T04:29:56.411+0000] {dag.py:3239} INFO - Sync 1 DAGs
[2025-02-02T04:29:56.435+0000] {logging_mixin.py:190} INFO - [2025-02-02T04:29:56.435+0000] {dag.py:4180} INFO - Setting next_dagrun for example_branch_operator to 2025-02-01 00:00:00+00:00, run_after=2025-02-02 00:00:00+00:00
[2025-02-02T04:29:56.455+0000] {processor.py:208} INFO - Processing /home/airflow/.local/lib/python3.12/site-packages/airflow/example_dags/example_branch_operator.py took 0.097 seconds
[2025-02-02T04:30:28.152+0000] {processor.py:186} INFO - Started process (PID=2368) to work on /home/airflow/.local/lib/python3.12/site-packages/airflow/example_dags/example_branch_operator.py
[2025-02-02T04:30:28.154+0000] {processor.py:914} INFO - Processing file /home/airflow/.local/lib/python3.12/site-packages/airflow/example_dags/example_branch_operator.py for tasks to queue
[2025-02-02T04:30:28.157+0000] {logging_mixin.py:190} INFO - [2025-02-02T04:30:28.156+0000] {dagbag.py:588} INFO - Filling up the DagBag from /home/airflow/.local/lib/python3.12/site-packages/airflow/example_dags/example_branch_operator.py
[2025-02-02T04:30:28.189+0000] {processor.py:925} INFO - DAG(s) 'example_branch_operator' retrieved from /home/airflow/.local/lib/python3.12/site-packages/airflow/example_dags/example_branch_operator.py
[2025-02-02T04:30:28.234+0000] {logging_mixin.py:190} INFO - [2025-02-02T04:30:28.233+0000] {dag.py:3239} INFO - Sync 1 DAGs
[2025-02-02T04:30:28.281+0000] {logging_mixin.py:190} INFO - [2025-02-02T04:30:28.281+0000] {dag.py:4180} INFO - Setting next_dagrun for example_branch_operator to 2025-02-01 00:00:00+00:00, run_after=2025-02-02 00:00:00+00:00
[2025-02-02T04:30:28.319+0000] {processor.py:208} INFO - Processing /home/airflow/.local/lib/python3.12/site-packages/airflow/example_dags/example_branch_operator.py took 0.178 seconds
[2025-02-02T04:30:59.964+0000] {processor.py:186} INFO - Started process (PID=2654) to work on /home/airflow/.local/lib/python3.12/site-packages/airflow/example_dags/example_branch_operator.py
[2025-02-02T04:30:59.967+0000] {processor.py:914} INFO - Processing file /home/airflow/.local/lib/python3.12/site-packages/airflow/example_dags/example_branch_operator.py for tasks to queue
[2025-02-02T04:30:59.970+0000] {logging_mixin.py:190} INFO - [2025-02-02T04:30:59.969+0000] {dagbag.py:588} INFO - Filling up the DagBag from /home/airflow/.local/lib/python3.12/site-packages/airflow/example_dags/example_branch_operator.py
[2025-02-02T04:30:59.997+0000] {processor.py:925} INFO - DAG(s) 'example_branch_operator' retrieved from /home/airflow/.local/lib/python3.12/site-packages/airflow/example_dags/example_branch_operator.py
[2025-02-02T04:31:00.041+0000] {logging_mixin.py:190} INFO - [2025-02-02T04:31:00.041+0000] {dag.py:3239} INFO - Sync 1 DAGs
[2025-02-02T04:31:00.075+0000] {logging_mixin.py:190} INFO - [2025-02-02T04:31:00.075+0000] {dag.py:4180} INFO - Setting next_dagrun for example_branch_operator to 2025-02-01 00:00:00+00:00, run_after=2025-02-02 00:00:00+00:00
[2025-02-02T04:31:00.107+0000] {processor.py:208} INFO - Processing /home/airflow/.local/lib/python3.12/site-packages/airflow/example_dags/example_branch_operator.py took 0.151 seconds
[2025-02-02T04:31:30.567+0000] {processor.py:186} INFO - Started process (PID=2939) to work on /home/airflow/.local/lib/python3.12/site-packages/airflow/example_dags/example_branch_operator.py
[2025-02-02T04:31:30.568+0000] {processor.py:914} INFO - Processing file /home/airflow/.local/lib/python3.12/site-packages/airflow/example_dags/example_branch_operator.py for tasks to queue
[2025-02-02T04:31:30.571+0000] {logging_mixin.py:190} INFO - [2025-02-02T04:31:30.571+0000] {dagbag.py:588} INFO - Filling up the DagBag from /home/airflow/.local/lib/python3.12/site-packages/airflow/example_dags/example_branch_operator.py
[2025-02-02T04:31:30.593+0000] {processor.py:925} INFO - DAG(s) 'example_branch_operator' retrieved from /home/airflow/.local/lib/python3.12/site-packages/airflow/example_dags/example_branch_operator.py
[2025-02-02T04:31:30.629+0000] {logging_mixin.py:190} INFO - [2025-02-02T04:31:30.629+0000] {dag.py:3239} INFO - Sync 1 DAGs
[2025-02-02T04:31:30.659+0000] {logging_mixin.py:190} INFO - [2025-02-02T04:31:30.659+0000] {dag.py:4180} INFO - Setting next_dagrun for example_branch_operator to 2025-02-01 00:00:00+00:00, run_after=2025-02-02 00:00:00+00:00
[2025-02-02T04:31:30.685+0000] {processor.py:208} INFO - Processing /home/airflow/.local/lib/python3.12/site-packages/airflow/example_dags/example_branch_operator.py took 0.126 seconds
[2025-02-02T04:33:57.722+0000] {processor.py:186} INFO - Started process (PID=3263) to work on /home/airflow/.local/lib/python3.12/site-packages/airflow/example_dags/example_branch_operator.py
[2025-02-02T04:33:57.723+0000] {processor.py:914} INFO - Processing file /home/airflow/.local/lib/python3.12/site-packages/airflow/example_dags/example_branch_operator.py for tasks to queue
[2025-02-02T04:33:57.727+0000] {logging_mixin.py:190} INFO - [2025-02-02T04:33:57.726+0000] {dagbag.py:588} INFO - Filling up the DagBag from /home/airflow/.local/lib/python3.12/site-packages/airflow/example_dags/example_branch_operator.py
[2025-02-02T04:33:57.765+0000] {processor.py:925} INFO - DAG(s) 'example_branch_operator' retrieved from /home/airflow/.local/lib/python3.12/site-packages/airflow/example_dags/example_branch_operator.py
[2025-02-02T04:33:57.832+0000] {logging_mixin.py:190} INFO - [2025-02-02T04:33:57.831+0000] {dag.py:3239} INFO - Sync 1 DAGs
[2025-02-02T04:33:57.867+0000] {logging_mixin.py:190} INFO - [2025-02-02T04:33:57.866+0000] {dag.py:4180} INFO - Setting next_dagrun for example_branch_operator to 2025-02-01 00:00:00+00:00, run_after=2025-02-02 00:00:00+00:00
[2025-02-02T04:33:57.898+0000] {processor.py:208} INFO - Processing /home/airflow/.local/lib/python3.12/site-packages/airflow/example_dags/example_branch_operator.py took 0.187 seconds
[2025-02-02T04:34:29.608+0000] {processor.py:186} INFO - Started process (PID=3558) to work on /home/airflow/.local/lib/python3.12/site-packages/airflow/example_dags/example_branch_operator.py
[2025-02-02T04:34:29.610+0000] {processor.py:914} INFO - Processing file /home/airflow/.local/lib/python3.12/site-packages/airflow/example_dags/example_branch_operator.py for tasks to queue
[2025-02-02T04:34:29.612+0000] {logging_mixin.py:190} INFO - [2025-02-02T04:34:29.612+0000] {dagbag.py:588} INFO - Filling up the DagBag from /home/airflow/.local/lib/python3.12/site-packages/airflow/example_dags/example_branch_operator.py
[2025-02-02T04:34:29.636+0000] {processor.py:925} INFO - DAG(s) 'example_branch_operator' retrieved from /home/airflow/.local/lib/python3.12/site-packages/airflow/example_dags/example_branch_operator.py
[2025-02-02T04:34:29.675+0000] {logging_mixin.py:190} INFO - [2025-02-02T04:34:29.674+0000] {dag.py:3239} INFO - Sync 1 DAGs
[2025-02-02T04:34:29.708+0000] {logging_mixin.py:190} INFO - [2025-02-02T04:34:29.707+0000] {dag.py:4180} INFO - Setting next_dagrun for example_branch_operator to 2025-02-01 00:00:00+00:00, run_after=2025-02-02 00:00:00+00:00
[2025-02-02T04:34:29.751+0000] {processor.py:208} INFO - Processing /home/airflow/.local/lib/python3.12/site-packages/airflow/example_dags/example_branch_operator.py took 0.151 seconds
[2025-02-02T04:40:55.411+0000] {processor.py:186} INFO - Started process (PID=3859) to work on /home/airflow/.local/lib/python3.12/site-packages/airflow/example_dags/example_branch_operator.py
[2025-02-02T04:40:55.424+0000] {processor.py:914} INFO - Processing file /home/airflow/.local/lib/python3.12/site-packages/airflow/example_dags/example_branch_operator.py for tasks to queue
[2025-02-02T04:40:55.435+0000] {logging_mixin.py:190} INFO - [2025-02-02T04:40:55.429+0000] {dagbag.py:588} INFO - Filling up the DagBag from /home/airflow/.local/lib/python3.12/site-packages/airflow/example_dags/example_branch_operator.py
[2025-02-02T04:40:55.787+0000] {processor.py:925} INFO - DAG(s) 'example_branch_operator' retrieved from /home/airflow/.local/lib/python3.12/site-packages/airflow/example_dags/example_branch_operator.py
[2025-02-02T04:40:55.991+0000] {logging_mixin.py:190} INFO - [2025-02-02T04:40:55.991+0000] {dag.py:3239} INFO - Sync 1 DAGs
[2025-02-02T04:40:56.365+0000] {logging_mixin.py:190} INFO - [2025-02-02T04:40:56.365+0000] {dag.py:4180} INFO - Setting next_dagrun for example_branch_operator to 2025-02-01 00:00:00+00:00, run_after=2025-02-02 00:00:00+00:00
[2025-02-02T04:40:56.422+0000] {processor.py:208} INFO - Processing /home/airflow/.local/lib/python3.12/site-packages/airflow/example_dags/example_branch_operator.py took 1.067 seconds
[2025-02-02T06:17:53.849+0000] {processor.py:186} INFO - Started process (PID=353) to work on /home/airflow/.local/lib/python3.12/site-packages/airflow/example_dags/example_branch_operator.py
[2025-02-02T06:17:53.852+0000] {processor.py:914} INFO - Processing file /home/airflow/.local/lib/python3.12/site-packages/airflow/example_dags/example_branch_operator.py for tasks to queue
[2025-02-02T06:17:53.856+0000] {logging_mixin.py:190} INFO - [2025-02-02T06:17:53.855+0000] {dagbag.py:588} INFO - Filling up the DagBag from /home/airflow/.local/lib/python3.12/site-packages/airflow/example_dags/example_branch_operator.py
[2025-02-02T06:17:53.895+0000] {processor.py:925} INFO - DAG(s) 'example_branch_operator' retrieved from /home/airflow/.local/lib/python3.12/site-packages/airflow/example_dags/example_branch_operator.py
[2025-02-02T06:17:54.134+0000] {logging_mixin.py:190} INFO - [2025-02-02T06:17:54.134+0000] {dag.py:3239} INFO - Sync 1 DAGs
[2025-02-02T06:17:54.180+0000] {logging_mixin.py:190} INFO - [2025-02-02T06:17:54.179+0000] {dag.py:4180} INFO - Setting next_dagrun for example_branch_operator to 2025-02-01 00:00:00+00:00, run_after=2025-02-02 00:00:00+00:00
[2025-02-02T06:17:54.225+0000] {processor.py:208} INFO - Processing /home/airflow/.local/lib/python3.12/site-packages/airflow/example_dags/example_branch_operator.py took 0.384 seconds
[2025-02-02T06:18:25.125+0000] {processor.py:186} INFO - Started process (PID=667) to work on /home/airflow/.local/lib/python3.12/site-packages/airflow/example_dags/example_branch_operator.py
[2025-02-02T06:18:25.127+0000] {processor.py:914} INFO - Processing file /home/airflow/.local/lib/python3.12/site-packages/airflow/example_dags/example_branch_operator.py for tasks to queue
[2025-02-02T06:18:25.142+0000] {logging_mixin.py:190} INFO - [2025-02-02T06:18:25.141+0000] {dagbag.py:588} INFO - Filling up the DagBag from /home/airflow/.local/lib/python3.12/site-packages/airflow/example_dags/example_branch_operator.py
[2025-02-02T06:18:25.177+0000] {processor.py:925} INFO - DAG(s) 'example_branch_operator' retrieved from /home/airflow/.local/lib/python3.12/site-packages/airflow/example_dags/example_branch_operator.py
[2025-02-02T06:18:25.218+0000] {logging_mixin.py:190} INFO - [2025-02-02T06:18:25.218+0000] {dag.py:3239} INFO - Sync 1 DAGs
[2025-02-02T06:18:25.250+0000] {logging_mixin.py:190} INFO - [2025-02-02T06:18:25.250+0000] {dag.py:4180} INFO - Setting next_dagrun for example_branch_operator to 2025-02-01 00:00:00+00:00, run_after=2025-02-02 00:00:00+00:00
[2025-02-02T06:18:25.433+0000] {processor.py:208} INFO - Processing /home/airflow/.local/lib/python3.12/site-packages/airflow/example_dags/example_branch_operator.py took 0.313 seconds
[2025-02-02T06:18:55.565+0000] {processor.py:186} INFO - Started process (PID=978) to work on /home/airflow/.local/lib/python3.12/site-packages/airflow/example_dags/example_branch_operator.py
[2025-02-02T06:18:55.568+0000] {processor.py:914} INFO - Processing file /home/airflow/.local/lib/python3.12/site-packages/airflow/example_dags/example_branch_operator.py for tasks to queue
[2025-02-02T06:18:55.570+0000] {logging_mixin.py:190} INFO - [2025-02-02T06:18:55.570+0000] {dagbag.py:588} INFO - Filling up the DagBag from /home/airflow/.local/lib/python3.12/site-packages/airflow/example_dags/example_branch_operator.py
[2025-02-02T06:18:55.586+0000] {processor.py:925} INFO - DAG(s) 'example_branch_operator' retrieved from /home/airflow/.local/lib/python3.12/site-packages/airflow/example_dags/example_branch_operator.py
[2025-02-02T06:18:55.614+0000] {logging_mixin.py:190} INFO - [2025-02-02T06:18:55.613+0000] {dag.py:3239} INFO - Sync 1 DAGs
[2025-02-02T06:18:55.641+0000] {logging_mixin.py:190} INFO - [2025-02-02T06:18:55.641+0000] {dag.py:4180} INFO - Setting next_dagrun for example_branch_operator to 2025-02-01 00:00:00+00:00, run_after=2025-02-02 00:00:00+00:00
[2025-02-02T06:18:55.661+0000] {processor.py:208} INFO - Processing /home/airflow/.local/lib/python3.12/site-packages/airflow/example_dags/example_branch_operator.py took 0.102 seconds
[2025-02-02T06:19:26.015+0000] {processor.py:186} INFO - Started process (PID=1279) to work on /home/airflow/.local/lib/python3.12/site-packages/airflow/example_dags/example_branch_operator.py
[2025-02-02T06:19:26.016+0000] {processor.py:914} INFO - Processing file /home/airflow/.local/lib/python3.12/site-packages/airflow/example_dags/example_branch_operator.py for tasks to queue
[2025-02-02T06:19:26.019+0000] {logging_mixin.py:190} INFO - [2025-02-02T06:19:26.018+0000] {dagbag.py:588} INFO - Filling up the DagBag from /home/airflow/.local/lib/python3.12/site-packages/airflow/example_dags/example_branch_operator.py
[2025-02-02T06:19:26.036+0000] {processor.py:925} INFO - DAG(s) 'example_branch_operator' retrieved from /home/airflow/.local/lib/python3.12/site-packages/airflow/example_dags/example_branch_operator.py
[2025-02-02T06:19:26.070+0000] {logging_mixin.py:190} INFO - [2025-02-02T06:19:26.069+0000] {dag.py:3239} INFO - Sync 1 DAGs
[2025-02-02T06:19:26.100+0000] {logging_mixin.py:190} INFO - [2025-02-02T06:19:26.100+0000] {dag.py:4180} INFO - Setting next_dagrun for example_branch_operator to 2025-02-01 00:00:00+00:00, run_after=2025-02-02 00:00:00+00:00
[2025-02-02T06:19:26.122+0000] {processor.py:208} INFO - Processing /home/airflow/.local/lib/python3.12/site-packages/airflow/example_dags/example_branch_operator.py took 0.113 seconds
[2025-02-02T06:19:56.254+0000] {processor.py:186} INFO - Started process (PID=1585) to work on /home/airflow/.local/lib/python3.12/site-packages/airflow/example_dags/example_branch_operator.py
[2025-02-02T06:19:56.256+0000] {processor.py:914} INFO - Processing file /home/airflow/.local/lib/python3.12/site-packages/airflow/example_dags/example_branch_operator.py for tasks to queue
[2025-02-02T06:19:56.258+0000] {logging_mixin.py:190} INFO - [2025-02-02T06:19:56.257+0000] {dagbag.py:588} INFO - Filling up the DagBag from /home/airflow/.local/lib/python3.12/site-packages/airflow/example_dags/example_branch_operator.py
[2025-02-02T06:19:56.273+0000] {processor.py:925} INFO - DAG(s) 'example_branch_operator' retrieved from /home/airflow/.local/lib/python3.12/site-packages/airflow/example_dags/example_branch_operator.py
[2025-02-02T06:19:56.301+0000] {logging_mixin.py:190} INFO - [2025-02-02T06:19:56.300+0000] {dag.py:3239} INFO - Sync 1 DAGs
[2025-02-02T06:19:56.324+0000] {logging_mixin.py:190} INFO - [2025-02-02T06:19:56.324+0000] {dag.py:4180} INFO - Setting next_dagrun for example_branch_operator to 2025-02-01 00:00:00+00:00, run_after=2025-02-02 00:00:00+00:00
[2025-02-02T06:19:56.346+0000] {processor.py:208} INFO - Processing /home/airflow/.local/lib/python3.12/site-packages/airflow/example_dags/example_branch_operator.py took 0.097 seconds
[2025-02-02T06:20:26.403+0000] {processor.py:186} INFO - Started process (PID=1889) to work on /home/airflow/.local/lib/python3.12/site-packages/airflow/example_dags/example_branch_operator.py
[2025-02-02T06:20:26.404+0000] {processor.py:914} INFO - Processing file /home/airflow/.local/lib/python3.12/site-packages/airflow/example_dags/example_branch_operator.py for tasks to queue
[2025-02-02T06:20:26.407+0000] {logging_mixin.py:190} INFO - [2025-02-02T06:20:26.406+0000] {dagbag.py:588} INFO - Filling up the DagBag from /home/airflow/.local/lib/python3.12/site-packages/airflow/example_dags/example_branch_operator.py
[2025-02-02T06:20:26.423+0000] {processor.py:925} INFO - DAG(s) 'example_branch_operator' retrieved from /home/airflow/.local/lib/python3.12/site-packages/airflow/example_dags/example_branch_operator.py
[2025-02-02T06:20:26.460+0000] {logging_mixin.py:190} INFO - [2025-02-02T06:20:26.460+0000] {dag.py:3239} INFO - Sync 1 DAGs
[2025-02-02T06:20:26.497+0000] {logging_mixin.py:190} INFO - [2025-02-02T06:20:26.497+0000] {dag.py:4180} INFO - Setting next_dagrun for example_branch_operator to 2025-02-01 00:00:00+00:00, run_after=2025-02-02 00:00:00+00:00
[2025-02-02T06:20:26.527+0000] {processor.py:208} INFO - Processing /home/airflow/.local/lib/python3.12/site-packages/airflow/example_dags/example_branch_operator.py took 0.129 seconds
