[2025-02-02T04:26:50.233+0000] {processor.py:186} INFO - Started process (PID=299) to work on /home/airflow/.local/lib/python3.12/site-packages/airflow/example_dags/example_dataset_alias.py
[2025-02-02T04:26:50.234+0000] {processor.py:914} INFO - Processing file /home/airflow/.local/lib/python3.12/site-packages/airflow/example_dags/example_dataset_alias.py for tasks to queue
[2025-02-02T04:26:50.236+0000] {logging_mixin.py:190} INFO - [2025-02-02T04:26:50.236+0000] {dagbag.py:588} INFO - Filling up the DagBag from /home/airflow/.local/lib/python3.12/site-packages/airflow/example_dags/example_dataset_alias.py
[2025-02-02T04:26:50.768+0000] {processor.py:925} INFO - DAG(s) 'dataset_alias_example_alias_consumer', 'dataset_s3_bucket_consumer', 'dataset_s3_bucket_producer', 'dataset_alias_example_alias_producer' retrieved from /home/airflow/.local/lib/python3.12/site-packages/airflow/example_dags/example_dataset_alias.py
[2025-02-02T04:26:50.794+0000] {logging_mixin.py:190} INFO - [2025-02-02T04:26:50.794+0000] {dag.py:3239} INFO - Sync 4 DAGs
[2025-02-02T04:26:50.822+0000] {logging_mixin.py:190} INFO - [2025-02-02T04:26:50.821+0000] {dag.py:4180} INFO - Setting next_dagrun for dataset_alias_example_alias_consumer to None, run_after=None
[2025-02-02T04:26:50.827+0000] {logging_mixin.py:190} INFO - [2025-02-02T04:26:50.827+0000] {dag.py:4180} INFO - Setting next_dagrun for dataset_alias_example_alias_producer to None, run_after=None
[2025-02-02T04:26:50.829+0000] {logging_mixin.py:190} INFO - [2025-02-02T04:26:50.829+0000] {dag.py:4180} INFO - Setting next_dagrun for dataset_s3_bucket_consumer to None, run_after=None
[2025-02-02T04:26:50.830+0000] {logging_mixin.py:190} INFO - [2025-02-02T04:26:50.830+0000] {dag.py:4180} INFO - Setting next_dagrun for dataset_s3_bucket_producer to None, run_after=None
[2025-02-02T04:26:50.859+0000] {processor.py:208} INFO - Processing /home/airflow/.local/lib/python3.12/site-packages/airflow/example_dags/example_dataset_alias.py took 0.634 seconds
[2025-02-02T04:27:21.500+0000] {processor.py:186} INFO - Started process (PID=586) to work on /home/airflow/.local/lib/python3.12/site-packages/airflow/example_dags/example_dataset_alias.py
[2025-02-02T04:27:21.502+0000] {processor.py:914} INFO - Processing file /home/airflow/.local/lib/python3.12/site-packages/airflow/example_dags/example_dataset_alias.py for tasks to queue
[2025-02-02T04:27:21.504+0000] {logging_mixin.py:190} INFO - [2025-02-02T04:27:21.504+0000] {dagbag.py:588} INFO - Filling up the DagBag from /home/airflow/.local/lib/python3.12/site-packages/airflow/example_dags/example_dataset_alias.py
[2025-02-02T04:27:21.717+0000] {processor.py:925} INFO - DAG(s) 'dataset_s3_bucket_producer', 'dataset_s3_bucket_consumer', 'dataset_alias_example_alias_consumer', 'dataset_alias_example_alias_producer' retrieved from /home/airflow/.local/lib/python3.12/site-packages/airflow/example_dags/example_dataset_alias.py
[2025-02-02T04:27:21.741+0000] {logging_mixin.py:190} INFO - [2025-02-02T04:27:21.740+0000] {dag.py:3239} INFO - Sync 4 DAGs
[2025-02-02T04:27:21.761+0000] {logging_mixin.py:190} INFO - [2025-02-02T04:27:21.761+0000] {dag.py:4180} INFO - Setting next_dagrun for dataset_alias_example_alias_consumer to None, run_after=None
[2025-02-02T04:27:21.764+0000] {logging_mixin.py:190} INFO - [2025-02-02T04:27:21.763+0000] {dag.py:4180} INFO - Setting next_dagrun for dataset_alias_example_alias_producer to None, run_after=None
[2025-02-02T04:27:21.765+0000] {logging_mixin.py:190} INFO - [2025-02-02T04:27:21.765+0000] {dag.py:4180} INFO - Setting next_dagrun for dataset_s3_bucket_consumer to None, run_after=None
[2025-02-02T04:27:21.766+0000] {logging_mixin.py:190} INFO - [2025-02-02T04:27:21.766+0000] {dag.py:4180} INFO - Setting next_dagrun for dataset_s3_bucket_producer to None, run_after=None
[2025-02-02T04:27:21.789+0000] {processor.py:208} INFO - Processing /home/airflow/.local/lib/python3.12/site-packages/airflow/example_dags/example_dataset_alias.py took 0.295 seconds
[2025-02-02T04:27:51.906+0000] {processor.py:186} INFO - Started process (PID=872) to work on /home/airflow/.local/lib/python3.12/site-packages/airflow/example_dags/example_dataset_alias.py
[2025-02-02T04:27:51.907+0000] {processor.py:914} INFO - Processing file /home/airflow/.local/lib/python3.12/site-packages/airflow/example_dags/example_dataset_alias.py for tasks to queue
[2025-02-02T04:27:51.910+0000] {logging_mixin.py:190} INFO - [2025-02-02T04:27:51.910+0000] {dagbag.py:588} INFO - Filling up the DagBag from /home/airflow/.local/lib/python3.12/site-packages/airflow/example_dags/example_dataset_alias.py
[2025-02-02T04:27:52.069+0000] {processor.py:925} INFO - DAG(s) 'dataset_s3_bucket_consumer', 'dataset_alias_example_alias_producer', 'dataset_alias_example_alias_consumer', 'dataset_s3_bucket_producer' retrieved from /home/airflow/.local/lib/python3.12/site-packages/airflow/example_dags/example_dataset_alias.py
[2025-02-02T04:27:52.098+0000] {logging_mixin.py:190} INFO - [2025-02-02T04:27:52.098+0000] {dag.py:3239} INFO - Sync 4 DAGs
[2025-02-02T04:27:52.126+0000] {logging_mixin.py:190} INFO - [2025-02-02T04:27:52.126+0000] {dag.py:4180} INFO - Setting next_dagrun for dataset_alias_example_alias_consumer to None, run_after=None
[2025-02-02T04:27:52.130+0000] {logging_mixin.py:190} INFO - [2025-02-02T04:27:52.130+0000] {dag.py:4180} INFO - Setting next_dagrun for dataset_alias_example_alias_producer to None, run_after=None
[2025-02-02T04:27:52.132+0000] {logging_mixin.py:190} INFO - [2025-02-02T04:27:52.132+0000] {dag.py:4180} INFO - Setting next_dagrun for dataset_s3_bucket_consumer to None, run_after=None
[2025-02-02T04:27:52.135+0000] {logging_mixin.py:190} INFO - [2025-02-02T04:27:52.134+0000] {dag.py:4180} INFO - Setting next_dagrun for dataset_s3_bucket_producer to None, run_after=None
[2025-02-02T04:27:52.161+0000] {processor.py:208} INFO - Processing /home/airflow/.local/lib/python3.12/site-packages/airflow/example_dags/example_dataset_alias.py took 0.264 seconds
[2025-02-02T04:28:22.327+0000] {processor.py:186} INFO - Started process (PID=1158) to work on /home/airflow/.local/lib/python3.12/site-packages/airflow/example_dags/example_dataset_alias.py
[2025-02-02T04:28:22.328+0000] {processor.py:914} INFO - Processing file /home/airflow/.local/lib/python3.12/site-packages/airflow/example_dags/example_dataset_alias.py for tasks to queue
[2025-02-02T04:28:22.331+0000] {logging_mixin.py:190} INFO - [2025-02-02T04:28:22.331+0000] {dagbag.py:588} INFO - Filling up the DagBag from /home/airflow/.local/lib/python3.12/site-packages/airflow/example_dags/example_dataset_alias.py
[2025-02-02T04:28:22.547+0000] {processor.py:925} INFO - DAG(s) 'dataset_s3_bucket_producer', 'dataset_alias_example_alias_consumer', 'dataset_alias_example_alias_producer', 'dataset_s3_bucket_consumer' retrieved from /home/airflow/.local/lib/python3.12/site-packages/airflow/example_dags/example_dataset_alias.py
[2025-02-02T04:28:22.573+0000] {logging_mixin.py:190} INFO - [2025-02-02T04:28:22.573+0000] {dag.py:3239} INFO - Sync 4 DAGs
[2025-02-02T04:28:22.600+0000] {logging_mixin.py:190} INFO - [2025-02-02T04:28:22.599+0000] {dag.py:4180} INFO - Setting next_dagrun for dataset_alias_example_alias_consumer to None, run_after=None
[2025-02-02T04:28:22.606+0000] {logging_mixin.py:190} INFO - [2025-02-02T04:28:22.605+0000] {dag.py:4180} INFO - Setting next_dagrun for dataset_alias_example_alias_producer to None, run_after=None
[2025-02-02T04:28:22.608+0000] {logging_mixin.py:190} INFO - [2025-02-02T04:28:22.607+0000] {dag.py:4180} INFO - Setting next_dagrun for dataset_s3_bucket_consumer to None, run_after=None
[2025-02-02T04:28:22.609+0000] {logging_mixin.py:190} INFO - [2025-02-02T04:28:22.609+0000] {dag.py:4180} INFO - Setting next_dagrun for dataset_s3_bucket_producer to None, run_after=None
[2025-02-02T04:28:22.637+0000] {processor.py:208} INFO - Processing /home/airflow/.local/lib/python3.12/site-packages/airflow/example_dags/example_dataset_alias.py took 0.321 seconds
[2025-02-02T04:28:53.061+0000] {processor.py:186} INFO - Started process (PID=1444) to work on /home/airflow/.local/lib/python3.12/site-packages/airflow/example_dags/example_dataset_alias.py
[2025-02-02T04:28:53.062+0000] {processor.py:914} INFO - Processing file /home/airflow/.local/lib/python3.12/site-packages/airflow/example_dags/example_dataset_alias.py for tasks to queue
[2025-02-02T04:28:53.065+0000] {logging_mixin.py:190} INFO - [2025-02-02T04:28:53.064+0000] {dagbag.py:588} INFO - Filling up the DagBag from /home/airflow/.local/lib/python3.12/site-packages/airflow/example_dags/example_dataset_alias.py
[2025-02-02T04:28:53.323+0000] {processor.py:925} INFO - DAG(s) 'dataset_alias_example_alias_producer', 'dataset_s3_bucket_producer', 'dataset_alias_example_alias_consumer', 'dataset_s3_bucket_consumer' retrieved from /home/airflow/.local/lib/python3.12/site-packages/airflow/example_dags/example_dataset_alias.py
[2025-02-02T04:28:53.361+0000] {logging_mixin.py:190} INFO - [2025-02-02T04:28:53.361+0000] {dag.py:3239} INFO - Sync 4 DAGs
[2025-02-02T04:28:53.417+0000] {logging_mixin.py:190} INFO - [2025-02-02T04:28:53.416+0000] {dag.py:4180} INFO - Setting next_dagrun for dataset_alias_example_alias_consumer to None, run_after=None
[2025-02-02T04:28:53.423+0000] {logging_mixin.py:190} INFO - [2025-02-02T04:28:53.423+0000] {dag.py:4180} INFO - Setting next_dagrun for dataset_alias_example_alias_producer to None, run_after=None
[2025-02-02T04:28:53.433+0000] {logging_mixin.py:190} INFO - [2025-02-02T04:28:53.432+0000] {dag.py:4180} INFO - Setting next_dagrun for dataset_s3_bucket_consumer to None, run_after=None
[2025-02-02T04:28:53.436+0000] {logging_mixin.py:190} INFO - [2025-02-02T04:28:53.435+0000] {dag.py:4180} INFO - Setting next_dagrun for dataset_s3_bucket_producer to None, run_after=None
[2025-02-02T04:28:53.489+0000] {processor.py:208} INFO - Processing /home/airflow/.local/lib/python3.12/site-packages/airflow/example_dags/example_dataset_alias.py took 0.436 seconds
[2025-02-02T04:29:23.886+0000] {processor.py:186} INFO - Started process (PID=1736) to work on /home/airflow/.local/lib/python3.12/site-packages/airflow/example_dags/example_dataset_alias.py
[2025-02-02T04:29:23.888+0000] {processor.py:914} INFO - Processing file /home/airflow/.local/lib/python3.12/site-packages/airflow/example_dags/example_dataset_alias.py for tasks to queue
[2025-02-02T04:29:23.891+0000] {logging_mixin.py:190} INFO - [2025-02-02T04:29:23.890+0000] {dagbag.py:588} INFO - Filling up the DagBag from /home/airflow/.local/lib/python3.12/site-packages/airflow/example_dags/example_dataset_alias.py
[2025-02-02T04:29:24.189+0000] {processor.py:925} INFO - DAG(s) 'dataset_alias_example_alias_producer', 'dataset_s3_bucket_consumer', 'dataset_s3_bucket_producer', 'dataset_alias_example_alias_consumer' retrieved from /home/airflow/.local/lib/python3.12/site-packages/airflow/example_dags/example_dataset_alias.py
[2025-02-02T04:29:24.223+0000] {logging_mixin.py:190} INFO - [2025-02-02T04:29:24.222+0000] {dag.py:3239} INFO - Sync 4 DAGs
[2025-02-02T04:29:24.265+0000] {logging_mixin.py:190} INFO - [2025-02-02T04:29:24.265+0000] {dag.py:4180} INFO - Setting next_dagrun for dataset_alias_example_alias_consumer to None, run_after=None
[2025-02-02T04:29:24.270+0000] {logging_mixin.py:190} INFO - [2025-02-02T04:29:24.269+0000] {dag.py:4180} INFO - Setting next_dagrun for dataset_alias_example_alias_producer to None, run_after=None
[2025-02-02T04:29:24.272+0000] {logging_mixin.py:190} INFO - [2025-02-02T04:29:24.272+0000] {dag.py:4180} INFO - Setting next_dagrun for dataset_s3_bucket_consumer to None, run_after=None
[2025-02-02T04:29:24.274+0000] {logging_mixin.py:190} INFO - [2025-02-02T04:29:24.274+0000] {dag.py:4180} INFO - Setting next_dagrun for dataset_s3_bucket_producer to None, run_after=None
[2025-02-02T04:29:24.332+0000] {processor.py:208} INFO - Processing /home/airflow/.local/lib/python3.12/site-packages/airflow/example_dags/example_dataset_alias.py took 0.456 seconds
[2025-02-02T04:29:55.165+0000] {processor.py:186} INFO - Started process (PID=2022) to work on /home/airflow/.local/lib/python3.12/site-packages/airflow/example_dags/example_dataset_alias.py
[2025-02-02T04:29:55.166+0000] {processor.py:914} INFO - Processing file /home/airflow/.local/lib/python3.12/site-packages/airflow/example_dags/example_dataset_alias.py for tasks to queue
[2025-02-02T04:29:55.169+0000] {logging_mixin.py:190} INFO - [2025-02-02T04:29:55.169+0000] {dagbag.py:588} INFO - Filling up the DagBag from /home/airflow/.local/lib/python3.12/site-packages/airflow/example_dags/example_dataset_alias.py
[2025-02-02T04:29:55.408+0000] {processor.py:925} INFO - DAG(s) 'dataset_alias_example_alias_producer', 'dataset_s3_bucket_producer', 'dataset_alias_example_alias_consumer', 'dataset_s3_bucket_consumer' retrieved from /home/airflow/.local/lib/python3.12/site-packages/airflow/example_dags/example_dataset_alias.py
[2025-02-02T04:29:55.431+0000] {logging_mixin.py:190} INFO - [2025-02-02T04:29:55.431+0000] {dag.py:3239} INFO - Sync 4 DAGs
[2025-02-02T04:29:55.452+0000] {logging_mixin.py:190} INFO - [2025-02-02T04:29:55.452+0000] {dag.py:4180} INFO - Setting next_dagrun for dataset_alias_example_alias_consumer to None, run_after=None
[2025-02-02T04:29:55.455+0000] {logging_mixin.py:190} INFO - [2025-02-02T04:29:55.455+0000] {dag.py:4180} INFO - Setting next_dagrun for dataset_alias_example_alias_producer to None, run_after=None
[2025-02-02T04:29:55.456+0000] {logging_mixin.py:190} INFO - [2025-02-02T04:29:55.456+0000] {dag.py:4180} INFO - Setting next_dagrun for dataset_s3_bucket_consumer to None, run_after=None
[2025-02-02T04:29:55.457+0000] {logging_mixin.py:190} INFO - [2025-02-02T04:29:55.457+0000] {dag.py:4180} INFO - Setting next_dagrun for dataset_s3_bucket_producer to None, run_after=None
[2025-02-02T04:29:55.486+0000] {processor.py:208} INFO - Processing /home/airflow/.local/lib/python3.12/site-packages/airflow/example_dags/example_dataset_alias.py took 0.331 seconds
[2025-02-02T04:30:26.250+0000] {processor.py:186} INFO - Started process (PID=2308) to work on /home/airflow/.local/lib/python3.12/site-packages/airflow/example_dags/example_dataset_alias.py
[2025-02-02T04:30:26.253+0000] {processor.py:914} INFO - Processing file /home/airflow/.local/lib/python3.12/site-packages/airflow/example_dags/example_dataset_alias.py for tasks to queue
[2025-02-02T04:30:26.257+0000] {logging_mixin.py:190} INFO - [2025-02-02T04:30:26.257+0000] {dagbag.py:588} INFO - Filling up the DagBag from /home/airflow/.local/lib/python3.12/site-packages/airflow/example_dags/example_dataset_alias.py
[2025-02-02T04:30:26.760+0000] {processor.py:925} INFO - DAG(s) 'dataset_alias_example_alias_producer', 'dataset_s3_bucket_producer', 'dataset_alias_example_alias_consumer', 'dataset_s3_bucket_consumer' retrieved from /home/airflow/.local/lib/python3.12/site-packages/airflow/example_dags/example_dataset_alias.py
[2025-02-02T04:30:26.795+0000] {logging_mixin.py:190} INFO - [2025-02-02T04:30:26.794+0000] {dag.py:3239} INFO - Sync 4 DAGs
[2025-02-02T04:30:26.826+0000] {logging_mixin.py:190} INFO - [2025-02-02T04:30:26.825+0000] {dag.py:4180} INFO - Setting next_dagrun for dataset_alias_example_alias_consumer to None, run_after=None
[2025-02-02T04:30:26.830+0000] {logging_mixin.py:190} INFO - [2025-02-02T04:30:26.829+0000] {dag.py:4180} INFO - Setting next_dagrun for dataset_alias_example_alias_producer to None, run_after=None
[2025-02-02T04:30:26.832+0000] {logging_mixin.py:190} INFO - [2025-02-02T04:30:26.832+0000] {dag.py:4180} INFO - Setting next_dagrun for dataset_s3_bucket_consumer to None, run_after=None
[2025-02-02T04:30:26.834+0000] {logging_mixin.py:190} INFO - [2025-02-02T04:30:26.834+0000] {dag.py:4180} INFO - Setting next_dagrun for dataset_s3_bucket_producer to None, run_after=None
[2025-02-02T04:30:26.875+0000] {processor.py:208} INFO - Processing /home/airflow/.local/lib/python3.12/site-packages/airflow/example_dags/example_dataset_alias.py took 0.636 seconds
[2025-02-02T04:30:57.423+0000] {processor.py:186} INFO - Started process (PID=2592) to work on /home/airflow/.local/lib/python3.12/site-packages/airflow/example_dags/example_dataset_alias.py
[2025-02-02T04:30:57.425+0000] {processor.py:914} INFO - Processing file /home/airflow/.local/lib/python3.12/site-packages/airflow/example_dags/example_dataset_alias.py for tasks to queue
[2025-02-02T04:30:57.429+0000] {logging_mixin.py:190} INFO - [2025-02-02T04:30:57.427+0000] {dagbag.py:588} INFO - Filling up the DagBag from /home/airflow/.local/lib/python3.12/site-packages/airflow/example_dags/example_dataset_alias.py
[2025-02-02T04:30:57.926+0000] {processor.py:925} INFO - DAG(s) 'dataset_s3_bucket_consumer', 'dataset_alias_example_alias_producer', 'dataset_s3_bucket_producer', 'dataset_alias_example_alias_consumer' retrieved from /home/airflow/.local/lib/python3.12/site-packages/airflow/example_dags/example_dataset_alias.py
[2025-02-02T04:30:57.985+0000] {logging_mixin.py:190} INFO - [2025-02-02T04:30:57.978+0000] {dag.py:3239} INFO - Sync 4 DAGs
[2025-02-02T04:30:58.068+0000] {logging_mixin.py:190} INFO - [2025-02-02T04:30:58.067+0000] {dag.py:4180} INFO - Setting next_dagrun for dataset_alias_example_alias_consumer to None, run_after=None
[2025-02-02T04:30:58.072+0000] {logging_mixin.py:190} INFO - [2025-02-02T04:30:58.072+0000] {dag.py:4180} INFO - Setting next_dagrun for dataset_alias_example_alias_producer to None, run_after=None
[2025-02-02T04:30:58.075+0000] {logging_mixin.py:190} INFO - [2025-02-02T04:30:58.075+0000] {dag.py:4180} INFO - Setting next_dagrun for dataset_s3_bucket_consumer to None, run_after=None
[2025-02-02T04:30:58.078+0000] {logging_mixin.py:190} INFO - [2025-02-02T04:30:58.078+0000] {dag.py:4180} INFO - Setting next_dagrun for dataset_s3_bucket_producer to None, run_after=None
[2025-02-02T04:30:58.392+0000] {processor.py:208} INFO - Processing /home/airflow/.local/lib/python3.12/site-packages/airflow/example_dags/example_dataset_alias.py took 0.977 seconds
[2025-02-02T04:31:29.239+0000] {processor.py:186} INFO - Started process (PID=2879) to work on /home/airflow/.local/lib/python3.12/site-packages/airflow/example_dags/example_dataset_alias.py
[2025-02-02T04:31:29.241+0000] {processor.py:914} INFO - Processing file /home/airflow/.local/lib/python3.12/site-packages/airflow/example_dags/example_dataset_alias.py for tasks to queue
[2025-02-02T04:31:29.243+0000] {logging_mixin.py:190} INFO - [2025-02-02T04:31:29.243+0000] {dagbag.py:588} INFO - Filling up the DagBag from /home/airflow/.local/lib/python3.12/site-packages/airflow/example_dags/example_dataset_alias.py
[2025-02-02T04:31:29.514+0000] {processor.py:925} INFO - DAG(s) 'dataset_alias_example_alias_consumer', 'dataset_alias_example_alias_producer', 'dataset_s3_bucket_consumer', 'dataset_s3_bucket_producer' retrieved from /home/airflow/.local/lib/python3.12/site-packages/airflow/example_dags/example_dataset_alias.py
[2025-02-02T04:31:29.544+0000] {logging_mixin.py:190} INFO - [2025-02-02T04:31:29.543+0000] {dag.py:3239} INFO - Sync 4 DAGs
[2025-02-02T04:31:29.577+0000] {logging_mixin.py:190} INFO - [2025-02-02T04:31:29.577+0000] {dag.py:4180} INFO - Setting next_dagrun for dataset_alias_example_alias_consumer to None, run_after=None
[2025-02-02T04:31:29.581+0000] {logging_mixin.py:190} INFO - [2025-02-02T04:31:29.581+0000] {dag.py:4180} INFO - Setting next_dagrun for dataset_alias_example_alias_producer to None, run_after=None
[2025-02-02T04:31:29.584+0000] {logging_mixin.py:190} INFO - [2025-02-02T04:31:29.583+0000] {dag.py:4180} INFO - Setting next_dagrun for dataset_s3_bucket_consumer to None, run_after=None
[2025-02-02T04:31:29.585+0000] {logging_mixin.py:190} INFO - [2025-02-02T04:31:29.585+0000] {dag.py:4180} INFO - Setting next_dagrun for dataset_s3_bucket_producer to None, run_after=None
[2025-02-02T04:31:29.616+0000] {processor.py:208} INFO - Processing /home/airflow/.local/lib/python3.12/site-packages/airflow/example_dags/example_dataset_alias.py took 0.382 seconds
[2025-02-02T04:33:54.874+0000] {processor.py:186} INFO - Started process (PID=3201) to work on /home/airflow/.local/lib/python3.12/site-packages/airflow/example_dags/example_dataset_alias.py
[2025-02-02T04:33:54.876+0000] {processor.py:914} INFO - Processing file /home/airflow/.local/lib/python3.12/site-packages/airflow/example_dags/example_dataset_alias.py for tasks to queue
[2025-02-02T04:33:54.879+0000] {logging_mixin.py:190} INFO - [2025-02-02T04:33:54.878+0000] {dagbag.py:588} INFO - Filling up the DagBag from /home/airflow/.local/lib/python3.12/site-packages/airflow/example_dags/example_dataset_alias.py
[2025-02-02T04:33:55.210+0000] {processor.py:925} INFO - DAG(s) 'dataset_s3_bucket_producer', 'dataset_s3_bucket_consumer', 'dataset_alias_example_alias_consumer', 'dataset_alias_example_alias_producer' retrieved from /home/airflow/.local/lib/python3.12/site-packages/airflow/example_dags/example_dataset_alias.py
[2025-02-02T04:33:55.248+0000] {logging_mixin.py:190} INFO - [2025-02-02T04:33:55.248+0000] {dag.py:3239} INFO - Sync 4 DAGs
[2025-02-02T04:33:55.292+0000] {logging_mixin.py:190} INFO - [2025-02-02T04:33:55.292+0000] {dag.py:4180} INFO - Setting next_dagrun for dataset_alias_example_alias_consumer to None, run_after=None
[2025-02-02T04:33:55.299+0000] {logging_mixin.py:190} INFO - [2025-02-02T04:33:55.299+0000] {dag.py:4180} INFO - Setting next_dagrun for dataset_alias_example_alias_producer to None, run_after=None
[2025-02-02T04:33:55.301+0000] {logging_mixin.py:190} INFO - [2025-02-02T04:33:55.301+0000] {dag.py:4180} INFO - Setting next_dagrun for dataset_s3_bucket_consumer to None, run_after=None
[2025-02-02T04:33:55.304+0000] {logging_mixin.py:190} INFO - [2025-02-02T04:33:55.303+0000] {dag.py:4180} INFO - Setting next_dagrun for dataset_s3_bucket_producer to None, run_after=None
[2025-02-02T04:33:55.351+0000] {processor.py:208} INFO - Processing /home/airflow/.local/lib/python3.12/site-packages/airflow/example_dags/example_dataset_alias.py took 0.485 seconds
[2025-02-02T04:34:28.079+0000] {processor.py:186} INFO - Started process (PID=3496) to work on /home/airflow/.local/lib/python3.12/site-packages/airflow/example_dags/example_dataset_alias.py
[2025-02-02T04:34:28.081+0000] {processor.py:914} INFO - Processing file /home/airflow/.local/lib/python3.12/site-packages/airflow/example_dags/example_dataset_alias.py for tasks to queue
[2025-02-02T04:34:28.085+0000] {logging_mixin.py:190} INFO - [2025-02-02T04:34:28.084+0000] {dagbag.py:588} INFO - Filling up the DagBag from /home/airflow/.local/lib/python3.12/site-packages/airflow/example_dags/example_dataset_alias.py
[2025-02-02T04:34:28.381+0000] {processor.py:925} INFO - DAG(s) 'dataset_alias_example_alias_consumer', 'dataset_s3_bucket_producer', 'dataset_s3_bucket_consumer', 'dataset_alias_example_alias_producer' retrieved from /home/airflow/.local/lib/python3.12/site-packages/airflow/example_dags/example_dataset_alias.py
[2025-02-02T04:34:28.416+0000] {logging_mixin.py:190} INFO - [2025-02-02T04:34:28.415+0000] {dag.py:3239} INFO - Sync 4 DAGs
[2025-02-02T04:34:28.451+0000] {logging_mixin.py:190} INFO - [2025-02-02T04:34:28.450+0000] {dag.py:4180} INFO - Setting next_dagrun for dataset_alias_example_alias_consumer to None, run_after=None
[2025-02-02T04:34:28.455+0000] {logging_mixin.py:190} INFO - [2025-02-02T04:34:28.454+0000] {dag.py:4180} INFO - Setting next_dagrun for dataset_alias_example_alias_producer to None, run_after=None
[2025-02-02T04:34:28.456+0000] {logging_mixin.py:190} INFO - [2025-02-02T04:34:28.456+0000] {dag.py:4180} INFO - Setting next_dagrun for dataset_s3_bucket_consumer to None, run_after=None
[2025-02-02T04:34:28.458+0000] {logging_mixin.py:190} INFO - [2025-02-02T04:34:28.458+0000] {dag.py:4180} INFO - Setting next_dagrun for dataset_s3_bucket_producer to None, run_after=None
[2025-02-02T04:34:28.496+0000] {processor.py:208} INFO - Processing /home/airflow/.local/lib/python3.12/site-packages/airflow/example_dags/example_dataset_alias.py took 0.428 seconds
[2025-02-02T04:38:17.011+0000] {processor.py:186} INFO - Started process (PID=3798) to work on /home/airflow/.local/lib/python3.12/site-packages/airflow/example_dags/example_dataset_alias.py
[2025-02-02T04:38:17.020+0000] {processor.py:914} INFO - Processing file /home/airflow/.local/lib/python3.12/site-packages/airflow/example_dags/example_dataset_alias.py for tasks to queue
[2025-02-02T04:38:17.034+0000] {logging_mixin.py:190} INFO - [2025-02-02T04:38:17.033+0000] {dagbag.py:588} INFO - Filling up the DagBag from /home/airflow/.local/lib/python3.12/site-packages/airflow/example_dags/example_dataset_alias.py
[2025-02-02T04:38:18.456+0000] {processor.py:925} INFO - DAG(s) 'dataset_s3_bucket_producer', 'dataset_alias_example_alias_consumer', 'dataset_alias_example_alias_producer', 'dataset_s3_bucket_consumer' retrieved from /home/airflow/.local/lib/python3.12/site-packages/airflow/example_dags/example_dataset_alias.py
[2025-02-02T04:38:18.537+0000] {logging_mixin.py:190} INFO - [2025-02-02T04:38:18.535+0000] {dag.py:3239} INFO - Sync 4 DAGs
[2025-02-02T04:38:18.643+0000] {logging_mixin.py:190} INFO - [2025-02-02T04:38:18.643+0000] {dag.py:4180} INFO - Setting next_dagrun for dataset_alias_example_alias_consumer to None, run_after=None
[2025-02-02T04:38:18.649+0000] {logging_mixin.py:190} INFO - [2025-02-02T04:38:18.648+0000] {dag.py:4180} INFO - Setting next_dagrun for dataset_alias_example_alias_producer to None, run_after=None
[2025-02-02T04:38:18.653+0000] {logging_mixin.py:190} INFO - [2025-02-02T04:38:18.652+0000] {dag.py:4180} INFO - Setting next_dagrun for dataset_s3_bucket_consumer to None, run_after=None
[2025-02-02T04:38:18.655+0000] {logging_mixin.py:190} INFO - [2025-02-02T04:38:18.655+0000] {dag.py:4180} INFO - Setting next_dagrun for dataset_s3_bucket_producer to None, run_after=None
[2025-02-02T04:38:18.777+0000] {processor.py:208} INFO - Processing /home/airflow/.local/lib/python3.12/site-packages/airflow/example_dags/example_dataset_alias.py took 1.794 seconds
[2025-02-02T04:41:00.913+0000] {processor.py:186} INFO - Started process (PID=4023) to work on /home/airflow/.local/lib/python3.12/site-packages/airflow/example_dags/example_dataset_alias.py
[2025-02-02T04:41:00.915+0000] {processor.py:914} INFO - Processing file /home/airflow/.local/lib/python3.12/site-packages/airflow/example_dags/example_dataset_alias.py for tasks to queue
[2025-02-02T04:41:00.917+0000] {logging_mixin.py:190} INFO - [2025-02-02T04:41:00.916+0000] {dagbag.py:588} INFO - Filling up the DagBag from /home/airflow/.local/lib/python3.12/site-packages/airflow/example_dags/example_dataset_alias.py
[2025-02-02T04:41:01.430+0000] {processor.py:925} INFO - DAG(s) 'dataset_alias_example_alias_producer', 'dataset_alias_example_alias_consumer', 'dataset_s3_bucket_consumer', 'dataset_s3_bucket_producer' retrieved from /home/airflow/.local/lib/python3.12/site-packages/airflow/example_dags/example_dataset_alias.py
[2025-02-02T04:41:01.470+0000] {logging_mixin.py:190} INFO - [2025-02-02T04:41:01.470+0000] {dag.py:3239} INFO - Sync 4 DAGs
[2025-02-02T04:41:01.525+0000] {logging_mixin.py:190} INFO - [2025-02-02T04:41:01.524+0000] {dag.py:4180} INFO - Setting next_dagrun for dataset_alias_example_alias_consumer to None, run_after=None
[2025-02-02T04:41:01.529+0000] {logging_mixin.py:190} INFO - [2025-02-02T04:41:01.529+0000] {dag.py:4180} INFO - Setting next_dagrun for dataset_alias_example_alias_producer to None, run_after=None
[2025-02-02T04:41:01.532+0000] {logging_mixin.py:190} INFO - [2025-02-02T04:41:01.531+0000] {dag.py:4180} INFO - Setting next_dagrun for dataset_s3_bucket_consumer to None, run_after=None
[2025-02-02T04:41:01.534+0000] {logging_mixin.py:190} INFO - [2025-02-02T04:41:01.534+0000] {dag.py:4180} INFO - Setting next_dagrun for dataset_s3_bucket_producer to None, run_after=None
[2025-02-02T04:41:01.578+0000] {processor.py:208} INFO - Processing /home/airflow/.local/lib/python3.12/site-packages/airflow/example_dags/example_dataset_alias.py took 0.679 seconds
[2025-02-02T06:17:51.739+0000] {processor.py:186} INFO - Started process (PID=293) to work on /home/airflow/.local/lib/python3.12/site-packages/airflow/example_dags/example_dataset_alias.py
[2025-02-02T06:17:51.740+0000] {processor.py:914} INFO - Processing file /home/airflow/.local/lib/python3.12/site-packages/airflow/example_dags/example_dataset_alias.py for tasks to queue
[2025-02-02T06:17:51.744+0000] {logging_mixin.py:190} INFO - [2025-02-02T06:17:51.743+0000] {dagbag.py:588} INFO - Filling up the DagBag from /home/airflow/.local/lib/python3.12/site-packages/airflow/example_dags/example_dataset_alias.py
[2025-02-02T06:17:52.364+0000] {processor.py:925} INFO - DAG(s) 'dataset_alias_example_alias_producer', 'dataset_s3_bucket_consumer', 'dataset_alias_example_alias_consumer', 'dataset_s3_bucket_producer' retrieved from /home/airflow/.local/lib/python3.12/site-packages/airflow/example_dags/example_dataset_alias.py
[2025-02-02T06:17:52.403+0000] {logging_mixin.py:190} INFO - [2025-02-02T06:17:52.403+0000] {dag.py:3239} INFO - Sync 4 DAGs
[2025-02-02T06:17:52.446+0000] {logging_mixin.py:190} INFO - [2025-02-02T06:17:52.446+0000] {dag.py:4180} INFO - Setting next_dagrun for dataset_alias_example_alias_consumer to None, run_after=None
[2025-02-02T06:17:52.453+0000] {logging_mixin.py:190} INFO - [2025-02-02T06:17:52.452+0000] {dag.py:4180} INFO - Setting next_dagrun for dataset_alias_example_alias_producer to None, run_after=None
[2025-02-02T06:17:52.455+0000] {logging_mixin.py:190} INFO - [2025-02-02T06:17:52.454+0000] {dag.py:4180} INFO - Setting next_dagrun for dataset_s3_bucket_consumer to None, run_after=None
[2025-02-02T06:17:52.457+0000] {logging_mixin.py:190} INFO - [2025-02-02T06:17:52.456+0000] {dag.py:4180} INFO - Setting next_dagrun for dataset_s3_bucket_producer to None, run_after=None
[2025-02-02T06:17:52.496+0000] {processor.py:208} INFO - Processing /home/airflow/.local/lib/python3.12/site-packages/airflow/example_dags/example_dataset_alias.py took 0.769 seconds
[2025-02-02T06:18:23.091+0000] {processor.py:186} INFO - Started process (PID=599) to work on /home/airflow/.local/lib/python3.12/site-packages/airflow/example_dags/example_dataset_alias.py
[2025-02-02T06:18:23.092+0000] {processor.py:914} INFO - Processing file /home/airflow/.local/lib/python3.12/site-packages/airflow/example_dags/example_dataset_alias.py for tasks to queue
[2025-02-02T06:18:23.094+0000] {logging_mixin.py:190} INFO - [2025-02-02T06:18:23.094+0000] {dagbag.py:588} INFO - Filling up the DagBag from /home/airflow/.local/lib/python3.12/site-packages/airflow/example_dags/example_dataset_alias.py
[2025-02-02T06:18:23.215+0000] {processor.py:925} INFO - DAG(s) 'dataset_alias_example_alias_producer', 'dataset_alias_example_alias_consumer', 'dataset_s3_bucket_consumer', 'dataset_s3_bucket_producer' retrieved from /home/airflow/.local/lib/python3.12/site-packages/airflow/example_dags/example_dataset_alias.py
[2025-02-02T06:18:23.241+0000] {logging_mixin.py:190} INFO - [2025-02-02T06:18:23.241+0000] {dag.py:3239} INFO - Sync 4 DAGs
[2025-02-02T06:18:23.270+0000] {logging_mixin.py:190} INFO - [2025-02-02T06:18:23.270+0000] {dag.py:4180} INFO - Setting next_dagrun for dataset_alias_example_alias_consumer to None, run_after=None
[2025-02-02T06:18:23.273+0000] {logging_mixin.py:190} INFO - [2025-02-02T06:18:23.273+0000] {dag.py:4180} INFO - Setting next_dagrun for dataset_alias_example_alias_producer to None, run_after=None
[2025-02-02T06:18:23.274+0000] {logging_mixin.py:190} INFO - [2025-02-02T06:18:23.274+0000] {dag.py:4180} INFO - Setting next_dagrun for dataset_s3_bucket_consumer to None, run_after=None
[2025-02-02T06:18:23.275+0000] {logging_mixin.py:190} INFO - [2025-02-02T06:18:23.275+0000] {dag.py:4180} INFO - Setting next_dagrun for dataset_s3_bucket_producer to None, run_after=None
[2025-02-02T06:18:23.317+0000] {processor.py:208} INFO - Processing /home/airflow/.local/lib/python3.12/site-packages/airflow/example_dags/example_dataset_alias.py took 0.233 seconds
[2025-02-02T06:18:53.531+0000] {processor.py:186} INFO - Started process (PID=905) to work on /home/airflow/.local/lib/python3.12/site-packages/airflow/example_dags/example_dataset_alias.py
[2025-02-02T06:18:53.533+0000] {processor.py:914} INFO - Processing file /home/airflow/.local/lib/python3.12/site-packages/airflow/example_dags/example_dataset_alias.py for tasks to queue
[2025-02-02T06:18:53.535+0000] {logging_mixin.py:190} INFO - [2025-02-02T06:18:53.535+0000] {dagbag.py:588} INFO - Filling up the DagBag from /home/airflow/.local/lib/python3.12/site-packages/airflow/example_dags/example_dataset_alias.py
[2025-02-02T06:18:53.653+0000] {processor.py:925} INFO - DAG(s) 'dataset_s3_bucket_consumer', 'dataset_alias_example_alias_producer', 'dataset_alias_example_alias_consumer', 'dataset_s3_bucket_producer' retrieved from /home/airflow/.local/lib/python3.12/site-packages/airflow/example_dags/example_dataset_alias.py
[2025-02-02T06:18:53.675+0000] {logging_mixin.py:190} INFO - [2025-02-02T06:18:53.674+0000] {dag.py:3239} INFO - Sync 4 DAGs
[2025-02-02T06:18:53.698+0000] {logging_mixin.py:190} INFO - [2025-02-02T06:18:53.698+0000] {dag.py:4180} INFO - Setting next_dagrun for dataset_alias_example_alias_consumer to None, run_after=None
[2025-02-02T06:18:53.700+0000] {logging_mixin.py:190} INFO - [2025-02-02T06:18:53.700+0000] {dag.py:4180} INFO - Setting next_dagrun for dataset_alias_example_alias_producer to None, run_after=None
[2025-02-02T06:18:53.702+0000] {logging_mixin.py:190} INFO - [2025-02-02T06:18:53.702+0000] {dag.py:4180} INFO - Setting next_dagrun for dataset_s3_bucket_consumer to None, run_after=None
[2025-02-02T06:18:53.703+0000] {logging_mixin.py:190} INFO - [2025-02-02T06:18:53.703+0000] {dag.py:4180} INFO - Setting next_dagrun for dataset_s3_bucket_producer to None, run_after=None
[2025-02-02T06:18:53.730+0000] {processor.py:208} INFO - Processing /home/airflow/.local/lib/python3.12/site-packages/airflow/example_dags/example_dataset_alias.py took 0.204 seconds
[2025-02-02T06:19:24.142+0000] {processor.py:186} INFO - Started process (PID=1211) to work on /home/airflow/.local/lib/python3.12/site-packages/airflow/example_dags/example_dataset_alias.py
[2025-02-02T06:19:24.143+0000] {processor.py:914} INFO - Processing file /home/airflow/.local/lib/python3.12/site-packages/airflow/example_dags/example_dataset_alias.py for tasks to queue
[2025-02-02T06:19:24.145+0000] {logging_mixin.py:190} INFO - [2025-02-02T06:19:24.145+0000] {dagbag.py:588} INFO - Filling up the DagBag from /home/airflow/.local/lib/python3.12/site-packages/airflow/example_dags/example_dataset_alias.py
[2025-02-02T06:19:24.301+0000] {processor.py:925} INFO - DAG(s) 'dataset_s3_bucket_consumer', 'dataset_alias_example_alias_consumer', 'dataset_alias_example_alias_producer', 'dataset_s3_bucket_producer' retrieved from /home/airflow/.local/lib/python3.12/site-packages/airflow/example_dags/example_dataset_alias.py
[2025-02-02T06:19:24.320+0000] {logging_mixin.py:190} INFO - [2025-02-02T06:19:24.320+0000] {dag.py:3239} INFO - Sync 4 DAGs
[2025-02-02T06:19:24.341+0000] {logging_mixin.py:190} INFO - [2025-02-02T06:19:24.340+0000] {dag.py:4180} INFO - Setting next_dagrun for dataset_alias_example_alias_consumer to None, run_after=None
[2025-02-02T06:19:24.344+0000] {logging_mixin.py:190} INFO - [2025-02-02T06:19:24.344+0000] {dag.py:4180} INFO - Setting next_dagrun for dataset_alias_example_alias_producer to None, run_after=None
[2025-02-02T06:19:24.345+0000] {logging_mixin.py:190} INFO - [2025-02-02T06:19:24.345+0000] {dag.py:4180} INFO - Setting next_dagrun for dataset_s3_bucket_consumer to None, run_after=None
[2025-02-02T06:19:24.346+0000] {logging_mixin.py:190} INFO - [2025-02-02T06:19:24.346+0000] {dag.py:4180} INFO - Setting next_dagrun for dataset_s3_bucket_producer to None, run_after=None
[2025-02-02T06:19:24.371+0000] {processor.py:208} INFO - Processing /home/airflow/.local/lib/python3.12/site-packages/airflow/example_dags/example_dataset_alias.py took 0.234 seconds
[2025-02-02T06:19:54.420+0000] {processor.py:186} INFO - Started process (PID=1517) to work on /home/airflow/.local/lib/python3.12/site-packages/airflow/example_dags/example_dataset_alias.py
[2025-02-02T06:19:54.422+0000] {processor.py:914} INFO - Processing file /home/airflow/.local/lib/python3.12/site-packages/airflow/example_dags/example_dataset_alias.py for tasks to queue
[2025-02-02T06:19:54.424+0000] {logging_mixin.py:190} INFO - [2025-02-02T06:19:54.423+0000] {dagbag.py:588} INFO - Filling up the DagBag from /home/airflow/.local/lib/python3.12/site-packages/airflow/example_dags/example_dataset_alias.py
[2025-02-02T06:19:54.571+0000] {processor.py:925} INFO - DAG(s) 'dataset_alias_example_alias_consumer', 'dataset_s3_bucket_producer', 'dataset_alias_example_alias_producer', 'dataset_s3_bucket_consumer' retrieved from /home/airflow/.local/lib/python3.12/site-packages/airflow/example_dags/example_dataset_alias.py
[2025-02-02T06:19:54.596+0000] {logging_mixin.py:190} INFO - [2025-02-02T06:19:54.596+0000] {dag.py:3239} INFO - Sync 4 DAGs
[2025-02-02T06:19:54.619+0000] {logging_mixin.py:190} INFO - [2025-02-02T06:19:54.619+0000] {dag.py:4180} INFO - Setting next_dagrun for dataset_alias_example_alias_consumer to None, run_after=None
[2025-02-02T06:19:54.623+0000] {logging_mixin.py:190} INFO - [2025-02-02T06:19:54.623+0000] {dag.py:4180} INFO - Setting next_dagrun for dataset_alias_example_alias_producer to None, run_after=None
[2025-02-02T06:19:54.625+0000] {logging_mixin.py:190} INFO - [2025-02-02T06:19:54.625+0000] {dag.py:4180} INFO - Setting next_dagrun for dataset_s3_bucket_consumer to None, run_after=None
[2025-02-02T06:19:54.626+0000] {logging_mixin.py:190} INFO - [2025-02-02T06:19:54.626+0000] {dag.py:4180} INFO - Setting next_dagrun for dataset_s3_bucket_producer to None, run_after=None
[2025-02-02T06:19:54.655+0000] {processor.py:208} INFO - Processing /home/airflow/.local/lib/python3.12/site-packages/airflow/example_dags/example_dataset_alias.py took 0.241 seconds
[2025-02-02T06:20:25.564+0000] {processor.py:186} INFO - Started process (PID=1823) to work on /home/airflow/.local/lib/python3.12/site-packages/airflow/example_dags/example_dataset_alias.py
[2025-02-02T06:20:25.565+0000] {processor.py:914} INFO - Processing file /home/airflow/.local/lib/python3.12/site-packages/airflow/example_dags/example_dataset_alias.py for tasks to queue
[2025-02-02T06:20:25.567+0000] {logging_mixin.py:190} INFO - [2025-02-02T06:20:25.567+0000] {dagbag.py:588} INFO - Filling up the DagBag from /home/airflow/.local/lib/python3.12/site-packages/airflow/example_dags/example_dataset_alias.py
[2025-02-02T06:20:25.696+0000] {processor.py:925} INFO - DAG(s) 'dataset_alias_example_alias_producer', 'dataset_alias_example_alias_consumer', 'dataset_s3_bucket_producer', 'dataset_s3_bucket_consumer' retrieved from /home/airflow/.local/lib/python3.12/site-packages/airflow/example_dags/example_dataset_alias.py
[2025-02-02T06:20:25.718+0000] {logging_mixin.py:190} INFO - [2025-02-02T06:20:25.718+0000] {dag.py:3239} INFO - Sync 4 DAGs
[2025-02-02T06:20:25.739+0000] {logging_mixin.py:190} INFO - [2025-02-02T06:20:25.738+0000] {dag.py:4180} INFO - Setting next_dagrun for dataset_alias_example_alias_consumer to None, run_after=None
[2025-02-02T06:20:25.742+0000] {logging_mixin.py:190} INFO - [2025-02-02T06:20:25.741+0000] {dag.py:4180} INFO - Setting next_dagrun for dataset_alias_example_alias_producer to None, run_after=None
[2025-02-02T06:20:25.744+0000] {logging_mixin.py:190} INFO - [2025-02-02T06:20:25.744+0000] {dag.py:4180} INFO - Setting next_dagrun for dataset_s3_bucket_consumer to None, run_after=None
[2025-02-02T06:20:25.746+0000] {logging_mixin.py:190} INFO - [2025-02-02T06:20:25.746+0000] {dag.py:4180} INFO - Setting next_dagrun for dataset_s3_bucket_producer to None, run_after=None
[2025-02-02T06:20:25.768+0000] {processor.py:208} INFO - Processing /home/airflow/.local/lib/python3.12/site-packages/airflow/example_dags/example_dataset_alias.py took 0.209 seconds
