[2025-02-02T04:26:49.311+0000] {processor.py:186} INFO - Started process (PID=269) to work on /home/airflow/.local/lib/python3.12/site-packages/airflow/example_dags/tutorial.py
[2025-02-02T04:26:49.312+0000] {processor.py:914} INFO - Processing file /home/airflow/.local/lib/python3.12/site-packages/airflow/example_dags/tutorial.py for tasks to queue
[2025-02-02T04:26:49.315+0000] {logging_mixin.py:190} INFO - [2025-02-02T04:26:49.315+0000] {dagbag.py:588} INFO - Filling up the DagBag from /home/airflow/.local/lib/python3.12/site-packages/airflow/example_dags/tutorial.py
[2025-02-02T04:26:49.333+0000] {processor.py:925} INFO - DAG(s) 'tutorial' retrieved from /home/airflow/.local/lib/python3.12/site-packages/airflow/example_dags/tutorial.py
[2025-02-02T04:26:49.368+0000] {logging_mixin.py:190} INFO - [2025-02-02T04:26:49.367+0000] {dag.py:3239} INFO - Sync 1 DAGs
[2025-02-02T04:26:49.405+0000] {logging_mixin.py:190} INFO - [2025-02-02T04:26:49.405+0000] {dag.py:4180} INFO - Setting next_dagrun for tutorial to 2025-02-01 00:00:00+00:00, run_after=2025-02-02 00:00:00+00:00
[2025-02-02T04:26:49.439+0000] {processor.py:208} INFO - Processing /home/airflow/.local/lib/python3.12/site-packages/airflow/example_dags/tutorial.py took 0.137 seconds
[2025-02-02T04:27:20.154+0000] {processor.py:186} INFO - Started process (PID=556) to work on /home/airflow/.local/lib/python3.12/site-packages/airflow/example_dags/tutorial.py
[2025-02-02T04:27:20.155+0000] {processor.py:914} INFO - Processing file /home/airflow/.local/lib/python3.12/site-packages/airflow/example_dags/tutorial.py for tasks to queue
[2025-02-02T04:27:20.157+0000] {logging_mixin.py:190} INFO - [2025-02-02T04:27:20.157+0000] {dagbag.py:588} INFO - Filling up the DagBag from /home/airflow/.local/lib/python3.12/site-packages/airflow/example_dags/tutorial.py
[2025-02-02T04:27:20.166+0000] {processor.py:925} INFO - DAG(s) 'tutorial' retrieved from /home/airflow/.local/lib/python3.12/site-packages/airflow/example_dags/tutorial.py
[2025-02-02T04:27:20.186+0000] {logging_mixin.py:190} INFO - [2025-02-02T04:27:20.186+0000] {dag.py:3239} INFO - Sync 1 DAGs
[2025-02-02T04:27:20.207+0000] {logging_mixin.py:190} INFO - [2025-02-02T04:27:20.207+0000] {dag.py:4180} INFO - Setting next_dagrun for tutorial to 2025-02-01 00:00:00+00:00, run_after=2025-02-02 00:00:00+00:00
[2025-02-02T04:27:20.227+0000] {processor.py:208} INFO - Processing /home/airflow/.local/lib/python3.12/site-packages/airflow/example_dags/tutorial.py took 0.079 seconds
[2025-02-02T04:27:50.524+0000] {processor.py:186} INFO - Started process (PID=842) to work on /home/airflow/.local/lib/python3.12/site-packages/airflow/example_dags/tutorial.py
[2025-02-02T04:27:50.525+0000] {processor.py:914} INFO - Processing file /home/airflow/.local/lib/python3.12/site-packages/airflow/example_dags/tutorial.py for tasks to queue
[2025-02-02T04:27:50.528+0000] {logging_mixin.py:190} INFO - [2025-02-02T04:27:50.527+0000] {dagbag.py:588} INFO - Filling up the DagBag from /home/airflow/.local/lib/python3.12/site-packages/airflow/example_dags/tutorial.py
[2025-02-02T04:27:50.538+0000] {processor.py:925} INFO - DAG(s) 'tutorial' retrieved from /home/airflow/.local/lib/python3.12/site-packages/airflow/example_dags/tutorial.py
[2025-02-02T04:27:50.560+0000] {logging_mixin.py:190} INFO - [2025-02-02T04:27:50.560+0000] {dag.py:3239} INFO - Sync 1 DAGs
[2025-02-02T04:27:50.590+0000] {logging_mixin.py:190} INFO - [2025-02-02T04:27:50.590+0000] {dag.py:4180} INFO - Setting next_dagrun for tutorial to 2025-02-01 00:00:00+00:00, run_after=2025-02-02 00:00:00+00:00
[2025-02-02T04:27:50.617+0000] {processor.py:208} INFO - Processing /home/airflow/.local/lib/python3.12/site-packages/airflow/example_dags/tutorial.py took 0.100 seconds
[2025-02-02T04:28:21.001+0000] {processor.py:186} INFO - Started process (PID=1128) to work on /home/airflow/.local/lib/python3.12/site-packages/airflow/example_dags/tutorial.py
[2025-02-02T04:28:21.002+0000] {processor.py:914} INFO - Processing file /home/airflow/.local/lib/python3.12/site-packages/airflow/example_dags/tutorial.py for tasks to queue
[2025-02-02T04:28:21.004+0000] {logging_mixin.py:190} INFO - [2025-02-02T04:28:21.004+0000] {dagbag.py:588} INFO - Filling up the DagBag from /home/airflow/.local/lib/python3.12/site-packages/airflow/example_dags/tutorial.py
[2025-02-02T04:28:21.014+0000] {processor.py:925} INFO - DAG(s) 'tutorial' retrieved from /home/airflow/.local/lib/python3.12/site-packages/airflow/example_dags/tutorial.py
[2025-02-02T04:28:21.034+0000] {logging_mixin.py:190} INFO - [2025-02-02T04:28:21.034+0000] {dag.py:3239} INFO - Sync 1 DAGs
[2025-02-02T04:28:21.060+0000] {logging_mixin.py:190} INFO - [2025-02-02T04:28:21.060+0000] {dag.py:4180} INFO - Setting next_dagrun for tutorial to 2025-02-01 00:00:00+00:00, run_after=2025-02-02 00:00:00+00:00
[2025-02-02T04:28:21.084+0000] {processor.py:208} INFO - Processing /home/airflow/.local/lib/python3.12/site-packages/airflow/example_dags/tutorial.py took 0.093 seconds
[2025-02-02T04:28:51.646+0000] {processor.py:186} INFO - Started process (PID=1414) to work on /home/airflow/.local/lib/python3.12/site-packages/airflow/example_dags/tutorial.py
[2025-02-02T04:28:51.656+0000] {processor.py:914} INFO - Processing file /home/airflow/.local/lib/python3.12/site-packages/airflow/example_dags/tutorial.py for tasks to queue
[2025-02-02T04:28:51.660+0000] {logging_mixin.py:190} INFO - [2025-02-02T04:28:51.659+0000] {dagbag.py:588} INFO - Filling up the DagBag from /home/airflow/.local/lib/python3.12/site-packages/airflow/example_dags/tutorial.py
[2025-02-02T04:28:51.684+0000] {processor.py:925} INFO - DAG(s) 'tutorial' retrieved from /home/airflow/.local/lib/python3.12/site-packages/airflow/example_dags/tutorial.py
[2025-02-02T04:28:51.708+0000] {logging_mixin.py:190} INFO - [2025-02-02T04:28:51.708+0000] {dag.py:3239} INFO - Sync 1 DAGs
[2025-02-02T04:28:51.737+0000] {logging_mixin.py:190} INFO - [2025-02-02T04:28:51.737+0000] {dag.py:4180} INFO - Setting next_dagrun for tutorial to 2025-02-01 00:00:00+00:00, run_after=2025-02-02 00:00:00+00:00
[2025-02-02T04:28:51.768+0000] {processor.py:208} INFO - Processing /home/airflow/.local/lib/python3.12/site-packages/airflow/example_dags/tutorial.py took 0.130 seconds
[2025-02-02T04:29:22.394+0000] {processor.py:186} INFO - Started process (PID=1700) to work on /home/airflow/.local/lib/python3.12/site-packages/airflow/example_dags/tutorial.py
[2025-02-02T04:29:22.396+0000] {processor.py:914} INFO - Processing file /home/airflow/.local/lib/python3.12/site-packages/airflow/example_dags/tutorial.py for tasks to queue
[2025-02-02T04:29:22.398+0000] {logging_mixin.py:190} INFO - [2025-02-02T04:29:22.398+0000] {dagbag.py:588} INFO - Filling up the DagBag from /home/airflow/.local/lib/python3.12/site-packages/airflow/example_dags/tutorial.py
[2025-02-02T04:29:22.412+0000] {processor.py:925} INFO - DAG(s) 'tutorial' retrieved from /home/airflow/.local/lib/python3.12/site-packages/airflow/example_dags/tutorial.py
[2025-02-02T04:29:22.479+0000] {logging_mixin.py:190} INFO - [2025-02-02T04:29:22.478+0000] {dag.py:3239} INFO - Sync 1 DAGs
[2025-02-02T04:29:22.532+0000] {logging_mixin.py:190} INFO - [2025-02-02T04:29:22.532+0000] {dag.py:4180} INFO - Setting next_dagrun for tutorial to 2025-02-01 00:00:00+00:00, run_after=2025-02-02 00:00:00+00:00
[2025-02-02T04:29:22.579+0000] {processor.py:208} INFO - Processing /home/airflow/.local/lib/python3.12/site-packages/airflow/example_dags/tutorial.py took 0.195 seconds
[2025-02-02T04:29:52.808+0000] {processor.py:186} INFO - Started process (PID=1986) to work on /home/airflow/.local/lib/python3.12/site-packages/airflow/example_dags/tutorial.py
[2025-02-02T04:29:52.809+0000] {processor.py:914} INFO - Processing file /home/airflow/.local/lib/python3.12/site-packages/airflow/example_dags/tutorial.py for tasks to queue
[2025-02-02T04:29:52.812+0000] {logging_mixin.py:190} INFO - [2025-02-02T04:29:52.811+0000] {dagbag.py:588} INFO - Filling up the DagBag from /home/airflow/.local/lib/python3.12/site-packages/airflow/example_dags/tutorial.py
[2025-02-02T04:29:52.821+0000] {processor.py:925} INFO - DAG(s) 'tutorial' retrieved from /home/airflow/.local/lib/python3.12/site-packages/airflow/example_dags/tutorial.py
[2025-02-02T04:29:52.843+0000] {logging_mixin.py:190} INFO - [2025-02-02T04:29:52.843+0000] {dag.py:3239} INFO - Sync 1 DAGs
[2025-02-02T04:29:52.868+0000] {logging_mixin.py:190} INFO - [2025-02-02T04:29:52.868+0000] {dag.py:4180} INFO - Setting next_dagrun for tutorial to 2025-02-01 00:00:00+00:00, run_after=2025-02-02 00:00:00+00:00
[2025-02-02T04:29:52.892+0000] {processor.py:208} INFO - Processing /home/airflow/.local/lib/python3.12/site-packages/airflow/example_dags/tutorial.py took 0.090 seconds
[2025-02-02T04:30:23.493+0000] {processor.py:186} INFO - Started process (PID=2272) to work on /home/airflow/.local/lib/python3.12/site-packages/airflow/example_dags/tutorial.py
[2025-02-02T04:30:23.495+0000] {processor.py:914} INFO - Processing file /home/airflow/.local/lib/python3.12/site-packages/airflow/example_dags/tutorial.py for tasks to queue
[2025-02-02T04:30:23.498+0000] {logging_mixin.py:190} INFO - [2025-02-02T04:30:23.497+0000] {dagbag.py:588} INFO - Filling up the DagBag from /home/airflow/.local/lib/python3.12/site-packages/airflow/example_dags/tutorial.py
[2025-02-02T04:30:23.510+0000] {processor.py:925} INFO - DAG(s) 'tutorial' retrieved from /home/airflow/.local/lib/python3.12/site-packages/airflow/example_dags/tutorial.py
[2025-02-02T04:30:23.562+0000] {logging_mixin.py:190} INFO - [2025-02-02T04:30:23.561+0000] {dag.py:3239} INFO - Sync 1 DAGs
[2025-02-02T04:30:23.634+0000] {logging_mixin.py:190} INFO - [2025-02-02T04:30:23.633+0000] {dag.py:4180} INFO - Setting next_dagrun for tutorial to 2025-02-01 00:00:00+00:00, run_after=2025-02-02 00:00:00+00:00
[2025-02-02T04:30:23.684+0000] {processor.py:208} INFO - Processing /home/airflow/.local/lib/python3.12/site-packages/airflow/example_dags/tutorial.py took 0.201 seconds
[2025-02-02T04:30:53.940+0000] {processor.py:186} INFO - Started process (PID=2558) to work on /home/airflow/.local/lib/python3.12/site-packages/airflow/example_dags/tutorial.py
[2025-02-02T04:30:53.942+0000] {processor.py:914} INFO - Processing file /home/airflow/.local/lib/python3.12/site-packages/airflow/example_dags/tutorial.py for tasks to queue
[2025-02-02T04:30:53.945+0000] {logging_mixin.py:190} INFO - [2025-02-02T04:30:53.945+0000] {dagbag.py:588} INFO - Filling up the DagBag from /home/airflow/.local/lib/python3.12/site-packages/airflow/example_dags/tutorial.py
[2025-02-02T04:30:53.954+0000] {processor.py:925} INFO - DAG(s) 'tutorial' retrieved from /home/airflow/.local/lib/python3.12/site-packages/airflow/example_dags/tutorial.py
[2025-02-02T04:30:53.982+0000] {logging_mixin.py:190} INFO - [2025-02-02T04:30:53.982+0000] {dag.py:3239} INFO - Sync 1 DAGs
[2025-02-02T04:30:54.009+0000] {logging_mixin.py:190} INFO - [2025-02-02T04:30:54.009+0000] {dag.py:4180} INFO - Setting next_dagrun for tutorial to 2025-02-01 00:00:00+00:00, run_after=2025-02-02 00:00:00+00:00
[2025-02-02T04:30:54.030+0000] {processor.py:208} INFO - Processing /home/airflow/.local/lib/python3.12/site-packages/airflow/example_dags/tutorial.py took 0.096 seconds
[2025-02-02T04:31:24.903+0000] {processor.py:186} INFO - Started process (PID=2843) to work on /home/airflow/.local/lib/python3.12/site-packages/airflow/example_dags/tutorial.py
[2025-02-02T04:31:24.904+0000] {processor.py:914} INFO - Processing file /home/airflow/.local/lib/python3.12/site-packages/airflow/example_dags/tutorial.py for tasks to queue
[2025-02-02T04:31:24.906+0000] {logging_mixin.py:190} INFO - [2025-02-02T04:31:24.906+0000] {dagbag.py:588} INFO - Filling up the DagBag from /home/airflow/.local/lib/python3.12/site-packages/airflow/example_dags/tutorial.py
[2025-02-02T04:31:24.914+0000] {processor.py:925} INFO - DAG(s) 'tutorial' retrieved from /home/airflow/.local/lib/python3.12/site-packages/airflow/example_dags/tutorial.py
[2025-02-02T04:31:24.935+0000] {logging_mixin.py:190} INFO - [2025-02-02T04:31:24.935+0000] {dag.py:3239} INFO - Sync 1 DAGs
[2025-02-02T04:31:24.959+0000] {logging_mixin.py:190} INFO - [2025-02-02T04:31:24.959+0000] {dag.py:4180} INFO - Setting next_dagrun for tutorial to 2025-02-01 00:00:00+00:00, run_after=2025-02-02 00:00:00+00:00
[2025-02-02T04:31:24.983+0000] {processor.py:208} INFO - Processing /home/airflow/.local/lib/python3.12/site-packages/airflow/example_dags/tutorial.py took 0.086 seconds
[2025-02-02T04:33:54.393+0000] {processor.py:186} INFO - Started process (PID=3171) to work on /home/airflow/.local/lib/python3.12/site-packages/airflow/example_dags/tutorial.py
[2025-02-02T04:33:54.394+0000] {processor.py:914} INFO - Processing file /home/airflow/.local/lib/python3.12/site-packages/airflow/example_dags/tutorial.py for tasks to queue
[2025-02-02T04:33:54.398+0000] {logging_mixin.py:190} INFO - [2025-02-02T04:33:54.398+0000] {dagbag.py:588} INFO - Filling up the DagBag from /home/airflow/.local/lib/python3.12/site-packages/airflow/example_dags/tutorial.py
[2025-02-02T04:33:54.409+0000] {processor.py:925} INFO - DAG(s) 'tutorial' retrieved from /home/airflow/.local/lib/python3.12/site-packages/airflow/example_dags/tutorial.py
[2025-02-02T04:33:54.434+0000] {logging_mixin.py:190} INFO - [2025-02-02T04:33:54.434+0000] {dag.py:3239} INFO - Sync 1 DAGs
[2025-02-02T04:33:54.465+0000] {logging_mixin.py:190} INFO - [2025-02-02T04:33:54.465+0000] {dag.py:4180} INFO - Setting next_dagrun for tutorial to 2025-02-01 00:00:00+00:00, run_after=2025-02-02 00:00:00+00:00
[2025-02-02T04:33:54.491+0000] {processor.py:208} INFO - Processing /home/airflow/.local/lib/python3.12/site-packages/airflow/example_dags/tutorial.py took 0.107 seconds
[2025-02-02T04:34:27.496+0000] {processor.py:186} INFO - Started process (PID=3466) to work on /home/airflow/.local/lib/python3.12/site-packages/airflow/example_dags/tutorial.py
[2025-02-02T04:34:27.497+0000] {processor.py:914} INFO - Processing file /home/airflow/.local/lib/python3.12/site-packages/airflow/example_dags/tutorial.py for tasks to queue
[2025-02-02T04:34:27.501+0000] {logging_mixin.py:190} INFO - [2025-02-02T04:34:27.500+0000] {dagbag.py:588} INFO - Filling up the DagBag from /home/airflow/.local/lib/python3.12/site-packages/airflow/example_dags/tutorial.py
[2025-02-02T04:34:27.512+0000] {processor.py:925} INFO - DAG(s) 'tutorial' retrieved from /home/airflow/.local/lib/python3.12/site-packages/airflow/example_dags/tutorial.py
[2025-02-02T04:34:27.543+0000] {logging_mixin.py:190} INFO - [2025-02-02T04:34:27.542+0000] {dag.py:3239} INFO - Sync 1 DAGs
[2025-02-02T04:34:27.581+0000] {logging_mixin.py:190} INFO - [2025-02-02T04:34:27.580+0000] {dag.py:4180} INFO - Setting next_dagrun for tutorial to 2025-02-01 00:00:00+00:00, run_after=2025-02-02 00:00:00+00:00
[2025-02-02T04:34:27.608+0000] {processor.py:208} INFO - Processing /home/airflow/.local/lib/python3.12/site-packages/airflow/example_dags/tutorial.py took 0.122 seconds
[2025-02-02T04:38:15.032+0000] {processor.py:186} INFO - Started process (PID=3768) to work on /home/airflow/.local/lib/python3.12/site-packages/airflow/example_dags/tutorial.py
[2025-02-02T04:38:15.043+0000] {processor.py:914} INFO - Processing file /home/airflow/.local/lib/python3.12/site-packages/airflow/example_dags/tutorial.py for tasks to queue
[2025-02-02T04:38:15.056+0000] {logging_mixin.py:190} INFO - [2025-02-02T04:38:15.054+0000] {dagbag.py:588} INFO - Filling up the DagBag from /home/airflow/.local/lib/python3.12/site-packages/airflow/example_dags/tutorial.py
[2025-02-02T04:38:15.105+0000] {processor.py:925} INFO - DAG(s) 'tutorial' retrieved from /home/airflow/.local/lib/python3.12/site-packages/airflow/example_dags/tutorial.py
[2025-02-02T04:38:15.232+0000] {logging_mixin.py:190} INFO - [2025-02-02T04:38:15.231+0000] {dag.py:3239} INFO - Sync 1 DAGs
[2025-02-02T04:38:15.357+0000] {logging_mixin.py:190} INFO - [2025-02-02T04:38:15.356+0000] {dag.py:4180} INFO - Setting next_dagrun for tutorial to 2025-02-01 00:00:00+00:00, run_after=2025-02-02 00:00:00+00:00
[2025-02-02T04:38:15.465+0000] {processor.py:208} INFO - Processing /home/airflow/.local/lib/python3.12/site-packages/airflow/example_dags/tutorial.py took 0.515 seconds
[2025-02-02T04:41:00.300+0000] {processor.py:186} INFO - Started process (PID=3993) to work on /home/airflow/.local/lib/python3.12/site-packages/airflow/example_dags/tutorial.py
[2025-02-02T04:41:00.301+0000] {processor.py:914} INFO - Processing file /home/airflow/.local/lib/python3.12/site-packages/airflow/example_dags/tutorial.py for tasks to queue
[2025-02-02T04:41:00.303+0000] {logging_mixin.py:190} INFO - [2025-02-02T04:41:00.303+0000] {dagbag.py:588} INFO - Filling up the DagBag from /home/airflow/.local/lib/python3.12/site-packages/airflow/example_dags/tutorial.py
[2025-02-02T04:41:00.318+0000] {processor.py:925} INFO - DAG(s) 'tutorial' retrieved from /home/airflow/.local/lib/python3.12/site-packages/airflow/example_dags/tutorial.py
[2025-02-02T04:41:00.359+0000] {logging_mixin.py:190} INFO - [2025-02-02T04:41:00.358+0000] {dag.py:3239} INFO - Sync 1 DAGs
[2025-02-02T04:41:00.409+0000] {logging_mixin.py:190} INFO - [2025-02-02T04:41:00.409+0000] {dag.py:4180} INFO - Setting next_dagrun for tutorial to 2025-02-01 00:00:00+00:00, run_after=2025-02-02 00:00:00+00:00
[2025-02-02T04:41:00.450+0000] {processor.py:208} INFO - Processing /home/airflow/.local/lib/python3.12/site-packages/airflow/example_dags/tutorial.py took 0.164 seconds
[2025-02-02T06:17:50.777+0000] {processor.py:186} INFO - Started process (PID=263) to work on /home/airflow/.local/lib/python3.12/site-packages/airflow/example_dags/tutorial.py
[2025-02-02T06:17:50.779+0000] {processor.py:914} INFO - Processing file /home/airflow/.local/lib/python3.12/site-packages/airflow/example_dags/tutorial.py for tasks to queue
[2025-02-02T06:17:50.782+0000] {logging_mixin.py:190} INFO - [2025-02-02T06:17:50.782+0000] {dagbag.py:588} INFO - Filling up the DagBag from /home/airflow/.local/lib/python3.12/site-packages/airflow/example_dags/tutorial.py
[2025-02-02T06:17:50.794+0000] {processor.py:925} INFO - DAG(s) 'tutorial' retrieved from /home/airflow/.local/lib/python3.12/site-packages/airflow/example_dags/tutorial.py
[2025-02-02T06:17:50.825+0000] {logging_mixin.py:190} INFO - [2025-02-02T06:17:50.824+0000] {dag.py:3239} INFO - Sync 1 DAGs
[2025-02-02T06:17:50.875+0000] {logging_mixin.py:190} INFO - [2025-02-02T06:17:50.874+0000] {dag.py:4180} INFO - Setting next_dagrun for tutorial to 2025-02-01 00:00:00+00:00, run_after=2025-02-02 00:00:00+00:00
[2025-02-02T06:17:50.911+0000] {processor.py:208} INFO - Processing /home/airflow/.local/lib/python3.12/site-packages/airflow/example_dags/tutorial.py took 0.143 seconds
[2025-02-02T06:18:21.822+0000] {processor.py:186} INFO - Started process (PID=569) to work on /home/airflow/.local/lib/python3.12/site-packages/airflow/example_dags/tutorial.py
[2025-02-02T06:18:21.822+0000] {processor.py:914} INFO - Processing file /home/airflow/.local/lib/python3.12/site-packages/airflow/example_dags/tutorial.py for tasks to queue
[2025-02-02T06:18:21.824+0000] {logging_mixin.py:190} INFO - [2025-02-02T06:18:21.824+0000] {dagbag.py:588} INFO - Filling up the DagBag from /home/airflow/.local/lib/python3.12/site-packages/airflow/example_dags/tutorial.py
[2025-02-02T06:18:21.831+0000] {processor.py:925} INFO - DAG(s) 'tutorial' retrieved from /home/airflow/.local/lib/python3.12/site-packages/airflow/example_dags/tutorial.py
[2025-02-02T06:18:21.854+0000] {logging_mixin.py:190} INFO - [2025-02-02T06:18:21.853+0000] {dag.py:3239} INFO - Sync 1 DAGs
[2025-02-02T06:18:21.882+0000] {logging_mixin.py:190} INFO - [2025-02-02T06:18:21.882+0000] {dag.py:4180} INFO - Setting next_dagrun for tutorial to 2025-02-01 00:00:00+00:00, run_after=2025-02-02 00:00:00+00:00
[2025-02-02T06:18:21.905+0000] {processor.py:208} INFO - Processing /home/airflow/.local/lib/python3.12/site-packages/airflow/example_dags/tutorial.py took 0.089 seconds
[2025-02-02T06:18:52.277+0000] {processor.py:186} INFO - Started process (PID=875) to work on /home/airflow/.local/lib/python3.12/site-packages/airflow/example_dags/tutorial.py
[2025-02-02T06:18:52.278+0000] {processor.py:914} INFO - Processing file /home/airflow/.local/lib/python3.12/site-packages/airflow/example_dags/tutorial.py for tasks to queue
[2025-02-02T06:18:52.280+0000] {logging_mixin.py:190} INFO - [2025-02-02T06:18:52.280+0000] {dagbag.py:588} INFO - Filling up the DagBag from /home/airflow/.local/lib/python3.12/site-packages/airflow/example_dags/tutorial.py
[2025-02-02T06:18:52.288+0000] {processor.py:925} INFO - DAG(s) 'tutorial' retrieved from /home/airflow/.local/lib/python3.12/site-packages/airflow/example_dags/tutorial.py
[2025-02-02T06:18:52.307+0000] {logging_mixin.py:190} INFO - [2025-02-02T06:18:52.306+0000] {dag.py:3239} INFO - Sync 1 DAGs
[2025-02-02T06:18:52.328+0000] {logging_mixin.py:190} INFO - [2025-02-02T06:18:52.328+0000] {dag.py:4180} INFO - Setting next_dagrun for tutorial to 2025-02-01 00:00:00+00:00, run_after=2025-02-02 00:00:00+00:00
[2025-02-02T06:18:52.348+0000] {processor.py:208} INFO - Processing /home/airflow/.local/lib/python3.12/site-packages/airflow/example_dags/tutorial.py took 0.079 seconds
[2025-02-02T06:19:22.875+0000] {processor.py:186} INFO - Started process (PID=1181) to work on /home/airflow/.local/lib/python3.12/site-packages/airflow/example_dags/tutorial.py
[2025-02-02T06:19:22.876+0000] {processor.py:914} INFO - Processing file /home/airflow/.local/lib/python3.12/site-packages/airflow/example_dags/tutorial.py for tasks to queue
[2025-02-02T06:19:22.878+0000] {logging_mixin.py:190} INFO - [2025-02-02T06:19:22.878+0000] {dagbag.py:588} INFO - Filling up the DagBag from /home/airflow/.local/lib/python3.12/site-packages/airflow/example_dags/tutorial.py
[2025-02-02T06:19:22.886+0000] {processor.py:925} INFO - DAG(s) 'tutorial' retrieved from /home/airflow/.local/lib/python3.12/site-packages/airflow/example_dags/tutorial.py
[2025-02-02T06:19:22.908+0000] {logging_mixin.py:190} INFO - [2025-02-02T06:19:22.908+0000] {dag.py:3239} INFO - Sync 1 DAGs
[2025-02-02T06:19:22.933+0000] {logging_mixin.py:190} INFO - [2025-02-02T06:19:22.933+0000] {dag.py:4180} INFO - Setting next_dagrun for tutorial to 2025-02-01 00:00:00+00:00, run_after=2025-02-02 00:00:00+00:00
[2025-02-02T06:19:22.951+0000] {processor.py:208} INFO - Processing /home/airflow/.local/lib/python3.12/site-packages/airflow/example_dags/tutorial.py took 0.082 seconds
[2025-02-02T06:19:53.168+0000] {processor.py:186} INFO - Started process (PID=1487) to work on /home/airflow/.local/lib/python3.12/site-packages/airflow/example_dags/tutorial.py
[2025-02-02T06:19:53.169+0000] {processor.py:914} INFO - Processing file /home/airflow/.local/lib/python3.12/site-packages/airflow/example_dags/tutorial.py for tasks to queue
[2025-02-02T06:19:53.172+0000] {logging_mixin.py:190} INFO - [2025-02-02T06:19:53.171+0000] {dagbag.py:588} INFO - Filling up the DagBag from /home/airflow/.local/lib/python3.12/site-packages/airflow/example_dags/tutorial.py
[2025-02-02T06:19:53.178+0000] {processor.py:925} INFO - DAG(s) 'tutorial' retrieved from /home/airflow/.local/lib/python3.12/site-packages/airflow/example_dags/tutorial.py
[2025-02-02T06:19:53.197+0000] {logging_mixin.py:190} INFO - [2025-02-02T06:19:53.197+0000] {dag.py:3239} INFO - Sync 1 DAGs
[2025-02-02T06:19:53.221+0000] {logging_mixin.py:190} INFO - [2025-02-02T06:19:53.220+0000] {dag.py:4180} INFO - Setting next_dagrun for tutorial to 2025-02-01 00:00:00+00:00, run_after=2025-02-02 00:00:00+00:00
[2025-02-02T06:19:53.240+0000] {processor.py:208} INFO - Processing /home/airflow/.local/lib/python3.12/site-packages/airflow/example_dags/tutorial.py took 0.077 seconds
[2025-02-02T06:20:23.293+0000] {processor.py:186} INFO - Started process (PID=1793) to work on /home/airflow/.local/lib/python3.12/site-packages/airflow/example_dags/tutorial.py
[2025-02-02T06:20:23.294+0000] {processor.py:914} INFO - Processing file /home/airflow/.local/lib/python3.12/site-packages/airflow/example_dags/tutorial.py for tasks to queue
[2025-02-02T06:20:23.297+0000] {logging_mixin.py:190} INFO - [2025-02-02T06:20:23.297+0000] {dagbag.py:588} INFO - Filling up the DagBag from /home/airflow/.local/lib/python3.12/site-packages/airflow/example_dags/tutorial.py
[2025-02-02T06:20:23.306+0000] {processor.py:925} INFO - DAG(s) 'tutorial' retrieved from /home/airflow/.local/lib/python3.12/site-packages/airflow/example_dags/tutorial.py
[2025-02-02T06:20:23.328+0000] {logging_mixin.py:190} INFO - [2025-02-02T06:20:23.328+0000] {dag.py:3239} INFO - Sync 1 DAGs
[2025-02-02T06:20:23.350+0000] {logging_mixin.py:190} INFO - [2025-02-02T06:20:23.350+0000] {dag.py:4180} INFO - Setting next_dagrun for tutorial to 2025-02-01 00:00:00+00:00, run_after=2025-02-02 00:00:00+00:00
[2025-02-02T06:20:23.369+0000] {processor.py:208} INFO - Processing /home/airflow/.local/lib/python3.12/site-packages/airflow/example_dags/tutorial.py took 0.082 seconds
