[2025-02-12T15:51:05.268+0000] {processor.py:157} INFO - Started process (PID=206) to work on /opt/airflow/dags/account_dim_generator_dag.py
[2025-02-12T15:51:05.269+0000] {processor.py:829} INFO - Processing file /opt/airflow/dags/account_dim_generator_dag.py for tasks to queue
[2025-02-12T15:51:05.270+0000] {logging_mixin.py:151} INFO - [2025-02-12T15:51:05.269+0000] {dagbag.py:539} INFO - Filling up the DagBag from /opt/airflow/dags/account_dim_generator_dag.py
[2025-02-12T15:51:05.685+0000] {processor.py:839} INFO - DAG(s) dict_keys(['account_dim_generator']) retrieved from /opt/airflow/dags/account_dim_generator_dag.py
[2025-02-12T15:51:05.766+0000] {logging_mixin.py:151} INFO - [2025-02-12T15:51:05.766+0000] {security.py:708} INFO - Not syncing DAG-level permissions for DAG 'DAG:account_dim_generator' as access control is unset.
[2025-02-12T15:51:05.767+0000] {logging_mixin.py:151} INFO - [2025-02-12T15:51:05.766+0000] {dag.py:2915} INFO - Sync 1 DAGs
[2025-02-12T15:51:05.788+0000] {logging_mixin.py:151} INFO - [2025-02-12T15:51:05.788+0000] {dag.py:3696} INFO - Setting next_dagrun for account_dim_generator to 2025-01-15T17:00:00+00:00, run_after=2025-01-16T17:00:00+00:00
[2025-02-12T15:51:05.811+0000] {processor.py:179} INFO - Processing /opt/airflow/dags/account_dim_generator_dag.py took 0.546 seconds
[2025-02-12T15:51:36.016+0000] {processor.py:157} INFO - Started process (PID=462) to work on /opt/airflow/dags/account_dim_generator_dag.py
[2025-02-12T15:51:36.017+0000] {processor.py:829} INFO - Processing file /opt/airflow/dags/account_dim_generator_dag.py for tasks to queue
[2025-02-12T15:51:36.017+0000] {logging_mixin.py:151} INFO - [2025-02-12T15:51:36.017+0000] {dagbag.py:539} INFO - Filling up the DagBag from /opt/airflow/dags/account_dim_generator_dag.py
[2025-02-12T15:51:36.259+0000] {processor.py:839} INFO - DAG(s) dict_keys(['account_dim_generator']) retrieved from /opt/airflow/dags/account_dim_generator_dag.py
[2025-02-12T15:51:36.276+0000] {logging_mixin.py:151} INFO - [2025-02-12T15:51:36.276+0000] {dag.py:2915} INFO - Sync 1 DAGs
[2025-02-12T15:51:36.296+0000] {logging_mixin.py:151} INFO - [2025-02-12T15:51:36.296+0000] {dag.py:3696} INFO - Setting next_dagrun for account_dim_generator to 2025-01-15T17:00:00+00:00, run_after=2025-01-16T17:00:00+00:00
[2025-02-12T15:51:36.308+0000] {processor.py:179} INFO - Processing /opt/airflow/dags/account_dim_generator_dag.py took 0.295 seconds
[2025-02-12T15:52:11.865+0000] {processor.py:157} INFO - Started process (PID=721) to work on /opt/airflow/dags/account_dim_generator_dag.py
[2025-02-12T15:52:11.866+0000] {processor.py:829} INFO - Processing file /opt/airflow/dags/account_dim_generator_dag.py for tasks to queue
[2025-02-12T15:52:11.867+0000] {logging_mixin.py:151} INFO - [2025-02-12T15:52:11.867+0000] {dagbag.py:539} INFO - Filling up the DagBag from /opt/airflow/dags/account_dim_generator_dag.py
[2025-02-12T15:52:12.216+0000] {processor.py:839} INFO - DAG(s) dict_keys(['account_dim_generator']) retrieved from /opt/airflow/dags/account_dim_generator_dag.py
[2025-02-12T15:52:12.238+0000] {logging_mixin.py:151} INFO - [2025-02-12T15:52:12.237+0000] {dag.py:2915} INFO - Sync 1 DAGs
[2025-02-12T15:52:12.262+0000] {logging_mixin.py:151} INFO - [2025-02-12T15:52:12.262+0000] {dag.py:3696} INFO - Setting next_dagrun for account_dim_generator to 2025-01-15T17:00:00+00:00, run_after=2025-01-16T17:00:00+00:00
[2025-02-12T15:52:12.284+0000] {processor.py:179} INFO - Processing /opt/airflow/dags/account_dim_generator_dag.py took 0.422 seconds
[2025-02-12T15:52:42.960+0000] {processor.py:157} INFO - Started process (PID=984) to work on /opt/airflow/dags/account_dim_generator_dag.py
[2025-02-12T15:52:42.961+0000] {processor.py:829} INFO - Processing file /opt/airflow/dags/account_dim_generator_dag.py for tasks to queue
[2025-02-12T15:52:42.962+0000] {logging_mixin.py:151} INFO - [2025-02-12T15:52:42.962+0000] {dagbag.py:539} INFO - Filling up the DagBag from /opt/airflow/dags/account_dim_generator_dag.py
[2025-02-12T15:52:43.252+0000] {processor.py:839} INFO - DAG(s) dict_keys(['account_dim_generator']) retrieved from /opt/airflow/dags/account_dim_generator_dag.py
[2025-02-12T15:52:43.270+0000] {logging_mixin.py:151} INFO - [2025-02-12T15:52:43.270+0000] {dag.py:2915} INFO - Sync 1 DAGs
[2025-02-12T15:52:43.290+0000] {logging_mixin.py:151} INFO - [2025-02-12T15:52:43.290+0000] {dag.py:3696} INFO - Setting next_dagrun for account_dim_generator to 2025-01-15T17:00:00+00:00, run_after=2025-01-16T17:00:00+00:00
[2025-02-12T15:52:43.310+0000] {processor.py:179} INFO - Processing /opt/airflow/dags/account_dim_generator_dag.py took 0.352 seconds
[2025-02-12T15:53:14.127+0000] {processor.py:157} INFO - Started process (PID=1251) to work on /opt/airflow/dags/account_dim_generator_dag.py
[2025-02-12T15:53:14.128+0000] {processor.py:829} INFO - Processing file /opt/airflow/dags/account_dim_generator_dag.py for tasks to queue
[2025-02-12T15:53:14.129+0000] {logging_mixin.py:151} INFO - [2025-02-12T15:53:14.129+0000] {dagbag.py:539} INFO - Filling up the DagBag from /opt/airflow/dags/account_dim_generator_dag.py
[2025-02-12T15:53:14.482+0000] {processor.py:839} INFO - DAG(s) dict_keys(['account_dim_generator']) retrieved from /opt/airflow/dags/account_dim_generator_dag.py
[2025-02-12T15:53:14.501+0000] {logging_mixin.py:151} INFO - [2025-02-12T15:53:14.500+0000] {dag.py:2915} INFO - Sync 1 DAGs
[2025-02-12T15:53:14.522+0000] {logging_mixin.py:151} INFO - [2025-02-12T15:53:14.522+0000] {dag.py:3696} INFO - Setting next_dagrun for account_dim_generator to 2025-01-15T17:00:00+00:00, run_after=2025-01-16T17:00:00+00:00
[2025-02-12T15:53:14.539+0000] {processor.py:179} INFO - Processing /opt/airflow/dags/account_dim_generator_dag.py took 0.417 seconds
[2025-02-12T15:53:45.146+0000] {processor.py:157} INFO - Started process (PID=1517) to work on /opt/airflow/dags/account_dim_generator_dag.py
[2025-02-12T15:53:45.147+0000] {processor.py:829} INFO - Processing file /opt/airflow/dags/account_dim_generator_dag.py for tasks to queue
[2025-02-12T15:53:45.148+0000] {logging_mixin.py:151} INFO - [2025-02-12T15:53:45.148+0000] {dagbag.py:539} INFO - Filling up the DagBag from /opt/airflow/dags/account_dim_generator_dag.py
[2025-02-12T15:53:45.460+0000] {processor.py:839} INFO - DAG(s) dict_keys(['account_dim_generator']) retrieved from /opt/airflow/dags/account_dim_generator_dag.py
[2025-02-12T15:53:45.478+0000] {logging_mixin.py:151} INFO - [2025-02-12T15:53:45.477+0000] {dag.py:2915} INFO - Sync 1 DAGs
[2025-02-12T15:53:45.499+0000] {logging_mixin.py:151} INFO - [2025-02-12T15:53:45.499+0000] {dag.py:3696} INFO - Setting next_dagrun for account_dim_generator to 2025-01-15T17:00:00+00:00, run_after=2025-01-16T17:00:00+00:00
[2025-02-12T15:53:45.517+0000] {processor.py:179} INFO - Processing /opt/airflow/dags/account_dim_generator_dag.py took 0.374 seconds
[2025-02-12T15:55:28.763+0000] {processor.py:157} INFO - Started process (PID=198) to work on /opt/airflow/dags/account_dim_generator_dag.py
[2025-02-12T15:55:28.765+0000] {processor.py:829} INFO - Processing file /opt/airflow/dags/account_dim_generator_dag.py for tasks to queue
[2025-02-12T15:55:28.766+0000] {logging_mixin.py:151} INFO - [2025-02-12T15:55:28.765+0000] {dagbag.py:539} INFO - Filling up the DagBag from /opt/airflow/dags/account_dim_generator_dag.py
[2025-02-12T15:55:29.247+0000] {processor.py:839} INFO - DAG(s) dict_keys(['account_dim_generator']) retrieved from /opt/airflow/dags/account_dim_generator_dag.py
[2025-02-12T15:55:29.270+0000] {logging_mixin.py:151} INFO - [2025-02-12T15:55:29.270+0000] {dag.py:2915} INFO - Sync 1 DAGs
[2025-02-12T15:55:29.291+0000] {logging_mixin.py:151} INFO - [2025-02-12T15:55:29.291+0000] {dag.py:3696} INFO - Setting next_dagrun for account_dim_generator to 2025-01-15T17:00:00+00:00, run_after=2025-01-16T17:00:00+00:00
[2025-02-12T15:55:29.309+0000] {processor.py:179} INFO - Processing /opt/airflow/dags/account_dim_generator_dag.py took 0.550 seconds
[2025-02-12T15:56:02.160+0000] {processor.py:157} INFO - Started process (PID=460) to work on /opt/airflow/dags/account_dim_generator_dag.py
[2025-02-12T15:56:02.161+0000] {processor.py:829} INFO - Processing file /opt/airflow/dags/account_dim_generator_dag.py for tasks to queue
[2025-02-12T15:56:02.162+0000] {logging_mixin.py:151} INFO - [2025-02-12T15:56:02.162+0000] {dagbag.py:539} INFO - Filling up the DagBag from /opt/airflow/dags/account_dim_generator_dag.py
[2025-02-12T15:56:02.434+0000] {processor.py:839} INFO - DAG(s) dict_keys(['account_dim_generator']) retrieved from /opt/airflow/dags/account_dim_generator_dag.py
[2025-02-12T15:56:02.452+0000] {logging_mixin.py:151} INFO - [2025-02-12T15:56:02.451+0000] {dag.py:2915} INFO - Sync 1 DAGs
[2025-02-12T15:56:02.472+0000] {logging_mixin.py:151} INFO - [2025-02-12T15:56:02.472+0000] {dag.py:3696} INFO - Setting next_dagrun for account_dim_generator to 2025-01-15T17:00:00+00:00, run_after=2025-01-16T17:00:00+00:00
[2025-02-12T15:56:02.490+0000] {processor.py:179} INFO - Processing /opt/airflow/dags/account_dim_generator_dag.py took 0.333 seconds
[2025-02-12T15:56:33.046+0000] {processor.py:157} INFO - Started process (PID=733) to work on /opt/airflow/dags/account_dim_generator_dag.py
[2025-02-12T15:56:33.054+0000] {processor.py:829} INFO - Processing file /opt/airflow/dags/account_dim_generator_dag.py for tasks to queue
[2025-02-12T15:56:33.055+0000] {logging_mixin.py:151} INFO - [2025-02-12T15:56:33.054+0000] {dagbag.py:539} INFO - Filling up the DagBag from /opt/airflow/dags/account_dim_generator_dag.py
[2025-02-12T15:56:33.351+0000] {processor.py:839} INFO - DAG(s) dict_keys(['account_dim_generator']) retrieved from /opt/airflow/dags/account_dim_generator_dag.py
[2025-02-12T15:56:33.371+0000] {logging_mixin.py:151} INFO - [2025-02-12T15:56:33.371+0000] {dag.py:2915} INFO - Sync 1 DAGs
[2025-02-12T15:56:33.390+0000] {logging_mixin.py:151} INFO - [2025-02-12T15:56:33.390+0000] {dag.py:3696} INFO - Setting next_dagrun for account_dim_generator to 2025-01-15T17:00:00+00:00, run_after=2025-01-16T17:00:00+00:00
[2025-02-12T15:56:33.408+0000] {processor.py:179} INFO - Processing /opt/airflow/dags/account_dim_generator_dag.py took 0.367 seconds
[2025-02-12T15:57:03.806+0000] {processor.py:157} INFO - Started process (PID=994) to work on /opt/airflow/dags/account_dim_generator_dag.py
[2025-02-12T15:57:03.807+0000] {processor.py:829} INFO - Processing file /opt/airflow/dags/account_dim_generator_dag.py for tasks to queue
[2025-02-12T15:57:03.807+0000] {logging_mixin.py:151} INFO - [2025-02-12T15:57:03.807+0000] {dagbag.py:539} INFO - Filling up the DagBag from /opt/airflow/dags/account_dim_generator_dag.py
[2025-02-12T15:57:04.077+0000] {processor.py:839} INFO - DAG(s) dict_keys(['account_dim_generator']) retrieved from /opt/airflow/dags/account_dim_generator_dag.py
[2025-02-12T15:57:04.093+0000] {logging_mixin.py:151} INFO - [2025-02-12T15:57:04.093+0000] {dag.py:2915} INFO - Sync 1 DAGs
[2025-02-12T15:57:04.112+0000] {logging_mixin.py:151} INFO - [2025-02-12T15:57:04.112+0000] {dag.py:3696} INFO - Setting next_dagrun for account_dim_generator to 2025-01-15T17:00:00+00:00, run_after=2025-01-16T17:00:00+00:00
[2025-02-12T15:57:04.130+0000] {processor.py:179} INFO - Processing /opt/airflow/dags/account_dim_generator_dag.py took 0.327 seconds
[2025-02-12T15:57:34.837+0000] {processor.py:157} INFO - Started process (PID=1245) to work on /opt/airflow/dags/account_dim_generator_dag.py
[2025-02-12T15:57:34.838+0000] {processor.py:829} INFO - Processing file /opt/airflow/dags/account_dim_generator_dag.py for tasks to queue
[2025-02-12T15:57:34.839+0000] {logging_mixin.py:151} INFO - [2025-02-12T15:57:34.839+0000] {dagbag.py:539} INFO - Filling up the DagBag from /opt/airflow/dags/account_dim_generator_dag.py
[2025-02-12T15:57:35.089+0000] {processor.py:839} INFO - DAG(s) dict_keys(['account_dim_generator']) retrieved from /opt/airflow/dags/account_dim_generator_dag.py
[2025-02-12T15:57:35.105+0000] {logging_mixin.py:151} INFO - [2025-02-12T15:57:35.105+0000] {dag.py:2915} INFO - Sync 1 DAGs
[2025-02-12T15:57:35.124+0000] {logging_mixin.py:151} INFO - [2025-02-12T15:57:35.123+0000] {dag.py:3696} INFO - Setting next_dagrun for account_dim_generator to 2025-01-15T17:00:00+00:00, run_after=2025-01-16T17:00:00+00:00
[2025-02-12T15:57:35.138+0000] {processor.py:179} INFO - Processing /opt/airflow/dags/account_dim_generator_dag.py took 0.304 seconds
[2025-02-12T15:59:34.956+0000] {processor.py:157} INFO - Started process (PID=1540) to work on /opt/airflow/dags/account_dim_generator_dag.py
[2025-02-12T15:59:34.958+0000] {processor.py:829} INFO - Processing file /opt/airflow/dags/account_dim_generator_dag.py for tasks to queue
[2025-02-12T15:59:34.959+0000] {logging_mixin.py:151} INFO - [2025-02-12T15:59:34.959+0000] {dagbag.py:539} INFO - Filling up the DagBag from /opt/airflow/dags/account_dim_generator_dag.py
[2025-02-12T15:59:35.974+0000] {processor.py:839} INFO - DAG(s) dict_keys(['account_dim_generator']) retrieved from /opt/airflow/dags/account_dim_generator_dag.py
[2025-02-12T15:59:36.018+0000] {logging_mixin.py:151} INFO - [2025-02-12T15:59:36.017+0000] {dag.py:2915} INFO - Sync 1 DAGs
[2025-02-12T15:59:36.070+0000] {logging_mixin.py:151} INFO - [2025-02-12T15:59:36.070+0000] {dag.py:3696} INFO - Setting next_dagrun for account_dim_generator to 2025-01-15T17:00:00+00:00, run_after=2025-01-16T17:00:00+00:00
[2025-02-12T15:59:36.117+0000] {processor.py:179} INFO - Processing /opt/airflow/dags/account_dim_generator_dag.py took 1.168 seconds
[2025-02-12T16:00:06.740+0000] {processor.py:157} INFO - Started process (PID=1849) to work on /opt/airflow/dags/account_dim_generator_dag.py
[2025-02-12T16:00:06.742+0000] {processor.py:829} INFO - Processing file /opt/airflow/dags/account_dim_generator_dag.py for tasks to queue
[2025-02-12T16:00:06.743+0000] {logging_mixin.py:151} INFO - [2025-02-12T16:00:06.742+0000] {dagbag.py:539} INFO - Filling up the DagBag from /opt/airflow/dags/account_dim_generator_dag.py
[2025-02-12T16:00:07.062+0000] {processor.py:839} INFO - DAG(s) dict_keys(['account_dim_generator']) retrieved from /opt/airflow/dags/account_dim_generator_dag.py
[2025-02-12T16:00:07.079+0000] {logging_mixin.py:151} INFO - [2025-02-12T16:00:07.079+0000] {dag.py:2915} INFO - Sync 1 DAGs
[2025-02-12T16:00:07.098+0000] {logging_mixin.py:151} INFO - [2025-02-12T16:00:07.098+0000] {dag.py:3696} INFO - Setting next_dagrun for account_dim_generator to 2025-01-15T17:00:00+00:00, run_after=2025-01-16T17:00:00+00:00
[2025-02-12T16:00:07.114+0000] {processor.py:179} INFO - Processing /opt/airflow/dags/account_dim_generator_dag.py took 0.378 seconds
[2025-02-12T16:01:53.440+0000] {processor.py:157} INFO - Started process (PID=2124) to work on /opt/airflow/dags/account_dim_generator_dag.py
[2025-02-12T16:01:53.443+0000] {processor.py:829} INFO - Processing file /opt/airflow/dags/account_dim_generator_dag.py for tasks to queue
[2025-02-12T16:01:53.446+0000] {logging_mixin.py:151} INFO - [2025-02-12T16:01:53.445+0000] {dagbag.py:539} INFO - Filling up the DagBag from /opt/airflow/dags/account_dim_generator_dag.py
[2025-02-12T16:01:55.223+0000] {processor.py:839} INFO - DAG(s) dict_keys(['account_dim_generator']) retrieved from /opt/airflow/dags/account_dim_generator_dag.py
[2025-02-12T16:01:55.271+0000] {logging_mixin.py:151} INFO - [2025-02-12T16:01:55.269+0000] {dag.py:2915} INFO - Sync 1 DAGs
[2025-02-12T16:01:55.378+0000] {processor.py:179} INFO - Processing /opt/airflow/dags/account_dim_generator_dag.py took 1.525 seconds
[2025-02-12T16:02:04.292+0000] {processor.py:157} INFO - Started process (PID=2394) to work on /opt/airflow/dags/account_dim_generator_dag.py
[2025-02-12T16:02:04.293+0000] {processor.py:829} INFO - Processing file /opt/airflow/dags/account_dim_generator_dag.py for tasks to queue
[2025-02-12T16:02:04.293+0000] {logging_mixin.py:151} INFO - [2025-02-12T16:02:04.293+0000] {dagbag.py:539} INFO - Filling up the DagBag from /opt/airflow/dags/account_dim_generator_dag.py
[2025-02-12T16:02:04.595+0000] {processor.py:839} INFO - DAG(s) dict_keys(['account_dim_generator']) retrieved from /opt/airflow/dags/account_dim_generator_dag.py
[2025-02-12T16:02:04.636+0000] {logging_mixin.py:151} INFO - [2025-02-12T16:02:04.635+0000] {taskinstance.py:1937} ERROR - {'DAG Id': 'account_dim_generator', 'Task Id': 'generate_account_dim_data', 'Run Id': 'scheduled__2025-01-15T17:00:00+00:00', 'Hostname': '5879df32f101'}
[2025-02-12T16:02:04.670+0000] {logging_mixin.py:151} INFO - [2025-02-12T16:02:04.669+0000] {taskinstance.py:1398} INFO - Marking task as UP_FOR_RETRY. dag_id=account_dim_generator, task_id=generate_account_dim_data, execution_date=20250115T170000, start_date=20250212T160023, end_date=20250212T160204
[2025-02-12T16:02:04.692+0000] {processor.py:790} INFO - Executed failure callback for <TaskInstance: account_dim_generator.generate_account_dim_data scheduled__2025-01-15T17:00:00+00:00 [up_for_retry]> in state up_for_retry
[2025-02-12T16:02:04.713+0000] {logging_mixin.py:151} INFO - [2025-02-12T16:02:04.712+0000] {dag.py:2915} INFO - Sync 1 DAGs
[2025-02-12T16:02:05.003+0000] {logging_mixin.py:151} INFO - [2025-02-12T16:02:05.003+0000] {dag.py:3696} INFO - Setting next_dagrun for account_dim_generator to 2025-02-06T17:00:00+00:00, run_after=2025-02-07T17:00:00+00:00
[2025-02-12T16:02:05.038+0000] {processor.py:179} INFO - Processing /opt/airflow/dags/account_dim_generator_dag.py took 0.748 seconds
[2025-02-12T16:02:14.399+0000] {processor.py:157} INFO - Started process (PID=2431) to work on /opt/airflow/dags/account_dim_generator_dag.py
[2025-02-12T16:02:14.400+0000] {processor.py:829} INFO - Processing file /opt/airflow/dags/account_dim_generator_dag.py for tasks to queue
[2025-02-12T16:02:14.401+0000] {logging_mixin.py:151} INFO - [2025-02-12T16:02:14.401+0000] {dagbag.py:539} INFO - Filling up the DagBag from /opt/airflow/dags/account_dim_generator_dag.py
[2025-02-12T16:02:14.646+0000] {processor.py:839} INFO - DAG(s) dict_keys(['account_dim_generator']) retrieved from /opt/airflow/dags/account_dim_generator_dag.py
[2025-02-12T16:02:14.667+0000] {logging_mixin.py:151} INFO - [2025-02-12T16:02:14.666+0000] {taskinstance.py:1937} ERROR - {'DAG Id': 'account_dim_generator', 'Task Id': 'generate_account_dim_data', 'Run Id': 'scheduled__2025-01-16T17:00:00+00:00', 'Hostname': '5879df32f101'}
[2025-02-12T16:02:14.678+0000] {logging_mixin.py:151} INFO - [2025-02-12T16:02:14.677+0000] {taskinstance.py:1398} INFO - Marking task as UP_FOR_RETRY. dag_id=account_dim_generator, task_id=generate_account_dim_data, execution_date=20250116T170000, start_date=20250212T160023, end_date=20250212T160214
[2025-02-12T16:02:14.684+0000] {processor.py:790} INFO - Executed failure callback for <TaskInstance: account_dim_generator.generate_account_dim_data scheduled__2025-01-16T17:00:00+00:00 [up_for_retry]> in state up_for_retry
[2025-02-12T16:02:14.686+0000] {logging_mixin.py:151} INFO - [2025-02-12T16:02:14.685+0000] {taskinstance.py:1937} ERROR - {'DAG Id': 'account_dim_generator', 'Task Id': 'generate_account_dim_data', 'Run Id': 'scheduled__2025-01-16T17:00:00+00:00', 'Hostname': '5879df32f101'}
[2025-02-12T16:02:14.691+0000] {logging_mixin.py:151} INFO - [2025-02-12T16:02:14.691+0000] {taskinstance.py:1398} INFO - Marking task as UP_FOR_RETRY. dag_id=account_dim_generator, task_id=generate_account_dim_data, execution_date=20250116T170000, start_date=20250212T160023, end_date=20250212T160214
[2025-02-12T16:02:14.694+0000] {processor.py:790} INFO - Executed failure callback for <TaskInstance: account_dim_generator.generate_account_dim_data scheduled__2025-01-16T17:00:00+00:00 [up_for_retry]> in state up_for_retry
[2025-02-12T16:02:14.705+0000] {logging_mixin.py:151} INFO - [2025-02-12T16:02:14.705+0000] {dag.py:2915} INFO - Sync 1 DAGs
[2025-02-12T16:02:14.720+0000] {logging_mixin.py:151} INFO - [2025-02-12T16:02:14.720+0000] {dag.py:3696} INFO - Setting next_dagrun for account_dim_generator to 2025-02-11T17:00:00+00:00, run_after=2025-02-12T17:00:00+00:00
[2025-02-12T16:02:14.734+0000] {processor.py:179} INFO - Processing /opt/airflow/dags/account_dim_generator_dag.py took 0.338 seconds
[2025-02-12T16:02:45.333+0000] {processor.py:157} INFO - Started process (PID=2693) to work on /opt/airflow/dags/account_dim_generator_dag.py
[2025-02-12T16:02:45.334+0000] {processor.py:829} INFO - Processing file /opt/airflow/dags/account_dim_generator_dag.py for tasks to queue
[2025-02-12T16:02:45.335+0000] {logging_mixin.py:151} INFO - [2025-02-12T16:02:45.334+0000] {dagbag.py:539} INFO - Filling up the DagBag from /opt/airflow/dags/account_dim_generator_dag.py
[2025-02-12T16:02:45.588+0000] {processor.py:839} INFO - DAG(s) dict_keys(['account_dim_generator']) retrieved from /opt/airflow/dags/account_dim_generator_dag.py
[2025-02-12T16:02:45.606+0000] {logging_mixin.py:151} INFO - [2025-02-12T16:02:45.605+0000] {dag.py:2915} INFO - Sync 1 DAGs
[2025-02-12T16:02:45.625+0000] {logging_mixin.py:151} INFO - [2025-02-12T16:02:45.625+0000] {dag.py:3696} INFO - Setting next_dagrun for account_dim_generator to 2025-02-11T17:00:00+00:00, run_after=2025-02-12T17:00:00+00:00
[2025-02-12T16:02:45.640+0000] {processor.py:179} INFO - Processing /opt/airflow/dags/account_dim_generator_dag.py took 0.311 seconds
[2025-02-12T16:03:15.862+0000] {processor.py:157} INFO - Started process (PID=3023) to work on /opt/airflow/dags/account_dim_generator_dag.py
[2025-02-12T16:03:15.864+0000] {processor.py:829} INFO - Processing file /opt/airflow/dags/account_dim_generator_dag.py for tasks to queue
[2025-02-12T16:03:15.865+0000] {logging_mixin.py:151} INFO - [2025-02-12T16:03:15.865+0000] {dagbag.py:539} INFO - Filling up the DagBag from /opt/airflow/dags/account_dim_generator_dag.py
[2025-02-12T16:03:16.129+0000] {processor.py:839} INFO - DAG(s) dict_keys(['account_dim_generator']) retrieved from /opt/airflow/dags/account_dim_generator_dag.py
[2025-02-12T16:03:16.148+0000] {logging_mixin.py:151} INFO - [2025-02-12T16:03:16.148+0000] {dag.py:2915} INFO - Sync 1 DAGs
[2025-02-12T16:03:16.170+0000] {logging_mixin.py:151} INFO - [2025-02-12T16:03:16.170+0000] {dag.py:3696} INFO - Setting next_dagrun for account_dim_generator to 2025-02-11T17:00:00+00:00, run_after=2025-02-12T17:00:00+00:00
[2025-02-12T16:03:16.191+0000] {processor.py:179} INFO - Processing /opt/airflow/dags/account_dim_generator_dag.py took 0.331 seconds
[2025-02-12T16:03:46.778+0000] {processor.py:157} INFO - Started process (PID=3296) to work on /opt/airflow/dags/account_dim_generator_dag.py
[2025-02-12T16:03:46.779+0000] {processor.py:829} INFO - Processing file /opt/airflow/dags/account_dim_generator_dag.py for tasks to queue
[2025-02-12T16:03:46.780+0000] {logging_mixin.py:151} INFO - [2025-02-12T16:03:46.780+0000] {dagbag.py:539} INFO - Filling up the DagBag from /opt/airflow/dags/account_dim_generator_dag.py
[2025-02-12T16:03:47.025+0000] {processor.py:839} INFO - DAG(s) dict_keys(['account_dim_generator']) retrieved from /opt/airflow/dags/account_dim_generator_dag.py
[2025-02-12T16:03:47.042+0000] {logging_mixin.py:151} INFO - [2025-02-12T16:03:47.042+0000] {dag.py:2915} INFO - Sync 1 DAGs
[2025-02-12T16:03:47.061+0000] {logging_mixin.py:151} INFO - [2025-02-12T16:03:47.060+0000] {dag.py:3696} INFO - Setting next_dagrun for account_dim_generator to 2025-02-11T17:00:00+00:00, run_after=2025-02-12T17:00:00+00:00
[2025-02-12T16:03:47.075+0000] {processor.py:179} INFO - Processing /opt/airflow/dags/account_dim_generator_dag.py took 0.300 seconds
[2025-02-12T16:04:17.297+0000] {processor.py:157} INFO - Started process (PID=3557) to work on /opt/airflow/dags/account_dim_generator_dag.py
[2025-02-12T16:04:17.297+0000] {processor.py:829} INFO - Processing file /opt/airflow/dags/account_dim_generator_dag.py for tasks to queue
[2025-02-12T16:04:17.298+0000] {logging_mixin.py:151} INFO - [2025-02-12T16:04:17.298+0000] {dagbag.py:539} INFO - Filling up the DagBag from /opt/airflow/dags/account_dim_generator_dag.py
[2025-02-12T16:04:17.534+0000] {processor.py:839} INFO - DAG(s) dict_keys(['account_dim_generator']) retrieved from /opt/airflow/dags/account_dim_generator_dag.py
[2025-02-12T16:04:17.551+0000] {logging_mixin.py:151} INFO - [2025-02-12T16:04:17.551+0000] {dag.py:2915} INFO - Sync 1 DAGs
[2025-02-12T16:04:17.569+0000] {logging_mixin.py:151} INFO - [2025-02-12T16:04:17.569+0000] {dag.py:3696} INFO - Setting next_dagrun for account_dim_generator to 2025-02-11T17:00:00+00:00, run_after=2025-02-12T17:00:00+00:00
[2025-02-12T16:04:17.583+0000] {processor.py:179} INFO - Processing /opt/airflow/dags/account_dim_generator_dag.py took 0.289 seconds
[2025-02-12T16:04:48.308+0000] {processor.py:157} INFO - Started process (PID=3824) to work on /opt/airflow/dags/account_dim_generator_dag.py
[2025-02-12T16:04:48.309+0000] {processor.py:829} INFO - Processing file /opt/airflow/dags/account_dim_generator_dag.py for tasks to queue
[2025-02-12T16:04:48.310+0000] {logging_mixin.py:151} INFO - [2025-02-12T16:04:48.310+0000] {dagbag.py:539} INFO - Filling up the DagBag from /opt/airflow/dags/account_dim_generator_dag.py
[2025-02-12T16:04:48.570+0000] {processor.py:839} INFO - DAG(s) dict_keys(['account_dim_generator']) retrieved from /opt/airflow/dags/account_dim_generator_dag.py
[2025-02-12T16:04:48.592+0000] {logging_mixin.py:151} INFO - [2025-02-12T16:04:48.591+0000] {dag.py:2915} INFO - Sync 1 DAGs
[2025-02-12T16:04:48.610+0000] {logging_mixin.py:151} INFO - [2025-02-12T16:04:48.610+0000] {dag.py:3696} INFO - Setting next_dagrun for account_dim_generator to 2025-02-11T17:00:00+00:00, run_after=2025-02-12T17:00:00+00:00
[2025-02-12T16:04:48.626+0000] {processor.py:179} INFO - Processing /opt/airflow/dags/account_dim_generator_dag.py took 0.321 seconds
[2025-02-12T16:05:18.718+0000] {processor.py:157} INFO - Started process (PID=4085) to work on /opt/airflow/dags/account_dim_generator_dag.py
[2025-02-12T16:05:18.719+0000] {processor.py:829} INFO - Processing file /opt/airflow/dags/account_dim_generator_dag.py for tasks to queue
[2025-02-12T16:05:18.720+0000] {logging_mixin.py:151} INFO - [2025-02-12T16:05:18.719+0000] {dagbag.py:539} INFO - Filling up the DagBag from /opt/airflow/dags/account_dim_generator_dag.py
[2025-02-12T16:05:19.034+0000] {processor.py:839} INFO - DAG(s) dict_keys(['account_dim_generator']) retrieved from /opt/airflow/dags/account_dim_generator_dag.py
[2025-02-12T16:05:19.057+0000] {logging_mixin.py:151} INFO - [2025-02-12T16:05:19.057+0000] {dag.py:2915} INFO - Sync 1 DAGs
[2025-02-12T16:05:19.084+0000] {logging_mixin.py:151} INFO - [2025-02-12T16:05:19.084+0000] {dag.py:3696} INFO - Setting next_dagrun for account_dim_generator to 2025-02-11T17:00:00+00:00, run_after=2025-02-12T17:00:00+00:00
[2025-02-12T16:05:19.108+0000] {processor.py:179} INFO - Processing /opt/airflow/dags/account_dim_generator_dag.py took 0.392 seconds
[2025-02-12T16:05:49.371+0000] {processor.py:157} INFO - Started process (PID=4346) to work on /opt/airflow/dags/account_dim_generator_dag.py
[2025-02-12T16:05:49.372+0000] {processor.py:829} INFO - Processing file /opt/airflow/dags/account_dim_generator_dag.py for tasks to queue
[2025-02-12T16:05:49.373+0000] {logging_mixin.py:151} INFO - [2025-02-12T16:05:49.373+0000] {dagbag.py:539} INFO - Filling up the DagBag from /opt/airflow/dags/account_dim_generator_dag.py
[2025-02-12T16:05:49.610+0000] {processor.py:839} INFO - DAG(s) dict_keys(['account_dim_generator']) retrieved from /opt/airflow/dags/account_dim_generator_dag.py
[2025-02-12T16:05:49.627+0000] {logging_mixin.py:151} INFO - [2025-02-12T16:05:49.626+0000] {dag.py:2915} INFO - Sync 1 DAGs
[2025-02-12T16:05:49.643+0000] {logging_mixin.py:151} INFO - [2025-02-12T16:05:49.643+0000] {dag.py:3696} INFO - Setting next_dagrun for account_dim_generator to 2025-02-11T17:00:00+00:00, run_after=2025-02-12T17:00:00+00:00
[2025-02-12T16:05:49.660+0000] {processor.py:179} INFO - Processing /opt/airflow/dags/account_dim_generator_dag.py took 0.291 seconds
[2025-02-12T16:06:27.093+0000] {processor.py:157} INFO - Started process (PID=4616) to work on /opt/airflow/dags/account_dim_generator_dag.py
[2025-02-12T16:06:27.094+0000] {processor.py:829} INFO - Processing file /opt/airflow/dags/account_dim_generator_dag.py for tasks to queue
[2025-02-12T16:06:27.095+0000] {logging_mixin.py:151} INFO - [2025-02-12T16:06:27.095+0000] {dagbag.py:539} INFO - Filling up the DagBag from /opt/airflow/dags/account_dim_generator_dag.py
[2025-02-12T16:06:27.349+0000] {processor.py:839} INFO - DAG(s) dict_keys(['account_dim_generator']) retrieved from /opt/airflow/dags/account_dim_generator_dag.py
[2025-02-12T16:06:27.367+0000] {logging_mixin.py:151} INFO - [2025-02-12T16:06:27.366+0000] {dag.py:2915} INFO - Sync 1 DAGs
[2025-02-12T16:06:27.387+0000] {logging_mixin.py:151} INFO - [2025-02-12T16:06:27.386+0000] {dag.py:3696} INFO - Setting next_dagrun for account_dim_generator to 2025-02-11T17:00:00+00:00, run_after=2025-02-12T17:00:00+00:00
[2025-02-12T16:06:27.401+0000] {processor.py:179} INFO - Processing /opt/airflow/dags/account_dim_generator_dag.py took 0.311 seconds
[2025-02-12T16:06:58.265+0000] {processor.py:157} INFO - Started process (PID=4894) to work on /opt/airflow/dags/account_dim_generator_dag.py
[2025-02-12T16:06:58.266+0000] {processor.py:829} INFO - Processing file /opt/airflow/dags/account_dim_generator_dag.py for tasks to queue
[2025-02-12T16:06:58.267+0000] {logging_mixin.py:151} INFO - [2025-02-12T16:06:58.266+0000] {dagbag.py:539} INFO - Filling up the DagBag from /opt/airflow/dags/account_dim_generator_dag.py
[2025-02-12T16:06:58.568+0000] {processor.py:839} INFO - DAG(s) dict_keys(['account_dim_generator']) retrieved from /opt/airflow/dags/account_dim_generator_dag.py
[2025-02-12T16:06:58.586+0000] {logging_mixin.py:151} INFO - [2025-02-12T16:06:58.586+0000] {dag.py:2915} INFO - Sync 1 DAGs
[2025-02-12T16:06:58.606+0000] {logging_mixin.py:151} INFO - [2025-02-12T16:06:58.606+0000] {dag.py:3696} INFO - Setting next_dagrun for account_dim_generator to 2025-02-11T17:00:00+00:00, run_after=2025-02-12T17:00:00+00:00
[2025-02-12T16:06:58.622+0000] {processor.py:179} INFO - Processing /opt/airflow/dags/account_dim_generator_dag.py took 0.360 seconds
[2025-02-12T16:07:28.780+0000] {processor.py:157} INFO - Started process (PID=5161) to work on /opt/airflow/dags/account_dim_generator_dag.py
[2025-02-12T16:07:28.782+0000] {processor.py:829} INFO - Processing file /opt/airflow/dags/account_dim_generator_dag.py for tasks to queue
[2025-02-12T16:07:28.783+0000] {logging_mixin.py:151} INFO - [2025-02-12T16:07:28.783+0000] {dagbag.py:539} INFO - Filling up the DagBag from /opt/airflow/dags/account_dim_generator_dag.py
[2025-02-12T16:07:37.742+0000] {processor.py:839} INFO - DAG(s) dict_keys(['account_dim_generator']) retrieved from /opt/airflow/dags/account_dim_generator_dag.py
[2025-02-12T16:07:37.760+0000] {logging_mixin.py:151} INFO - [2025-02-12T16:07:37.759+0000] {dag.py:2915} INFO - Sync 1 DAGs
[2025-02-12T16:07:37.780+0000] {logging_mixin.py:151} INFO - [2025-02-12T16:07:37.780+0000] {dag.py:3696} INFO - Setting next_dagrun for account_dim_generator to 2025-02-11T17:00:00+00:00, run_after=2025-02-12T17:00:00+00:00
[2025-02-12T16:07:37.798+0000] {processor.py:179} INFO - Processing /opt/airflow/dags/account_dim_generator_dag.py took 0.320 seconds
[2025-02-12T16:08:08.212+0000] {processor.py:157} INFO - Started process (PID=5426) to work on /opt/airflow/dags/account_dim_generator_dag.py
[2025-02-12T16:08:08.213+0000] {processor.py:829} INFO - Processing file /opt/airflow/dags/account_dim_generator_dag.py for tasks to queue
[2025-02-12T16:08:08.214+0000] {logging_mixin.py:151} INFO - [2025-02-12T16:08:08.213+0000] {dagbag.py:539} INFO - Filling up the DagBag from /opt/airflow/dags/account_dim_generator_dag.py
[2025-02-12T16:08:08.455+0000] {processor.py:839} INFO - DAG(s) dict_keys(['account_dim_generator']) retrieved from /opt/airflow/dags/account_dim_generator_dag.py
[2025-02-12T16:08:08.471+0000] {logging_mixin.py:151} INFO - [2025-02-12T16:08:08.471+0000] {dag.py:2915} INFO - Sync 1 DAGs
[2025-02-12T16:08:08.487+0000] {logging_mixin.py:151} INFO - [2025-02-12T16:08:08.487+0000] {dag.py:3696} INFO - Setting next_dagrun for account_dim_generator to 2025-02-11T17:00:00+00:00, run_after=2025-02-12T17:00:00+00:00
[2025-02-12T16:08:08.504+0000] {processor.py:179} INFO - Processing /opt/airflow/dags/account_dim_generator_dag.py took 0.294 seconds
[2025-02-12T16:08:53.731+0000] {processor.py:157} INFO - Started process (PID=5748) to work on /opt/airflow/dags/account_dim_generator_dag.py
[2025-02-12T16:08:53.733+0000] {processor.py:829} INFO - Processing file /opt/airflow/dags/account_dim_generator_dag.py for tasks to queue
[2025-02-12T16:08:53.734+0000] {logging_mixin.py:151} INFO - [2025-02-12T16:08:53.734+0000] {dagbag.py:539} INFO - Filling up the DagBag from /opt/airflow/dags/account_dim_generator_dag.py
[2025-02-12T16:08:54.355+0000] {processor.py:839} INFO - DAG(s) dict_keys(['account_dim_generator']) retrieved from /opt/airflow/dags/account_dim_generator_dag.py
[2025-02-12T16:08:54.406+0000] {logging_mixin.py:151} INFO - [2025-02-12T16:08:54.405+0000] {dag.py:2915} INFO - Sync 1 DAGs
[2025-02-12T16:08:54.463+0000] {logging_mixin.py:151} INFO - [2025-02-12T16:08:54.463+0000] {dag.py:3696} INFO - Setting next_dagrun for account_dim_generator to 2025-02-11T17:00:00+00:00, run_after=2025-02-12T17:00:00+00:00
[2025-02-12T16:08:54.514+0000] {processor.py:179} INFO - Processing /opt/airflow/dags/account_dim_generator_dag.py took 0.789 seconds
[2025-02-12T16:10:24.915+0000] {processor.py:157} INFO - Started process (PID=6028) to work on /opt/airflow/dags/account_dim_generator_dag.py
[2025-02-12T16:10:24.918+0000] {processor.py:829} INFO - Processing file /opt/airflow/dags/account_dim_generator_dag.py for tasks to queue
[2025-02-12T16:10:24.919+0000] {logging_mixin.py:151} INFO - [2025-02-12T16:10:24.919+0000] {dagbag.py:539} INFO - Filling up the DagBag from /opt/airflow/dags/account_dim_generator_dag.py
[2025-02-12T16:10:25.556+0000] {processor.py:839} INFO - DAG(s) dict_keys(['account_dim_generator']) retrieved from /opt/airflow/dags/account_dim_generator_dag.py
[2025-02-12T16:10:25.604+0000] {logging_mixin.py:151} INFO - [2025-02-12T16:10:25.603+0000] {dag.py:2915} INFO - Sync 1 DAGs
[2025-02-12T16:10:25.632+0000] {logging_mixin.py:151} INFO - [2025-02-12T16:10:25.631+0000] {dag.py:3696} INFO - Setting next_dagrun for account_dim_generator to 2025-02-11T17:00:00+00:00, run_after=2025-02-12T17:00:00+00:00
[2025-02-12T16:10:25.668+0000] {processor.py:179} INFO - Processing /opt/airflow/dags/account_dim_generator_dag.py took 0.759 seconds
[2025-02-12T16:10:56.017+0000] {processor.py:157} INFO - Started process (PID=6318) to work on /opt/airflow/dags/account_dim_generator_dag.py
[2025-02-12T16:10:56.019+0000] {processor.py:829} INFO - Processing file /opt/airflow/dags/account_dim_generator_dag.py for tasks to queue
[2025-02-12T16:10:56.019+0000] {logging_mixin.py:151} INFO - [2025-02-12T16:10:56.019+0000] {dagbag.py:539} INFO - Filling up the DagBag from /opt/airflow/dags/account_dim_generator_dag.py
[2025-02-12T16:10:56.339+0000] {processor.py:839} INFO - DAG(s) dict_keys(['account_dim_generator']) retrieved from /opt/airflow/dags/account_dim_generator_dag.py
[2025-02-12T16:10:56.359+0000] {logging_mixin.py:151} INFO - [2025-02-12T16:10:56.359+0000] {dag.py:2915} INFO - Sync 1 DAGs
[2025-02-12T16:10:56.381+0000] {logging_mixin.py:151} INFO - [2025-02-12T16:10:56.381+0000] {dag.py:3696} INFO - Setting next_dagrun for account_dim_generator to 2025-02-11T17:00:00+00:00, run_after=2025-02-12T17:00:00+00:00
[2025-02-12T16:10:56.407+0000] {processor.py:179} INFO - Processing /opt/airflow/dags/account_dim_generator_dag.py took 0.392 seconds
[2025-02-12T16:11:27.585+0000] {processor.py:157} INFO - Started process (PID=6579) to work on /opt/airflow/dags/account_dim_generator_dag.py
[2025-02-12T16:11:27.586+0000] {processor.py:829} INFO - Processing file /opt/airflow/dags/account_dim_generator_dag.py for tasks to queue
[2025-02-12T16:11:27.587+0000] {logging_mixin.py:151} INFO - [2025-02-12T16:11:27.586+0000] {dagbag.py:539} INFO - Filling up the DagBag from /opt/airflow/dags/account_dim_generator_dag.py
[2025-02-12T16:11:27.901+0000] {processor.py:839} INFO - DAG(s) dict_keys(['account_dim_generator']) retrieved from /opt/airflow/dags/account_dim_generator_dag.py
[2025-02-12T16:11:27.917+0000] {logging_mixin.py:151} INFO - [2025-02-12T16:11:27.916+0000] {dag.py:2915} INFO - Sync 1 DAGs
[2025-02-12T16:11:27.946+0000] {logging_mixin.py:151} INFO - [2025-02-12T16:11:27.946+0000] {dag.py:3696} INFO - Setting next_dagrun for account_dim_generator to 2025-02-11T17:00:00+00:00, run_after=2025-02-12T17:00:00+00:00
[2025-02-12T16:11:27.963+0000] {processor.py:179} INFO - Processing /opt/airflow/dags/account_dim_generator_dag.py took 0.381 seconds
