[2025-02-06T15:19:03.277+0000] {processor.py:186} INFO - Started process (PID=216) to work on /home/airflow/.local/lib/python3.12/site-packages/airflow/example_dags/example_branch_labels.py
[2025-02-06T15:19:03.277+0000] {processor.py:914} INFO - Processing file /home/airflow/.local/lib/python3.12/site-packages/airflow/example_dags/example_branch_labels.py for tasks to queue
[2025-02-06T15:19:03.279+0000] {logging_mixin.py:190} INFO - [2025-02-06T15:19:03.279+0000] {dagbag.py:588} INFO - Filling up the DagBag from /home/airflow/.local/lib/python3.12/site-packages/airflow/example_dags/example_branch_labels.py
[2025-02-06T15:19:03.293+0000] {processor.py:925} INFO - DAG(s) 'example_branch_labels' retrieved from /home/airflow/.local/lib/python3.12/site-packages/airflow/example_dags/example_branch_labels.py
[2025-02-06T15:19:03.329+0000] {logging_mixin.py:190} INFO - [2025-02-06T15:19:03.329+0000] {dag.py:3239} INFO - Sync 1 DAGs
[2025-02-06T15:19:03.361+0000] {logging_mixin.py:190} INFO - [2025-02-06T15:19:03.361+0000] {dag.py:4180} INFO - Setting next_dagrun for example_branch_labels to 2025-02-05 00:00:00+00:00, run_after=2025-02-06 00:00:00+00:00
[2025-02-06T15:19:03.386+0000] {processor.py:208} INFO - Processing /home/airflow/.local/lib/python3.12/site-packages/airflow/example_dags/example_branch_labels.py took 0.116 seconds
[2025-02-06T15:19:34.083+0000] {processor.py:186} INFO - Started process (PID=518) to work on /home/airflow/.local/lib/python3.12/site-packages/airflow/example_dags/example_branch_labels.py
[2025-02-06T15:19:34.085+0000] {processor.py:914} INFO - Processing file /home/airflow/.local/lib/python3.12/site-packages/airflow/example_dags/example_branch_labels.py for tasks to queue
[2025-02-06T15:19:34.087+0000] {logging_mixin.py:190} INFO - [2025-02-06T15:19:34.087+0000] {dagbag.py:588} INFO - Filling up the DagBag from /home/airflow/.local/lib/python3.12/site-packages/airflow/example_dags/example_branch_labels.py
[2025-02-06T15:19:34.097+0000] {processor.py:925} INFO - DAG(s) 'example_branch_labels' retrieved from /home/airflow/.local/lib/python3.12/site-packages/airflow/example_dags/example_branch_labels.py
[2025-02-06T15:19:34.116+0000] {logging_mixin.py:190} INFO - [2025-02-06T15:19:34.116+0000] {dag.py:3239} INFO - Sync 1 DAGs
[2025-02-06T15:19:34.138+0000] {logging_mixin.py:190} INFO - [2025-02-06T15:19:34.138+0000] {dag.py:4180} INFO - Setting next_dagrun for example_branch_labels to 2025-02-05 00:00:00+00:00, run_after=2025-02-06 00:00:00+00:00
[2025-02-06T15:19:34.153+0000] {processor.py:208} INFO - Processing /home/airflow/.local/lib/python3.12/site-packages/airflow/example_dags/example_branch_labels.py took 0.075 seconds
[2025-02-06T15:20:04.180+0000] {processor.py:186} INFO - Started process (PID=824) to work on /home/airflow/.local/lib/python3.12/site-packages/airflow/example_dags/example_branch_labels.py
[2025-02-06T15:20:04.181+0000] {processor.py:914} INFO - Processing file /home/airflow/.local/lib/python3.12/site-packages/airflow/example_dags/example_branch_labels.py for tasks to queue
[2025-02-06T15:20:04.183+0000] {logging_mixin.py:190} INFO - [2025-02-06T15:20:04.182+0000] {dagbag.py:588} INFO - Filling up the DagBag from /home/airflow/.local/lib/python3.12/site-packages/airflow/example_dags/example_branch_labels.py
[2025-02-06T15:20:04.189+0000] {processor.py:925} INFO - DAG(s) 'example_branch_labels' retrieved from /home/airflow/.local/lib/python3.12/site-packages/airflow/example_dags/example_branch_labels.py
[2025-02-06T15:20:04.206+0000] {logging_mixin.py:190} INFO - [2025-02-06T15:20:04.205+0000] {dag.py:3239} INFO - Sync 1 DAGs
[2025-02-06T15:20:04.223+0000] {logging_mixin.py:190} INFO - [2025-02-06T15:20:04.223+0000] {dag.py:4180} INFO - Setting next_dagrun for example_branch_labels to 2025-02-05 00:00:00+00:00, run_after=2025-02-06 00:00:00+00:00
[2025-02-06T15:20:04.236+0000] {processor.py:208} INFO - Processing /home/airflow/.local/lib/python3.12/site-packages/airflow/example_dags/example_branch_labels.py took 0.059 seconds
[2025-02-06T15:20:34.976+0000] {processor.py:186} INFO - Started process (PID=1128) to work on /home/airflow/.local/lib/python3.12/site-packages/airflow/example_dags/example_branch_labels.py
[2025-02-06T15:20:34.977+0000] {processor.py:914} INFO - Processing file /home/airflow/.local/lib/python3.12/site-packages/airflow/example_dags/example_branch_labels.py for tasks to queue
[2025-02-06T15:20:34.979+0000] {logging_mixin.py:190} INFO - [2025-02-06T15:20:34.978+0000] {dagbag.py:588} INFO - Filling up the DagBag from /home/airflow/.local/lib/python3.12/site-packages/airflow/example_dags/example_branch_labels.py
[2025-02-06T15:20:34.986+0000] {processor.py:925} INFO - DAG(s) 'example_branch_labels' retrieved from /home/airflow/.local/lib/python3.12/site-packages/airflow/example_dags/example_branch_labels.py
[2025-02-06T15:20:35.001+0000] {logging_mixin.py:190} INFO - [2025-02-06T15:20:35.001+0000] {dag.py:3239} INFO - Sync 1 DAGs
[2025-02-06T15:20:35.020+0000] {logging_mixin.py:190} INFO - [2025-02-06T15:20:35.020+0000] {dag.py:4180} INFO - Setting next_dagrun for example_branch_labels to 2025-02-05 00:00:00+00:00, run_after=2025-02-06 00:00:00+00:00
[2025-02-06T15:20:35.034+0000] {processor.py:208} INFO - Processing /home/airflow/.local/lib/python3.12/site-packages/airflow/example_dags/example_branch_labels.py took 0.062 seconds
[2025-02-06T15:21:05.608+0000] {processor.py:186} INFO - Started process (PID=1434) to work on /home/airflow/.local/lib/python3.12/site-packages/airflow/example_dags/example_branch_labels.py
[2025-02-06T15:21:05.609+0000] {processor.py:914} INFO - Processing file /home/airflow/.local/lib/python3.12/site-packages/airflow/example_dags/example_branch_labels.py for tasks to queue
[2025-02-06T15:21:05.611+0000] {logging_mixin.py:190} INFO - [2025-02-06T15:21:05.611+0000] {dagbag.py:588} INFO - Filling up the DagBag from /home/airflow/.local/lib/python3.12/site-packages/airflow/example_dags/example_branch_labels.py
[2025-02-06T15:21:05.619+0000] {processor.py:925} INFO - DAG(s) 'example_branch_labels' retrieved from /home/airflow/.local/lib/python3.12/site-packages/airflow/example_dags/example_branch_labels.py
[2025-02-06T15:21:05.636+0000] {logging_mixin.py:190} INFO - [2025-02-06T15:21:05.636+0000] {dag.py:3239} INFO - Sync 1 DAGs
[2025-02-06T15:21:05.656+0000] {logging_mixin.py:190} INFO - [2025-02-06T15:21:05.656+0000] {dag.py:4180} INFO - Setting next_dagrun for example_branch_labels to 2025-02-05 00:00:00+00:00, run_after=2025-02-06 00:00:00+00:00
[2025-02-06T15:21:05.668+0000] {processor.py:208} INFO - Processing /home/airflow/.local/lib/python3.12/site-packages/airflow/example_dags/example_branch_labels.py took 0.065 seconds
[2025-02-06T15:21:36.601+0000] {processor.py:186} INFO - Started process (PID=1740) to work on /home/airflow/.local/lib/python3.12/site-packages/airflow/example_dags/example_branch_labels.py
[2025-02-06T15:21:36.603+0000] {processor.py:914} INFO - Processing file /home/airflow/.local/lib/python3.12/site-packages/airflow/example_dags/example_branch_labels.py for tasks to queue
[2025-02-06T15:21:36.605+0000] {logging_mixin.py:190} INFO - [2025-02-06T15:21:36.605+0000] {dagbag.py:588} INFO - Filling up the DagBag from /home/airflow/.local/lib/python3.12/site-packages/airflow/example_dags/example_branch_labels.py
[2025-02-06T15:21:36.615+0000] {processor.py:925} INFO - DAG(s) 'example_branch_labels' retrieved from /home/airflow/.local/lib/python3.12/site-packages/airflow/example_dags/example_branch_labels.py
[2025-02-06T15:21:36.639+0000] {logging_mixin.py:190} INFO - [2025-02-06T15:21:36.639+0000] {dag.py:3239} INFO - Sync 1 DAGs
[2025-02-06T15:21:36.671+0000] {logging_mixin.py:190} INFO - [2025-02-06T15:21:36.671+0000] {dag.py:4180} INFO - Setting next_dagrun for example_branch_labels to 2025-02-05 00:00:00+00:00, run_after=2025-02-06 00:00:00+00:00
[2025-02-06T15:21:36.694+0000] {processor.py:208} INFO - Processing /home/airflow/.local/lib/python3.12/site-packages/airflow/example_dags/example_branch_labels.py took 0.099 seconds
[2025-02-06T15:22:07.531+0000] {processor.py:186} INFO - Started process (PID=2046) to work on /home/airflow/.local/lib/python3.12/site-packages/airflow/example_dags/example_branch_labels.py
[2025-02-06T15:22:07.532+0000] {processor.py:914} INFO - Processing file /home/airflow/.local/lib/python3.12/site-packages/airflow/example_dags/example_branch_labels.py for tasks to queue
[2025-02-06T15:22:07.533+0000] {logging_mixin.py:190} INFO - [2025-02-06T15:22:07.533+0000] {dagbag.py:588} INFO - Filling up the DagBag from /home/airflow/.local/lib/python3.12/site-packages/airflow/example_dags/example_branch_labels.py
[2025-02-06T15:22:07.540+0000] {processor.py:925} INFO - DAG(s) 'example_branch_labels' retrieved from /home/airflow/.local/lib/python3.12/site-packages/airflow/example_dags/example_branch_labels.py
[2025-02-06T15:22:07.557+0000] {logging_mixin.py:190} INFO - [2025-02-06T15:22:07.557+0000] {dag.py:3239} INFO - Sync 1 DAGs
[2025-02-06T15:22:07.576+0000] {logging_mixin.py:190} INFO - [2025-02-06T15:22:07.576+0000] {dag.py:4180} INFO - Setting next_dagrun for example_branch_labels to 2025-02-05 00:00:00+00:00, run_after=2025-02-06 00:00:00+00:00
[2025-02-06T15:22:07.590+0000] {processor.py:208} INFO - Processing /home/airflow/.local/lib/python3.12/site-packages/airflow/example_dags/example_branch_labels.py took 0.063 seconds
[2025-02-06T15:22:38.372+0000] {processor.py:186} INFO - Started process (PID=2352) to work on /home/airflow/.local/lib/python3.12/site-packages/airflow/example_dags/example_branch_labels.py
[2025-02-06T15:22:38.373+0000] {processor.py:914} INFO - Processing file /home/airflow/.local/lib/python3.12/site-packages/airflow/example_dags/example_branch_labels.py for tasks to queue
[2025-02-06T15:22:38.375+0000] {logging_mixin.py:190} INFO - [2025-02-06T15:22:38.375+0000] {dagbag.py:588} INFO - Filling up the DagBag from /home/airflow/.local/lib/python3.12/site-packages/airflow/example_dags/example_branch_labels.py
[2025-02-06T15:22:38.383+0000] {processor.py:925} INFO - DAG(s) 'example_branch_labels' retrieved from /home/airflow/.local/lib/python3.12/site-packages/airflow/example_dags/example_branch_labels.py
[2025-02-06T15:22:38.403+0000] {logging_mixin.py:190} INFO - [2025-02-06T15:22:38.403+0000] {dag.py:3239} INFO - Sync 1 DAGs
[2025-02-06T15:22:38.430+0000] {logging_mixin.py:190} INFO - [2025-02-06T15:22:38.430+0000] {dag.py:4180} INFO - Setting next_dagrun for example_branch_labels to 2025-02-05 00:00:00+00:00, run_after=2025-02-06 00:00:00+00:00
[2025-02-06T15:22:38.445+0000] {processor.py:208} INFO - Processing /home/airflow/.local/lib/python3.12/site-packages/airflow/example_dags/example_branch_labels.py took 0.077 seconds
[2025-02-06T15:23:09.290+0000] {processor.py:186} INFO - Started process (PID=2658) to work on /home/airflow/.local/lib/python3.12/site-packages/airflow/example_dags/example_branch_labels.py
[2025-02-06T15:23:09.291+0000] {processor.py:914} INFO - Processing file /home/airflow/.local/lib/python3.12/site-packages/airflow/example_dags/example_branch_labels.py for tasks to queue
[2025-02-06T15:23:09.292+0000] {logging_mixin.py:190} INFO - [2025-02-06T15:23:09.292+0000] {dagbag.py:588} INFO - Filling up the DagBag from /home/airflow/.local/lib/python3.12/site-packages/airflow/example_dags/example_branch_labels.py
[2025-02-06T15:23:09.300+0000] {processor.py:925} INFO - DAG(s) 'example_branch_labels' retrieved from /home/airflow/.local/lib/python3.12/site-packages/airflow/example_dags/example_branch_labels.py
[2025-02-06T15:23:09.317+0000] {logging_mixin.py:190} INFO - [2025-02-06T15:23:09.317+0000] {dag.py:3239} INFO - Sync 1 DAGs
[2025-02-06T15:23:09.341+0000] {logging_mixin.py:190} INFO - [2025-02-06T15:23:09.341+0000] {dag.py:4180} INFO - Setting next_dagrun for example_branch_labels to 2025-02-05 00:00:00+00:00, run_after=2025-02-06 00:00:00+00:00
[2025-02-06T15:23:09.358+0000] {processor.py:208} INFO - Processing /home/airflow/.local/lib/python3.12/site-packages/airflow/example_dags/example_branch_labels.py took 0.072 seconds
[2025-02-06T15:23:40.375+0000] {processor.py:186} INFO - Started process (PID=2964) to work on /home/airflow/.local/lib/python3.12/site-packages/airflow/example_dags/example_branch_labels.py
[2025-02-06T15:23:40.376+0000] {processor.py:914} INFO - Processing file /home/airflow/.local/lib/python3.12/site-packages/airflow/example_dags/example_branch_labels.py for tasks to queue
[2025-02-06T15:23:40.378+0000] {logging_mixin.py:190} INFO - [2025-02-06T15:23:40.378+0000] {dagbag.py:588} INFO - Filling up the DagBag from /home/airflow/.local/lib/python3.12/site-packages/airflow/example_dags/example_branch_labels.py
[2025-02-06T15:23:40.387+0000] {processor.py:925} INFO - DAG(s) 'example_branch_labels' retrieved from /home/airflow/.local/lib/python3.12/site-packages/airflow/example_dags/example_branch_labels.py
[2025-02-06T15:23:40.408+0000] {logging_mixin.py:190} INFO - [2025-02-06T15:23:40.408+0000] {dag.py:3239} INFO - Sync 1 DAGs
[2025-02-06T15:23:40.434+0000] {logging_mixin.py:190} INFO - [2025-02-06T15:23:40.434+0000] {dag.py:4180} INFO - Setting next_dagrun for example_branch_labels to 2025-02-05 00:00:00+00:00, run_after=2025-02-06 00:00:00+00:00
[2025-02-06T15:23:40.452+0000] {processor.py:208} INFO - Processing /home/airflow/.local/lib/python3.12/site-packages/airflow/example_dags/example_branch_labels.py took 0.083 seconds
[2025-02-06T15:24:10.507+0000] {processor.py:186} INFO - Started process (PID=3272) to work on /home/airflow/.local/lib/python3.12/site-packages/airflow/example_dags/example_branch_labels.py
[2025-02-06T15:24:10.509+0000] {processor.py:914} INFO - Processing file /home/airflow/.local/lib/python3.12/site-packages/airflow/example_dags/example_branch_labels.py for tasks to queue
[2025-02-06T15:24:10.511+0000] {logging_mixin.py:190} INFO - [2025-02-06T15:24:10.511+0000] {dagbag.py:588} INFO - Filling up the DagBag from /home/airflow/.local/lib/python3.12/site-packages/airflow/example_dags/example_branch_labels.py
[2025-02-06T15:24:10.519+0000] {processor.py:925} INFO - DAG(s) 'example_branch_labels' retrieved from /home/airflow/.local/lib/python3.12/site-packages/airflow/example_dags/example_branch_labels.py
[2025-02-06T15:24:10.537+0000] {logging_mixin.py:190} INFO - [2025-02-06T15:24:10.537+0000] {dag.py:3239} INFO - Sync 1 DAGs
[2025-02-06T15:24:10.559+0000] {logging_mixin.py:190} INFO - [2025-02-06T15:24:10.558+0000] {dag.py:4180} INFO - Setting next_dagrun for example_branch_labels to 2025-02-05 00:00:00+00:00, run_after=2025-02-06 00:00:00+00:00
[2025-02-06T15:24:10.575+0000] {processor.py:208} INFO - Processing /home/airflow/.local/lib/python3.12/site-packages/airflow/example_dags/example_branch_labels.py took 0.073 seconds
[2025-02-06T16:07:20.079+0000] {processor.py:157} INFO - Started process (PID=210) to work on /home/airflow/.local/lib/python3.8/site-packages/airflow/example_dags/example_branch_labels.py
[2025-02-06T16:07:20.080+0000] {processor.py:829} INFO - Processing file /home/airflow/.local/lib/python3.8/site-packages/airflow/example_dags/example_branch_labels.py for tasks to queue
[2025-02-06T16:07:20.081+0000] {logging_mixin.py:151} INFO - [2025-02-06T16:07:20.080+0000] {dagbag.py:539} INFO - Filling up the DagBag from /home/airflow/.local/lib/python3.8/site-packages/airflow/example_dags/example_branch_labels.py
[2025-02-06T16:07:20.089+0000] {processor.py:839} INFO - DAG(s) dict_keys(['example_branch_labels']) retrieved from /home/airflow/.local/lib/python3.8/site-packages/airflow/example_dags/example_branch_labels.py
[2025-02-06T16:07:20.295+0000] {logging_mixin.py:151} INFO - [2025-02-06T16:07:20.295+0000] {manager.py:499} INFO - Created Permission View: %s
[2025-02-06T16:07:20.304+0000] {logging_mixin.py:151} INFO - [2025-02-06T16:07:20.304+0000] {manager.py:499} INFO - Created Permission View: %s
[2025-02-06T16:07:20.311+0000] {logging_mixin.py:151} INFO - [2025-02-06T16:07:20.311+0000] {manager.py:499} INFO - Created Permission View: %s
[2025-02-06T16:07:20.311+0000] {logging_mixin.py:151} INFO - [2025-02-06T16:07:20.311+0000] {security.py:708} INFO - Not syncing DAG-level permissions for DAG 'DAG:example_branch_labels' as access control is unset.
[2025-02-06T16:07:20.311+0000] {logging_mixin.py:151} INFO - [2025-02-06T16:07:20.311+0000] {dag.py:2915} INFO - Sync 1 DAGs
[2025-02-06T16:07:20.321+0000] {logging_mixin.py:151} INFO - [2025-02-06T16:07:20.320+0000] {dag.py:2937} INFO - Creating ORM DAG for example_branch_labels
[2025-02-06T16:07:20.330+0000] {logging_mixin.py:151} INFO - [2025-02-06T16:07:20.330+0000] {dag.py:3696} INFO - Setting next_dagrun for example_branch_labels to 2025-02-05T00:00:00+00:00, run_after=2025-02-06T00:00:00+00:00
[2025-02-06T16:07:20.345+0000] {processor.py:179} INFO - Processing /home/airflow/.local/lib/python3.8/site-packages/airflow/example_dags/example_branch_labels.py took 0.268 seconds
[2025-02-06T16:07:50.750+0000] {processor.py:157} INFO - Started process (PID=473) to work on /home/airflow/.local/lib/python3.8/site-packages/airflow/example_dags/example_branch_labels.py
[2025-02-06T16:07:50.751+0000] {processor.py:829} INFO - Processing file /home/airflow/.local/lib/python3.8/site-packages/airflow/example_dags/example_branch_labels.py for tasks to queue
[2025-02-06T16:07:50.751+0000] {logging_mixin.py:151} INFO - [2025-02-06T16:07:50.751+0000] {dagbag.py:539} INFO - Filling up the DagBag from /home/airflow/.local/lib/python3.8/site-packages/airflow/example_dags/example_branch_labels.py
[2025-02-06T16:07:50.757+0000] {processor.py:839} INFO - DAG(s) dict_keys(['example_branch_labels']) retrieved from /home/airflow/.local/lib/python3.8/site-packages/airflow/example_dags/example_branch_labels.py
[2025-02-06T16:07:50.767+0000] {logging_mixin.py:151} INFO - [2025-02-06T16:07:50.767+0000] {dag.py:2915} INFO - Sync 1 DAGs
[2025-02-06T16:07:50.786+0000] {logging_mixin.py:151} INFO - [2025-02-06T16:07:50.786+0000] {dag.py:3696} INFO - Setting next_dagrun for example_branch_labels to 2025-02-05T00:00:00+00:00, run_after=2025-02-06T00:00:00+00:00
[2025-02-06T16:07:50.799+0000] {processor.py:179} INFO - Processing /home/airflow/.local/lib/python3.8/site-packages/airflow/example_dags/example_branch_labels.py took 0.052 seconds
[2025-02-06T16:08:21.585+0000] {processor.py:157} INFO - Started process (PID=744) to work on /home/airflow/.local/lib/python3.8/site-packages/airflow/example_dags/example_branch_labels.py
[2025-02-06T16:08:21.587+0000] {processor.py:829} INFO - Processing file /home/airflow/.local/lib/python3.8/site-packages/airflow/example_dags/example_branch_labels.py for tasks to queue
[2025-02-06T16:08:21.587+0000] {logging_mixin.py:151} INFO - [2025-02-06T16:08:21.587+0000] {dagbag.py:539} INFO - Filling up the DagBag from /home/airflow/.local/lib/python3.8/site-packages/airflow/example_dags/example_branch_labels.py
[2025-02-06T16:08:21.595+0000] {processor.py:839} INFO - DAG(s) dict_keys(['example_branch_labels']) retrieved from /home/airflow/.local/lib/python3.8/site-packages/airflow/example_dags/example_branch_labels.py
[2025-02-06T16:08:21.623+0000] {logging_mixin.py:151} INFO - [2025-02-06T16:08:21.623+0000] {dag.py:2915} INFO - Sync 1 DAGs
[2025-02-06T16:08:21.648+0000] {logging_mixin.py:151} INFO - [2025-02-06T16:08:21.648+0000] {dag.py:3696} INFO - Setting next_dagrun for example_branch_labels to 2025-02-05T00:00:00+00:00, run_after=2025-02-06T00:00:00+00:00
[2025-02-06T16:08:21.667+0000] {processor.py:179} INFO - Processing /home/airflow/.local/lib/python3.8/site-packages/airflow/example_dags/example_branch_labels.py took 0.085 seconds
[2025-02-06T16:08:52.128+0000] {processor.py:157} INFO - Started process (PID=999) to work on /home/airflow/.local/lib/python3.8/site-packages/airflow/example_dags/example_branch_labels.py
[2025-02-06T16:08:52.129+0000] {processor.py:829} INFO - Processing file /home/airflow/.local/lib/python3.8/site-packages/airflow/example_dags/example_branch_labels.py for tasks to queue
[2025-02-06T16:08:52.130+0000] {logging_mixin.py:151} INFO - [2025-02-06T16:08:52.129+0000] {dagbag.py:539} INFO - Filling up the DagBag from /home/airflow/.local/lib/python3.8/site-packages/airflow/example_dags/example_branch_labels.py
[2025-02-06T16:08:52.136+0000] {processor.py:839} INFO - DAG(s) dict_keys(['example_branch_labels']) retrieved from /home/airflow/.local/lib/python3.8/site-packages/airflow/example_dags/example_branch_labels.py
[2025-02-06T16:08:52.154+0000] {logging_mixin.py:151} INFO - [2025-02-06T16:08:52.154+0000] {dag.py:2915} INFO - Sync 1 DAGs
[2025-02-06T16:08:52.172+0000] {logging_mixin.py:151} INFO - [2025-02-06T16:08:52.172+0000] {dag.py:3696} INFO - Setting next_dagrun for example_branch_labels to 2025-02-05T00:00:00+00:00, run_after=2025-02-06T00:00:00+00:00
[2025-02-06T16:08:52.186+0000] {processor.py:179} INFO - Processing /home/airflow/.local/lib/python3.8/site-packages/airflow/example_dags/example_branch_labels.py took 0.060 seconds
[2025-02-06T16:09:23.787+0000] {processor.py:157} INFO - Started process (PID=1265) to work on /home/airflow/.local/lib/python3.8/site-packages/airflow/example_dags/example_branch_labels.py
[2025-02-06T16:09:23.788+0000] {processor.py:829} INFO - Processing file /home/airflow/.local/lib/python3.8/site-packages/airflow/example_dags/example_branch_labels.py for tasks to queue
[2025-02-06T16:09:23.789+0000] {logging_mixin.py:151} INFO - [2025-02-06T16:09:23.789+0000] {dagbag.py:539} INFO - Filling up the DagBag from /home/airflow/.local/lib/python3.8/site-packages/airflow/example_dags/example_branch_labels.py
[2025-02-06T16:09:23.799+0000] {processor.py:839} INFO - DAG(s) dict_keys(['example_branch_labels']) retrieved from /home/airflow/.local/lib/python3.8/site-packages/airflow/example_dags/example_branch_labels.py
[2025-02-06T16:09:23.822+0000] {logging_mixin.py:151} INFO - [2025-02-06T16:09:23.822+0000] {dag.py:2915} INFO - Sync 1 DAGs
[2025-02-06T16:09:23.842+0000] {logging_mixin.py:151} INFO - [2025-02-06T16:09:23.842+0000] {dag.py:3696} INFO - Setting next_dagrun for example_branch_labels to 2025-02-05T00:00:00+00:00, run_after=2025-02-06T00:00:00+00:00
[2025-02-06T16:09:23.856+0000] {processor.py:179} INFO - Processing /home/airflow/.local/lib/python3.8/site-packages/airflow/example_dags/example_branch_labels.py took 0.073 seconds
[2025-02-06T16:09:55.119+0000] {processor.py:157} INFO - Started process (PID=1526) to work on /home/airflow/.local/lib/python3.8/site-packages/airflow/example_dags/example_branch_labels.py
[2025-02-06T16:09:55.121+0000] {processor.py:829} INFO - Processing file /home/airflow/.local/lib/python3.8/site-packages/airflow/example_dags/example_branch_labels.py for tasks to queue
[2025-02-06T16:09:55.122+0000] {logging_mixin.py:151} INFO - [2025-02-06T16:09:55.121+0000] {dagbag.py:539} INFO - Filling up the DagBag from /home/airflow/.local/lib/python3.8/site-packages/airflow/example_dags/example_branch_labels.py
[2025-02-06T16:09:55.129+0000] {processor.py:839} INFO - DAG(s) dict_keys(['example_branch_labels']) retrieved from /home/airflow/.local/lib/python3.8/site-packages/airflow/example_dags/example_branch_labels.py
[2025-02-06T16:09:55.148+0000] {logging_mixin.py:151} INFO - [2025-02-06T16:09:55.148+0000] {dag.py:2915} INFO - Sync 1 DAGs
[2025-02-06T16:09:55.166+0000] {logging_mixin.py:151} INFO - [2025-02-06T16:09:55.166+0000] {dag.py:3696} INFO - Setting next_dagrun for example_branch_labels to 2025-02-05T00:00:00+00:00, run_after=2025-02-06T00:00:00+00:00
[2025-02-06T16:09:55.181+0000] {processor.py:179} INFO - Processing /home/airflow/.local/lib/python3.8/site-packages/airflow/example_dags/example_branch_labels.py took 0.064 seconds
[2025-02-06T16:10:26.848+0000] {processor.py:157} INFO - Started process (PID=1788) to work on /home/airflow/.local/lib/python3.8/site-packages/airflow/example_dags/example_branch_labels.py
[2025-02-06T16:10:26.850+0000] {processor.py:829} INFO - Processing file /home/airflow/.local/lib/python3.8/site-packages/airflow/example_dags/example_branch_labels.py for tasks to queue
[2025-02-06T16:10:26.851+0000] {logging_mixin.py:151} INFO - [2025-02-06T16:10:26.850+0000] {dagbag.py:539} INFO - Filling up the DagBag from /home/airflow/.local/lib/python3.8/site-packages/airflow/example_dags/example_branch_labels.py
[2025-02-06T16:10:26.859+0000] {processor.py:839} INFO - DAG(s) dict_keys(['example_branch_labels']) retrieved from /home/airflow/.local/lib/python3.8/site-packages/airflow/example_dags/example_branch_labels.py
[2025-02-06T16:10:26.879+0000] {logging_mixin.py:151} INFO - [2025-02-06T16:10:26.879+0000] {dag.py:2915} INFO - Sync 1 DAGs
[2025-02-06T16:10:26.900+0000] {logging_mixin.py:151} INFO - [2025-02-06T16:10:26.900+0000] {dag.py:3696} INFO - Setting next_dagrun for example_branch_labels to 2025-02-05T00:00:00+00:00, run_after=2025-02-06T00:00:00+00:00
[2025-02-06T16:10:26.915+0000] {processor.py:179} INFO - Processing /home/airflow/.local/lib/python3.8/site-packages/airflow/example_dags/example_branch_labels.py took 0.070 seconds
[2025-02-06T16:10:57.647+0000] {processor.py:157} INFO - Started process (PID=2049) to work on /home/airflow/.local/lib/python3.8/site-packages/airflow/example_dags/example_branch_labels.py
[2025-02-06T16:10:57.648+0000] {processor.py:829} INFO - Processing file /home/airflow/.local/lib/python3.8/site-packages/airflow/example_dags/example_branch_labels.py for tasks to queue
[2025-02-06T16:10:57.648+0000] {logging_mixin.py:151} INFO - [2025-02-06T16:10:57.648+0000] {dagbag.py:539} INFO - Filling up the DagBag from /home/airflow/.local/lib/python3.8/site-packages/airflow/example_dags/example_branch_labels.py
[2025-02-06T16:10:57.656+0000] {processor.py:839} INFO - DAG(s) dict_keys(['example_branch_labels']) retrieved from /home/airflow/.local/lib/python3.8/site-packages/airflow/example_dags/example_branch_labels.py
[2025-02-06T16:10:57.677+0000] {logging_mixin.py:151} INFO - [2025-02-06T16:10:57.677+0000] {dag.py:2915} INFO - Sync 1 DAGs
[2025-02-06T16:10:57.699+0000] {logging_mixin.py:151} INFO - [2025-02-06T16:10:57.699+0000] {dag.py:3696} INFO - Setting next_dagrun for example_branch_labels to 2025-02-05T00:00:00+00:00, run_after=2025-02-06T00:00:00+00:00
[2025-02-06T16:10:57.716+0000] {processor.py:179} INFO - Processing /home/airflow/.local/lib/python3.8/site-packages/airflow/example_dags/example_branch_labels.py took 0.072 seconds
[2025-02-06T16:11:29.167+0000] {processor.py:157} INFO - Started process (PID=2310) to work on /home/airflow/.local/lib/python3.8/site-packages/airflow/example_dags/example_branch_labels.py
[2025-02-06T16:11:29.168+0000] {processor.py:829} INFO - Processing file /home/airflow/.local/lib/python3.8/site-packages/airflow/example_dags/example_branch_labels.py for tasks to queue
[2025-02-06T16:11:29.169+0000] {logging_mixin.py:151} INFO - [2025-02-06T16:11:29.169+0000] {dagbag.py:539} INFO - Filling up the DagBag from /home/airflow/.local/lib/python3.8/site-packages/airflow/example_dags/example_branch_labels.py
[2025-02-06T16:11:29.177+0000] {processor.py:839} INFO - DAG(s) dict_keys(['example_branch_labels']) retrieved from /home/airflow/.local/lib/python3.8/site-packages/airflow/example_dags/example_branch_labels.py
[2025-02-06T16:11:29.199+0000] {logging_mixin.py:151} INFO - [2025-02-06T16:11:29.199+0000] {dag.py:2915} INFO - Sync 1 DAGs
[2025-02-06T16:11:29.220+0000] {logging_mixin.py:151} INFO - [2025-02-06T16:11:29.220+0000] {dag.py:3696} INFO - Setting next_dagrun for example_branch_labels to 2025-02-05T00:00:00+00:00, run_after=2025-02-06T00:00:00+00:00
[2025-02-06T16:11:29.236+0000] {processor.py:179} INFO - Processing /home/airflow/.local/lib/python3.8/site-packages/airflow/example_dags/example_branch_labels.py took 0.072 seconds
[2025-02-06T16:12:00.443+0000] {processor.py:157} INFO - Started process (PID=2571) to work on /home/airflow/.local/lib/python3.8/site-packages/airflow/example_dags/example_branch_labels.py
[2025-02-06T16:12:00.444+0000] {processor.py:829} INFO - Processing file /home/airflow/.local/lib/python3.8/site-packages/airflow/example_dags/example_branch_labels.py for tasks to queue
[2025-02-06T16:12:00.445+0000] {logging_mixin.py:151} INFO - [2025-02-06T16:12:00.444+0000] {dagbag.py:539} INFO - Filling up the DagBag from /home/airflow/.local/lib/python3.8/site-packages/airflow/example_dags/example_branch_labels.py
[2025-02-06T16:12:00.451+0000] {processor.py:839} INFO - DAG(s) dict_keys(['example_branch_labels']) retrieved from /home/airflow/.local/lib/python3.8/site-packages/airflow/example_dags/example_branch_labels.py
[2025-02-06T16:12:00.470+0000] {logging_mixin.py:151} INFO - [2025-02-06T16:12:00.470+0000] {dag.py:2915} INFO - Sync 1 DAGs
[2025-02-06T16:12:00.489+0000] {logging_mixin.py:151} INFO - [2025-02-06T16:12:00.488+0000] {dag.py:3696} INFO - Setting next_dagrun for example_branch_labels to 2025-02-05T00:00:00+00:00, run_after=2025-02-06T00:00:00+00:00
[2025-02-06T16:12:00.505+0000] {processor.py:179} INFO - Processing /home/airflow/.local/lib/python3.8/site-packages/airflow/example_dags/example_branch_labels.py took 0.064 seconds
[2025-02-06T16:12:31.154+0000] {processor.py:157} INFO - Started process (PID=2832) to work on /home/airflow/.local/lib/python3.8/site-packages/airflow/example_dags/example_branch_labels.py
[2025-02-06T16:12:31.155+0000] {processor.py:829} INFO - Processing file /home/airflow/.local/lib/python3.8/site-packages/airflow/example_dags/example_branch_labels.py for tasks to queue
[2025-02-06T16:12:31.155+0000] {logging_mixin.py:151} INFO - [2025-02-06T16:12:31.155+0000] {dagbag.py:539} INFO - Filling up the DagBag from /home/airflow/.local/lib/python3.8/site-packages/airflow/example_dags/example_branch_labels.py
[2025-02-06T16:12:31.163+0000] {processor.py:839} INFO - DAG(s) dict_keys(['example_branch_labels']) retrieved from /home/airflow/.local/lib/python3.8/site-packages/airflow/example_dags/example_branch_labels.py
[2025-02-06T16:12:31.183+0000] {logging_mixin.py:151} INFO - [2025-02-06T16:12:31.183+0000] {dag.py:2915} INFO - Sync 1 DAGs
[2025-02-06T16:12:31.202+0000] {logging_mixin.py:151} INFO - [2025-02-06T16:12:31.202+0000] {dag.py:3696} INFO - Setting next_dagrun for example_branch_labels to 2025-02-05T00:00:00+00:00, run_after=2025-02-06T00:00:00+00:00
[2025-02-06T16:12:31.217+0000] {processor.py:179} INFO - Processing /home/airflow/.local/lib/python3.8/site-packages/airflow/example_dags/example_branch_labels.py took 0.066 seconds
[2025-02-06T16:13:01.796+0000] {processor.py:157} INFO - Started process (PID=3092) to work on /home/airflow/.local/lib/python3.8/site-packages/airflow/example_dags/example_branch_labels.py
[2025-02-06T16:13:01.798+0000] {processor.py:829} INFO - Processing file /home/airflow/.local/lib/python3.8/site-packages/airflow/example_dags/example_branch_labels.py for tasks to queue
[2025-02-06T16:13:01.798+0000] {logging_mixin.py:151} INFO - [2025-02-06T16:13:01.798+0000] {dagbag.py:539} INFO - Filling up the DagBag from /home/airflow/.local/lib/python3.8/site-packages/airflow/example_dags/example_branch_labels.py
[2025-02-06T16:13:01.806+0000] {processor.py:839} INFO - DAG(s) dict_keys(['example_branch_labels']) retrieved from /home/airflow/.local/lib/python3.8/site-packages/airflow/example_dags/example_branch_labels.py
[2025-02-06T16:13:01.828+0000] {logging_mixin.py:151} INFO - [2025-02-06T16:13:01.828+0000] {dag.py:2915} INFO - Sync 1 DAGs
[2025-02-06T16:13:01.851+0000] {logging_mixin.py:151} INFO - [2025-02-06T16:13:01.851+0000] {dag.py:3696} INFO - Setting next_dagrun for example_branch_labels to 2025-02-05T00:00:00+00:00, run_after=2025-02-06T00:00:00+00:00
[2025-02-06T16:13:01.869+0000] {processor.py:179} INFO - Processing /home/airflow/.local/lib/python3.8/site-packages/airflow/example_dags/example_branch_labels.py took 0.076 seconds
[2025-02-06T16:13:32.439+0000] {processor.py:157} INFO - Started process (PID=3353) to work on /home/airflow/.local/lib/python3.8/site-packages/airflow/example_dags/example_branch_labels.py
[2025-02-06T16:13:32.440+0000] {processor.py:829} INFO - Processing file /home/airflow/.local/lib/python3.8/site-packages/airflow/example_dags/example_branch_labels.py for tasks to queue
[2025-02-06T16:13:32.440+0000] {logging_mixin.py:151} INFO - [2025-02-06T16:13:32.440+0000] {dagbag.py:539} INFO - Filling up the DagBag from /home/airflow/.local/lib/python3.8/site-packages/airflow/example_dags/example_branch_labels.py
[2025-02-06T16:13:32.448+0000] {processor.py:839} INFO - DAG(s) dict_keys(['example_branch_labels']) retrieved from /home/airflow/.local/lib/python3.8/site-packages/airflow/example_dags/example_branch_labels.py
[2025-02-06T16:13:32.467+0000] {logging_mixin.py:151} INFO - [2025-02-06T16:13:32.467+0000] {dag.py:2915} INFO - Sync 1 DAGs
[2025-02-06T16:13:32.488+0000] {logging_mixin.py:151} INFO - [2025-02-06T16:13:32.487+0000] {dag.py:3696} INFO - Setting next_dagrun for example_branch_labels to 2025-02-05T00:00:00+00:00, run_after=2025-02-06T00:00:00+00:00
[2025-02-06T16:13:32.503+0000] {processor.py:179} INFO - Processing /home/airflow/.local/lib/python3.8/site-packages/airflow/example_dags/example_branch_labels.py took 0.066 seconds
[2025-02-06T16:14:03.159+0000] {processor.py:157} INFO - Started process (PID=3611) to work on /home/airflow/.local/lib/python3.8/site-packages/airflow/example_dags/example_branch_labels.py
[2025-02-06T16:14:03.161+0000] {processor.py:829} INFO - Processing file /home/airflow/.local/lib/python3.8/site-packages/airflow/example_dags/example_branch_labels.py for tasks to queue
[2025-02-06T16:14:03.161+0000] {logging_mixin.py:151} INFO - [2025-02-06T16:14:03.161+0000] {dagbag.py:539} INFO - Filling up the DagBag from /home/airflow/.local/lib/python3.8/site-packages/airflow/example_dags/example_branch_labels.py
[2025-02-06T16:14:03.170+0000] {processor.py:839} INFO - DAG(s) dict_keys(['example_branch_labels']) retrieved from /home/airflow/.local/lib/python3.8/site-packages/airflow/example_dags/example_branch_labels.py
[2025-02-06T16:14:03.188+0000] {logging_mixin.py:151} INFO - [2025-02-06T16:14:03.187+0000] {dag.py:2915} INFO - Sync 1 DAGs
[2025-02-06T16:14:03.209+0000] {logging_mixin.py:151} INFO - [2025-02-06T16:14:03.209+0000] {dag.py:3696} INFO - Setting next_dagrun for example_branch_labels to 2025-02-05T00:00:00+00:00, run_after=2025-02-06T00:00:00+00:00
[2025-02-06T16:14:03.225+0000] {processor.py:179} INFO - Processing /home/airflow/.local/lib/python3.8/site-packages/airflow/example_dags/example_branch_labels.py took 0.068 seconds
[2025-02-06T16:14:34.325+0000] {processor.py:157} INFO - Started process (PID=3875) to work on /home/airflow/.local/lib/python3.8/site-packages/airflow/example_dags/example_branch_labels.py
[2025-02-06T16:14:34.326+0000] {processor.py:829} INFO - Processing file /home/airflow/.local/lib/python3.8/site-packages/airflow/example_dags/example_branch_labels.py for tasks to queue
[2025-02-06T16:14:34.327+0000] {logging_mixin.py:151} INFO - [2025-02-06T16:14:34.327+0000] {dagbag.py:539} INFO - Filling up the DagBag from /home/airflow/.local/lib/python3.8/site-packages/airflow/example_dags/example_branch_labels.py
[2025-02-06T16:14:34.335+0000] {processor.py:839} INFO - DAG(s) dict_keys(['example_branch_labels']) retrieved from /home/airflow/.local/lib/python3.8/site-packages/airflow/example_dags/example_branch_labels.py
[2025-02-06T16:14:34.355+0000] {logging_mixin.py:151} INFO - [2025-02-06T16:14:34.355+0000] {dag.py:2915} INFO - Sync 1 DAGs
[2025-02-06T16:14:34.378+0000] {logging_mixin.py:151} INFO - [2025-02-06T16:14:34.378+0000] {dag.py:3696} INFO - Setting next_dagrun for example_branch_labels to 2025-02-05T00:00:00+00:00, run_after=2025-02-06T00:00:00+00:00
[2025-02-06T16:14:34.394+0000] {processor.py:179} INFO - Processing /home/airflow/.local/lib/python3.8/site-packages/airflow/example_dags/example_branch_labels.py took 0.072 seconds
[2025-02-06T16:15:07.451+0000] {processor.py:157} INFO - Started process (PID=4137) to work on /home/airflow/.local/lib/python3.8/site-packages/airflow/example_dags/example_branch_labels.py
[2025-02-06T16:15:07.452+0000] {processor.py:829} INFO - Processing file /home/airflow/.local/lib/python3.8/site-packages/airflow/example_dags/example_branch_labels.py for tasks to queue
[2025-02-06T16:15:07.453+0000] {logging_mixin.py:151} INFO - [2025-02-06T16:15:07.453+0000] {dagbag.py:539} INFO - Filling up the DagBag from /home/airflow/.local/lib/python3.8/site-packages/airflow/example_dags/example_branch_labels.py
[2025-02-06T16:15:07.463+0000] {processor.py:839} INFO - DAG(s) dict_keys(['example_branch_labels']) retrieved from /home/airflow/.local/lib/python3.8/site-packages/airflow/example_dags/example_branch_labels.py
[2025-02-06T16:15:07.482+0000] {logging_mixin.py:151} INFO - [2025-02-06T16:15:07.482+0000] {dag.py:2915} INFO - Sync 1 DAGs
[2025-02-06T16:15:07.504+0000] {logging_mixin.py:151} INFO - [2025-02-06T16:15:07.504+0000] {dag.py:3696} INFO - Setting next_dagrun for example_branch_labels to 2025-02-05T00:00:00+00:00, run_after=2025-02-06T00:00:00+00:00
[2025-02-06T16:15:07.519+0000] {processor.py:179} INFO - Processing /home/airflow/.local/lib/python3.8/site-packages/airflow/example_dags/example_branch_labels.py took 0.071 seconds
[2025-02-06T16:15:39.493+0000] {processor.py:157} INFO - Started process (PID=4371) to work on /home/airflow/.local/lib/python3.8/site-packages/airflow/example_dags/example_branch_labels.py
[2025-02-06T16:15:39.494+0000] {processor.py:829} INFO - Processing file /home/airflow/.local/lib/python3.8/site-packages/airflow/example_dags/example_branch_labels.py for tasks to queue
[2025-02-06T16:15:39.495+0000] {logging_mixin.py:151} INFO - [2025-02-06T16:15:39.495+0000] {dagbag.py:539} INFO - Filling up the DagBag from /home/airflow/.local/lib/python3.8/site-packages/airflow/example_dags/example_branch_labels.py
[2025-02-06T16:15:39.502+0000] {processor.py:839} INFO - DAG(s) dict_keys(['example_branch_labels']) retrieved from /home/airflow/.local/lib/python3.8/site-packages/airflow/example_dags/example_branch_labels.py
[2025-02-06T16:15:39.521+0000] {logging_mixin.py:151} INFO - [2025-02-06T16:15:39.521+0000] {dag.py:2915} INFO - Sync 1 DAGs
[2025-02-06T16:15:39.541+0000] {logging_mixin.py:151} INFO - [2025-02-06T16:15:39.541+0000] {dag.py:3696} INFO - Setting next_dagrun for example_branch_labels to 2025-02-05T00:00:00+00:00, run_after=2025-02-06T00:00:00+00:00
[2025-02-06T16:15:39.556+0000] {processor.py:179} INFO - Processing /home/airflow/.local/lib/python3.8/site-packages/airflow/example_dags/example_branch_labels.py took 0.065 seconds
[2025-02-06T16:16:10.314+0000] {processor.py:157} INFO - Started process (PID=4482) to work on /home/airflow/.local/lib/python3.8/site-packages/airflow/example_dags/example_branch_labels.py
[2025-02-06T16:16:10.315+0000] {processor.py:829} INFO - Processing file /home/airflow/.local/lib/python3.8/site-packages/airflow/example_dags/example_branch_labels.py for tasks to queue
[2025-02-06T16:16:10.315+0000] {logging_mixin.py:151} INFO - [2025-02-06T16:16:10.315+0000] {dagbag.py:539} INFO - Filling up the DagBag from /home/airflow/.local/lib/python3.8/site-packages/airflow/example_dags/example_branch_labels.py
[2025-02-06T16:16:10.321+0000] {processor.py:839} INFO - DAG(s) dict_keys(['example_branch_labels']) retrieved from /home/airflow/.local/lib/python3.8/site-packages/airflow/example_dags/example_branch_labels.py
[2025-02-06T16:16:10.339+0000] {logging_mixin.py:151} INFO - [2025-02-06T16:16:10.338+0000] {dag.py:2915} INFO - Sync 1 DAGs
[2025-02-06T16:16:10.357+0000] {logging_mixin.py:151} INFO - [2025-02-06T16:16:10.357+0000] {dag.py:3696} INFO - Setting next_dagrun for example_branch_labels to 2025-02-05T00:00:00+00:00, run_after=2025-02-06T00:00:00+00:00
[2025-02-06T16:16:10.371+0000] {processor.py:179} INFO - Processing /home/airflow/.local/lib/python3.8/site-packages/airflow/example_dags/example_branch_labels.py took 0.061 seconds
[2025-02-06T16:16:43.733+0000] {processor.py:157} INFO - Started process (PID=4749) to work on /home/airflow/.local/lib/python3.8/site-packages/airflow/example_dags/example_branch_labels.py
[2025-02-06T16:16:43.734+0000] {processor.py:829} INFO - Processing file /home/airflow/.local/lib/python3.8/site-packages/airflow/example_dags/example_branch_labels.py for tasks to queue
[2025-02-06T16:16:43.735+0000] {logging_mixin.py:151} INFO - [2025-02-06T16:16:43.735+0000] {dagbag.py:539} INFO - Filling up the DagBag from /home/airflow/.local/lib/python3.8/site-packages/airflow/example_dags/example_branch_labels.py
[2025-02-06T16:16:43.743+0000] {processor.py:839} INFO - DAG(s) dict_keys(['example_branch_labels']) retrieved from /home/airflow/.local/lib/python3.8/site-packages/airflow/example_dags/example_branch_labels.py
[2025-02-06T16:16:43.762+0000] {logging_mixin.py:151} INFO - [2025-02-06T16:16:43.761+0000] {dag.py:2915} INFO - Sync 1 DAGs
[2025-02-06T16:16:43.781+0000] {logging_mixin.py:151} INFO - [2025-02-06T16:16:43.781+0000] {dag.py:3696} INFO - Setting next_dagrun for example_branch_labels to 2025-02-05T00:00:00+00:00, run_after=2025-02-06T00:00:00+00:00
[2025-02-06T16:16:43.798+0000] {processor.py:179} INFO - Processing /home/airflow/.local/lib/python3.8/site-packages/airflow/example_dags/example_branch_labels.py took 0.068 seconds
[2025-02-06T16:17:15.852+0000] {processor.py:157} INFO - Started process (PID=5010) to work on /home/airflow/.local/lib/python3.8/site-packages/airflow/example_dags/example_branch_labels.py
[2025-02-06T16:17:15.853+0000] {processor.py:829} INFO - Processing file /home/airflow/.local/lib/python3.8/site-packages/airflow/example_dags/example_branch_labels.py for tasks to queue
[2025-02-06T16:17:15.855+0000] {logging_mixin.py:151} INFO - [2025-02-06T16:17:15.854+0000] {dagbag.py:539} INFO - Filling up the DagBag from /home/airflow/.local/lib/python3.8/site-packages/airflow/example_dags/example_branch_labels.py
[2025-02-06T16:17:15.863+0000] {processor.py:839} INFO - DAG(s) dict_keys(['example_branch_labels']) retrieved from /home/airflow/.local/lib/python3.8/site-packages/airflow/example_dags/example_branch_labels.py
[2025-02-06T16:17:15.886+0000] {logging_mixin.py:151} INFO - [2025-02-06T16:17:15.886+0000] {dag.py:2915} INFO - Sync 1 DAGs
[2025-02-06T16:17:15.908+0000] {logging_mixin.py:151} INFO - [2025-02-06T16:17:15.908+0000] {dag.py:3696} INFO - Setting next_dagrun for example_branch_labels to 2025-02-05T00:00:00+00:00, run_after=2025-02-06T00:00:00+00:00
[2025-02-06T16:17:15.929+0000] {processor.py:179} INFO - Processing /home/airflow/.local/lib/python3.8/site-packages/airflow/example_dags/example_branch_labels.py took 0.081 seconds
[2025-02-06T16:17:48.689+0000] {processor.py:157} INFO - Started process (PID=5271) to work on /home/airflow/.local/lib/python3.8/site-packages/airflow/example_dags/example_branch_labels.py
[2025-02-06T16:17:48.690+0000] {processor.py:829} INFO - Processing file /home/airflow/.local/lib/python3.8/site-packages/airflow/example_dags/example_branch_labels.py for tasks to queue
[2025-02-06T16:17:48.691+0000] {logging_mixin.py:151} INFO - [2025-02-06T16:17:48.691+0000] {dagbag.py:539} INFO - Filling up the DagBag from /home/airflow/.local/lib/python3.8/site-packages/airflow/example_dags/example_branch_labels.py
[2025-02-06T16:17:48.697+0000] {processor.py:839} INFO - DAG(s) dict_keys(['example_branch_labels']) retrieved from /home/airflow/.local/lib/python3.8/site-packages/airflow/example_dags/example_branch_labels.py
[2025-02-06T16:17:48.716+0000] {logging_mixin.py:151} INFO - [2025-02-06T16:17:48.716+0000] {dag.py:2915} INFO - Sync 1 DAGs
[2025-02-06T16:17:48.735+0000] {logging_mixin.py:151} INFO - [2025-02-06T16:17:48.735+0000] {dag.py:3696} INFO - Setting next_dagrun for example_branch_labels to 2025-02-05T00:00:00+00:00, run_after=2025-02-06T00:00:00+00:00
[2025-02-06T16:17:48.751+0000] {processor.py:179} INFO - Processing /home/airflow/.local/lib/python3.8/site-packages/airflow/example_dags/example_branch_labels.py took 0.066 seconds
[2025-02-06T16:18:21.418+0000] {processor.py:157} INFO - Started process (PID=5532) to work on /home/airflow/.local/lib/python3.8/site-packages/airflow/example_dags/example_branch_labels.py
[2025-02-06T16:18:21.419+0000] {processor.py:829} INFO - Processing file /home/airflow/.local/lib/python3.8/site-packages/airflow/example_dags/example_branch_labels.py for tasks to queue
[2025-02-06T16:18:21.420+0000] {logging_mixin.py:151} INFO - [2025-02-06T16:18:21.419+0000] {dagbag.py:539} INFO - Filling up the DagBag from /home/airflow/.local/lib/python3.8/site-packages/airflow/example_dags/example_branch_labels.py
[2025-02-06T16:18:21.426+0000] {processor.py:839} INFO - DAG(s) dict_keys(['example_branch_labels']) retrieved from /home/airflow/.local/lib/python3.8/site-packages/airflow/example_dags/example_branch_labels.py
[2025-02-06T16:18:21.446+0000] {logging_mixin.py:151} INFO - [2025-02-06T16:18:21.445+0000] {dag.py:2915} INFO - Sync 1 DAGs
[2025-02-06T16:18:21.465+0000] {logging_mixin.py:151} INFO - [2025-02-06T16:18:21.465+0000] {dag.py:3696} INFO - Setting next_dagrun for example_branch_labels to 2025-02-05T00:00:00+00:00, run_after=2025-02-06T00:00:00+00:00
[2025-02-06T16:18:21.482+0000] {processor.py:179} INFO - Processing /home/airflow/.local/lib/python3.8/site-packages/airflow/example_dags/example_branch_labels.py took 0.067 seconds
[2025-02-06T16:18:54.170+0000] {processor.py:157} INFO - Started process (PID=5793) to work on /home/airflow/.local/lib/python3.8/site-packages/airflow/example_dags/example_branch_labels.py
[2025-02-06T16:18:54.170+0000] {processor.py:829} INFO - Processing file /home/airflow/.local/lib/python3.8/site-packages/airflow/example_dags/example_branch_labels.py for tasks to queue
[2025-02-06T16:18:54.171+0000] {logging_mixin.py:151} INFO - [2025-02-06T16:18:54.171+0000] {dagbag.py:539} INFO - Filling up the DagBag from /home/airflow/.local/lib/python3.8/site-packages/airflow/example_dags/example_branch_labels.py
[2025-02-06T16:18:54.177+0000] {processor.py:839} INFO - DAG(s) dict_keys(['example_branch_labels']) retrieved from /home/airflow/.local/lib/python3.8/site-packages/airflow/example_dags/example_branch_labels.py
[2025-02-06T16:18:54.196+0000] {logging_mixin.py:151} INFO - [2025-02-06T16:18:54.196+0000] {dag.py:2915} INFO - Sync 1 DAGs
[2025-02-06T16:18:54.216+0000] {logging_mixin.py:151} INFO - [2025-02-06T16:18:54.216+0000] {dag.py:3696} INFO - Setting next_dagrun for example_branch_labels to 2025-02-05T00:00:00+00:00, run_after=2025-02-06T00:00:00+00:00
[2025-02-06T16:18:54.230+0000] {processor.py:179} INFO - Processing /home/airflow/.local/lib/python3.8/site-packages/airflow/example_dags/example_branch_labels.py took 0.063 seconds
