[2025-02-06T15:19:05.658+0000] {processor.py:186} INFO - Started process (PID=391) to work on /home/airflow/.local/lib/python3.12/site-packages/airflow/example_dags/example_branch_day_of_week_operator.py
[2025-02-06T15:19:05.658+0000] {processor.py:914} INFO - Processing file /home/airflow/.local/lib/python3.12/site-packages/airflow/example_dags/example_branch_day_of_week_operator.py for tasks to queue
[2025-02-06T15:19:05.660+0000] {logging_mixin.py:190} INFO - [2025-02-06T15:19:05.660+0000] {dagbag.py:588} INFO - Filling up the DagBag from /home/airflow/.local/lib/python3.12/site-packages/airflow/example_dags/example_branch_day_of_week_operator.py
[2025-02-06T15:19:05.668+0000] {processor.py:925} INFO - DAG(s) 'example_weekday_branch_operator' retrieved from /home/airflow/.local/lib/python3.12/site-packages/airflow/example_dags/example_branch_day_of_week_operator.py
[2025-02-06T15:19:05.684+0000] {logging_mixin.py:190} INFO - [2025-02-06T15:19:05.684+0000] {dag.py:3239} INFO - Sync 1 DAGs
[2025-02-06T15:19:05.704+0000] {logging_mixin.py:190} INFO - [2025-02-06T15:19:05.703+0000] {dag.py:4180} INFO - Setting next_dagrun for example_weekday_branch_operator to 2025-02-05 00:00:00+00:00, run_after=2025-02-06 00:00:00+00:00
[2025-02-06T15:19:05.720+0000] {processor.py:208} INFO - Processing /home/airflow/.local/lib/python3.12/site-packages/airflow/example_dags/example_branch_day_of_week_operator.py took 0.067 seconds
[2025-02-06T15:19:35.968+0000] {processor.py:186} INFO - Started process (PID=697) to work on /home/airflow/.local/lib/python3.12/site-packages/airflow/example_dags/example_branch_day_of_week_operator.py
[2025-02-06T15:19:35.969+0000] {processor.py:914} INFO - Processing file /home/airflow/.local/lib/python3.12/site-packages/airflow/example_dags/example_branch_day_of_week_operator.py for tasks to queue
[2025-02-06T15:19:35.970+0000] {logging_mixin.py:190} INFO - [2025-02-06T15:19:35.970+0000] {dagbag.py:588} INFO - Filling up the DagBag from /home/airflow/.local/lib/python3.12/site-packages/airflow/example_dags/example_branch_day_of_week_operator.py
[2025-02-06T15:19:35.976+0000] {processor.py:925} INFO - DAG(s) 'example_weekday_branch_operator' retrieved from /home/airflow/.local/lib/python3.12/site-packages/airflow/example_dags/example_branch_day_of_week_operator.py
[2025-02-06T15:19:35.992+0000] {logging_mixin.py:190} INFO - [2025-02-06T15:19:35.992+0000] {dag.py:3239} INFO - Sync 1 DAGs
[2025-02-06T15:19:36.010+0000] {logging_mixin.py:190} INFO - [2025-02-06T15:19:36.010+0000] {dag.py:4180} INFO - Setting next_dagrun for example_weekday_branch_operator to 2025-02-05 00:00:00+00:00, run_after=2025-02-06 00:00:00+00:00
[2025-02-06T15:19:36.024+0000] {processor.py:208} INFO - Processing /home/airflow/.local/lib/python3.12/site-packages/airflow/example_dags/example_branch_day_of_week_operator.py took 0.060 seconds
[2025-02-06T15:20:07.025+0000] {processor.py:186} INFO - Started process (PID=997) to work on /home/airflow/.local/lib/python3.12/site-packages/airflow/example_dags/example_branch_day_of_week_operator.py
[2025-02-06T15:20:07.026+0000] {processor.py:914} INFO - Processing file /home/airflow/.local/lib/python3.12/site-packages/airflow/example_dags/example_branch_day_of_week_operator.py for tasks to queue
[2025-02-06T15:20:07.028+0000] {logging_mixin.py:190} INFO - [2025-02-06T15:20:07.027+0000] {dagbag.py:588} INFO - Filling up the DagBag from /home/airflow/.local/lib/python3.12/site-packages/airflow/example_dags/example_branch_day_of_week_operator.py
[2025-02-06T15:20:07.034+0000] {processor.py:925} INFO - DAG(s) 'example_weekday_branch_operator' retrieved from /home/airflow/.local/lib/python3.12/site-packages/airflow/example_dags/example_branch_day_of_week_operator.py
[2025-02-06T15:20:07.049+0000] {logging_mixin.py:190} INFO - [2025-02-06T15:20:07.049+0000] {dag.py:3239} INFO - Sync 1 DAGs
[2025-02-06T15:20:07.066+0000] {logging_mixin.py:190} INFO - [2025-02-06T15:20:07.066+0000] {dag.py:4180} INFO - Setting next_dagrun for example_weekday_branch_operator to 2025-02-05 00:00:00+00:00, run_after=2025-02-06 00:00:00+00:00
[2025-02-06T15:20:07.080+0000] {processor.py:208} INFO - Processing /home/airflow/.local/lib/python3.12/site-packages/airflow/example_dags/example_branch_day_of_week_operator.py took 0.058 seconds
[2025-02-06T15:20:37.561+0000] {processor.py:186} INFO - Started process (PID=1303) to work on /home/airflow/.local/lib/python3.12/site-packages/airflow/example_dags/example_branch_day_of_week_operator.py
[2025-02-06T15:20:37.562+0000] {processor.py:914} INFO - Processing file /home/airflow/.local/lib/python3.12/site-packages/airflow/example_dags/example_branch_day_of_week_operator.py for tasks to queue
[2025-02-06T15:20:37.564+0000] {logging_mixin.py:190} INFO - [2025-02-06T15:20:37.564+0000] {dagbag.py:588} INFO - Filling up the DagBag from /home/airflow/.local/lib/python3.12/site-packages/airflow/example_dags/example_branch_day_of_week_operator.py
[2025-02-06T15:20:37.571+0000] {processor.py:925} INFO - DAG(s) 'example_weekday_branch_operator' retrieved from /home/airflow/.local/lib/python3.12/site-packages/airflow/example_dags/example_branch_day_of_week_operator.py
[2025-02-06T15:20:37.585+0000] {logging_mixin.py:190} INFO - [2025-02-06T15:20:37.585+0000] {dag.py:3239} INFO - Sync 1 DAGs
[2025-02-06T15:20:37.602+0000] {logging_mixin.py:190} INFO - [2025-02-06T15:20:37.602+0000] {dag.py:4180} INFO - Setting next_dagrun for example_weekday_branch_operator to 2025-02-05 00:00:00+00:00, run_after=2025-02-06 00:00:00+00:00
[2025-02-06T15:20:37.616+0000] {processor.py:208} INFO - Processing /home/airflow/.local/lib/python3.12/site-packages/airflow/example_dags/example_branch_day_of_week_operator.py took 0.059 seconds
[2025-02-06T15:21:08.223+0000] {processor.py:186} INFO - Started process (PID=1609) to work on /home/airflow/.local/lib/python3.12/site-packages/airflow/example_dags/example_branch_day_of_week_operator.py
[2025-02-06T15:21:08.224+0000] {processor.py:914} INFO - Processing file /home/airflow/.local/lib/python3.12/site-packages/airflow/example_dags/example_branch_day_of_week_operator.py for tasks to queue
[2025-02-06T15:21:08.226+0000] {logging_mixin.py:190} INFO - [2025-02-06T15:21:08.226+0000] {dagbag.py:588} INFO - Filling up the DagBag from /home/airflow/.local/lib/python3.12/site-packages/airflow/example_dags/example_branch_day_of_week_operator.py
[2025-02-06T15:21:08.235+0000] {processor.py:925} INFO - DAG(s) 'example_weekday_branch_operator' retrieved from /home/airflow/.local/lib/python3.12/site-packages/airflow/example_dags/example_branch_day_of_week_operator.py
[2025-02-06T15:21:08.254+0000] {logging_mixin.py:190} INFO - [2025-02-06T15:21:08.253+0000] {dag.py:3239} INFO - Sync 1 DAGs
[2025-02-06T15:21:08.276+0000] {logging_mixin.py:190} INFO - [2025-02-06T15:21:08.275+0000] {dag.py:4180} INFO - Setting next_dagrun for example_weekday_branch_operator to 2025-02-05 00:00:00+00:00, run_after=2025-02-06 00:00:00+00:00
[2025-02-06T15:21:08.293+0000] {processor.py:208} INFO - Processing /home/airflow/.local/lib/python3.12/site-packages/airflow/example_dags/example_branch_day_of_week_operator.py took 0.075 seconds
[2025-02-06T15:21:38.327+0000] {processor.py:186} INFO - Started process (PID=1912) to work on /home/airflow/.local/lib/python3.12/site-packages/airflow/example_dags/example_branch_day_of_week_operator.py
[2025-02-06T15:21:38.328+0000] {processor.py:914} INFO - Processing file /home/airflow/.local/lib/python3.12/site-packages/airflow/example_dags/example_branch_day_of_week_operator.py for tasks to queue
[2025-02-06T15:21:38.329+0000] {logging_mixin.py:190} INFO - [2025-02-06T15:21:38.329+0000] {dagbag.py:588} INFO - Filling up the DagBag from /home/airflow/.local/lib/python3.12/site-packages/airflow/example_dags/example_branch_day_of_week_operator.py
[2025-02-06T15:21:38.336+0000] {processor.py:925} INFO - DAG(s) 'example_weekday_branch_operator' retrieved from /home/airflow/.local/lib/python3.12/site-packages/airflow/example_dags/example_branch_day_of_week_operator.py
[2025-02-06T15:21:38.351+0000] {logging_mixin.py:190} INFO - [2025-02-06T15:21:38.350+0000] {dag.py:3239} INFO - Sync 1 DAGs
[2025-02-06T15:21:38.370+0000] {logging_mixin.py:190} INFO - [2025-02-06T15:21:38.370+0000] {dag.py:4180} INFO - Setting next_dagrun for example_weekday_branch_operator to 2025-02-05 00:00:00+00:00, run_after=2025-02-06 00:00:00+00:00
[2025-02-06T15:21:38.385+0000] {processor.py:208} INFO - Processing /home/airflow/.local/lib/python3.12/site-packages/airflow/example_dags/example_branch_day_of_week_operator.py took 0.062 seconds
[2025-02-06T15:22:09.229+0000] {processor.py:186} INFO - Started process (PID=2221) to work on /home/airflow/.local/lib/python3.12/site-packages/airflow/example_dags/example_branch_day_of_week_operator.py
[2025-02-06T15:22:09.230+0000] {processor.py:914} INFO - Processing file /home/airflow/.local/lib/python3.12/site-packages/airflow/example_dags/example_branch_day_of_week_operator.py for tasks to queue
[2025-02-06T15:22:09.231+0000] {logging_mixin.py:190} INFO - [2025-02-06T15:22:09.231+0000] {dagbag.py:588} INFO - Filling up the DagBag from /home/airflow/.local/lib/python3.12/site-packages/airflow/example_dags/example_branch_day_of_week_operator.py
[2025-02-06T15:22:09.238+0000] {processor.py:925} INFO - DAG(s) 'example_weekday_branch_operator' retrieved from /home/airflow/.local/lib/python3.12/site-packages/airflow/example_dags/example_branch_day_of_week_operator.py
[2025-02-06T15:22:09.252+0000] {logging_mixin.py:190} INFO - [2025-02-06T15:22:09.252+0000] {dag.py:3239} INFO - Sync 1 DAGs
[2025-02-06T15:22:09.270+0000] {logging_mixin.py:190} INFO - [2025-02-06T15:22:09.270+0000] {dag.py:4180} INFO - Setting next_dagrun for example_weekday_branch_operator to 2025-02-05 00:00:00+00:00, run_after=2025-02-06 00:00:00+00:00
[2025-02-06T15:22:09.283+0000] {processor.py:208} INFO - Processing /home/airflow/.local/lib/python3.12/site-packages/airflow/example_dags/example_branch_day_of_week_operator.py took 0.059 seconds
[2025-02-06T15:22:40.199+0000] {processor.py:186} INFO - Started process (PID=2529) to work on /home/airflow/.local/lib/python3.12/site-packages/airflow/example_dags/example_branch_day_of_week_operator.py
[2025-02-06T15:22:40.200+0000] {processor.py:914} INFO - Processing file /home/airflow/.local/lib/python3.12/site-packages/airflow/example_dags/example_branch_day_of_week_operator.py for tasks to queue
[2025-02-06T15:22:40.201+0000] {logging_mixin.py:190} INFO - [2025-02-06T15:22:40.201+0000] {dagbag.py:588} INFO - Filling up the DagBag from /home/airflow/.local/lib/python3.12/site-packages/airflow/example_dags/example_branch_day_of_week_operator.py
[2025-02-06T15:22:40.208+0000] {processor.py:925} INFO - DAG(s) 'example_weekday_branch_operator' retrieved from /home/airflow/.local/lib/python3.12/site-packages/airflow/example_dags/example_branch_day_of_week_operator.py
[2025-02-06T15:22:40.223+0000] {logging_mixin.py:190} INFO - [2025-02-06T15:22:40.223+0000] {dag.py:3239} INFO - Sync 1 DAGs
[2025-02-06T15:22:40.241+0000] {logging_mixin.py:190} INFO - [2025-02-06T15:22:40.240+0000] {dag.py:4180} INFO - Setting next_dagrun for example_weekday_branch_operator to 2025-02-05 00:00:00+00:00, run_after=2025-02-06 00:00:00+00:00
[2025-02-06T15:22:40.253+0000] {processor.py:208} INFO - Processing /home/airflow/.local/lib/python3.12/site-packages/airflow/example_dags/example_branch_day_of_week_operator.py took 0.058 seconds
[2025-02-06T15:23:11.107+0000] {processor.py:186} INFO - Started process (PID=2835) to work on /home/airflow/.local/lib/python3.12/site-packages/airflow/example_dags/example_branch_day_of_week_operator.py
[2025-02-06T15:23:11.108+0000] {processor.py:914} INFO - Processing file /home/airflow/.local/lib/python3.12/site-packages/airflow/example_dags/example_branch_day_of_week_operator.py for tasks to queue
[2025-02-06T15:23:11.110+0000] {logging_mixin.py:190} INFO - [2025-02-06T15:23:11.109+0000] {dagbag.py:588} INFO - Filling up the DagBag from /home/airflow/.local/lib/python3.12/site-packages/airflow/example_dags/example_branch_day_of_week_operator.py
[2025-02-06T15:23:11.116+0000] {processor.py:925} INFO - DAG(s) 'example_weekday_branch_operator' retrieved from /home/airflow/.local/lib/python3.12/site-packages/airflow/example_dags/example_branch_day_of_week_operator.py
[2025-02-06T15:23:11.132+0000] {logging_mixin.py:190} INFO - [2025-02-06T15:23:11.132+0000] {dag.py:3239} INFO - Sync 1 DAGs
[2025-02-06T15:23:11.150+0000] {logging_mixin.py:190} INFO - [2025-02-06T15:23:11.150+0000] {dag.py:4180} INFO - Setting next_dagrun for example_weekday_branch_operator to 2025-02-05 00:00:00+00:00, run_after=2025-02-06 00:00:00+00:00
[2025-02-06T15:23:11.163+0000] {processor.py:208} INFO - Processing /home/airflow/.local/lib/python3.12/site-packages/airflow/example_dags/example_branch_day_of_week_operator.py took 0.060 seconds
[2025-02-06T15:23:42.269+0000] {processor.py:186} INFO - Started process (PID=3139) to work on /home/airflow/.local/lib/python3.12/site-packages/airflow/example_dags/example_branch_day_of_week_operator.py
[2025-02-06T15:23:42.270+0000] {processor.py:914} INFO - Processing file /home/airflow/.local/lib/python3.12/site-packages/airflow/example_dags/example_branch_day_of_week_operator.py for tasks to queue
[2025-02-06T15:23:42.271+0000] {logging_mixin.py:190} INFO - [2025-02-06T15:23:42.271+0000] {dagbag.py:588} INFO - Filling up the DagBag from /home/airflow/.local/lib/python3.12/site-packages/airflow/example_dags/example_branch_day_of_week_operator.py
[2025-02-06T15:23:42.278+0000] {processor.py:925} INFO - DAG(s) 'example_weekday_branch_operator' retrieved from /home/airflow/.local/lib/python3.12/site-packages/airflow/example_dags/example_branch_day_of_week_operator.py
[2025-02-06T15:23:42.295+0000] {logging_mixin.py:190} INFO - [2025-02-06T15:23:42.295+0000] {dag.py:3239} INFO - Sync 1 DAGs
[2025-02-06T15:23:42.314+0000] {logging_mixin.py:190} INFO - [2025-02-06T15:23:42.313+0000] {dag.py:4180} INFO - Setting next_dagrun for example_weekday_branch_operator to 2025-02-05 00:00:00+00:00, run_after=2025-02-06 00:00:00+00:00
[2025-02-06T15:23:42.326+0000] {processor.py:208} INFO - Processing /home/airflow/.local/lib/python3.12/site-packages/airflow/example_dags/example_branch_day_of_week_operator.py took 0.062 seconds
[2025-02-06T15:24:12.506+0000] {processor.py:186} INFO - Started process (PID=3445) to work on /home/airflow/.local/lib/python3.12/site-packages/airflow/example_dags/example_branch_day_of_week_operator.py
[2025-02-06T15:24:12.507+0000] {processor.py:914} INFO - Processing file /home/airflow/.local/lib/python3.12/site-packages/airflow/example_dags/example_branch_day_of_week_operator.py for tasks to queue
[2025-02-06T15:24:12.508+0000] {logging_mixin.py:190} INFO - [2025-02-06T15:24:12.508+0000] {dagbag.py:588} INFO - Filling up the DagBag from /home/airflow/.local/lib/python3.12/site-packages/airflow/example_dags/example_branch_day_of_week_operator.py
[2025-02-06T15:24:12.515+0000] {processor.py:925} INFO - DAG(s) 'example_weekday_branch_operator' retrieved from /home/airflow/.local/lib/python3.12/site-packages/airflow/example_dags/example_branch_day_of_week_operator.py
[2025-02-06T15:24:12.532+0000] {logging_mixin.py:190} INFO - [2025-02-06T15:24:12.531+0000] {dag.py:3239} INFO - Sync 1 DAGs
[2025-02-06T15:24:12.550+0000] {logging_mixin.py:190} INFO - [2025-02-06T15:24:12.550+0000] {dag.py:4180} INFO - Setting next_dagrun for example_weekday_branch_operator to 2025-02-05 00:00:00+00:00, run_after=2025-02-06 00:00:00+00:00
[2025-02-06T15:24:12.565+0000] {processor.py:208} INFO - Processing /home/airflow/.local/lib/python3.12/site-packages/airflow/example_dags/example_branch_day_of_week_operator.py took 0.063 seconds
[2025-02-06T16:07:27.373+0000] {processor.py:157} INFO - Started process (PID=367) to work on /home/airflow/.local/lib/python3.8/site-packages/airflow/example_dags/example_branch_day_of_week_operator.py
[2025-02-06T16:07:27.374+0000] {processor.py:829} INFO - Processing file /home/airflow/.local/lib/python3.8/site-packages/airflow/example_dags/example_branch_day_of_week_operator.py for tasks to queue
[2025-02-06T16:07:27.374+0000] {logging_mixin.py:151} INFO - [2025-02-06T16:07:27.374+0000] {dagbag.py:539} INFO - Filling up the DagBag from /home/airflow/.local/lib/python3.8/site-packages/airflow/example_dags/example_branch_day_of_week_operator.py
[2025-02-06T16:07:27.381+0000] {processor.py:839} INFO - DAG(s) dict_keys(['example_weekday_branch_operator']) retrieved from /home/airflow/.local/lib/python3.8/site-packages/airflow/example_dags/example_branch_day_of_week_operator.py
[2025-02-06T16:07:27.391+0000] {logging_mixin.py:151} INFO - [2025-02-06T16:07:27.391+0000] {dag.py:2915} INFO - Sync 1 DAGs
[2025-02-06T16:07:27.521+0000] {logging_mixin.py:151} INFO - [2025-02-06T16:07:27.521+0000] {dag.py:2937} INFO - Creating ORM DAG for example_weekday_branch_operator
[2025-02-06T16:07:27.530+0000] {logging_mixin.py:151} INFO - [2025-02-06T16:07:27.529+0000] {dag.py:3696} INFO - Setting next_dagrun for example_weekday_branch_operator to 2025-02-05T00:00:00+00:00, run_after=2025-02-06T00:00:00+00:00
[2025-02-06T16:07:27.546+0000] {processor.py:179} INFO - Processing /home/airflow/.local/lib/python3.8/site-packages/airflow/example_dags/example_branch_day_of_week_operator.py took 0.176 seconds
[2025-02-06T16:07:59.364+0000] {processor.py:157} INFO - Started process (PID=634) to work on /home/airflow/.local/lib/python3.8/site-packages/airflow/example_dags/example_branch_day_of_week_operator.py
[2025-02-06T16:07:59.365+0000] {processor.py:829} INFO - Processing file /home/airflow/.local/lib/python3.8/site-packages/airflow/example_dags/example_branch_day_of_week_operator.py for tasks to queue
[2025-02-06T16:07:59.366+0000] {logging_mixin.py:151} INFO - [2025-02-06T16:07:59.365+0000] {dagbag.py:539} INFO - Filling up the DagBag from /home/airflow/.local/lib/python3.8/site-packages/airflow/example_dags/example_branch_day_of_week_operator.py
[2025-02-06T16:07:59.371+0000] {processor.py:839} INFO - DAG(s) dict_keys(['example_weekday_branch_operator']) retrieved from /home/airflow/.local/lib/python3.8/site-packages/airflow/example_dags/example_branch_day_of_week_operator.py
[2025-02-06T16:07:59.382+0000] {logging_mixin.py:151} INFO - [2025-02-06T16:07:59.381+0000] {dag.py:2915} INFO - Sync 1 DAGs
[2025-02-06T16:07:59.400+0000] {logging_mixin.py:151} INFO - [2025-02-06T16:07:59.400+0000] {dag.py:3696} INFO - Setting next_dagrun for example_weekday_branch_operator to 2025-02-05T00:00:00+00:00, run_after=2025-02-06T00:00:00+00:00
[2025-02-06T16:07:59.414+0000] {processor.py:179} INFO - Processing /home/airflow/.local/lib/python3.8/site-packages/airflow/example_dags/example_branch_day_of_week_operator.py took 0.052 seconds
[2025-02-06T16:08:31.870+0000] {processor.py:157} INFO - Started process (PID=901) to work on /home/airflow/.local/lib/python3.8/site-packages/airflow/example_dags/example_branch_day_of_week_operator.py
[2025-02-06T16:08:31.871+0000] {processor.py:829} INFO - Processing file /home/airflow/.local/lib/python3.8/site-packages/airflow/example_dags/example_branch_day_of_week_operator.py for tasks to queue
[2025-02-06T16:08:31.872+0000] {logging_mixin.py:151} INFO - [2025-02-06T16:08:31.871+0000] {dagbag.py:539} INFO - Filling up the DagBag from /home/airflow/.local/lib/python3.8/site-packages/airflow/example_dags/example_branch_day_of_week_operator.py
[2025-02-06T16:08:31.877+0000] {processor.py:839} INFO - DAG(s) dict_keys(['example_weekday_branch_operator']) retrieved from /home/airflow/.local/lib/python3.8/site-packages/airflow/example_dags/example_branch_day_of_week_operator.py
[2025-02-06T16:08:31.896+0000] {logging_mixin.py:151} INFO - [2025-02-06T16:08:31.895+0000] {dag.py:2915} INFO - Sync 1 DAGs
[2025-02-06T16:08:31.916+0000] {logging_mixin.py:151} INFO - [2025-02-06T16:08:31.916+0000] {dag.py:3696} INFO - Setting next_dagrun for example_weekday_branch_operator to 2025-02-05T00:00:00+00:00, run_after=2025-02-06T00:00:00+00:00
[2025-02-06T16:08:31.936+0000] {processor.py:179} INFO - Processing /home/airflow/.local/lib/python3.8/site-packages/airflow/example_dags/example_branch_day_of_week_operator.py took 0.068 seconds
[2025-02-06T16:09:04.742+0000] {processor.py:157} INFO - Started process (PID=1164) to work on /home/airflow/.local/lib/python3.8/site-packages/airflow/example_dags/example_branch_day_of_week_operator.py
[2025-02-06T16:09:04.743+0000] {processor.py:829} INFO - Processing file /home/airflow/.local/lib/python3.8/site-packages/airflow/example_dags/example_branch_day_of_week_operator.py for tasks to queue
[2025-02-06T16:09:04.745+0000] {logging_mixin.py:151} INFO - [2025-02-06T16:09:04.744+0000] {dagbag.py:539} INFO - Filling up the DagBag from /home/airflow/.local/lib/python3.8/site-packages/airflow/example_dags/example_branch_day_of_week_operator.py
[2025-02-06T16:09:04.755+0000] {processor.py:839} INFO - DAG(s) dict_keys(['example_weekday_branch_operator']) retrieved from /home/airflow/.local/lib/python3.8/site-packages/airflow/example_dags/example_branch_day_of_week_operator.py
[2025-02-06T16:09:04.790+0000] {logging_mixin.py:151} INFO - [2025-02-06T16:09:04.789+0000] {dag.py:2915} INFO - Sync 1 DAGs
[2025-02-06T16:09:04.827+0000] {logging_mixin.py:151} INFO - [2025-02-06T16:09:04.827+0000] {dag.py:3696} INFO - Setting next_dagrun for example_weekday_branch_operator to 2025-02-05T00:00:00+00:00, run_after=2025-02-06T00:00:00+00:00
[2025-02-06T16:09:04.850+0000] {processor.py:179} INFO - Processing /home/airflow/.local/lib/python3.8/site-packages/airflow/example_dags/example_branch_day_of_week_operator.py took 0.111 seconds
[2025-02-06T16:09:38.117+0000] {processor.py:157} INFO - Started process (PID=1423) to work on /home/airflow/.local/lib/python3.8/site-packages/airflow/example_dags/example_branch_day_of_week_operator.py
[2025-02-06T16:09:38.118+0000] {processor.py:829} INFO - Processing file /home/airflow/.local/lib/python3.8/site-packages/airflow/example_dags/example_branch_day_of_week_operator.py for tasks to queue
[2025-02-06T16:09:38.119+0000] {logging_mixin.py:151} INFO - [2025-02-06T16:09:38.118+0000] {dagbag.py:539} INFO - Filling up the DagBag from /home/airflow/.local/lib/python3.8/site-packages/airflow/example_dags/example_branch_day_of_week_operator.py
[2025-02-06T16:09:38.125+0000] {processor.py:839} INFO - DAG(s) dict_keys(['example_weekday_branch_operator']) retrieved from /home/airflow/.local/lib/python3.8/site-packages/airflow/example_dags/example_branch_day_of_week_operator.py
[2025-02-06T16:09:38.143+0000] {logging_mixin.py:151} INFO - [2025-02-06T16:09:38.143+0000] {dag.py:2915} INFO - Sync 1 DAGs
[2025-02-06T16:09:38.162+0000] {logging_mixin.py:151} INFO - [2025-02-06T16:09:38.162+0000] {dag.py:3696} INFO - Setting next_dagrun for example_weekday_branch_operator to 2025-02-05T00:00:00+00:00, run_after=2025-02-06T00:00:00+00:00
[2025-02-06T16:09:38.175+0000] {processor.py:179} INFO - Processing /home/airflow/.local/lib/python3.8/site-packages/airflow/example_dags/example_branch_day_of_week_operator.py took 0.061 seconds
[2025-02-06T16:10:10.487+0000] {processor.py:157} INFO - Started process (PID=1684) to work on /home/airflow/.local/lib/python3.8/site-packages/airflow/example_dags/example_branch_day_of_week_operator.py
[2025-02-06T16:10:10.489+0000] {processor.py:829} INFO - Processing file /home/airflow/.local/lib/python3.8/site-packages/airflow/example_dags/example_branch_day_of_week_operator.py for tasks to queue
[2025-02-06T16:10:10.490+0000] {logging_mixin.py:151} INFO - [2025-02-06T16:10:10.489+0000] {dagbag.py:539} INFO - Filling up the DagBag from /home/airflow/.local/lib/python3.8/site-packages/airflow/example_dags/example_branch_day_of_week_operator.py
[2025-02-06T16:10:10.495+0000] {processor.py:839} INFO - DAG(s) dict_keys(['example_weekday_branch_operator']) retrieved from /home/airflow/.local/lib/python3.8/site-packages/airflow/example_dags/example_branch_day_of_week_operator.py
[2025-02-06T16:10:10.513+0000] {logging_mixin.py:151} INFO - [2025-02-06T16:10:10.513+0000] {dag.py:2915} INFO - Sync 1 DAGs
[2025-02-06T16:10:10.531+0000] {logging_mixin.py:151} INFO - [2025-02-06T16:10:10.530+0000] {dag.py:3696} INFO - Setting next_dagrun for example_weekday_branch_operator to 2025-02-05T00:00:00+00:00, run_after=2025-02-06T00:00:00+00:00
[2025-02-06T16:10:10.545+0000] {processor.py:179} INFO - Processing /home/airflow/.local/lib/python3.8/site-packages/airflow/example_dags/example_branch_day_of_week_operator.py took 0.059 seconds
[2025-02-06T16:10:43.286+0000] {processor.py:157} INFO - Started process (PID=1945) to work on /home/airflow/.local/lib/python3.8/site-packages/airflow/example_dags/example_branch_day_of_week_operator.py
[2025-02-06T16:10:43.287+0000] {processor.py:829} INFO - Processing file /home/airflow/.local/lib/python3.8/site-packages/airflow/example_dags/example_branch_day_of_week_operator.py for tasks to queue
[2025-02-06T16:10:43.288+0000] {logging_mixin.py:151} INFO - [2025-02-06T16:10:43.288+0000] {dagbag.py:539} INFO - Filling up the DagBag from /home/airflow/.local/lib/python3.8/site-packages/airflow/example_dags/example_branch_day_of_week_operator.py
[2025-02-06T16:10:43.294+0000] {processor.py:839} INFO - DAG(s) dict_keys(['example_weekday_branch_operator']) retrieved from /home/airflow/.local/lib/python3.8/site-packages/airflow/example_dags/example_branch_day_of_week_operator.py
[2025-02-06T16:10:43.313+0000] {logging_mixin.py:151} INFO - [2025-02-06T16:10:43.312+0000] {dag.py:2915} INFO - Sync 1 DAGs
[2025-02-06T16:10:43.332+0000] {logging_mixin.py:151} INFO - [2025-02-06T16:10:43.332+0000] {dag.py:3696} INFO - Setting next_dagrun for example_weekday_branch_operator to 2025-02-05T00:00:00+00:00, run_after=2025-02-06T00:00:00+00:00
[2025-02-06T16:10:43.347+0000] {processor.py:179} INFO - Processing /home/airflow/.local/lib/python3.8/site-packages/airflow/example_dags/example_branch_day_of_week_operator.py took 0.064 seconds
[2025-02-06T16:11:15.918+0000] {processor.py:157} INFO - Started process (PID=2206) to work on /home/airflow/.local/lib/python3.8/site-packages/airflow/example_dags/example_branch_day_of_week_operator.py
[2025-02-06T16:11:15.919+0000] {processor.py:829} INFO - Processing file /home/airflow/.local/lib/python3.8/site-packages/airflow/example_dags/example_branch_day_of_week_operator.py for tasks to queue
[2025-02-06T16:11:15.920+0000] {logging_mixin.py:151} INFO - [2025-02-06T16:11:15.920+0000] {dagbag.py:539} INFO - Filling up the DagBag from /home/airflow/.local/lib/python3.8/site-packages/airflow/example_dags/example_branch_day_of_week_operator.py
[2025-02-06T16:11:15.926+0000] {processor.py:839} INFO - DAG(s) dict_keys(['example_weekday_branch_operator']) retrieved from /home/airflow/.local/lib/python3.8/site-packages/airflow/example_dags/example_branch_day_of_week_operator.py
[2025-02-06T16:11:15.945+0000] {logging_mixin.py:151} INFO - [2025-02-06T16:11:15.945+0000] {dag.py:2915} INFO - Sync 1 DAGs
[2025-02-06T16:11:15.963+0000] {logging_mixin.py:151} INFO - [2025-02-06T16:11:15.963+0000] {dag.py:3696} INFO - Setting next_dagrun for example_weekday_branch_operator to 2025-02-05T00:00:00+00:00, run_after=2025-02-06T00:00:00+00:00
[2025-02-06T16:11:15.978+0000] {processor.py:179} INFO - Processing /home/airflow/.local/lib/python3.8/site-packages/airflow/example_dags/example_branch_day_of_week_operator.py took 0.062 seconds
[2025-02-06T16:11:48.827+0000] {processor.py:157} INFO - Started process (PID=2467) to work on /home/airflow/.local/lib/python3.8/site-packages/airflow/example_dags/example_branch_day_of_week_operator.py
[2025-02-06T16:11:48.828+0000] {processor.py:829} INFO - Processing file /home/airflow/.local/lib/python3.8/site-packages/airflow/example_dags/example_branch_day_of_week_operator.py for tasks to queue
[2025-02-06T16:11:48.829+0000] {logging_mixin.py:151} INFO - [2025-02-06T16:11:48.829+0000] {dagbag.py:539} INFO - Filling up the DagBag from /home/airflow/.local/lib/python3.8/site-packages/airflow/example_dags/example_branch_day_of_week_operator.py
[2025-02-06T16:11:48.835+0000] {processor.py:839} INFO - DAG(s) dict_keys(['example_weekday_branch_operator']) retrieved from /home/airflow/.local/lib/python3.8/site-packages/airflow/example_dags/example_branch_day_of_week_operator.py
[2025-02-06T16:11:48.857+0000] {logging_mixin.py:151} INFO - [2025-02-06T16:11:48.857+0000] {dag.py:2915} INFO - Sync 1 DAGs
[2025-02-06T16:11:48.877+0000] {logging_mixin.py:151} INFO - [2025-02-06T16:11:48.877+0000] {dag.py:3696} INFO - Setting next_dagrun for example_weekday_branch_operator to 2025-02-05T00:00:00+00:00, run_after=2025-02-06T00:00:00+00:00
[2025-02-06T16:11:48.892+0000] {processor.py:179} INFO - Processing /home/airflow/.local/lib/python3.8/site-packages/airflow/example_dags/example_branch_day_of_week_operator.py took 0.067 seconds
[2025-02-06T16:12:22.231+0000] {processor.py:157} INFO - Started process (PID=2728) to work on /home/airflow/.local/lib/python3.8/site-packages/airflow/example_dags/example_branch_day_of_week_operator.py
[2025-02-06T16:12:22.232+0000] {processor.py:829} INFO - Processing file /home/airflow/.local/lib/python3.8/site-packages/airflow/example_dags/example_branch_day_of_week_operator.py for tasks to queue
[2025-02-06T16:12:22.232+0000] {logging_mixin.py:151} INFO - [2025-02-06T16:12:22.232+0000] {dagbag.py:539} INFO - Filling up the DagBag from /home/airflow/.local/lib/python3.8/site-packages/airflow/example_dags/example_branch_day_of_week_operator.py
[2025-02-06T16:12:22.239+0000] {processor.py:839} INFO - DAG(s) dict_keys(['example_weekday_branch_operator']) retrieved from /home/airflow/.local/lib/python3.8/site-packages/airflow/example_dags/example_branch_day_of_week_operator.py
[2025-02-06T16:12:22.264+0000] {logging_mixin.py:151} INFO - [2025-02-06T16:12:22.264+0000] {dag.py:2915} INFO - Sync 1 DAGs
[2025-02-06T16:12:22.285+0000] {logging_mixin.py:151} INFO - [2025-02-06T16:12:22.285+0000] {dag.py:3696} INFO - Setting next_dagrun for example_weekday_branch_operator to 2025-02-05T00:00:00+00:00, run_after=2025-02-06T00:00:00+00:00
[2025-02-06T16:12:22.299+0000] {processor.py:179} INFO - Processing /home/airflow/.local/lib/python3.8/site-packages/airflow/example_dags/example_branch_day_of_week_operator.py took 0.071 seconds
[2025-02-06T16:12:54.476+0000] {processor.py:157} INFO - Started process (PID=2994) to work on /home/airflow/.local/lib/python3.8/site-packages/airflow/example_dags/example_branch_day_of_week_operator.py
[2025-02-06T16:12:54.477+0000] {processor.py:829} INFO - Processing file /home/airflow/.local/lib/python3.8/site-packages/airflow/example_dags/example_branch_day_of_week_operator.py for tasks to queue
[2025-02-06T16:12:54.478+0000] {logging_mixin.py:151} INFO - [2025-02-06T16:12:54.478+0000] {dagbag.py:539} INFO - Filling up the DagBag from /home/airflow/.local/lib/python3.8/site-packages/airflow/example_dags/example_branch_day_of_week_operator.py
[2025-02-06T16:12:54.485+0000] {processor.py:839} INFO - DAG(s) dict_keys(['example_weekday_branch_operator']) retrieved from /home/airflow/.local/lib/python3.8/site-packages/airflow/example_dags/example_branch_day_of_week_operator.py
[2025-02-06T16:12:54.504+0000] {logging_mixin.py:151} INFO - [2025-02-06T16:12:54.504+0000] {dag.py:2915} INFO - Sync 1 DAGs
[2025-02-06T16:12:54.527+0000] {logging_mixin.py:151} INFO - [2025-02-06T16:12:54.527+0000] {dag.py:3696} INFO - Setting next_dagrun for example_weekday_branch_operator to 2025-02-05T00:00:00+00:00, run_after=2025-02-06T00:00:00+00:00
[2025-02-06T16:12:54.545+0000] {processor.py:179} INFO - Processing /home/airflow/.local/lib/python3.8/site-packages/airflow/example_dags/example_branch_day_of_week_operator.py took 0.072 seconds
[2025-02-06T16:13:27.053+0000] {processor.py:157} INFO - Started process (PID=3255) to work on /home/airflow/.local/lib/python3.8/site-packages/airflow/example_dags/example_branch_day_of_week_operator.py
[2025-02-06T16:13:27.055+0000] {processor.py:829} INFO - Processing file /home/airflow/.local/lib/python3.8/site-packages/airflow/example_dags/example_branch_day_of_week_operator.py for tasks to queue
[2025-02-06T16:13:27.055+0000] {logging_mixin.py:151} INFO - [2025-02-06T16:13:27.055+0000] {dagbag.py:539} INFO - Filling up the DagBag from /home/airflow/.local/lib/python3.8/site-packages/airflow/example_dags/example_branch_day_of_week_operator.py
[2025-02-06T16:13:27.062+0000] {processor.py:839} INFO - DAG(s) dict_keys(['example_weekday_branch_operator']) retrieved from /home/airflow/.local/lib/python3.8/site-packages/airflow/example_dags/example_branch_day_of_week_operator.py
[2025-02-06T16:13:27.081+0000] {logging_mixin.py:151} INFO - [2025-02-06T16:13:27.081+0000] {dag.py:2915} INFO - Sync 1 DAGs
[2025-02-06T16:13:27.099+0000] {logging_mixin.py:151} INFO - [2025-02-06T16:13:27.099+0000] {dag.py:3696} INFO - Setting next_dagrun for example_weekday_branch_operator to 2025-02-05T00:00:00+00:00, run_after=2025-02-06T00:00:00+00:00
[2025-02-06T16:13:27.115+0000] {processor.py:179} INFO - Processing /home/airflow/.local/lib/python3.8/site-packages/airflow/example_dags/example_branch_day_of_week_operator.py took 0.064 seconds
[2025-02-06T16:14:00.180+0000] {processor.py:157} INFO - Started process (PID=3516) to work on /home/airflow/.local/lib/python3.8/site-packages/airflow/example_dags/example_branch_day_of_week_operator.py
[2025-02-06T16:14:00.181+0000] {processor.py:829} INFO - Processing file /home/airflow/.local/lib/python3.8/site-packages/airflow/example_dags/example_branch_day_of_week_operator.py for tasks to queue
[2025-02-06T16:14:00.182+0000] {logging_mixin.py:151} INFO - [2025-02-06T16:14:00.182+0000] {dagbag.py:539} INFO - Filling up the DagBag from /home/airflow/.local/lib/python3.8/site-packages/airflow/example_dags/example_branch_day_of_week_operator.py
[2025-02-06T16:14:00.189+0000] {processor.py:839} INFO - DAG(s) dict_keys(['example_weekday_branch_operator']) retrieved from /home/airflow/.local/lib/python3.8/site-packages/airflow/example_dags/example_branch_day_of_week_operator.py
[2025-02-06T16:14:00.209+0000] {logging_mixin.py:151} INFO - [2025-02-06T16:14:00.209+0000] {dag.py:2915} INFO - Sync 1 DAGs
[2025-02-06T16:14:00.229+0000] {logging_mixin.py:151} INFO - [2025-02-06T16:14:00.229+0000] {dag.py:3696} INFO - Setting next_dagrun for example_weekday_branch_operator to 2025-02-05T00:00:00+00:00, run_after=2025-02-06T00:00:00+00:00
[2025-02-06T16:14:00.246+0000] {processor.py:179} INFO - Processing /home/airflow/.local/lib/python3.8/site-packages/airflow/example_dags/example_branch_day_of_week_operator.py took 0.068 seconds
[2025-02-06T16:14:32.538+0000] {processor.py:157} INFO - Started process (PID=3777) to work on /home/airflow/.local/lib/python3.8/site-packages/airflow/example_dags/example_branch_day_of_week_operator.py
[2025-02-06T16:14:32.539+0000] {processor.py:829} INFO - Processing file /home/airflow/.local/lib/python3.8/site-packages/airflow/example_dags/example_branch_day_of_week_operator.py for tasks to queue
[2025-02-06T16:14:32.540+0000] {logging_mixin.py:151} INFO - [2025-02-06T16:14:32.540+0000] {dagbag.py:539} INFO - Filling up the DagBag from /home/airflow/.local/lib/python3.8/site-packages/airflow/example_dags/example_branch_day_of_week_operator.py
[2025-02-06T16:14:32.546+0000] {processor.py:839} INFO - DAG(s) dict_keys(['example_weekday_branch_operator']) retrieved from /home/airflow/.local/lib/python3.8/site-packages/airflow/example_dags/example_branch_day_of_week_operator.py
[2025-02-06T16:14:32.564+0000] {logging_mixin.py:151} INFO - [2025-02-06T16:14:32.564+0000] {dag.py:2915} INFO - Sync 1 DAGs
[2025-02-06T16:14:32.583+0000] {logging_mixin.py:151} INFO - [2025-02-06T16:14:32.583+0000] {dag.py:3696} INFO - Setting next_dagrun for example_weekday_branch_operator to 2025-02-05T00:00:00+00:00, run_after=2025-02-06T00:00:00+00:00
[2025-02-06T16:14:32.599+0000] {processor.py:179} INFO - Processing /home/airflow/.local/lib/python3.8/site-packages/airflow/example_dags/example_branch_day_of_week_operator.py took 0.064 seconds
[2025-02-06T16:15:06.305+0000] {processor.py:157} INFO - Started process (PID=4057) to work on /home/airflow/.local/lib/python3.8/site-packages/airflow/example_dags/example_branch_day_of_week_operator.py
[2025-02-06T16:15:06.306+0000] {processor.py:829} INFO - Processing file /home/airflow/.local/lib/python3.8/site-packages/airflow/example_dags/example_branch_day_of_week_operator.py for tasks to queue
[2025-02-06T16:15:06.307+0000] {logging_mixin.py:151} INFO - [2025-02-06T16:15:06.306+0000] {dagbag.py:539} INFO - Filling up the DagBag from /home/airflow/.local/lib/python3.8/site-packages/airflow/example_dags/example_branch_day_of_week_operator.py
[2025-02-06T16:15:06.312+0000] {processor.py:839} INFO - DAG(s) dict_keys(['example_weekday_branch_operator']) retrieved from /home/airflow/.local/lib/python3.8/site-packages/airflow/example_dags/example_branch_day_of_week_operator.py
[2025-02-06T16:15:06.330+0000] {logging_mixin.py:151} INFO - [2025-02-06T16:15:06.330+0000] {dag.py:2915} INFO - Sync 1 DAGs
[2025-02-06T16:15:06.349+0000] {logging_mixin.py:151} INFO - [2025-02-06T16:15:06.348+0000] {dag.py:3696} INFO - Setting next_dagrun for example_weekday_branch_operator to 2025-02-05T00:00:00+00:00, run_after=2025-02-06T00:00:00+00:00
[2025-02-06T16:15:06.362+0000] {processor.py:179} INFO - Processing /home/airflow/.local/lib/python3.8/site-packages/airflow/example_dags/example_branch_day_of_week_operator.py took 0.059 seconds
[2025-02-06T16:15:38.846+0000] {processor.py:157} INFO - Started process (PID=4316) to work on /home/airflow/.local/lib/python3.8/site-packages/airflow/example_dags/example_branch_day_of_week_operator.py
[2025-02-06T16:15:38.847+0000] {processor.py:829} INFO - Processing file /home/airflow/.local/lib/python3.8/site-packages/airflow/example_dags/example_branch_day_of_week_operator.py for tasks to queue
[2025-02-06T16:15:38.847+0000] {logging_mixin.py:151} INFO - [2025-02-06T16:15:38.847+0000] {dagbag.py:539} INFO - Filling up the DagBag from /home/airflow/.local/lib/python3.8/site-packages/airflow/example_dags/example_branch_day_of_week_operator.py
[2025-02-06T16:15:38.853+0000] {processor.py:839} INFO - DAG(s) dict_keys(['example_weekday_branch_operator']) retrieved from /home/airflow/.local/lib/python3.8/site-packages/airflow/example_dags/example_branch_day_of_week_operator.py
[2025-02-06T16:15:38.872+0000] {logging_mixin.py:151} INFO - [2025-02-06T16:15:38.872+0000] {dag.py:2915} INFO - Sync 1 DAGs
[2025-02-06T16:15:38.890+0000] {logging_mixin.py:151} INFO - [2025-02-06T16:15:38.889+0000] {dag.py:3696} INFO - Setting next_dagrun for example_weekday_branch_operator to 2025-02-05T00:00:00+00:00, run_after=2025-02-06T00:00:00+00:00
[2025-02-06T16:15:38.904+0000] {processor.py:179} INFO - Processing /home/airflow/.local/lib/python3.8/site-packages/airflow/example_dags/example_branch_day_of_week_operator.py took 0.061 seconds
[2025-02-06T16:16:11.546+0000] {processor.py:157} INFO - Started process (PID=4582) to work on /home/airflow/.local/lib/python3.8/site-packages/airflow/example_dags/example_branch_day_of_week_operator.py
[2025-02-06T16:16:11.547+0000] {processor.py:829} INFO - Processing file /home/airflow/.local/lib/python3.8/site-packages/airflow/example_dags/example_branch_day_of_week_operator.py for tasks to queue
[2025-02-06T16:16:11.548+0000] {logging_mixin.py:151} INFO - [2025-02-06T16:16:11.547+0000] {dagbag.py:539} INFO - Filling up the DagBag from /home/airflow/.local/lib/python3.8/site-packages/airflow/example_dags/example_branch_day_of_week_operator.py
[2025-02-06T16:16:11.554+0000] {processor.py:839} INFO - DAG(s) dict_keys(['example_weekday_branch_operator']) retrieved from /home/airflow/.local/lib/python3.8/site-packages/airflow/example_dags/example_branch_day_of_week_operator.py
[2025-02-06T16:16:11.575+0000] {logging_mixin.py:151} INFO - [2025-02-06T16:16:11.574+0000] {dag.py:2915} INFO - Sync 1 DAGs
[2025-02-06T16:16:11.594+0000] {logging_mixin.py:151} INFO - [2025-02-06T16:16:11.594+0000] {dag.py:3696} INFO - Setting next_dagrun for example_weekday_branch_operator to 2025-02-05T00:00:00+00:00, run_after=2025-02-06T00:00:00+00:00
[2025-02-06T16:16:11.608+0000] {processor.py:179} INFO - Processing /home/airflow/.local/lib/python3.8/site-packages/airflow/example_dags/example_branch_day_of_week_operator.py took 0.065 seconds
[2025-02-06T16:16:45.419+0000] {processor.py:157} INFO - Started process (PID=4894) to work on /home/airflow/.local/lib/python3.8/site-packages/airflow/example_dags/example_branch_day_of_week_operator.py
[2025-02-06T16:16:45.420+0000] {processor.py:829} INFO - Processing file /home/airflow/.local/lib/python3.8/site-packages/airflow/example_dags/example_branch_day_of_week_operator.py for tasks to queue
[2025-02-06T16:16:45.421+0000] {logging_mixin.py:151} INFO - [2025-02-06T16:16:45.421+0000] {dagbag.py:539} INFO - Filling up the DagBag from /home/airflow/.local/lib/python3.8/site-packages/airflow/example_dags/example_branch_day_of_week_operator.py
[2025-02-06T16:16:45.426+0000] {processor.py:839} INFO - DAG(s) dict_keys(['example_weekday_branch_operator']) retrieved from /home/airflow/.local/lib/python3.8/site-packages/airflow/example_dags/example_branch_day_of_week_operator.py
[2025-02-06T16:16:45.445+0000] {logging_mixin.py:151} INFO - [2025-02-06T16:16:45.444+0000] {dag.py:2915} INFO - Sync 1 DAGs
[2025-02-06T16:16:45.463+0000] {logging_mixin.py:151} INFO - [2025-02-06T16:16:45.463+0000] {dag.py:3696} INFO - Setting next_dagrun for example_weekday_branch_operator to 2025-02-05T00:00:00+00:00, run_after=2025-02-06T00:00:00+00:00
[2025-02-06T16:16:45.478+0000] {processor.py:179} INFO - Processing /home/airflow/.local/lib/python3.8/site-packages/airflow/example_dags/example_branch_day_of_week_operator.py took 0.062 seconds
[2025-02-06T16:17:18.138+0000] {processor.py:157} INFO - Started process (PID=5160) to work on /home/airflow/.local/lib/python3.8/site-packages/airflow/example_dags/example_branch_day_of_week_operator.py
[2025-02-06T16:17:18.139+0000] {processor.py:829} INFO - Processing file /home/airflow/.local/lib/python3.8/site-packages/airflow/example_dags/example_branch_day_of_week_operator.py for tasks to queue
[2025-02-06T16:17:18.140+0000] {logging_mixin.py:151} INFO - [2025-02-06T16:17:18.140+0000] {dagbag.py:539} INFO - Filling up the DagBag from /home/airflow/.local/lib/python3.8/site-packages/airflow/example_dags/example_branch_day_of_week_operator.py
[2025-02-06T16:17:18.150+0000] {processor.py:839} INFO - DAG(s) dict_keys(['example_weekday_branch_operator']) retrieved from /home/airflow/.local/lib/python3.8/site-packages/airflow/example_dags/example_branch_day_of_week_operator.py
[2025-02-06T16:17:18.176+0000] {logging_mixin.py:151} INFO - [2025-02-06T16:17:18.176+0000] {dag.py:2915} INFO - Sync 1 DAGs
[2025-02-06T16:17:18.208+0000] {logging_mixin.py:151} INFO - [2025-02-06T16:17:18.207+0000] {dag.py:3696} INFO - Setting next_dagrun for example_weekday_branch_operator to 2025-02-05T00:00:00+00:00, run_after=2025-02-06T00:00:00+00:00
[2025-02-06T16:17:18.227+0000] {processor.py:179} INFO - Processing /home/airflow/.local/lib/python3.8/site-packages/airflow/example_dags/example_branch_day_of_week_operator.py took 0.092 seconds
[2025-02-06T16:17:50.352+0000] {processor.py:157} INFO - Started process (PID=5421) to work on /home/airflow/.local/lib/python3.8/site-packages/airflow/example_dags/example_branch_day_of_week_operator.py
[2025-02-06T16:17:50.354+0000] {processor.py:829} INFO - Processing file /home/airflow/.local/lib/python3.8/site-packages/airflow/example_dags/example_branch_day_of_week_operator.py for tasks to queue
[2025-02-06T16:17:50.355+0000] {logging_mixin.py:151} INFO - [2025-02-06T16:17:50.354+0000] {dagbag.py:539} INFO - Filling up the DagBag from /home/airflow/.local/lib/python3.8/site-packages/airflow/example_dags/example_branch_day_of_week_operator.py
[2025-02-06T16:17:50.361+0000] {processor.py:839} INFO - DAG(s) dict_keys(['example_weekday_branch_operator']) retrieved from /home/airflow/.local/lib/python3.8/site-packages/airflow/example_dags/example_branch_day_of_week_operator.py
[2025-02-06T16:17:50.380+0000] {logging_mixin.py:151} INFO - [2025-02-06T16:17:50.380+0000] {dag.py:2915} INFO - Sync 1 DAGs
[2025-02-06T16:17:50.403+0000] {logging_mixin.py:151} INFO - [2025-02-06T16:17:50.402+0000] {dag.py:3696} INFO - Setting next_dagrun for example_weekday_branch_operator to 2025-02-05T00:00:00+00:00, run_after=2025-02-06T00:00:00+00:00
[2025-02-06T16:17:50.422+0000] {processor.py:179} INFO - Processing /home/airflow/.local/lib/python3.8/site-packages/airflow/example_dags/example_branch_day_of_week_operator.py took 0.073 seconds
[2025-02-06T16:18:23.166+0000] {processor.py:157} INFO - Started process (PID=5682) to work on /home/airflow/.local/lib/python3.8/site-packages/airflow/example_dags/example_branch_day_of_week_operator.py
[2025-02-06T16:18:23.167+0000] {processor.py:829} INFO - Processing file /home/airflow/.local/lib/python3.8/site-packages/airflow/example_dags/example_branch_day_of_week_operator.py for tasks to queue
[2025-02-06T16:18:23.167+0000] {logging_mixin.py:151} INFO - [2025-02-06T16:18:23.167+0000] {dagbag.py:539} INFO - Filling up the DagBag from /home/airflow/.local/lib/python3.8/site-packages/airflow/example_dags/example_branch_day_of_week_operator.py
[2025-02-06T16:18:23.173+0000] {processor.py:839} INFO - DAG(s) dict_keys(['example_weekday_branch_operator']) retrieved from /home/airflow/.local/lib/python3.8/site-packages/airflow/example_dags/example_branch_day_of_week_operator.py
[2025-02-06T16:18:23.192+0000] {logging_mixin.py:151} INFO - [2025-02-06T16:18:23.192+0000] {dag.py:2915} INFO - Sync 1 DAGs
[2025-02-06T16:18:23.213+0000] {logging_mixin.py:151} INFO - [2025-02-06T16:18:23.212+0000] {dag.py:3696} INFO - Setting next_dagrun for example_weekday_branch_operator to 2025-02-05T00:00:00+00:00, run_after=2025-02-06T00:00:00+00:00
[2025-02-06T16:18:23.229+0000] {processor.py:179} INFO - Processing /home/airflow/.local/lib/python3.8/site-packages/airflow/example_dags/example_branch_day_of_week_operator.py took 0.066 seconds
[2025-02-06T16:18:55.800+0000] {processor.py:157} INFO - Started process (PID=5943) to work on /home/airflow/.local/lib/python3.8/site-packages/airflow/example_dags/example_branch_day_of_week_operator.py
[2025-02-06T16:18:55.800+0000] {processor.py:829} INFO - Processing file /home/airflow/.local/lib/python3.8/site-packages/airflow/example_dags/example_branch_day_of_week_operator.py for tasks to queue
[2025-02-06T16:18:55.801+0000] {logging_mixin.py:151} INFO - [2025-02-06T16:18:55.801+0000] {dagbag.py:539} INFO - Filling up the DagBag from /home/airflow/.local/lib/python3.8/site-packages/airflow/example_dags/example_branch_day_of_week_operator.py
[2025-02-06T16:18:55.807+0000] {processor.py:839} INFO - DAG(s) dict_keys(['example_weekday_branch_operator']) retrieved from /home/airflow/.local/lib/python3.8/site-packages/airflow/example_dags/example_branch_day_of_week_operator.py
[2025-02-06T16:18:55.826+0000] {logging_mixin.py:151} INFO - [2025-02-06T16:18:55.826+0000] {dag.py:2915} INFO - Sync 1 DAGs
[2025-02-06T16:18:55.846+0000] {logging_mixin.py:151} INFO - [2025-02-06T16:18:55.846+0000] {dag.py:3696} INFO - Setting next_dagrun for example_weekday_branch_operator to 2025-02-05T00:00:00+00:00, run_after=2025-02-06T00:00:00+00:00
[2025-02-06T16:18:55.862+0000] {processor.py:179} INFO - Processing /home/airflow/.local/lib/python3.8/site-packages/airflow/example_dags/example_branch_day_of_week_operator.py took 0.065 seconds
