[2025-02-06T15:19:04.566+0000] {processor.py:186} INFO - Started process (PID=316) to work on /home/airflow/.local/lib/python3.12/site-packages/airflow/example_dags/example_inlet_event_extra.py
[2025-02-06T15:19:04.567+0000] {processor.py:914} INFO - Processing file /home/airflow/.local/lib/python3.12/site-packages/airflow/example_dags/example_inlet_event_extra.py for tasks to queue
[2025-02-06T15:19:04.569+0000] {logging_mixin.py:190} INFO - [2025-02-06T15:19:04.568+0000] {dagbag.py:588} INFO - Filling up the DagBag from /home/airflow/.local/lib/python3.12/site-packages/airflow/example_dags/example_inlet_event_extra.py
[2025-02-06T15:19:04.824+0000] {processor.py:925} INFO - DAG(s) 'read_dataset_event_from_classic', 'read_dataset_event' retrieved from /home/airflow/.local/lib/python3.12/site-packages/airflow/example_dags/example_inlet_event_extra.py
[2025-02-06T15:19:04.846+0000] {logging_mixin.py:190} INFO - [2025-02-06T15:19:04.846+0000] {dag.py:3239} INFO - Sync 2 DAGs
[2025-02-06T15:19:04.880+0000] {logging_mixin.py:190} INFO - [2025-02-06T15:19:04.880+0000] {dag.py:4180} INFO - Setting next_dagrun for read_dataset_event to 2025-02-05 00:00:00+00:00, run_after=2025-02-06 00:00:00+00:00
[2025-02-06T15:19:04.884+0000] {logging_mixin.py:190} INFO - [2025-02-06T15:19:04.884+0000] {dag.py:4180} INFO - Setting next_dagrun for read_dataset_event_from_classic to 2025-02-05 00:00:00+00:00, run_after=2025-02-06 00:00:00+00:00
[2025-02-06T15:19:04.898+0000] {processor.py:208} INFO - Processing /home/airflow/.local/lib/python3.12/site-packages/airflow/example_dags/example_inlet_event_extra.py took 0.336 seconds
[2025-02-06T15:19:35.155+0000] {processor.py:186} INFO - Started process (PID=616) to work on /home/airflow/.local/lib/python3.12/site-packages/airflow/example_dags/example_inlet_event_extra.py
[2025-02-06T15:19:35.156+0000] {processor.py:914} INFO - Processing file /home/airflow/.local/lib/python3.12/site-packages/airflow/example_dags/example_inlet_event_extra.py for tasks to queue
[2025-02-06T15:19:35.157+0000] {logging_mixin.py:190} INFO - [2025-02-06T15:19:35.157+0000] {dagbag.py:588} INFO - Filling up the DagBag from /home/airflow/.local/lib/python3.12/site-packages/airflow/example_dags/example_inlet_event_extra.py
[2025-02-06T15:19:35.251+0000] {processor.py:925} INFO - DAG(s) 'read_dataset_event', 'read_dataset_event_from_classic' retrieved from /home/airflow/.local/lib/python3.12/site-packages/airflow/example_dags/example_inlet_event_extra.py
[2025-02-06T15:19:35.267+0000] {logging_mixin.py:190} INFO - [2025-02-06T15:19:35.266+0000] {dag.py:3239} INFO - Sync 2 DAGs
[2025-02-06T15:19:35.285+0000] {logging_mixin.py:190} INFO - [2025-02-06T15:19:35.285+0000] {dag.py:4180} INFO - Setting next_dagrun for read_dataset_event to 2025-02-05 00:00:00+00:00, run_after=2025-02-06 00:00:00+00:00
[2025-02-06T15:19:35.289+0000] {logging_mixin.py:190} INFO - [2025-02-06T15:19:35.289+0000] {dag.py:4180} INFO - Setting next_dagrun for read_dataset_event_from_classic to 2025-02-05 00:00:00+00:00, run_after=2025-02-06 00:00:00+00:00
[2025-02-06T15:19:35.300+0000] {processor.py:208} INFO - Processing /home/airflow/.local/lib/python3.12/site-packages/airflow/example_dags/example_inlet_event_extra.py took 0.149 seconds
[2025-02-06T15:20:05.399+0000] {processor.py:186} INFO - Started process (PID=924) to work on /home/airflow/.local/lib/python3.12/site-packages/airflow/example_dags/example_inlet_event_extra.py
[2025-02-06T15:20:05.400+0000] {processor.py:914} INFO - Processing file /home/airflow/.local/lib/python3.12/site-packages/airflow/example_dags/example_inlet_event_extra.py for tasks to queue
[2025-02-06T15:20:05.402+0000] {logging_mixin.py:190} INFO - [2025-02-06T15:20:05.401+0000] {dagbag.py:588} INFO - Filling up the DagBag from /home/airflow/.local/lib/python3.12/site-packages/airflow/example_dags/example_inlet_event_extra.py
[2025-02-06T15:20:05.491+0000] {processor.py:925} INFO - DAG(s) 'read_dataset_event_from_classic', 'read_dataset_event' retrieved from /home/airflow/.local/lib/python3.12/site-packages/airflow/example_dags/example_inlet_event_extra.py
[2025-02-06T15:20:05.508+0000] {logging_mixin.py:190} INFO - [2025-02-06T15:20:05.508+0000] {dag.py:3239} INFO - Sync 2 DAGs
[2025-02-06T15:20:05.526+0000] {logging_mixin.py:190} INFO - [2025-02-06T15:20:05.526+0000] {dag.py:4180} INFO - Setting next_dagrun for read_dataset_event to 2025-02-05 00:00:00+00:00, run_after=2025-02-06 00:00:00+00:00
[2025-02-06T15:20:05.529+0000] {logging_mixin.py:190} INFO - [2025-02-06T15:20:05.529+0000] {dag.py:4180} INFO - Setting next_dagrun for read_dataset_event_from_classic to 2025-02-05 00:00:00+00:00, run_after=2025-02-06 00:00:00+00:00
[2025-02-06T15:20:05.541+0000] {processor.py:208} INFO - Processing /home/airflow/.local/lib/python3.12/site-packages/airflow/example_dags/example_inlet_event_extra.py took 0.146 seconds
[2025-02-06T15:20:35.840+0000] {processor.py:186} INFO - Started process (PID=1228) to work on /home/airflow/.local/lib/python3.12/site-packages/airflow/example_dags/example_inlet_event_extra.py
[2025-02-06T15:20:35.840+0000] {processor.py:914} INFO - Processing file /home/airflow/.local/lib/python3.12/site-packages/airflow/example_dags/example_inlet_event_extra.py for tasks to queue
[2025-02-06T15:20:35.842+0000] {logging_mixin.py:190} INFO - [2025-02-06T15:20:35.842+0000] {dagbag.py:588} INFO - Filling up the DagBag from /home/airflow/.local/lib/python3.12/site-packages/airflow/example_dags/example_inlet_event_extra.py
[2025-02-06T15:20:35.938+0000] {processor.py:925} INFO - DAG(s) 'read_dataset_event_from_classic', 'read_dataset_event' retrieved from /home/airflow/.local/lib/python3.12/site-packages/airflow/example_dags/example_inlet_event_extra.py
[2025-02-06T15:20:35.959+0000] {logging_mixin.py:190} INFO - [2025-02-06T15:20:35.958+0000] {dag.py:3239} INFO - Sync 2 DAGs
[2025-02-06T15:20:35.988+0000] {logging_mixin.py:190} INFO - [2025-02-06T15:20:35.987+0000] {dag.py:4180} INFO - Setting next_dagrun for read_dataset_event to 2025-02-05 00:00:00+00:00, run_after=2025-02-06 00:00:00+00:00
[2025-02-06T15:20:35.992+0000] {logging_mixin.py:190} INFO - [2025-02-06T15:20:35.992+0000] {dag.py:4180} INFO - Setting next_dagrun for read_dataset_event_from_classic to 2025-02-05 00:00:00+00:00, run_after=2025-02-06 00:00:00+00:00
[2025-02-06T15:20:36.005+0000] {processor.py:208} INFO - Processing /home/airflow/.local/lib/python3.12/site-packages/airflow/example_dags/example_inlet_event_extra.py took 0.169 seconds
[2025-02-06T15:21:06.487+0000] {processor.py:186} INFO - Started process (PID=1534) to work on /home/airflow/.local/lib/python3.12/site-packages/airflow/example_dags/example_inlet_event_extra.py
[2025-02-06T15:21:06.488+0000] {processor.py:914} INFO - Processing file /home/airflow/.local/lib/python3.12/site-packages/airflow/example_dags/example_inlet_event_extra.py for tasks to queue
[2025-02-06T15:21:06.490+0000] {logging_mixin.py:190} INFO - [2025-02-06T15:21:06.490+0000] {dagbag.py:588} INFO - Filling up the DagBag from /home/airflow/.local/lib/python3.12/site-packages/airflow/example_dags/example_inlet_event_extra.py
[2025-02-06T15:21:06.578+0000] {processor.py:925} INFO - DAG(s) 'read_dataset_event', 'read_dataset_event_from_classic' retrieved from /home/airflow/.local/lib/python3.12/site-packages/airflow/example_dags/example_inlet_event_extra.py
[2025-02-06T15:21:06.594+0000] {logging_mixin.py:190} INFO - [2025-02-06T15:21:06.594+0000] {dag.py:3239} INFO - Sync 2 DAGs
[2025-02-06T15:21:06.618+0000] {logging_mixin.py:190} INFO - [2025-02-06T15:21:06.618+0000] {dag.py:4180} INFO - Setting next_dagrun for read_dataset_event to 2025-02-05 00:00:00+00:00, run_after=2025-02-06 00:00:00+00:00
[2025-02-06T15:21:06.623+0000] {logging_mixin.py:190} INFO - [2025-02-06T15:21:06.622+0000] {dag.py:4180} INFO - Setting next_dagrun for read_dataset_event_from_classic to 2025-02-05 00:00:00+00:00, run_after=2025-02-06 00:00:00+00:00
[2025-02-06T15:21:06.638+0000] {processor.py:208} INFO - Processing /home/airflow/.local/lib/python3.12/site-packages/airflow/example_dags/example_inlet_event_extra.py took 0.155 seconds
[2025-02-06T15:21:37.573+0000] {processor.py:186} INFO - Started process (PID=1840) to work on /home/airflow/.local/lib/python3.12/site-packages/airflow/example_dags/example_inlet_event_extra.py
[2025-02-06T15:21:37.574+0000] {processor.py:914} INFO - Processing file /home/airflow/.local/lib/python3.12/site-packages/airflow/example_dags/example_inlet_event_extra.py for tasks to queue
[2025-02-06T15:21:37.575+0000] {logging_mixin.py:190} INFO - [2025-02-06T15:21:37.575+0000] {dagbag.py:588} INFO - Filling up the DagBag from /home/airflow/.local/lib/python3.12/site-packages/airflow/example_dags/example_inlet_event_extra.py
[2025-02-06T15:21:37.665+0000] {processor.py:925} INFO - DAG(s) 'read_dataset_event', 'read_dataset_event_from_classic' retrieved from /home/airflow/.local/lib/python3.12/site-packages/airflow/example_dags/example_inlet_event_extra.py
[2025-02-06T15:21:37.682+0000] {logging_mixin.py:190} INFO - [2025-02-06T15:21:37.682+0000] {dag.py:3239} INFO - Sync 2 DAGs
[2025-02-06T15:21:37.701+0000] {logging_mixin.py:190} INFO - [2025-02-06T15:21:37.701+0000] {dag.py:4180} INFO - Setting next_dagrun for read_dataset_event to 2025-02-05 00:00:00+00:00, run_after=2025-02-06 00:00:00+00:00
[2025-02-06T15:21:37.705+0000] {logging_mixin.py:190} INFO - [2025-02-06T15:21:37.705+0000] {dag.py:4180} INFO - Setting next_dagrun for read_dataset_event_from_classic to 2025-02-05 00:00:00+00:00, run_after=2025-02-06 00:00:00+00:00
[2025-02-06T15:21:37.716+0000] {processor.py:208} INFO - Processing /home/airflow/.local/lib/python3.12/site-packages/airflow/example_dags/example_inlet_event_extra.py took 0.147 seconds
[2025-02-06T15:22:08.519+0000] {processor.py:186} INFO - Started process (PID=2146) to work on /home/airflow/.local/lib/python3.12/site-packages/airflow/example_dags/example_inlet_event_extra.py
[2025-02-06T15:22:08.520+0000] {processor.py:914} INFO - Processing file /home/airflow/.local/lib/python3.12/site-packages/airflow/example_dags/example_inlet_event_extra.py for tasks to queue
[2025-02-06T15:22:08.521+0000] {logging_mixin.py:190} INFO - [2025-02-06T15:22:08.521+0000] {dagbag.py:588} INFO - Filling up the DagBag from /home/airflow/.local/lib/python3.12/site-packages/airflow/example_dags/example_inlet_event_extra.py
[2025-02-06T15:22:08.607+0000] {processor.py:925} INFO - DAG(s) 'read_dataset_event_from_classic', 'read_dataset_event' retrieved from /home/airflow/.local/lib/python3.12/site-packages/airflow/example_dags/example_inlet_event_extra.py
[2025-02-06T15:22:08.622+0000] {logging_mixin.py:190} INFO - [2025-02-06T15:22:08.622+0000] {dag.py:3239} INFO - Sync 2 DAGs
[2025-02-06T15:22:08.642+0000] {logging_mixin.py:190} INFO - [2025-02-06T15:22:08.641+0000] {dag.py:4180} INFO - Setting next_dagrun for read_dataset_event to 2025-02-05 00:00:00+00:00, run_after=2025-02-06 00:00:00+00:00
[2025-02-06T15:22:08.645+0000] {logging_mixin.py:190} INFO - [2025-02-06T15:22:08.645+0000] {dag.py:4180} INFO - Setting next_dagrun for read_dataset_event_from_classic to 2025-02-05 00:00:00+00:00, run_after=2025-02-06 00:00:00+00:00
[2025-02-06T15:22:08.656+0000] {processor.py:208} INFO - Processing /home/airflow/.local/lib/python3.12/site-packages/airflow/example_dags/example_inlet_event_extra.py took 0.141 seconds
[2025-02-06T15:22:39.477+0000] {processor.py:186} INFO - Started process (PID=2452) to work on /home/airflow/.local/lib/python3.12/site-packages/airflow/example_dags/example_inlet_event_extra.py
[2025-02-06T15:22:39.478+0000] {processor.py:914} INFO - Processing file /home/airflow/.local/lib/python3.12/site-packages/airflow/example_dags/example_inlet_event_extra.py for tasks to queue
[2025-02-06T15:22:39.480+0000] {logging_mixin.py:190} INFO - [2025-02-06T15:22:39.480+0000] {dagbag.py:588} INFO - Filling up the DagBag from /home/airflow/.local/lib/python3.12/site-packages/airflow/example_dags/example_inlet_event_extra.py
[2025-02-06T15:22:39.568+0000] {processor.py:925} INFO - DAG(s) 'read_dataset_event_from_classic', 'read_dataset_event' retrieved from /home/airflow/.local/lib/python3.12/site-packages/airflow/example_dags/example_inlet_event_extra.py
[2025-02-06T15:22:39.584+0000] {logging_mixin.py:190} INFO - [2025-02-06T15:22:39.583+0000] {dag.py:3239} INFO - Sync 2 DAGs
[2025-02-06T15:22:39.604+0000] {logging_mixin.py:190} INFO - [2025-02-06T15:22:39.603+0000] {dag.py:4180} INFO - Setting next_dagrun for read_dataset_event to 2025-02-05 00:00:00+00:00, run_after=2025-02-06 00:00:00+00:00
[2025-02-06T15:22:39.607+0000] {logging_mixin.py:190} INFO - [2025-02-06T15:22:39.607+0000] {dag.py:4180} INFO - Setting next_dagrun for read_dataset_event_from_classic to 2025-02-05 00:00:00+00:00, run_after=2025-02-06 00:00:00+00:00
[2025-02-06T15:22:39.619+0000] {processor.py:208} INFO - Processing /home/airflow/.local/lib/python3.12/site-packages/airflow/example_dags/example_inlet_event_extra.py took 0.146 seconds
[2025-02-06T15:23:10.376+0000] {processor.py:186} INFO - Started process (PID=2758) to work on /home/airflow/.local/lib/python3.12/site-packages/airflow/example_dags/example_inlet_event_extra.py
[2025-02-06T15:23:10.377+0000] {processor.py:914} INFO - Processing file /home/airflow/.local/lib/python3.12/site-packages/airflow/example_dags/example_inlet_event_extra.py for tasks to queue
[2025-02-06T15:23:10.379+0000] {logging_mixin.py:190} INFO - [2025-02-06T15:23:10.379+0000] {dagbag.py:588} INFO - Filling up the DagBag from /home/airflow/.local/lib/python3.12/site-packages/airflow/example_dags/example_inlet_event_extra.py
[2025-02-06T15:23:10.471+0000] {processor.py:925} INFO - DAG(s) 'read_dataset_event_from_classic', 'read_dataset_event' retrieved from /home/airflow/.local/lib/python3.12/site-packages/airflow/example_dags/example_inlet_event_extra.py
[2025-02-06T15:23:10.488+0000] {logging_mixin.py:190} INFO - [2025-02-06T15:23:10.487+0000] {dag.py:3239} INFO - Sync 2 DAGs
[2025-02-06T15:23:10.509+0000] {logging_mixin.py:190} INFO - [2025-02-06T15:23:10.509+0000] {dag.py:4180} INFO - Setting next_dagrun for read_dataset_event to 2025-02-05 00:00:00+00:00, run_after=2025-02-06 00:00:00+00:00
[2025-02-06T15:23:10.513+0000] {logging_mixin.py:190} INFO - [2025-02-06T15:23:10.512+0000] {dag.py:4180} INFO - Setting next_dagrun for read_dataset_event_from_classic to 2025-02-05 00:00:00+00:00, run_after=2025-02-06 00:00:00+00:00
[2025-02-06T15:23:10.525+0000] {processor.py:208} INFO - Processing /home/airflow/.local/lib/python3.12/site-packages/airflow/example_dags/example_inlet_event_extra.py took 0.153 seconds
[2025-02-06T15:23:41.495+0000] {processor.py:186} INFO - Started process (PID=3064) to work on /home/airflow/.local/lib/python3.12/site-packages/airflow/example_dags/example_inlet_event_extra.py
[2025-02-06T15:23:41.496+0000] {processor.py:914} INFO - Processing file /home/airflow/.local/lib/python3.12/site-packages/airflow/example_dags/example_inlet_event_extra.py for tasks to queue
[2025-02-06T15:23:41.497+0000] {logging_mixin.py:190} INFO - [2025-02-06T15:23:41.497+0000] {dagbag.py:588} INFO - Filling up the DagBag from /home/airflow/.local/lib/python3.12/site-packages/airflow/example_dags/example_inlet_event_extra.py
[2025-02-06T15:23:41.597+0000] {processor.py:925} INFO - DAG(s) 'read_dataset_event_from_classic', 'read_dataset_event' retrieved from /home/airflow/.local/lib/python3.12/site-packages/airflow/example_dags/example_inlet_event_extra.py
[2025-02-06T15:23:41.618+0000] {logging_mixin.py:190} INFO - [2025-02-06T15:23:41.617+0000] {dag.py:3239} INFO - Sync 2 DAGs
[2025-02-06T15:23:41.642+0000] {logging_mixin.py:190} INFO - [2025-02-06T15:23:41.641+0000] {dag.py:4180} INFO - Setting next_dagrun for read_dataset_event to 2025-02-05 00:00:00+00:00, run_after=2025-02-06 00:00:00+00:00
[2025-02-06T15:23:41.647+0000] {logging_mixin.py:190} INFO - [2025-02-06T15:23:41.646+0000] {dag.py:4180} INFO - Setting next_dagrun for read_dataset_event_from_classic to 2025-02-05 00:00:00+00:00, run_after=2025-02-06 00:00:00+00:00
[2025-02-06T15:23:41.661+0000] {processor.py:208} INFO - Processing /home/airflow/.local/lib/python3.12/site-packages/airflow/example_dags/example_inlet_event_extra.py took 0.171 seconds
[2025-02-06T15:24:11.769+0000] {processor.py:186} INFO - Started process (PID=3372) to work on /home/airflow/.local/lib/python3.12/site-packages/airflow/example_dags/example_inlet_event_extra.py
[2025-02-06T15:24:11.770+0000] {processor.py:914} INFO - Processing file /home/airflow/.local/lib/python3.12/site-packages/airflow/example_dags/example_inlet_event_extra.py for tasks to queue
[2025-02-06T15:24:11.772+0000] {logging_mixin.py:190} INFO - [2025-02-06T15:24:11.772+0000] {dagbag.py:588} INFO - Filling up the DagBag from /home/airflow/.local/lib/python3.12/site-packages/airflow/example_dags/example_inlet_event_extra.py
[2025-02-06T15:24:11.888+0000] {processor.py:925} INFO - DAG(s) 'read_dataset_event_from_classic', 'read_dataset_event' retrieved from /home/airflow/.local/lib/python3.12/site-packages/airflow/example_dags/example_inlet_event_extra.py
[2025-02-06T15:24:11.907+0000] {logging_mixin.py:190} INFO - [2025-02-06T15:24:11.907+0000] {dag.py:3239} INFO - Sync 2 DAGs
[2025-02-06T15:24:11.929+0000] {logging_mixin.py:190} INFO - [2025-02-06T15:24:11.929+0000] {dag.py:4180} INFO - Setting next_dagrun for read_dataset_event to 2025-02-05 00:00:00+00:00, run_after=2025-02-06 00:00:00+00:00
[2025-02-06T15:24:11.936+0000] {logging_mixin.py:190} INFO - [2025-02-06T15:24:11.935+0000] {dag.py:4180} INFO - Setting next_dagrun for read_dataset_event_from_classic to 2025-02-05 00:00:00+00:00, run_after=2025-02-06 00:00:00+00:00
[2025-02-06T15:24:11.950+0000] {processor.py:208} INFO - Processing /home/airflow/.local/lib/python3.12/site-packages/airflow/example_dags/example_inlet_event_extra.py took 0.188 seconds
