[2025-02-06T15:19:05.280+0000] {processor.py:186} INFO - Started process (PID=356) to work on /home/airflow/.local/lib/python3.12/site-packages/airflow/example_dags/example_dynamic_task_mapping.py
[2025-02-06T15:19:05.280+0000] {processor.py:914} INFO - Processing file /home/airflow/.local/lib/python3.12/site-packages/airflow/example_dags/example_dynamic_task_mapping.py for tasks to queue
[2025-02-06T15:19:05.282+0000] {logging_mixin.py:190} INFO - [2025-02-06T15:19:05.282+0000] {dagbag.py:588} INFO - Filling up the DagBag from /home/airflow/.local/lib/python3.12/site-packages/airflow/example_dags/example_dynamic_task_mapping.py
[2025-02-06T15:19:05.288+0000] {processor.py:925} INFO - DAG(s) 'example_dynamic_task_mapping' retrieved from /home/airflow/.local/lib/python3.12/site-packages/airflow/example_dags/example_dynamic_task_mapping.py
[2025-02-06T15:19:05.311+0000] {logging_mixin.py:190} INFO - [2025-02-06T15:19:05.311+0000] {dag.py:3239} INFO - Sync 1 DAGs
[2025-02-06T15:19:05.327+0000] {logging_mixin.py:190} INFO - [2025-02-06T15:19:05.327+0000] {dag.py:4180} INFO - Setting next_dagrun for example_dynamic_task_mapping to None, run_after=None
[2025-02-06T15:19:05.344+0000] {processor.py:208} INFO - Processing /home/airflow/.local/lib/python3.12/site-packages/airflow/example_dags/example_dynamic_task_mapping.py took 0.068 seconds
[2025-02-06T15:19:35.545+0000] {processor.py:186} INFO - Started process (PID=658) to work on /home/airflow/.local/lib/python3.12/site-packages/airflow/example_dags/example_dynamic_task_mapping.py
[2025-02-06T15:19:35.546+0000] {processor.py:914} INFO - Processing file /home/airflow/.local/lib/python3.12/site-packages/airflow/example_dags/example_dynamic_task_mapping.py for tasks to queue
[2025-02-06T15:19:35.547+0000] {logging_mixin.py:190} INFO - [2025-02-06T15:19:35.547+0000] {dagbag.py:588} INFO - Filling up the DagBag from /home/airflow/.local/lib/python3.12/site-packages/airflow/example_dags/example_dynamic_task_mapping.py
[2025-02-06T15:19:35.553+0000] {processor.py:925} INFO - DAG(s) 'example_dynamic_task_mapping' retrieved from /home/airflow/.local/lib/python3.12/site-packages/airflow/example_dags/example_dynamic_task_mapping.py
[2025-02-06T15:19:35.570+0000] {logging_mixin.py:190} INFO - [2025-02-06T15:19:35.570+0000] {dag.py:3239} INFO - Sync 1 DAGs
[2025-02-06T15:19:35.581+0000] {logging_mixin.py:190} INFO - [2025-02-06T15:19:35.581+0000] {dag.py:4180} INFO - Setting next_dagrun for example_dynamic_task_mapping to None, run_after=None
[2025-02-06T15:19:35.596+0000] {processor.py:208} INFO - Processing /home/airflow/.local/lib/python3.12/site-packages/airflow/example_dags/example_dynamic_task_mapping.py took 0.055 seconds
[2025-02-06T15:20:05.755+0000] {processor.py:186} INFO - Started process (PID=962) to work on /home/airflow/.local/lib/python3.12/site-packages/airflow/example_dags/example_dynamic_task_mapping.py
[2025-02-06T15:20:05.756+0000] {processor.py:914} INFO - Processing file /home/airflow/.local/lib/python3.12/site-packages/airflow/example_dags/example_dynamic_task_mapping.py for tasks to queue
[2025-02-06T15:20:05.757+0000] {logging_mixin.py:190} INFO - [2025-02-06T15:20:05.757+0000] {dagbag.py:588} INFO - Filling up the DagBag from /home/airflow/.local/lib/python3.12/site-packages/airflow/example_dags/example_dynamic_task_mapping.py
[2025-02-06T15:20:05.763+0000] {processor.py:925} INFO - DAG(s) 'example_dynamic_task_mapping' retrieved from /home/airflow/.local/lib/python3.12/site-packages/airflow/example_dags/example_dynamic_task_mapping.py
[2025-02-06T15:20:05.778+0000] {logging_mixin.py:190} INFO - [2025-02-06T15:20:05.777+0000] {dag.py:3239} INFO - Sync 1 DAGs
[2025-02-06T15:20:05.789+0000] {logging_mixin.py:190} INFO - [2025-02-06T15:20:05.788+0000] {dag.py:4180} INFO - Setting next_dagrun for example_dynamic_task_mapping to None, run_after=None
[2025-02-06T15:20:05.802+0000] {processor.py:208} INFO - Processing /home/airflow/.local/lib/python3.12/site-packages/airflow/example_dags/example_dynamic_task_mapping.py took 0.051 seconds
[2025-02-06T15:20:36.296+0000] {processor.py:186} INFO - Started process (PID=1268) to work on /home/airflow/.local/lib/python3.12/site-packages/airflow/example_dags/example_dynamic_task_mapping.py
[2025-02-06T15:20:36.297+0000] {processor.py:914} INFO - Processing file /home/airflow/.local/lib/python3.12/site-packages/airflow/example_dags/example_dynamic_task_mapping.py for tasks to queue
[2025-02-06T15:20:36.299+0000] {logging_mixin.py:190} INFO - [2025-02-06T15:20:36.299+0000] {dagbag.py:588} INFO - Filling up the DagBag from /home/airflow/.local/lib/python3.12/site-packages/airflow/example_dags/example_dynamic_task_mapping.py
[2025-02-06T15:20:36.305+0000] {processor.py:925} INFO - DAG(s) 'example_dynamic_task_mapping' retrieved from /home/airflow/.local/lib/python3.12/site-packages/airflow/example_dags/example_dynamic_task_mapping.py
[2025-02-06T15:20:36.319+0000] {logging_mixin.py:190} INFO - [2025-02-06T15:20:36.318+0000] {dag.py:3239} INFO - Sync 1 DAGs
[2025-02-06T15:20:36.329+0000] {logging_mixin.py:190} INFO - [2025-02-06T15:20:36.329+0000] {dag.py:4180} INFO - Setting next_dagrun for example_dynamic_task_mapping to None, run_after=None
[2025-02-06T15:20:36.343+0000] {processor.py:208} INFO - Processing /home/airflow/.local/lib/python3.12/site-packages/airflow/example_dags/example_dynamic_task_mapping.py took 0.051 seconds
[2025-02-06T15:21:06.933+0000] {processor.py:186} INFO - Started process (PID=1574) to work on /home/airflow/.local/lib/python3.12/site-packages/airflow/example_dags/example_dynamic_task_mapping.py
[2025-02-06T15:21:06.934+0000] {processor.py:914} INFO - Processing file /home/airflow/.local/lib/python3.12/site-packages/airflow/example_dags/example_dynamic_task_mapping.py for tasks to queue
[2025-02-06T15:21:06.935+0000] {logging_mixin.py:190} INFO - [2025-02-06T15:21:06.935+0000] {dagbag.py:588} INFO - Filling up the DagBag from /home/airflow/.local/lib/python3.12/site-packages/airflow/example_dags/example_dynamic_task_mapping.py
[2025-02-06T15:21:06.941+0000] {processor.py:925} INFO - DAG(s) 'example_dynamic_task_mapping' retrieved from /home/airflow/.local/lib/python3.12/site-packages/airflow/example_dags/example_dynamic_task_mapping.py
[2025-02-06T15:21:06.956+0000] {logging_mixin.py:190} INFO - [2025-02-06T15:21:06.956+0000] {dag.py:3239} INFO - Sync 1 DAGs
[2025-02-06T15:21:06.968+0000] {logging_mixin.py:190} INFO - [2025-02-06T15:21:06.968+0000] {dag.py:4180} INFO - Setting next_dagrun for example_dynamic_task_mapping to None, run_after=None
[2025-02-06T15:21:06.983+0000] {processor.py:208} INFO - Processing /home/airflow/.local/lib/python3.12/site-packages/airflow/example_dags/example_dynamic_task_mapping.py took 0.054 seconds
[2025-02-06T15:21:37.994+0000] {processor.py:186} INFO - Started process (PID=1882) to work on /home/airflow/.local/lib/python3.12/site-packages/airflow/example_dags/example_dynamic_task_mapping.py
[2025-02-06T15:21:37.995+0000] {processor.py:914} INFO - Processing file /home/airflow/.local/lib/python3.12/site-packages/airflow/example_dags/example_dynamic_task_mapping.py for tasks to queue
[2025-02-06T15:21:37.997+0000] {logging_mixin.py:190} INFO - [2025-02-06T15:21:37.997+0000] {dagbag.py:588} INFO - Filling up the DagBag from /home/airflow/.local/lib/python3.12/site-packages/airflow/example_dags/example_dynamic_task_mapping.py
[2025-02-06T15:21:38.002+0000] {processor.py:925} INFO - DAG(s) 'example_dynamic_task_mapping' retrieved from /home/airflow/.local/lib/python3.12/site-packages/airflow/example_dags/example_dynamic_task_mapping.py
[2025-02-06T15:21:38.016+0000] {logging_mixin.py:190} INFO - [2025-02-06T15:21:38.016+0000] {dag.py:3239} INFO - Sync 1 DAGs
[2025-02-06T15:21:38.027+0000] {logging_mixin.py:190} INFO - [2025-02-06T15:21:38.027+0000] {dag.py:4180} INFO - Setting next_dagrun for example_dynamic_task_mapping to None, run_after=None
[2025-02-06T15:21:38.041+0000] {processor.py:208} INFO - Processing /home/airflow/.local/lib/python3.12/site-packages/airflow/example_dags/example_dynamic_task_mapping.py took 0.050 seconds
[2025-02-06T15:22:08.917+0000] {processor.py:186} INFO - Started process (PID=2188) to work on /home/airflow/.local/lib/python3.12/site-packages/airflow/example_dags/example_dynamic_task_mapping.py
[2025-02-06T15:22:08.917+0000] {processor.py:914} INFO - Processing file /home/airflow/.local/lib/python3.12/site-packages/airflow/example_dags/example_dynamic_task_mapping.py for tasks to queue
[2025-02-06T15:22:08.919+0000] {logging_mixin.py:190} INFO - [2025-02-06T15:22:08.919+0000] {dagbag.py:588} INFO - Filling up the DagBag from /home/airflow/.local/lib/python3.12/site-packages/airflow/example_dags/example_dynamic_task_mapping.py
[2025-02-06T15:22:08.924+0000] {processor.py:925} INFO - DAG(s) 'example_dynamic_task_mapping' retrieved from /home/airflow/.local/lib/python3.12/site-packages/airflow/example_dags/example_dynamic_task_mapping.py
[2025-02-06T15:22:08.939+0000] {logging_mixin.py:190} INFO - [2025-02-06T15:22:08.939+0000] {dag.py:3239} INFO - Sync 1 DAGs
[2025-02-06T15:22:08.950+0000] {logging_mixin.py:190} INFO - [2025-02-06T15:22:08.949+0000] {dag.py:4180} INFO - Setting next_dagrun for example_dynamic_task_mapping to None, run_after=None
[2025-02-06T15:22:08.962+0000] {processor.py:208} INFO - Processing /home/airflow/.local/lib/python3.12/site-packages/airflow/example_dags/example_dynamic_task_mapping.py took 0.048 seconds
[2025-02-06T15:22:39.863+0000] {processor.py:186} INFO - Started process (PID=2494) to work on /home/airflow/.local/lib/python3.12/site-packages/airflow/example_dags/example_dynamic_task_mapping.py
[2025-02-06T15:22:39.864+0000] {processor.py:914} INFO - Processing file /home/airflow/.local/lib/python3.12/site-packages/airflow/example_dags/example_dynamic_task_mapping.py for tasks to queue
[2025-02-06T15:22:39.866+0000] {logging_mixin.py:190} INFO - [2025-02-06T15:22:39.866+0000] {dagbag.py:588} INFO - Filling up the DagBag from /home/airflow/.local/lib/python3.12/site-packages/airflow/example_dags/example_dynamic_task_mapping.py
[2025-02-06T15:22:39.872+0000] {processor.py:925} INFO - DAG(s) 'example_dynamic_task_mapping' retrieved from /home/airflow/.local/lib/python3.12/site-packages/airflow/example_dags/example_dynamic_task_mapping.py
[2025-02-06T15:22:39.887+0000] {logging_mixin.py:190} INFO - [2025-02-06T15:22:39.887+0000] {dag.py:3239} INFO - Sync 1 DAGs
[2025-02-06T15:22:39.898+0000] {logging_mixin.py:190} INFO - [2025-02-06T15:22:39.897+0000] {dag.py:4180} INFO - Setting next_dagrun for example_dynamic_task_mapping to None, run_after=None
[2025-02-06T15:22:39.911+0000] {processor.py:208} INFO - Processing /home/airflow/.local/lib/python3.12/site-packages/airflow/example_dags/example_dynamic_task_mapping.py took 0.051 seconds
[2025-02-06T15:23:10.767+0000] {processor.py:186} INFO - Started process (PID=2800) to work on /home/airflow/.local/lib/python3.12/site-packages/airflow/example_dags/example_dynamic_task_mapping.py
[2025-02-06T15:23:10.768+0000] {processor.py:914} INFO - Processing file /home/airflow/.local/lib/python3.12/site-packages/airflow/example_dags/example_dynamic_task_mapping.py for tasks to queue
[2025-02-06T15:23:10.769+0000] {logging_mixin.py:190} INFO - [2025-02-06T15:23:10.769+0000] {dagbag.py:588} INFO - Filling up the DagBag from /home/airflow/.local/lib/python3.12/site-packages/airflow/example_dags/example_dynamic_task_mapping.py
[2025-02-06T15:23:10.774+0000] {processor.py:925} INFO - DAG(s) 'example_dynamic_task_mapping' retrieved from /home/airflow/.local/lib/python3.12/site-packages/airflow/example_dags/example_dynamic_task_mapping.py
[2025-02-06T15:23:10.788+0000] {logging_mixin.py:190} INFO - [2025-02-06T15:23:10.788+0000] {dag.py:3239} INFO - Sync 1 DAGs
[2025-02-06T15:23:10.800+0000] {logging_mixin.py:190} INFO - [2025-02-06T15:23:10.800+0000] {dag.py:4180} INFO - Setting next_dagrun for example_dynamic_task_mapping to None, run_after=None
[2025-02-06T15:23:10.815+0000] {processor.py:208} INFO - Processing /home/airflow/.local/lib/python3.12/site-packages/airflow/example_dags/example_dynamic_task_mapping.py took 0.052 seconds
[2025-02-06T15:23:41.994+0000] {processor.py:186} INFO - Started process (PID=3104) to work on /home/airflow/.local/lib/python3.12/site-packages/airflow/example_dags/example_dynamic_task_mapping.py
[2025-02-06T15:23:41.995+0000] {processor.py:914} INFO - Processing file /home/airflow/.local/lib/python3.12/site-packages/airflow/example_dags/example_dynamic_task_mapping.py for tasks to queue
[2025-02-06T15:23:41.997+0000] {logging_mixin.py:190} INFO - [2025-02-06T15:23:41.996+0000] {dagbag.py:588} INFO - Filling up the DagBag from /home/airflow/.local/lib/python3.12/site-packages/airflow/example_dags/example_dynamic_task_mapping.py
[2025-02-06T15:23:42.002+0000] {processor.py:925} INFO - DAG(s) 'example_dynamic_task_mapping' retrieved from /home/airflow/.local/lib/python3.12/site-packages/airflow/example_dags/example_dynamic_task_mapping.py
[2025-02-06T15:23:42.017+0000] {logging_mixin.py:190} INFO - [2025-02-06T15:23:42.016+0000] {dag.py:3239} INFO - Sync 1 DAGs
[2025-02-06T15:23:42.027+0000] {logging_mixin.py:190} INFO - [2025-02-06T15:23:42.027+0000] {dag.py:4180} INFO - Setting next_dagrun for example_dynamic_task_mapping to None, run_after=None
[2025-02-06T15:23:42.040+0000] {processor.py:208} INFO - Processing /home/airflow/.local/lib/python3.12/site-packages/airflow/example_dags/example_dynamic_task_mapping.py took 0.050 seconds
[2025-02-06T15:24:12.202+0000] {processor.py:186} INFO - Started process (PID=3410) to work on /home/airflow/.local/lib/python3.12/site-packages/airflow/example_dags/example_dynamic_task_mapping.py
[2025-02-06T15:24:12.203+0000] {processor.py:914} INFO - Processing file /home/airflow/.local/lib/python3.12/site-packages/airflow/example_dags/example_dynamic_task_mapping.py for tasks to queue
[2025-02-06T15:24:12.204+0000] {logging_mixin.py:190} INFO - [2025-02-06T15:24:12.204+0000] {dagbag.py:588} INFO - Filling up the DagBag from /home/airflow/.local/lib/python3.12/site-packages/airflow/example_dags/example_dynamic_task_mapping.py
[2025-02-06T15:24:12.211+0000] {processor.py:925} INFO - DAG(s) 'example_dynamic_task_mapping' retrieved from /home/airflow/.local/lib/python3.12/site-packages/airflow/example_dags/example_dynamic_task_mapping.py
[2025-02-06T15:24:12.227+0000] {logging_mixin.py:190} INFO - [2025-02-06T15:24:12.227+0000] {dag.py:3239} INFO - Sync 1 DAGs
[2025-02-06T15:24:12.240+0000] {logging_mixin.py:190} INFO - [2025-02-06T15:24:12.240+0000] {dag.py:4180} INFO - Setting next_dagrun for example_dynamic_task_mapping to None, run_after=None
[2025-02-06T15:24:12.254+0000] {processor.py:208} INFO - Processing /home/airflow/.local/lib/python3.12/site-packages/airflow/example_dags/example_dynamic_task_mapping.py took 0.057 seconds
[2025-02-06T16:07:26.579+0000] {processor.py:157} INFO - Started process (PID=334) to work on /home/airflow/.local/lib/python3.8/site-packages/airflow/example_dags/example_dynamic_task_mapping.py
[2025-02-06T16:07:26.580+0000] {processor.py:829} INFO - Processing file /home/airflow/.local/lib/python3.8/site-packages/airflow/example_dags/example_dynamic_task_mapping.py for tasks to queue
[2025-02-06T16:07:26.581+0000] {logging_mixin.py:151} INFO - [2025-02-06T16:07:26.580+0000] {dagbag.py:539} INFO - Filling up the DagBag from /home/airflow/.local/lib/python3.8/site-packages/airflow/example_dags/example_dynamic_task_mapping.py
[2025-02-06T16:07:26.586+0000] {processor.py:839} INFO - DAG(s) dict_keys(['example_dynamic_task_mapping']) retrieved from /home/airflow/.local/lib/python3.8/site-packages/airflow/example_dags/example_dynamic_task_mapping.py
[2025-02-06T16:07:26.596+0000] {logging_mixin.py:151} INFO - [2025-02-06T16:07:26.596+0000] {dag.py:2915} INFO - Sync 1 DAGs
[2025-02-06T16:07:26.735+0000] {logging_mixin.py:151} INFO - [2025-02-06T16:07:26.735+0000] {dag.py:2937} INFO - Creating ORM DAG for example_dynamic_task_mapping
[2025-02-06T16:07:26.745+0000] {logging_mixin.py:151} INFO - [2025-02-06T16:07:26.744+0000] {dag.py:3696} INFO - Setting next_dagrun for example_dynamic_task_mapping to 2022-03-04T00:00:00+00:00, run_after=2022-03-05T00:00:00+00:00
[2025-02-06T16:07:26.760+0000] {processor.py:179} INFO - Processing /home/airflow/.local/lib/python3.8/site-packages/airflow/example_dags/example_dynamic_task_mapping.py took 0.183 seconds
[2025-02-06T16:07:59.098+0000] {processor.py:157} INFO - Started process (PID=599) to work on /home/airflow/.local/lib/python3.8/site-packages/airflow/example_dags/example_dynamic_task_mapping.py
[2025-02-06T16:07:59.099+0000] {processor.py:829} INFO - Processing file /home/airflow/.local/lib/python3.8/site-packages/airflow/example_dags/example_dynamic_task_mapping.py for tasks to queue
[2025-02-06T16:07:59.100+0000] {logging_mixin.py:151} INFO - [2025-02-06T16:07:59.100+0000] {dagbag.py:539} INFO - Filling up the DagBag from /home/airflow/.local/lib/python3.8/site-packages/airflow/example_dags/example_dynamic_task_mapping.py
[2025-02-06T16:07:59.107+0000] {processor.py:839} INFO - DAG(s) dict_keys(['example_dynamic_task_mapping']) retrieved from /home/airflow/.local/lib/python3.8/site-packages/airflow/example_dags/example_dynamic_task_mapping.py
[2025-02-06T16:07:59.119+0000] {logging_mixin.py:151} INFO - [2025-02-06T16:07:59.119+0000] {dag.py:2915} INFO - Sync 1 DAGs
[2025-02-06T16:07:59.141+0000] {logging_mixin.py:151} INFO - [2025-02-06T16:07:59.141+0000] {dag.py:3696} INFO - Setting next_dagrun for example_dynamic_task_mapping to 2022-03-04T00:00:00+00:00, run_after=2022-03-05T00:00:00+00:00
[2025-02-06T16:07:59.157+0000] {processor.py:179} INFO - Processing /home/airflow/.local/lib/python3.8/site-packages/airflow/example_dags/example_dynamic_task_mapping.py took 0.062 seconds
[2025-02-06T16:08:31.573+0000] {processor.py:157} INFO - Started process (PID=866) to work on /home/airflow/.local/lib/python3.8/site-packages/airflow/example_dags/example_dynamic_task_mapping.py
[2025-02-06T16:08:31.574+0000] {processor.py:829} INFO - Processing file /home/airflow/.local/lib/python3.8/site-packages/airflow/example_dags/example_dynamic_task_mapping.py for tasks to queue
[2025-02-06T16:08:31.575+0000] {logging_mixin.py:151} INFO - [2025-02-06T16:08:31.575+0000] {dagbag.py:539} INFO - Filling up the DagBag from /home/airflow/.local/lib/python3.8/site-packages/airflow/example_dags/example_dynamic_task_mapping.py
[2025-02-06T16:08:31.580+0000] {processor.py:839} INFO - DAG(s) dict_keys(['example_dynamic_task_mapping']) retrieved from /home/airflow/.local/lib/python3.8/site-packages/airflow/example_dags/example_dynamic_task_mapping.py
[2025-02-06T16:08:31.596+0000] {logging_mixin.py:151} INFO - [2025-02-06T16:08:31.596+0000] {dag.py:2915} INFO - Sync 1 DAGs
[2025-02-06T16:08:31.616+0000] {logging_mixin.py:151} INFO - [2025-02-06T16:08:31.616+0000] {dag.py:3696} INFO - Setting next_dagrun for example_dynamic_task_mapping to 2022-03-04T00:00:00+00:00, run_after=2022-03-05T00:00:00+00:00
[2025-02-06T16:08:31.635+0000] {processor.py:179} INFO - Processing /home/airflow/.local/lib/python3.8/site-packages/airflow/example_dags/example_dynamic_task_mapping.py took 0.064 seconds
[2025-02-06T16:09:04.204+0000] {processor.py:157} INFO - Started process (PID=1127) to work on /home/airflow/.local/lib/python3.8/site-packages/airflow/example_dags/example_dynamic_task_mapping.py
[2025-02-06T16:09:04.205+0000] {processor.py:829} INFO - Processing file /home/airflow/.local/lib/python3.8/site-packages/airflow/example_dags/example_dynamic_task_mapping.py for tasks to queue
[2025-02-06T16:09:04.205+0000] {logging_mixin.py:151} INFO - [2025-02-06T16:09:04.205+0000] {dagbag.py:539} INFO - Filling up the DagBag from /home/airflow/.local/lib/python3.8/site-packages/airflow/example_dags/example_dynamic_task_mapping.py
[2025-02-06T16:09:04.210+0000] {processor.py:839} INFO - DAG(s) dict_keys(['example_dynamic_task_mapping']) retrieved from /home/airflow/.local/lib/python3.8/site-packages/airflow/example_dags/example_dynamic_task_mapping.py
[2025-02-06T16:09:04.224+0000] {logging_mixin.py:151} INFO - [2025-02-06T16:09:04.224+0000] {dag.py:2915} INFO - Sync 1 DAGs
[2025-02-06T16:09:04.242+0000] {logging_mixin.py:151} INFO - [2025-02-06T16:09:04.242+0000] {dag.py:3696} INFO - Setting next_dagrun for example_dynamic_task_mapping to 2022-03-04T00:00:00+00:00, run_after=2022-03-05T00:00:00+00:00
[2025-02-06T16:09:04.257+0000] {processor.py:179} INFO - Processing /home/airflow/.local/lib/python3.8/site-packages/airflow/example_dags/example_dynamic_task_mapping.py took 0.055 seconds
[2025-02-06T16:09:37.844+0000] {processor.py:157} INFO - Started process (PID=1390) to work on /home/airflow/.local/lib/python3.8/site-packages/airflow/example_dags/example_dynamic_task_mapping.py
[2025-02-06T16:09:37.845+0000] {processor.py:829} INFO - Processing file /home/airflow/.local/lib/python3.8/site-packages/airflow/example_dags/example_dynamic_task_mapping.py for tasks to queue
[2025-02-06T16:09:37.846+0000] {logging_mixin.py:151} INFO - [2025-02-06T16:09:37.845+0000] {dagbag.py:539} INFO - Filling up the DagBag from /home/airflow/.local/lib/python3.8/site-packages/airflow/example_dags/example_dynamic_task_mapping.py
[2025-02-06T16:09:37.853+0000] {processor.py:839} INFO - DAG(s) dict_keys(['example_dynamic_task_mapping']) retrieved from /home/airflow/.local/lib/python3.8/site-packages/airflow/example_dags/example_dynamic_task_mapping.py
[2025-02-06T16:09:37.872+0000] {logging_mixin.py:151} INFO - [2025-02-06T16:09:37.872+0000] {dag.py:2915} INFO - Sync 1 DAGs
[2025-02-06T16:09:37.891+0000] {logging_mixin.py:151} INFO - [2025-02-06T16:09:37.891+0000] {dag.py:3696} INFO - Setting next_dagrun for example_dynamic_task_mapping to 2022-03-04T00:00:00+00:00, run_after=2022-03-05T00:00:00+00:00
[2025-02-06T16:09:37.907+0000] {processor.py:179} INFO - Processing /home/airflow/.local/lib/python3.8/site-packages/airflow/example_dags/example_dynamic_task_mapping.py took 0.066 seconds
[2025-02-06T16:10:10.186+0000] {processor.py:157} INFO - Started process (PID=1649) to work on /home/airflow/.local/lib/python3.8/site-packages/airflow/example_dags/example_dynamic_task_mapping.py
[2025-02-06T16:10:10.187+0000] {processor.py:829} INFO - Processing file /home/airflow/.local/lib/python3.8/site-packages/airflow/example_dags/example_dynamic_task_mapping.py for tasks to queue
[2025-02-06T16:10:10.188+0000] {logging_mixin.py:151} INFO - [2025-02-06T16:10:10.188+0000] {dagbag.py:539} INFO - Filling up the DagBag from /home/airflow/.local/lib/python3.8/site-packages/airflow/example_dags/example_dynamic_task_mapping.py
[2025-02-06T16:10:10.194+0000] {processor.py:839} INFO - DAG(s) dict_keys(['example_dynamic_task_mapping']) retrieved from /home/airflow/.local/lib/python3.8/site-packages/airflow/example_dags/example_dynamic_task_mapping.py
[2025-02-06T16:10:10.211+0000] {logging_mixin.py:151} INFO - [2025-02-06T16:10:10.211+0000] {dag.py:2915} INFO - Sync 1 DAGs
[2025-02-06T16:10:10.233+0000] {logging_mixin.py:151} INFO - [2025-02-06T16:10:10.232+0000] {dag.py:3696} INFO - Setting next_dagrun for example_dynamic_task_mapping to 2022-03-04T00:00:00+00:00, run_after=2022-03-05T00:00:00+00:00
[2025-02-06T16:10:10.251+0000] {processor.py:179} INFO - Processing /home/airflow/.local/lib/python3.8/site-packages/airflow/example_dags/example_dynamic_task_mapping.py took 0.067 seconds
[2025-02-06T16:10:42.969+0000] {processor.py:157} INFO - Started process (PID=1910) to work on /home/airflow/.local/lib/python3.8/site-packages/airflow/example_dags/example_dynamic_task_mapping.py
[2025-02-06T16:10:42.971+0000] {processor.py:829} INFO - Processing file /home/airflow/.local/lib/python3.8/site-packages/airflow/example_dags/example_dynamic_task_mapping.py for tasks to queue
[2025-02-06T16:10:42.972+0000] {logging_mixin.py:151} INFO - [2025-02-06T16:10:42.971+0000] {dagbag.py:539} INFO - Filling up the DagBag from /home/airflow/.local/lib/python3.8/site-packages/airflow/example_dags/example_dynamic_task_mapping.py
[2025-02-06T16:10:42.977+0000] {processor.py:839} INFO - DAG(s) dict_keys(['example_dynamic_task_mapping']) retrieved from /home/airflow/.local/lib/python3.8/site-packages/airflow/example_dags/example_dynamic_task_mapping.py
[2025-02-06T16:10:42.994+0000] {logging_mixin.py:151} INFO - [2025-02-06T16:10:42.994+0000] {dag.py:2915} INFO - Sync 1 DAGs
[2025-02-06T16:10:43.013+0000] {logging_mixin.py:151} INFO - [2025-02-06T16:10:43.013+0000] {dag.py:3696} INFO - Setting next_dagrun for example_dynamic_task_mapping to 2022-03-04T00:00:00+00:00, run_after=2022-03-05T00:00:00+00:00
[2025-02-06T16:10:43.029+0000] {processor.py:179} INFO - Processing /home/airflow/.local/lib/python3.8/site-packages/airflow/example_dags/example_dynamic_task_mapping.py took 0.063 seconds
[2025-02-06T16:11:15.596+0000] {processor.py:157} INFO - Started process (PID=2171) to work on /home/airflow/.local/lib/python3.8/site-packages/airflow/example_dags/example_dynamic_task_mapping.py
[2025-02-06T16:11:15.597+0000] {processor.py:829} INFO - Processing file /home/airflow/.local/lib/python3.8/site-packages/airflow/example_dags/example_dynamic_task_mapping.py for tasks to queue
[2025-02-06T16:11:15.598+0000] {logging_mixin.py:151} INFO - [2025-02-06T16:11:15.598+0000] {dagbag.py:539} INFO - Filling up the DagBag from /home/airflow/.local/lib/python3.8/site-packages/airflow/example_dags/example_dynamic_task_mapping.py
[2025-02-06T16:11:15.607+0000] {processor.py:839} INFO - DAG(s) dict_keys(['example_dynamic_task_mapping']) retrieved from /home/airflow/.local/lib/python3.8/site-packages/airflow/example_dags/example_dynamic_task_mapping.py
[2025-02-06T16:11:15.630+0000] {logging_mixin.py:151} INFO - [2025-02-06T16:11:15.629+0000] {dag.py:2915} INFO - Sync 1 DAGs
[2025-02-06T16:11:15.654+0000] {logging_mixin.py:151} INFO - [2025-02-06T16:11:15.654+0000] {dag.py:3696} INFO - Setting next_dagrun for example_dynamic_task_mapping to 2022-03-04T00:00:00+00:00, run_after=2022-03-05T00:00:00+00:00
[2025-02-06T16:11:15.675+0000] {processor.py:179} INFO - Processing /home/airflow/.local/lib/python3.8/site-packages/airflow/example_dags/example_dynamic_task_mapping.py took 0.083 seconds
[2025-02-06T16:11:48.486+0000] {processor.py:157} INFO - Started process (PID=2432) to work on /home/airflow/.local/lib/python3.8/site-packages/airflow/example_dags/example_dynamic_task_mapping.py
[2025-02-06T16:11:48.487+0000] {processor.py:829} INFO - Processing file /home/airflow/.local/lib/python3.8/site-packages/airflow/example_dags/example_dynamic_task_mapping.py for tasks to queue
[2025-02-06T16:11:48.488+0000] {logging_mixin.py:151} INFO - [2025-02-06T16:11:48.488+0000] {dagbag.py:539} INFO - Filling up the DagBag from /home/airflow/.local/lib/python3.8/site-packages/airflow/example_dags/example_dynamic_task_mapping.py
[2025-02-06T16:11:48.495+0000] {processor.py:839} INFO - DAG(s) dict_keys(['example_dynamic_task_mapping']) retrieved from /home/airflow/.local/lib/python3.8/site-packages/airflow/example_dags/example_dynamic_task_mapping.py
[2025-02-06T16:11:48.514+0000] {logging_mixin.py:151} INFO - [2025-02-06T16:11:48.513+0000] {dag.py:2915} INFO - Sync 1 DAGs
[2025-02-06T16:11:48.534+0000] {logging_mixin.py:151} INFO - [2025-02-06T16:11:48.533+0000] {dag.py:3696} INFO - Setting next_dagrun for example_dynamic_task_mapping to 2022-03-04T00:00:00+00:00, run_after=2022-03-05T00:00:00+00:00
[2025-02-06T16:11:48.551+0000] {processor.py:179} INFO - Processing /home/airflow/.local/lib/python3.8/site-packages/airflow/example_dags/example_dynamic_task_mapping.py took 0.069 seconds
[2025-02-06T16:12:21.941+0000] {processor.py:157} INFO - Started process (PID=2693) to work on /home/airflow/.local/lib/python3.8/site-packages/airflow/example_dags/example_dynamic_task_mapping.py
[2025-02-06T16:12:21.943+0000] {processor.py:829} INFO - Processing file /home/airflow/.local/lib/python3.8/site-packages/airflow/example_dags/example_dynamic_task_mapping.py for tasks to queue
[2025-02-06T16:12:21.943+0000] {logging_mixin.py:151} INFO - [2025-02-06T16:12:21.943+0000] {dagbag.py:539} INFO - Filling up the DagBag from /home/airflow/.local/lib/python3.8/site-packages/airflow/example_dags/example_dynamic_task_mapping.py
[2025-02-06T16:12:21.949+0000] {processor.py:839} INFO - DAG(s) dict_keys(['example_dynamic_task_mapping']) retrieved from /home/airflow/.local/lib/python3.8/site-packages/airflow/example_dags/example_dynamic_task_mapping.py
[2025-02-06T16:12:21.967+0000] {logging_mixin.py:151} INFO - [2025-02-06T16:12:21.966+0000] {dag.py:2915} INFO - Sync 1 DAGs
[2025-02-06T16:12:21.984+0000] {logging_mixin.py:151} INFO - [2025-02-06T16:12:21.984+0000] {dag.py:3696} INFO - Setting next_dagrun for example_dynamic_task_mapping to 2022-03-04T00:00:00+00:00, run_after=2022-03-05T00:00:00+00:00
[2025-02-06T16:12:22.001+0000] {processor.py:179} INFO - Processing /home/airflow/.local/lib/python3.8/site-packages/airflow/example_dags/example_dynamic_task_mapping.py took 0.062 seconds
[2025-02-06T16:12:54.067+0000] {processor.py:157} INFO - Started process (PID=2959) to work on /home/airflow/.local/lib/python3.8/site-packages/airflow/example_dags/example_dynamic_task_mapping.py
[2025-02-06T16:12:54.069+0000] {processor.py:829} INFO - Processing file /home/airflow/.local/lib/python3.8/site-packages/airflow/example_dags/example_dynamic_task_mapping.py for tasks to queue
[2025-02-06T16:12:54.069+0000] {logging_mixin.py:151} INFO - [2025-02-06T16:12:54.069+0000] {dagbag.py:539} INFO - Filling up the DagBag from /home/airflow/.local/lib/python3.8/site-packages/airflow/example_dags/example_dynamic_task_mapping.py
[2025-02-06T16:12:54.078+0000] {processor.py:839} INFO - DAG(s) dict_keys(['example_dynamic_task_mapping']) retrieved from /home/airflow/.local/lib/python3.8/site-packages/airflow/example_dags/example_dynamic_task_mapping.py
[2025-02-06T16:12:54.095+0000] {logging_mixin.py:151} INFO - [2025-02-06T16:12:54.095+0000] {dag.py:2915} INFO - Sync 1 DAGs
[2025-02-06T16:12:54.114+0000] {logging_mixin.py:151} INFO - [2025-02-06T16:12:54.113+0000] {dag.py:3696} INFO - Setting next_dagrun for example_dynamic_task_mapping to 2022-03-04T00:00:00+00:00, run_after=2022-03-05T00:00:00+00:00
[2025-02-06T16:12:54.129+0000] {processor.py:179} INFO - Processing /home/airflow/.local/lib/python3.8/site-packages/airflow/example_dags/example_dynamic_task_mapping.py took 0.064 seconds
[2025-02-06T16:13:26.744+0000] {processor.py:157} INFO - Started process (PID=3220) to work on /home/airflow/.local/lib/python3.8/site-packages/airflow/example_dags/example_dynamic_task_mapping.py
[2025-02-06T16:13:26.745+0000] {processor.py:829} INFO - Processing file /home/airflow/.local/lib/python3.8/site-packages/airflow/example_dags/example_dynamic_task_mapping.py for tasks to queue
[2025-02-06T16:13:26.746+0000] {logging_mixin.py:151} INFO - [2025-02-06T16:13:26.745+0000] {dagbag.py:539} INFO - Filling up the DagBag from /home/airflow/.local/lib/python3.8/site-packages/airflow/example_dags/example_dynamic_task_mapping.py
[2025-02-06T16:13:26.751+0000] {processor.py:839} INFO - DAG(s) dict_keys(['example_dynamic_task_mapping']) retrieved from /home/airflow/.local/lib/python3.8/site-packages/airflow/example_dags/example_dynamic_task_mapping.py
[2025-02-06T16:13:26.768+0000] {logging_mixin.py:151} INFO - [2025-02-06T16:13:26.768+0000] {dag.py:2915} INFO - Sync 1 DAGs
[2025-02-06T16:13:26.785+0000] {logging_mixin.py:151} INFO - [2025-02-06T16:13:26.785+0000] {dag.py:3696} INFO - Setting next_dagrun for example_dynamic_task_mapping to 2022-03-04T00:00:00+00:00, run_after=2022-03-05T00:00:00+00:00
[2025-02-06T16:13:26.800+0000] {processor.py:179} INFO - Processing /home/airflow/.local/lib/python3.8/site-packages/airflow/example_dags/example_dynamic_task_mapping.py took 0.059 seconds
[2025-02-06T16:13:59.849+0000] {processor.py:157} INFO - Started process (PID=3481) to work on /home/airflow/.local/lib/python3.8/site-packages/airflow/example_dags/example_dynamic_task_mapping.py
[2025-02-06T16:13:59.850+0000] {processor.py:829} INFO - Processing file /home/airflow/.local/lib/python3.8/site-packages/airflow/example_dags/example_dynamic_task_mapping.py for tasks to queue
[2025-02-06T16:13:59.851+0000] {logging_mixin.py:151} INFO - [2025-02-06T16:13:59.851+0000] {dagbag.py:539} INFO - Filling up the DagBag from /home/airflow/.local/lib/python3.8/site-packages/airflow/example_dags/example_dynamic_task_mapping.py
[2025-02-06T16:13:59.858+0000] {processor.py:839} INFO - DAG(s) dict_keys(['example_dynamic_task_mapping']) retrieved from /home/airflow/.local/lib/python3.8/site-packages/airflow/example_dags/example_dynamic_task_mapping.py
[2025-02-06T16:13:59.876+0000] {logging_mixin.py:151} INFO - [2025-02-06T16:13:59.876+0000] {dag.py:2915} INFO - Sync 1 DAGs
[2025-02-06T16:13:59.896+0000] {logging_mixin.py:151} INFO - [2025-02-06T16:13:59.896+0000] {dag.py:3696} INFO - Setting next_dagrun for example_dynamic_task_mapping to 2022-03-04T00:00:00+00:00, run_after=2022-03-05T00:00:00+00:00
[2025-02-06T16:13:59.914+0000] {processor.py:179} INFO - Processing /home/airflow/.local/lib/python3.8/site-packages/airflow/example_dags/example_dynamic_task_mapping.py took 0.067 seconds
[2025-02-06T16:14:32.224+0000] {processor.py:157} INFO - Started process (PID=3742) to work on /home/airflow/.local/lib/python3.8/site-packages/airflow/example_dags/example_dynamic_task_mapping.py
[2025-02-06T16:14:32.225+0000] {processor.py:829} INFO - Processing file /home/airflow/.local/lib/python3.8/site-packages/airflow/example_dags/example_dynamic_task_mapping.py for tasks to queue
[2025-02-06T16:14:32.226+0000] {logging_mixin.py:151} INFO - [2025-02-06T16:14:32.226+0000] {dagbag.py:539} INFO - Filling up the DagBag from /home/airflow/.local/lib/python3.8/site-packages/airflow/example_dags/example_dynamic_task_mapping.py
[2025-02-06T16:14:32.232+0000] {processor.py:839} INFO - DAG(s) dict_keys(['example_dynamic_task_mapping']) retrieved from /home/airflow/.local/lib/python3.8/site-packages/airflow/example_dags/example_dynamic_task_mapping.py
[2025-02-06T16:14:32.249+0000] {logging_mixin.py:151} INFO - [2025-02-06T16:14:32.249+0000] {dag.py:2915} INFO - Sync 1 DAGs
[2025-02-06T16:14:32.268+0000] {logging_mixin.py:151} INFO - [2025-02-06T16:14:32.268+0000] {dag.py:3696} INFO - Setting next_dagrun for example_dynamic_task_mapping to 2022-03-04T00:00:00+00:00, run_after=2022-03-05T00:00:00+00:00
[2025-02-06T16:14:32.284+0000] {processor.py:179} INFO - Processing /home/airflow/.local/lib/python3.8/site-packages/airflow/example_dags/example_dynamic_task_mapping.py took 0.062 seconds
[2025-02-06T16:15:05.862+0000] {processor.py:157} INFO - Started process (PID=4020) to work on /home/airflow/.local/lib/python3.8/site-packages/airflow/example_dags/example_dynamic_task_mapping.py
[2025-02-06T16:15:05.863+0000] {processor.py:829} INFO - Processing file /home/airflow/.local/lib/python3.8/site-packages/airflow/example_dags/example_dynamic_task_mapping.py for tasks to queue
[2025-02-06T16:15:05.864+0000] {logging_mixin.py:151} INFO - [2025-02-06T16:15:05.864+0000] {dagbag.py:539} INFO - Filling up the DagBag from /home/airflow/.local/lib/python3.8/site-packages/airflow/example_dags/example_dynamic_task_mapping.py
[2025-02-06T16:15:05.870+0000] {processor.py:839} INFO - DAG(s) dict_keys(['example_dynamic_task_mapping']) retrieved from /home/airflow/.local/lib/python3.8/site-packages/airflow/example_dags/example_dynamic_task_mapping.py
[2025-02-06T16:15:05.885+0000] {logging_mixin.py:151} INFO - [2025-02-06T16:15:05.885+0000] {dag.py:2915} INFO - Sync 1 DAGs
[2025-02-06T16:15:05.903+0000] {logging_mixin.py:151} INFO - [2025-02-06T16:15:05.903+0000] {dag.py:3696} INFO - Setting next_dagrun for example_dynamic_task_mapping to 2022-03-04T00:00:00+00:00, run_after=2022-03-05T00:00:00+00:00
[2025-02-06T16:15:05.916+0000] {processor.py:179} INFO - Processing /home/airflow/.local/lib/python3.8/site-packages/airflow/example_dags/example_dynamic_task_mapping.py took 0.057 seconds
[2025-02-06T16:15:38.513+0000] {processor.py:157} INFO - Started process (PID=4281) to work on /home/airflow/.local/lib/python3.8/site-packages/airflow/example_dags/example_dynamic_task_mapping.py
[2025-02-06T16:15:38.514+0000] {processor.py:829} INFO - Processing file /home/airflow/.local/lib/python3.8/site-packages/airflow/example_dags/example_dynamic_task_mapping.py for tasks to queue
[2025-02-06T16:15:38.515+0000] {logging_mixin.py:151} INFO - [2025-02-06T16:15:38.515+0000] {dagbag.py:539} INFO - Filling up the DagBag from /home/airflow/.local/lib/python3.8/site-packages/airflow/example_dags/example_dynamic_task_mapping.py
[2025-02-06T16:15:38.521+0000] {processor.py:839} INFO - DAG(s) dict_keys(['example_dynamic_task_mapping']) retrieved from /home/airflow/.local/lib/python3.8/site-packages/airflow/example_dags/example_dynamic_task_mapping.py
[2025-02-06T16:15:38.538+0000] {logging_mixin.py:151} INFO - [2025-02-06T16:15:38.537+0000] {dag.py:2915} INFO - Sync 1 DAGs
[2025-02-06T16:15:38.554+0000] {logging_mixin.py:151} INFO - [2025-02-06T16:15:38.554+0000] {dag.py:3696} INFO - Setting next_dagrun for example_dynamic_task_mapping to 2022-03-04T00:00:00+00:00, run_after=2022-03-05T00:00:00+00:00
[2025-02-06T16:15:38.567+0000] {processor.py:179} INFO - Processing /home/airflow/.local/lib/python3.8/site-packages/airflow/example_dags/example_dynamic_task_mapping.py took 0.056 seconds
[2025-02-06T16:16:11.228+0000] {processor.py:157} INFO - Started process (PID=4547) to work on /home/airflow/.local/lib/python3.8/site-packages/airflow/example_dags/example_dynamic_task_mapping.py
[2025-02-06T16:16:11.229+0000] {processor.py:829} INFO - Processing file /home/airflow/.local/lib/python3.8/site-packages/airflow/example_dags/example_dynamic_task_mapping.py for tasks to queue
[2025-02-06T16:16:11.230+0000] {logging_mixin.py:151} INFO - [2025-02-06T16:16:11.230+0000] {dagbag.py:539} INFO - Filling up the DagBag from /home/airflow/.local/lib/python3.8/site-packages/airflow/example_dags/example_dynamic_task_mapping.py
[2025-02-06T16:16:11.237+0000] {processor.py:839} INFO - DAG(s) dict_keys(['example_dynamic_task_mapping']) retrieved from /home/airflow/.local/lib/python3.8/site-packages/airflow/example_dags/example_dynamic_task_mapping.py
[2025-02-06T16:16:11.260+0000] {logging_mixin.py:151} INFO - [2025-02-06T16:16:11.260+0000] {dag.py:2915} INFO - Sync 1 DAGs
[2025-02-06T16:16:11.287+0000] {logging_mixin.py:151} INFO - [2025-02-06T16:16:11.286+0000] {dag.py:3696} INFO - Setting next_dagrun for example_dynamic_task_mapping to 2022-03-04T00:00:00+00:00, run_after=2022-03-05T00:00:00+00:00
[2025-02-06T16:16:11.304+0000] {processor.py:179} INFO - Processing /home/airflow/.local/lib/python3.8/site-packages/airflow/example_dags/example_dynamic_task_mapping.py took 0.079 seconds
[2025-02-06T16:16:45.113+0000] {processor.py:157} INFO - Started process (PID=4859) to work on /home/airflow/.local/lib/python3.8/site-packages/airflow/example_dags/example_dynamic_task_mapping.py
[2025-02-06T16:16:45.115+0000] {processor.py:829} INFO - Processing file /home/airflow/.local/lib/python3.8/site-packages/airflow/example_dags/example_dynamic_task_mapping.py for tasks to queue
[2025-02-06T16:16:45.115+0000] {logging_mixin.py:151} INFO - [2025-02-06T16:16:45.115+0000] {dagbag.py:539} INFO - Filling up the DagBag from /home/airflow/.local/lib/python3.8/site-packages/airflow/example_dags/example_dynamic_task_mapping.py
[2025-02-06T16:16:45.121+0000] {processor.py:839} INFO - DAG(s) dict_keys(['example_dynamic_task_mapping']) retrieved from /home/airflow/.local/lib/python3.8/site-packages/airflow/example_dags/example_dynamic_task_mapping.py
[2025-02-06T16:16:45.136+0000] {logging_mixin.py:151} INFO - [2025-02-06T16:16:45.136+0000] {dag.py:2915} INFO - Sync 1 DAGs
[2025-02-06T16:16:45.154+0000] {logging_mixin.py:151} INFO - [2025-02-06T16:16:45.153+0000] {dag.py:3696} INFO - Setting next_dagrun for example_dynamic_task_mapping to 2022-03-04T00:00:00+00:00, run_after=2022-03-05T00:00:00+00:00
[2025-02-06T16:16:45.168+0000] {processor.py:179} INFO - Processing /home/airflow/.local/lib/python3.8/site-packages/airflow/example_dags/example_dynamic_task_mapping.py took 0.057 seconds
[2025-02-06T16:17:17.539+0000] {processor.py:157} INFO - Started process (PID=5120) to work on /home/airflow/.local/lib/python3.8/site-packages/airflow/example_dags/example_dynamic_task_mapping.py
[2025-02-06T16:17:17.541+0000] {processor.py:829} INFO - Processing file /home/airflow/.local/lib/python3.8/site-packages/airflow/example_dags/example_dynamic_task_mapping.py for tasks to queue
[2025-02-06T16:17:17.542+0000] {logging_mixin.py:151} INFO - [2025-02-06T16:17:17.542+0000] {dagbag.py:539} INFO - Filling up the DagBag from /home/airflow/.local/lib/python3.8/site-packages/airflow/example_dags/example_dynamic_task_mapping.py
[2025-02-06T16:17:17.560+0000] {processor.py:839} INFO - DAG(s) dict_keys(['example_dynamic_task_mapping']) retrieved from /home/airflow/.local/lib/python3.8/site-packages/airflow/example_dags/example_dynamic_task_mapping.py
[2025-02-06T16:17:17.593+0000] {logging_mixin.py:151} INFO - [2025-02-06T16:17:17.593+0000] {dag.py:2915} INFO - Sync 1 DAGs
[2025-02-06T16:17:17.621+0000] {logging_mixin.py:151} INFO - [2025-02-06T16:17:17.620+0000] {dag.py:3696} INFO - Setting next_dagrun for example_dynamic_task_mapping to 2022-03-04T00:00:00+00:00, run_after=2022-03-05T00:00:00+00:00
[2025-02-06T16:17:17.672+0000] {processor.py:179} INFO - Processing /home/airflow/.local/lib/python3.8/site-packages/airflow/example_dags/example_dynamic_task_mapping.py took 0.137 seconds
[2025-02-06T16:17:50.059+0000] {processor.py:157} INFO - Started process (PID=5386) to work on /home/airflow/.local/lib/python3.8/site-packages/airflow/example_dags/example_dynamic_task_mapping.py
[2025-02-06T16:17:50.061+0000] {processor.py:829} INFO - Processing file /home/airflow/.local/lib/python3.8/site-packages/airflow/example_dags/example_dynamic_task_mapping.py for tasks to queue
[2025-02-06T16:17:50.061+0000] {logging_mixin.py:151} INFO - [2025-02-06T16:17:50.061+0000] {dagbag.py:539} INFO - Filling up the DagBag from /home/airflow/.local/lib/python3.8/site-packages/airflow/example_dags/example_dynamic_task_mapping.py
[2025-02-06T16:17:50.067+0000] {processor.py:839} INFO - DAG(s) dict_keys(['example_dynamic_task_mapping']) retrieved from /home/airflow/.local/lib/python3.8/site-packages/airflow/example_dags/example_dynamic_task_mapping.py
[2025-02-06T16:17:50.083+0000] {logging_mixin.py:151} INFO - [2025-02-06T16:17:50.083+0000] {dag.py:2915} INFO - Sync 1 DAGs
[2025-02-06T16:17:50.100+0000] {logging_mixin.py:151} INFO - [2025-02-06T16:17:50.100+0000] {dag.py:3696} INFO - Setting next_dagrun for example_dynamic_task_mapping to 2022-03-04T00:00:00+00:00, run_after=2022-03-05T00:00:00+00:00
[2025-02-06T16:17:50.115+0000] {processor.py:179} INFO - Processing /home/airflow/.local/lib/python3.8/site-packages/airflow/example_dags/example_dynamic_task_mapping.py took 0.058 seconds
[2025-02-06T16:18:22.860+0000] {processor.py:157} INFO - Started process (PID=5647) to work on /home/airflow/.local/lib/python3.8/site-packages/airflow/example_dags/example_dynamic_task_mapping.py
[2025-02-06T16:18:22.861+0000] {processor.py:829} INFO - Processing file /home/airflow/.local/lib/python3.8/site-packages/airflow/example_dags/example_dynamic_task_mapping.py for tasks to queue
[2025-02-06T16:18:22.861+0000] {logging_mixin.py:151} INFO - [2025-02-06T16:18:22.861+0000] {dagbag.py:539} INFO - Filling up the DagBag from /home/airflow/.local/lib/python3.8/site-packages/airflow/example_dags/example_dynamic_task_mapping.py
[2025-02-06T16:18:22.866+0000] {processor.py:839} INFO - DAG(s) dict_keys(['example_dynamic_task_mapping']) retrieved from /home/airflow/.local/lib/python3.8/site-packages/airflow/example_dags/example_dynamic_task_mapping.py
[2025-02-06T16:18:22.883+0000] {logging_mixin.py:151} INFO - [2025-02-06T16:18:22.883+0000] {dag.py:2915} INFO - Sync 1 DAGs
[2025-02-06T16:18:22.902+0000] {logging_mixin.py:151} INFO - [2025-02-06T16:18:22.902+0000] {dag.py:3696} INFO - Setting next_dagrun for example_dynamic_task_mapping to 2022-03-04T00:00:00+00:00, run_after=2022-03-05T00:00:00+00:00
[2025-02-06T16:18:22.918+0000] {processor.py:179} INFO - Processing /home/airflow/.local/lib/python3.8/site-packages/airflow/example_dags/example_dynamic_task_mapping.py took 0.060 seconds
[2025-02-06T16:18:55.468+0000] {processor.py:157} INFO - Started process (PID=5908) to work on /home/airflow/.local/lib/python3.8/site-packages/airflow/example_dags/example_dynamic_task_mapping.py
[2025-02-06T16:18:55.469+0000] {processor.py:829} INFO - Processing file /home/airflow/.local/lib/python3.8/site-packages/airflow/example_dags/example_dynamic_task_mapping.py for tasks to queue
[2025-02-06T16:18:55.470+0000] {logging_mixin.py:151} INFO - [2025-02-06T16:18:55.470+0000] {dagbag.py:539} INFO - Filling up the DagBag from /home/airflow/.local/lib/python3.8/site-packages/airflow/example_dags/example_dynamic_task_mapping.py
[2025-02-06T16:18:55.478+0000] {processor.py:839} INFO - DAG(s) dict_keys(['example_dynamic_task_mapping']) retrieved from /home/airflow/.local/lib/python3.8/site-packages/airflow/example_dags/example_dynamic_task_mapping.py
[2025-02-06T16:18:55.499+0000] {logging_mixin.py:151} INFO - [2025-02-06T16:18:55.499+0000] {dag.py:2915} INFO - Sync 1 DAGs
[2025-02-06T16:18:55.523+0000] {logging_mixin.py:151} INFO - [2025-02-06T16:18:55.523+0000] {dag.py:3696} INFO - Setting next_dagrun for example_dynamic_task_mapping to 2022-03-04T00:00:00+00:00, run_after=2022-03-05T00:00:00+00:00
[2025-02-06T16:18:55.545+0000] {processor.py:179} INFO - Processing /home/airflow/.local/lib/python3.8/site-packages/airflow/example_dags/example_dynamic_task_mapping.py took 0.080 seconds
