[2025-02-06T15:19:04.416+0000] {processor.py:186} INFO - Started process (PID=306) to work on /home/airflow/.local/lib/python3.12/site-packages/airflow/example_dags/example_dataset_alias.py
[2025-02-06T15:19:04.417+0000] {processor.py:914} INFO - Processing file /home/airflow/.local/lib/python3.12/site-packages/airflow/example_dags/example_dataset_alias.py for tasks to queue
[2025-02-06T15:19:04.419+0000] {logging_mixin.py:190} INFO - [2025-02-06T15:19:04.418+0000] {dagbag.py:588} INFO - Filling up the DagBag from /home/airflow/.local/lib/python3.12/site-packages/airflow/example_dags/example_dataset_alias.py
[2025-02-06T15:19:04.840+0000] {processor.py:925} INFO - DAG(s) 'dataset_s3_bucket_producer', 'dataset_s3_bucket_consumer', 'dataset_alias_example_alias_consumer', 'dataset_alias_example_alias_producer' retrieved from /home/airflow/.local/lib/python3.12/site-packages/airflow/example_dags/example_dataset_alias.py
[2025-02-06T15:19:04.864+0000] {logging_mixin.py:190} INFO - [2025-02-06T15:19:04.863+0000] {dag.py:3239} INFO - Sync 4 DAGs
[2025-02-06T15:19:04.892+0000] {logging_mixin.py:190} INFO - [2025-02-06T15:19:04.892+0000] {dag.py:4180} INFO - Setting next_dagrun for dataset_alias_example_alias_consumer to None, run_after=None
[2025-02-06T15:19:04.894+0000] {logging_mixin.py:190} INFO - [2025-02-06T15:19:04.894+0000] {dag.py:4180} INFO - Setting next_dagrun for dataset_alias_example_alias_producer to None, run_after=None
[2025-02-06T15:19:04.895+0000] {logging_mixin.py:190} INFO - [2025-02-06T15:19:04.895+0000] {dag.py:4180} INFO - Setting next_dagrun for dataset_s3_bucket_consumer to None, run_after=None
[2025-02-06T15:19:04.896+0000] {logging_mixin.py:190} INFO - [2025-02-06T15:19:04.896+0000] {dag.py:4180} INFO - Setting next_dagrun for dataset_s3_bucket_producer to None, run_after=None
[2025-02-06T15:19:04.914+0000] {processor.py:208} INFO - Processing /home/airflow/.local/lib/python3.12/site-packages/airflow/example_dags/example_dataset_alias.py took 0.502 seconds
[2025-02-06T15:19:35.009+0000] {processor.py:186} INFO - Started process (PID=606) to work on /home/airflow/.local/lib/python3.12/site-packages/airflow/example_dags/example_dataset_alias.py
[2025-02-06T15:19:35.009+0000] {processor.py:914} INFO - Processing file /home/airflow/.local/lib/python3.12/site-packages/airflow/example_dags/example_dataset_alias.py for tasks to queue
[2025-02-06T15:19:35.011+0000] {logging_mixin.py:190} INFO - [2025-02-06T15:19:35.011+0000] {dagbag.py:588} INFO - Filling up the DagBag from /home/airflow/.local/lib/python3.12/site-packages/airflow/example_dags/example_dataset_alias.py
[2025-02-06T15:19:35.115+0000] {processor.py:925} INFO - DAG(s) 'dataset_alias_example_alias_consumer', 'dataset_s3_bucket_producer', 'dataset_s3_bucket_consumer', 'dataset_alias_example_alias_producer' retrieved from /home/airflow/.local/lib/python3.12/site-packages/airflow/example_dags/example_dataset_alias.py
[2025-02-06T15:19:35.132+0000] {logging_mixin.py:190} INFO - [2025-02-06T15:19:35.131+0000] {dag.py:3239} INFO - Sync 4 DAGs
[2025-02-06T15:19:35.149+0000] {logging_mixin.py:190} INFO - [2025-02-06T15:19:35.149+0000] {dag.py:4180} INFO - Setting next_dagrun for dataset_alias_example_alias_consumer to None, run_after=None
[2025-02-06T15:19:35.151+0000] {logging_mixin.py:190} INFO - [2025-02-06T15:19:35.151+0000] {dag.py:4180} INFO - Setting next_dagrun for dataset_alias_example_alias_producer to None, run_after=None
[2025-02-06T15:19:35.152+0000] {logging_mixin.py:190} INFO - [2025-02-06T15:19:35.152+0000] {dag.py:4180} INFO - Setting next_dagrun for dataset_s3_bucket_consumer to None, run_after=None
[2025-02-06T15:19:35.152+0000] {logging_mixin.py:190} INFO - [2025-02-06T15:19:35.152+0000] {dag.py:4180} INFO - Setting next_dagrun for dataset_s3_bucket_producer to None, run_after=None
[2025-02-06T15:19:35.168+0000] {processor.py:208} INFO - Processing /home/airflow/.local/lib/python3.12/site-packages/airflow/example_dags/example_dataset_alias.py took 0.163 seconds
[2025-02-06T15:20:05.213+0000] {processor.py:186} INFO - Started process (PID=914) to work on /home/airflow/.local/lib/python3.12/site-packages/airflow/example_dags/example_dataset_alias.py
[2025-02-06T15:20:05.215+0000] {processor.py:914} INFO - Processing file /home/airflow/.local/lib/python3.12/site-packages/airflow/example_dags/example_dataset_alias.py for tasks to queue
[2025-02-06T15:20:05.216+0000] {logging_mixin.py:190} INFO - [2025-02-06T15:20:05.216+0000] {dagbag.py:588} INFO - Filling up the DagBag from /home/airflow/.local/lib/python3.12/site-packages/airflow/example_dags/example_dataset_alias.py
[2025-02-06T15:20:05.318+0000] {processor.py:925} INFO - DAG(s) 'dataset_s3_bucket_producer', 'dataset_alias_example_alias_producer', 'dataset_s3_bucket_consumer', 'dataset_alias_example_alias_consumer' retrieved from /home/airflow/.local/lib/python3.12/site-packages/airflow/example_dags/example_dataset_alias.py
[2025-02-06T15:20:05.334+0000] {logging_mixin.py:190} INFO - [2025-02-06T15:20:05.334+0000] {dag.py:3239} INFO - Sync 4 DAGs
[2025-02-06T15:20:05.352+0000] {logging_mixin.py:190} INFO - [2025-02-06T15:20:05.352+0000] {dag.py:4180} INFO - Setting next_dagrun for dataset_alias_example_alias_consumer to None, run_after=None
[2025-02-06T15:20:05.354+0000] {logging_mixin.py:190} INFO - [2025-02-06T15:20:05.354+0000] {dag.py:4180} INFO - Setting next_dagrun for dataset_alias_example_alias_producer to None, run_after=None
[2025-02-06T15:20:05.355+0000] {logging_mixin.py:190} INFO - [2025-02-06T15:20:05.355+0000] {dag.py:4180} INFO - Setting next_dagrun for dataset_s3_bucket_consumer to None, run_after=None
[2025-02-06T15:20:05.356+0000] {logging_mixin.py:190} INFO - [2025-02-06T15:20:05.356+0000] {dag.py:4180} INFO - Setting next_dagrun for dataset_s3_bucket_producer to None, run_after=None
[2025-02-06T15:20:05.372+0000] {processor.py:208} INFO - Processing /home/airflow/.local/lib/python3.12/site-packages/airflow/example_dags/example_dataset_alias.py took 0.162 seconds
[2025-02-06T15:20:35.785+0000] {processor.py:186} INFO - Started process (PID=1223) to work on /home/airflow/.local/lib/python3.12/site-packages/airflow/example_dags/example_dataset_alias.py
[2025-02-06T15:20:35.786+0000] {processor.py:914} INFO - Processing file /home/airflow/.local/lib/python3.12/site-packages/airflow/example_dags/example_dataset_alias.py for tasks to queue
[2025-02-06T15:20:35.788+0000] {logging_mixin.py:190} INFO - [2025-02-06T15:20:35.787+0000] {dagbag.py:588} INFO - Filling up the DagBag from /home/airflow/.local/lib/python3.12/site-packages/airflow/example_dags/example_dataset_alias.py
[2025-02-06T15:20:35.896+0000] {processor.py:925} INFO - DAG(s) 'dataset_alias_example_alias_producer', 'dataset_alias_example_alias_consumer', 'dataset_s3_bucket_consumer', 'dataset_s3_bucket_producer' retrieved from /home/airflow/.local/lib/python3.12/site-packages/airflow/example_dags/example_dataset_alias.py
[2025-02-06T15:20:35.917+0000] {logging_mixin.py:190} INFO - [2025-02-06T15:20:35.916+0000] {dag.py:3239} INFO - Sync 4 DAGs
[2025-02-06T15:20:35.936+0000] {logging_mixin.py:190} INFO - [2025-02-06T15:20:35.936+0000] {dag.py:4180} INFO - Setting next_dagrun for dataset_alias_example_alias_consumer to None, run_after=None
[2025-02-06T15:20:35.938+0000] {logging_mixin.py:190} INFO - [2025-02-06T15:20:35.938+0000] {dag.py:4180} INFO - Setting next_dagrun for dataset_alias_example_alias_producer to None, run_after=None
[2025-02-06T15:20:35.939+0000] {logging_mixin.py:190} INFO - [2025-02-06T15:20:35.939+0000] {dag.py:4180} INFO - Setting next_dagrun for dataset_s3_bucket_consumer to None, run_after=None
[2025-02-06T15:20:35.940+0000] {logging_mixin.py:190} INFO - [2025-02-06T15:20:35.940+0000] {dag.py:4180} INFO - Setting next_dagrun for dataset_s3_bucket_producer to None, run_after=None
[2025-02-06T15:20:35.964+0000] {processor.py:208} INFO - Processing /home/airflow/.local/lib/python3.12/site-packages/airflow/example_dags/example_dataset_alias.py took 0.183 seconds
[2025-02-06T15:21:06.481+0000] {processor.py:186} INFO - Started process (PID=1531) to work on /home/airflow/.local/lib/python3.12/site-packages/airflow/example_dags/example_dataset_alias.py
[2025-02-06T15:21:06.482+0000] {processor.py:914} INFO - Processing file /home/airflow/.local/lib/python3.12/site-packages/airflow/example_dags/example_dataset_alias.py for tasks to queue
[2025-02-06T15:21:06.483+0000] {logging_mixin.py:190} INFO - [2025-02-06T15:21:06.483+0000] {dagbag.py:588} INFO - Filling up the DagBag from /home/airflow/.local/lib/python3.12/site-packages/airflow/example_dags/example_dataset_alias.py
[2025-02-06T15:21:06.584+0000] {processor.py:925} INFO - DAG(s) 'dataset_alias_example_alias_consumer', 'dataset_s3_bucket_consumer', 'dataset_s3_bucket_producer', 'dataset_alias_example_alias_producer' retrieved from /home/airflow/.local/lib/python3.12/site-packages/airflow/example_dags/example_dataset_alias.py
[2025-02-06T15:21:06.604+0000] {logging_mixin.py:190} INFO - [2025-02-06T15:21:06.604+0000] {dag.py:3239} INFO - Sync 4 DAGs
[2025-02-06T15:21:06.625+0000] {logging_mixin.py:190} INFO - [2025-02-06T15:21:06.625+0000] {dag.py:4180} INFO - Setting next_dagrun for dataset_alias_example_alias_consumer to None, run_after=None
[2025-02-06T15:21:06.628+0000] {logging_mixin.py:190} INFO - [2025-02-06T15:21:06.628+0000] {dag.py:4180} INFO - Setting next_dagrun for dataset_alias_example_alias_producer to None, run_after=None
[2025-02-06T15:21:06.629+0000] {logging_mixin.py:190} INFO - [2025-02-06T15:21:06.629+0000] {dag.py:4180} INFO - Setting next_dagrun for dataset_s3_bucket_consumer to None, run_after=None
[2025-02-06T15:21:06.630+0000] {logging_mixin.py:190} INFO - [2025-02-06T15:21:06.630+0000] {dag.py:4180} INFO - Setting next_dagrun for dataset_s3_bucket_producer to None, run_after=None
[2025-02-06T15:21:06.649+0000] {processor.py:208} INFO - Processing /home/airflow/.local/lib/python3.12/site-packages/airflow/example_dags/example_dataset_alias.py took 0.172 seconds
[2025-02-06T15:21:37.479+0000] {processor.py:186} INFO - Started process (PID=1830) to work on /home/airflow/.local/lib/python3.12/site-packages/airflow/example_dags/example_dataset_alias.py
[2025-02-06T15:21:37.480+0000] {processor.py:914} INFO - Processing file /home/airflow/.local/lib/python3.12/site-packages/airflow/example_dags/example_dataset_alias.py for tasks to queue
[2025-02-06T15:21:37.482+0000] {logging_mixin.py:190} INFO - [2025-02-06T15:21:37.481+0000] {dagbag.py:588} INFO - Filling up the DagBag from /home/airflow/.local/lib/python3.12/site-packages/airflow/example_dags/example_dataset_alias.py
[2025-02-06T15:21:37.581+0000] {processor.py:925} INFO - DAG(s) 'dataset_alias_example_alias_producer', 'dataset_s3_bucket_producer', 'dataset_alias_example_alias_consumer', 'dataset_s3_bucket_consumer' retrieved from /home/airflow/.local/lib/python3.12/site-packages/airflow/example_dags/example_dataset_alias.py
[2025-02-06T15:21:37.596+0000] {logging_mixin.py:190} INFO - [2025-02-06T15:21:37.596+0000] {dag.py:3239} INFO - Sync 4 DAGs
[2025-02-06T15:21:37.617+0000] {logging_mixin.py:190} INFO - [2025-02-06T15:21:37.616+0000] {dag.py:4180} INFO - Setting next_dagrun for dataset_alias_example_alias_consumer to None, run_after=None
[2025-02-06T15:21:37.618+0000] {logging_mixin.py:190} INFO - [2025-02-06T15:21:37.618+0000] {dag.py:4180} INFO - Setting next_dagrun for dataset_alias_example_alias_producer to None, run_after=None
[2025-02-06T15:21:37.619+0000] {logging_mixin.py:190} INFO - [2025-02-06T15:21:37.619+0000] {dag.py:4180} INFO - Setting next_dagrun for dataset_s3_bucket_consumer to None, run_after=None
[2025-02-06T15:21:37.620+0000] {logging_mixin.py:190} INFO - [2025-02-06T15:21:37.620+0000] {dag.py:4180} INFO - Setting next_dagrun for dataset_s3_bucket_producer to None, run_after=None
[2025-02-06T15:21:37.636+0000] {processor.py:208} INFO - Processing /home/airflow/.local/lib/python3.12/site-packages/airflow/example_dags/example_dataset_alias.py took 0.162 seconds
[2025-02-06T15:22:08.422+0000] {processor.py:186} INFO - Started process (PID=2136) to work on /home/airflow/.local/lib/python3.12/site-packages/airflow/example_dags/example_dataset_alias.py
[2025-02-06T15:22:08.423+0000] {processor.py:914} INFO - Processing file /home/airflow/.local/lib/python3.12/site-packages/airflow/example_dags/example_dataset_alias.py for tasks to queue
[2025-02-06T15:22:08.425+0000] {logging_mixin.py:190} INFO - [2025-02-06T15:22:08.424+0000] {dagbag.py:588} INFO - Filling up the DagBag from /home/airflow/.local/lib/python3.12/site-packages/airflow/example_dags/example_dataset_alias.py
[2025-02-06T15:22:08.528+0000] {processor.py:925} INFO - DAG(s) 'dataset_alias_example_alias_producer', 'dataset_s3_bucket_producer', 'dataset_alias_example_alias_consumer', 'dataset_s3_bucket_consumer' retrieved from /home/airflow/.local/lib/python3.12/site-packages/airflow/example_dags/example_dataset_alias.py
[2025-02-06T15:22:08.542+0000] {logging_mixin.py:190} INFO - [2025-02-06T15:22:08.541+0000] {dag.py:3239} INFO - Sync 4 DAGs
[2025-02-06T15:22:08.561+0000] {logging_mixin.py:190} INFO - [2025-02-06T15:22:08.560+0000] {dag.py:4180} INFO - Setting next_dagrun for dataset_alias_example_alias_consumer to None, run_after=None
[2025-02-06T15:22:08.562+0000] {logging_mixin.py:190} INFO - [2025-02-06T15:22:08.562+0000] {dag.py:4180} INFO - Setting next_dagrun for dataset_alias_example_alias_producer to None, run_after=None
[2025-02-06T15:22:08.563+0000] {logging_mixin.py:190} INFO - [2025-02-06T15:22:08.563+0000] {dag.py:4180} INFO - Setting next_dagrun for dataset_s3_bucket_consumer to None, run_after=None
[2025-02-06T15:22:08.564+0000] {logging_mixin.py:190} INFO - [2025-02-06T15:22:08.564+0000] {dag.py:4180} INFO - Setting next_dagrun for dataset_s3_bucket_producer to None, run_after=None
[2025-02-06T15:22:08.579+0000] {processor.py:208} INFO - Processing /home/airflow/.local/lib/python3.12/site-packages/airflow/example_dags/example_dataset_alias.py took 0.161 seconds
[2025-02-06T15:22:39.310+0000] {processor.py:186} INFO - Started process (PID=2442) to work on /home/airflow/.local/lib/python3.12/site-packages/airflow/example_dags/example_dataset_alias.py
[2025-02-06T15:22:39.312+0000] {processor.py:914} INFO - Processing file /home/airflow/.local/lib/python3.12/site-packages/airflow/example_dags/example_dataset_alias.py for tasks to queue
[2025-02-06T15:22:39.314+0000] {logging_mixin.py:190} INFO - [2025-02-06T15:22:39.313+0000] {dagbag.py:588} INFO - Filling up the DagBag from /home/airflow/.local/lib/python3.12/site-packages/airflow/example_dags/example_dataset_alias.py
[2025-02-06T15:22:39.439+0000] {processor.py:925} INFO - DAG(s) 'dataset_s3_bucket_consumer', 'dataset_alias_example_alias_consumer', 'dataset_s3_bucket_producer', 'dataset_alias_example_alias_producer' retrieved from /home/airflow/.local/lib/python3.12/site-packages/airflow/example_dags/example_dataset_alias.py
[2025-02-06T15:22:39.454+0000] {logging_mixin.py:190} INFO - [2025-02-06T15:22:39.453+0000] {dag.py:3239} INFO - Sync 4 DAGs
[2025-02-06T15:22:39.472+0000] {logging_mixin.py:190} INFO - [2025-02-06T15:22:39.472+0000] {dag.py:4180} INFO - Setting next_dagrun for dataset_alias_example_alias_consumer to None, run_after=None
[2025-02-06T15:22:39.474+0000] {logging_mixin.py:190} INFO - [2025-02-06T15:22:39.474+0000] {dag.py:4180} INFO - Setting next_dagrun for dataset_alias_example_alias_producer to None, run_after=None
[2025-02-06T15:22:39.475+0000] {logging_mixin.py:190} INFO - [2025-02-06T15:22:39.475+0000] {dag.py:4180} INFO - Setting next_dagrun for dataset_s3_bucket_consumer to None, run_after=None
[2025-02-06T15:22:39.476+0000] {logging_mixin.py:190} INFO - [2025-02-06T15:22:39.476+0000] {dag.py:4180} INFO - Setting next_dagrun for dataset_s3_bucket_producer to None, run_after=None
[2025-02-06T15:22:39.492+0000] {processor.py:208} INFO - Processing /home/airflow/.local/lib/python3.12/site-packages/airflow/example_dags/example_dataset_alias.py took 0.187 seconds
[2025-02-06T15:23:10.229+0000] {processor.py:186} INFO - Started process (PID=2748) to work on /home/airflow/.local/lib/python3.12/site-packages/airflow/example_dags/example_dataset_alias.py
[2025-02-06T15:23:10.230+0000] {processor.py:914} INFO - Processing file /home/airflow/.local/lib/python3.12/site-packages/airflow/example_dags/example_dataset_alias.py for tasks to queue
[2025-02-06T15:23:10.231+0000] {logging_mixin.py:190} INFO - [2025-02-06T15:23:10.231+0000] {dagbag.py:588} INFO - Filling up the DagBag from /home/airflow/.local/lib/python3.12/site-packages/airflow/example_dags/example_dataset_alias.py
[2025-02-06T15:23:10.335+0000] {processor.py:925} INFO - DAG(s) 'dataset_alias_example_alias_consumer', 'dataset_s3_bucket_producer', 'dataset_s3_bucket_consumer', 'dataset_alias_example_alias_producer' retrieved from /home/airflow/.local/lib/python3.12/site-packages/airflow/example_dags/example_dataset_alias.py
[2025-02-06T15:23:10.350+0000] {logging_mixin.py:190} INFO - [2025-02-06T15:23:10.350+0000] {dag.py:3239} INFO - Sync 4 DAGs
[2025-02-06T15:23:10.369+0000] {logging_mixin.py:190} INFO - [2025-02-06T15:23:10.368+0000] {dag.py:4180} INFO - Setting next_dagrun for dataset_alias_example_alias_consumer to None, run_after=None
[2025-02-06T15:23:10.371+0000] {logging_mixin.py:190} INFO - [2025-02-06T15:23:10.371+0000] {dag.py:4180} INFO - Setting next_dagrun for dataset_alias_example_alias_producer to None, run_after=None
[2025-02-06T15:23:10.372+0000] {logging_mixin.py:190} INFO - [2025-02-06T15:23:10.371+0000] {dag.py:4180} INFO - Setting next_dagrun for dataset_s3_bucket_consumer to None, run_after=None
[2025-02-06T15:23:10.372+0000] {logging_mixin.py:190} INFO - [2025-02-06T15:23:10.372+0000] {dag.py:4180} INFO - Setting next_dagrun for dataset_s3_bucket_producer to None, run_after=None
[2025-02-06T15:23:10.388+0000] {processor.py:208} INFO - Processing /home/airflow/.local/lib/python3.12/site-packages/airflow/example_dags/example_dataset_alias.py took 0.164 seconds
[2025-02-06T15:23:41.289+0000] {processor.py:186} INFO - Started process (PID=3056) to work on /home/airflow/.local/lib/python3.12/site-packages/airflow/example_dags/example_dataset_alias.py
[2025-02-06T15:23:41.290+0000] {processor.py:914} INFO - Processing file /home/airflow/.local/lib/python3.12/site-packages/airflow/example_dags/example_dataset_alias.py for tasks to queue
[2025-02-06T15:23:41.292+0000] {logging_mixin.py:190} INFO - [2025-02-06T15:23:41.292+0000] {dagbag.py:588} INFO - Filling up the DagBag from /home/airflow/.local/lib/python3.12/site-packages/airflow/example_dags/example_dataset_alias.py
[2025-02-06T15:23:41.397+0000] {processor.py:925} INFO - DAG(s) 'dataset_alias_example_alias_producer', 'dataset_s3_bucket_consumer', 'dataset_alias_example_alias_consumer', 'dataset_s3_bucket_producer' retrieved from /home/airflow/.local/lib/python3.12/site-packages/airflow/example_dags/example_dataset_alias.py
[2025-02-06T15:23:41.414+0000] {logging_mixin.py:190} INFO - [2025-02-06T15:23:41.414+0000] {dag.py:3239} INFO - Sync 4 DAGs
[2025-02-06T15:23:41.436+0000] {logging_mixin.py:190} INFO - [2025-02-06T15:23:41.435+0000] {dag.py:4180} INFO - Setting next_dagrun for dataset_alias_example_alias_consumer to None, run_after=None
[2025-02-06T15:23:41.438+0000] {logging_mixin.py:190} INFO - [2025-02-06T15:23:41.438+0000] {dag.py:4180} INFO - Setting next_dagrun for dataset_alias_example_alias_producer to None, run_after=None
[2025-02-06T15:23:41.439+0000] {logging_mixin.py:190} INFO - [2025-02-06T15:23:41.439+0000] {dag.py:4180} INFO - Setting next_dagrun for dataset_s3_bucket_consumer to None, run_after=None
[2025-02-06T15:23:41.439+0000] {logging_mixin.py:190} INFO - [2025-02-06T15:23:41.439+0000] {dag.py:4180} INFO - Setting next_dagrun for dataset_s3_bucket_producer to None, run_after=None
[2025-02-06T15:23:41.457+0000] {processor.py:208} INFO - Processing /home/airflow/.local/lib/python3.12/site-packages/airflow/example_dags/example_dataset_alias.py took 0.172 seconds
[2025-02-06T15:24:11.499+0000] {processor.py:186} INFO - Started process (PID=3360) to work on /home/airflow/.local/lib/python3.12/site-packages/airflow/example_dags/example_dataset_alias.py
[2025-02-06T15:24:11.500+0000] {processor.py:914} INFO - Processing file /home/airflow/.local/lib/python3.12/site-packages/airflow/example_dags/example_dataset_alias.py for tasks to queue
[2025-02-06T15:24:11.501+0000] {logging_mixin.py:190} INFO - [2025-02-06T15:24:11.501+0000] {dagbag.py:588} INFO - Filling up the DagBag from /home/airflow/.local/lib/python3.12/site-packages/airflow/example_dags/example_dataset_alias.py
[2025-02-06T15:24:11.597+0000] {processor.py:925} INFO - DAG(s) 'dataset_s3_bucket_producer', 'dataset_s3_bucket_consumer', 'dataset_alias_example_alias_consumer', 'dataset_alias_example_alias_producer' retrieved from /home/airflow/.local/lib/python3.12/site-packages/airflow/example_dags/example_dataset_alias.py
[2025-02-06T15:24:11.611+0000] {logging_mixin.py:190} INFO - [2025-02-06T15:24:11.611+0000] {dag.py:3239} INFO - Sync 4 DAGs
[2025-02-06T15:24:11.628+0000] {logging_mixin.py:190} INFO - [2025-02-06T15:24:11.628+0000] {dag.py:4180} INFO - Setting next_dagrun for dataset_alias_example_alias_consumer to None, run_after=None
[2025-02-06T15:24:11.630+0000] {logging_mixin.py:190} INFO - [2025-02-06T15:24:11.630+0000] {dag.py:4180} INFO - Setting next_dagrun for dataset_alias_example_alias_producer to None, run_after=None
[2025-02-06T15:24:11.631+0000] {logging_mixin.py:190} INFO - [2025-02-06T15:24:11.631+0000] {dag.py:4180} INFO - Setting next_dagrun for dataset_s3_bucket_consumer to None, run_after=None
[2025-02-06T15:24:11.632+0000] {logging_mixin.py:190} INFO - [2025-02-06T15:24:11.631+0000] {dag.py:4180} INFO - Setting next_dagrun for dataset_s3_bucket_producer to None, run_after=None
[2025-02-06T15:24:11.646+0000] {processor.py:208} INFO - Processing /home/airflow/.local/lib/python3.12/site-packages/airflow/example_dags/example_dataset_alias.py took 0.152 seconds
