[2025-02-06T15:19:06.086+0000] {processor.py:186} INFO - Started process (PID=423) to work on /home/airflow/.local/lib/python3.12/site-packages/airflow/example_dags/example_branch_python_dop_operator_3.py
[2025-02-06T15:19:06.087+0000] {processor.py:914} INFO - Processing file /home/airflow/.local/lib/python3.12/site-packages/airflow/example_dags/example_branch_python_dop_operator_3.py for tasks to queue
[2025-02-06T15:19:06.089+0000] {logging_mixin.py:190} INFO - [2025-02-06T15:19:06.089+0000] {dagbag.py:588} INFO - Filling up the DagBag from /home/airflow/.local/lib/python3.12/site-packages/airflow/example_dags/example_branch_python_dop_operator_3.py
[2025-02-06T15:19:06.098+0000] {processor.py:925} INFO - DAG(s) 'example_branch_dop_operator_v3' retrieved from /home/airflow/.local/lib/python3.12/site-packages/airflow/example_dags/example_branch_python_dop_operator_3.py
[2025-02-06T15:19:06.123+0000] {logging_mixin.py:190} INFO - [2025-02-06T15:19:06.123+0000] {dag.py:3239} INFO - Sync 1 DAGs
[2025-02-06T15:19:06.157+0000] {logging_mixin.py:190} INFO - [2025-02-06T15:19:06.157+0000] {dag.py:4180} INFO - Setting next_dagrun for example_branch_dop_operator_v3 to 2025-02-06 15:18:00+00:00, run_after=2025-02-06 15:19:00+00:00
[2025-02-06T15:19:06.180+0000] {processor.py:208} INFO - Processing /home/airflow/.local/lib/python3.12/site-packages/airflow/example_dags/example_branch_python_dop_operator_3.py took 0.098 seconds
[2025-02-06T15:19:36.395+0000] {processor.py:186} INFO - Started process (PID=729) to work on /home/airflow/.local/lib/python3.12/site-packages/airflow/example_dags/example_branch_python_dop_operator_3.py
[2025-02-06T15:19:36.396+0000] {processor.py:914} INFO - Processing file /home/airflow/.local/lib/python3.12/site-packages/airflow/example_dags/example_branch_python_dop_operator_3.py for tasks to queue
[2025-02-06T15:19:36.398+0000] {logging_mixin.py:190} INFO - [2025-02-06T15:19:36.398+0000] {dagbag.py:588} INFO - Filling up the DagBag from /home/airflow/.local/lib/python3.12/site-packages/airflow/example_dags/example_branch_python_dop_operator_3.py
[2025-02-06T15:19:36.406+0000] {processor.py:925} INFO - DAG(s) 'example_branch_dop_operator_v3' retrieved from /home/airflow/.local/lib/python3.12/site-packages/airflow/example_dags/example_branch_python_dop_operator_3.py
[2025-02-06T15:19:36.421+0000] {logging_mixin.py:190} INFO - [2025-02-06T15:19:36.421+0000] {dag.py:3239} INFO - Sync 1 DAGs
[2025-02-06T15:19:36.444+0000] {logging_mixin.py:190} INFO - [2025-02-06T15:19:36.444+0000] {dag.py:4180} INFO - Setting next_dagrun for example_branch_dop_operator_v3 to 2025-02-06 15:18:00+00:00, run_after=2025-02-06 15:19:00+00:00
[2025-02-06T15:19:36.459+0000] {processor.py:208} INFO - Processing /home/airflow/.local/lib/python3.12/site-packages/airflow/example_dags/example_branch_python_dop_operator_3.py took 0.068 seconds
[2025-02-06T15:20:07.395+0000] {processor.py:186} INFO - Started process (PID=1029) to work on /home/airflow/.local/lib/python3.12/site-packages/airflow/example_dags/example_branch_python_dop_operator_3.py
[2025-02-06T15:20:07.396+0000] {processor.py:914} INFO - Processing file /home/airflow/.local/lib/python3.12/site-packages/airflow/example_dags/example_branch_python_dop_operator_3.py for tasks to queue
[2025-02-06T15:20:07.397+0000] {logging_mixin.py:190} INFO - [2025-02-06T15:20:07.397+0000] {dagbag.py:588} INFO - Filling up the DagBag from /home/airflow/.local/lib/python3.12/site-packages/airflow/example_dags/example_branch_python_dop_operator_3.py
[2025-02-06T15:20:07.404+0000] {processor.py:925} INFO - DAG(s) 'example_branch_dop_operator_v3' retrieved from /home/airflow/.local/lib/python3.12/site-packages/airflow/example_dags/example_branch_python_dop_operator_3.py
[2025-02-06T15:20:07.418+0000] {logging_mixin.py:190} INFO - [2025-02-06T15:20:07.418+0000] {dag.py:3239} INFO - Sync 1 DAGs
[2025-02-06T15:20:07.437+0000] {logging_mixin.py:190} INFO - [2025-02-06T15:20:07.437+0000] {dag.py:4180} INFO - Setting next_dagrun for example_branch_dop_operator_v3 to 2025-02-06 15:19:00+00:00, run_after=2025-02-06 15:20:00+00:00
[2025-02-06T15:20:07.450+0000] {processor.py:208} INFO - Processing /home/airflow/.local/lib/python3.12/site-packages/airflow/example_dags/example_branch_python_dop_operator_3.py took 0.059 seconds
[2025-02-06T15:20:37.894+0000] {processor.py:186} INFO - Started process (PID=1333) to work on /home/airflow/.local/lib/python3.12/site-packages/airflow/example_dags/example_branch_python_dop_operator_3.py
[2025-02-06T15:20:37.895+0000] {processor.py:914} INFO - Processing file /home/airflow/.local/lib/python3.12/site-packages/airflow/example_dags/example_branch_python_dop_operator_3.py for tasks to queue
[2025-02-06T15:20:37.896+0000] {logging_mixin.py:190} INFO - [2025-02-06T15:20:37.896+0000] {dagbag.py:588} INFO - Filling up the DagBag from /home/airflow/.local/lib/python3.12/site-packages/airflow/example_dags/example_branch_python_dop_operator_3.py
[2025-02-06T15:20:37.903+0000] {processor.py:925} INFO - DAG(s) 'example_branch_dop_operator_v3' retrieved from /home/airflow/.local/lib/python3.12/site-packages/airflow/example_dags/example_branch_python_dop_operator_3.py
[2025-02-06T15:20:37.917+0000] {logging_mixin.py:190} INFO - [2025-02-06T15:20:37.917+0000] {dag.py:3239} INFO - Sync 1 DAGs
[2025-02-06T15:20:37.936+0000] {logging_mixin.py:190} INFO - [2025-02-06T15:20:37.936+0000] {dag.py:4180} INFO - Setting next_dagrun for example_branch_dop_operator_v3 to 2025-02-06 15:19:00+00:00, run_after=2025-02-06 15:20:00+00:00
[2025-02-06T15:20:37.950+0000] {processor.py:208} INFO - Processing /home/airflow/.local/lib/python3.12/site-packages/airflow/example_dags/example_branch_python_dop_operator_3.py took 0.060 seconds
[2025-02-06T15:21:08.732+0000] {processor.py:186} INFO - Started process (PID=1641) to work on /home/airflow/.local/lib/python3.12/site-packages/airflow/example_dags/example_branch_python_dop_operator_3.py
[2025-02-06T15:21:08.733+0000] {processor.py:914} INFO - Processing file /home/airflow/.local/lib/python3.12/site-packages/airflow/example_dags/example_branch_python_dop_operator_3.py for tasks to queue
[2025-02-06T15:21:08.734+0000] {logging_mixin.py:190} INFO - [2025-02-06T15:21:08.734+0000] {dagbag.py:588} INFO - Filling up the DagBag from /home/airflow/.local/lib/python3.12/site-packages/airflow/example_dags/example_branch_python_dop_operator_3.py
[2025-02-06T15:21:08.741+0000] {processor.py:925} INFO - DAG(s) 'example_branch_dop_operator_v3' retrieved from /home/airflow/.local/lib/python3.12/site-packages/airflow/example_dags/example_branch_python_dop_operator_3.py
[2025-02-06T15:21:08.756+0000] {logging_mixin.py:190} INFO - [2025-02-06T15:21:08.756+0000] {dag.py:3239} INFO - Sync 1 DAGs
[2025-02-06T15:21:08.776+0000] {logging_mixin.py:190} INFO - [2025-02-06T15:21:08.775+0000] {dag.py:4180} INFO - Setting next_dagrun for example_branch_dop_operator_v3 to 2025-02-06 15:20:00+00:00, run_after=2025-02-06 15:21:00+00:00
[2025-02-06T15:21:08.789+0000] {processor.py:208} INFO - Processing /home/airflow/.local/lib/python3.12/site-packages/airflow/example_dags/example_branch_python_dop_operator_3.py took 0.062 seconds
[2025-02-06T15:21:38.845+0000] {processor.py:186} INFO - Started process (PID=1947) to work on /home/airflow/.local/lib/python3.12/site-packages/airflow/example_dags/example_branch_python_dop_operator_3.py
[2025-02-06T15:21:38.846+0000] {processor.py:914} INFO - Processing file /home/airflow/.local/lib/python3.12/site-packages/airflow/example_dags/example_branch_python_dop_operator_3.py for tasks to queue
[2025-02-06T15:21:38.847+0000] {logging_mixin.py:190} INFO - [2025-02-06T15:21:38.847+0000] {dagbag.py:588} INFO - Filling up the DagBag from /home/airflow/.local/lib/python3.12/site-packages/airflow/example_dags/example_branch_python_dop_operator_3.py
[2025-02-06T15:21:38.854+0000] {processor.py:925} INFO - DAG(s) 'example_branch_dop_operator_v3' retrieved from /home/airflow/.local/lib/python3.12/site-packages/airflow/example_dags/example_branch_python_dop_operator_3.py
[2025-02-06T15:21:38.869+0000] {logging_mixin.py:190} INFO - [2025-02-06T15:21:38.868+0000] {dag.py:3239} INFO - Sync 1 DAGs
[2025-02-06T15:21:38.888+0000] {logging_mixin.py:190} INFO - [2025-02-06T15:21:38.888+0000] {dag.py:4180} INFO - Setting next_dagrun for example_branch_dop_operator_v3 to 2025-02-06 15:20:00+00:00, run_after=2025-02-06 15:21:00+00:00
[2025-02-06T15:21:38.900+0000] {processor.py:208} INFO - Processing /home/airflow/.local/lib/python3.12/site-packages/airflow/example_dags/example_branch_python_dop_operator_3.py took 0.059 seconds
[2025-02-06T15:22:09.550+0000] {processor.py:186} INFO - Started process (PID=2251) to work on /home/airflow/.local/lib/python3.12/site-packages/airflow/example_dags/example_branch_python_dop_operator_3.py
[2025-02-06T15:22:09.550+0000] {processor.py:914} INFO - Processing file /home/airflow/.local/lib/python3.12/site-packages/airflow/example_dags/example_branch_python_dop_operator_3.py for tasks to queue
[2025-02-06T15:22:09.552+0000] {logging_mixin.py:190} INFO - [2025-02-06T15:22:09.552+0000] {dagbag.py:588} INFO - Filling up the DagBag from /home/airflow/.local/lib/python3.12/site-packages/airflow/example_dags/example_branch_python_dop_operator_3.py
[2025-02-06T15:22:09.559+0000] {processor.py:925} INFO - DAG(s) 'example_branch_dop_operator_v3' retrieved from /home/airflow/.local/lib/python3.12/site-packages/airflow/example_dags/example_branch_python_dop_operator_3.py
[2025-02-06T15:22:09.574+0000] {logging_mixin.py:190} INFO - [2025-02-06T15:22:09.573+0000] {dag.py:3239} INFO - Sync 1 DAGs
[2025-02-06T15:22:09.593+0000] {logging_mixin.py:190} INFO - [2025-02-06T15:22:09.593+0000] {dag.py:4180} INFO - Setting next_dagrun for example_branch_dop_operator_v3 to 2025-02-06 15:21:00+00:00, run_after=2025-02-06 15:22:00+00:00
[2025-02-06T15:22:09.607+0000] {processor.py:208} INFO - Processing /home/airflow/.local/lib/python3.12/site-packages/airflow/example_dags/example_branch_python_dop_operator_3.py took 0.061 seconds
[2025-02-06T15:22:40.583+0000] {processor.py:186} INFO - Started process (PID=2557) to work on /home/airflow/.local/lib/python3.12/site-packages/airflow/example_dags/example_branch_python_dop_operator_3.py
[2025-02-06T15:22:40.584+0000] {processor.py:914} INFO - Processing file /home/airflow/.local/lib/python3.12/site-packages/airflow/example_dags/example_branch_python_dop_operator_3.py for tasks to queue
[2025-02-06T15:22:40.586+0000] {logging_mixin.py:190} INFO - [2025-02-06T15:22:40.585+0000] {dagbag.py:588} INFO - Filling up the DagBag from /home/airflow/.local/lib/python3.12/site-packages/airflow/example_dags/example_branch_python_dop_operator_3.py
[2025-02-06T15:22:40.592+0000] {processor.py:925} INFO - DAG(s) 'example_branch_dop_operator_v3' retrieved from /home/airflow/.local/lib/python3.12/site-packages/airflow/example_dags/example_branch_python_dop_operator_3.py
[2025-02-06T15:22:40.608+0000] {logging_mixin.py:190} INFO - [2025-02-06T15:22:40.608+0000] {dag.py:3239} INFO - Sync 1 DAGs
[2025-02-06T15:22:40.628+0000] {logging_mixin.py:190} INFO - [2025-02-06T15:22:40.628+0000] {dag.py:4180} INFO - Setting next_dagrun for example_branch_dop_operator_v3 to 2025-02-06 15:21:00+00:00, run_after=2025-02-06 15:22:00+00:00
[2025-02-06T15:22:40.642+0000] {processor.py:208} INFO - Processing /home/airflow/.local/lib/python3.12/site-packages/airflow/example_dags/example_branch_python_dop_operator_3.py took 0.063 seconds
[2025-02-06T15:23:11.535+0000] {processor.py:186} INFO - Started process (PID=2863) to work on /home/airflow/.local/lib/python3.12/site-packages/airflow/example_dags/example_branch_python_dop_operator_3.py
[2025-02-06T15:23:11.536+0000] {processor.py:914} INFO - Processing file /home/airflow/.local/lib/python3.12/site-packages/airflow/example_dags/example_branch_python_dop_operator_3.py for tasks to queue
[2025-02-06T15:23:11.538+0000] {logging_mixin.py:190} INFO - [2025-02-06T15:23:11.538+0000] {dagbag.py:588} INFO - Filling up the DagBag from /home/airflow/.local/lib/python3.12/site-packages/airflow/example_dags/example_branch_python_dop_operator_3.py
[2025-02-06T15:23:11.547+0000] {processor.py:925} INFO - DAG(s) 'example_branch_dop_operator_v3' retrieved from /home/airflow/.local/lib/python3.12/site-packages/airflow/example_dags/example_branch_python_dop_operator_3.py
[2025-02-06T15:23:11.564+0000] {logging_mixin.py:190} INFO - [2025-02-06T15:23:11.563+0000] {dag.py:3239} INFO - Sync 1 DAGs
[2025-02-06T15:23:11.588+0000] {logging_mixin.py:190} INFO - [2025-02-06T15:23:11.588+0000] {dag.py:4180} INFO - Setting next_dagrun for example_branch_dop_operator_v3 to 2025-02-06 15:22:00+00:00, run_after=2025-02-06 15:23:00+00:00
[2025-02-06T15:23:11.603+0000] {processor.py:208} INFO - Processing /home/airflow/.local/lib/python3.12/site-packages/airflow/example_dags/example_branch_python_dop_operator_3.py took 0.072 seconds
[2025-02-06T15:23:42.674+0000] {processor.py:186} INFO - Started process (PID=3171) to work on /home/airflow/.local/lib/python3.12/site-packages/airflow/example_dags/example_branch_python_dop_operator_3.py
[2025-02-06T15:23:42.675+0000] {processor.py:914} INFO - Processing file /home/airflow/.local/lib/python3.12/site-packages/airflow/example_dags/example_branch_python_dop_operator_3.py for tasks to queue
[2025-02-06T15:23:42.677+0000] {logging_mixin.py:190} INFO - [2025-02-06T15:23:42.677+0000] {dagbag.py:588} INFO - Filling up the DagBag from /home/airflow/.local/lib/python3.12/site-packages/airflow/example_dags/example_branch_python_dop_operator_3.py
[2025-02-06T15:23:42.684+0000] {processor.py:925} INFO - DAG(s) 'example_branch_dop_operator_v3' retrieved from /home/airflow/.local/lib/python3.12/site-packages/airflow/example_dags/example_branch_python_dop_operator_3.py
[2025-02-06T15:23:42.701+0000] {logging_mixin.py:190} INFO - [2025-02-06T15:23:42.701+0000] {dag.py:3239} INFO - Sync 1 DAGs
[2025-02-06T15:23:42.723+0000] {logging_mixin.py:190} INFO - [2025-02-06T15:23:42.722+0000] {dag.py:4180} INFO - Setting next_dagrun for example_branch_dop_operator_v3 to 2025-02-06 15:22:00+00:00, run_after=2025-02-06 15:23:00+00:00
[2025-02-06T15:23:42.736+0000] {processor.py:208} INFO - Processing /home/airflow/.local/lib/python3.12/site-packages/airflow/example_dags/example_branch_python_dop_operator_3.py took 0.067 seconds
[2025-02-06T15:24:12.872+0000] {processor.py:186} INFO - Started process (PID=3475) to work on /home/airflow/.local/lib/python3.12/site-packages/airflow/example_dags/example_branch_python_dop_operator_3.py
[2025-02-06T15:24:12.873+0000] {processor.py:914} INFO - Processing file /home/airflow/.local/lib/python3.12/site-packages/airflow/example_dags/example_branch_python_dop_operator_3.py for tasks to queue
[2025-02-06T15:24:12.874+0000] {logging_mixin.py:190} INFO - [2025-02-06T15:24:12.874+0000] {dagbag.py:588} INFO - Filling up the DagBag from /home/airflow/.local/lib/python3.12/site-packages/airflow/example_dags/example_branch_python_dop_operator_3.py
[2025-02-06T15:24:12.882+0000] {processor.py:925} INFO - DAG(s) 'example_branch_dop_operator_v3' retrieved from /home/airflow/.local/lib/python3.12/site-packages/airflow/example_dags/example_branch_python_dop_operator_3.py
[2025-02-06T15:24:12.897+0000] {logging_mixin.py:190} INFO - [2025-02-06T15:24:12.896+0000] {dag.py:3239} INFO - Sync 1 DAGs
[2025-02-06T15:24:12.917+0000] {logging_mixin.py:190} INFO - [2025-02-06T15:24:12.917+0000] {dag.py:4180} INFO - Setting next_dagrun for example_branch_dop_operator_v3 to 2025-02-06 15:23:00+00:00, run_after=2025-02-06 15:24:00+00:00
[2025-02-06T15:24:12.932+0000] {processor.py:208} INFO - Processing /home/airflow/.local/lib/python3.12/site-packages/airflow/example_dags/example_branch_python_dop_operator_3.py took 0.065 seconds
[2025-02-06T16:07:27.912+0000] {processor.py:157} INFO - Started process (PID=392) to work on /home/airflow/.local/lib/python3.8/site-packages/airflow/example_dags/example_branch_python_dop_operator_3.py
[2025-02-06T16:07:27.913+0000] {processor.py:829} INFO - Processing file /home/airflow/.local/lib/python3.8/site-packages/airflow/example_dags/example_branch_python_dop_operator_3.py for tasks to queue
[2025-02-06T16:07:27.913+0000] {logging_mixin.py:151} INFO - [2025-02-06T16:07:27.913+0000] {dagbag.py:539} INFO - Filling up the DagBag from /home/airflow/.local/lib/python3.8/site-packages/airflow/example_dags/example_branch_python_dop_operator_3.py
[2025-02-06T16:07:27.920+0000] {processor.py:839} INFO - DAG(s) dict_keys(['example_branch_dop_operator_v3']) retrieved from /home/airflow/.local/lib/python3.8/site-packages/airflow/example_dags/example_branch_python_dop_operator_3.py
[2025-02-06T16:07:27.930+0000] {logging_mixin.py:151} INFO - [2025-02-06T16:07:27.930+0000] {dag.py:2915} INFO - Sync 1 DAGs
[2025-02-06T16:07:28.055+0000] {logging_mixin.py:151} INFO - [2025-02-06T16:07:28.055+0000] {dag.py:2937} INFO - Creating ORM DAG for example_branch_dop_operator_v3
[2025-02-06T16:07:28.068+0000] {logging_mixin.py:151} INFO - [2025-02-06T16:07:28.067+0000] {dag.py:3696} INFO - Setting next_dagrun for example_branch_dop_operator_v3 to 2025-02-06T16:06:00+00:00, run_after=2025-02-06T16:07:00+00:00
[2025-02-06T16:07:28.083+0000] {processor.py:179} INFO - Processing /home/airflow/.local/lib/python3.8/site-packages/airflow/example_dags/example_branch_python_dop_operator_3.py took 0.173 seconds
[2025-02-06T16:07:59.617+0000] {processor.py:157} INFO - Started process (PID=661) to work on /home/airflow/.local/lib/python3.8/site-packages/airflow/example_dags/example_branch_python_dop_operator_3.py
[2025-02-06T16:07:59.618+0000] {processor.py:829} INFO - Processing file /home/airflow/.local/lib/python3.8/site-packages/airflow/example_dags/example_branch_python_dop_operator_3.py for tasks to queue
[2025-02-06T16:07:59.619+0000] {logging_mixin.py:151} INFO - [2025-02-06T16:07:59.618+0000] {dagbag.py:539} INFO - Filling up the DagBag from /home/airflow/.local/lib/python3.8/site-packages/airflow/example_dags/example_branch_python_dop_operator_3.py
[2025-02-06T16:07:59.626+0000] {processor.py:839} INFO - DAG(s) dict_keys(['example_branch_dop_operator_v3']) retrieved from /home/airflow/.local/lib/python3.8/site-packages/airflow/example_dags/example_branch_python_dop_operator_3.py
[2025-02-06T16:07:59.636+0000] {logging_mixin.py:151} INFO - [2025-02-06T16:07:59.636+0000] {dag.py:2915} INFO - Sync 1 DAGs
[2025-02-06T16:07:59.657+0000] {logging_mixin.py:151} INFO - [2025-02-06T16:07:59.657+0000] {dag.py:3696} INFO - Setting next_dagrun for example_branch_dop_operator_v3 to 2025-02-06T16:06:00+00:00, run_after=2025-02-06T16:07:00+00:00
[2025-02-06T16:07:59.670+0000] {processor.py:179} INFO - Processing /home/airflow/.local/lib/python3.8/site-packages/airflow/example_dags/example_branch_python_dop_operator_3.py took 0.056 seconds
[2025-02-06T16:08:32.196+0000] {processor.py:157} INFO - Started process (PID=926) to work on /home/airflow/.local/lib/python3.8/site-packages/airflow/example_dags/example_branch_python_dop_operator_3.py
[2025-02-06T16:08:32.197+0000] {processor.py:829} INFO - Processing file /home/airflow/.local/lib/python3.8/site-packages/airflow/example_dags/example_branch_python_dop_operator_3.py for tasks to queue
[2025-02-06T16:08:32.198+0000] {logging_mixin.py:151} INFO - [2025-02-06T16:08:32.198+0000] {dagbag.py:539} INFO - Filling up the DagBag from /home/airflow/.local/lib/python3.8/site-packages/airflow/example_dags/example_branch_python_dop_operator_3.py
[2025-02-06T16:08:32.204+0000] {processor.py:839} INFO - DAG(s) dict_keys(['example_branch_dop_operator_v3']) retrieved from /home/airflow/.local/lib/python3.8/site-packages/airflow/example_dags/example_branch_python_dop_operator_3.py
[2025-02-06T16:08:32.221+0000] {logging_mixin.py:151} INFO - [2025-02-06T16:08:32.221+0000] {dag.py:2915} INFO - Sync 1 DAGs
[2025-02-06T16:08:32.242+0000] {logging_mixin.py:151} INFO - [2025-02-06T16:08:32.242+0000] {dag.py:3696} INFO - Setting next_dagrun for example_branch_dop_operator_v3 to 2025-02-06T16:07:00+00:00, run_after=2025-02-06T16:08:00+00:00
[2025-02-06T16:08:32.256+0000] {processor.py:179} INFO - Processing /home/airflow/.local/lib/python3.8/site-packages/airflow/example_dags/example_branch_python_dop_operator_3.py took 0.062 seconds
[2025-02-06T16:09:05.177+0000] {processor.py:157} INFO - Started process (PID=1189) to work on /home/airflow/.local/lib/python3.8/site-packages/airflow/example_dags/example_branch_python_dop_operator_3.py
[2025-02-06T16:09:05.179+0000] {processor.py:829} INFO - Processing file /home/airflow/.local/lib/python3.8/site-packages/airflow/example_dags/example_branch_python_dop_operator_3.py for tasks to queue
[2025-02-06T16:09:05.179+0000] {logging_mixin.py:151} INFO - [2025-02-06T16:09:05.179+0000] {dagbag.py:539} INFO - Filling up the DagBag from /home/airflow/.local/lib/python3.8/site-packages/airflow/example_dags/example_branch_python_dop_operator_3.py
[2025-02-06T16:09:05.187+0000] {processor.py:839} INFO - DAG(s) dict_keys(['example_branch_dop_operator_v3']) retrieved from /home/airflow/.local/lib/python3.8/site-packages/airflow/example_dags/example_branch_python_dop_operator_3.py
[2025-02-06T16:09:05.206+0000] {logging_mixin.py:151} INFO - [2025-02-06T16:09:05.206+0000] {dag.py:2915} INFO - Sync 1 DAGs
[2025-02-06T16:09:05.228+0000] {logging_mixin.py:151} INFO - [2025-02-06T16:09:05.228+0000] {dag.py:3696} INFO - Setting next_dagrun for example_branch_dop_operator_v3 to 2025-02-06T16:08:00+00:00, run_after=2025-02-06T16:09:00+00:00
[2025-02-06T16:09:05.244+0000] {processor.py:179} INFO - Processing /home/airflow/.local/lib/python3.8/site-packages/airflow/example_dags/example_branch_python_dop_operator_3.py took 0.069 seconds
[2025-02-06T16:09:38.447+0000] {processor.py:157} INFO - Started process (PID=1448) to work on /home/airflow/.local/lib/python3.8/site-packages/airflow/example_dags/example_branch_python_dop_operator_3.py
[2025-02-06T16:09:38.448+0000] {processor.py:829} INFO - Processing file /home/airflow/.local/lib/python3.8/site-packages/airflow/example_dags/example_branch_python_dop_operator_3.py for tasks to queue
[2025-02-06T16:09:38.448+0000] {logging_mixin.py:151} INFO - [2025-02-06T16:09:38.448+0000] {dagbag.py:539} INFO - Filling up the DagBag from /home/airflow/.local/lib/python3.8/site-packages/airflow/example_dags/example_branch_python_dop_operator_3.py
[2025-02-06T16:09:38.456+0000] {processor.py:839} INFO - DAG(s) dict_keys(['example_branch_dop_operator_v3']) retrieved from /home/airflow/.local/lib/python3.8/site-packages/airflow/example_dags/example_branch_python_dop_operator_3.py
[2025-02-06T16:09:38.472+0000] {logging_mixin.py:151} INFO - [2025-02-06T16:09:38.472+0000] {dag.py:2915} INFO - Sync 1 DAGs
[2025-02-06T16:09:38.494+0000] {logging_mixin.py:151} INFO - [2025-02-06T16:09:38.494+0000] {dag.py:3696} INFO - Setting next_dagrun for example_branch_dop_operator_v3 to 2025-02-06T16:08:00+00:00, run_after=2025-02-06T16:09:00+00:00
[2025-02-06T16:09:38.512+0000] {processor.py:179} INFO - Processing /home/airflow/.local/lib/python3.8/site-packages/airflow/example_dags/example_branch_python_dop_operator_3.py took 0.068 seconds
[2025-02-06T16:10:10.842+0000] {processor.py:157} INFO - Started process (PID=1709) to work on /home/airflow/.local/lib/python3.8/site-packages/airflow/example_dags/example_branch_python_dop_operator_3.py
[2025-02-06T16:10:10.844+0000] {processor.py:829} INFO - Processing file /home/airflow/.local/lib/python3.8/site-packages/airflow/example_dags/example_branch_python_dop_operator_3.py for tasks to queue
[2025-02-06T16:10:10.844+0000] {logging_mixin.py:151} INFO - [2025-02-06T16:10:10.844+0000] {dagbag.py:539} INFO - Filling up the DagBag from /home/airflow/.local/lib/python3.8/site-packages/airflow/example_dags/example_branch_python_dop_operator_3.py
[2025-02-06T16:10:10.852+0000] {processor.py:839} INFO - DAG(s) dict_keys(['example_branch_dop_operator_v3']) retrieved from /home/airflow/.local/lib/python3.8/site-packages/airflow/example_dags/example_branch_python_dop_operator_3.py
[2025-02-06T16:10:10.873+0000] {logging_mixin.py:151} INFO - [2025-02-06T16:10:10.873+0000] {dag.py:2915} INFO - Sync 1 DAGs
[2025-02-06T16:10:10.896+0000] {logging_mixin.py:151} INFO - [2025-02-06T16:10:10.896+0000] {dag.py:3696} INFO - Setting next_dagrun for example_branch_dop_operator_v3 to 2025-02-06T16:09:00+00:00, run_after=2025-02-06T16:10:00+00:00
[2025-02-06T16:10:10.912+0000] {processor.py:179} INFO - Processing /home/airflow/.local/lib/python3.8/site-packages/airflow/example_dags/example_branch_python_dop_operator_3.py took 0.073 seconds
[2025-02-06T16:10:43.612+0000] {processor.py:157} INFO - Started process (PID=1972) to work on /home/airflow/.local/lib/python3.8/site-packages/airflow/example_dags/example_branch_python_dop_operator_3.py
[2025-02-06T16:10:43.613+0000] {processor.py:829} INFO - Processing file /home/airflow/.local/lib/python3.8/site-packages/airflow/example_dags/example_branch_python_dop_operator_3.py for tasks to queue
[2025-02-06T16:10:43.614+0000] {logging_mixin.py:151} INFO - [2025-02-06T16:10:43.613+0000] {dagbag.py:539} INFO - Filling up the DagBag from /home/airflow/.local/lib/python3.8/site-packages/airflow/example_dags/example_branch_python_dop_operator_3.py
[2025-02-06T16:10:43.622+0000] {processor.py:839} INFO - DAG(s) dict_keys(['example_branch_dop_operator_v3']) retrieved from /home/airflow/.local/lib/python3.8/site-packages/airflow/example_dags/example_branch_python_dop_operator_3.py
[2025-02-06T16:10:43.640+0000] {logging_mixin.py:151} INFO - [2025-02-06T16:10:43.640+0000] {dag.py:2915} INFO - Sync 1 DAGs
[2025-02-06T16:10:43.661+0000] {logging_mixin.py:151} INFO - [2025-02-06T16:10:43.661+0000] {dag.py:3696} INFO - Setting next_dagrun for example_branch_dop_operator_v3 to 2025-02-06T16:09:00+00:00, run_after=2025-02-06T16:10:00+00:00
[2025-02-06T16:10:43.677+0000] {processor.py:179} INFO - Processing /home/airflow/.local/lib/python3.8/site-packages/airflow/example_dags/example_branch_python_dop_operator_3.py took 0.067 seconds
[2025-02-06T16:11:16.247+0000] {processor.py:157} INFO - Started process (PID=2231) to work on /home/airflow/.local/lib/python3.8/site-packages/airflow/example_dags/example_branch_python_dop_operator_3.py
[2025-02-06T16:11:16.248+0000] {processor.py:829} INFO - Processing file /home/airflow/.local/lib/python3.8/site-packages/airflow/example_dags/example_branch_python_dop_operator_3.py for tasks to queue
[2025-02-06T16:11:16.249+0000] {logging_mixin.py:151} INFO - [2025-02-06T16:11:16.249+0000] {dagbag.py:539} INFO - Filling up the DagBag from /home/airflow/.local/lib/python3.8/site-packages/airflow/example_dags/example_branch_python_dop_operator_3.py
[2025-02-06T16:11:16.256+0000] {processor.py:839} INFO - DAG(s) dict_keys(['example_branch_dop_operator_v3']) retrieved from /home/airflow/.local/lib/python3.8/site-packages/airflow/example_dags/example_branch_python_dop_operator_3.py
[2025-02-06T16:11:16.273+0000] {logging_mixin.py:151} INFO - [2025-02-06T16:11:16.273+0000] {dag.py:2915} INFO - Sync 1 DAGs
[2025-02-06T16:11:16.295+0000] {logging_mixin.py:151} INFO - [2025-02-06T16:11:16.295+0000] {dag.py:3696} INFO - Setting next_dagrun for example_branch_dop_operator_v3 to 2025-02-06T16:10:00+00:00, run_after=2025-02-06T16:11:00+00:00
[2025-02-06T16:11:16.311+0000] {processor.py:179} INFO - Processing /home/airflow/.local/lib/python3.8/site-packages/airflow/example_dags/example_branch_python_dop_operator_3.py took 0.067 seconds
[2025-02-06T16:11:49.172+0000] {processor.py:157} INFO - Started process (PID=2492) to work on /home/airflow/.local/lib/python3.8/site-packages/airflow/example_dags/example_branch_python_dop_operator_3.py
[2025-02-06T16:11:49.173+0000] {processor.py:829} INFO - Processing file /home/airflow/.local/lib/python3.8/site-packages/airflow/example_dags/example_branch_python_dop_operator_3.py for tasks to queue
[2025-02-06T16:11:49.174+0000] {logging_mixin.py:151} INFO - [2025-02-06T16:11:49.174+0000] {dagbag.py:539} INFO - Filling up the DagBag from /home/airflow/.local/lib/python3.8/site-packages/airflow/example_dags/example_branch_python_dop_operator_3.py
[2025-02-06T16:11:49.182+0000] {processor.py:839} INFO - DAG(s) dict_keys(['example_branch_dop_operator_v3']) retrieved from /home/airflow/.local/lib/python3.8/site-packages/airflow/example_dags/example_branch_python_dop_operator_3.py
[2025-02-06T16:11:49.203+0000] {logging_mixin.py:151} INFO - [2025-02-06T16:11:49.202+0000] {dag.py:2915} INFO - Sync 1 DAGs
[2025-02-06T16:11:49.227+0000] {logging_mixin.py:151} INFO - [2025-02-06T16:11:49.227+0000] {dag.py:3696} INFO - Setting next_dagrun for example_branch_dop_operator_v3 to 2025-02-06T16:10:00+00:00, run_after=2025-02-06T16:11:00+00:00
[2025-02-06T16:11:49.244+0000] {processor.py:179} INFO - Processing /home/airflow/.local/lib/python3.8/site-packages/airflow/example_dags/example_branch_python_dop_operator_3.py took 0.075 seconds
[2025-02-06T16:12:22.569+0000] {processor.py:157} INFO - Started process (PID=2753) to work on /home/airflow/.local/lib/python3.8/site-packages/airflow/example_dags/example_branch_python_dop_operator_3.py
[2025-02-06T16:12:22.570+0000] {processor.py:829} INFO - Processing file /home/airflow/.local/lib/python3.8/site-packages/airflow/example_dags/example_branch_python_dop_operator_3.py for tasks to queue
[2025-02-06T16:12:22.571+0000] {logging_mixin.py:151} INFO - [2025-02-06T16:12:22.571+0000] {dagbag.py:539} INFO - Filling up the DagBag from /home/airflow/.local/lib/python3.8/site-packages/airflow/example_dags/example_branch_python_dop_operator_3.py
[2025-02-06T16:12:22.578+0000] {processor.py:839} INFO - DAG(s) dict_keys(['example_branch_dop_operator_v3']) retrieved from /home/airflow/.local/lib/python3.8/site-packages/airflow/example_dags/example_branch_python_dop_operator_3.py
[2025-02-06T16:12:22.595+0000] {logging_mixin.py:151} INFO - [2025-02-06T16:12:22.595+0000] {dag.py:2915} INFO - Sync 1 DAGs
[2025-02-06T16:12:22.617+0000] {logging_mixin.py:151} INFO - [2025-02-06T16:12:22.616+0000] {dag.py:3696} INFO - Setting next_dagrun for example_branch_dop_operator_v3 to 2025-02-06T16:11:00+00:00, run_after=2025-02-06T16:12:00+00:00
[2025-02-06T16:12:22.631+0000] {processor.py:179} INFO - Processing /home/airflow/.local/lib/python3.8/site-packages/airflow/example_dags/example_branch_python_dop_operator_3.py took 0.065 seconds
[2025-02-06T16:12:54.810+0000] {processor.py:157} INFO - Started process (PID=3019) to work on /home/airflow/.local/lib/python3.8/site-packages/airflow/example_dags/example_branch_python_dop_operator_3.py
[2025-02-06T16:12:54.811+0000] {processor.py:829} INFO - Processing file /home/airflow/.local/lib/python3.8/site-packages/airflow/example_dags/example_branch_python_dop_operator_3.py for tasks to queue
[2025-02-06T16:12:54.811+0000] {logging_mixin.py:151} INFO - [2025-02-06T16:12:54.811+0000] {dagbag.py:539} INFO - Filling up the DagBag from /home/airflow/.local/lib/python3.8/site-packages/airflow/example_dags/example_branch_python_dop_operator_3.py
[2025-02-06T16:12:54.819+0000] {processor.py:839} INFO - DAG(s) dict_keys(['example_branch_dop_operator_v3']) retrieved from /home/airflow/.local/lib/python3.8/site-packages/airflow/example_dags/example_branch_python_dop_operator_3.py
[2025-02-06T16:12:54.836+0000] {logging_mixin.py:151} INFO - [2025-02-06T16:12:54.835+0000] {dag.py:2915} INFO - Sync 1 DAGs
[2025-02-06T16:12:54.858+0000] {logging_mixin.py:151} INFO - [2025-02-06T16:12:54.858+0000] {dag.py:3696} INFO - Setting next_dagrun for example_branch_dop_operator_v3 to 2025-02-06T16:11:00+00:00, run_after=2025-02-06T16:12:00+00:00
[2025-02-06T16:12:54.874+0000] {processor.py:179} INFO - Processing /home/airflow/.local/lib/python3.8/site-packages/airflow/example_dags/example_branch_python_dop_operator_3.py took 0.067 seconds
[2025-02-06T16:13:27.406+0000] {processor.py:157} INFO - Started process (PID=3280) to work on /home/airflow/.local/lib/python3.8/site-packages/airflow/example_dags/example_branch_python_dop_operator_3.py
[2025-02-06T16:13:27.407+0000] {processor.py:829} INFO - Processing file /home/airflow/.local/lib/python3.8/site-packages/airflow/example_dags/example_branch_python_dop_operator_3.py for tasks to queue
[2025-02-06T16:13:27.408+0000] {logging_mixin.py:151} INFO - [2025-02-06T16:13:27.407+0000] {dagbag.py:539} INFO - Filling up the DagBag from /home/airflow/.local/lib/python3.8/site-packages/airflow/example_dags/example_branch_python_dop_operator_3.py
[2025-02-06T16:13:27.416+0000] {processor.py:839} INFO - DAG(s) dict_keys(['example_branch_dop_operator_v3']) retrieved from /home/airflow/.local/lib/python3.8/site-packages/airflow/example_dags/example_branch_python_dop_operator_3.py
[2025-02-06T16:13:27.435+0000] {logging_mixin.py:151} INFO - [2025-02-06T16:13:27.435+0000] {dag.py:2915} INFO - Sync 1 DAGs
[2025-02-06T16:13:27.462+0000] {logging_mixin.py:151} INFO - [2025-02-06T16:13:27.462+0000] {dag.py:3696} INFO - Setting next_dagrun for example_branch_dop_operator_v3 to 2025-02-06T16:12:00+00:00, run_after=2025-02-06T16:13:00+00:00
[2025-02-06T16:13:27.481+0000] {processor.py:179} INFO - Processing /home/airflow/.local/lib/python3.8/site-packages/airflow/example_dags/example_branch_python_dop_operator_3.py took 0.077 seconds
[2025-02-06T16:14:00.566+0000] {processor.py:157} INFO - Started process (PID=3543) to work on /home/airflow/.local/lib/python3.8/site-packages/airflow/example_dags/example_branch_python_dop_operator_3.py
[2025-02-06T16:14:00.567+0000] {processor.py:829} INFO - Processing file /home/airflow/.local/lib/python3.8/site-packages/airflow/example_dags/example_branch_python_dop_operator_3.py for tasks to queue
[2025-02-06T16:14:00.568+0000] {logging_mixin.py:151} INFO - [2025-02-06T16:14:00.568+0000] {dagbag.py:539} INFO - Filling up the DagBag from /home/airflow/.local/lib/python3.8/site-packages/airflow/example_dags/example_branch_python_dop_operator_3.py
[2025-02-06T16:14:00.576+0000] {processor.py:839} INFO - DAG(s) dict_keys(['example_branch_dop_operator_v3']) retrieved from /home/airflow/.local/lib/python3.8/site-packages/airflow/example_dags/example_branch_python_dop_operator_3.py
[2025-02-06T16:14:00.594+0000] {logging_mixin.py:151} INFO - [2025-02-06T16:14:00.594+0000] {dag.py:2915} INFO - Sync 1 DAGs
[2025-02-06T16:14:00.616+0000] {logging_mixin.py:151} INFO - [2025-02-06T16:14:00.616+0000] {dag.py:3696} INFO - Setting next_dagrun for example_branch_dop_operator_v3 to 2025-02-06T16:13:00+00:00, run_after=2025-02-06T16:14:00+00:00
[2025-02-06T16:14:00.632+0000] {processor.py:179} INFO - Processing /home/airflow/.local/lib/python3.8/site-packages/airflow/example_dags/example_branch_python_dop_operator_3.py took 0.069 seconds
[2025-02-06T16:14:32.861+0000] {processor.py:157} INFO - Started process (PID=3802) to work on /home/airflow/.local/lib/python3.8/site-packages/airflow/example_dags/example_branch_python_dop_operator_3.py
[2025-02-06T16:14:32.863+0000] {processor.py:829} INFO - Processing file /home/airflow/.local/lib/python3.8/site-packages/airflow/example_dags/example_branch_python_dop_operator_3.py for tasks to queue
[2025-02-06T16:14:32.863+0000] {logging_mixin.py:151} INFO - [2025-02-06T16:14:32.863+0000] {dagbag.py:539} INFO - Filling up the DagBag from /home/airflow/.local/lib/python3.8/site-packages/airflow/example_dags/example_branch_python_dop_operator_3.py
[2025-02-06T16:14:32.871+0000] {processor.py:839} INFO - DAG(s) dict_keys(['example_branch_dop_operator_v3']) retrieved from /home/airflow/.local/lib/python3.8/site-packages/airflow/example_dags/example_branch_python_dop_operator_3.py
[2025-02-06T16:14:32.888+0000] {logging_mixin.py:151} INFO - [2025-02-06T16:14:32.888+0000] {dag.py:2915} INFO - Sync 1 DAGs
[2025-02-06T16:14:32.911+0000] {logging_mixin.py:151} INFO - [2025-02-06T16:14:32.910+0000] {dag.py:3696} INFO - Setting next_dagrun for example_branch_dop_operator_v3 to 2025-02-06T16:13:00+00:00, run_after=2025-02-06T16:14:00+00:00
[2025-02-06T16:14:32.927+0000] {processor.py:179} INFO - Processing /home/airflow/.local/lib/python3.8/site-packages/airflow/example_dags/example_branch_python_dop_operator_3.py took 0.068 seconds
[2025-02-06T16:15:06.709+0000] {processor.py:157} INFO - Started process (PID=4082) to work on /home/airflow/.local/lib/python3.8/site-packages/airflow/example_dags/example_branch_python_dop_operator_3.py
[2025-02-06T16:15:06.710+0000] {processor.py:829} INFO - Processing file /home/airflow/.local/lib/python3.8/site-packages/airflow/example_dags/example_branch_python_dop_operator_3.py for tasks to queue
[2025-02-06T16:15:06.711+0000] {logging_mixin.py:151} INFO - [2025-02-06T16:15:06.710+0000] {dagbag.py:539} INFO - Filling up the DagBag from /home/airflow/.local/lib/python3.8/site-packages/airflow/example_dags/example_branch_python_dop_operator_3.py
[2025-02-06T16:15:06.717+0000] {processor.py:839} INFO - DAG(s) dict_keys(['example_branch_dop_operator_v3']) retrieved from /home/airflow/.local/lib/python3.8/site-packages/airflow/example_dags/example_branch_python_dop_operator_3.py
[2025-02-06T16:15:06.736+0000] {logging_mixin.py:151} INFO - [2025-02-06T16:15:06.735+0000] {dag.py:2915} INFO - Sync 1 DAGs
[2025-02-06T16:15:06.756+0000] {logging_mixin.py:151} INFO - [2025-02-06T16:15:06.756+0000] {dag.py:3696} INFO - Setting next_dagrun for example_branch_dop_operator_v3 to 2025-02-06T16:14:00+00:00, run_after=2025-02-06T16:15:00+00:00
[2025-02-06T16:15:06.770+0000] {processor.py:179} INFO - Processing /home/airflow/.local/lib/python3.8/site-packages/airflow/example_dags/example_branch_python_dop_operator_3.py took 0.063 seconds
[2025-02-06T16:15:39.196+0000] {processor.py:157} INFO - Started process (PID=4341) to work on /home/airflow/.local/lib/python3.8/site-packages/airflow/example_dags/example_branch_python_dop_operator_3.py
[2025-02-06T16:15:39.197+0000] {processor.py:829} INFO - Processing file /home/airflow/.local/lib/python3.8/site-packages/airflow/example_dags/example_branch_python_dop_operator_3.py for tasks to queue
[2025-02-06T16:15:39.198+0000] {logging_mixin.py:151} INFO - [2025-02-06T16:15:39.198+0000] {dagbag.py:539} INFO - Filling up the DagBag from /home/airflow/.local/lib/python3.8/site-packages/airflow/example_dags/example_branch_python_dop_operator_3.py
[2025-02-06T16:15:39.206+0000] {processor.py:839} INFO - DAG(s) dict_keys(['example_branch_dop_operator_v3']) retrieved from /home/airflow/.local/lib/python3.8/site-packages/airflow/example_dags/example_branch_python_dop_operator_3.py
[2025-02-06T16:15:39.224+0000] {logging_mixin.py:151} INFO - [2025-02-06T16:15:39.224+0000] {dag.py:2915} INFO - Sync 1 DAGs
[2025-02-06T16:15:39.247+0000] {logging_mixin.py:151} INFO - [2025-02-06T16:15:39.247+0000] {dag.py:3696} INFO - Setting next_dagrun for example_branch_dop_operator_v3 to 2025-02-06T16:14:00+00:00, run_after=2025-02-06T16:15:00+00:00
[2025-02-06T16:15:39.264+0000] {processor.py:179} INFO - Processing /home/airflow/.local/lib/python3.8/site-packages/airflow/example_dags/example_branch_python_dop_operator_3.py took 0.071 seconds
[2025-02-06T16:16:11.900+0000] {processor.py:157} INFO - Started process (PID=4609) to work on /home/airflow/.local/lib/python3.8/site-packages/airflow/example_dags/example_branch_python_dop_operator_3.py
[2025-02-06T16:16:11.901+0000] {processor.py:829} INFO - Processing file /home/airflow/.local/lib/python3.8/site-packages/airflow/example_dags/example_branch_python_dop_operator_3.py for tasks to queue
[2025-02-06T16:16:11.902+0000] {logging_mixin.py:151} INFO - [2025-02-06T16:16:11.901+0000] {dagbag.py:539} INFO - Filling up the DagBag from /home/airflow/.local/lib/python3.8/site-packages/airflow/example_dags/example_branch_python_dop_operator_3.py
[2025-02-06T16:16:11.909+0000] {processor.py:839} INFO - DAG(s) dict_keys(['example_branch_dop_operator_v3']) retrieved from /home/airflow/.local/lib/python3.8/site-packages/airflow/example_dags/example_branch_python_dop_operator_3.py
[2025-02-06T16:16:11.928+0000] {logging_mixin.py:151} INFO - [2025-02-06T16:16:11.927+0000] {dag.py:2915} INFO - Sync 1 DAGs
[2025-02-06T16:16:11.950+0000] {logging_mixin.py:151} INFO - [2025-02-06T16:16:11.949+0000] {dag.py:3696} INFO - Setting next_dagrun for example_branch_dop_operator_v3 to 2025-02-06T16:15:00+00:00, run_after=2025-02-06T16:16:00+00:00
[2025-02-06T16:16:11.967+0000] {processor.py:179} INFO - Processing /home/airflow/.local/lib/python3.8/site-packages/airflow/example_dags/example_branch_python_dop_operator_3.py took 0.070 seconds
[2025-02-06T16:16:45.730+0000] {processor.py:157} INFO - Started process (PID=4919) to work on /home/airflow/.local/lib/python3.8/site-packages/airflow/example_dags/example_branch_python_dop_operator_3.py
[2025-02-06T16:16:45.731+0000] {processor.py:829} INFO - Processing file /home/airflow/.local/lib/python3.8/site-packages/airflow/example_dags/example_branch_python_dop_operator_3.py for tasks to queue
[2025-02-06T16:16:45.732+0000] {logging_mixin.py:151} INFO - [2025-02-06T16:16:45.732+0000] {dagbag.py:539} INFO - Filling up the DagBag from /home/airflow/.local/lib/python3.8/site-packages/airflow/example_dags/example_branch_python_dop_operator_3.py
[2025-02-06T16:16:45.739+0000] {processor.py:839} INFO - DAG(s) dict_keys(['example_branch_dop_operator_v3']) retrieved from /home/airflow/.local/lib/python3.8/site-packages/airflow/example_dags/example_branch_python_dop_operator_3.py
[2025-02-06T16:16:45.755+0000] {logging_mixin.py:151} INFO - [2025-02-06T16:16:45.755+0000] {dag.py:2915} INFO - Sync 1 DAGs
[2025-02-06T16:16:45.776+0000] {logging_mixin.py:151} INFO - [2025-02-06T16:16:45.776+0000] {dag.py:3696} INFO - Setting next_dagrun for example_branch_dop_operator_v3 to 2025-02-06T16:15:00+00:00, run_after=2025-02-06T16:16:00+00:00
[2025-02-06T16:16:45.790+0000] {processor.py:179} INFO - Processing /home/airflow/.local/lib/python3.8/site-packages/airflow/example_dags/example_branch_python_dop_operator_3.py took 0.062 seconds
[2025-02-06T16:17:18.554+0000] {processor.py:157} INFO - Started process (PID=5185) to work on /home/airflow/.local/lib/python3.8/site-packages/airflow/example_dags/example_branch_python_dop_operator_3.py
[2025-02-06T16:17:18.555+0000] {processor.py:829} INFO - Processing file /home/airflow/.local/lib/python3.8/site-packages/airflow/example_dags/example_branch_python_dop_operator_3.py for tasks to queue
[2025-02-06T16:17:18.555+0000] {logging_mixin.py:151} INFO - [2025-02-06T16:17:18.555+0000] {dagbag.py:539} INFO - Filling up the DagBag from /home/airflow/.local/lib/python3.8/site-packages/airflow/example_dags/example_branch_python_dop_operator_3.py
[2025-02-06T16:17:18.564+0000] {processor.py:839} INFO - DAG(s) dict_keys(['example_branch_dop_operator_v3']) retrieved from /home/airflow/.local/lib/python3.8/site-packages/airflow/example_dags/example_branch_python_dop_operator_3.py
[2025-02-06T16:17:18.589+0000] {logging_mixin.py:151} INFO - [2025-02-06T16:17:18.588+0000] {dag.py:2915} INFO - Sync 1 DAGs
[2025-02-06T16:17:18.613+0000] {logging_mixin.py:151} INFO - [2025-02-06T16:17:18.613+0000] {dag.py:3696} INFO - Setting next_dagrun for example_branch_dop_operator_v3 to 2025-02-06T16:16:00+00:00, run_after=2025-02-06T16:17:00+00:00
[2025-02-06T16:17:18.632+0000] {processor.py:179} INFO - Processing /home/airflow/.local/lib/python3.8/site-packages/airflow/example_dags/example_branch_python_dop_operator_3.py took 0.081 seconds
[2025-02-06T16:17:50.701+0000] {processor.py:157} INFO - Started process (PID=5446) to work on /home/airflow/.local/lib/python3.8/site-packages/airflow/example_dags/example_branch_python_dop_operator_3.py
[2025-02-06T16:17:50.702+0000] {processor.py:829} INFO - Processing file /home/airflow/.local/lib/python3.8/site-packages/airflow/example_dags/example_branch_python_dop_operator_3.py for tasks to queue
[2025-02-06T16:17:50.703+0000] {logging_mixin.py:151} INFO - [2025-02-06T16:17:50.702+0000] {dagbag.py:539} INFO - Filling up the DagBag from /home/airflow/.local/lib/python3.8/site-packages/airflow/example_dags/example_branch_python_dop_operator_3.py
[2025-02-06T16:17:50.710+0000] {processor.py:839} INFO - DAG(s) dict_keys(['example_branch_dop_operator_v3']) retrieved from /home/airflow/.local/lib/python3.8/site-packages/airflow/example_dags/example_branch_python_dop_operator_3.py
[2025-02-06T16:17:50.727+0000] {logging_mixin.py:151} INFO - [2025-02-06T16:17:50.727+0000] {dag.py:2915} INFO - Sync 1 DAGs
[2025-02-06T16:17:50.750+0000] {logging_mixin.py:151} INFO - [2025-02-06T16:17:50.749+0000] {dag.py:3696} INFO - Setting next_dagrun for example_branch_dop_operator_v3 to 2025-02-06T16:16:00+00:00, run_after=2025-02-06T16:17:00+00:00
[2025-02-06T16:17:50.765+0000] {processor.py:179} INFO - Processing /home/airflow/.local/lib/python3.8/site-packages/airflow/example_dags/example_branch_python_dop_operator_3.py took 0.066 seconds
[2025-02-06T16:18:23.451+0000] {processor.py:157} INFO - Started process (PID=5707) to work on /home/airflow/.local/lib/python3.8/site-packages/airflow/example_dags/example_branch_python_dop_operator_3.py
[2025-02-06T16:18:23.452+0000] {processor.py:829} INFO - Processing file /home/airflow/.local/lib/python3.8/site-packages/airflow/example_dags/example_branch_python_dop_operator_3.py for tasks to queue
[2025-02-06T16:18:23.453+0000] {logging_mixin.py:151} INFO - [2025-02-06T16:18:23.453+0000] {dagbag.py:539} INFO - Filling up the DagBag from /home/airflow/.local/lib/python3.8/site-packages/airflow/example_dags/example_branch_python_dop_operator_3.py
[2025-02-06T16:18:23.460+0000] {processor.py:839} INFO - DAG(s) dict_keys(['example_branch_dop_operator_v3']) retrieved from /home/airflow/.local/lib/python3.8/site-packages/airflow/example_dags/example_branch_python_dop_operator_3.py
[2025-02-06T16:18:23.478+0000] {logging_mixin.py:151} INFO - [2025-02-06T16:18:23.478+0000] {dag.py:2915} INFO - Sync 1 DAGs
[2025-02-06T16:18:23.501+0000] {logging_mixin.py:151} INFO - [2025-02-06T16:18:23.501+0000] {dag.py:3696} INFO - Setting next_dagrun for example_branch_dop_operator_v3 to 2025-02-06T16:17:00+00:00, run_after=2025-02-06T16:18:00+00:00
[2025-02-06T16:18:23.538+0000] {processor.py:179} INFO - Processing /home/airflow/.local/lib/python3.8/site-packages/airflow/example_dags/example_branch_python_dop_operator_3.py took 0.090 seconds
[2025-02-06T16:18:56.107+0000] {processor.py:157} INFO - Started process (PID=5968) to work on /home/airflow/.local/lib/python3.8/site-packages/airflow/example_dags/example_branch_python_dop_operator_3.py
[2025-02-06T16:18:56.108+0000] {processor.py:829} INFO - Processing file /home/airflow/.local/lib/python3.8/site-packages/airflow/example_dags/example_branch_python_dop_operator_3.py for tasks to queue
[2025-02-06T16:18:56.109+0000] {logging_mixin.py:151} INFO - [2025-02-06T16:18:56.109+0000] {dagbag.py:539} INFO - Filling up the DagBag from /home/airflow/.local/lib/python3.8/site-packages/airflow/example_dags/example_branch_python_dop_operator_3.py
[2025-02-06T16:18:56.117+0000] {processor.py:839} INFO - DAG(s) dict_keys(['example_branch_dop_operator_v3']) retrieved from /home/airflow/.local/lib/python3.8/site-packages/airflow/example_dags/example_branch_python_dop_operator_3.py
[2025-02-06T16:18:56.135+0000] {logging_mixin.py:151} INFO - [2025-02-06T16:18:56.135+0000] {dag.py:2915} INFO - Sync 1 DAGs
[2025-02-06T16:18:56.176+0000] {logging_mixin.py:151} INFO - [2025-02-06T16:18:56.176+0000] {dag.py:3696} INFO - Setting next_dagrun for example_branch_dop_operator_v3 to 2025-02-06T16:17:00+00:00, run_after=2025-02-06T16:18:00+00:00
[2025-02-06T16:18:56.196+0000] {processor.py:179} INFO - Processing /home/airflow/.local/lib/python3.8/site-packages/airflow/example_dags/example_branch_python_dop_operator_3.py took 0.092 seconds
