[2025-02-06T15:19:04.133+0000] {processor.py:186} INFO - Started process (PID=281) to work on /home/airflow/.local/lib/python3.12/site-packages/airflow/example_dags/example_branch_operator_decorator.py
[2025-02-06T15:19:04.133+0000] {processor.py:914} INFO - Processing file /home/airflow/.local/lib/python3.12/site-packages/airflow/example_dags/example_branch_operator_decorator.py for tasks to queue
[2025-02-06T15:19:04.135+0000] {logging_mixin.py:190} INFO - [2025-02-06T15:19:04.135+0000] {dagbag.py:588} INFO - Filling up the DagBag from /home/airflow/.local/lib/python3.12/site-packages/airflow/example_dags/example_branch_operator_decorator.py
[2025-02-06T15:19:04.153+0000] {processor.py:925} INFO - DAG(s) 'example_branch_python_operator_decorator' retrieved from /home/airflow/.local/lib/python3.12/site-packages/airflow/example_dags/example_branch_operator_decorator.py
[2025-02-06T15:19:04.257+0000] {logging_mixin.py:190} INFO - [2025-02-06T15:19:04.256+0000] {dag.py:3239} INFO - Sync 1 DAGs
[2025-02-06T15:19:04.276+0000] {logging_mixin.py:190} INFO - [2025-02-06T15:19:04.276+0000] {dag.py:4180} INFO - Setting next_dagrun for example_branch_python_operator_decorator to 2025-02-05 00:00:00+00:00, run_after=2025-02-06 00:00:00+00:00
[2025-02-06T15:19:04.294+0000] {processor.py:208} INFO - Processing /home/airflow/.local/lib/python3.12/site-packages/airflow/example_dags/example_branch_operator_decorator.py took 0.166 seconds
[2025-02-06T15:19:34.745+0000] {processor.py:186} INFO - Started process (PID=583) to work on /home/airflow/.local/lib/python3.12/site-packages/airflow/example_dags/example_branch_operator_decorator.py
[2025-02-06T15:19:34.746+0000] {processor.py:914} INFO - Processing file /home/airflow/.local/lib/python3.12/site-packages/airflow/example_dags/example_branch_operator_decorator.py for tasks to queue
[2025-02-06T15:19:34.747+0000] {logging_mixin.py:190} INFO - [2025-02-06T15:19:34.747+0000] {dagbag.py:588} INFO - Filling up the DagBag from /home/airflow/.local/lib/python3.12/site-packages/airflow/example_dags/example_branch_operator_decorator.py
[2025-02-06T15:19:34.762+0000] {processor.py:925} INFO - DAG(s) 'example_branch_python_operator_decorator' retrieved from /home/airflow/.local/lib/python3.12/site-packages/airflow/example_dags/example_branch_operator_decorator.py
[2025-02-06T15:19:34.785+0000] {logging_mixin.py:190} INFO - [2025-02-06T15:19:34.785+0000] {dag.py:3239} INFO - Sync 1 DAGs
[2025-02-06T15:19:34.803+0000] {logging_mixin.py:190} INFO - [2025-02-06T15:19:34.802+0000] {dag.py:4180} INFO - Setting next_dagrun for example_branch_python_operator_decorator to 2025-02-05 00:00:00+00:00, run_after=2025-02-06 00:00:00+00:00
[2025-02-06T15:19:34.818+0000] {processor.py:208} INFO - Processing /home/airflow/.local/lib/python3.12/site-packages/airflow/example_dags/example_branch_operator_decorator.py took 0.076 seconds
[2025-02-06T15:20:04.888+0000] {processor.py:186} INFO - Started process (PID=889) to work on /home/airflow/.local/lib/python3.12/site-packages/airflow/example_dags/example_branch_operator_decorator.py
[2025-02-06T15:20:04.888+0000] {processor.py:914} INFO - Processing file /home/airflow/.local/lib/python3.12/site-packages/airflow/example_dags/example_branch_operator_decorator.py for tasks to queue
[2025-02-06T15:20:04.890+0000] {logging_mixin.py:190} INFO - [2025-02-06T15:20:04.890+0000] {dagbag.py:588} INFO - Filling up the DagBag from /home/airflow/.local/lib/python3.12/site-packages/airflow/example_dags/example_branch_operator_decorator.py
[2025-02-06T15:20:04.905+0000] {processor.py:925} INFO - DAG(s) 'example_branch_python_operator_decorator' retrieved from /home/airflow/.local/lib/python3.12/site-packages/airflow/example_dags/example_branch_operator_decorator.py
[2025-02-06T15:20:04.926+0000] {logging_mixin.py:190} INFO - [2025-02-06T15:20:04.926+0000] {dag.py:3239} INFO - Sync 1 DAGs
[2025-02-06T15:20:04.944+0000] {logging_mixin.py:190} INFO - [2025-02-06T15:20:04.944+0000] {dag.py:4180} INFO - Setting next_dagrun for example_branch_python_operator_decorator to 2025-02-05 00:00:00+00:00, run_after=2025-02-06 00:00:00+00:00
[2025-02-06T15:20:04.958+0000] {processor.py:208} INFO - Processing /home/airflow/.local/lib/python3.12/site-packages/airflow/example_dags/example_branch_operator_decorator.py took 0.074 seconds
[2025-02-06T15:20:35.525+0000] {processor.py:186} INFO - Started process (PID=1193) to work on /home/airflow/.local/lib/python3.12/site-packages/airflow/example_dags/example_branch_operator_decorator.py
[2025-02-06T15:20:35.526+0000] {processor.py:914} INFO - Processing file /home/airflow/.local/lib/python3.12/site-packages/airflow/example_dags/example_branch_operator_decorator.py for tasks to queue
[2025-02-06T15:20:35.527+0000] {logging_mixin.py:190} INFO - [2025-02-06T15:20:35.527+0000] {dagbag.py:588} INFO - Filling up the DagBag from /home/airflow/.local/lib/python3.12/site-packages/airflow/example_dags/example_branch_operator_decorator.py
[2025-02-06T15:20:35.542+0000] {processor.py:925} INFO - DAG(s) 'example_branch_python_operator_decorator' retrieved from /home/airflow/.local/lib/python3.12/site-packages/airflow/example_dags/example_branch_operator_decorator.py
[2025-02-06T15:20:35.565+0000] {logging_mixin.py:190} INFO - [2025-02-06T15:20:35.565+0000] {dag.py:3239} INFO - Sync 1 DAGs
[2025-02-06T15:20:35.584+0000] {logging_mixin.py:190} INFO - [2025-02-06T15:20:35.584+0000] {dag.py:4180} INFO - Setting next_dagrun for example_branch_python_operator_decorator to 2025-02-05 00:00:00+00:00, run_after=2025-02-06 00:00:00+00:00
[2025-02-06T15:20:35.598+0000] {processor.py:208} INFO - Processing /home/airflow/.local/lib/python3.12/site-packages/airflow/example_dags/example_branch_operator_decorator.py took 0.076 seconds
[2025-02-06T15:21:06.144+0000] {processor.py:186} INFO - Started process (PID=1501) to work on /home/airflow/.local/lib/python3.12/site-packages/airflow/example_dags/example_branch_operator_decorator.py
[2025-02-06T15:21:06.145+0000] {processor.py:914} INFO - Processing file /home/airflow/.local/lib/python3.12/site-packages/airflow/example_dags/example_branch_operator_decorator.py for tasks to queue
[2025-02-06T15:21:06.147+0000] {logging_mixin.py:190} INFO - [2025-02-06T15:21:06.146+0000] {dagbag.py:588} INFO - Filling up the DagBag from /home/airflow/.local/lib/python3.12/site-packages/airflow/example_dags/example_branch_operator_decorator.py
[2025-02-06T15:21:06.161+0000] {processor.py:925} INFO - DAG(s) 'example_branch_python_operator_decorator' retrieved from /home/airflow/.local/lib/python3.12/site-packages/airflow/example_dags/example_branch_operator_decorator.py
[2025-02-06T15:21:06.182+0000] {logging_mixin.py:190} INFO - [2025-02-06T15:21:06.182+0000] {dag.py:3239} INFO - Sync 1 DAGs
[2025-02-06T15:21:06.200+0000] {logging_mixin.py:190} INFO - [2025-02-06T15:21:06.200+0000] {dag.py:4180} INFO - Setting next_dagrun for example_branch_python_operator_decorator to 2025-02-05 00:00:00+00:00, run_after=2025-02-06 00:00:00+00:00
[2025-02-06T15:21:06.214+0000] {processor.py:208} INFO - Processing /home/airflow/.local/lib/python3.12/site-packages/airflow/example_dags/example_branch_operator_decorator.py took 0.074 seconds
[2025-02-06T15:21:37.223+0000] {processor.py:186} INFO - Started process (PID=1805) to work on /home/airflow/.local/lib/python3.12/site-packages/airflow/example_dags/example_branch_operator_decorator.py
[2025-02-06T15:21:37.223+0000] {processor.py:914} INFO - Processing file /home/airflow/.local/lib/python3.12/site-packages/airflow/example_dags/example_branch_operator_decorator.py for tasks to queue
[2025-02-06T15:21:37.225+0000] {logging_mixin.py:190} INFO - [2025-02-06T15:21:37.225+0000] {dagbag.py:588} INFO - Filling up the DagBag from /home/airflow/.local/lib/python3.12/site-packages/airflow/example_dags/example_branch_operator_decorator.py
[2025-02-06T15:21:37.241+0000] {processor.py:925} INFO - DAG(s) 'example_branch_python_operator_decorator' retrieved from /home/airflow/.local/lib/python3.12/site-packages/airflow/example_dags/example_branch_operator_decorator.py
[2025-02-06T15:21:37.263+0000] {logging_mixin.py:190} INFO - [2025-02-06T15:21:37.263+0000] {dag.py:3239} INFO - Sync 1 DAGs
[2025-02-06T15:21:37.282+0000] {logging_mixin.py:190} INFO - [2025-02-06T15:21:37.282+0000] {dag.py:4180} INFO - Setting next_dagrun for example_branch_python_operator_decorator to 2025-02-05 00:00:00+00:00, run_after=2025-02-06 00:00:00+00:00
[2025-02-06T15:21:37.299+0000] {processor.py:208} INFO - Processing /home/airflow/.local/lib/python3.12/site-packages/airflow/example_dags/example_branch_operator_decorator.py took 0.080 seconds
[2025-02-06T15:22:08.171+0000] {processor.py:186} INFO - Started process (PID=2111) to work on /home/airflow/.local/lib/python3.12/site-packages/airflow/example_dags/example_branch_operator_decorator.py
[2025-02-06T15:22:08.172+0000] {processor.py:914} INFO - Processing file /home/airflow/.local/lib/python3.12/site-packages/airflow/example_dags/example_branch_operator_decorator.py for tasks to queue
[2025-02-06T15:22:08.173+0000] {logging_mixin.py:190} INFO - [2025-02-06T15:22:08.173+0000] {dagbag.py:588} INFO - Filling up the DagBag from /home/airflow/.local/lib/python3.12/site-packages/airflow/example_dags/example_branch_operator_decorator.py
[2025-02-06T15:22:08.189+0000] {processor.py:925} INFO - DAG(s) 'example_branch_python_operator_decorator' retrieved from /home/airflow/.local/lib/python3.12/site-packages/airflow/example_dags/example_branch_operator_decorator.py
[2025-02-06T15:22:08.212+0000] {logging_mixin.py:190} INFO - [2025-02-06T15:22:08.212+0000] {dag.py:3239} INFO - Sync 1 DAGs
[2025-02-06T15:22:08.231+0000] {logging_mixin.py:190} INFO - [2025-02-06T15:22:08.231+0000] {dag.py:4180} INFO - Setting next_dagrun for example_branch_python_operator_decorator to 2025-02-05 00:00:00+00:00, run_after=2025-02-06 00:00:00+00:00
[2025-02-06T15:22:08.245+0000] {processor.py:208} INFO - Processing /home/airflow/.local/lib/python3.12/site-packages/airflow/example_dags/example_branch_operator_decorator.py took 0.078 seconds
[2025-02-06T15:22:39.063+0000] {processor.py:186} INFO - Started process (PID=2419) to work on /home/airflow/.local/lib/python3.12/site-packages/airflow/example_dags/example_branch_operator_decorator.py
[2025-02-06T15:22:39.064+0000] {processor.py:914} INFO - Processing file /home/airflow/.local/lib/python3.12/site-packages/airflow/example_dags/example_branch_operator_decorator.py for tasks to queue
[2025-02-06T15:22:39.066+0000] {logging_mixin.py:190} INFO - [2025-02-06T15:22:39.066+0000] {dagbag.py:588} INFO - Filling up the DagBag from /home/airflow/.local/lib/python3.12/site-packages/airflow/example_dags/example_branch_operator_decorator.py
[2025-02-06T15:22:39.082+0000] {processor.py:925} INFO - DAG(s) 'example_branch_python_operator_decorator' retrieved from /home/airflow/.local/lib/python3.12/site-packages/airflow/example_dags/example_branch_operator_decorator.py
[2025-02-06T15:22:39.108+0000] {logging_mixin.py:190} INFO - [2025-02-06T15:22:39.108+0000] {dag.py:3239} INFO - Sync 1 DAGs
[2025-02-06T15:22:39.132+0000] {logging_mixin.py:190} INFO - [2025-02-06T15:22:39.132+0000] {dag.py:4180} INFO - Setting next_dagrun for example_branch_python_operator_decorator to 2025-02-05 00:00:00+00:00, run_after=2025-02-06 00:00:00+00:00
[2025-02-06T15:22:39.147+0000] {processor.py:208} INFO - Processing /home/airflow/.local/lib/python3.12/site-packages/airflow/example_dags/example_branch_operator_decorator.py took 0.089 seconds
[2025-02-06T15:23:09.990+0000] {processor.py:186} INFO - Started process (PID=2725) to work on /home/airflow/.local/lib/python3.12/site-packages/airflow/example_dags/example_branch_operator_decorator.py
[2025-02-06T15:23:09.991+0000] {processor.py:914} INFO - Processing file /home/airflow/.local/lib/python3.12/site-packages/airflow/example_dags/example_branch_operator_decorator.py for tasks to queue
[2025-02-06T15:23:09.995+0000] {logging_mixin.py:190} INFO - [2025-02-06T15:23:09.995+0000] {dagbag.py:588} INFO - Filling up the DagBag from /home/airflow/.local/lib/python3.12/site-packages/airflow/example_dags/example_branch_operator_decorator.py
[2025-02-06T15:23:10.014+0000] {processor.py:925} INFO - DAG(s) 'example_branch_python_operator_decorator' retrieved from /home/airflow/.local/lib/python3.12/site-packages/airflow/example_dags/example_branch_operator_decorator.py
[2025-02-06T15:23:10.048+0000] {logging_mixin.py:190} INFO - [2025-02-06T15:23:10.048+0000] {dag.py:3239} INFO - Sync 1 DAGs
[2025-02-06T15:23:10.079+0000] {logging_mixin.py:190} INFO - [2025-02-06T15:23:10.079+0000] {dag.py:4180} INFO - Setting next_dagrun for example_branch_python_operator_decorator to 2025-02-05 00:00:00+00:00, run_after=2025-02-06 00:00:00+00:00
[2025-02-06T15:23:10.100+0000] {processor.py:208} INFO - Processing /home/airflow/.local/lib/python3.12/site-packages/airflow/example_dags/example_branch_operator_decorator.py took 0.117 seconds
[2025-02-06T15:23:40.964+0000] {processor.py:186} INFO - Started process (PID=3031) to work on /home/airflow/.local/lib/python3.12/site-packages/airflow/example_dags/example_branch_operator_decorator.py
[2025-02-06T15:23:40.965+0000] {processor.py:914} INFO - Processing file /home/airflow/.local/lib/python3.12/site-packages/airflow/example_dags/example_branch_operator_decorator.py for tasks to queue
[2025-02-06T15:23:40.967+0000] {logging_mixin.py:190} INFO - [2025-02-06T15:23:40.967+0000] {dagbag.py:588} INFO - Filling up the DagBag from /home/airflow/.local/lib/python3.12/site-packages/airflow/example_dags/example_branch_operator_decorator.py
[2025-02-06T15:23:40.984+0000] {processor.py:925} INFO - DAG(s) 'example_branch_python_operator_decorator' retrieved from /home/airflow/.local/lib/python3.12/site-packages/airflow/example_dags/example_branch_operator_decorator.py
[2025-02-06T15:23:41.009+0000] {logging_mixin.py:190} INFO - [2025-02-06T15:23:41.009+0000] {dag.py:3239} INFO - Sync 1 DAGs
[2025-02-06T15:23:41.030+0000] {logging_mixin.py:190} INFO - [2025-02-06T15:23:41.030+0000] {dag.py:4180} INFO - Setting next_dagrun for example_branch_python_operator_decorator to 2025-02-05 00:00:00+00:00, run_after=2025-02-06 00:00:00+00:00
[2025-02-06T15:23:41.045+0000] {processor.py:208} INFO - Processing /home/airflow/.local/lib/python3.12/site-packages/airflow/example_dags/example_branch_operator_decorator.py took 0.085 seconds
[2025-02-06T15:24:11.284+0000] {processor.py:186} INFO - Started process (PID=3335) to work on /home/airflow/.local/lib/python3.12/site-packages/airflow/example_dags/example_branch_operator_decorator.py
[2025-02-06T15:24:11.285+0000] {processor.py:914} INFO - Processing file /home/airflow/.local/lib/python3.12/site-packages/airflow/example_dags/example_branch_operator_decorator.py for tasks to queue
[2025-02-06T15:24:11.287+0000] {logging_mixin.py:190} INFO - [2025-02-06T15:24:11.286+0000] {dagbag.py:588} INFO - Filling up the DagBag from /home/airflow/.local/lib/python3.12/site-packages/airflow/example_dags/example_branch_operator_decorator.py
[2025-02-06T15:24:11.302+0000] {processor.py:925} INFO - DAG(s) 'example_branch_python_operator_decorator' retrieved from /home/airflow/.local/lib/python3.12/site-packages/airflow/example_dags/example_branch_operator_decorator.py
[2025-02-06T15:24:11.325+0000] {logging_mixin.py:190} INFO - [2025-02-06T15:24:11.325+0000] {dag.py:3239} INFO - Sync 1 DAGs
[2025-02-06T15:24:11.345+0000] {logging_mixin.py:190} INFO - [2025-02-06T15:24:11.345+0000] {dag.py:4180} INFO - Setting next_dagrun for example_branch_python_operator_decorator to 2025-02-05 00:00:00+00:00, run_after=2025-02-06 00:00:00+00:00
[2025-02-06T15:24:11.360+0000] {processor.py:208} INFO - Processing /home/airflow/.local/lib/python3.12/site-packages/airflow/example_dags/example_branch_operator_decorator.py took 0.079 seconds
[2025-02-06T16:07:21.202+0000] {processor.py:157} INFO - Started process (PID=272) to work on /home/airflow/.local/lib/python3.8/site-packages/airflow/example_dags/example_branch_operator_decorator.py
[2025-02-06T16:07:21.202+0000] {processor.py:829} INFO - Processing file /home/airflow/.local/lib/python3.8/site-packages/airflow/example_dags/example_branch_operator_decorator.py for tasks to queue
[2025-02-06T16:07:21.203+0000] {logging_mixin.py:151} INFO - [2025-02-06T16:07:21.203+0000] {dagbag.py:539} INFO - Filling up the DagBag from /home/airflow/.local/lib/python3.8/site-packages/airflow/example_dags/example_branch_operator_decorator.py
[2025-02-06T16:07:21.212+0000] {processor.py:839} INFO - DAG(s) dict_keys(['example_branch_python_operator_decorator']) retrieved from /home/airflow/.local/lib/python3.8/site-packages/airflow/example_dags/example_branch_operator_decorator.py
[2025-02-06T16:07:21.221+0000] {logging_mixin.py:151} INFO - [2025-02-06T16:07:21.221+0000] {dag.py:2915} INFO - Sync 1 DAGs
[2025-02-06T16:07:21.232+0000] {logging_mixin.py:151} INFO - [2025-02-06T16:07:21.232+0000] {dag.py:2937} INFO - Creating ORM DAG for example_branch_python_operator_decorator
[2025-02-06T16:07:21.242+0000] {logging_mixin.py:151} INFO - [2025-02-06T16:07:21.242+0000] {dag.py:3696} INFO - Setting next_dagrun for example_branch_python_operator_decorator to 2025-02-05T00:00:00+00:00, run_after=2025-02-06T00:00:00+00:00
[2025-02-06T16:07:25.259+0000] {processor.py:179} INFO - Processing /home/airflow/.local/lib/python3.8/site-packages/airflow/example_dags/example_branch_operator_decorator.py took 0.177 seconds
[2025-02-06T16:07:58.417+0000] {processor.py:157} INFO - Started process (PID=541) to work on /home/airflow/.local/lib/python3.8/site-packages/airflow/example_dags/example_branch_operator_decorator.py
[2025-02-06T16:07:58.418+0000] {processor.py:829} INFO - Processing file /home/airflow/.local/lib/python3.8/site-packages/airflow/example_dags/example_branch_operator_decorator.py for tasks to queue
[2025-02-06T16:07:58.419+0000] {logging_mixin.py:151} INFO - [2025-02-06T16:07:58.418+0000] {dagbag.py:539} INFO - Filling up the DagBag from /home/airflow/.local/lib/python3.8/site-packages/airflow/example_dags/example_branch_operator_decorator.py
[2025-02-06T16:07:58.429+0000] {processor.py:839} INFO - DAG(s) dict_keys(['example_branch_python_operator_decorator']) retrieved from /home/airflow/.local/lib/python3.8/site-packages/airflow/example_dags/example_branch_operator_decorator.py
[2025-02-06T16:07:58.442+0000] {logging_mixin.py:151} INFO - [2025-02-06T16:07:58.442+0000] {dag.py:2915} INFO - Sync 1 DAGs
[2025-02-06T16:07:58.463+0000] {logging_mixin.py:151} INFO - [2025-02-06T16:07:58.463+0000] {dag.py:3696} INFO - Setting next_dagrun for example_branch_python_operator_decorator to 2025-02-05T00:00:00+00:00, run_after=2025-02-06T00:00:00+00:00
[2025-02-06T16:07:58.479+0000] {processor.py:179} INFO - Processing /home/airflow/.local/lib/python3.8/site-packages/airflow/example_dags/example_branch_operator_decorator.py took 0.066 seconds
[2025-02-06T16:08:30.823+0000] {processor.py:157} INFO - Started process (PID=808) to work on /home/airflow/.local/lib/python3.8/site-packages/airflow/example_dags/example_branch_operator_decorator.py
[2025-02-06T16:08:30.824+0000] {processor.py:829} INFO - Processing file /home/airflow/.local/lib/python3.8/site-packages/airflow/example_dags/example_branch_operator_decorator.py for tasks to queue
[2025-02-06T16:08:30.825+0000] {logging_mixin.py:151} INFO - [2025-02-06T16:08:30.825+0000] {dagbag.py:539} INFO - Filling up the DagBag from /home/airflow/.local/lib/python3.8/site-packages/airflow/example_dags/example_branch_operator_decorator.py
[2025-02-06T16:08:30.835+0000] {processor.py:839} INFO - DAG(s) dict_keys(['example_branch_python_operator_decorator']) retrieved from /home/airflow/.local/lib/python3.8/site-packages/airflow/example_dags/example_branch_operator_decorator.py
[2025-02-06T16:08:30.861+0000] {logging_mixin.py:151} INFO - [2025-02-06T16:08:30.860+0000] {dag.py:2915} INFO - Sync 1 DAGs
[2025-02-06T16:08:30.883+0000] {logging_mixin.py:151} INFO - [2025-02-06T16:08:30.883+0000] {dag.py:3696} INFO - Setting next_dagrun for example_branch_python_operator_decorator to 2025-02-05T00:00:00+00:00, run_after=2025-02-06T00:00:00+00:00
[2025-02-06T16:08:30.900+0000] {processor.py:179} INFO - Processing /home/airflow/.local/lib/python3.8/site-packages/airflow/example_dags/example_branch_operator_decorator.py took 0.080 seconds
[2025-02-06T16:09:03.555+0000] {processor.py:157} INFO - Started process (PID=1069) to work on /home/airflow/.local/lib/python3.8/site-packages/airflow/example_dags/example_branch_operator_decorator.py
[2025-02-06T16:09:03.556+0000] {processor.py:829} INFO - Processing file /home/airflow/.local/lib/python3.8/site-packages/airflow/example_dags/example_branch_operator_decorator.py for tasks to queue
[2025-02-06T16:09:03.556+0000] {logging_mixin.py:151} INFO - [2025-02-06T16:09:03.556+0000] {dagbag.py:539} INFO - Filling up the DagBag from /home/airflow/.local/lib/python3.8/site-packages/airflow/example_dags/example_branch_operator_decorator.py
[2025-02-06T16:09:03.566+0000] {processor.py:839} INFO - DAG(s) dict_keys(['example_branch_python_operator_decorator']) retrieved from /home/airflow/.local/lib/python3.8/site-packages/airflow/example_dags/example_branch_operator_decorator.py
[2025-02-06T16:09:03.592+0000] {logging_mixin.py:151} INFO - [2025-02-06T16:09:03.591+0000] {dag.py:2915} INFO - Sync 1 DAGs
[2025-02-06T16:09:03.612+0000] {logging_mixin.py:151} INFO - [2025-02-06T16:09:03.612+0000] {dag.py:3696} INFO - Setting next_dagrun for example_branch_python_operator_decorator to 2025-02-05T00:00:00+00:00, run_after=2025-02-06T00:00:00+00:00
[2025-02-06T16:09:03.627+0000] {processor.py:179} INFO - Processing /home/airflow/.local/lib/python3.8/site-packages/airflow/example_dags/example_branch_operator_decorator.py took 0.076 seconds
[2025-02-06T16:09:36.728+0000] {processor.py:157} INFO - Started process (PID=1330) to work on /home/airflow/.local/lib/python3.8/site-packages/airflow/example_dags/example_branch_operator_decorator.py
[2025-02-06T16:09:36.730+0000] {processor.py:829} INFO - Processing file /home/airflow/.local/lib/python3.8/site-packages/airflow/example_dags/example_branch_operator_decorator.py for tasks to queue
[2025-02-06T16:09:36.731+0000] {logging_mixin.py:151} INFO - [2025-02-06T16:09:36.730+0000] {dagbag.py:539} INFO - Filling up the DagBag from /home/airflow/.local/lib/python3.8/site-packages/airflow/example_dags/example_branch_operator_decorator.py
[2025-02-06T16:09:36.742+0000] {processor.py:839} INFO - DAG(s) dict_keys(['example_branch_python_operator_decorator']) retrieved from /home/airflow/.local/lib/python3.8/site-packages/airflow/example_dags/example_branch_operator_decorator.py
[2025-02-06T16:09:36.771+0000] {logging_mixin.py:151} INFO - [2025-02-06T16:09:36.770+0000] {dag.py:2915} INFO - Sync 1 DAGs
[2025-02-06T16:09:36.795+0000] {logging_mixin.py:151} INFO - [2025-02-06T16:09:36.794+0000] {dag.py:3696} INFO - Setting next_dagrun for example_branch_python_operator_decorator to 2025-02-05T00:00:00+00:00, run_after=2025-02-06T00:00:00+00:00
[2025-02-06T16:09:36.815+0000] {processor.py:179} INFO - Processing /home/airflow/.local/lib/python3.8/site-packages/airflow/example_dags/example_branch_operator_decorator.py took 0.092 seconds
[2025-02-06T16:10:09.483+0000] {processor.py:157} INFO - Started process (PID=1591) to work on /home/airflow/.local/lib/python3.8/site-packages/airflow/example_dags/example_branch_operator_decorator.py
[2025-02-06T16:10:09.484+0000] {processor.py:829} INFO - Processing file /home/airflow/.local/lib/python3.8/site-packages/airflow/example_dags/example_branch_operator_decorator.py for tasks to queue
[2025-02-06T16:10:09.484+0000] {logging_mixin.py:151} INFO - [2025-02-06T16:10:09.484+0000] {dagbag.py:539} INFO - Filling up the DagBag from /home/airflow/.local/lib/python3.8/site-packages/airflow/example_dags/example_branch_operator_decorator.py
[2025-02-06T16:10:09.494+0000] {processor.py:839} INFO - DAG(s) dict_keys(['example_branch_python_operator_decorator']) retrieved from /home/airflow/.local/lib/python3.8/site-packages/airflow/example_dags/example_branch_operator_decorator.py
[2025-02-06T16:10:09.553+0000] {logging_mixin.py:151} INFO - [2025-02-06T16:10:09.553+0000] {dag.py:2915} INFO - Sync 1 DAGs
[2025-02-06T16:10:09.575+0000] {logging_mixin.py:151} INFO - [2025-02-06T16:10:09.575+0000] {dag.py:3696} INFO - Setting next_dagrun for example_branch_python_operator_decorator to 2025-02-05T00:00:00+00:00, run_after=2025-02-06T00:00:00+00:00
[2025-02-06T16:10:09.592+0000] {processor.py:179} INFO - Processing /home/airflow/.local/lib/python3.8/site-packages/airflow/example_dags/example_branch_operator_decorator.py took 0.112 seconds
[2025-02-06T16:10:42.194+0000] {processor.py:157} INFO - Started process (PID=1852) to work on /home/airflow/.local/lib/python3.8/site-packages/airflow/example_dags/example_branch_operator_decorator.py
[2025-02-06T16:10:42.195+0000] {processor.py:829} INFO - Processing file /home/airflow/.local/lib/python3.8/site-packages/airflow/example_dags/example_branch_operator_decorator.py for tasks to queue
[2025-02-06T16:10:42.196+0000] {logging_mixin.py:151} INFO - [2025-02-06T16:10:42.196+0000] {dagbag.py:539} INFO - Filling up the DagBag from /home/airflow/.local/lib/python3.8/site-packages/airflow/example_dags/example_branch_operator_decorator.py
[2025-02-06T16:10:42.207+0000] {processor.py:839} INFO - DAG(s) dict_keys(['example_branch_python_operator_decorator']) retrieved from /home/airflow/.local/lib/python3.8/site-packages/airflow/example_dags/example_branch_operator_decorator.py
[2025-02-06T16:10:42.237+0000] {logging_mixin.py:151} INFO - [2025-02-06T16:10:42.237+0000] {dag.py:2915} INFO - Sync 1 DAGs
[2025-02-06T16:10:42.260+0000] {logging_mixin.py:151} INFO - [2025-02-06T16:10:42.259+0000] {dag.py:3696} INFO - Setting next_dagrun for example_branch_python_operator_decorator to 2025-02-05T00:00:00+00:00, run_after=2025-02-06T00:00:00+00:00
[2025-02-06T16:10:42.281+0000] {processor.py:179} INFO - Processing /home/airflow/.local/lib/python3.8/site-packages/airflow/example_dags/example_branch_operator_decorator.py took 0.090 seconds
[2025-02-06T16:11:14.713+0000] {processor.py:157} INFO - Started process (PID=2113) to work on /home/airflow/.local/lib/python3.8/site-packages/airflow/example_dags/example_branch_operator_decorator.py
[2025-02-06T16:11:14.714+0000] {processor.py:829} INFO - Processing file /home/airflow/.local/lib/python3.8/site-packages/airflow/example_dags/example_branch_operator_decorator.py for tasks to queue
[2025-02-06T16:11:14.715+0000] {logging_mixin.py:151} INFO - [2025-02-06T16:11:14.714+0000] {dagbag.py:539} INFO - Filling up the DagBag from /home/airflow/.local/lib/python3.8/site-packages/airflow/example_dags/example_branch_operator_decorator.py
[2025-02-06T16:11:14.726+0000] {processor.py:839} INFO - DAG(s) dict_keys(['example_branch_python_operator_decorator']) retrieved from /home/airflow/.local/lib/python3.8/site-packages/airflow/example_dags/example_branch_operator_decorator.py
[2025-02-06T16:11:14.760+0000] {logging_mixin.py:151} INFO - [2025-02-06T16:11:14.759+0000] {dag.py:2915} INFO - Sync 1 DAGs
[2025-02-06T16:11:14.781+0000] {logging_mixin.py:151} INFO - [2025-02-06T16:11:14.781+0000] {dag.py:3696} INFO - Setting next_dagrun for example_branch_python_operator_decorator to 2025-02-05T00:00:00+00:00, run_after=2025-02-06T00:00:00+00:00
[2025-02-06T16:11:14.800+0000] {processor.py:179} INFO - Processing /home/airflow/.local/lib/python3.8/site-packages/airflow/example_dags/example_branch_operator_decorator.py took 0.090 seconds
[2025-02-06T16:11:47.693+0000] {processor.py:157} INFO - Started process (PID=2374) to work on /home/airflow/.local/lib/python3.8/site-packages/airflow/example_dags/example_branch_operator_decorator.py
[2025-02-06T16:11:47.694+0000] {processor.py:829} INFO - Processing file /home/airflow/.local/lib/python3.8/site-packages/airflow/example_dags/example_branch_operator_decorator.py for tasks to queue
[2025-02-06T16:11:47.695+0000] {logging_mixin.py:151} INFO - [2025-02-06T16:11:47.695+0000] {dagbag.py:539} INFO - Filling up the DagBag from /home/airflow/.local/lib/python3.8/site-packages/airflow/example_dags/example_branch_operator_decorator.py
[2025-02-06T16:11:47.708+0000] {processor.py:839} INFO - DAG(s) dict_keys(['example_branch_python_operator_decorator']) retrieved from /home/airflow/.local/lib/python3.8/site-packages/airflow/example_dags/example_branch_operator_decorator.py
[2025-02-06T16:11:47.759+0000] {logging_mixin.py:151} INFO - [2025-02-06T16:11:47.759+0000] {dag.py:2915} INFO - Sync 1 DAGs
[2025-02-06T16:11:47.788+0000] {logging_mixin.py:151} INFO - [2025-02-06T16:11:47.787+0000] {dag.py:3696} INFO - Setting next_dagrun for example_branch_python_operator_decorator to 2025-02-05T00:00:00+00:00, run_after=2025-02-06T00:00:00+00:00
[2025-02-06T16:11:47.810+0000] {processor.py:179} INFO - Processing /home/airflow/.local/lib/python3.8/site-packages/airflow/example_dags/example_branch_operator_decorator.py took 0.120 seconds
[2025-02-06T16:12:21.239+0000] {processor.py:157} INFO - Started process (PID=2635) to work on /home/airflow/.local/lib/python3.8/site-packages/airflow/example_dags/example_branch_operator_decorator.py
[2025-02-06T16:12:21.240+0000] {processor.py:829} INFO - Processing file /home/airflow/.local/lib/python3.8/site-packages/airflow/example_dags/example_branch_operator_decorator.py for tasks to queue
[2025-02-06T16:12:21.240+0000] {logging_mixin.py:151} INFO - [2025-02-06T16:12:21.240+0000] {dagbag.py:539} INFO - Filling up the DagBag from /home/airflow/.local/lib/python3.8/site-packages/airflow/example_dags/example_branch_operator_decorator.py
[2025-02-06T16:12:21.249+0000] {processor.py:839} INFO - DAG(s) dict_keys(['example_branch_python_operator_decorator']) retrieved from /home/airflow/.local/lib/python3.8/site-packages/airflow/example_dags/example_branch_operator_decorator.py
[2025-02-06T16:12:21.289+0000] {logging_mixin.py:151} INFO - [2025-02-06T16:12:21.289+0000] {dag.py:2915} INFO - Sync 1 DAGs
[2025-02-06T16:12:21.309+0000] {logging_mixin.py:151} INFO - [2025-02-06T16:12:21.309+0000] {dag.py:3696} INFO - Setting next_dagrun for example_branch_python_operator_decorator to 2025-02-05T00:00:00+00:00, run_after=2025-02-06T00:00:00+00:00
[2025-02-06T16:12:21.324+0000] {processor.py:179} INFO - Processing /home/airflow/.local/lib/python3.8/site-packages/airflow/example_dags/example_branch_operator_decorator.py took 0.088 seconds
[2025-02-06T16:12:53.280+0000] {processor.py:157} INFO - Started process (PID=2899) to work on /home/airflow/.local/lib/python3.8/site-packages/airflow/example_dags/example_branch_operator_decorator.py
[2025-02-06T16:12:53.281+0000] {processor.py:829} INFO - Processing file /home/airflow/.local/lib/python3.8/site-packages/airflow/example_dags/example_branch_operator_decorator.py for tasks to queue
[2025-02-06T16:12:53.282+0000] {logging_mixin.py:151} INFO - [2025-02-06T16:12:53.282+0000] {dagbag.py:539} INFO - Filling up the DagBag from /home/airflow/.local/lib/python3.8/site-packages/airflow/example_dags/example_branch_operator_decorator.py
[2025-02-06T16:12:53.293+0000] {processor.py:839} INFO - DAG(s) dict_keys(['example_branch_python_operator_decorator']) retrieved from /home/airflow/.local/lib/python3.8/site-packages/airflow/example_dags/example_branch_operator_decorator.py
[2025-02-06T16:12:53.316+0000] {logging_mixin.py:151} INFO - [2025-02-06T16:12:53.316+0000] {dag.py:2915} INFO - Sync 1 DAGs
[2025-02-06T16:12:53.339+0000] {logging_mixin.py:151} INFO - [2025-02-06T16:12:53.339+0000] {dag.py:3696} INFO - Setting next_dagrun for example_branch_python_operator_decorator to 2025-02-05T00:00:00+00:00, run_after=2025-02-06T00:00:00+00:00
[2025-02-06T16:12:53.360+0000] {processor.py:179} INFO - Processing /home/airflow/.local/lib/python3.8/site-packages/airflow/example_dags/example_branch_operator_decorator.py took 0.084 seconds
[2025-02-06T16:13:25.904+0000] {processor.py:157} INFO - Started process (PID=3160) to work on /home/airflow/.local/lib/python3.8/site-packages/airflow/example_dags/example_branch_operator_decorator.py
[2025-02-06T16:13:25.905+0000] {processor.py:829} INFO - Processing file /home/airflow/.local/lib/python3.8/site-packages/airflow/example_dags/example_branch_operator_decorator.py for tasks to queue
[2025-02-06T16:13:25.906+0000] {logging_mixin.py:151} INFO - [2025-02-06T16:13:25.906+0000] {dagbag.py:539} INFO - Filling up the DagBag from /home/airflow/.local/lib/python3.8/site-packages/airflow/example_dags/example_branch_operator_decorator.py
[2025-02-06T16:13:25.918+0000] {processor.py:839} INFO - DAG(s) dict_keys(['example_branch_python_operator_decorator']) retrieved from /home/airflow/.local/lib/python3.8/site-packages/airflow/example_dags/example_branch_operator_decorator.py
[2025-02-06T16:13:25.979+0000] {logging_mixin.py:151} INFO - [2025-02-06T16:13:25.978+0000] {dag.py:2915} INFO - Sync 1 DAGs
[2025-02-06T16:13:26.002+0000] {logging_mixin.py:151} INFO - [2025-02-06T16:13:26.002+0000] {dag.py:3696} INFO - Setting next_dagrun for example_branch_python_operator_decorator to 2025-02-05T00:00:00+00:00, run_after=2025-02-06T00:00:00+00:00
[2025-02-06T16:13:26.021+0000] {processor.py:179} INFO - Processing /home/airflow/.local/lib/python3.8/site-packages/airflow/example_dags/example_branch_operator_decorator.py took 0.120 seconds
[2025-02-06T16:13:58.964+0000] {processor.py:157} INFO - Started process (PID=3421) to work on /home/airflow/.local/lib/python3.8/site-packages/airflow/example_dags/example_branch_operator_decorator.py
[2025-02-06T16:13:58.966+0000] {processor.py:829} INFO - Processing file /home/airflow/.local/lib/python3.8/site-packages/airflow/example_dags/example_branch_operator_decorator.py for tasks to queue
[2025-02-06T16:13:58.967+0000] {logging_mixin.py:151} INFO - [2025-02-06T16:13:58.967+0000] {dagbag.py:539} INFO - Filling up the DagBag from /home/airflow/.local/lib/python3.8/site-packages/airflow/example_dags/example_branch_operator_decorator.py
[2025-02-06T16:13:58.979+0000] {processor.py:839} INFO - DAG(s) dict_keys(['example_branch_python_operator_decorator']) retrieved from /home/airflow/.local/lib/python3.8/site-packages/airflow/example_dags/example_branch_operator_decorator.py
[2025-02-06T16:13:59.027+0000] {logging_mixin.py:151} INFO - [2025-02-06T16:13:59.027+0000] {dag.py:2915} INFO - Sync 1 DAGs
[2025-02-06T16:13:59.051+0000] {logging_mixin.py:151} INFO - [2025-02-06T16:13:59.051+0000] {dag.py:3696} INFO - Setting next_dagrun for example_branch_python_operator_decorator to 2025-02-05T00:00:00+00:00, run_after=2025-02-06T00:00:00+00:00
[2025-02-06T16:13:59.071+0000] {processor.py:179} INFO - Processing /home/airflow/.local/lib/python3.8/site-packages/airflow/example_dags/example_branch_operator_decorator.py took 0.109 seconds
[2025-02-06T16:14:31.369+0000] {processor.py:157} INFO - Started process (PID=3682) to work on /home/airflow/.local/lib/python3.8/site-packages/airflow/example_dags/example_branch_operator_decorator.py
[2025-02-06T16:14:31.370+0000] {processor.py:829} INFO - Processing file /home/airflow/.local/lib/python3.8/site-packages/airflow/example_dags/example_branch_operator_decorator.py for tasks to queue
[2025-02-06T16:14:31.371+0000] {logging_mixin.py:151} INFO - [2025-02-06T16:14:31.370+0000] {dagbag.py:539} INFO - Filling up the DagBag from /home/airflow/.local/lib/python3.8/site-packages/airflow/example_dags/example_branch_operator_decorator.py
[2025-02-06T16:14:31.382+0000] {processor.py:839} INFO - DAG(s) dict_keys(['example_branch_python_operator_decorator']) retrieved from /home/airflow/.local/lib/python3.8/site-packages/airflow/example_dags/example_branch_operator_decorator.py
[2025-02-06T16:14:31.446+0000] {logging_mixin.py:151} INFO - [2025-02-06T16:14:31.446+0000] {dag.py:2915} INFO - Sync 1 DAGs
[2025-02-06T16:14:31.470+0000] {logging_mixin.py:151} INFO - [2025-02-06T16:14:31.469+0000] {dag.py:3696} INFO - Setting next_dagrun for example_branch_python_operator_decorator to 2025-02-05T00:00:00+00:00, run_after=2025-02-06T00:00:00+00:00
[2025-02-06T16:14:31.487+0000] {processor.py:179} INFO - Processing /home/airflow/.local/lib/python3.8/site-packages/airflow/example_dags/example_branch_operator_decorator.py took 0.121 seconds
[2025-02-06T16:15:05.123+0000] {processor.py:157} INFO - Started process (PID=3962) to work on /home/airflow/.local/lib/python3.8/site-packages/airflow/example_dags/example_branch_operator_decorator.py
[2025-02-06T16:15:05.125+0000] {processor.py:829} INFO - Processing file /home/airflow/.local/lib/python3.8/site-packages/airflow/example_dags/example_branch_operator_decorator.py for tasks to queue
[2025-02-06T16:15:05.125+0000] {logging_mixin.py:151} INFO - [2025-02-06T16:15:05.125+0000] {dagbag.py:539} INFO - Filling up the DagBag from /home/airflow/.local/lib/python3.8/site-packages/airflow/example_dags/example_branch_operator_decorator.py
[2025-02-06T16:15:05.136+0000] {processor.py:839} INFO - DAG(s) dict_keys(['example_branch_python_operator_decorator']) retrieved from /home/airflow/.local/lib/python3.8/site-packages/airflow/example_dags/example_branch_operator_decorator.py
[2025-02-06T16:15:05.156+0000] {logging_mixin.py:151} INFO - [2025-02-06T16:15:05.155+0000] {dag.py:2915} INFO - Sync 1 DAGs
[2025-02-06T16:15:05.177+0000] {logging_mixin.py:151} INFO - [2025-02-06T16:15:05.176+0000] {dag.py:3696} INFO - Setting next_dagrun for example_branch_python_operator_decorator to 2025-02-05T00:00:00+00:00, run_after=2025-02-06T00:00:00+00:00
[2025-02-06T16:15:05.192+0000] {processor.py:179} INFO - Processing /home/airflow/.local/lib/python3.8/site-packages/airflow/example_dags/example_branch_operator_decorator.py took 0.072 seconds
[2025-02-06T16:15:37.748+0000] {processor.py:157} INFO - Started process (PID=4223) to work on /home/airflow/.local/lib/python3.8/site-packages/airflow/example_dags/example_branch_operator_decorator.py
[2025-02-06T16:15:37.749+0000] {processor.py:829} INFO - Processing file /home/airflow/.local/lib/python3.8/site-packages/airflow/example_dags/example_branch_operator_decorator.py for tasks to queue
[2025-02-06T16:15:37.750+0000] {logging_mixin.py:151} INFO - [2025-02-06T16:15:37.750+0000] {dagbag.py:539} INFO - Filling up the DagBag from /home/airflow/.local/lib/python3.8/site-packages/airflow/example_dags/example_branch_operator_decorator.py
[2025-02-06T16:15:37.763+0000] {processor.py:839} INFO - DAG(s) dict_keys(['example_branch_python_operator_decorator']) retrieved from /home/airflow/.local/lib/python3.8/site-packages/airflow/example_dags/example_branch_operator_decorator.py
[2025-02-06T16:15:37.787+0000] {logging_mixin.py:151} INFO - [2025-02-06T16:15:37.787+0000] {dag.py:2915} INFO - Sync 1 DAGs
[2025-02-06T16:15:37.811+0000] {logging_mixin.py:151} INFO - [2025-02-06T16:15:37.811+0000] {dag.py:3696} INFO - Setting next_dagrun for example_branch_python_operator_decorator to 2025-02-05T00:00:00+00:00, run_after=2025-02-06T00:00:00+00:00
[2025-02-06T16:15:37.830+0000] {processor.py:179} INFO - Processing /home/airflow/.local/lib/python3.8/site-packages/airflow/example_dags/example_branch_operator_decorator.py took 0.085 seconds
[2025-02-06T16:16:10.381+0000] {processor.py:157} INFO - Started process (PID=4487) to work on /home/airflow/.local/lib/python3.8/site-packages/airflow/example_dags/example_branch_operator_decorator.py
[2025-02-06T16:16:10.382+0000] {processor.py:829} INFO - Processing file /home/airflow/.local/lib/python3.8/site-packages/airflow/example_dags/example_branch_operator_decorator.py for tasks to queue
[2025-02-06T16:16:10.383+0000] {logging_mixin.py:151} INFO - [2025-02-06T16:16:10.383+0000] {dagbag.py:539} INFO - Filling up the DagBag from /home/airflow/.local/lib/python3.8/site-packages/airflow/example_dags/example_branch_operator_decorator.py
[2025-02-06T16:16:10.392+0000] {processor.py:839} INFO - DAG(s) dict_keys(['example_branch_python_operator_decorator']) retrieved from /home/airflow/.local/lib/python3.8/site-packages/airflow/example_dags/example_branch_operator_decorator.py
[2025-02-06T16:16:10.422+0000] {logging_mixin.py:151} INFO - [2025-02-06T16:16:10.422+0000] {dag.py:2915} INFO - Sync 1 DAGs
[2025-02-06T16:16:10.447+0000] {logging_mixin.py:151} INFO - [2025-02-06T16:16:10.447+0000] {dag.py:3696} INFO - Setting next_dagrun for example_branch_python_operator_decorator to 2025-02-05T00:00:00+00:00, run_after=2025-02-06T00:00:00+00:00
[2025-02-06T16:16:10.473+0000] {processor.py:179} INFO - Processing /home/airflow/.local/lib/python3.8/site-packages/airflow/example_dags/example_branch_operator_decorator.py took 0.096 seconds
[2025-02-06T16:16:44.452+0000] {processor.py:157} INFO - Started process (PID=4799) to work on /home/airflow/.local/lib/python3.8/site-packages/airflow/example_dags/example_branch_operator_decorator.py
[2025-02-06T16:16:44.453+0000] {processor.py:829} INFO - Processing file /home/airflow/.local/lib/python3.8/site-packages/airflow/example_dags/example_branch_operator_decorator.py for tasks to queue
[2025-02-06T16:16:44.454+0000] {logging_mixin.py:151} INFO - [2025-02-06T16:16:44.454+0000] {dagbag.py:539} INFO - Filling up the DagBag from /home/airflow/.local/lib/python3.8/site-packages/airflow/example_dags/example_branch_operator_decorator.py
[2025-02-06T16:16:44.463+0000] {processor.py:839} INFO - DAG(s) dict_keys(['example_branch_python_operator_decorator']) retrieved from /home/airflow/.local/lib/python3.8/site-packages/airflow/example_dags/example_branch_operator_decorator.py
[2025-02-06T16:16:44.483+0000] {logging_mixin.py:151} INFO - [2025-02-06T16:16:44.483+0000] {dag.py:2915} INFO - Sync 1 DAGs
[2025-02-06T16:16:44.503+0000] {logging_mixin.py:151} INFO - [2025-02-06T16:16:44.503+0000] {dag.py:3696} INFO - Setting next_dagrun for example_branch_python_operator_decorator to 2025-02-05T00:00:00+00:00, run_after=2025-02-06T00:00:00+00:00
[2025-02-06T16:16:44.518+0000] {processor.py:179} INFO - Processing /home/airflow/.local/lib/python3.8/site-packages/airflow/example_dags/example_branch_operator_decorator.py took 0.068 seconds
[2025-02-06T16:17:16.675+0000] {processor.py:157} INFO - Started process (PID=5060) to work on /home/airflow/.local/lib/python3.8/site-packages/airflow/example_dags/example_branch_operator_decorator.py
[2025-02-06T16:17:16.676+0000] {processor.py:829} INFO - Processing file /home/airflow/.local/lib/python3.8/site-packages/airflow/example_dags/example_branch_operator_decorator.py for tasks to queue
[2025-02-06T16:17:16.676+0000] {logging_mixin.py:151} INFO - [2025-02-06T16:17:16.676+0000] {dagbag.py:539} INFO - Filling up the DagBag from /home/airflow/.local/lib/python3.8/site-packages/airflow/example_dags/example_branch_operator_decorator.py
[2025-02-06T16:17:16.686+0000] {processor.py:839} INFO - DAG(s) dict_keys(['example_branch_python_operator_decorator']) retrieved from /home/airflow/.local/lib/python3.8/site-packages/airflow/example_dags/example_branch_operator_decorator.py
[2025-02-06T16:17:16.708+0000] {logging_mixin.py:151} INFO - [2025-02-06T16:17:16.708+0000] {dag.py:2915} INFO - Sync 1 DAGs
[2025-02-06T16:17:16.729+0000] {logging_mixin.py:151} INFO - [2025-02-06T16:17:16.729+0000] {dag.py:3696} INFO - Setting next_dagrun for example_branch_python_operator_decorator to 2025-02-05T00:00:00+00:00, run_after=2025-02-06T00:00:00+00:00
[2025-02-06T16:17:16.746+0000] {processor.py:179} INFO - Processing /home/airflow/.local/lib/python3.8/site-packages/airflow/example_dags/example_branch_operator_decorator.py took 0.074 seconds
[2025-02-06T16:17:49.440+0000] {processor.py:157} INFO - Started process (PID=5328) to work on /home/airflow/.local/lib/python3.8/site-packages/airflow/example_dags/example_branch_operator_decorator.py
[2025-02-06T16:17:49.441+0000] {processor.py:829} INFO - Processing file /home/airflow/.local/lib/python3.8/site-packages/airflow/example_dags/example_branch_operator_decorator.py for tasks to queue
[2025-02-06T16:17:49.441+0000] {logging_mixin.py:151} INFO - [2025-02-06T16:17:49.441+0000] {dagbag.py:539} INFO - Filling up the DagBag from /home/airflow/.local/lib/python3.8/site-packages/airflow/example_dags/example_branch_operator_decorator.py
[2025-02-06T16:17:49.449+0000] {processor.py:839} INFO - DAG(s) dict_keys(['example_branch_python_operator_decorator']) retrieved from /home/airflow/.local/lib/python3.8/site-packages/airflow/example_dags/example_branch_operator_decorator.py
[2025-02-06T16:17:49.468+0000] {logging_mixin.py:151} INFO - [2025-02-06T16:17:49.468+0000] {dag.py:2915} INFO - Sync 1 DAGs
[2025-02-06T16:17:49.487+0000] {logging_mixin.py:151} INFO - [2025-02-06T16:17:49.487+0000] {dag.py:3696} INFO - Setting next_dagrun for example_branch_python_operator_decorator to 2025-02-05T00:00:00+00:00, run_after=2025-02-06T00:00:00+00:00
[2025-02-06T16:17:49.501+0000] {processor.py:179} INFO - Processing /home/airflow/.local/lib/python3.8/site-packages/airflow/example_dags/example_branch_operator_decorator.py took 0.064 seconds
[2025-02-06T16:18:22.201+0000] {processor.py:157} INFO - Started process (PID=5587) to work on /home/airflow/.local/lib/python3.8/site-packages/airflow/example_dags/example_branch_operator_decorator.py
[2025-02-06T16:18:22.202+0000] {processor.py:829} INFO - Processing file /home/airflow/.local/lib/python3.8/site-packages/airflow/example_dags/example_branch_operator_decorator.py for tasks to queue
[2025-02-06T16:18:22.203+0000] {logging_mixin.py:151} INFO - [2025-02-06T16:18:22.203+0000] {dagbag.py:539} INFO - Filling up the DagBag from /home/airflow/.local/lib/python3.8/site-packages/airflow/example_dags/example_branch_operator_decorator.py
[2025-02-06T16:18:22.211+0000] {processor.py:839} INFO - DAG(s) dict_keys(['example_branch_python_operator_decorator']) retrieved from /home/airflow/.local/lib/python3.8/site-packages/airflow/example_dags/example_branch_operator_decorator.py
[2025-02-06T16:18:22.231+0000] {logging_mixin.py:151} INFO - [2025-02-06T16:18:22.231+0000] {dag.py:2915} INFO - Sync 1 DAGs
[2025-02-06T16:18:22.251+0000] {logging_mixin.py:151} INFO - [2025-02-06T16:18:22.251+0000] {dag.py:3696} INFO - Setting next_dagrun for example_branch_python_operator_decorator to 2025-02-05T00:00:00+00:00, run_after=2025-02-06T00:00:00+00:00
[2025-02-06T16:18:22.267+0000] {processor.py:179} INFO - Processing /home/airflow/.local/lib/python3.8/site-packages/airflow/example_dags/example_branch_operator_decorator.py took 0.068 seconds
[2025-02-06T16:18:54.851+0000] {processor.py:157} INFO - Started process (PID=5849) to work on /home/airflow/.local/lib/python3.8/site-packages/airflow/example_dags/example_branch_operator_decorator.py
[2025-02-06T16:18:54.852+0000] {processor.py:829} INFO - Processing file /home/airflow/.local/lib/python3.8/site-packages/airflow/example_dags/example_branch_operator_decorator.py for tasks to queue
[2025-02-06T16:18:54.853+0000] {logging_mixin.py:151} INFO - [2025-02-06T16:18:54.853+0000] {dagbag.py:539} INFO - Filling up the DagBag from /home/airflow/.local/lib/python3.8/site-packages/airflow/example_dags/example_branch_operator_decorator.py
[2025-02-06T16:18:54.861+0000] {processor.py:839} INFO - DAG(s) dict_keys(['example_branch_python_operator_decorator']) retrieved from /home/airflow/.local/lib/python3.8/site-packages/airflow/example_dags/example_branch_operator_decorator.py
[2025-02-06T16:18:54.883+0000] {logging_mixin.py:151} INFO - [2025-02-06T16:18:54.883+0000] {dag.py:2915} INFO - Sync 1 DAGs
[2025-02-06T16:18:54.903+0000] {logging_mixin.py:151} INFO - [2025-02-06T16:18:54.903+0000] {dag.py:3696} INFO - Setting next_dagrun for example_branch_python_operator_decorator to 2025-02-05T00:00:00+00:00, run_after=2025-02-06T00:00:00+00:00
[2025-02-06T16:18:54.918+0000] {processor.py:179} INFO - Processing /home/airflow/.local/lib/python3.8/site-packages/airflow/example_dags/example_branch_operator_decorator.py took 0.069 seconds
