[2025-02-06T15:19:06.322+0000] {processor.py:186} INFO - Started process (PID=436) to work on /home/airflow/.local/lib/python3.12/site-packages/airflow/example_dags/example_datasets.py
[2025-02-06T15:19:06.322+0000] {processor.py:914} INFO - Processing file /home/airflow/.local/lib/python3.12/site-packages/airflow/example_dags/example_datasets.py for tasks to queue
[2025-02-06T15:19:06.324+0000] {logging_mixin.py:190} INFO - [2025-02-06T15:19:06.324+0000] {dagbag.py:588} INFO - Filling up the DagBag from /home/airflow/.local/lib/python3.12/site-packages/airflow/example_dags/example_datasets.py
[2025-02-06T15:19:06.429+0000] {processor.py:925} INFO - DAG(s) 'dataset_consumes_1_never_scheduled', 'dataset_produces_1', 'consume_1_or_2_with_dataset_expressions', 'dataset_consumes_unknown_never_scheduled', 'conditional_dataset_and_time_based_timetable', 'dataset_consumes_1_and_2', 'dataset_produces_2', 'dataset_consumes_1', 'consume_1_or_both_2_and_3_with_dataset_expressions', 'consume_1_and_2_with_dataset_expressions' retrieved from /home/airflow/.local/lib/python3.12/site-packages/airflow/example_dags/example_datasets.py
[2025-02-06T15:19:06.465+0000] {logging_mixin.py:190} INFO - [2025-02-06T15:19:06.465+0000] {dag.py:3239} INFO - Sync 10 DAGs
[2025-02-06T15:19:06.488+0000] {logging_mixin.py:190} INFO - [2025-02-06T15:19:06.488+0000] {dag.py:4180} INFO - Setting next_dagrun for conditional_dataset_and_time_based_timetable to 2025-02-05 01:00:00+00:00, run_after=2025-02-05 01:00:00+00:00
[2025-02-06T15:19:06.491+0000] {logging_mixin.py:190} INFO - [2025-02-06T15:19:06.491+0000] {dag.py:4180} INFO - Setting next_dagrun for consume_1_and_2_with_dataset_expressions to None, run_after=None
[2025-02-06T15:19:06.492+0000] {logging_mixin.py:190} INFO - [2025-02-06T15:19:06.492+0000] {dag.py:4180} INFO - Setting next_dagrun for consume_1_or_2_with_dataset_expressions to None, run_after=None
[2025-02-06T15:19:06.493+0000] {logging_mixin.py:190} INFO - [2025-02-06T15:19:06.493+0000] {dag.py:4180} INFO - Setting next_dagrun for consume_1_or_both_2_and_3_with_dataset_expressions to None, run_after=None
[2025-02-06T15:19:06.494+0000] {logging_mixin.py:190} INFO - [2025-02-06T15:19:06.494+0000] {dag.py:4180} INFO - Setting next_dagrun for dataset_consumes_1 to None, run_after=None
[2025-02-06T15:19:06.495+0000] {logging_mixin.py:190} INFO - [2025-02-06T15:19:06.495+0000] {dag.py:4180} INFO - Setting next_dagrun for dataset_consumes_1_and_2 to None, run_after=None
[2025-02-06T15:19:06.496+0000] {logging_mixin.py:190} INFO - [2025-02-06T15:19:06.495+0000] {dag.py:4180} INFO - Setting next_dagrun for dataset_consumes_1_never_scheduled to None, run_after=None
[2025-02-06T15:19:06.497+0000] {logging_mixin.py:190} INFO - [2025-02-06T15:19:06.496+0000] {dag.py:4180} INFO - Setting next_dagrun for dataset_consumes_unknown_never_scheduled to None, run_after=None
[2025-02-06T15:19:06.498+0000] {logging_mixin.py:190} INFO - [2025-02-06T15:19:06.498+0000] {dag.py:4180} INFO - Setting next_dagrun for dataset_produces_1 to 2025-02-05 00:00:00+00:00, run_after=2025-02-06 00:00:00+00:00
[2025-02-06T15:19:06.499+0000] {logging_mixin.py:190} INFO - [2025-02-06T15:19:06.499+0000] {dag.py:4180} INFO - Setting next_dagrun for dataset_produces_2 to None, run_after=None
[2025-02-06T15:19:06.526+0000] {processor.py:208} INFO - Processing /home/airflow/.local/lib/python3.12/site-packages/airflow/example_dags/example_datasets.py took 0.209 seconds
[2025-02-06T15:19:36.574+0000] {processor.py:186} INFO - Started process (PID=747) to work on /home/airflow/.local/lib/python3.12/site-packages/airflow/example_dags/example_datasets.py
[2025-02-06T15:19:36.575+0000] {processor.py:914} INFO - Processing file /home/airflow/.local/lib/python3.12/site-packages/airflow/example_dags/example_datasets.py for tasks to queue
[2025-02-06T15:19:36.577+0000] {logging_mixin.py:190} INFO - [2025-02-06T15:19:36.577+0000] {dagbag.py:588} INFO - Filling up the DagBag from /home/airflow/.local/lib/python3.12/site-packages/airflow/example_dags/example_datasets.py
[2025-02-06T15:19:36.670+0000] {processor.py:925} INFO - DAG(s) 'dataset_produces_2', 'consume_1_and_2_with_dataset_expressions', 'consume_1_or_both_2_and_3_with_dataset_expressions', 'consume_1_or_2_with_dataset_expressions', 'dataset_consumes_unknown_never_scheduled', 'dataset_consumes_1_never_scheduled', 'dataset_consumes_1', 'conditional_dataset_and_time_based_timetable', 'dataset_produces_1', 'dataset_consumes_1_and_2' retrieved from /home/airflow/.local/lib/python3.12/site-packages/airflow/example_dags/example_datasets.py
[2025-02-06T15:19:36.701+0000] {logging_mixin.py:190} INFO - [2025-02-06T15:19:36.701+0000] {dag.py:3239} INFO - Sync 10 DAGs
[2025-02-06T15:19:36.722+0000] {logging_mixin.py:190} INFO - [2025-02-06T15:19:36.722+0000] {dag.py:4180} INFO - Setting next_dagrun for conditional_dataset_and_time_based_timetable to 2025-02-05 01:00:00+00:00, run_after=2025-02-05 01:00:00+00:00
[2025-02-06T15:19:36.725+0000] {logging_mixin.py:190} INFO - [2025-02-06T15:19:36.725+0000] {dag.py:4180} INFO - Setting next_dagrun for consume_1_and_2_with_dataset_expressions to None, run_after=None
[2025-02-06T15:19:36.726+0000] {logging_mixin.py:190} INFO - [2025-02-06T15:19:36.726+0000] {dag.py:4180} INFO - Setting next_dagrun for consume_1_or_2_with_dataset_expressions to None, run_after=None
[2025-02-06T15:19:36.727+0000] {logging_mixin.py:190} INFO - [2025-02-06T15:19:36.727+0000] {dag.py:4180} INFO - Setting next_dagrun for consume_1_or_both_2_and_3_with_dataset_expressions to None, run_after=None
[2025-02-06T15:19:36.728+0000] {logging_mixin.py:190} INFO - [2025-02-06T15:19:36.727+0000] {dag.py:4180} INFO - Setting next_dagrun for dataset_consumes_1 to None, run_after=None
[2025-02-06T15:19:36.728+0000] {logging_mixin.py:190} INFO - [2025-02-06T15:19:36.728+0000] {dag.py:4180} INFO - Setting next_dagrun for dataset_consumes_1_and_2 to None, run_after=None
[2025-02-06T15:19:36.729+0000] {logging_mixin.py:190} INFO - [2025-02-06T15:19:36.729+0000] {dag.py:4180} INFO - Setting next_dagrun for dataset_consumes_1_never_scheduled to None, run_after=None
[2025-02-06T15:19:36.730+0000] {logging_mixin.py:190} INFO - [2025-02-06T15:19:36.730+0000] {dag.py:4180} INFO - Setting next_dagrun for dataset_consumes_unknown_never_scheduled to None, run_after=None
[2025-02-06T15:19:36.732+0000] {logging_mixin.py:190} INFO - [2025-02-06T15:19:36.732+0000] {dag.py:4180} INFO - Setting next_dagrun for dataset_produces_1 to 2025-02-05 00:00:00+00:00, run_after=2025-02-06 00:00:00+00:00
[2025-02-06T15:19:36.733+0000] {logging_mixin.py:190} INFO - [2025-02-06T15:19:36.733+0000] {dag.py:4180} INFO - Setting next_dagrun for dataset_produces_2 to None, run_after=None
[2025-02-06T15:19:36.757+0000] {processor.py:208} INFO - Processing /home/airflow/.local/lib/python3.12/site-packages/airflow/example_dags/example_datasets.py took 0.187 seconds
[2025-02-06T15:20:07.567+0000] {processor.py:186} INFO - Started process (PID=1042) to work on /home/airflow/.local/lib/python3.12/site-packages/airflow/example_dags/example_datasets.py
[2025-02-06T15:20:07.568+0000] {processor.py:914} INFO - Processing file /home/airflow/.local/lib/python3.12/site-packages/airflow/example_dags/example_datasets.py for tasks to queue
[2025-02-06T15:20:07.570+0000] {logging_mixin.py:190} INFO - [2025-02-06T15:20:07.570+0000] {dagbag.py:588} INFO - Filling up the DagBag from /home/airflow/.local/lib/python3.12/site-packages/airflow/example_dags/example_datasets.py
[2025-02-06T15:20:07.669+0000] {processor.py:925} INFO - DAG(s) 'dataset_consumes_1', 'dataset_consumes_1_and_2', 'consume_1_or_both_2_and_3_with_dataset_expressions', 'consume_1_or_2_with_dataset_expressions', 'dataset_produces_1', 'dataset_consumes_1_never_scheduled', 'dataset_consumes_unknown_never_scheduled', 'conditional_dataset_and_time_based_timetable', 'dataset_produces_2', 'consume_1_and_2_with_dataset_expressions' retrieved from /home/airflow/.local/lib/python3.12/site-packages/airflow/example_dags/example_datasets.py
[2025-02-06T15:20:07.704+0000] {logging_mixin.py:190} INFO - [2025-02-06T15:20:07.703+0000] {dag.py:3239} INFO - Sync 10 DAGs
[2025-02-06T15:20:07.724+0000] {logging_mixin.py:190} INFO - [2025-02-06T15:20:07.724+0000] {dag.py:4180} INFO - Setting next_dagrun for conditional_dataset_and_time_based_timetable to 2025-02-05 01:00:00+00:00, run_after=2025-02-05 01:00:00+00:00
[2025-02-06T15:20:07.727+0000] {logging_mixin.py:190} INFO - [2025-02-06T15:20:07.727+0000] {dag.py:4180} INFO - Setting next_dagrun for consume_1_and_2_with_dataset_expressions to None, run_after=None
[2025-02-06T15:20:07.728+0000] {logging_mixin.py:190} INFO - [2025-02-06T15:20:07.728+0000] {dag.py:4180} INFO - Setting next_dagrun for consume_1_or_2_with_dataset_expressions to None, run_after=None
[2025-02-06T15:20:07.729+0000] {logging_mixin.py:190} INFO - [2025-02-06T15:20:07.729+0000] {dag.py:4180} INFO - Setting next_dagrun for consume_1_or_both_2_and_3_with_dataset_expressions to None, run_after=None
[2025-02-06T15:20:07.730+0000] {logging_mixin.py:190} INFO - [2025-02-06T15:20:07.730+0000] {dag.py:4180} INFO - Setting next_dagrun for dataset_consumes_1 to None, run_after=None
[2025-02-06T15:20:07.732+0000] {logging_mixin.py:190} INFO - [2025-02-06T15:20:07.732+0000] {dag.py:4180} INFO - Setting next_dagrun for dataset_consumes_1_and_2 to None, run_after=None
[2025-02-06T15:20:07.733+0000] {logging_mixin.py:190} INFO - [2025-02-06T15:20:07.733+0000] {dag.py:4180} INFO - Setting next_dagrun for dataset_consumes_1_never_scheduled to None, run_after=None
[2025-02-06T15:20:07.734+0000] {logging_mixin.py:190} INFO - [2025-02-06T15:20:07.734+0000] {dag.py:4180} INFO - Setting next_dagrun for dataset_consumes_unknown_never_scheduled to None, run_after=None
[2025-02-06T15:20:07.736+0000] {logging_mixin.py:190} INFO - [2025-02-06T15:20:07.736+0000] {dag.py:4180} INFO - Setting next_dagrun for dataset_produces_1 to 2025-02-05 00:00:00+00:00, run_after=2025-02-06 00:00:00+00:00
[2025-02-06T15:20:07.737+0000] {logging_mixin.py:190} INFO - [2025-02-06T15:20:07.737+0000] {dag.py:4180} INFO - Setting next_dagrun for dataset_produces_2 to None, run_after=None
[2025-02-06T15:20:07.763+0000] {processor.py:208} INFO - Processing /home/airflow/.local/lib/python3.12/site-packages/airflow/example_dags/example_datasets.py took 0.199 seconds
[2025-02-06T15:20:38.057+0000] {processor.py:186} INFO - Started process (PID=1350) to work on /home/airflow/.local/lib/python3.12/site-packages/airflow/example_dags/example_datasets.py
[2025-02-06T15:20:38.057+0000] {processor.py:914} INFO - Processing file /home/airflow/.local/lib/python3.12/site-packages/airflow/example_dags/example_datasets.py for tasks to queue
[2025-02-06T15:20:38.059+0000] {logging_mixin.py:190} INFO - [2025-02-06T15:20:38.059+0000] {dagbag.py:588} INFO - Filling up the DagBag from /home/airflow/.local/lib/python3.12/site-packages/airflow/example_dags/example_datasets.py
[2025-02-06T15:20:38.159+0000] {processor.py:925} INFO - DAG(s) 'dataset_consumes_1', 'conditional_dataset_and_time_based_timetable', 'dataset_consumes_1_never_scheduled', 'consume_1_and_2_with_dataset_expressions', 'dataset_produces_1', 'dataset_consumes_1_and_2', 'dataset_consumes_unknown_never_scheduled', 'dataset_produces_2', 'consume_1_or_2_with_dataset_expressions', 'consume_1_or_both_2_and_3_with_dataset_expressions' retrieved from /home/airflow/.local/lib/python3.12/site-packages/airflow/example_dags/example_datasets.py
[2025-02-06T15:20:38.190+0000] {logging_mixin.py:190} INFO - [2025-02-06T15:20:38.190+0000] {dag.py:3239} INFO - Sync 10 DAGs
[2025-02-06T15:20:38.211+0000] {logging_mixin.py:190} INFO - [2025-02-06T15:20:38.210+0000] {dag.py:4180} INFO - Setting next_dagrun for conditional_dataset_and_time_based_timetable to 2025-02-05 01:00:00+00:00, run_after=2025-02-05 01:00:00+00:00
[2025-02-06T15:20:38.213+0000] {logging_mixin.py:190} INFO - [2025-02-06T15:20:38.213+0000] {dag.py:4180} INFO - Setting next_dagrun for consume_1_and_2_with_dataset_expressions to None, run_after=None
[2025-02-06T15:20:38.214+0000] {logging_mixin.py:190} INFO - [2025-02-06T15:20:38.214+0000] {dag.py:4180} INFO - Setting next_dagrun for consume_1_or_2_with_dataset_expressions to None, run_after=None
[2025-02-06T15:20:38.215+0000] {logging_mixin.py:190} INFO - [2025-02-06T15:20:38.215+0000] {dag.py:4180} INFO - Setting next_dagrun for consume_1_or_both_2_and_3_with_dataset_expressions to None, run_after=None
[2025-02-06T15:20:38.216+0000] {logging_mixin.py:190} INFO - [2025-02-06T15:20:38.216+0000] {dag.py:4180} INFO - Setting next_dagrun for dataset_consumes_1 to None, run_after=None
[2025-02-06T15:20:38.217+0000] {logging_mixin.py:190} INFO - [2025-02-06T15:20:38.217+0000] {dag.py:4180} INFO - Setting next_dagrun for dataset_consumes_1_and_2 to None, run_after=None
[2025-02-06T15:20:38.218+0000] {logging_mixin.py:190} INFO - [2025-02-06T15:20:38.218+0000] {dag.py:4180} INFO - Setting next_dagrun for dataset_consumes_1_never_scheduled to None, run_after=None
[2025-02-06T15:20:38.219+0000] {logging_mixin.py:190} INFO - [2025-02-06T15:20:38.219+0000] {dag.py:4180} INFO - Setting next_dagrun for dataset_consumes_unknown_never_scheduled to None, run_after=None
[2025-02-06T15:20:38.221+0000] {logging_mixin.py:190} INFO - [2025-02-06T15:20:38.221+0000] {dag.py:4180} INFO - Setting next_dagrun for dataset_produces_1 to 2025-02-05 00:00:00+00:00, run_after=2025-02-06 00:00:00+00:00
[2025-02-06T15:20:38.222+0000] {logging_mixin.py:190} INFO - [2025-02-06T15:20:38.221+0000] {dag.py:4180} INFO - Setting next_dagrun for dataset_produces_2 to None, run_after=None
[2025-02-06T15:20:38.247+0000] {processor.py:208} INFO - Processing /home/airflow/.local/lib/python3.12/site-packages/airflow/example_dags/example_datasets.py took 0.194 seconds
[2025-02-06T15:21:08.902+0000] {processor.py:186} INFO - Started process (PID=1659) to work on /home/airflow/.local/lib/python3.12/site-packages/airflow/example_dags/example_datasets.py
[2025-02-06T15:21:08.903+0000] {processor.py:914} INFO - Processing file /home/airflow/.local/lib/python3.12/site-packages/airflow/example_dags/example_datasets.py for tasks to queue
[2025-02-06T15:21:08.905+0000] {logging_mixin.py:190} INFO - [2025-02-06T15:21:08.905+0000] {dagbag.py:588} INFO - Filling up the DagBag from /home/airflow/.local/lib/python3.12/site-packages/airflow/example_dags/example_datasets.py
[2025-02-06T15:21:09.001+0000] {processor.py:925} INFO - DAG(s) 'consume_1_and_2_with_dataset_expressions', 'consume_1_or_both_2_and_3_with_dataset_expressions', 'conditional_dataset_and_time_based_timetable', 'dataset_consumes_1_and_2', 'dataset_consumes_1', 'dataset_consumes_unknown_never_scheduled', 'dataset_produces_1', 'dataset_produces_2', 'dataset_consumes_1_never_scheduled', 'consume_1_or_2_with_dataset_expressions' retrieved from /home/airflow/.local/lib/python3.12/site-packages/airflow/example_dags/example_datasets.py
[2025-02-06T15:21:09.033+0000] {logging_mixin.py:190} INFO - [2025-02-06T15:21:09.033+0000] {dag.py:3239} INFO - Sync 10 DAGs
[2025-02-06T15:21:09.052+0000] {logging_mixin.py:190} INFO - [2025-02-06T15:21:09.052+0000] {dag.py:4180} INFO - Setting next_dagrun for conditional_dataset_and_time_based_timetable to 2025-02-05 01:00:00+00:00, run_after=2025-02-05 01:00:00+00:00
[2025-02-06T15:21:09.055+0000] {logging_mixin.py:190} INFO - [2025-02-06T15:21:09.055+0000] {dag.py:4180} INFO - Setting next_dagrun for consume_1_and_2_with_dataset_expressions to None, run_after=None
[2025-02-06T15:21:09.056+0000] {logging_mixin.py:190} INFO - [2025-02-06T15:21:09.056+0000] {dag.py:4180} INFO - Setting next_dagrun for consume_1_or_2_with_dataset_expressions to None, run_after=None
[2025-02-06T15:21:09.057+0000] {logging_mixin.py:190} INFO - [2025-02-06T15:21:09.057+0000] {dag.py:4180} INFO - Setting next_dagrun for consume_1_or_both_2_and_3_with_dataset_expressions to None, run_after=None
[2025-02-06T15:21:09.057+0000] {logging_mixin.py:190} INFO - [2025-02-06T15:21:09.057+0000] {dag.py:4180} INFO - Setting next_dagrun for dataset_consumes_1 to None, run_after=None
[2025-02-06T15:21:09.058+0000] {logging_mixin.py:190} INFO - [2025-02-06T15:21:09.058+0000] {dag.py:4180} INFO - Setting next_dagrun for dataset_consumes_1_and_2 to None, run_after=None
[2025-02-06T15:21:09.059+0000] {logging_mixin.py:190} INFO - [2025-02-06T15:21:09.059+0000] {dag.py:4180} INFO - Setting next_dagrun for dataset_consumes_1_never_scheduled to None, run_after=None
[2025-02-06T15:21:09.060+0000] {logging_mixin.py:190} INFO - [2025-02-06T15:21:09.060+0000] {dag.py:4180} INFO - Setting next_dagrun for dataset_consumes_unknown_never_scheduled to None, run_after=None
[2025-02-06T15:21:09.062+0000] {logging_mixin.py:190} INFO - [2025-02-06T15:21:09.062+0000] {dag.py:4180} INFO - Setting next_dagrun for dataset_produces_1 to 2025-02-05 00:00:00+00:00, run_after=2025-02-06 00:00:00+00:00
[2025-02-06T15:21:09.063+0000] {logging_mixin.py:190} INFO - [2025-02-06T15:21:09.063+0000] {dag.py:4180} INFO - Setting next_dagrun for dataset_produces_2 to None, run_after=None
[2025-02-06T15:21:09.090+0000] {processor.py:208} INFO - Processing /home/airflow/.local/lib/python3.12/site-packages/airflow/example_dags/example_datasets.py took 0.192 seconds
[2025-02-06T15:21:39.198+0000] {processor.py:186} INFO - Started process (PID=1972) to work on /home/airflow/.local/lib/python3.12/site-packages/airflow/example_dags/example_datasets.py
[2025-02-06T15:21:39.198+0000] {processor.py:914} INFO - Processing file /home/airflow/.local/lib/python3.12/site-packages/airflow/example_dags/example_datasets.py for tasks to queue
[2025-02-06T15:21:39.200+0000] {logging_mixin.py:190} INFO - [2025-02-06T15:21:39.200+0000] {dagbag.py:588} INFO - Filling up the DagBag from /home/airflow/.local/lib/python3.12/site-packages/airflow/example_dags/example_datasets.py
[2025-02-06T15:21:39.297+0000] {processor.py:925} INFO - DAG(s) 'consume_1_or_both_2_and_3_with_dataset_expressions', 'consume_1_or_2_with_dataset_expressions', 'dataset_consumes_1_and_2', 'dataset_produces_1', 'dataset_consumes_unknown_never_scheduled', 'consume_1_and_2_with_dataset_expressions', 'dataset_consumes_1', 'dataset_produces_2', 'conditional_dataset_and_time_based_timetable', 'dataset_consumes_1_never_scheduled' retrieved from /home/airflow/.local/lib/python3.12/site-packages/airflow/example_dags/example_datasets.py
[2025-02-06T15:21:39.330+0000] {logging_mixin.py:190} INFO - [2025-02-06T15:21:39.330+0000] {dag.py:3239} INFO - Sync 10 DAGs
[2025-02-06T15:21:39.351+0000] {logging_mixin.py:190} INFO - [2025-02-06T15:21:39.351+0000] {dag.py:4180} INFO - Setting next_dagrun for conditional_dataset_and_time_based_timetable to 2025-02-05 01:00:00+00:00, run_after=2025-02-05 01:00:00+00:00
[2025-02-06T15:21:39.354+0000] {logging_mixin.py:190} INFO - [2025-02-06T15:21:39.354+0000] {dag.py:4180} INFO - Setting next_dagrun for consume_1_and_2_with_dataset_expressions to None, run_after=None
[2025-02-06T15:21:39.355+0000] {logging_mixin.py:190} INFO - [2025-02-06T15:21:39.355+0000] {dag.py:4180} INFO - Setting next_dagrun for consume_1_or_2_with_dataset_expressions to None, run_after=None
[2025-02-06T15:21:39.356+0000] {logging_mixin.py:190} INFO - [2025-02-06T15:21:39.356+0000] {dag.py:4180} INFO - Setting next_dagrun for consume_1_or_both_2_and_3_with_dataset_expressions to None, run_after=None
[2025-02-06T15:21:39.356+0000] {logging_mixin.py:190} INFO - [2025-02-06T15:21:39.356+0000] {dag.py:4180} INFO - Setting next_dagrun for dataset_consumes_1 to None, run_after=None
[2025-02-06T15:21:39.357+0000] {logging_mixin.py:190} INFO - [2025-02-06T15:21:39.357+0000] {dag.py:4180} INFO - Setting next_dagrun for dataset_consumes_1_and_2 to None, run_after=None
[2025-02-06T15:21:39.358+0000] {logging_mixin.py:190} INFO - [2025-02-06T15:21:39.358+0000] {dag.py:4180} INFO - Setting next_dagrun for dataset_consumes_1_never_scheduled to None, run_after=None
[2025-02-06T15:21:39.359+0000] {logging_mixin.py:190} INFO - [2025-02-06T15:21:39.359+0000] {dag.py:4180} INFO - Setting next_dagrun for dataset_consumes_unknown_never_scheduled to None, run_after=None
[2025-02-06T15:21:39.361+0000] {logging_mixin.py:190} INFO - [2025-02-06T15:21:39.361+0000] {dag.py:4180} INFO - Setting next_dagrun for dataset_produces_1 to 2025-02-05 00:00:00+00:00, run_after=2025-02-06 00:00:00+00:00
[2025-02-06T15:21:39.362+0000] {logging_mixin.py:190} INFO - [2025-02-06T15:21:39.362+0000] {dag.py:4180} INFO - Setting next_dagrun for dataset_produces_2 to None, run_after=None
[2025-02-06T15:21:39.393+0000] {processor.py:208} INFO - Processing /home/airflow/.local/lib/python3.12/site-packages/airflow/example_dags/example_datasets.py took 0.199 seconds
[2025-02-06T15:22:09.715+0000] {processor.py:186} INFO - Started process (PID=2271) to work on /home/airflow/.local/lib/python3.12/site-packages/airflow/example_dags/example_datasets.py
[2025-02-06T15:22:09.716+0000] {processor.py:914} INFO - Processing file /home/airflow/.local/lib/python3.12/site-packages/airflow/example_dags/example_datasets.py for tasks to queue
[2025-02-06T15:22:09.717+0000] {logging_mixin.py:190} INFO - [2025-02-06T15:22:09.717+0000] {dagbag.py:588} INFO - Filling up the DagBag from /home/airflow/.local/lib/python3.12/site-packages/airflow/example_dags/example_datasets.py
[2025-02-06T15:22:09.824+0000] {processor.py:925} INFO - DAG(s) 'conditional_dataset_and_time_based_timetable', 'dataset_consumes_unknown_never_scheduled', 'consume_1_or_both_2_and_3_with_dataset_expressions', 'dataset_consumes_1_never_scheduled', 'dataset_produces_2', 'consume_1_and_2_with_dataset_expressions', 'dataset_consumes_1_and_2', 'dataset_consumes_1', 'dataset_produces_1', 'consume_1_or_2_with_dataset_expressions' retrieved from /home/airflow/.local/lib/python3.12/site-packages/airflow/example_dags/example_datasets.py
[2025-02-06T15:22:09.856+0000] {logging_mixin.py:190} INFO - [2025-02-06T15:22:09.856+0000] {dag.py:3239} INFO - Sync 10 DAGs
[2025-02-06T15:22:09.876+0000] {logging_mixin.py:190} INFO - [2025-02-06T15:22:09.875+0000] {dag.py:4180} INFO - Setting next_dagrun for conditional_dataset_and_time_based_timetable to 2025-02-05 01:00:00+00:00, run_after=2025-02-05 01:00:00+00:00
[2025-02-06T15:22:09.878+0000] {logging_mixin.py:190} INFO - [2025-02-06T15:22:09.878+0000] {dag.py:4180} INFO - Setting next_dagrun for consume_1_and_2_with_dataset_expressions to None, run_after=None
[2025-02-06T15:22:09.879+0000] {logging_mixin.py:190} INFO - [2025-02-06T15:22:09.879+0000] {dag.py:4180} INFO - Setting next_dagrun for consume_1_or_2_with_dataset_expressions to None, run_after=None
[2025-02-06T15:22:09.880+0000] {logging_mixin.py:190} INFO - [2025-02-06T15:22:09.880+0000] {dag.py:4180} INFO - Setting next_dagrun for consume_1_or_both_2_and_3_with_dataset_expressions to None, run_after=None
[2025-02-06T15:22:09.881+0000] {logging_mixin.py:190} INFO - [2025-02-06T15:22:09.881+0000] {dag.py:4180} INFO - Setting next_dagrun for dataset_consumes_1 to None, run_after=None
[2025-02-06T15:22:09.882+0000] {logging_mixin.py:190} INFO - [2025-02-06T15:22:09.881+0000] {dag.py:4180} INFO - Setting next_dagrun for dataset_consumes_1_and_2 to None, run_after=None
[2025-02-06T15:22:09.882+0000] {logging_mixin.py:190} INFO - [2025-02-06T15:22:09.882+0000] {dag.py:4180} INFO - Setting next_dagrun for dataset_consumes_1_never_scheduled to None, run_after=None
[2025-02-06T15:22:09.883+0000] {logging_mixin.py:190} INFO - [2025-02-06T15:22:09.883+0000] {dag.py:4180} INFO - Setting next_dagrun for dataset_consumes_unknown_never_scheduled to None, run_after=None
[2025-02-06T15:22:09.885+0000] {logging_mixin.py:190} INFO - [2025-02-06T15:22:09.885+0000] {dag.py:4180} INFO - Setting next_dagrun for dataset_produces_1 to 2025-02-05 00:00:00+00:00, run_after=2025-02-06 00:00:00+00:00
[2025-02-06T15:22:09.886+0000] {logging_mixin.py:190} INFO - [2025-02-06T15:22:09.886+0000] {dag.py:4180} INFO - Setting next_dagrun for dataset_produces_2 to None, run_after=None
[2025-02-06T15:22:09.910+0000] {processor.py:208} INFO - Processing /home/airflow/.local/lib/python3.12/site-packages/airflow/example_dags/example_datasets.py took 0.199 seconds
[2025-02-06T15:22:40.799+0000] {processor.py:186} INFO - Started process (PID=2582) to work on /home/airflow/.local/lib/python3.12/site-packages/airflow/example_dags/example_datasets.py
[2025-02-06T15:22:40.800+0000] {processor.py:914} INFO - Processing file /home/airflow/.local/lib/python3.12/site-packages/airflow/example_dags/example_datasets.py for tasks to queue
[2025-02-06T15:22:40.801+0000] {logging_mixin.py:190} INFO - [2025-02-06T15:22:40.801+0000] {dagbag.py:588} INFO - Filling up the DagBag from /home/airflow/.local/lib/python3.12/site-packages/airflow/example_dags/example_datasets.py
[2025-02-06T15:22:40.898+0000] {processor.py:925} INFO - DAG(s) 'dataset_consumes_1_and_2', 'dataset_produces_2', 'dataset_consumes_1_never_scheduled', 'consume_1_or_2_with_dataset_expressions', 'consume_1_or_both_2_and_3_with_dataset_expressions', 'dataset_consumes_1', 'consume_1_and_2_with_dataset_expressions', 'conditional_dataset_and_time_based_timetable', 'dataset_consumes_unknown_never_scheduled', 'dataset_produces_1' retrieved from /home/airflow/.local/lib/python3.12/site-packages/airflow/example_dags/example_datasets.py
[2025-02-06T15:22:40.936+0000] {logging_mixin.py:190} INFO - [2025-02-06T15:22:40.935+0000] {dag.py:3239} INFO - Sync 10 DAGs
[2025-02-06T15:22:40.954+0000] {logging_mixin.py:190} INFO - [2025-02-06T15:22:40.954+0000] {dag.py:4180} INFO - Setting next_dagrun for conditional_dataset_and_time_based_timetable to 2025-02-05 01:00:00+00:00, run_after=2025-02-05 01:00:00+00:00
[2025-02-06T15:22:40.957+0000] {logging_mixin.py:190} INFO - [2025-02-06T15:22:40.957+0000] {dag.py:4180} INFO - Setting next_dagrun for consume_1_and_2_with_dataset_expressions to None, run_after=None
[2025-02-06T15:22:40.958+0000] {logging_mixin.py:190} INFO - [2025-02-06T15:22:40.958+0000] {dag.py:4180} INFO - Setting next_dagrun for consume_1_or_2_with_dataset_expressions to None, run_after=None
[2025-02-06T15:22:40.959+0000] {logging_mixin.py:190} INFO - [2025-02-06T15:22:40.959+0000] {dag.py:4180} INFO - Setting next_dagrun for consume_1_or_both_2_and_3_with_dataset_expressions to None, run_after=None
[2025-02-06T15:22:40.960+0000] {logging_mixin.py:190} INFO - [2025-02-06T15:22:40.959+0000] {dag.py:4180} INFO - Setting next_dagrun for dataset_consumes_1 to None, run_after=None
[2025-02-06T15:22:40.961+0000] {logging_mixin.py:190} INFO - [2025-02-06T15:22:40.961+0000] {dag.py:4180} INFO - Setting next_dagrun for dataset_consumes_1_and_2 to None, run_after=None
[2025-02-06T15:22:40.962+0000] {logging_mixin.py:190} INFO - [2025-02-06T15:22:40.962+0000] {dag.py:4180} INFO - Setting next_dagrun for dataset_consumes_1_never_scheduled to None, run_after=None
[2025-02-06T15:22:40.963+0000] {logging_mixin.py:190} INFO - [2025-02-06T15:22:40.963+0000] {dag.py:4180} INFO - Setting next_dagrun for dataset_consumes_unknown_never_scheduled to None, run_after=None
[2025-02-06T15:22:40.964+0000] {logging_mixin.py:190} INFO - [2025-02-06T15:22:40.964+0000] {dag.py:4180} INFO - Setting next_dagrun for dataset_produces_1 to 2025-02-05 00:00:00+00:00, run_after=2025-02-06 00:00:00+00:00
[2025-02-06T15:22:40.965+0000] {logging_mixin.py:190} INFO - [2025-02-06T15:22:40.965+0000] {dag.py:4180} INFO - Setting next_dagrun for dataset_produces_2 to None, run_after=None
[2025-02-06T15:22:40.989+0000] {processor.py:208} INFO - Processing /home/airflow/.local/lib/python3.12/site-packages/airflow/example_dags/example_datasets.py took 0.194 seconds
[2025-02-06T15:23:11.770+0000] {processor.py:186} INFO - Started process (PID=2888) to work on /home/airflow/.local/lib/python3.12/site-packages/airflow/example_dags/example_datasets.py
[2025-02-06T15:23:11.771+0000] {processor.py:914} INFO - Processing file /home/airflow/.local/lib/python3.12/site-packages/airflow/example_dags/example_datasets.py for tasks to queue
[2025-02-06T15:23:11.773+0000] {logging_mixin.py:190} INFO - [2025-02-06T15:23:11.773+0000] {dagbag.py:588} INFO - Filling up the DagBag from /home/airflow/.local/lib/python3.12/site-packages/airflow/example_dags/example_datasets.py
[2025-02-06T15:23:11.878+0000] {processor.py:925} INFO - DAG(s) 'dataset_consumes_unknown_never_scheduled', 'consume_1_or_2_with_dataset_expressions', 'dataset_consumes_1_and_2', 'dataset_consumes_1', 'consume_1_and_2_with_dataset_expressions', 'dataset_produces_2', 'consume_1_or_both_2_and_3_with_dataset_expressions', 'dataset_produces_1', 'conditional_dataset_and_time_based_timetable', 'dataset_consumes_1_never_scheduled' retrieved from /home/airflow/.local/lib/python3.12/site-packages/airflow/example_dags/example_datasets.py
[2025-02-06T15:23:11.915+0000] {logging_mixin.py:190} INFO - [2025-02-06T15:23:11.915+0000] {dag.py:3239} INFO - Sync 10 DAGs
[2025-02-06T15:23:11.936+0000] {logging_mixin.py:190} INFO - [2025-02-06T15:23:11.936+0000] {dag.py:4180} INFO - Setting next_dagrun for conditional_dataset_and_time_based_timetable to 2025-02-05 01:00:00+00:00, run_after=2025-02-05 01:00:00+00:00
[2025-02-06T15:23:11.939+0000] {logging_mixin.py:190} INFO - [2025-02-06T15:23:11.939+0000] {dag.py:4180} INFO - Setting next_dagrun for consume_1_and_2_with_dataset_expressions to None, run_after=None
[2025-02-06T15:23:11.940+0000] {logging_mixin.py:190} INFO - [2025-02-06T15:23:11.940+0000] {dag.py:4180} INFO - Setting next_dagrun for consume_1_or_2_with_dataset_expressions to None, run_after=None
[2025-02-06T15:23:11.941+0000] {logging_mixin.py:190} INFO - [2025-02-06T15:23:11.941+0000] {dag.py:4180} INFO - Setting next_dagrun for consume_1_or_both_2_and_3_with_dataset_expressions to None, run_after=None
[2025-02-06T15:23:11.943+0000] {logging_mixin.py:190} INFO - [2025-02-06T15:23:11.942+0000] {dag.py:4180} INFO - Setting next_dagrun for dataset_consumes_1 to None, run_after=None
[2025-02-06T15:23:11.944+0000] {logging_mixin.py:190} INFO - [2025-02-06T15:23:11.944+0000] {dag.py:4180} INFO - Setting next_dagrun for dataset_consumes_1_and_2 to None, run_after=None
[2025-02-06T15:23:11.945+0000] {logging_mixin.py:190} INFO - [2025-02-06T15:23:11.945+0000] {dag.py:4180} INFO - Setting next_dagrun for dataset_consumes_1_never_scheduled to None, run_after=None
[2025-02-06T15:23:11.946+0000] {logging_mixin.py:190} INFO - [2025-02-06T15:23:11.946+0000] {dag.py:4180} INFO - Setting next_dagrun for dataset_consumes_unknown_never_scheduled to None, run_after=None
[2025-02-06T15:23:11.948+0000] {logging_mixin.py:190} INFO - [2025-02-06T15:23:11.948+0000] {dag.py:4180} INFO - Setting next_dagrun for dataset_produces_1 to 2025-02-05 00:00:00+00:00, run_after=2025-02-06 00:00:00+00:00
[2025-02-06T15:23:11.950+0000] {logging_mixin.py:190} INFO - [2025-02-06T15:23:11.950+0000] {dag.py:4180} INFO - Setting next_dagrun for dataset_produces_2 to None, run_after=None
[2025-02-06T15:23:11.978+0000] {processor.py:208} INFO - Processing /home/airflow/.local/lib/python3.12/site-packages/airflow/example_dags/example_datasets.py took 0.213 seconds
[2025-02-06T15:23:42.806+0000] {processor.py:186} INFO - Started process (PID=3184) to work on /home/airflow/.local/lib/python3.12/site-packages/airflow/example_dags/example_datasets.py
[2025-02-06T15:23:42.807+0000] {processor.py:914} INFO - Processing file /home/airflow/.local/lib/python3.12/site-packages/airflow/example_dags/example_datasets.py for tasks to queue
[2025-02-06T15:23:42.808+0000] {logging_mixin.py:190} INFO - [2025-02-06T15:23:42.808+0000] {dagbag.py:588} INFO - Filling up the DagBag from /home/airflow/.local/lib/python3.12/site-packages/airflow/example_dags/example_datasets.py
[2025-02-06T15:23:42.906+0000] {processor.py:925} INFO - DAG(s) 'conditional_dataset_and_time_based_timetable', 'dataset_consumes_1_never_scheduled', 'dataset_produces_2', 'consume_1_or_2_with_dataset_expressions', 'dataset_produces_1', 'consume_1_and_2_with_dataset_expressions', 'dataset_consumes_1', 'dataset_consumes_1_and_2', 'consume_1_or_both_2_and_3_with_dataset_expressions', 'dataset_consumes_unknown_never_scheduled' retrieved from /home/airflow/.local/lib/python3.12/site-packages/airflow/example_dags/example_datasets.py
[2025-02-06T15:23:42.945+0000] {logging_mixin.py:190} INFO - [2025-02-06T15:23:42.944+0000] {dag.py:3239} INFO - Sync 10 DAGs
[2025-02-06T15:23:42.965+0000] {logging_mixin.py:190} INFO - [2025-02-06T15:23:42.965+0000] {dag.py:4180} INFO - Setting next_dagrun for conditional_dataset_and_time_based_timetable to 2025-02-05 01:00:00+00:00, run_after=2025-02-05 01:00:00+00:00
[2025-02-06T15:23:42.968+0000] {logging_mixin.py:190} INFO - [2025-02-06T15:23:42.968+0000] {dag.py:4180} INFO - Setting next_dagrun for consume_1_and_2_with_dataset_expressions to None, run_after=None
[2025-02-06T15:23:42.969+0000] {logging_mixin.py:190} INFO - [2025-02-06T15:23:42.969+0000] {dag.py:4180} INFO - Setting next_dagrun for consume_1_or_2_with_dataset_expressions to None, run_after=None
[2025-02-06T15:23:42.970+0000] {logging_mixin.py:190} INFO - [2025-02-06T15:23:42.970+0000] {dag.py:4180} INFO - Setting next_dagrun for consume_1_or_both_2_and_3_with_dataset_expressions to None, run_after=None
[2025-02-06T15:23:42.971+0000] {logging_mixin.py:190} INFO - [2025-02-06T15:23:42.971+0000] {dag.py:4180} INFO - Setting next_dagrun for dataset_consumes_1 to None, run_after=None
[2025-02-06T15:23:42.972+0000] {logging_mixin.py:190} INFO - [2025-02-06T15:23:42.972+0000] {dag.py:4180} INFO - Setting next_dagrun for dataset_consumes_1_and_2 to None, run_after=None
[2025-02-06T15:23:42.973+0000] {logging_mixin.py:190} INFO - [2025-02-06T15:23:42.973+0000] {dag.py:4180} INFO - Setting next_dagrun for dataset_consumes_1_never_scheduled to None, run_after=None
[2025-02-06T15:23:42.974+0000] {logging_mixin.py:190} INFO - [2025-02-06T15:23:42.974+0000] {dag.py:4180} INFO - Setting next_dagrun for dataset_consumes_unknown_never_scheduled to None, run_after=None
[2025-02-06T15:23:42.975+0000] {logging_mixin.py:190} INFO - [2025-02-06T15:23:42.975+0000] {dag.py:4180} INFO - Setting next_dagrun for dataset_produces_1 to 2025-02-05 00:00:00+00:00, run_after=2025-02-06 00:00:00+00:00
[2025-02-06T15:23:42.976+0000] {logging_mixin.py:190} INFO - [2025-02-06T15:23:42.976+0000] {dag.py:4180} INFO - Setting next_dagrun for dataset_produces_2 to None, run_after=None
[2025-02-06T15:23:43.003+0000] {processor.py:208} INFO - Processing /home/airflow/.local/lib/python3.12/site-packages/airflow/example_dags/example_datasets.py took 0.201 seconds
[2025-02-06T15:24:13.050+0000] {processor.py:186} INFO - Started process (PID=3492) to work on /home/airflow/.local/lib/python3.12/site-packages/airflow/example_dags/example_datasets.py
[2025-02-06T15:24:13.051+0000] {processor.py:914} INFO - Processing file /home/airflow/.local/lib/python3.12/site-packages/airflow/example_dags/example_datasets.py for tasks to queue
[2025-02-06T15:24:13.052+0000] {logging_mixin.py:190} INFO - [2025-02-06T15:24:13.052+0000] {dagbag.py:588} INFO - Filling up the DagBag from /home/airflow/.local/lib/python3.12/site-packages/airflow/example_dags/example_datasets.py
[2025-02-06T15:24:13.146+0000] {processor.py:925} INFO - DAG(s) 'consume_1_or_both_2_and_3_with_dataset_expressions', 'dataset_consumes_1', 'dataset_produces_1', 'consume_1_and_2_with_dataset_expressions', 'dataset_consumes_1_never_scheduled', 'dataset_produces_2', 'conditional_dataset_and_time_based_timetable', 'dataset_consumes_1_and_2', 'consume_1_or_2_with_dataset_expressions', 'dataset_consumes_unknown_never_scheduled' retrieved from /home/airflow/.local/lib/python3.12/site-packages/airflow/example_dags/example_datasets.py
[2025-02-06T15:24:13.184+0000] {logging_mixin.py:190} INFO - [2025-02-06T15:24:13.183+0000] {dag.py:3239} INFO - Sync 10 DAGs
[2025-02-06T15:24:13.206+0000] {logging_mixin.py:190} INFO - [2025-02-06T15:24:13.206+0000] {dag.py:4180} INFO - Setting next_dagrun for conditional_dataset_and_time_based_timetable to 2025-02-05 01:00:00+00:00, run_after=2025-02-05 01:00:00+00:00
[2025-02-06T15:24:13.209+0000] {logging_mixin.py:190} INFO - [2025-02-06T15:24:13.209+0000] {dag.py:4180} INFO - Setting next_dagrun for consume_1_and_2_with_dataset_expressions to None, run_after=None
[2025-02-06T15:24:13.210+0000] {logging_mixin.py:190} INFO - [2025-02-06T15:24:13.210+0000] {dag.py:4180} INFO - Setting next_dagrun for consume_1_or_2_with_dataset_expressions to None, run_after=None
[2025-02-06T15:24:13.211+0000] {logging_mixin.py:190} INFO - [2025-02-06T15:24:13.211+0000] {dag.py:4180} INFO - Setting next_dagrun for consume_1_or_both_2_and_3_with_dataset_expressions to None, run_after=None
[2025-02-06T15:24:13.212+0000] {logging_mixin.py:190} INFO - [2025-02-06T15:24:13.212+0000] {dag.py:4180} INFO - Setting next_dagrun for dataset_consumes_1 to None, run_after=None
[2025-02-06T15:24:13.213+0000] {logging_mixin.py:190} INFO - [2025-02-06T15:24:13.213+0000] {dag.py:4180} INFO - Setting next_dagrun for dataset_consumes_1_and_2 to None, run_after=None
[2025-02-06T15:24:13.214+0000] {logging_mixin.py:190} INFO - [2025-02-06T15:24:13.214+0000] {dag.py:4180} INFO - Setting next_dagrun for dataset_consumes_1_never_scheduled to None, run_after=None
[2025-02-06T15:24:13.215+0000] {logging_mixin.py:190} INFO - [2025-02-06T15:24:13.215+0000] {dag.py:4180} INFO - Setting next_dagrun for dataset_consumes_unknown_never_scheduled to None, run_after=None
[2025-02-06T15:24:13.217+0000] {logging_mixin.py:190} INFO - [2025-02-06T15:24:13.217+0000] {dag.py:4180} INFO - Setting next_dagrun for dataset_produces_1 to 2025-02-05 00:00:00+00:00, run_after=2025-02-06 00:00:00+00:00
[2025-02-06T15:24:13.218+0000] {logging_mixin.py:190} INFO - [2025-02-06T15:24:13.218+0000] {dag.py:4180} INFO - Setting next_dagrun for dataset_produces_2 to None, run_after=None
[2025-02-06T15:24:13.245+0000] {processor.py:208} INFO - Processing /home/airflow/.local/lib/python3.12/site-packages/airflow/example_dags/example_datasets.py took 0.200 seconds
[2025-02-06T16:07:28.108+0000] {processor.py:157} INFO - Started process (PID=402) to work on /home/airflow/.local/lib/python3.8/site-packages/airflow/example_dags/example_datasets.py
[2025-02-06T16:07:28.109+0000] {processor.py:829} INFO - Processing file /home/airflow/.local/lib/python3.8/site-packages/airflow/example_dags/example_datasets.py for tasks to queue
[2025-02-06T16:07:28.110+0000] {logging_mixin.py:151} INFO - [2025-02-06T16:07:28.110+0000] {dagbag.py:539} INFO - Filling up the DagBag from /home/airflow/.local/lib/python3.8/site-packages/airflow/example_dags/example_datasets.py
[2025-02-06T16:07:28.117+0000] {processor.py:839} INFO - DAG(s) dict_keys(['dataset_consumes_1_and_2', 'dataset_consumes_1_never_scheduled', 'dataset_consumes_1', 'dataset_produces_2', 'dataset_consumes_unknown_never_scheduled', 'dataset_produces_1']) retrieved from /home/airflow/.local/lib/python3.8/site-packages/airflow/example_dags/example_datasets.py
[2025-02-06T16:07:28.129+0000] {logging_mixin.py:151} INFO - [2025-02-06T16:07:28.129+0000] {dag.py:2915} INFO - Sync 6 DAGs
[2025-02-06T16:07:28.258+0000] {logging_mixin.py:151} INFO - [2025-02-06T16:07:28.258+0000] {dag.py:2937} INFO - Creating ORM DAG for dataset_consumes_1
[2025-02-06T16:07:28.259+0000] {logging_mixin.py:151} INFO - [2025-02-06T16:07:28.259+0000] {dag.py:2937} INFO - Creating ORM DAG for dataset_consumes_unknown_never_scheduled
[2025-02-06T16:07:28.259+0000] {logging_mixin.py:151} INFO - [2025-02-06T16:07:28.259+0000] {dag.py:2937} INFO - Creating ORM DAG for dataset_consumes_1_and_2
[2025-02-06T16:07:28.260+0000] {logging_mixin.py:151} INFO - [2025-02-06T16:07:28.260+0000] {dag.py:2937} INFO - Creating ORM DAG for dataset_consumes_1_never_scheduled
[2025-02-06T16:07:28.260+0000] {logging_mixin.py:151} INFO - [2025-02-06T16:07:28.260+0000] {dag.py:2937} INFO - Creating ORM DAG for dataset_produces_2
[2025-02-06T16:07:28.261+0000] {logging_mixin.py:151} INFO - [2025-02-06T16:07:28.261+0000] {dag.py:2937} INFO - Creating ORM DAG for dataset_produces_1
[2025-02-06T16:07:28.270+0000] {logging_mixin.py:151} INFO - [2025-02-06T16:07:28.269+0000] {dag.py:3696} INFO - Setting next_dagrun for dataset_consumes_1 to None, run_after=None
[2025-02-06T16:07:28.270+0000] {logging_mixin.py:151} INFO - [2025-02-06T16:07:28.270+0000] {dag.py:3696} INFO - Setting next_dagrun for dataset_consumes_1_and_2 to None, run_after=None
[2025-02-06T16:07:28.271+0000] {logging_mixin.py:151} INFO - [2025-02-06T16:07:28.271+0000] {dag.py:3696} INFO - Setting next_dagrun for dataset_consumes_1_never_scheduled to None, run_after=None
[2025-02-06T16:07:28.271+0000] {logging_mixin.py:151} INFO - [2025-02-06T16:07:28.271+0000] {dag.py:3696} INFO - Setting next_dagrun for dataset_consumes_unknown_never_scheduled to None, run_after=None
[2025-02-06T16:07:28.273+0000] {logging_mixin.py:151} INFO - [2025-02-06T16:07:28.273+0000] {dag.py:3696} INFO - Setting next_dagrun for dataset_produces_1 to 2025-02-05T00:00:00+00:00, run_after=2025-02-06T00:00:00+00:00
[2025-02-06T16:07:28.273+0000] {logging_mixin.py:151} INFO - [2025-02-06T16:07:28.273+0000] {dag.py:3696} INFO - Setting next_dagrun for dataset_produces_2 to None, run_after=None
[2025-02-06T16:07:28.305+0000] {processor.py:179} INFO - Processing /home/airflow/.local/lib/python3.8/site-packages/airflow/example_dags/example_datasets.py took 0.198 seconds
[2025-02-06T16:07:59.690+0000] {processor.py:157} INFO - Started process (PID=671) to work on /home/airflow/.local/lib/python3.8/site-packages/airflow/example_dags/example_datasets.py
[2025-02-06T16:07:59.691+0000] {processor.py:829} INFO - Processing file /home/airflow/.local/lib/python3.8/site-packages/airflow/example_dags/example_datasets.py for tasks to queue
[2025-02-06T16:07:59.692+0000] {logging_mixin.py:151} INFO - [2025-02-06T16:07:59.691+0000] {dagbag.py:539} INFO - Filling up the DagBag from /home/airflow/.local/lib/python3.8/site-packages/airflow/example_dags/example_datasets.py
[2025-02-06T16:07:59.699+0000] {processor.py:839} INFO - DAG(s) dict_keys(['dataset_consumes_1_never_scheduled', 'dataset_consumes_1', 'dataset_produces_2', 'dataset_consumes_1_and_2', 'dataset_consumes_unknown_never_scheduled', 'dataset_produces_1']) retrieved from /home/airflow/.local/lib/python3.8/site-packages/airflow/example_dags/example_datasets.py
[2025-02-06T16:07:59.711+0000] {logging_mixin.py:151} INFO - [2025-02-06T16:07:59.711+0000] {dag.py:2915} INFO - Sync 6 DAGs
[2025-02-06T16:07:59.728+0000] {logging_mixin.py:151} INFO - [2025-02-06T16:07:59.728+0000] {dag.py:3696} INFO - Setting next_dagrun for dataset_consumes_1 to None, run_after=None
[2025-02-06T16:07:59.731+0000] {logging_mixin.py:151} INFO - [2025-02-06T16:07:59.731+0000] {dag.py:3696} INFO - Setting next_dagrun for dataset_consumes_1_and_2 to None, run_after=None
[2025-02-06T16:07:59.732+0000] {logging_mixin.py:151} INFO - [2025-02-06T16:07:59.732+0000] {dag.py:3696} INFO - Setting next_dagrun for dataset_consumes_1_never_scheduled to None, run_after=None
[2025-02-06T16:07:59.733+0000] {logging_mixin.py:151} INFO - [2025-02-06T16:07:59.733+0000] {dag.py:3696} INFO - Setting next_dagrun for dataset_consumes_unknown_never_scheduled to None, run_after=None
[2025-02-06T16:07:59.735+0000] {logging_mixin.py:151} INFO - [2025-02-06T16:07:59.735+0000] {dag.py:3696} INFO - Setting next_dagrun for dataset_produces_1 to 2025-02-05T00:00:00+00:00, run_after=2025-02-06T00:00:00+00:00
[2025-02-06T16:07:59.736+0000] {logging_mixin.py:151} INFO - [2025-02-06T16:07:59.736+0000] {dag.py:3696} INFO - Setting next_dagrun for dataset_produces_2 to None, run_after=None
[2025-02-06T16:07:59.761+0000] {processor.py:179} INFO - Processing /home/airflow/.local/lib/python3.8/site-packages/airflow/example_dags/example_datasets.py took 0.073 seconds
[2025-02-06T16:08:32.279+0000] {processor.py:157} INFO - Started process (PID=938) to work on /home/airflow/.local/lib/python3.8/site-packages/airflow/example_dags/example_datasets.py
[2025-02-06T16:08:32.280+0000] {processor.py:829} INFO - Processing file /home/airflow/.local/lib/python3.8/site-packages/airflow/example_dags/example_datasets.py for tasks to queue
[2025-02-06T16:08:32.280+0000] {logging_mixin.py:151} INFO - [2025-02-06T16:08:32.280+0000] {dagbag.py:539} INFO - Filling up the DagBag from /home/airflow/.local/lib/python3.8/site-packages/airflow/example_dags/example_datasets.py
[2025-02-06T16:08:32.287+0000] {processor.py:839} INFO - DAG(s) dict_keys(['dataset_consumes_1', 'dataset_produces_2', 'dataset_consumes_1_never_scheduled', 'dataset_consumes_1_and_2', 'dataset_produces_1', 'dataset_consumes_unknown_never_scheduled']) retrieved from /home/airflow/.local/lib/python3.8/site-packages/airflow/example_dags/example_datasets.py
[2025-02-06T16:08:32.324+0000] {logging_mixin.py:151} INFO - [2025-02-06T16:08:32.324+0000] {dag.py:2915} INFO - Sync 6 DAGs
[2025-02-06T16:08:32.343+0000] {logging_mixin.py:151} INFO - [2025-02-06T16:08:32.342+0000] {dag.py:3696} INFO - Setting next_dagrun for dataset_consumes_1 to None, run_after=None
[2025-02-06T16:08:32.346+0000] {logging_mixin.py:151} INFO - [2025-02-06T16:08:32.346+0000] {dag.py:3696} INFO - Setting next_dagrun for dataset_consumes_1_and_2 to None, run_after=None
[2025-02-06T16:08:32.347+0000] {logging_mixin.py:151} INFO - [2025-02-06T16:08:32.347+0000] {dag.py:3696} INFO - Setting next_dagrun for dataset_consumes_1_never_scheduled to None, run_after=None
[2025-02-06T16:08:32.348+0000] {logging_mixin.py:151} INFO - [2025-02-06T16:08:32.348+0000] {dag.py:3696} INFO - Setting next_dagrun for dataset_consumes_unknown_never_scheduled to None, run_after=None
[2025-02-06T16:08:32.350+0000] {logging_mixin.py:151} INFO - [2025-02-06T16:08:32.350+0000] {dag.py:3696} INFO - Setting next_dagrun for dataset_produces_1 to 2025-02-05T00:00:00+00:00, run_after=2025-02-06T00:00:00+00:00
[2025-02-06T16:08:32.351+0000] {logging_mixin.py:151} INFO - [2025-02-06T16:08:32.351+0000] {dag.py:3696} INFO - Setting next_dagrun for dataset_produces_2 to None, run_after=None
[2025-02-06T16:08:32.378+0000] {processor.py:179} INFO - Processing /home/airflow/.local/lib/python3.8/site-packages/airflow/example_dags/example_datasets.py took 0.102 seconds
[2025-02-06T16:09:05.278+0000] {processor.py:157} INFO - Started process (PID=1197) to work on /home/airflow/.local/lib/python3.8/site-packages/airflow/example_dags/example_datasets.py
[2025-02-06T16:09:05.280+0000] {processor.py:829} INFO - Processing file /home/airflow/.local/lib/python3.8/site-packages/airflow/example_dags/example_datasets.py for tasks to queue
[2025-02-06T16:09:05.280+0000] {logging_mixin.py:151} INFO - [2025-02-06T16:09:05.280+0000] {dagbag.py:539} INFO - Filling up the DagBag from /home/airflow/.local/lib/python3.8/site-packages/airflow/example_dags/example_datasets.py
[2025-02-06T16:09:05.289+0000] {processor.py:839} INFO - DAG(s) dict_keys(['dataset_produces_1', 'dataset_consumes_1_never_scheduled', 'dataset_produces_2', 'dataset_consumes_1_and_2', 'dataset_consumes_unknown_never_scheduled', 'dataset_consumes_1']) retrieved from /home/airflow/.local/lib/python3.8/site-packages/airflow/example_dags/example_datasets.py
[2025-02-06T16:09:05.321+0000] {logging_mixin.py:151} INFO - [2025-02-06T16:09:05.321+0000] {dag.py:2915} INFO - Sync 6 DAGs
[2025-02-06T16:09:05.341+0000] {logging_mixin.py:151} INFO - [2025-02-06T16:09:05.341+0000] {dag.py:3696} INFO - Setting next_dagrun for dataset_consumes_1 to None, run_after=None
[2025-02-06T16:09:05.345+0000] {logging_mixin.py:151} INFO - [2025-02-06T16:09:05.345+0000] {dag.py:3696} INFO - Setting next_dagrun for dataset_consumes_1_and_2 to None, run_after=None
[2025-02-06T16:09:05.347+0000] {logging_mixin.py:151} INFO - [2025-02-06T16:09:05.347+0000] {dag.py:3696} INFO - Setting next_dagrun for dataset_consumes_1_never_scheduled to None, run_after=None
[2025-02-06T16:09:05.348+0000] {logging_mixin.py:151} INFO - [2025-02-06T16:09:05.348+0000] {dag.py:3696} INFO - Setting next_dagrun for dataset_consumes_unknown_never_scheduled to None, run_after=None
[2025-02-06T16:09:05.350+0000] {logging_mixin.py:151} INFO - [2025-02-06T16:09:05.350+0000] {dag.py:3696} INFO - Setting next_dagrun for dataset_produces_1 to 2025-02-05T00:00:00+00:00, run_after=2025-02-06T00:00:00+00:00
[2025-02-06T16:09:05.351+0000] {logging_mixin.py:151} INFO - [2025-02-06T16:09:05.351+0000] {dag.py:3696} INFO - Setting next_dagrun for dataset_produces_2 to None, run_after=None
[2025-02-06T16:09:05.379+0000] {processor.py:179} INFO - Processing /home/airflow/.local/lib/python3.8/site-packages/airflow/example_dags/example_datasets.py took 0.103 seconds
[2025-02-06T16:09:38.536+0000] {processor.py:157} INFO - Started process (PID=1458) to work on /home/airflow/.local/lib/python3.8/site-packages/airflow/example_dags/example_datasets.py
[2025-02-06T16:09:38.537+0000] {processor.py:829} INFO - Processing file /home/airflow/.local/lib/python3.8/site-packages/airflow/example_dags/example_datasets.py for tasks to queue
[2025-02-06T16:09:38.538+0000] {logging_mixin.py:151} INFO - [2025-02-06T16:09:38.538+0000] {dagbag.py:539} INFO - Filling up the DagBag from /home/airflow/.local/lib/python3.8/site-packages/airflow/example_dags/example_datasets.py
[2025-02-06T16:09:38.545+0000] {processor.py:839} INFO - DAG(s) dict_keys(['dataset_consumes_unknown_never_scheduled', 'dataset_consumes_1_and_2', 'dataset_consumes_1_never_scheduled', 'dataset_produces_1', 'dataset_produces_2', 'dataset_consumes_1']) retrieved from /home/airflow/.local/lib/python3.8/site-packages/airflow/example_dags/example_datasets.py
[2025-02-06T16:09:38.579+0000] {logging_mixin.py:151} INFO - [2025-02-06T16:09:38.579+0000] {dag.py:2915} INFO - Sync 6 DAGs
[2025-02-06T16:09:38.598+0000] {logging_mixin.py:151} INFO - [2025-02-06T16:09:38.598+0000] {dag.py:3696} INFO - Setting next_dagrun for dataset_consumes_1 to None, run_after=None
[2025-02-06T16:09:38.602+0000] {logging_mixin.py:151} INFO - [2025-02-06T16:09:38.601+0000] {dag.py:3696} INFO - Setting next_dagrun for dataset_consumes_1_and_2 to None, run_after=None
[2025-02-06T16:09:38.602+0000] {logging_mixin.py:151} INFO - [2025-02-06T16:09:38.602+0000] {dag.py:3696} INFO - Setting next_dagrun for dataset_consumes_1_never_scheduled to None, run_after=None
[2025-02-06T16:09:38.603+0000] {logging_mixin.py:151} INFO - [2025-02-06T16:09:38.603+0000] {dag.py:3696} INFO - Setting next_dagrun for dataset_consumes_unknown_never_scheduled to None, run_after=None
[2025-02-06T16:09:38.606+0000] {logging_mixin.py:151} INFO - [2025-02-06T16:09:38.606+0000] {dag.py:3696} INFO - Setting next_dagrun for dataset_produces_1 to 2025-02-05T00:00:00+00:00, run_after=2025-02-06T00:00:00+00:00
[2025-02-06T16:09:38.607+0000] {logging_mixin.py:151} INFO - [2025-02-06T16:09:38.606+0000] {dag.py:3696} INFO - Setting next_dagrun for dataset_produces_2 to None, run_after=None
[2025-02-06T16:09:38.633+0000] {processor.py:179} INFO - Processing /home/airflow/.local/lib/python3.8/site-packages/airflow/example_dags/example_datasets.py took 0.099 seconds
[2025-02-06T16:10:10.937+0000] {processor.py:157} INFO - Started process (PID=1719) to work on /home/airflow/.local/lib/python3.8/site-packages/airflow/example_dags/example_datasets.py
[2025-02-06T16:10:10.938+0000] {processor.py:829} INFO - Processing file /home/airflow/.local/lib/python3.8/site-packages/airflow/example_dags/example_datasets.py for tasks to queue
[2025-02-06T16:10:10.938+0000] {logging_mixin.py:151} INFO - [2025-02-06T16:10:10.938+0000] {dagbag.py:539} INFO - Filling up the DagBag from /home/airflow/.local/lib/python3.8/site-packages/airflow/example_dags/example_datasets.py
[2025-02-06T16:10:10.946+0000] {processor.py:839} INFO - DAG(s) dict_keys(['dataset_consumes_1_never_scheduled', 'dataset_produces_1', 'dataset_consumes_unknown_never_scheduled', 'dataset_consumes_1', 'dataset_produces_2', 'dataset_consumes_1_and_2']) retrieved from /home/airflow/.local/lib/python3.8/site-packages/airflow/example_dags/example_datasets.py
[2025-02-06T16:10:10.977+0000] {logging_mixin.py:151} INFO - [2025-02-06T16:10:10.977+0000] {dag.py:2915} INFO - Sync 6 DAGs
[2025-02-06T16:10:10.998+0000] {logging_mixin.py:151} INFO - [2025-02-06T16:10:10.998+0000] {dag.py:3696} INFO - Setting next_dagrun for dataset_consumes_1 to None, run_after=None
[2025-02-06T16:10:11.002+0000] {logging_mixin.py:151} INFO - [2025-02-06T16:10:11.002+0000] {dag.py:3696} INFO - Setting next_dagrun for dataset_consumes_1_and_2 to None, run_after=None
[2025-02-06T16:10:11.004+0000] {logging_mixin.py:151} INFO - [2025-02-06T16:10:11.003+0000] {dag.py:3696} INFO - Setting next_dagrun for dataset_consumes_1_never_scheduled to None, run_after=None
[2025-02-06T16:10:11.005+0000] {logging_mixin.py:151} INFO - [2025-02-06T16:10:11.005+0000] {dag.py:3696} INFO - Setting next_dagrun for dataset_consumes_unknown_never_scheduled to None, run_after=None
[2025-02-06T16:10:11.007+0000] {logging_mixin.py:151} INFO - [2025-02-06T16:10:11.007+0000] {dag.py:3696} INFO - Setting next_dagrun for dataset_produces_1 to 2025-02-05T00:00:00+00:00, run_after=2025-02-06T00:00:00+00:00
[2025-02-06T16:10:11.009+0000] {logging_mixin.py:151} INFO - [2025-02-06T16:10:11.009+0000] {dag.py:3696} INFO - Setting next_dagrun for dataset_produces_2 to None, run_after=None
[2025-02-06T16:10:11.036+0000] {processor.py:179} INFO - Processing /home/airflow/.local/lib/python3.8/site-packages/airflow/example_dags/example_datasets.py took 0.102 seconds
[2025-02-06T16:10:43.700+0000] {processor.py:157} INFO - Started process (PID=1982) to work on /home/airflow/.local/lib/python3.8/site-packages/airflow/example_dags/example_datasets.py
[2025-02-06T16:10:43.701+0000] {processor.py:829} INFO - Processing file /home/airflow/.local/lib/python3.8/site-packages/airflow/example_dags/example_datasets.py for tasks to queue
[2025-02-06T16:10:43.702+0000] {logging_mixin.py:151} INFO - [2025-02-06T16:10:43.701+0000] {dagbag.py:539} INFO - Filling up the DagBag from /home/airflow/.local/lib/python3.8/site-packages/airflow/example_dags/example_datasets.py
[2025-02-06T16:10:43.709+0000] {processor.py:839} INFO - DAG(s) dict_keys(['dataset_consumes_1_and_2', 'dataset_consumes_1', 'dataset_produces_2', 'dataset_consumes_1_never_scheduled', 'dataset_produces_1', 'dataset_consumes_unknown_never_scheduled']) retrieved from /home/airflow/.local/lib/python3.8/site-packages/airflow/example_dags/example_datasets.py
[2025-02-06T16:10:43.742+0000] {logging_mixin.py:151} INFO - [2025-02-06T16:10:43.741+0000] {dag.py:2915} INFO - Sync 6 DAGs
[2025-02-06T16:10:43.764+0000] {logging_mixin.py:151} INFO - [2025-02-06T16:10:43.763+0000] {dag.py:3696} INFO - Setting next_dagrun for dataset_consumes_1 to None, run_after=None
[2025-02-06T16:10:43.767+0000] {logging_mixin.py:151} INFO - [2025-02-06T16:10:43.767+0000] {dag.py:3696} INFO - Setting next_dagrun for dataset_consumes_1_and_2 to None, run_after=None
[2025-02-06T16:10:43.769+0000] {logging_mixin.py:151} INFO - [2025-02-06T16:10:43.769+0000] {dag.py:3696} INFO - Setting next_dagrun for dataset_consumes_1_never_scheduled to None, run_after=None
[2025-02-06T16:10:43.770+0000] {logging_mixin.py:151} INFO - [2025-02-06T16:10:43.770+0000] {dag.py:3696} INFO - Setting next_dagrun for dataset_consumes_unknown_never_scheduled to None, run_after=None
[2025-02-06T16:10:43.772+0000] {logging_mixin.py:151} INFO - [2025-02-06T16:10:43.772+0000] {dag.py:3696} INFO - Setting next_dagrun for dataset_produces_1 to 2025-02-05T00:00:00+00:00, run_after=2025-02-06T00:00:00+00:00
[2025-02-06T16:10:43.774+0000] {logging_mixin.py:151} INFO - [2025-02-06T16:10:43.773+0000] {dag.py:3696} INFO - Setting next_dagrun for dataset_produces_2 to None, run_after=None
[2025-02-06T16:10:43.806+0000] {processor.py:179} INFO - Processing /home/airflow/.local/lib/python3.8/site-packages/airflow/example_dags/example_datasets.py took 0.108 seconds
[2025-02-06T16:11:16.335+0000] {processor.py:157} INFO - Started process (PID=2241) to work on /home/airflow/.local/lib/python3.8/site-packages/airflow/example_dags/example_datasets.py
[2025-02-06T16:11:16.336+0000] {processor.py:829} INFO - Processing file /home/airflow/.local/lib/python3.8/site-packages/airflow/example_dags/example_datasets.py for tasks to queue
[2025-02-06T16:11:16.337+0000] {logging_mixin.py:151} INFO - [2025-02-06T16:11:16.337+0000] {dagbag.py:539} INFO - Filling up the DagBag from /home/airflow/.local/lib/python3.8/site-packages/airflow/example_dags/example_datasets.py
[2025-02-06T16:11:16.345+0000] {processor.py:839} INFO - DAG(s) dict_keys(['dataset_consumes_1_never_scheduled', 'dataset_consumes_1_and_2', 'dataset_consumes_unknown_never_scheduled', 'dataset_produces_1', 'dataset_produces_2', 'dataset_consumes_1']) retrieved from /home/airflow/.local/lib/python3.8/site-packages/airflow/example_dags/example_datasets.py
[2025-02-06T16:11:16.375+0000] {logging_mixin.py:151} INFO - [2025-02-06T16:11:16.374+0000] {dag.py:2915} INFO - Sync 6 DAGs
[2025-02-06T16:11:16.392+0000] {logging_mixin.py:151} INFO - [2025-02-06T16:11:16.392+0000] {dag.py:3696} INFO - Setting next_dagrun for dataset_consumes_1 to None, run_after=None
[2025-02-06T16:11:16.396+0000] {logging_mixin.py:151} INFO - [2025-02-06T16:11:16.396+0000] {dag.py:3696} INFO - Setting next_dagrun for dataset_consumes_1_and_2 to None, run_after=None
[2025-02-06T16:11:16.397+0000] {logging_mixin.py:151} INFO - [2025-02-06T16:11:16.397+0000] {dag.py:3696} INFO - Setting next_dagrun for dataset_consumes_1_never_scheduled to None, run_after=None
[2025-02-06T16:11:16.398+0000] {logging_mixin.py:151} INFO - [2025-02-06T16:11:16.398+0000] {dag.py:3696} INFO - Setting next_dagrun for dataset_consumes_unknown_never_scheduled to None, run_after=None
[2025-02-06T16:11:16.400+0000] {logging_mixin.py:151} INFO - [2025-02-06T16:11:16.400+0000] {dag.py:3696} INFO - Setting next_dagrun for dataset_produces_1 to 2025-02-05T00:00:00+00:00, run_after=2025-02-06T00:00:00+00:00
[2025-02-06T16:11:16.401+0000] {logging_mixin.py:151} INFO - [2025-02-06T16:11:16.401+0000] {dag.py:3696} INFO - Setting next_dagrun for dataset_produces_2 to None, run_after=None
[2025-02-06T16:11:16.427+0000] {processor.py:179} INFO - Processing /home/airflow/.local/lib/python3.8/site-packages/airflow/example_dags/example_datasets.py took 0.094 seconds
[2025-02-06T16:11:49.270+0000] {processor.py:157} INFO - Started process (PID=2502) to work on /home/airflow/.local/lib/python3.8/site-packages/airflow/example_dags/example_datasets.py
[2025-02-06T16:11:49.271+0000] {processor.py:829} INFO - Processing file /home/airflow/.local/lib/python3.8/site-packages/airflow/example_dags/example_datasets.py for tasks to queue
[2025-02-06T16:11:49.272+0000] {logging_mixin.py:151} INFO - [2025-02-06T16:11:49.271+0000] {dagbag.py:539} INFO - Filling up the DagBag from /home/airflow/.local/lib/python3.8/site-packages/airflow/example_dags/example_datasets.py
[2025-02-06T16:11:49.281+0000] {processor.py:839} INFO - DAG(s) dict_keys(['dataset_consumes_unknown_never_scheduled', 'dataset_consumes_1_never_scheduled', 'dataset_produces_2', 'dataset_produces_1', 'dataset_consumes_1_and_2', 'dataset_consumes_1']) retrieved from /home/airflow/.local/lib/python3.8/site-packages/airflow/example_dags/example_datasets.py
[2025-02-06T16:11:49.312+0000] {logging_mixin.py:151} INFO - [2025-02-06T16:11:49.312+0000] {dag.py:2915} INFO - Sync 6 DAGs
[2025-02-06T16:11:49.333+0000] {logging_mixin.py:151} INFO - [2025-02-06T16:11:49.333+0000] {dag.py:3696} INFO - Setting next_dagrun for dataset_consumes_1 to None, run_after=None
[2025-02-06T16:11:49.336+0000] {logging_mixin.py:151} INFO - [2025-02-06T16:11:49.336+0000] {dag.py:3696} INFO - Setting next_dagrun for dataset_consumes_1_and_2 to None, run_after=None
[2025-02-06T16:11:49.337+0000] {logging_mixin.py:151} INFO - [2025-02-06T16:11:49.337+0000] {dag.py:3696} INFO - Setting next_dagrun for dataset_consumes_1_never_scheduled to None, run_after=None
[2025-02-06T16:11:49.338+0000] {logging_mixin.py:151} INFO - [2025-02-06T16:11:49.338+0000] {dag.py:3696} INFO - Setting next_dagrun for dataset_consumes_unknown_never_scheduled to None, run_after=None
[2025-02-06T16:11:49.341+0000] {logging_mixin.py:151} INFO - [2025-02-06T16:11:49.340+0000] {dag.py:3696} INFO - Setting next_dagrun for dataset_produces_1 to 2025-02-05T00:00:00+00:00, run_after=2025-02-06T00:00:00+00:00
[2025-02-06T16:11:49.342+0000] {logging_mixin.py:151} INFO - [2025-02-06T16:11:49.341+0000] {dag.py:3696} INFO - Setting next_dagrun for dataset_produces_2 to None, run_after=None
[2025-02-06T16:11:49.370+0000] {processor.py:179} INFO - Processing /home/airflow/.local/lib/python3.8/site-packages/airflow/example_dags/example_datasets.py took 0.103 seconds
[2025-02-06T16:12:22.656+0000] {processor.py:157} INFO - Started process (PID=2763) to work on /home/airflow/.local/lib/python3.8/site-packages/airflow/example_dags/example_datasets.py
[2025-02-06T16:12:22.657+0000] {processor.py:829} INFO - Processing file /home/airflow/.local/lib/python3.8/site-packages/airflow/example_dags/example_datasets.py for tasks to queue
[2025-02-06T16:12:22.658+0000] {logging_mixin.py:151} INFO - [2025-02-06T16:12:22.658+0000] {dagbag.py:539} INFO - Filling up the DagBag from /home/airflow/.local/lib/python3.8/site-packages/airflow/example_dags/example_datasets.py
[2025-02-06T16:12:22.665+0000] {processor.py:839} INFO - DAG(s) dict_keys(['dataset_consumes_1_and_2', 'dataset_consumes_1_never_scheduled', 'dataset_produces_2', 'dataset_produces_1', 'dataset_consumes_unknown_never_scheduled', 'dataset_consumes_1']) retrieved from /home/airflow/.local/lib/python3.8/site-packages/airflow/example_dags/example_datasets.py
[2025-02-06T16:12:22.695+0000] {logging_mixin.py:151} INFO - [2025-02-06T16:12:22.695+0000] {dag.py:2915} INFO - Sync 6 DAGs
[2025-02-06T16:12:22.713+0000] {logging_mixin.py:151} INFO - [2025-02-06T16:12:22.713+0000] {dag.py:3696} INFO - Setting next_dagrun for dataset_consumes_1 to None, run_after=None
[2025-02-06T16:12:22.716+0000] {logging_mixin.py:151} INFO - [2025-02-06T16:12:22.716+0000] {dag.py:3696} INFO - Setting next_dagrun for dataset_consumes_1_and_2 to None, run_after=None
[2025-02-06T16:12:22.717+0000] {logging_mixin.py:151} INFO - [2025-02-06T16:12:22.717+0000] {dag.py:3696} INFO - Setting next_dagrun for dataset_consumes_1_never_scheduled to None, run_after=None
[2025-02-06T16:12:22.718+0000] {logging_mixin.py:151} INFO - [2025-02-06T16:12:22.718+0000] {dag.py:3696} INFO - Setting next_dagrun for dataset_consumes_unknown_never_scheduled to None, run_after=None
[2025-02-06T16:12:22.720+0000] {logging_mixin.py:151} INFO - [2025-02-06T16:12:22.720+0000] {dag.py:3696} INFO - Setting next_dagrun for dataset_produces_1 to 2025-02-05T00:00:00+00:00, run_after=2025-02-06T00:00:00+00:00
[2025-02-06T16:12:22.721+0000] {logging_mixin.py:151} INFO - [2025-02-06T16:12:22.721+0000] {dag.py:3696} INFO - Setting next_dagrun for dataset_produces_2 to None, run_after=None
[2025-02-06T16:12:22.747+0000] {processor.py:179} INFO - Processing /home/airflow/.local/lib/python3.8/site-packages/airflow/example_dags/example_datasets.py took 0.094 seconds
[2025-02-06T16:12:54.900+0000] {processor.py:157} INFO - Started process (PID=3029) to work on /home/airflow/.local/lib/python3.8/site-packages/airflow/example_dags/example_datasets.py
[2025-02-06T16:12:54.901+0000] {processor.py:829} INFO - Processing file /home/airflow/.local/lib/python3.8/site-packages/airflow/example_dags/example_datasets.py for tasks to queue
[2025-02-06T16:12:54.902+0000] {logging_mixin.py:151} INFO - [2025-02-06T16:12:54.902+0000] {dagbag.py:539} INFO - Filling up the DagBag from /home/airflow/.local/lib/python3.8/site-packages/airflow/example_dags/example_datasets.py
[2025-02-06T16:12:54.911+0000] {processor.py:839} INFO - DAG(s) dict_keys(['dataset_consumes_unknown_never_scheduled', 'dataset_consumes_1_never_scheduled', 'dataset_consumes_1_and_2', 'dataset_consumes_1', 'dataset_produces_1', 'dataset_produces_2']) retrieved from /home/airflow/.local/lib/python3.8/site-packages/airflow/example_dags/example_datasets.py
[2025-02-06T16:12:54.944+0000] {logging_mixin.py:151} INFO - [2025-02-06T16:12:54.943+0000] {dag.py:2915} INFO - Sync 6 DAGs
[2025-02-06T16:12:54.962+0000] {logging_mixin.py:151} INFO - [2025-02-06T16:12:54.962+0000] {dag.py:3696} INFO - Setting next_dagrun for dataset_consumes_1 to None, run_after=None
[2025-02-06T16:12:54.966+0000] {logging_mixin.py:151} INFO - [2025-02-06T16:12:54.965+0000] {dag.py:3696} INFO - Setting next_dagrun for dataset_consumes_1_and_2 to None, run_after=None
[2025-02-06T16:12:54.967+0000] {logging_mixin.py:151} INFO - [2025-02-06T16:12:54.967+0000] {dag.py:3696} INFO - Setting next_dagrun for dataset_consumes_1_never_scheduled to None, run_after=None
[2025-02-06T16:12:54.968+0000] {logging_mixin.py:151} INFO - [2025-02-06T16:12:54.967+0000] {dag.py:3696} INFO - Setting next_dagrun for dataset_consumes_unknown_never_scheduled to None, run_after=None
[2025-02-06T16:12:54.970+0000] {logging_mixin.py:151} INFO - [2025-02-06T16:12:54.970+0000] {dag.py:3696} INFO - Setting next_dagrun for dataset_produces_1 to 2025-02-05T00:00:00+00:00, run_after=2025-02-06T00:00:00+00:00
[2025-02-06T16:12:54.971+0000] {logging_mixin.py:151} INFO - [2025-02-06T16:12:54.971+0000] {dag.py:3696} INFO - Setting next_dagrun for dataset_produces_2 to None, run_after=None
[2025-02-06T16:12:54.998+0000] {processor.py:179} INFO - Processing /home/airflow/.local/lib/python3.8/site-packages/airflow/example_dags/example_datasets.py took 0.100 seconds
[2025-02-06T16:13:27.508+0000] {processor.py:157} INFO - Started process (PID=3290) to work on /home/airflow/.local/lib/python3.8/site-packages/airflow/example_dags/example_datasets.py
[2025-02-06T16:13:27.508+0000] {processor.py:829} INFO - Processing file /home/airflow/.local/lib/python3.8/site-packages/airflow/example_dags/example_datasets.py for tasks to queue
[2025-02-06T16:13:27.509+0000] {logging_mixin.py:151} INFO - [2025-02-06T16:13:27.509+0000] {dagbag.py:539} INFO - Filling up the DagBag from /home/airflow/.local/lib/python3.8/site-packages/airflow/example_dags/example_datasets.py
[2025-02-06T16:13:27.518+0000] {processor.py:839} INFO - DAG(s) dict_keys(['dataset_consumes_1', 'dataset_consumes_1_and_2', 'dataset_consumes_unknown_never_scheduled', 'dataset_produces_2', 'dataset_consumes_1_never_scheduled', 'dataset_produces_1']) retrieved from /home/airflow/.local/lib/python3.8/site-packages/airflow/example_dags/example_datasets.py
[2025-02-06T16:13:27.554+0000] {logging_mixin.py:151} INFO - [2025-02-06T16:13:27.554+0000] {dag.py:2915} INFO - Sync 6 DAGs
[2025-02-06T16:13:27.582+0000] {logging_mixin.py:151} INFO - [2025-02-06T16:13:27.581+0000] {dag.py:3696} INFO - Setting next_dagrun for dataset_consumes_1 to None, run_after=None
[2025-02-06T16:13:27.586+0000] {logging_mixin.py:151} INFO - [2025-02-06T16:13:27.586+0000] {dag.py:3696} INFO - Setting next_dagrun for dataset_consumes_1_and_2 to None, run_after=None
[2025-02-06T16:13:27.588+0000] {logging_mixin.py:151} INFO - [2025-02-06T16:13:27.588+0000] {dag.py:3696} INFO - Setting next_dagrun for dataset_consumes_1_never_scheduled to None, run_after=None
[2025-02-06T16:13:27.590+0000] {logging_mixin.py:151} INFO - [2025-02-06T16:13:27.589+0000] {dag.py:3696} INFO - Setting next_dagrun for dataset_consumes_unknown_never_scheduled to None, run_after=None
[2025-02-06T16:13:27.593+0000] {logging_mixin.py:151} INFO - [2025-02-06T16:13:27.593+0000] {dag.py:3696} INFO - Setting next_dagrun for dataset_produces_1 to 2025-02-05T00:00:00+00:00, run_after=2025-02-06T00:00:00+00:00
[2025-02-06T16:13:27.595+0000] {logging_mixin.py:151} INFO - [2025-02-06T16:13:27.595+0000] {dag.py:3696} INFO - Setting next_dagrun for dataset_produces_2 to None, run_after=None
[2025-02-06T16:13:27.638+0000] {processor.py:179} INFO - Processing /home/airflow/.local/lib/python3.8/site-packages/airflow/example_dags/example_datasets.py took 0.133 seconds
[2025-02-06T16:14:00.664+0000] {processor.py:157} INFO - Started process (PID=3551) to work on /home/airflow/.local/lib/python3.8/site-packages/airflow/example_dags/example_datasets.py
[2025-02-06T16:14:00.665+0000] {processor.py:829} INFO - Processing file /home/airflow/.local/lib/python3.8/site-packages/airflow/example_dags/example_datasets.py for tasks to queue
[2025-02-06T16:14:00.665+0000] {logging_mixin.py:151} INFO - [2025-02-06T16:14:00.665+0000] {dagbag.py:539} INFO - Filling up the DagBag from /home/airflow/.local/lib/python3.8/site-packages/airflow/example_dags/example_datasets.py
[2025-02-06T16:14:00.674+0000] {processor.py:839} INFO - DAG(s) dict_keys(['dataset_consumes_1_and_2', 'dataset_consumes_1', 'dataset_consumes_1_never_scheduled', 'dataset_produces_2', 'dataset_consumes_unknown_never_scheduled', 'dataset_produces_1']) retrieved from /home/airflow/.local/lib/python3.8/site-packages/airflow/example_dags/example_datasets.py
[2025-02-06T16:14:00.706+0000] {logging_mixin.py:151} INFO - [2025-02-06T16:14:00.706+0000] {dag.py:2915} INFO - Sync 6 DAGs
[2025-02-06T16:14:00.725+0000] {logging_mixin.py:151} INFO - [2025-02-06T16:14:00.725+0000] {dag.py:3696} INFO - Setting next_dagrun for dataset_consumes_1 to None, run_after=None
[2025-02-06T16:14:00.729+0000] {logging_mixin.py:151} INFO - [2025-02-06T16:14:00.728+0000] {dag.py:3696} INFO - Setting next_dagrun for dataset_consumes_1_and_2 to None, run_after=None
[2025-02-06T16:14:00.730+0000] {logging_mixin.py:151} INFO - [2025-02-06T16:14:00.730+0000] {dag.py:3696} INFO - Setting next_dagrun for dataset_consumes_1_never_scheduled to None, run_after=None
[2025-02-06T16:14:00.731+0000] {logging_mixin.py:151} INFO - [2025-02-06T16:14:00.731+0000] {dag.py:3696} INFO - Setting next_dagrun for dataset_consumes_unknown_never_scheduled to None, run_after=None
[2025-02-06T16:14:00.733+0000] {logging_mixin.py:151} INFO - [2025-02-06T16:14:00.733+0000] {dag.py:3696} INFO - Setting next_dagrun for dataset_produces_1 to 2025-02-05T00:00:00+00:00, run_after=2025-02-06T00:00:00+00:00
[2025-02-06T16:14:00.735+0000] {logging_mixin.py:151} INFO - [2025-02-06T16:14:00.735+0000] {dag.py:3696} INFO - Setting next_dagrun for dataset_produces_2 to None, run_after=None
[2025-02-06T16:14:00.765+0000] {processor.py:179} INFO - Processing /home/airflow/.local/lib/python3.8/site-packages/airflow/example_dags/example_datasets.py took 0.105 seconds
[2025-02-06T16:14:32.954+0000] {processor.py:157} INFO - Started process (PID=3812) to work on /home/airflow/.local/lib/python3.8/site-packages/airflow/example_dags/example_datasets.py
[2025-02-06T16:14:32.955+0000] {processor.py:829} INFO - Processing file /home/airflow/.local/lib/python3.8/site-packages/airflow/example_dags/example_datasets.py for tasks to queue
[2025-02-06T16:14:32.956+0000] {logging_mixin.py:151} INFO - [2025-02-06T16:14:32.955+0000] {dagbag.py:539} INFO - Filling up the DagBag from /home/airflow/.local/lib/python3.8/site-packages/airflow/example_dags/example_datasets.py
[2025-02-06T16:14:32.963+0000] {processor.py:839} INFO - DAG(s) dict_keys(['dataset_consumes_1', 'dataset_produces_2', 'dataset_consumes_1_and_2', 'dataset_consumes_unknown_never_scheduled', 'dataset_consumes_1_never_scheduled', 'dataset_produces_1']) retrieved from /home/airflow/.local/lib/python3.8/site-packages/airflow/example_dags/example_datasets.py
[2025-02-06T16:14:32.995+0000] {logging_mixin.py:151} INFO - [2025-02-06T16:14:32.995+0000] {dag.py:2915} INFO - Sync 6 DAGs
[2025-02-06T16:14:33.014+0000] {logging_mixin.py:151} INFO - [2025-02-06T16:14:33.014+0000] {dag.py:3696} INFO - Setting next_dagrun for dataset_consumes_1 to None, run_after=None
[2025-02-06T16:14:33.018+0000] {logging_mixin.py:151} INFO - [2025-02-06T16:14:33.017+0000] {dag.py:3696} INFO - Setting next_dagrun for dataset_consumes_1_and_2 to None, run_after=None
[2025-02-06T16:14:33.019+0000] {logging_mixin.py:151} INFO - [2025-02-06T16:14:33.018+0000] {dag.py:3696} INFO - Setting next_dagrun for dataset_consumes_1_never_scheduled to None, run_after=None
[2025-02-06T16:14:33.019+0000] {logging_mixin.py:151} INFO - [2025-02-06T16:14:33.019+0000] {dag.py:3696} INFO - Setting next_dagrun for dataset_consumes_unknown_never_scheduled to None, run_after=None
[2025-02-06T16:14:33.022+0000] {logging_mixin.py:151} INFO - [2025-02-06T16:14:33.022+0000] {dag.py:3696} INFO - Setting next_dagrun for dataset_produces_1 to 2025-02-05T00:00:00+00:00, run_after=2025-02-06T00:00:00+00:00
[2025-02-06T16:14:33.023+0000] {logging_mixin.py:151} INFO - [2025-02-06T16:14:33.023+0000] {dag.py:3696} INFO - Setting next_dagrun for dataset_produces_2 to None, run_after=None
[2025-02-06T16:14:33.052+0000] {processor.py:179} INFO - Processing /home/airflow/.local/lib/python3.8/site-packages/airflow/example_dags/example_datasets.py took 0.101 seconds
[2025-02-06T16:15:06.799+0000] {processor.py:157} INFO - Started process (PID=4090) to work on /home/airflow/.local/lib/python3.8/site-packages/airflow/example_dags/example_datasets.py
[2025-02-06T16:15:06.800+0000] {processor.py:829} INFO - Processing file /home/airflow/.local/lib/python3.8/site-packages/airflow/example_dags/example_datasets.py for tasks to queue
[2025-02-06T16:15:06.801+0000] {logging_mixin.py:151} INFO - [2025-02-06T16:15:06.800+0000] {dagbag.py:539} INFO - Filling up the DagBag from /home/airflow/.local/lib/python3.8/site-packages/airflow/example_dags/example_datasets.py
[2025-02-06T16:15:06.809+0000] {processor.py:839} INFO - DAG(s) dict_keys(['dataset_consumes_1', 'dataset_consumes_unknown_never_scheduled', 'dataset_consumes_1_and_2', 'dataset_produces_1', 'dataset_produces_2', 'dataset_consumes_1_never_scheduled']) retrieved from /home/airflow/.local/lib/python3.8/site-packages/airflow/example_dags/example_datasets.py
[2025-02-06T16:15:06.835+0000] {logging_mixin.py:151} INFO - [2025-02-06T16:15:06.835+0000] {dag.py:2915} INFO - Sync 6 DAGs
[2025-02-06T16:15:06.852+0000] {logging_mixin.py:151} INFO - [2025-02-06T16:15:06.852+0000] {dag.py:3696} INFO - Setting next_dagrun for dataset_consumes_1 to None, run_after=None
[2025-02-06T16:15:06.855+0000] {logging_mixin.py:151} INFO - [2025-02-06T16:15:06.855+0000] {dag.py:3696} INFO - Setting next_dagrun for dataset_consumes_1_and_2 to None, run_after=None
[2025-02-06T16:15:06.856+0000] {logging_mixin.py:151} INFO - [2025-02-06T16:15:06.856+0000] {dag.py:3696} INFO - Setting next_dagrun for dataset_consumes_1_never_scheduled to None, run_after=None
[2025-02-06T16:15:06.857+0000] {logging_mixin.py:151} INFO - [2025-02-06T16:15:06.857+0000] {dag.py:3696} INFO - Setting next_dagrun for dataset_consumes_unknown_never_scheduled to None, run_after=None
[2025-02-06T16:15:06.859+0000] {logging_mixin.py:151} INFO - [2025-02-06T16:15:06.859+0000] {dag.py:3696} INFO - Setting next_dagrun for dataset_produces_1 to 2025-02-05T00:00:00+00:00, run_after=2025-02-06T00:00:00+00:00
[2025-02-06T16:15:06.860+0000] {logging_mixin.py:151} INFO - [2025-02-06T16:15:06.860+0000] {dag.py:3696} INFO - Setting next_dagrun for dataset_produces_2 to None, run_after=None
[2025-02-06T16:15:06.888+0000] {processor.py:179} INFO - Processing /home/airflow/.local/lib/python3.8/site-packages/airflow/example_dags/example_datasets.py took 0.091 seconds
[2025-02-06T16:15:39.289+0000] {processor.py:157} INFO - Started process (PID=4351) to work on /home/airflow/.local/lib/python3.8/site-packages/airflow/example_dags/example_datasets.py
[2025-02-06T16:15:39.290+0000] {processor.py:829} INFO - Processing file /home/airflow/.local/lib/python3.8/site-packages/airflow/example_dags/example_datasets.py for tasks to queue
[2025-02-06T16:15:39.290+0000] {logging_mixin.py:151} INFO - [2025-02-06T16:15:39.290+0000] {dagbag.py:539} INFO - Filling up the DagBag from /home/airflow/.local/lib/python3.8/site-packages/airflow/example_dags/example_datasets.py
[2025-02-06T16:15:39.298+0000] {processor.py:839} INFO - DAG(s) dict_keys(['dataset_produces_2', 'dataset_produces_1', 'dataset_consumes_unknown_never_scheduled', 'dataset_consumes_1', 'dataset_consumes_1_and_2', 'dataset_consumes_1_never_scheduled']) retrieved from /home/airflow/.local/lib/python3.8/site-packages/airflow/example_dags/example_datasets.py
[2025-02-06T16:15:39.329+0000] {logging_mixin.py:151} INFO - [2025-02-06T16:15:39.329+0000] {dag.py:2915} INFO - Sync 6 DAGs
[2025-02-06T16:15:39.348+0000] {logging_mixin.py:151} INFO - [2025-02-06T16:15:39.348+0000] {dag.py:3696} INFO - Setting next_dagrun for dataset_consumes_1 to None, run_after=None
[2025-02-06T16:15:39.351+0000] {logging_mixin.py:151} INFO - [2025-02-06T16:15:39.350+0000] {dag.py:3696} INFO - Setting next_dagrun for dataset_consumes_1_and_2 to None, run_after=None
[2025-02-06T16:15:39.352+0000] {logging_mixin.py:151} INFO - [2025-02-06T16:15:39.352+0000] {dag.py:3696} INFO - Setting next_dagrun for dataset_consumes_1_never_scheduled to None, run_after=None
[2025-02-06T16:15:39.353+0000] {logging_mixin.py:151} INFO - [2025-02-06T16:15:39.353+0000] {dag.py:3696} INFO - Setting next_dagrun for dataset_consumes_unknown_never_scheduled to None, run_after=None
[2025-02-06T16:15:39.355+0000] {logging_mixin.py:151} INFO - [2025-02-06T16:15:39.355+0000] {dag.py:3696} INFO - Setting next_dagrun for dataset_produces_1 to 2025-02-05T00:00:00+00:00, run_after=2025-02-06T00:00:00+00:00
[2025-02-06T16:15:39.356+0000] {logging_mixin.py:151} INFO - [2025-02-06T16:15:39.356+0000] {dag.py:3696} INFO - Setting next_dagrun for dataset_produces_2 to None, run_after=None
[2025-02-06T16:15:39.383+0000] {processor.py:179} INFO - Processing /home/airflow/.local/lib/python3.8/site-packages/airflow/example_dags/example_datasets.py took 0.096 seconds
[2025-02-06T16:16:12.001+0000] {processor.py:157} INFO - Started process (PID=4617) to work on /home/airflow/.local/lib/python3.8/site-packages/airflow/example_dags/example_datasets.py
[2025-02-06T16:16:12.002+0000] {processor.py:829} INFO - Processing file /home/airflow/.local/lib/python3.8/site-packages/airflow/example_dags/example_datasets.py for tasks to queue
[2025-02-06T16:16:12.003+0000] {logging_mixin.py:151} INFO - [2025-02-06T16:16:12.002+0000] {dagbag.py:539} INFO - Filling up the DagBag from /home/airflow/.local/lib/python3.8/site-packages/airflow/example_dags/example_datasets.py
[2025-02-06T16:16:12.012+0000] {processor.py:839} INFO - DAG(s) dict_keys(['dataset_consumes_1', 'dataset_produces_1', 'dataset_consumes_1_never_scheduled', 'dataset_produces_2', 'dataset_consumes_unknown_never_scheduled', 'dataset_consumes_1_and_2']) retrieved from /home/airflow/.local/lib/python3.8/site-packages/airflow/example_dags/example_datasets.py
[2025-02-06T16:16:12.048+0000] {logging_mixin.py:151} INFO - [2025-02-06T16:16:12.048+0000] {dag.py:2915} INFO - Sync 6 DAGs
[2025-02-06T16:16:12.069+0000] {logging_mixin.py:151} INFO - [2025-02-06T16:16:12.069+0000] {dag.py:3696} INFO - Setting next_dagrun for dataset_consumes_1 to None, run_after=None
[2025-02-06T16:16:12.072+0000] {logging_mixin.py:151} INFO - [2025-02-06T16:16:12.071+0000] {dag.py:3696} INFO - Setting next_dagrun for dataset_consumes_1_and_2 to None, run_after=None
[2025-02-06T16:16:12.073+0000] {logging_mixin.py:151} INFO - [2025-02-06T16:16:12.072+0000] {dag.py:3696} INFO - Setting next_dagrun for dataset_consumes_1_never_scheduled to None, run_after=None
[2025-02-06T16:16:12.074+0000] {logging_mixin.py:151} INFO - [2025-02-06T16:16:12.073+0000] {dag.py:3696} INFO - Setting next_dagrun for dataset_consumes_unknown_never_scheduled to None, run_after=None
[2025-02-06T16:16:12.077+0000] {logging_mixin.py:151} INFO - [2025-02-06T16:16:12.077+0000] {dag.py:3696} INFO - Setting next_dagrun for dataset_produces_1 to 2025-02-05T00:00:00+00:00, run_after=2025-02-06T00:00:00+00:00
[2025-02-06T16:16:12.078+0000] {logging_mixin.py:151} INFO - [2025-02-06T16:16:12.078+0000] {dag.py:3696} INFO - Setting next_dagrun for dataset_produces_2 to None, run_after=None
[2025-02-06T16:16:12.108+0000] {processor.py:179} INFO - Processing /home/airflow/.local/lib/python3.8/site-packages/airflow/example_dags/example_datasets.py took 0.109 seconds
[2025-02-06T16:16:45.815+0000] {processor.py:157} INFO - Started process (PID=4929) to work on /home/airflow/.local/lib/python3.8/site-packages/airflow/example_dags/example_datasets.py
[2025-02-06T16:16:45.816+0000] {processor.py:829} INFO - Processing file /home/airflow/.local/lib/python3.8/site-packages/airflow/example_dags/example_datasets.py for tasks to queue
[2025-02-06T16:16:45.817+0000] {logging_mixin.py:151} INFO - [2025-02-06T16:16:45.817+0000] {dagbag.py:539} INFO - Filling up the DagBag from /home/airflow/.local/lib/python3.8/site-packages/airflow/example_dags/example_datasets.py
[2025-02-06T16:16:45.826+0000] {processor.py:839} INFO - DAG(s) dict_keys(['dataset_produces_2', 'dataset_consumes_1_never_scheduled', 'dataset_consumes_unknown_never_scheduled', 'dataset_produces_1', 'dataset_consumes_1_and_2', 'dataset_consumes_1']) retrieved from /home/airflow/.local/lib/python3.8/site-packages/airflow/example_dags/example_datasets.py
[2025-02-06T16:16:45.856+0000] {logging_mixin.py:151} INFO - [2025-02-06T16:16:45.856+0000] {dag.py:2915} INFO - Sync 6 DAGs
[2025-02-06T16:16:45.873+0000] {logging_mixin.py:151} INFO - [2025-02-06T16:16:45.873+0000] {dag.py:3696} INFO - Setting next_dagrun for dataset_consumes_1 to None, run_after=None
[2025-02-06T16:16:45.876+0000] {logging_mixin.py:151} INFO - [2025-02-06T16:16:45.876+0000] {dag.py:3696} INFO - Setting next_dagrun for dataset_consumes_1_and_2 to None, run_after=None
[2025-02-06T16:16:45.877+0000] {logging_mixin.py:151} INFO - [2025-02-06T16:16:45.877+0000] {dag.py:3696} INFO - Setting next_dagrun for dataset_consumes_1_never_scheduled to None, run_after=None
[2025-02-06T16:16:45.878+0000] {logging_mixin.py:151} INFO - [2025-02-06T16:16:45.878+0000] {dag.py:3696} INFO - Setting next_dagrun for dataset_consumes_unknown_never_scheduled to None, run_after=None
[2025-02-06T16:16:45.880+0000] {logging_mixin.py:151} INFO - [2025-02-06T16:16:45.880+0000] {dag.py:3696} INFO - Setting next_dagrun for dataset_produces_1 to 2025-02-05T00:00:00+00:00, run_after=2025-02-06T00:00:00+00:00
[2025-02-06T16:16:45.881+0000] {logging_mixin.py:151} INFO - [2025-02-06T16:16:45.881+0000] {dag.py:3696} INFO - Setting next_dagrun for dataset_produces_2 to None, run_after=None
[2025-02-06T16:16:45.907+0000] {processor.py:179} INFO - Processing /home/airflow/.local/lib/python3.8/site-packages/airflow/example_dags/example_datasets.py took 0.095 seconds
[2025-02-06T16:17:18.658+0000] {processor.py:157} INFO - Started process (PID=5197) to work on /home/airflow/.local/lib/python3.8/site-packages/airflow/example_dags/example_datasets.py
[2025-02-06T16:17:18.659+0000] {processor.py:829} INFO - Processing file /home/airflow/.local/lib/python3.8/site-packages/airflow/example_dags/example_datasets.py for tasks to queue
[2025-02-06T16:17:18.659+0000] {logging_mixin.py:151} INFO - [2025-02-06T16:17:18.659+0000] {dagbag.py:539} INFO - Filling up the DagBag from /home/airflow/.local/lib/python3.8/site-packages/airflow/example_dags/example_datasets.py
[2025-02-06T16:17:18.669+0000] {processor.py:839} INFO - DAG(s) dict_keys(['dataset_consumes_1_and_2', 'dataset_produces_2', 'dataset_produces_1', 'dataset_consumes_unknown_never_scheduled', 'dataset_consumes_1', 'dataset_consumes_1_never_scheduled']) retrieved from /home/airflow/.local/lib/python3.8/site-packages/airflow/example_dags/example_datasets.py
[2025-02-06T16:17:18.709+0000] {logging_mixin.py:151} INFO - [2025-02-06T16:17:18.708+0000] {dag.py:2915} INFO - Sync 6 DAGs
[2025-02-06T16:17:18.739+0000] {logging_mixin.py:151} INFO - [2025-02-06T16:17:18.738+0000] {dag.py:3696} INFO - Setting next_dagrun for dataset_consumes_1 to None, run_after=None
[2025-02-06T16:17:18.743+0000] {logging_mixin.py:151} INFO - [2025-02-06T16:17:18.742+0000] {dag.py:3696} INFO - Setting next_dagrun for dataset_consumes_1_and_2 to None, run_after=None
[2025-02-06T16:17:18.744+0000] {logging_mixin.py:151} INFO - [2025-02-06T16:17:18.744+0000] {dag.py:3696} INFO - Setting next_dagrun for dataset_consumes_1_never_scheduled to None, run_after=None
[2025-02-06T16:17:18.745+0000] {logging_mixin.py:151} INFO - [2025-02-06T16:17:18.745+0000] {dag.py:3696} INFO - Setting next_dagrun for dataset_consumes_unknown_never_scheduled to None, run_after=None
[2025-02-06T16:17:18.749+0000] {logging_mixin.py:151} INFO - [2025-02-06T16:17:18.748+0000] {dag.py:3696} INFO - Setting next_dagrun for dataset_produces_1 to 2025-02-05T00:00:00+00:00, run_after=2025-02-06T00:00:00+00:00
[2025-02-06T16:17:18.751+0000] {logging_mixin.py:151} INFO - [2025-02-06T16:17:18.751+0000] {dag.py:3696} INFO - Setting next_dagrun for dataset_produces_2 to None, run_after=None
[2025-02-06T16:17:18.782+0000] {processor.py:179} INFO - Processing /home/airflow/.local/lib/python3.8/site-packages/airflow/example_dags/example_datasets.py took 0.128 seconds
[2025-02-06T16:17:50.790+0000] {processor.py:157} INFO - Started process (PID=5456) to work on /home/airflow/.local/lib/python3.8/site-packages/airflow/example_dags/example_datasets.py
[2025-02-06T16:17:50.791+0000] {processor.py:829} INFO - Processing file /home/airflow/.local/lib/python3.8/site-packages/airflow/example_dags/example_datasets.py for tasks to queue
[2025-02-06T16:17:50.792+0000] {logging_mixin.py:151} INFO - [2025-02-06T16:17:50.792+0000] {dagbag.py:539} INFO - Filling up the DagBag from /home/airflow/.local/lib/python3.8/site-packages/airflow/example_dags/example_datasets.py
[2025-02-06T16:17:50.799+0000] {processor.py:839} INFO - DAG(s) dict_keys(['dataset_produces_1', 'dataset_produces_2', 'dataset_consumes_1_and_2', 'dataset_consumes_1', 'dataset_consumes_unknown_never_scheduled', 'dataset_consumes_1_never_scheduled']) retrieved from /home/airflow/.local/lib/python3.8/site-packages/airflow/example_dags/example_datasets.py
[2025-02-06T16:17:50.829+0000] {logging_mixin.py:151} INFO - [2025-02-06T16:17:50.829+0000] {dag.py:2915} INFO - Sync 6 DAGs
[2025-02-06T16:17:50.848+0000] {logging_mixin.py:151} INFO - [2025-02-06T16:17:50.848+0000] {dag.py:3696} INFO - Setting next_dagrun for dataset_consumes_1 to None, run_after=None
[2025-02-06T16:17:50.850+0000] {logging_mixin.py:151} INFO - [2025-02-06T16:17:50.850+0000] {dag.py:3696} INFO - Setting next_dagrun for dataset_consumes_1_and_2 to None, run_after=None
[2025-02-06T16:17:50.851+0000] {logging_mixin.py:151} INFO - [2025-02-06T16:17:50.851+0000] {dag.py:3696} INFO - Setting next_dagrun for dataset_consumes_1_never_scheduled to None, run_after=None
[2025-02-06T16:17:50.852+0000] {logging_mixin.py:151} INFO - [2025-02-06T16:17:50.852+0000] {dag.py:3696} INFO - Setting next_dagrun for dataset_consumes_unknown_never_scheduled to None, run_after=None
[2025-02-06T16:17:50.854+0000] {logging_mixin.py:151} INFO - [2025-02-06T16:17:50.854+0000] {dag.py:3696} INFO - Setting next_dagrun for dataset_produces_1 to 2025-02-05T00:00:00+00:00, run_after=2025-02-06T00:00:00+00:00
[2025-02-06T16:17:50.855+0000] {logging_mixin.py:151} INFO - [2025-02-06T16:17:50.855+0000] {dag.py:3696} INFO - Setting next_dagrun for dataset_produces_2 to None, run_after=None
[2025-02-06T16:17:50.881+0000] {processor.py:179} INFO - Processing /home/airflow/.local/lib/python3.8/site-packages/airflow/example_dags/example_datasets.py took 0.094 seconds
[2025-02-06T16:18:23.563+0000] {processor.py:157} INFO - Started process (PID=5717) to work on /home/airflow/.local/lib/python3.8/site-packages/airflow/example_dags/example_datasets.py
[2025-02-06T16:18:23.564+0000] {processor.py:829} INFO - Processing file /home/airflow/.local/lib/python3.8/site-packages/airflow/example_dags/example_datasets.py for tasks to queue
[2025-02-06T16:18:23.565+0000] {logging_mixin.py:151} INFO - [2025-02-06T16:18:23.564+0000] {dagbag.py:539} INFO - Filling up the DagBag from /home/airflow/.local/lib/python3.8/site-packages/airflow/example_dags/example_datasets.py
[2025-02-06T16:18:23.572+0000] {processor.py:839} INFO - DAG(s) dict_keys(['dataset_consumes_1', 'dataset_consumes_1_never_scheduled', 'dataset_consumes_1_and_2', 'dataset_produces_1', 'dataset_consumes_unknown_never_scheduled', 'dataset_produces_2']) retrieved from /home/airflow/.local/lib/python3.8/site-packages/airflow/example_dags/example_datasets.py
[2025-02-06T16:18:23.607+0000] {logging_mixin.py:151} INFO - [2025-02-06T16:18:23.606+0000] {dag.py:2915} INFO - Sync 6 DAGs
[2025-02-06T16:18:23.628+0000] {logging_mixin.py:151} INFO - [2025-02-06T16:18:23.628+0000] {dag.py:3696} INFO - Setting next_dagrun for dataset_consumes_1 to None, run_after=None
[2025-02-06T16:18:23.631+0000] {logging_mixin.py:151} INFO - [2025-02-06T16:18:23.631+0000] {dag.py:3696} INFO - Setting next_dagrun for dataset_consumes_1_and_2 to None, run_after=None
[2025-02-06T16:18:23.632+0000] {logging_mixin.py:151} INFO - [2025-02-06T16:18:23.632+0000] {dag.py:3696} INFO - Setting next_dagrun for dataset_consumes_1_never_scheduled to None, run_after=None
[2025-02-06T16:18:23.633+0000] {logging_mixin.py:151} INFO - [2025-02-06T16:18:23.633+0000] {dag.py:3696} INFO - Setting next_dagrun for dataset_consumes_unknown_never_scheduled to None, run_after=None
[2025-02-06T16:18:23.636+0000] {logging_mixin.py:151} INFO - [2025-02-06T16:18:23.636+0000] {dag.py:3696} INFO - Setting next_dagrun for dataset_produces_1 to 2025-02-05T00:00:00+00:00, run_after=2025-02-06T00:00:00+00:00
[2025-02-06T16:18:23.637+0000] {logging_mixin.py:151} INFO - [2025-02-06T16:18:23.637+0000] {dag.py:3696} INFO - Setting next_dagrun for dataset_produces_2 to None, run_after=None
[2025-02-06T16:18:23.666+0000] {processor.py:179} INFO - Processing /home/airflow/.local/lib/python3.8/site-packages/airflow/example_dags/example_datasets.py took 0.105 seconds
[2025-02-06T16:18:56.221+0000] {processor.py:157} INFO - Started process (PID=5978) to work on /home/airflow/.local/lib/python3.8/site-packages/airflow/example_dags/example_datasets.py
[2025-02-06T16:18:56.222+0000] {processor.py:829} INFO - Processing file /home/airflow/.local/lib/python3.8/site-packages/airflow/example_dags/example_datasets.py for tasks to queue
[2025-02-06T16:18:56.222+0000] {logging_mixin.py:151} INFO - [2025-02-06T16:18:56.222+0000] {dagbag.py:539} INFO - Filling up the DagBag from /home/airflow/.local/lib/python3.8/site-packages/airflow/example_dags/example_datasets.py
[2025-02-06T16:18:56.231+0000] {processor.py:839} INFO - DAG(s) dict_keys(['dataset_produces_2', 'dataset_consumes_unknown_never_scheduled', 'dataset_consumes_1', 'dataset_consumes_1_never_scheduled', 'dataset_consumes_1_and_2', 'dataset_produces_1']) retrieved from /home/airflow/.local/lib/python3.8/site-packages/airflow/example_dags/example_datasets.py
[2025-02-06T16:18:56.271+0000] {logging_mixin.py:151} INFO - [2025-02-06T16:18:56.271+0000] {dag.py:2915} INFO - Sync 6 DAGs
[2025-02-06T16:18:56.292+0000] {logging_mixin.py:151} INFO - [2025-02-06T16:18:56.291+0000] {dag.py:3696} INFO - Setting next_dagrun for dataset_consumes_1 to None, run_after=None
[2025-02-06T16:18:56.295+0000] {logging_mixin.py:151} INFO - [2025-02-06T16:18:56.294+0000] {dag.py:3696} INFO - Setting next_dagrun for dataset_consumes_1_and_2 to None, run_after=None
[2025-02-06T16:18:56.295+0000] {logging_mixin.py:151} INFO - [2025-02-06T16:18:56.295+0000] {dag.py:3696} INFO - Setting next_dagrun for dataset_consumes_1_never_scheduled to None, run_after=None
[2025-02-06T16:18:56.296+0000] {logging_mixin.py:151} INFO - [2025-02-06T16:18:56.296+0000] {dag.py:3696} INFO - Setting next_dagrun for dataset_consumes_unknown_never_scheduled to None, run_after=None
[2025-02-06T16:18:56.299+0000] {logging_mixin.py:151} INFO - [2025-02-06T16:18:56.299+0000] {dag.py:3696} INFO - Setting next_dagrun for dataset_produces_1 to 2025-02-05T00:00:00+00:00, run_after=2025-02-06T00:00:00+00:00
[2025-02-06T16:18:56.301+0000] {logging_mixin.py:151} INFO - [2025-02-06T16:18:56.300+0000] {dag.py:3696} INFO - Setting next_dagrun for dataset_produces_2 to None, run_after=None
[2025-02-06T16:18:56.335+0000] {processor.py:179} INFO - Processing /home/airflow/.local/lib/python3.8/site-packages/airflow/example_dags/example_datasets.py took 0.117 seconds
