[2025-02-06T15:19:05.377+0000] {processor.py:186} INFO - Started process (PID=366) to work on /home/airflow/.local/lib/python3.12/site-packages/airflow/example_dags/example_external_task_marker_dag.py
[2025-02-06T15:19:05.377+0000] {processor.py:914} INFO - Processing file /home/airflow/.local/lib/python3.12/site-packages/airflow/example_dags/example_external_task_marker_dag.py for tasks to queue
[2025-02-06T15:19:05.379+0000] {logging_mixin.py:190} INFO - [2025-02-06T15:19:05.378+0000] {dagbag.py:588} INFO - Filling up the DagBag from /home/airflow/.local/lib/python3.12/site-packages/airflow/example_dags/example_external_task_marker_dag.py
[2025-02-06T15:19:05.385+0000] {processor.py:925} INFO - DAG(s) 'example_external_task_marker_parent', 'example_external_task_marker_child' retrieved from /home/airflow/.local/lib/python3.12/site-packages/airflow/example_dags/example_external_task_marker_dag.py
[2025-02-06T15:19:05.405+0000] {logging_mixin.py:190} INFO - [2025-02-06T15:19:05.404+0000] {dag.py:3239} INFO - Sync 2 DAGs
[2025-02-06T15:19:05.417+0000] {logging_mixin.py:190} INFO - [2025-02-06T15:19:05.417+0000] {dag.py:4180} INFO - Setting next_dagrun for example_external_task_marker_child to None, run_after=None
[2025-02-06T15:19:05.420+0000] {logging_mixin.py:190} INFO - [2025-02-06T15:19:05.420+0000] {dag.py:4180} INFO - Setting next_dagrun for example_external_task_marker_parent to None, run_after=None
[2025-02-06T15:19:05.433+0000] {processor.py:208} INFO - Processing /home/airflow/.local/lib/python3.12/site-packages/airflow/example_dags/example_external_task_marker_dag.py took 0.061 seconds
[2025-02-06T15:19:35.702+0000] {processor.py:186} INFO - Started process (PID=668) to work on /home/airflow/.local/lib/python3.12/site-packages/airflow/example_dags/example_external_task_marker_dag.py
[2025-02-06T15:19:35.703+0000] {processor.py:914} INFO - Processing file /home/airflow/.local/lib/python3.12/site-packages/airflow/example_dags/example_external_task_marker_dag.py for tasks to queue
[2025-02-06T15:19:35.705+0000] {logging_mixin.py:190} INFO - [2025-02-06T15:19:35.705+0000] {dagbag.py:588} INFO - Filling up the DagBag from /home/airflow/.local/lib/python3.12/site-packages/airflow/example_dags/example_external_task_marker_dag.py
[2025-02-06T15:19:35.710+0000] {processor.py:925} INFO - DAG(s) 'example_external_task_marker_parent', 'example_external_task_marker_child' retrieved from /home/airflow/.local/lib/python3.12/site-packages/airflow/example_dags/example_external_task_marker_dag.py
[2025-02-06T15:19:35.729+0000] {logging_mixin.py:190} INFO - [2025-02-06T15:19:35.728+0000] {dag.py:3239} INFO - Sync 2 DAGs
[2025-02-06T15:19:35.740+0000] {logging_mixin.py:190} INFO - [2025-02-06T15:19:35.740+0000] {dag.py:4180} INFO - Setting next_dagrun for example_external_task_marker_child to None, run_after=None
[2025-02-06T15:19:35.743+0000] {logging_mixin.py:190} INFO - [2025-02-06T15:19:35.743+0000] {dag.py:4180} INFO - Setting next_dagrun for example_external_task_marker_parent to None, run_after=None
[2025-02-06T15:19:35.756+0000] {processor.py:208} INFO - Processing /home/airflow/.local/lib/python3.12/site-packages/airflow/example_dags/example_external_task_marker_dag.py took 0.057 seconds
[2025-02-06T15:20:05.830+0000] {processor.py:186} INFO - Started process (PID=972) to work on /home/airflow/.local/lib/python3.12/site-packages/airflow/example_dags/example_external_task_marker_dag.py
[2025-02-06T15:20:05.831+0000] {processor.py:914} INFO - Processing file /home/airflow/.local/lib/python3.12/site-packages/airflow/example_dags/example_external_task_marker_dag.py for tasks to queue
[2025-02-06T15:20:05.832+0000] {logging_mixin.py:190} INFO - [2025-02-06T15:20:05.832+0000] {dagbag.py:588} INFO - Filling up the DagBag from /home/airflow/.local/lib/python3.12/site-packages/airflow/example_dags/example_external_task_marker_dag.py
[2025-02-06T15:20:05.838+0000] {processor.py:925} INFO - DAG(s) 'example_external_task_marker_child', 'example_external_task_marker_parent' retrieved from /home/airflow/.local/lib/python3.12/site-packages/airflow/example_dags/example_external_task_marker_dag.py
[2025-02-06T15:20:05.856+0000] {logging_mixin.py:190} INFO - [2025-02-06T15:20:05.856+0000] {dag.py:3239} INFO - Sync 2 DAGs
[2025-02-06T15:20:05.867+0000] {logging_mixin.py:190} INFO - [2025-02-06T15:20:05.867+0000] {dag.py:4180} INFO - Setting next_dagrun for example_external_task_marker_child to None, run_after=None
[2025-02-06T15:20:05.871+0000] {logging_mixin.py:190} INFO - [2025-02-06T15:20:05.871+0000] {dag.py:4180} INFO - Setting next_dagrun for example_external_task_marker_parent to None, run_after=None
[2025-02-06T15:20:05.888+0000] {processor.py:208} INFO - Processing /home/airflow/.local/lib/python3.12/site-packages/airflow/example_dags/example_external_task_marker_dag.py took 0.062 seconds
[2025-02-06T15:20:36.369+0000] {processor.py:186} INFO - Started process (PID=1278) to work on /home/airflow/.local/lib/python3.12/site-packages/airflow/example_dags/example_external_task_marker_dag.py
[2025-02-06T15:20:36.370+0000] {processor.py:914} INFO - Processing file /home/airflow/.local/lib/python3.12/site-packages/airflow/example_dags/example_external_task_marker_dag.py for tasks to queue
[2025-02-06T15:20:36.372+0000] {logging_mixin.py:190} INFO - [2025-02-06T15:20:36.371+0000] {dagbag.py:588} INFO - Filling up the DagBag from /home/airflow/.local/lib/python3.12/site-packages/airflow/example_dags/example_external_task_marker_dag.py
[2025-02-06T15:20:36.377+0000] {processor.py:925} INFO - DAG(s) 'example_external_task_marker_child', 'example_external_task_marker_parent' retrieved from /home/airflow/.local/lib/python3.12/site-packages/airflow/example_dags/example_external_task_marker_dag.py
[2025-02-06T15:20:36.395+0000] {logging_mixin.py:190} INFO - [2025-02-06T15:20:36.394+0000] {dag.py:3239} INFO - Sync 2 DAGs
[2025-02-06T15:20:36.407+0000] {logging_mixin.py:190} INFO - [2025-02-06T15:20:36.406+0000] {dag.py:4180} INFO - Setting next_dagrun for example_external_task_marker_child to None, run_after=None
[2025-02-06T15:20:36.410+0000] {logging_mixin.py:190} INFO - [2025-02-06T15:20:36.409+0000] {dag.py:4180} INFO - Setting next_dagrun for example_external_task_marker_parent to None, run_after=None
[2025-02-06T15:20:36.422+0000] {processor.py:208} INFO - Processing /home/airflow/.local/lib/python3.12/site-packages/airflow/example_dags/example_external_task_marker_dag.py took 0.056 seconds
[2025-02-06T15:21:07.010+0000] {processor.py:186} INFO - Started process (PID=1584) to work on /home/airflow/.local/lib/python3.12/site-packages/airflow/example_dags/example_external_task_marker_dag.py
[2025-02-06T15:21:07.011+0000] {processor.py:914} INFO - Processing file /home/airflow/.local/lib/python3.12/site-packages/airflow/example_dags/example_external_task_marker_dag.py for tasks to queue
[2025-02-06T15:21:07.013+0000] {logging_mixin.py:190} INFO - [2025-02-06T15:21:07.012+0000] {dagbag.py:588} INFO - Filling up the DagBag from /home/airflow/.local/lib/python3.12/site-packages/airflow/example_dags/example_external_task_marker_dag.py
[2025-02-06T15:21:07.018+0000] {processor.py:925} INFO - DAG(s) 'example_external_task_marker_child', 'example_external_task_marker_parent' retrieved from /home/airflow/.local/lib/python3.12/site-packages/airflow/example_dags/example_external_task_marker_dag.py
[2025-02-06T15:21:07.037+0000] {logging_mixin.py:190} INFO - [2025-02-06T15:21:07.037+0000] {dag.py:3239} INFO - Sync 2 DAGs
[2025-02-06T15:21:07.049+0000] {logging_mixin.py:190} INFO - [2025-02-06T15:21:07.049+0000] {dag.py:4180} INFO - Setting next_dagrun for example_external_task_marker_child to None, run_after=None
[2025-02-06T15:21:07.052+0000] {logging_mixin.py:190} INFO - [2025-02-06T15:21:07.052+0000] {dag.py:4180} INFO - Setting next_dagrun for example_external_task_marker_parent to None, run_after=None
[2025-02-06T15:21:07.066+0000] {processor.py:208} INFO - Processing /home/airflow/.local/lib/python3.12/site-packages/airflow/example_dags/example_external_task_marker_dag.py took 0.060 seconds
[2025-02-06T15:21:38.069+0000] {processor.py:186} INFO - Started process (PID=1890) to work on /home/airflow/.local/lib/python3.12/site-packages/airflow/example_dags/example_external_task_marker_dag.py
[2025-02-06T15:21:38.070+0000] {processor.py:914} INFO - Processing file /home/airflow/.local/lib/python3.12/site-packages/airflow/example_dags/example_external_task_marker_dag.py for tasks to queue
[2025-02-06T15:21:38.072+0000] {logging_mixin.py:190} INFO - [2025-02-06T15:21:38.071+0000] {dagbag.py:588} INFO - Filling up the DagBag from /home/airflow/.local/lib/python3.12/site-packages/airflow/example_dags/example_external_task_marker_dag.py
[2025-02-06T15:21:38.077+0000] {processor.py:925} INFO - DAG(s) 'example_external_task_marker_parent', 'example_external_task_marker_child' retrieved from /home/airflow/.local/lib/python3.12/site-packages/airflow/example_dags/example_external_task_marker_dag.py
[2025-02-06T15:21:38.093+0000] {logging_mixin.py:190} INFO - [2025-02-06T15:21:38.093+0000] {dag.py:3239} INFO - Sync 2 DAGs
[2025-02-06T15:21:38.104+0000] {logging_mixin.py:190} INFO - [2025-02-06T15:21:38.104+0000] {dag.py:4180} INFO - Setting next_dagrun for example_external_task_marker_child to None, run_after=None
[2025-02-06T15:21:38.106+0000] {logging_mixin.py:190} INFO - [2025-02-06T15:21:38.106+0000] {dag.py:4180} INFO - Setting next_dagrun for example_external_task_marker_parent to None, run_after=None
[2025-02-06T15:21:38.117+0000] {processor.py:208} INFO - Processing /home/airflow/.local/lib/python3.12/site-packages/airflow/example_dags/example_external_task_marker_dag.py took 0.051 seconds
[2025-02-06T15:22:08.990+0000] {processor.py:186} INFO - Started process (PID=2196) to work on /home/airflow/.local/lib/python3.12/site-packages/airflow/example_dags/example_external_task_marker_dag.py
[2025-02-06T15:22:08.990+0000] {processor.py:914} INFO - Processing file /home/airflow/.local/lib/python3.12/site-packages/airflow/example_dags/example_external_task_marker_dag.py for tasks to queue
[2025-02-06T15:22:08.992+0000] {logging_mixin.py:190} INFO - [2025-02-06T15:22:08.991+0000] {dagbag.py:588} INFO - Filling up the DagBag from /home/airflow/.local/lib/python3.12/site-packages/airflow/example_dags/example_external_task_marker_dag.py
[2025-02-06T15:22:08.997+0000] {processor.py:925} INFO - DAG(s) 'example_external_task_marker_parent', 'example_external_task_marker_child' retrieved from /home/airflow/.local/lib/python3.12/site-packages/airflow/example_dags/example_external_task_marker_dag.py
[2025-02-06T15:22:09.013+0000] {logging_mixin.py:190} INFO - [2025-02-06T15:22:09.013+0000] {dag.py:3239} INFO - Sync 2 DAGs
[2025-02-06T15:22:09.023+0000] {logging_mixin.py:190} INFO - [2025-02-06T15:22:09.023+0000] {dag.py:4180} INFO - Setting next_dagrun for example_external_task_marker_child to None, run_after=None
[2025-02-06T15:22:09.025+0000] {logging_mixin.py:190} INFO - [2025-02-06T15:22:09.025+0000] {dag.py:4180} INFO - Setting next_dagrun for example_external_task_marker_parent to None, run_after=None
[2025-02-06T15:22:09.037+0000] {processor.py:208} INFO - Processing /home/airflow/.local/lib/python3.12/site-packages/airflow/example_dags/example_external_task_marker_dag.py took 0.051 seconds
[2025-02-06T15:22:39.937+0000] {processor.py:186} INFO - Started process (PID=2504) to work on /home/airflow/.local/lib/python3.12/site-packages/airflow/example_dags/example_external_task_marker_dag.py
[2025-02-06T15:22:39.937+0000] {processor.py:914} INFO - Processing file /home/airflow/.local/lib/python3.12/site-packages/airflow/example_dags/example_external_task_marker_dag.py for tasks to queue
[2025-02-06T15:22:39.939+0000] {logging_mixin.py:190} INFO - [2025-02-06T15:22:39.939+0000] {dagbag.py:588} INFO - Filling up the DagBag from /home/airflow/.local/lib/python3.12/site-packages/airflow/example_dags/example_external_task_marker_dag.py
[2025-02-06T15:22:39.944+0000] {processor.py:925} INFO - DAG(s) 'example_external_task_marker_parent', 'example_external_task_marker_child' retrieved from /home/airflow/.local/lib/python3.12/site-packages/airflow/example_dags/example_external_task_marker_dag.py
[2025-02-06T15:22:39.960+0000] {logging_mixin.py:190} INFO - [2025-02-06T15:22:39.960+0000] {dag.py:3239} INFO - Sync 2 DAGs
[2025-02-06T15:22:39.972+0000] {logging_mixin.py:190} INFO - [2025-02-06T15:22:39.971+0000] {dag.py:4180} INFO - Setting next_dagrun for example_external_task_marker_child to None, run_after=None
[2025-02-06T15:22:39.975+0000] {logging_mixin.py:190} INFO - [2025-02-06T15:22:39.975+0000] {dag.py:4180} INFO - Setting next_dagrun for example_external_task_marker_parent to None, run_after=None
[2025-02-06T15:22:39.986+0000] {processor.py:208} INFO - Processing /home/airflow/.local/lib/python3.12/site-packages/airflow/example_dags/example_external_task_marker_dag.py took 0.054 seconds
[2025-02-06T15:23:10.843+0000] {processor.py:186} INFO - Started process (PID=2808) to work on /home/airflow/.local/lib/python3.12/site-packages/airflow/example_dags/example_external_task_marker_dag.py
[2025-02-06T15:23:10.844+0000] {processor.py:914} INFO - Processing file /home/airflow/.local/lib/python3.12/site-packages/airflow/example_dags/example_external_task_marker_dag.py for tasks to queue
[2025-02-06T15:23:10.846+0000] {logging_mixin.py:190} INFO - [2025-02-06T15:23:10.846+0000] {dagbag.py:588} INFO - Filling up the DagBag from /home/airflow/.local/lib/python3.12/site-packages/airflow/example_dags/example_external_task_marker_dag.py
[2025-02-06T15:23:10.851+0000] {processor.py:925} INFO - DAG(s) 'example_external_task_marker_child', 'example_external_task_marker_parent' retrieved from /home/airflow/.local/lib/python3.12/site-packages/airflow/example_dags/example_external_task_marker_dag.py
[2025-02-06T15:23:10.870+0000] {logging_mixin.py:190} INFO - [2025-02-06T15:23:10.870+0000] {dag.py:3239} INFO - Sync 2 DAGs
[2025-02-06T15:23:10.882+0000] {logging_mixin.py:190} INFO - [2025-02-06T15:23:10.882+0000] {dag.py:4180} INFO - Setting next_dagrun for example_external_task_marker_child to None, run_after=None
[2025-02-06T15:23:10.885+0000] {logging_mixin.py:190} INFO - [2025-02-06T15:23:10.885+0000] {dag.py:4180} INFO - Setting next_dagrun for example_external_task_marker_parent to None, run_after=None
[2025-02-06T15:23:10.897+0000] {processor.py:208} INFO - Processing /home/airflow/.local/lib/python3.12/site-packages/airflow/example_dags/example_external_task_marker_dag.py took 0.058 seconds
[2025-02-06T15:23:42.065+0000] {processor.py:186} INFO - Started process (PID=3114) to work on /home/airflow/.local/lib/python3.12/site-packages/airflow/example_dags/example_external_task_marker_dag.py
[2025-02-06T15:23:42.066+0000] {processor.py:914} INFO - Processing file /home/airflow/.local/lib/python3.12/site-packages/airflow/example_dags/example_external_task_marker_dag.py for tasks to queue
[2025-02-06T15:23:42.068+0000] {logging_mixin.py:190} INFO - [2025-02-06T15:23:42.067+0000] {dagbag.py:588} INFO - Filling up the DagBag from /home/airflow/.local/lib/python3.12/site-packages/airflow/example_dags/example_external_task_marker_dag.py
[2025-02-06T15:23:42.073+0000] {processor.py:925} INFO - DAG(s) 'example_external_task_marker_parent', 'example_external_task_marker_child' retrieved from /home/airflow/.local/lib/python3.12/site-packages/airflow/example_dags/example_external_task_marker_dag.py
[2025-02-06T15:23:42.092+0000] {logging_mixin.py:190} INFO - [2025-02-06T15:23:42.091+0000] {dag.py:3239} INFO - Sync 2 DAGs
[2025-02-06T15:23:42.104+0000] {logging_mixin.py:190} INFO - [2025-02-06T15:23:42.104+0000] {dag.py:4180} INFO - Setting next_dagrun for example_external_task_marker_child to None, run_after=None
[2025-02-06T15:23:42.108+0000] {logging_mixin.py:190} INFO - [2025-02-06T15:23:42.108+0000] {dag.py:4180} INFO - Setting next_dagrun for example_external_task_marker_parent to None, run_after=None
[2025-02-06T15:23:42.125+0000] {processor.py:208} INFO - Processing /home/airflow/.local/lib/python3.12/site-packages/airflow/example_dags/example_external_task_marker_dag.py took 0.064 seconds
[2025-02-06T15:24:12.283+0000] {processor.py:186} INFO - Started process (PID=3420) to work on /home/airflow/.local/lib/python3.12/site-packages/airflow/example_dags/example_external_task_marker_dag.py
[2025-02-06T15:24:12.283+0000] {processor.py:914} INFO - Processing file /home/airflow/.local/lib/python3.12/site-packages/airflow/example_dags/example_external_task_marker_dag.py for tasks to queue
[2025-02-06T15:24:12.285+0000] {logging_mixin.py:190} INFO - [2025-02-06T15:24:12.285+0000] {dagbag.py:588} INFO - Filling up the DagBag from /home/airflow/.local/lib/python3.12/site-packages/airflow/example_dags/example_external_task_marker_dag.py
[2025-02-06T15:24:12.292+0000] {processor.py:925} INFO - DAG(s) 'example_external_task_marker_child', 'example_external_task_marker_parent' retrieved from /home/airflow/.local/lib/python3.12/site-packages/airflow/example_dags/example_external_task_marker_dag.py
[2025-02-06T15:24:12.310+0000] {logging_mixin.py:190} INFO - [2025-02-06T15:24:12.310+0000] {dag.py:3239} INFO - Sync 2 DAGs
[2025-02-06T15:24:12.322+0000] {logging_mixin.py:190} INFO - [2025-02-06T15:24:12.322+0000] {dag.py:4180} INFO - Setting next_dagrun for example_external_task_marker_child to None, run_after=None
[2025-02-06T15:24:12.326+0000] {logging_mixin.py:190} INFO - [2025-02-06T15:24:12.326+0000] {dag.py:4180} INFO - Setting next_dagrun for example_external_task_marker_parent to None, run_after=None
[2025-02-06T15:24:12.340+0000] {processor.py:208} INFO - Processing /home/airflow/.local/lib/python3.12/site-packages/airflow/example_dags/example_external_task_marker_dag.py took 0.062 seconds
[2025-02-06T16:07:26.791+0000] {processor.py:157} INFO - Started process (PID=344) to work on /home/airflow/.local/lib/python3.8/site-packages/airflow/example_dags/example_external_task_marker_dag.py
[2025-02-06T16:07:26.792+0000] {processor.py:829} INFO - Processing file /home/airflow/.local/lib/python3.8/site-packages/airflow/example_dags/example_external_task_marker_dag.py for tasks to queue
[2025-02-06T16:07:26.792+0000] {logging_mixin.py:151} INFO - [2025-02-06T16:07:26.792+0000] {dagbag.py:539} INFO - Filling up the DagBag from /home/airflow/.local/lib/python3.8/site-packages/airflow/example_dags/example_external_task_marker_dag.py
[2025-02-06T16:07:26.797+0000] {processor.py:839} INFO - DAG(s) dict_keys(['example_external_task_marker_parent', 'example_external_task_marker_child']) retrieved from /home/airflow/.local/lib/python3.8/site-packages/airflow/example_dags/example_external_task_marker_dag.py
[2025-02-06T16:07:26.807+0000] {logging_mixin.py:151} INFO - [2025-02-06T16:07:26.807+0000] {dag.py:2915} INFO - Sync 2 DAGs
[2025-02-06T16:07:26.944+0000] {logging_mixin.py:151} INFO - [2025-02-06T16:07:26.943+0000] {dag.py:2937} INFO - Creating ORM DAG for example_external_task_marker_child
[2025-02-06T16:07:26.944+0000] {logging_mixin.py:151} INFO - [2025-02-06T16:07:26.944+0000] {dag.py:2937} INFO - Creating ORM DAG for example_external_task_marker_parent
[2025-02-06T16:07:26.945+0000] {logging_mixin.py:151} INFO - [2025-02-06T16:07:26.945+0000] {dag.py:3696} INFO - Setting next_dagrun for example_external_task_marker_child to None, run_after=None
[2025-02-06T16:07:26.945+0000] {logging_mixin.py:151} INFO - [2025-02-06T16:07:26.945+0000] {dag.py:3696} INFO - Setting next_dagrun for example_external_task_marker_parent to None, run_after=None
[2025-02-06T16:07:26.959+0000] {processor.py:179} INFO - Processing /home/airflow/.local/lib/python3.8/site-packages/airflow/example_dags/example_external_task_marker_dag.py took 0.171 seconds
[2025-02-06T16:07:59.188+0000] {processor.py:157} INFO - Started process (PID=609) to work on /home/airflow/.local/lib/python3.8/site-packages/airflow/example_dags/example_external_task_marker_dag.py
[2025-02-06T16:07:59.189+0000] {processor.py:829} INFO - Processing file /home/airflow/.local/lib/python3.8/site-packages/airflow/example_dags/example_external_task_marker_dag.py for tasks to queue
[2025-02-06T16:07:59.189+0000] {logging_mixin.py:151} INFO - [2025-02-06T16:07:59.189+0000] {dagbag.py:539} INFO - Filling up the DagBag from /home/airflow/.local/lib/python3.8/site-packages/airflow/example_dags/example_external_task_marker_dag.py
[2025-02-06T16:07:59.194+0000] {processor.py:839} INFO - DAG(s) dict_keys(['example_external_task_marker_child', 'example_external_task_marker_parent']) retrieved from /home/airflow/.local/lib/python3.8/site-packages/airflow/example_dags/example_external_task_marker_dag.py
[2025-02-06T16:07:59.204+0000] {logging_mixin.py:151} INFO - [2025-02-06T16:07:59.204+0000] {dag.py:2915} INFO - Sync 2 DAGs
[2025-02-06T16:07:59.215+0000] {logging_mixin.py:151} INFO - [2025-02-06T16:07:59.215+0000] {dag.py:3696} INFO - Setting next_dagrun for example_external_task_marker_child to None, run_after=None
[2025-02-06T16:07:59.218+0000] {logging_mixin.py:151} INFO - [2025-02-06T16:07:59.218+0000] {dag.py:3696} INFO - Setting next_dagrun for example_external_task_marker_parent to None, run_after=None
[2025-02-06T16:07:59.231+0000] {processor.py:179} INFO - Processing /home/airflow/.local/lib/python3.8/site-packages/airflow/example_dags/example_external_task_marker_dag.py took 0.046 seconds
[2025-02-06T16:08:31.660+0000] {processor.py:157} INFO - Started process (PID=876) to work on /home/airflow/.local/lib/python3.8/site-packages/airflow/example_dags/example_external_task_marker_dag.py
[2025-02-06T16:08:31.660+0000] {processor.py:829} INFO - Processing file /home/airflow/.local/lib/python3.8/site-packages/airflow/example_dags/example_external_task_marker_dag.py for tasks to queue
[2025-02-06T16:08:31.661+0000] {logging_mixin.py:151} INFO - [2025-02-06T16:08:31.661+0000] {dagbag.py:539} INFO - Filling up the DagBag from /home/airflow/.local/lib/python3.8/site-packages/airflow/example_dags/example_external_task_marker_dag.py
[2025-02-06T16:08:31.667+0000] {processor.py:839} INFO - DAG(s) dict_keys(['example_external_task_marker_child', 'example_external_task_marker_parent']) retrieved from /home/airflow/.local/lib/python3.8/site-packages/airflow/example_dags/example_external_task_marker_dag.py
[2025-02-06T16:08:31.690+0000] {logging_mixin.py:151} INFO - [2025-02-06T16:08:31.689+0000] {dag.py:2915} INFO - Sync 2 DAGs
[2025-02-06T16:08:31.701+0000] {logging_mixin.py:151} INFO - [2025-02-06T16:08:31.701+0000] {dag.py:3696} INFO - Setting next_dagrun for example_external_task_marker_child to None, run_after=None
[2025-02-06T16:08:31.704+0000] {logging_mixin.py:151} INFO - [2025-02-06T16:08:31.704+0000] {dag.py:3696} INFO - Setting next_dagrun for example_external_task_marker_parent to None, run_after=None
[2025-02-06T16:08:31.721+0000] {processor.py:179} INFO - Processing /home/airflow/.local/lib/python3.8/site-packages/airflow/example_dags/example_external_task_marker_dag.py took 0.063 seconds
[2025-02-06T16:09:04.294+0000] {processor.py:157} INFO - Started process (PID=1137) to work on /home/airflow/.local/lib/python3.8/site-packages/airflow/example_dags/example_external_task_marker_dag.py
[2025-02-06T16:09:04.295+0000] {processor.py:829} INFO - Processing file /home/airflow/.local/lib/python3.8/site-packages/airflow/example_dags/example_external_task_marker_dag.py for tasks to queue
[2025-02-06T16:09:04.295+0000] {logging_mixin.py:151} INFO - [2025-02-06T16:09:04.295+0000] {dagbag.py:539} INFO - Filling up the DagBag from /home/airflow/.local/lib/python3.8/site-packages/airflow/example_dags/example_external_task_marker_dag.py
[2025-02-06T16:09:04.300+0000] {processor.py:839} INFO - DAG(s) dict_keys(['example_external_task_marker_parent', 'example_external_task_marker_child']) retrieved from /home/airflow/.local/lib/python3.8/site-packages/airflow/example_dags/example_external_task_marker_dag.py
[2025-02-06T16:09:04.319+0000] {logging_mixin.py:151} INFO - [2025-02-06T16:09:04.319+0000] {dag.py:2915} INFO - Sync 2 DAGs
[2025-02-06T16:09:04.331+0000] {logging_mixin.py:151} INFO - [2025-02-06T16:09:04.331+0000] {dag.py:3696} INFO - Setting next_dagrun for example_external_task_marker_child to None, run_after=None
[2025-02-06T16:09:04.334+0000] {logging_mixin.py:151} INFO - [2025-02-06T16:09:04.334+0000] {dag.py:3696} INFO - Setting next_dagrun for example_external_task_marker_parent to None, run_after=None
[2025-02-06T16:09:04.351+0000] {processor.py:179} INFO - Processing /home/airflow/.local/lib/python3.8/site-packages/airflow/example_dags/example_external_task_marker_dag.py took 0.059 seconds
[2025-02-06T16:09:37.934+0000] {processor.py:157} INFO - Started process (PID=1400) to work on /home/airflow/.local/lib/python3.8/site-packages/airflow/example_dags/example_external_task_marker_dag.py
[2025-02-06T16:09:37.936+0000] {processor.py:829} INFO - Processing file /home/airflow/.local/lib/python3.8/site-packages/airflow/example_dags/example_external_task_marker_dag.py for tasks to queue
[2025-02-06T16:09:37.936+0000] {logging_mixin.py:151} INFO - [2025-02-06T16:09:37.936+0000] {dagbag.py:539} INFO - Filling up the DagBag from /home/airflow/.local/lib/python3.8/site-packages/airflow/example_dags/example_external_task_marker_dag.py
[2025-02-06T16:09:37.942+0000] {processor.py:839} INFO - DAG(s) dict_keys(['example_external_task_marker_child', 'example_external_task_marker_parent']) retrieved from /home/airflow/.local/lib/python3.8/site-packages/airflow/example_dags/example_external_task_marker_dag.py
[2025-02-06T16:09:37.965+0000] {logging_mixin.py:151} INFO - [2025-02-06T16:09:37.964+0000] {dag.py:2915} INFO - Sync 2 DAGs
[2025-02-06T16:09:37.975+0000] {logging_mixin.py:151} INFO - [2025-02-06T16:09:37.975+0000] {dag.py:3696} INFO - Setting next_dagrun for example_external_task_marker_child to None, run_after=None
[2025-02-06T16:09:37.979+0000] {logging_mixin.py:151} INFO - [2025-02-06T16:09:37.979+0000] {dag.py:3696} INFO - Setting next_dagrun for example_external_task_marker_parent to None, run_after=None
[2025-02-06T16:09:37.993+0000] {processor.py:179} INFO - Processing /home/airflow/.local/lib/python3.8/site-packages/airflow/example_dags/example_external_task_marker_dag.py took 0.061 seconds
[2025-02-06T16:10:10.275+0000] {processor.py:157} INFO - Started process (PID=1659) to work on /home/airflow/.local/lib/python3.8/site-packages/airflow/example_dags/example_external_task_marker_dag.py
[2025-02-06T16:10:10.277+0000] {processor.py:829} INFO - Processing file /home/airflow/.local/lib/python3.8/site-packages/airflow/example_dags/example_external_task_marker_dag.py for tasks to queue
[2025-02-06T16:10:10.278+0000] {logging_mixin.py:151} INFO - [2025-02-06T16:10:10.277+0000] {dagbag.py:539} INFO - Filling up the DagBag from /home/airflow/.local/lib/python3.8/site-packages/airflow/example_dags/example_external_task_marker_dag.py
[2025-02-06T16:10:10.284+0000] {processor.py:839} INFO - DAG(s) dict_keys(['example_external_task_marker_child', 'example_external_task_marker_parent']) retrieved from /home/airflow/.local/lib/python3.8/site-packages/airflow/example_dags/example_external_task_marker_dag.py
[2025-02-06T16:10:10.304+0000] {logging_mixin.py:151} INFO - [2025-02-06T16:10:10.304+0000] {dag.py:2915} INFO - Sync 2 DAGs
[2025-02-06T16:10:10.317+0000] {logging_mixin.py:151} INFO - [2025-02-06T16:10:10.317+0000] {dag.py:3696} INFO - Setting next_dagrun for example_external_task_marker_child to None, run_after=None
[2025-02-06T16:10:10.320+0000] {logging_mixin.py:151} INFO - [2025-02-06T16:10:10.320+0000] {dag.py:3696} INFO - Setting next_dagrun for example_external_task_marker_parent to None, run_after=None
[2025-02-06T16:10:10.335+0000] {processor.py:179} INFO - Processing /home/airflow/.local/lib/python3.8/site-packages/airflow/example_dags/example_external_task_marker_dag.py took 0.062 seconds
[2025-02-06T16:10:43.054+0000] {processor.py:157} INFO - Started process (PID=1920) to work on /home/airflow/.local/lib/python3.8/site-packages/airflow/example_dags/example_external_task_marker_dag.py
[2025-02-06T16:10:43.055+0000] {processor.py:829} INFO - Processing file /home/airflow/.local/lib/python3.8/site-packages/airflow/example_dags/example_external_task_marker_dag.py for tasks to queue
[2025-02-06T16:10:43.056+0000] {logging_mixin.py:151} INFO - [2025-02-06T16:10:43.056+0000] {dagbag.py:539} INFO - Filling up the DagBag from /home/airflow/.local/lib/python3.8/site-packages/airflow/example_dags/example_external_task_marker_dag.py
[2025-02-06T16:10:43.061+0000] {processor.py:839} INFO - DAG(s) dict_keys(['example_external_task_marker_parent', 'example_external_task_marker_child']) retrieved from /home/airflow/.local/lib/python3.8/site-packages/airflow/example_dags/example_external_task_marker_dag.py
[2025-02-06T16:10:43.082+0000] {logging_mixin.py:151} INFO - [2025-02-06T16:10:43.082+0000] {dag.py:2915} INFO - Sync 2 DAGs
[2025-02-06T16:10:43.093+0000] {logging_mixin.py:151} INFO - [2025-02-06T16:10:43.092+0000] {dag.py:3696} INFO - Setting next_dagrun for example_external_task_marker_child to None, run_after=None
[2025-02-06T16:10:43.096+0000] {logging_mixin.py:151} INFO - [2025-02-06T16:10:43.096+0000] {dag.py:3696} INFO - Setting next_dagrun for example_external_task_marker_parent to None, run_after=None
[2025-02-06T16:10:43.112+0000] {processor.py:179} INFO - Processing /home/airflow/.local/lib/python3.8/site-packages/airflow/example_dags/example_external_task_marker_dag.py took 0.060 seconds
[2025-02-06T16:11:15.710+0000] {processor.py:157} INFO - Started process (PID=2181) to work on /home/airflow/.local/lib/python3.8/site-packages/airflow/example_dags/example_external_task_marker_dag.py
[2025-02-06T16:11:15.711+0000] {processor.py:829} INFO - Processing file /home/airflow/.local/lib/python3.8/site-packages/airflow/example_dags/example_external_task_marker_dag.py for tasks to queue
[2025-02-06T16:11:15.712+0000] {logging_mixin.py:151} INFO - [2025-02-06T16:11:15.711+0000] {dagbag.py:539} INFO - Filling up the DagBag from /home/airflow/.local/lib/python3.8/site-packages/airflow/example_dags/example_external_task_marker_dag.py
[2025-02-06T16:11:15.718+0000] {processor.py:839} INFO - DAG(s) dict_keys(['example_external_task_marker_parent', 'example_external_task_marker_child']) retrieved from /home/airflow/.local/lib/python3.8/site-packages/airflow/example_dags/example_external_task_marker_dag.py
[2025-02-06T16:11:15.743+0000] {logging_mixin.py:151} INFO - [2025-02-06T16:11:15.743+0000] {dag.py:2915} INFO - Sync 2 DAGs
[2025-02-06T16:11:15.754+0000] {logging_mixin.py:151} INFO - [2025-02-06T16:11:15.754+0000] {dag.py:3696} INFO - Setting next_dagrun for example_external_task_marker_child to None, run_after=None
[2025-02-06T16:11:15.757+0000] {logging_mixin.py:151} INFO - [2025-02-06T16:11:15.757+0000] {dag.py:3696} INFO - Setting next_dagrun for example_external_task_marker_parent to None, run_after=None
[2025-02-06T16:11:15.770+0000] {processor.py:179} INFO - Processing /home/airflow/.local/lib/python3.8/site-packages/airflow/example_dags/example_external_task_marker_dag.py took 0.064 seconds
[2025-02-06T16:11:48.580+0000] {processor.py:157} INFO - Started process (PID=2442) to work on /home/airflow/.local/lib/python3.8/site-packages/airflow/example_dags/example_external_task_marker_dag.py
[2025-02-06T16:11:48.581+0000] {processor.py:829} INFO - Processing file /home/airflow/.local/lib/python3.8/site-packages/airflow/example_dags/example_external_task_marker_dag.py for tasks to queue
[2025-02-06T16:11:48.582+0000] {logging_mixin.py:151} INFO - [2025-02-06T16:11:48.582+0000] {dagbag.py:539} INFO - Filling up the DagBag from /home/airflow/.local/lib/python3.8/site-packages/airflow/example_dags/example_external_task_marker_dag.py
[2025-02-06T16:11:48.588+0000] {processor.py:839} INFO - DAG(s) dict_keys(['example_external_task_marker_child', 'example_external_task_marker_parent']) retrieved from /home/airflow/.local/lib/python3.8/site-packages/airflow/example_dags/example_external_task_marker_dag.py
[2025-02-06T16:11:48.611+0000] {logging_mixin.py:151} INFO - [2025-02-06T16:11:48.611+0000] {dag.py:2915} INFO - Sync 2 DAGs
[2025-02-06T16:11:48.624+0000] {logging_mixin.py:151} INFO - [2025-02-06T16:11:48.623+0000] {dag.py:3696} INFO - Setting next_dagrun for example_external_task_marker_child to None, run_after=None
[2025-02-06T16:11:48.627+0000] {logging_mixin.py:151} INFO - [2025-02-06T16:11:48.626+0000] {dag.py:3696} INFO - Setting next_dagrun for example_external_task_marker_parent to None, run_after=None
[2025-02-06T16:11:48.644+0000] {processor.py:179} INFO - Processing /home/airflow/.local/lib/python3.8/site-packages/airflow/example_dags/example_external_task_marker_dag.py took 0.067 seconds
[2025-02-06T16:12:22.023+0000] {processor.py:157} INFO - Started process (PID=2703) to work on /home/airflow/.local/lib/python3.8/site-packages/airflow/example_dags/example_external_task_marker_dag.py
[2025-02-06T16:12:22.025+0000] {processor.py:829} INFO - Processing file /home/airflow/.local/lib/python3.8/site-packages/airflow/example_dags/example_external_task_marker_dag.py for tasks to queue
[2025-02-06T16:12:22.026+0000] {logging_mixin.py:151} INFO - [2025-02-06T16:12:22.025+0000] {dagbag.py:539} INFO - Filling up the DagBag from /home/airflow/.local/lib/python3.8/site-packages/airflow/example_dags/example_external_task_marker_dag.py
[2025-02-06T16:12:22.030+0000] {processor.py:839} INFO - DAG(s) dict_keys(['example_external_task_marker_parent', 'example_external_task_marker_child']) retrieved from /home/airflow/.local/lib/python3.8/site-packages/airflow/example_dags/example_external_task_marker_dag.py
[2025-02-06T16:12:22.051+0000] {logging_mixin.py:151} INFO - [2025-02-06T16:12:22.051+0000] {dag.py:2915} INFO - Sync 2 DAGs
[2025-02-06T16:12:22.061+0000] {logging_mixin.py:151} INFO - [2025-02-06T16:12:22.061+0000] {dag.py:3696} INFO - Setting next_dagrun for example_external_task_marker_child to None, run_after=None
[2025-02-06T16:12:22.064+0000] {logging_mixin.py:151} INFO - [2025-02-06T16:12:22.063+0000] {dag.py:3696} INFO - Setting next_dagrun for example_external_task_marker_parent to None, run_after=None
[2025-02-06T16:12:22.077+0000] {processor.py:179} INFO - Processing /home/airflow/.local/lib/python3.8/site-packages/airflow/example_dags/example_external_task_marker_dag.py took 0.056 seconds
[2025-02-06T16:12:54.163+0000] {processor.py:157} INFO - Started process (PID=2969) to work on /home/airflow/.local/lib/python3.8/site-packages/airflow/example_dags/example_external_task_marker_dag.py
[2025-02-06T16:12:54.165+0000] {processor.py:829} INFO - Processing file /home/airflow/.local/lib/python3.8/site-packages/airflow/example_dags/example_external_task_marker_dag.py for tasks to queue
[2025-02-06T16:12:54.165+0000] {logging_mixin.py:151} INFO - [2025-02-06T16:12:54.165+0000] {dagbag.py:539} INFO - Filling up the DagBag from /home/airflow/.local/lib/python3.8/site-packages/airflow/example_dags/example_external_task_marker_dag.py
[2025-02-06T16:12:54.172+0000] {processor.py:839} INFO - DAG(s) dict_keys(['example_external_task_marker_parent', 'example_external_task_marker_child']) retrieved from /home/airflow/.local/lib/python3.8/site-packages/airflow/example_dags/example_external_task_marker_dag.py
[2025-02-06T16:12:54.199+0000] {logging_mixin.py:151} INFO - [2025-02-06T16:12:54.198+0000] {dag.py:2915} INFO - Sync 2 DAGs
[2025-02-06T16:12:54.216+0000] {logging_mixin.py:151} INFO - [2025-02-06T16:12:54.216+0000] {dag.py:3696} INFO - Setting next_dagrun for example_external_task_marker_child to None, run_after=None
[2025-02-06T16:12:54.222+0000] {logging_mixin.py:151} INFO - [2025-02-06T16:12:54.221+0000] {dag.py:3696} INFO - Setting next_dagrun for example_external_task_marker_parent to None, run_after=None
[2025-02-06T16:12:54.239+0000] {processor.py:179} INFO - Processing /home/airflow/.local/lib/python3.8/site-packages/airflow/example_dags/example_external_task_marker_dag.py took 0.080 seconds
[2025-02-06T16:13:26.825+0000] {processor.py:157} INFO - Started process (PID=3230) to work on /home/airflow/.local/lib/python3.8/site-packages/airflow/example_dags/example_external_task_marker_dag.py
[2025-02-06T16:13:26.827+0000] {processor.py:829} INFO - Processing file /home/airflow/.local/lib/python3.8/site-packages/airflow/example_dags/example_external_task_marker_dag.py for tasks to queue
[2025-02-06T16:13:26.827+0000] {logging_mixin.py:151} INFO - [2025-02-06T16:13:26.827+0000] {dagbag.py:539} INFO - Filling up the DagBag from /home/airflow/.local/lib/python3.8/site-packages/airflow/example_dags/example_external_task_marker_dag.py
[2025-02-06T16:13:26.832+0000] {processor.py:839} INFO - DAG(s) dict_keys(['example_external_task_marker_child', 'example_external_task_marker_parent']) retrieved from /home/airflow/.local/lib/python3.8/site-packages/airflow/example_dags/example_external_task_marker_dag.py
[2025-02-06T16:13:26.852+0000] {logging_mixin.py:151} INFO - [2025-02-06T16:13:26.852+0000] {dag.py:2915} INFO - Sync 2 DAGs
[2025-02-06T16:13:26.862+0000] {logging_mixin.py:151} INFO - [2025-02-06T16:13:26.862+0000] {dag.py:3696} INFO - Setting next_dagrun for example_external_task_marker_child to None, run_after=None
[2025-02-06T16:13:26.866+0000] {logging_mixin.py:151} INFO - [2025-02-06T16:13:26.865+0000] {dag.py:3696} INFO - Setting next_dagrun for example_external_task_marker_parent to None, run_after=None
[2025-02-06T16:13:26.880+0000] {processor.py:179} INFO - Processing /home/airflow/.local/lib/python3.8/site-packages/airflow/example_dags/example_external_task_marker_dag.py took 0.057 seconds
[2025-02-06T16:13:59.939+0000] {processor.py:157} INFO - Started process (PID=3491) to work on /home/airflow/.local/lib/python3.8/site-packages/airflow/example_dags/example_external_task_marker_dag.py
[2025-02-06T16:13:59.941+0000] {processor.py:829} INFO - Processing file /home/airflow/.local/lib/python3.8/site-packages/airflow/example_dags/example_external_task_marker_dag.py for tasks to queue
[2025-02-06T16:13:59.941+0000] {logging_mixin.py:151} INFO - [2025-02-06T16:13:59.941+0000] {dagbag.py:539} INFO - Filling up the DagBag from /home/airflow/.local/lib/python3.8/site-packages/airflow/example_dags/example_external_task_marker_dag.py
[2025-02-06T16:13:59.947+0000] {processor.py:839} INFO - DAG(s) dict_keys(['example_external_task_marker_parent', 'example_external_task_marker_child']) retrieved from /home/airflow/.local/lib/python3.8/site-packages/airflow/example_dags/example_external_task_marker_dag.py
[2025-02-06T16:13:59.969+0000] {logging_mixin.py:151} INFO - [2025-02-06T16:13:59.969+0000] {dag.py:2915} INFO - Sync 2 DAGs
[2025-02-06T16:13:59.981+0000] {logging_mixin.py:151} INFO - [2025-02-06T16:13:59.981+0000] {dag.py:3696} INFO - Setting next_dagrun for example_external_task_marker_child to None, run_after=None
[2025-02-06T16:13:59.984+0000] {logging_mixin.py:151} INFO - [2025-02-06T16:13:59.984+0000] {dag.py:3696} INFO - Setting next_dagrun for example_external_task_marker_parent to None, run_after=None
[2025-02-06T16:14:00.000+0000] {processor.py:179} INFO - Processing /home/airflow/.local/lib/python3.8/site-packages/airflow/example_dags/example_external_task_marker_dag.py took 0.064 seconds
[2025-02-06T16:14:32.310+0000] {processor.py:157} INFO - Started process (PID=3752) to work on /home/airflow/.local/lib/python3.8/site-packages/airflow/example_dags/example_external_task_marker_dag.py
[2025-02-06T16:14:32.312+0000] {processor.py:829} INFO - Processing file /home/airflow/.local/lib/python3.8/site-packages/airflow/example_dags/example_external_task_marker_dag.py for tasks to queue
[2025-02-06T16:14:32.312+0000] {logging_mixin.py:151} INFO - [2025-02-06T16:14:32.312+0000] {dagbag.py:539} INFO - Filling up the DagBag from /home/airflow/.local/lib/python3.8/site-packages/airflow/example_dags/example_external_task_marker_dag.py
[2025-02-06T16:14:32.318+0000] {processor.py:839} INFO - DAG(s) dict_keys(['example_external_task_marker_parent', 'example_external_task_marker_child']) retrieved from /home/airflow/.local/lib/python3.8/site-packages/airflow/example_dags/example_external_task_marker_dag.py
[2025-02-06T16:14:32.340+0000] {logging_mixin.py:151} INFO - [2025-02-06T16:14:32.340+0000] {dag.py:2915} INFO - Sync 2 DAGs
[2025-02-06T16:14:32.351+0000] {logging_mixin.py:151} INFO - [2025-02-06T16:14:32.350+0000] {dag.py:3696} INFO - Setting next_dagrun for example_external_task_marker_child to None, run_after=None
[2025-02-06T16:14:32.353+0000] {logging_mixin.py:151} INFO - [2025-02-06T16:14:32.353+0000] {dag.py:3696} INFO - Setting next_dagrun for example_external_task_marker_parent to None, run_after=None
[2025-02-06T16:14:32.366+0000] {processor.py:179} INFO - Processing /home/airflow/.local/lib/python3.8/site-packages/airflow/example_dags/example_external_task_marker_dag.py took 0.058 seconds
[2025-02-06T16:15:05.947+0000] {processor.py:157} INFO - Started process (PID=4030) to work on /home/airflow/.local/lib/python3.8/site-packages/airflow/example_dags/example_external_task_marker_dag.py
[2025-02-06T16:15:05.948+0000] {processor.py:829} INFO - Processing file /home/airflow/.local/lib/python3.8/site-packages/airflow/example_dags/example_external_task_marker_dag.py for tasks to queue
[2025-02-06T16:15:05.948+0000] {logging_mixin.py:151} INFO - [2025-02-06T16:15:05.948+0000] {dagbag.py:539} INFO - Filling up the DagBag from /home/airflow/.local/lib/python3.8/site-packages/airflow/example_dags/example_external_task_marker_dag.py
[2025-02-06T16:15:05.953+0000] {processor.py:839} INFO - DAG(s) dict_keys(['example_external_task_marker_child', 'example_external_task_marker_parent']) retrieved from /home/airflow/.local/lib/python3.8/site-packages/airflow/example_dags/example_external_task_marker_dag.py
[2025-02-06T16:15:05.973+0000] {logging_mixin.py:151} INFO - [2025-02-06T16:15:05.973+0000] {dag.py:2915} INFO - Sync 2 DAGs
[2025-02-06T16:15:05.983+0000] {logging_mixin.py:151} INFO - [2025-02-06T16:15:05.983+0000] {dag.py:3696} INFO - Setting next_dagrun for example_external_task_marker_child to None, run_after=None
[2025-02-06T16:15:05.986+0000] {logging_mixin.py:151} INFO - [2025-02-06T16:15:05.986+0000] {dag.py:3696} INFO - Setting next_dagrun for example_external_task_marker_parent to None, run_after=None
[2025-02-06T16:15:05.999+0000] {processor.py:179} INFO - Processing /home/airflow/.local/lib/python3.8/site-packages/airflow/example_dags/example_external_task_marker_dag.py took 0.055 seconds
[2025-02-06T16:15:38.597+0000] {processor.py:157} INFO - Started process (PID=4291) to work on /home/airflow/.local/lib/python3.8/site-packages/airflow/example_dags/example_external_task_marker_dag.py
[2025-02-06T16:15:38.598+0000] {processor.py:829} INFO - Processing file /home/airflow/.local/lib/python3.8/site-packages/airflow/example_dags/example_external_task_marker_dag.py for tasks to queue
[2025-02-06T16:15:38.598+0000] {logging_mixin.py:151} INFO - [2025-02-06T16:15:38.598+0000] {dagbag.py:539} INFO - Filling up the DagBag from /home/airflow/.local/lib/python3.8/site-packages/airflow/example_dags/example_external_task_marker_dag.py
[2025-02-06T16:15:38.603+0000] {processor.py:839} INFO - DAG(s) dict_keys(['example_external_task_marker_parent', 'example_external_task_marker_child']) retrieved from /home/airflow/.local/lib/python3.8/site-packages/airflow/example_dags/example_external_task_marker_dag.py
[2025-02-06T16:15:38.623+0000] {logging_mixin.py:151} INFO - [2025-02-06T16:15:38.623+0000] {dag.py:2915} INFO - Sync 2 DAGs
[2025-02-06T16:15:38.633+0000] {logging_mixin.py:151} INFO - [2025-02-06T16:15:38.633+0000] {dag.py:3696} INFO - Setting next_dagrun for example_external_task_marker_child to None, run_after=None
[2025-02-06T16:15:38.635+0000] {logging_mixin.py:151} INFO - [2025-02-06T16:15:38.635+0000] {dag.py:3696} INFO - Setting next_dagrun for example_external_task_marker_parent to None, run_after=None
[2025-02-06T16:15:38.649+0000] {processor.py:179} INFO - Processing /home/airflow/.local/lib/python3.8/site-packages/airflow/example_dags/example_external_task_marker_dag.py took 0.054 seconds
[2025-02-06T16:16:11.330+0000] {processor.py:157} INFO - Started process (PID=4557) to work on /home/airflow/.local/lib/python3.8/site-packages/airflow/example_dags/example_external_task_marker_dag.py
[2025-02-06T16:16:11.331+0000] {processor.py:829} INFO - Processing file /home/airflow/.local/lib/python3.8/site-packages/airflow/example_dags/example_external_task_marker_dag.py for tasks to queue
[2025-02-06T16:16:11.331+0000] {logging_mixin.py:151} INFO - [2025-02-06T16:16:11.331+0000] {dagbag.py:539} INFO - Filling up the DagBag from /home/airflow/.local/lib/python3.8/site-packages/airflow/example_dags/example_external_task_marker_dag.py
[2025-02-06T16:16:11.336+0000] {processor.py:839} INFO - DAG(s) dict_keys(['example_external_task_marker_child', 'example_external_task_marker_parent']) retrieved from /home/airflow/.local/lib/python3.8/site-packages/airflow/example_dags/example_external_task_marker_dag.py
[2025-02-06T16:16:11.358+0000] {logging_mixin.py:151} INFO - [2025-02-06T16:16:11.358+0000] {dag.py:2915} INFO - Sync 2 DAGs
[2025-02-06T16:16:11.368+0000] {logging_mixin.py:151} INFO - [2025-02-06T16:16:11.368+0000] {dag.py:3696} INFO - Setting next_dagrun for example_external_task_marker_child to None, run_after=None
[2025-02-06T16:16:11.371+0000] {logging_mixin.py:151} INFO - [2025-02-06T16:16:11.371+0000] {dag.py:3696} INFO - Setting next_dagrun for example_external_task_marker_parent to None, run_after=None
[2025-02-06T16:16:11.384+0000] {processor.py:179} INFO - Processing /home/airflow/.local/lib/python3.8/site-packages/airflow/example_dags/example_external_task_marker_dag.py took 0.057 seconds
[2025-02-06T16:16:45.193+0000] {processor.py:157} INFO - Started process (PID=4869) to work on /home/airflow/.local/lib/python3.8/site-packages/airflow/example_dags/example_external_task_marker_dag.py
[2025-02-06T16:16:45.194+0000] {processor.py:829} INFO - Processing file /home/airflow/.local/lib/python3.8/site-packages/airflow/example_dags/example_external_task_marker_dag.py for tasks to queue
[2025-02-06T16:16:45.195+0000] {logging_mixin.py:151} INFO - [2025-02-06T16:16:45.194+0000] {dagbag.py:539} INFO - Filling up the DagBag from /home/airflow/.local/lib/python3.8/site-packages/airflow/example_dags/example_external_task_marker_dag.py
[2025-02-06T16:16:45.199+0000] {processor.py:839} INFO - DAG(s) dict_keys(['example_external_task_marker_child', 'example_external_task_marker_parent']) retrieved from /home/airflow/.local/lib/python3.8/site-packages/airflow/example_dags/example_external_task_marker_dag.py
[2025-02-06T16:16:45.222+0000] {logging_mixin.py:151} INFO - [2025-02-06T16:16:45.222+0000] {dag.py:2915} INFO - Sync 2 DAGs
[2025-02-06T16:16:45.232+0000] {logging_mixin.py:151} INFO - [2025-02-06T16:16:45.232+0000] {dag.py:3696} INFO - Setting next_dagrun for example_external_task_marker_child to None, run_after=None
[2025-02-06T16:16:45.235+0000] {logging_mixin.py:151} INFO - [2025-02-06T16:16:45.235+0000] {dag.py:3696} INFO - Setting next_dagrun for example_external_task_marker_parent to None, run_after=None
[2025-02-06T16:16:45.248+0000] {processor.py:179} INFO - Processing /home/airflow/.local/lib/python3.8/site-packages/airflow/example_dags/example_external_task_marker_dag.py took 0.057 seconds
[2025-02-06T16:17:17.826+0000] {processor.py:157} INFO - Started process (PID=5135) to work on /home/airflow/.local/lib/python3.8/site-packages/airflow/example_dags/example_external_task_marker_dag.py
[2025-02-06T16:17:17.827+0000] {processor.py:829} INFO - Processing file /home/airflow/.local/lib/python3.8/site-packages/airflow/example_dags/example_external_task_marker_dag.py for tasks to queue
[2025-02-06T16:17:17.829+0000] {logging_mixin.py:151} INFO - [2025-02-06T16:17:17.829+0000] {dagbag.py:539} INFO - Filling up the DagBag from /home/airflow/.local/lib/python3.8/site-packages/airflow/example_dags/example_external_task_marker_dag.py
[2025-02-06T16:17:17.842+0000] {processor.py:839} INFO - DAG(s) dict_keys(['example_external_task_marker_parent', 'example_external_task_marker_child']) retrieved from /home/airflow/.local/lib/python3.8/site-packages/airflow/example_dags/example_external_task_marker_dag.py
[2025-02-06T16:17:17.880+0000] {logging_mixin.py:151} INFO - [2025-02-06T16:17:17.880+0000] {dag.py:2915} INFO - Sync 2 DAGs
[2025-02-06T16:17:17.896+0000] {logging_mixin.py:151} INFO - [2025-02-06T16:17:17.896+0000] {dag.py:3696} INFO - Setting next_dagrun for example_external_task_marker_child to None, run_after=None
[2025-02-06T16:17:17.901+0000] {logging_mixin.py:151} INFO - [2025-02-06T16:17:17.900+0000] {dag.py:3696} INFO - Setting next_dagrun for example_external_task_marker_parent to None, run_after=None
[2025-02-06T16:17:17.918+0000] {processor.py:179} INFO - Processing /home/airflow/.local/lib/python3.8/site-packages/airflow/example_dags/example_external_task_marker_dag.py took 0.097 seconds
[2025-02-06T16:17:50.139+0000] {processor.py:157} INFO - Started process (PID=5396) to work on /home/airflow/.local/lib/python3.8/site-packages/airflow/example_dags/example_external_task_marker_dag.py
[2025-02-06T16:17:50.141+0000] {processor.py:829} INFO - Processing file /home/airflow/.local/lib/python3.8/site-packages/airflow/example_dags/example_external_task_marker_dag.py for tasks to queue
[2025-02-06T16:17:50.141+0000] {logging_mixin.py:151} INFO - [2025-02-06T16:17:50.141+0000] {dagbag.py:539} INFO - Filling up the DagBag from /home/airflow/.local/lib/python3.8/site-packages/airflow/example_dags/example_external_task_marker_dag.py
[2025-02-06T16:17:50.146+0000] {processor.py:839} INFO - DAG(s) dict_keys(['example_external_task_marker_child', 'example_external_task_marker_parent']) retrieved from /home/airflow/.local/lib/python3.8/site-packages/airflow/example_dags/example_external_task_marker_dag.py
[2025-02-06T16:17:50.166+0000] {logging_mixin.py:151} INFO - [2025-02-06T16:17:50.166+0000] {dag.py:2915} INFO - Sync 2 DAGs
[2025-02-06T16:17:50.177+0000] {logging_mixin.py:151} INFO - [2025-02-06T16:17:50.176+0000] {dag.py:3696} INFO - Setting next_dagrun for example_external_task_marker_child to None, run_after=None
[2025-02-06T16:17:50.179+0000] {logging_mixin.py:151} INFO - [2025-02-06T16:17:50.179+0000] {dag.py:3696} INFO - Setting next_dagrun for example_external_task_marker_parent to None, run_after=None
[2025-02-06T16:17:50.193+0000] {processor.py:179} INFO - Processing /home/airflow/.local/lib/python3.8/site-packages/airflow/example_dags/example_external_task_marker_dag.py took 0.056 seconds
[2025-02-06T16:18:22.941+0000] {processor.py:157} INFO - Started process (PID=5657) to work on /home/airflow/.local/lib/python3.8/site-packages/airflow/example_dags/example_external_task_marker_dag.py
[2025-02-06T16:18:22.942+0000] {processor.py:829} INFO - Processing file /home/airflow/.local/lib/python3.8/site-packages/airflow/example_dags/example_external_task_marker_dag.py for tasks to queue
[2025-02-06T16:18:22.943+0000] {logging_mixin.py:151} INFO - [2025-02-06T16:18:22.943+0000] {dagbag.py:539} INFO - Filling up the DagBag from /home/airflow/.local/lib/python3.8/site-packages/airflow/example_dags/example_external_task_marker_dag.py
[2025-02-06T16:18:22.948+0000] {processor.py:839} INFO - DAG(s) dict_keys(['example_external_task_marker_parent', 'example_external_task_marker_child']) retrieved from /home/airflow/.local/lib/python3.8/site-packages/airflow/example_dags/example_external_task_marker_dag.py
[2025-02-06T16:18:22.968+0000] {logging_mixin.py:151} INFO - [2025-02-06T16:18:22.968+0000] {dag.py:2915} INFO - Sync 2 DAGs
[2025-02-06T16:18:22.979+0000] {logging_mixin.py:151} INFO - [2025-02-06T16:18:22.978+0000] {dag.py:3696} INFO - Setting next_dagrun for example_external_task_marker_child to None, run_after=None
[2025-02-06T16:18:22.982+0000] {logging_mixin.py:151} INFO - [2025-02-06T16:18:22.981+0000] {dag.py:3696} INFO - Setting next_dagrun for example_external_task_marker_parent to None, run_after=None
[2025-02-06T16:18:22.997+0000] {processor.py:179} INFO - Processing /home/airflow/.local/lib/python3.8/site-packages/airflow/example_dags/example_external_task_marker_dag.py took 0.058 seconds
[2025-02-06T16:18:55.572+0000] {processor.py:157} INFO - Started process (PID=5918) to work on /home/airflow/.local/lib/python3.8/site-packages/airflow/example_dags/example_external_task_marker_dag.py
[2025-02-06T16:18:55.573+0000] {processor.py:829} INFO - Processing file /home/airflow/.local/lib/python3.8/site-packages/airflow/example_dags/example_external_task_marker_dag.py for tasks to queue
[2025-02-06T16:18:55.573+0000] {logging_mixin.py:151} INFO - [2025-02-06T16:18:55.573+0000] {dagbag.py:539} INFO - Filling up the DagBag from /home/airflow/.local/lib/python3.8/site-packages/airflow/example_dags/example_external_task_marker_dag.py
[2025-02-06T16:18:55.578+0000] {processor.py:839} INFO - DAG(s) dict_keys(['example_external_task_marker_child', 'example_external_task_marker_parent']) retrieved from /home/airflow/.local/lib/python3.8/site-packages/airflow/example_dags/example_external_task_marker_dag.py
[2025-02-06T16:18:55.602+0000] {logging_mixin.py:151} INFO - [2025-02-06T16:18:55.601+0000] {dag.py:2915} INFO - Sync 2 DAGs
[2025-02-06T16:18:55.614+0000] {logging_mixin.py:151} INFO - [2025-02-06T16:18:55.614+0000] {dag.py:3696} INFO - Setting next_dagrun for example_external_task_marker_child to None, run_after=None
[2025-02-06T16:18:55.618+0000] {logging_mixin.py:151} INFO - [2025-02-06T16:18:55.618+0000] {dag.py:3696} INFO - Setting next_dagrun for example_external_task_marker_parent to None, run_after=None
[2025-02-06T16:18:55.637+0000] {processor.py:179} INFO - Processing /home/airflow/.local/lib/python3.8/site-packages/airflow/example_dags/example_external_task_marker_dag.py took 0.068 seconds
