[2025-02-06T15:19:04.926+0000] {processor.py:186} INFO - Started process (PID=323) to work on /home/airflow/.local/lib/python3.12/site-packages/airflow/example_dags/example_params_trigger_ui.py
[2025-02-06T15:19:04.926+0000] {processor.py:914} INFO - Processing file /home/airflow/.local/lib/python3.12/site-packages/airflow/example_dags/example_params_trigger_ui.py for tasks to queue
[2025-02-06T15:19:04.928+0000] {logging_mixin.py:190} INFO - [2025-02-06T15:19:04.928+0000] {dagbag.py:588} INFO - Filling up the DagBag from /home/airflow/.local/lib/python3.12/site-packages/airflow/example_dags/example_params_trigger_ui.py
[2025-02-06T15:19:04.937+0000] {processor.py:925} INFO - DAG(s) 'example_params_trigger_ui' retrieved from /home/airflow/.local/lib/python3.12/site-packages/airflow/example_dags/example_params_trigger_ui.py
[2025-02-06T15:19:04.977+0000] {logging_mixin.py:190} INFO - [2025-02-06T15:19:04.977+0000] {dag.py:3239} INFO - Sync 1 DAGs
[2025-02-06T15:19:04.989+0000] {logging_mixin.py:190} INFO - [2025-02-06T15:19:04.988+0000] {dag.py:4180} INFO - Setting next_dagrun for example_params_trigger_ui to None, run_after=None
[2025-02-06T15:19:05.002+0000] {processor.py:208} INFO - Processing /home/airflow/.local/lib/python3.12/site-packages/airflow/example_dags/example_params_trigger_ui.py took 0.080 seconds
[2025-02-06T15:19:35.198+0000] {processor.py:186} INFO - Started process (PID=621) to work on /home/airflow/.local/lib/python3.12/site-packages/airflow/example_dags/example_params_trigger_ui.py
[2025-02-06T15:19:35.198+0000] {processor.py:914} INFO - Processing file /home/airflow/.local/lib/python3.12/site-packages/airflow/example_dags/example_params_trigger_ui.py for tasks to queue
[2025-02-06T15:19:35.200+0000] {logging_mixin.py:190} INFO - [2025-02-06T15:19:35.200+0000] {dagbag.py:588} INFO - Filling up the DagBag from /home/airflow/.local/lib/python3.12/site-packages/airflow/example_dags/example_params_trigger_ui.py
[2025-02-06T15:19:35.209+0000] {processor.py:925} INFO - DAG(s) 'example_params_trigger_ui' retrieved from /home/airflow/.local/lib/python3.12/site-packages/airflow/example_dags/example_params_trigger_ui.py
[2025-02-06T15:19:35.246+0000] {logging_mixin.py:190} INFO - [2025-02-06T15:19:35.245+0000] {dag.py:3239} INFO - Sync 1 DAGs
[2025-02-06T15:19:35.257+0000] {logging_mixin.py:190} INFO - [2025-02-06T15:19:35.257+0000] {dag.py:4180} INFO - Setting next_dagrun for example_params_trigger_ui to None, run_after=None
[2025-02-06T15:19:35.271+0000] {processor.py:208} INFO - Processing /home/airflow/.local/lib/python3.12/site-packages/airflow/example_dags/example_params_trigger_ui.py took 0.078 seconds
[2025-02-06T15:20:05.406+0000] {processor.py:186} INFO - Started process (PID=927) to work on /home/airflow/.local/lib/python3.12/site-packages/airflow/example_dags/example_params_trigger_ui.py
[2025-02-06T15:20:05.407+0000] {processor.py:914} INFO - Processing file /home/airflow/.local/lib/python3.12/site-packages/airflow/example_dags/example_params_trigger_ui.py for tasks to queue
[2025-02-06T15:20:05.408+0000] {logging_mixin.py:190} INFO - [2025-02-06T15:20:05.408+0000] {dagbag.py:588} INFO - Filling up the DagBag from /home/airflow/.local/lib/python3.12/site-packages/airflow/example_dags/example_params_trigger_ui.py
[2025-02-06T15:20:05.415+0000] {processor.py:925} INFO - DAG(s) 'example_params_trigger_ui' retrieved from /home/airflow/.local/lib/python3.12/site-packages/airflow/example_dags/example_params_trigger_ui.py
[2025-02-06T15:20:05.448+0000] {logging_mixin.py:190} INFO - [2025-02-06T15:20:05.448+0000] {dag.py:3239} INFO - Sync 1 DAGs
[2025-02-06T15:20:05.460+0000] {logging_mixin.py:190} INFO - [2025-02-06T15:20:05.460+0000] {dag.py:4180} INFO - Setting next_dagrun for example_params_trigger_ui to None, run_after=None
[2025-02-06T15:20:05.475+0000] {processor.py:208} INFO - Processing /home/airflow/.local/lib/python3.12/site-packages/airflow/example_dags/example_params_trigger_ui.py took 0.074 seconds
[2025-02-06T15:20:35.992+0000] {processor.py:186} INFO - Started process (PID=1233) to work on /home/airflow/.local/lib/python3.12/site-packages/airflow/example_dags/example_params_trigger_ui.py
[2025-02-06T15:20:35.993+0000] {processor.py:914} INFO - Processing file /home/airflow/.local/lib/python3.12/site-packages/airflow/example_dags/example_params_trigger_ui.py for tasks to queue
[2025-02-06T15:20:35.995+0000] {logging_mixin.py:190} INFO - [2025-02-06T15:20:35.995+0000] {dagbag.py:588} INFO - Filling up the DagBag from /home/airflow/.local/lib/python3.12/site-packages/airflow/example_dags/example_params_trigger_ui.py
[2025-02-06T15:20:36.003+0000] {processor.py:925} INFO - DAG(s) 'example_params_trigger_ui' retrieved from /home/airflow/.local/lib/python3.12/site-packages/airflow/example_dags/example_params_trigger_ui.py
[2025-02-06T15:20:36.036+0000] {logging_mixin.py:190} INFO - [2025-02-06T15:20:36.036+0000] {dag.py:3239} INFO - Sync 1 DAGs
[2025-02-06T15:20:36.051+0000] {logging_mixin.py:190} INFO - [2025-02-06T15:20:36.051+0000] {dag.py:4180} INFO - Setting next_dagrun for example_params_trigger_ui to None, run_after=None
[2025-02-06T15:20:36.071+0000] {processor.py:208} INFO - Processing /home/airflow/.local/lib/python3.12/site-packages/airflow/example_dags/example_params_trigger_ui.py took 0.084 seconds
[2025-02-06T15:21:06.665+0000] {processor.py:186} INFO - Started process (PID=1541) to work on /home/airflow/.local/lib/python3.12/site-packages/airflow/example_dags/example_params_trigger_ui.py
[2025-02-06T15:21:06.666+0000] {processor.py:914} INFO - Processing file /home/airflow/.local/lib/python3.12/site-packages/airflow/example_dags/example_params_trigger_ui.py for tasks to queue
[2025-02-06T15:21:06.668+0000] {logging_mixin.py:190} INFO - [2025-02-06T15:21:06.667+0000] {dagbag.py:588} INFO - Filling up the DagBag from /home/airflow/.local/lib/python3.12/site-packages/airflow/example_dags/example_params_trigger_ui.py
[2025-02-06T15:21:06.675+0000] {processor.py:925} INFO - DAG(s) 'example_params_trigger_ui' retrieved from /home/airflow/.local/lib/python3.12/site-packages/airflow/example_dags/example_params_trigger_ui.py
[2025-02-06T15:21:06.710+0000] {logging_mixin.py:190} INFO - [2025-02-06T15:21:06.709+0000] {dag.py:3239} INFO - Sync 1 DAGs
[2025-02-06T15:21:06.721+0000] {logging_mixin.py:190} INFO - [2025-02-06T15:21:06.720+0000] {dag.py:4180} INFO - Setting next_dagrun for example_params_trigger_ui to None, run_after=None
[2025-02-06T15:21:06.735+0000] {processor.py:208} INFO - Processing /home/airflow/.local/lib/python3.12/site-packages/airflow/example_dags/example_params_trigger_ui.py took 0.073 seconds
[2025-02-06T15:21:37.666+0000] {processor.py:186} INFO - Started process (PID=1845) to work on /home/airflow/.local/lib/python3.12/site-packages/airflow/example_dags/example_params_trigger_ui.py
[2025-02-06T15:21:37.667+0000] {processor.py:914} INFO - Processing file /home/airflow/.local/lib/python3.12/site-packages/airflow/example_dags/example_params_trigger_ui.py for tasks to queue
[2025-02-06T15:21:37.668+0000] {logging_mixin.py:190} INFO - [2025-02-06T15:21:37.668+0000] {dagbag.py:588} INFO - Filling up the DagBag from /home/airflow/.local/lib/python3.12/site-packages/airflow/example_dags/example_params_trigger_ui.py
[2025-02-06T15:21:37.676+0000] {processor.py:925} INFO - DAG(s) 'example_params_trigger_ui' retrieved from /home/airflow/.local/lib/python3.12/site-packages/airflow/example_dags/example_params_trigger_ui.py
[2025-02-06T15:21:37.710+0000] {logging_mixin.py:190} INFO - [2025-02-06T15:21:37.709+0000] {dag.py:3239} INFO - Sync 1 DAGs
[2025-02-06T15:21:37.721+0000] {logging_mixin.py:190} INFO - [2025-02-06T15:21:37.720+0000] {dag.py:4180} INFO - Setting next_dagrun for example_params_trigger_ui to None, run_after=None
[2025-02-06T15:21:37.735+0000] {processor.py:208} INFO - Processing /home/airflow/.local/lib/python3.12/site-packages/airflow/example_dags/example_params_trigger_ui.py took 0.073 seconds
[2025-02-06T15:22:08.609+0000] {processor.py:186} INFO - Started process (PID=2151) to work on /home/airflow/.local/lib/python3.12/site-packages/airflow/example_dags/example_params_trigger_ui.py
[2025-02-06T15:22:08.609+0000] {processor.py:914} INFO - Processing file /home/airflow/.local/lib/python3.12/site-packages/airflow/example_dags/example_params_trigger_ui.py for tasks to queue
[2025-02-06T15:22:08.611+0000] {logging_mixin.py:190} INFO - [2025-02-06T15:22:08.611+0000] {dagbag.py:588} INFO - Filling up the DagBag from /home/airflow/.local/lib/python3.12/site-packages/airflow/example_dags/example_params_trigger_ui.py
[2025-02-06T15:22:08.618+0000] {processor.py:925} INFO - DAG(s) 'example_params_trigger_ui' retrieved from /home/airflow/.local/lib/python3.12/site-packages/airflow/example_dags/example_params_trigger_ui.py
[2025-02-06T15:22:08.651+0000] {logging_mixin.py:190} INFO - [2025-02-06T15:22:08.650+0000] {dag.py:3239} INFO - Sync 1 DAGs
[2025-02-06T15:22:08.661+0000] {logging_mixin.py:190} INFO - [2025-02-06T15:22:08.661+0000] {dag.py:4180} INFO - Setting next_dagrun for example_params_trigger_ui to None, run_after=None
[2025-02-06T15:22:08.674+0000] {processor.py:208} INFO - Processing /home/airflow/.local/lib/python3.12/site-packages/airflow/example_dags/example_params_trigger_ui.py took 0.069 seconds
[2025-02-06T15:22:39.519+0000] {processor.py:186} INFO - Started process (PID=2457) to work on /home/airflow/.local/lib/python3.12/site-packages/airflow/example_dags/example_params_trigger_ui.py
[2025-02-06T15:22:39.520+0000] {processor.py:914} INFO - Processing file /home/airflow/.local/lib/python3.12/site-packages/airflow/example_dags/example_params_trigger_ui.py for tasks to queue
[2025-02-06T15:22:39.522+0000] {logging_mixin.py:190} INFO - [2025-02-06T15:22:39.522+0000] {dagbag.py:588} INFO - Filling up the DagBag from /home/airflow/.local/lib/python3.12/site-packages/airflow/example_dags/example_params_trigger_ui.py
[2025-02-06T15:22:39.530+0000] {processor.py:925} INFO - DAG(s) 'example_params_trigger_ui' retrieved from /home/airflow/.local/lib/python3.12/site-packages/airflow/example_dags/example_params_trigger_ui.py
[2025-02-06T15:22:39.565+0000] {logging_mixin.py:190} INFO - [2025-02-06T15:22:39.564+0000] {dag.py:3239} INFO - Sync 1 DAGs
[2025-02-06T15:22:39.577+0000] {logging_mixin.py:190} INFO - [2025-02-06T15:22:39.576+0000] {dag.py:4180} INFO - Setting next_dagrun for example_params_trigger_ui to None, run_after=None
[2025-02-06T15:22:39.590+0000] {processor.py:208} INFO - Processing /home/airflow/.local/lib/python3.12/site-packages/airflow/example_dags/example_params_trigger_ui.py took 0.075 seconds
[2025-02-06T15:23:10.420+0000] {processor.py:186} INFO - Started process (PID=2763) to work on /home/airflow/.local/lib/python3.12/site-packages/airflow/example_dags/example_params_trigger_ui.py
[2025-02-06T15:23:10.421+0000] {processor.py:914} INFO - Processing file /home/airflow/.local/lib/python3.12/site-packages/airflow/example_dags/example_params_trigger_ui.py for tasks to queue
[2025-02-06T15:23:10.422+0000] {logging_mixin.py:190} INFO - [2025-02-06T15:23:10.422+0000] {dagbag.py:588} INFO - Filling up the DagBag from /home/airflow/.local/lib/python3.12/site-packages/airflow/example_dags/example_params_trigger_ui.py
[2025-02-06T15:23:10.430+0000] {processor.py:925} INFO - DAG(s) 'example_params_trigger_ui' retrieved from /home/airflow/.local/lib/python3.12/site-packages/airflow/example_dags/example_params_trigger_ui.py
[2025-02-06T15:23:10.463+0000] {logging_mixin.py:190} INFO - [2025-02-06T15:23:10.463+0000] {dag.py:3239} INFO - Sync 1 DAGs
[2025-02-06T15:23:10.475+0000] {logging_mixin.py:190} INFO - [2025-02-06T15:23:10.475+0000] {dag.py:4180} INFO - Setting next_dagrun for example_params_trigger_ui to None, run_after=None
[2025-02-06T15:23:10.489+0000] {processor.py:208} INFO - Processing /home/airflow/.local/lib/python3.12/site-packages/airflow/example_dags/example_params_trigger_ui.py took 0.074 seconds
[2025-02-06T15:23:41.571+0000] {processor.py:186} INFO - Started process (PID=3069) to work on /home/airflow/.local/lib/python3.12/site-packages/airflow/example_dags/example_params_trigger_ui.py
[2025-02-06T15:23:41.572+0000] {processor.py:914} INFO - Processing file /home/airflow/.local/lib/python3.12/site-packages/airflow/example_dags/example_params_trigger_ui.py for tasks to queue
[2025-02-06T15:23:41.575+0000] {logging_mixin.py:190} INFO - [2025-02-06T15:23:41.575+0000] {dagbag.py:588} INFO - Filling up the DagBag from /home/airflow/.local/lib/python3.12/site-packages/airflow/example_dags/example_params_trigger_ui.py
[2025-02-06T15:23:41.585+0000] {processor.py:925} INFO - DAG(s) 'example_params_trigger_ui' retrieved from /home/airflow/.local/lib/python3.12/site-packages/airflow/example_dags/example_params_trigger_ui.py
[2025-02-06T15:23:41.625+0000] {logging_mixin.py:190} INFO - [2025-02-06T15:23:41.625+0000] {dag.py:3239} INFO - Sync 1 DAGs
[2025-02-06T15:23:41.640+0000] {logging_mixin.py:190} INFO - [2025-02-06T15:23:41.640+0000] {dag.py:4180} INFO - Setting next_dagrun for example_params_trigger_ui to None, run_after=None
[2025-02-06T15:23:41.657+0000] {processor.py:208} INFO - Processing /home/airflow/.local/lib/python3.12/site-packages/airflow/example_dags/example_params_trigger_ui.py took 0.090 seconds
[2025-02-06T15:24:11.779+0000] {processor.py:186} INFO - Started process (PID=3375) to work on /home/airflow/.local/lib/python3.12/site-packages/airflow/example_dags/example_params_trigger_ui.py
[2025-02-06T15:24:11.780+0000] {processor.py:914} INFO - Processing file /home/airflow/.local/lib/python3.12/site-packages/airflow/example_dags/example_params_trigger_ui.py for tasks to queue
[2025-02-06T15:24:11.782+0000] {logging_mixin.py:190} INFO - [2025-02-06T15:24:11.782+0000] {dagbag.py:588} INFO - Filling up the DagBag from /home/airflow/.local/lib/python3.12/site-packages/airflow/example_dags/example_params_trigger_ui.py
[2025-02-06T15:24:11.791+0000] {processor.py:925} INFO - DAG(s) 'example_params_trigger_ui' retrieved from /home/airflow/.local/lib/python3.12/site-packages/airflow/example_dags/example_params_trigger_ui.py
[2025-02-06T15:24:11.835+0000] {logging_mixin.py:190} INFO - [2025-02-06T15:24:11.835+0000] {dag.py:3239} INFO - Sync 1 DAGs
[2025-02-06T15:24:11.853+0000] {logging_mixin.py:190} INFO - [2025-02-06T15:24:11.853+0000] {dag.py:4180} INFO - Setting next_dagrun for example_params_trigger_ui to None, run_after=None
[2025-02-06T15:24:11.875+0000] {processor.py:208} INFO - Processing /home/airflow/.local/lib/python3.12/site-packages/airflow/example_dags/example_params_trigger_ui.py took 0.101 seconds
[2025-02-06T16:07:25.718+0000] {processor.py:157} INFO - Started process (PID=302) to work on /home/airflow/.local/lib/python3.8/site-packages/airflow/example_dags/example_params_trigger_ui.py
[2025-02-06T16:07:25.719+0000] {processor.py:829} INFO - Processing file /home/airflow/.local/lib/python3.8/site-packages/airflow/example_dags/example_params_trigger_ui.py for tasks to queue
[2025-02-06T16:07:25.719+0000] {logging_mixin.py:151} INFO - [2025-02-06T16:07:25.719+0000] {dagbag.py:539} INFO - Filling up the DagBag from /home/airflow/.local/lib/python3.8/site-packages/airflow/example_dags/example_params_trigger_ui.py
[2025-02-06T16:07:25.737+0000] {processor.py:839} INFO - DAG(s) dict_keys(['example_params_trigger_ui']) retrieved from /home/airflow/.local/lib/python3.8/site-packages/airflow/example_dags/example_params_trigger_ui.py
[2025-02-06T16:07:25.747+0000] {logging_mixin.py:151} INFO - [2025-02-06T16:07:25.747+0000] {dag.py:2915} INFO - Sync 1 DAGs
[2025-02-06T16:07:25.863+0000] {logging_mixin.py:151} INFO - [2025-02-06T16:07:25.863+0000] {dag.py:2937} INFO - Creating ORM DAG for example_params_trigger_ui
[2025-02-06T16:07:25.864+0000] {logging_mixin.py:151} INFO - [2025-02-06T16:07:25.864+0000] {dag.py:3696} INFO - Setting next_dagrun for example_params_trigger_ui to None, run_after=None
[2025-02-06T16:07:25.879+0000] {processor.py:179} INFO - Processing /home/airflow/.local/lib/python3.8/site-packages/airflow/example_dags/example_params_trigger_ui.py took 0.163 seconds
[2025-02-06T16:07:58.813+0000] {processor.py:157} INFO - Started process (PID=569) to work on /home/airflow/.local/lib/python3.8/site-packages/airflow/example_dags/example_params_trigger_ui.py
[2025-02-06T16:07:58.814+0000] {processor.py:829} INFO - Processing file /home/airflow/.local/lib/python3.8/site-packages/airflow/example_dags/example_params_trigger_ui.py for tasks to queue
[2025-02-06T16:07:58.815+0000] {logging_mixin.py:151} INFO - [2025-02-06T16:07:58.815+0000] {dagbag.py:539} INFO - Filling up the DagBag from /home/airflow/.local/lib/python3.8/site-packages/airflow/example_dags/example_params_trigger_ui.py
[2025-02-06T16:07:58.835+0000] {processor.py:839} INFO - DAG(s) dict_keys(['example_params_trigger_ui']) retrieved from /home/airflow/.local/lib/python3.8/site-packages/airflow/example_dags/example_params_trigger_ui.py
[2025-02-06T16:07:58.848+0000] {logging_mixin.py:151} INFO - [2025-02-06T16:07:58.847+0000] {dag.py:2915} INFO - Sync 1 DAGs
[2025-02-06T16:07:58.864+0000] {logging_mixin.py:151} INFO - [2025-02-06T16:07:58.864+0000] {dag.py:3696} INFO - Setting next_dagrun for example_params_trigger_ui to None, run_after=None
[2025-02-06T16:07:58.880+0000] {processor.py:179} INFO - Processing /home/airflow/.local/lib/python3.8/site-packages/airflow/example_dags/example_params_trigger_ui.py took 0.071 seconds
[2025-02-06T16:08:31.218+0000] {processor.py:157} INFO - Started process (PID=836) to work on /home/airflow/.local/lib/python3.8/site-packages/airflow/example_dags/example_params_trigger_ui.py
[2025-02-06T16:08:31.219+0000] {processor.py:829} INFO - Processing file /home/airflow/.local/lib/python3.8/site-packages/airflow/example_dags/example_params_trigger_ui.py for tasks to queue
[2025-02-06T16:08:31.220+0000] {logging_mixin.py:151} INFO - [2025-02-06T16:08:31.220+0000] {dagbag.py:539} INFO - Filling up the DagBag from /home/airflow/.local/lib/python3.8/site-packages/airflow/example_dags/example_params_trigger_ui.py
[2025-02-06T16:08:31.236+0000] {processor.py:839} INFO - DAG(s) dict_keys(['example_params_trigger_ui']) retrieved from /home/airflow/.local/lib/python3.8/site-packages/airflow/example_dags/example_params_trigger_ui.py
[2025-02-06T16:08:31.287+0000] {logging_mixin.py:151} INFO - [2025-02-06T16:08:31.287+0000] {dag.py:2915} INFO - Sync 1 DAGs
[2025-02-06T16:08:31.300+0000] {logging_mixin.py:151} INFO - [2025-02-06T16:08:31.300+0000] {dag.py:3696} INFO - Setting next_dagrun for example_params_trigger_ui to None, run_after=None
[2025-02-06T16:08:31.319+0000] {processor.py:179} INFO - Processing /home/airflow/.local/lib/python3.8/site-packages/airflow/example_dags/example_params_trigger_ui.py took 0.104 seconds
[2025-02-06T16:09:03.930+0000] {processor.py:157} INFO - Started process (PID=1097) to work on /home/airflow/.local/lib/python3.8/site-packages/airflow/example_dags/example_params_trigger_ui.py
[2025-02-06T16:09:03.931+0000] {processor.py:829} INFO - Processing file /home/airflow/.local/lib/python3.8/site-packages/airflow/example_dags/example_params_trigger_ui.py for tasks to queue
[2025-02-06T16:09:03.931+0000] {logging_mixin.py:151} INFO - [2025-02-06T16:09:03.931+0000] {dagbag.py:539} INFO - Filling up the DagBag from /home/airflow/.local/lib/python3.8/site-packages/airflow/example_dags/example_params_trigger_ui.py
[2025-02-06T16:09:03.945+0000] {processor.py:839} INFO - DAG(s) dict_keys(['example_params_trigger_ui']) retrieved from /home/airflow/.local/lib/python3.8/site-packages/airflow/example_dags/example_params_trigger_ui.py
[2025-02-06T16:09:03.991+0000] {logging_mixin.py:151} INFO - [2025-02-06T16:09:03.991+0000] {dag.py:2915} INFO - Sync 1 DAGs
[2025-02-06T16:09:04.000+0000] {logging_mixin.py:151} INFO - [2025-02-06T16:09:04.000+0000] {dag.py:3696} INFO - Setting next_dagrun for example_params_trigger_ui to None, run_after=None
[2025-02-06T16:09:04.014+0000] {processor.py:179} INFO - Processing /home/airflow/.local/lib/python3.8/site-packages/airflow/example_dags/example_params_trigger_ui.py took 0.087 seconds
[2025-02-06T16:09:37.290+0000] {processor.py:157} INFO - Started process (PID=1360) to work on /home/airflow/.local/lib/python3.8/site-packages/airflow/example_dags/example_params_trigger_ui.py
[2025-02-06T16:09:37.293+0000] {processor.py:829} INFO - Processing file /home/airflow/.local/lib/python3.8/site-packages/airflow/example_dags/example_params_trigger_ui.py for tasks to queue
[2025-02-06T16:09:37.295+0000] {logging_mixin.py:151} INFO - [2025-02-06T16:09:37.294+0000] {dagbag.py:539} INFO - Filling up the DagBag from /home/airflow/.local/lib/python3.8/site-packages/airflow/example_dags/example_params_trigger_ui.py
[2025-02-06T16:09:37.335+0000] {processor.py:839} INFO - DAG(s) dict_keys(['example_params_trigger_ui']) retrieved from /home/airflow/.local/lib/python3.8/site-packages/airflow/example_dags/example_params_trigger_ui.py
[2025-02-06T16:09:37.430+0000] {logging_mixin.py:151} INFO - [2025-02-06T16:09:37.429+0000] {dag.py:2915} INFO - Sync 1 DAGs
[2025-02-06T16:09:37.454+0000] {logging_mixin.py:151} INFO - [2025-02-06T16:09:37.454+0000] {dag.py:3696} INFO - Setting next_dagrun for example_params_trigger_ui to None, run_after=None
[2025-02-06T16:09:37.487+0000] {processor.py:179} INFO - Processing /home/airflow/.local/lib/python3.8/site-packages/airflow/example_dags/example_params_trigger_ui.py took 0.204 seconds
[2025-02-06T16:10:09.944+0000] {processor.py:157} INFO - Started process (PID=1621) to work on /home/airflow/.local/lib/python3.8/site-packages/airflow/example_dags/example_params_trigger_ui.py
[2025-02-06T16:10:09.945+0000] {processor.py:829} INFO - Processing file /home/airflow/.local/lib/python3.8/site-packages/airflow/example_dags/example_params_trigger_ui.py for tasks to queue
[2025-02-06T16:10:09.945+0000] {logging_mixin.py:151} INFO - [2025-02-06T16:10:09.945+0000] {dagbag.py:539} INFO - Filling up the DagBag from /home/airflow/.local/lib/python3.8/site-packages/airflow/example_dags/example_params_trigger_ui.py
[2025-02-06T16:10:09.959+0000] {processor.py:839} INFO - DAG(s) dict_keys(['example_params_trigger_ui']) retrieved from /home/airflow/.local/lib/python3.8/site-packages/airflow/example_dags/example_params_trigger_ui.py
[2025-02-06T16:10:10.000+0000] {logging_mixin.py:151} INFO - [2025-02-06T16:10:09.999+0000] {dag.py:2915} INFO - Sync 1 DAGs
[2025-02-06T16:10:10.010+0000] {logging_mixin.py:151} INFO - [2025-02-06T16:10:10.010+0000] {dag.py:3696} INFO - Setting next_dagrun for example_params_trigger_ui to None, run_after=None
[2025-02-06T16:10:10.023+0000] {processor.py:179} INFO - Processing /home/airflow/.local/lib/python3.8/site-packages/airflow/example_dags/example_params_trigger_ui.py took 0.081 seconds
[2025-02-06T16:10:42.680+0000] {processor.py:157} INFO - Started process (PID=1880) to work on /home/airflow/.local/lib/python3.8/site-packages/airflow/example_dags/example_params_trigger_ui.py
[2025-02-06T16:10:42.681+0000] {processor.py:829} INFO - Processing file /home/airflow/.local/lib/python3.8/site-packages/airflow/example_dags/example_params_trigger_ui.py for tasks to queue
[2025-02-06T16:10:42.682+0000] {logging_mixin.py:151} INFO - [2025-02-06T16:10:42.682+0000] {dagbag.py:539} INFO - Filling up the DagBag from /home/airflow/.local/lib/python3.8/site-packages/airflow/example_dags/example_params_trigger_ui.py
[2025-02-06T16:10:42.697+0000] {processor.py:839} INFO - DAG(s) dict_keys(['example_params_trigger_ui']) retrieved from /home/airflow/.local/lib/python3.8/site-packages/airflow/example_dags/example_params_trigger_ui.py
[2025-02-06T16:10:42.744+0000] {logging_mixin.py:151} INFO - [2025-02-06T16:10:42.744+0000] {dag.py:2915} INFO - Sync 1 DAGs
[2025-02-06T16:10:42.756+0000] {logging_mixin.py:151} INFO - [2025-02-06T16:10:42.756+0000] {dag.py:3696} INFO - Setting next_dagrun for example_params_trigger_ui to None, run_after=None
[2025-02-06T16:10:42.772+0000] {processor.py:179} INFO - Processing /home/airflow/.local/lib/python3.8/site-packages/airflow/example_dags/example_params_trigger_ui.py took 0.094 seconds
[2025-02-06T16:11:15.228+0000] {processor.py:157} INFO - Started process (PID=2141) to work on /home/airflow/.local/lib/python3.8/site-packages/airflow/example_dags/example_params_trigger_ui.py
[2025-02-06T16:11:15.230+0000] {processor.py:829} INFO - Processing file /home/airflow/.local/lib/python3.8/site-packages/airflow/example_dags/example_params_trigger_ui.py for tasks to queue
[2025-02-06T16:11:15.231+0000] {logging_mixin.py:151} INFO - [2025-02-06T16:11:15.231+0000] {dagbag.py:539} INFO - Filling up the DagBag from /home/airflow/.local/lib/python3.8/site-packages/airflow/example_dags/example_params_trigger_ui.py
[2025-02-06T16:11:15.250+0000] {processor.py:839} INFO - DAG(s) dict_keys(['example_params_trigger_ui']) retrieved from /home/airflow/.local/lib/python3.8/site-packages/airflow/example_dags/example_params_trigger_ui.py
[2025-02-06T16:11:15.300+0000] {logging_mixin.py:151} INFO - [2025-02-06T16:11:15.300+0000] {dag.py:2915} INFO - Sync 1 DAGs
[2025-02-06T16:11:15.315+0000] {logging_mixin.py:151} INFO - [2025-02-06T16:11:15.314+0000] {dag.py:3696} INFO - Setting next_dagrun for example_params_trigger_ui to None, run_after=None
[2025-02-06T16:11:15.334+0000] {processor.py:179} INFO - Processing /home/airflow/.local/lib/python3.8/site-packages/airflow/example_dags/example_params_trigger_ui.py took 0.110 seconds
[2025-02-06T16:11:48.159+0000] {processor.py:157} INFO - Started process (PID=2402) to work on /home/airflow/.local/lib/python3.8/site-packages/airflow/example_dags/example_params_trigger_ui.py
[2025-02-06T16:11:48.160+0000] {processor.py:829} INFO - Processing file /home/airflow/.local/lib/python3.8/site-packages/airflow/example_dags/example_params_trigger_ui.py for tasks to queue
[2025-02-06T16:11:48.161+0000] {logging_mixin.py:151} INFO - [2025-02-06T16:11:48.161+0000] {dagbag.py:539} INFO - Filling up the DagBag from /home/airflow/.local/lib/python3.8/site-packages/airflow/example_dags/example_params_trigger_ui.py
[2025-02-06T16:11:48.181+0000] {processor.py:839} INFO - DAG(s) dict_keys(['example_params_trigger_ui']) retrieved from /home/airflow/.local/lib/python3.8/site-packages/airflow/example_dags/example_params_trigger_ui.py
[2025-02-06T16:11:48.231+0000] {logging_mixin.py:151} INFO - [2025-02-06T16:11:48.230+0000] {dag.py:2915} INFO - Sync 1 DAGs
[2025-02-06T16:11:48.243+0000] {logging_mixin.py:151} INFO - [2025-02-06T16:11:48.243+0000] {dag.py:3696} INFO - Setting next_dagrun for example_params_trigger_ui to None, run_after=None
[2025-02-06T16:11:48.260+0000] {processor.py:179} INFO - Processing /home/airflow/.local/lib/python3.8/site-packages/airflow/example_dags/example_params_trigger_ui.py took 0.104 seconds
[2025-02-06T16:12:21.674+0000] {processor.py:157} INFO - Started process (PID=2665) to work on /home/airflow/.local/lib/python3.8/site-packages/airflow/example_dags/example_params_trigger_ui.py
[2025-02-06T16:12:21.675+0000] {processor.py:829} INFO - Processing file /home/airflow/.local/lib/python3.8/site-packages/airflow/example_dags/example_params_trigger_ui.py for tasks to queue
[2025-02-06T16:12:21.676+0000] {logging_mixin.py:151} INFO - [2025-02-06T16:12:21.675+0000] {dagbag.py:539} INFO - Filling up the DagBag from /home/airflow/.local/lib/python3.8/site-packages/airflow/example_dags/example_params_trigger_ui.py
[2025-02-06T16:12:21.690+0000] {processor.py:839} INFO - DAG(s) dict_keys(['example_params_trigger_ui']) retrieved from /home/airflow/.local/lib/python3.8/site-packages/airflow/example_dags/example_params_trigger_ui.py
[2025-02-06T16:12:21.735+0000] {logging_mixin.py:151} INFO - [2025-02-06T16:12:21.735+0000] {dag.py:2915} INFO - Sync 1 DAGs
[2025-02-06T16:12:21.746+0000] {logging_mixin.py:151} INFO - [2025-02-06T16:12:21.745+0000] {dag.py:3696} INFO - Setting next_dagrun for example_params_trigger_ui to None, run_after=None
[2025-02-06T16:12:21.763+0000] {processor.py:179} INFO - Processing /home/airflow/.local/lib/python3.8/site-packages/airflow/example_dags/example_params_trigger_ui.py took 0.091 seconds
[2025-02-06T16:12:53.744+0000] {processor.py:157} INFO - Started process (PID=2929) to work on /home/airflow/.local/lib/python3.8/site-packages/airflow/example_dags/example_params_trigger_ui.py
[2025-02-06T16:12:53.745+0000] {processor.py:829} INFO - Processing file /home/airflow/.local/lib/python3.8/site-packages/airflow/example_dags/example_params_trigger_ui.py for tasks to queue
[2025-02-06T16:12:53.745+0000] {logging_mixin.py:151} INFO - [2025-02-06T16:12:53.745+0000] {dagbag.py:539} INFO - Filling up the DagBag from /home/airflow/.local/lib/python3.8/site-packages/airflow/example_dags/example_params_trigger_ui.py
[2025-02-06T16:12:53.761+0000] {processor.py:839} INFO - DAG(s) dict_keys(['example_params_trigger_ui']) retrieved from /home/airflow/.local/lib/python3.8/site-packages/airflow/example_dags/example_params_trigger_ui.py
[2025-02-06T16:12:53.809+0000] {logging_mixin.py:151} INFO - [2025-02-06T16:12:53.809+0000] {dag.py:2915} INFO - Sync 1 DAGs
[2025-02-06T16:12:53.821+0000] {logging_mixin.py:151} INFO - [2025-02-06T16:12:53.821+0000] {dag.py:3696} INFO - Setting next_dagrun for example_params_trigger_ui to None, run_after=None
[2025-02-06T16:12:53.839+0000] {processor.py:179} INFO - Processing /home/airflow/.local/lib/python3.8/site-packages/airflow/example_dags/example_params_trigger_ui.py took 0.098 seconds
[2025-02-06T16:13:26.411+0000] {processor.py:157} INFO - Started process (PID=3190) to work on /home/airflow/.local/lib/python3.8/site-packages/airflow/example_dags/example_params_trigger_ui.py
[2025-02-06T16:13:26.412+0000] {processor.py:829} INFO - Processing file /home/airflow/.local/lib/python3.8/site-packages/airflow/example_dags/example_params_trigger_ui.py for tasks to queue
[2025-02-06T16:13:26.413+0000] {logging_mixin.py:151} INFO - [2025-02-06T16:13:26.412+0000] {dagbag.py:539} INFO - Filling up the DagBag from /home/airflow/.local/lib/python3.8/site-packages/airflow/example_dags/example_params_trigger_ui.py
[2025-02-06T16:13:26.427+0000] {processor.py:839} INFO - DAG(s) dict_keys(['example_params_trigger_ui']) retrieved from /home/airflow/.local/lib/python3.8/site-packages/airflow/example_dags/example_params_trigger_ui.py
[2025-02-06T16:13:26.472+0000] {logging_mixin.py:151} INFO - [2025-02-06T16:13:26.472+0000] {dag.py:2915} INFO - Sync 1 DAGs
[2025-02-06T16:13:26.482+0000] {logging_mixin.py:151} INFO - [2025-02-06T16:13:26.482+0000] {dag.py:3696} INFO - Setting next_dagrun for example_params_trigger_ui to None, run_after=None
[2025-02-06T16:13:26.500+0000] {processor.py:179} INFO - Processing /home/airflow/.local/lib/python3.8/site-packages/airflow/example_dags/example_params_trigger_ui.py took 0.092 seconds
[2025-02-06T16:13:59.454+0000] {processor.py:157} INFO - Started process (PID=3451) to work on /home/airflow/.local/lib/python3.8/site-packages/airflow/example_dags/example_params_trigger_ui.py
[2025-02-06T16:13:59.455+0000] {processor.py:829} INFO - Processing file /home/airflow/.local/lib/python3.8/site-packages/airflow/example_dags/example_params_trigger_ui.py for tasks to queue
[2025-02-06T16:13:59.455+0000] {logging_mixin.py:151} INFO - [2025-02-06T16:13:59.455+0000] {dagbag.py:539} INFO - Filling up the DagBag from /home/airflow/.local/lib/python3.8/site-packages/airflow/example_dags/example_params_trigger_ui.py
[2025-02-06T16:13:59.473+0000] {processor.py:839} INFO - DAG(s) dict_keys(['example_params_trigger_ui']) retrieved from /home/airflow/.local/lib/python3.8/site-packages/airflow/example_dags/example_params_trigger_ui.py
[2025-02-06T16:13:59.528+0000] {logging_mixin.py:151} INFO - [2025-02-06T16:13:59.528+0000] {dag.py:2915} INFO - Sync 1 DAGs
[2025-02-06T16:13:59.540+0000] {logging_mixin.py:151} INFO - [2025-02-06T16:13:59.540+0000] {dag.py:3696} INFO - Setting next_dagrun for example_params_trigger_ui to None, run_after=None
[2025-02-06T16:13:59.568+0000] {processor.py:179} INFO - Processing /home/airflow/.local/lib/python3.8/site-packages/airflow/example_dags/example_params_trigger_ui.py took 0.117 seconds
[2025-02-06T16:14:31.880+0000] {processor.py:157} INFO - Started process (PID=3712) to work on /home/airflow/.local/lib/python3.8/site-packages/airflow/example_dags/example_params_trigger_ui.py
[2025-02-06T16:14:31.881+0000] {processor.py:829} INFO - Processing file /home/airflow/.local/lib/python3.8/site-packages/airflow/example_dags/example_params_trigger_ui.py for tasks to queue
[2025-02-06T16:14:31.882+0000] {logging_mixin.py:151} INFO - [2025-02-06T16:14:31.882+0000] {dagbag.py:539} INFO - Filling up the DagBag from /home/airflow/.local/lib/python3.8/site-packages/airflow/example_dags/example_params_trigger_ui.py
[2025-02-06T16:14:31.897+0000] {processor.py:839} INFO - DAG(s) dict_keys(['example_params_trigger_ui']) retrieved from /home/airflow/.local/lib/python3.8/site-packages/airflow/example_dags/example_params_trigger_ui.py
[2025-02-06T16:14:31.946+0000] {logging_mixin.py:151} INFO - [2025-02-06T16:14:31.946+0000] {dag.py:2915} INFO - Sync 1 DAGs
[2025-02-06T16:14:31.957+0000] {logging_mixin.py:151} INFO - [2025-02-06T16:14:31.956+0000] {dag.py:3696} INFO - Setting next_dagrun for example_params_trigger_ui to None, run_after=None
[2025-02-06T16:14:31.974+0000] {processor.py:179} INFO - Processing /home/airflow/.local/lib/python3.8/site-packages/airflow/example_dags/example_params_trigger_ui.py took 0.096 seconds
[2025-02-06T16:15:05.557+0000] {processor.py:157} INFO - Started process (PID=3990) to work on /home/airflow/.local/lib/python3.8/site-packages/airflow/example_dags/example_params_trigger_ui.py
[2025-02-06T16:15:05.558+0000] {processor.py:829} INFO - Processing file /home/airflow/.local/lib/python3.8/site-packages/airflow/example_dags/example_params_trigger_ui.py for tasks to queue
[2025-02-06T16:15:05.558+0000] {logging_mixin.py:151} INFO - [2025-02-06T16:15:05.558+0000] {dagbag.py:539} INFO - Filling up the DagBag from /home/airflow/.local/lib/python3.8/site-packages/airflow/example_dags/example_params_trigger_ui.py
[2025-02-06T16:15:05.574+0000] {processor.py:839} INFO - DAG(s) dict_keys(['example_params_trigger_ui']) retrieved from /home/airflow/.local/lib/python3.8/site-packages/airflow/example_dags/example_params_trigger_ui.py
[2025-02-06T16:15:05.619+0000] {logging_mixin.py:151} INFO - [2025-02-06T16:15:05.619+0000] {dag.py:2915} INFO - Sync 1 DAGs
[2025-02-06T16:15:05.629+0000] {logging_mixin.py:151} INFO - [2025-02-06T16:15:05.629+0000] {dag.py:3696} INFO - Setting next_dagrun for example_params_trigger_ui to None, run_after=None
[2025-02-06T16:15:05.643+0000] {processor.py:179} INFO - Processing /home/airflow/.local/lib/python3.8/site-packages/airflow/example_dags/example_params_trigger_ui.py took 0.089 seconds
[2025-02-06T16:15:38.219+0000] {processor.py:157} INFO - Started process (PID=4251) to work on /home/airflow/.local/lib/python3.8/site-packages/airflow/example_dags/example_params_trigger_ui.py
[2025-02-06T16:15:38.221+0000] {processor.py:829} INFO - Processing file /home/airflow/.local/lib/python3.8/site-packages/airflow/example_dags/example_params_trigger_ui.py for tasks to queue
[2025-02-06T16:15:38.221+0000] {logging_mixin.py:151} INFO - [2025-02-06T16:15:38.221+0000] {dagbag.py:539} INFO - Filling up the DagBag from /home/airflow/.local/lib/python3.8/site-packages/airflow/example_dags/example_params_trigger_ui.py
[2025-02-06T16:15:38.237+0000] {processor.py:839} INFO - DAG(s) dict_keys(['example_params_trigger_ui']) retrieved from /home/airflow/.local/lib/python3.8/site-packages/airflow/example_dags/example_params_trigger_ui.py
[2025-02-06T16:15:38.284+0000] {logging_mixin.py:151} INFO - [2025-02-06T16:15:38.283+0000] {dag.py:2915} INFO - Sync 1 DAGs
[2025-02-06T16:15:38.294+0000] {logging_mixin.py:151} INFO - [2025-02-06T16:15:38.294+0000] {dag.py:3696} INFO - Setting next_dagrun for example_params_trigger_ui to None, run_after=None
[2025-02-06T16:15:38.310+0000] {processor.py:179} INFO - Processing /home/airflow/.local/lib/python3.8/site-packages/airflow/example_dags/example_params_trigger_ui.py took 0.094 seconds
[2025-02-06T16:16:10.865+0000] {processor.py:157} INFO - Started process (PID=4517) to work on /home/airflow/.local/lib/python3.8/site-packages/airflow/example_dags/example_params_trigger_ui.py
[2025-02-06T16:16:10.866+0000] {processor.py:829} INFO - Processing file /home/airflow/.local/lib/python3.8/site-packages/airflow/example_dags/example_params_trigger_ui.py for tasks to queue
[2025-02-06T16:16:10.866+0000] {logging_mixin.py:151} INFO - [2025-02-06T16:16:10.866+0000] {dagbag.py:539} INFO - Filling up the DagBag from /home/airflow/.local/lib/python3.8/site-packages/airflow/example_dags/example_params_trigger_ui.py
[2025-02-06T16:16:10.881+0000] {processor.py:839} INFO - DAG(s) dict_keys(['example_params_trigger_ui']) retrieved from /home/airflow/.local/lib/python3.8/site-packages/airflow/example_dags/example_params_trigger_ui.py
[2025-02-06T16:16:10.925+0000] {logging_mixin.py:151} INFO - [2025-02-06T16:16:10.925+0000] {dag.py:2915} INFO - Sync 1 DAGs
[2025-02-06T16:16:10.935+0000] {logging_mixin.py:151} INFO - [2025-02-06T16:16:10.935+0000] {dag.py:3696} INFO - Setting next_dagrun for example_params_trigger_ui to None, run_after=None
[2025-02-06T16:16:10.949+0000] {processor.py:179} INFO - Processing /home/airflow/.local/lib/python3.8/site-packages/airflow/example_dags/example_params_trigger_ui.py took 0.086 seconds
[2025-02-06T16:16:44.837+0000] {processor.py:157} INFO - Started process (PID=4829) to work on /home/airflow/.local/lib/python3.8/site-packages/airflow/example_dags/example_params_trigger_ui.py
[2025-02-06T16:16:44.838+0000] {processor.py:829} INFO - Processing file /home/airflow/.local/lib/python3.8/site-packages/airflow/example_dags/example_params_trigger_ui.py for tasks to queue
[2025-02-06T16:16:44.838+0000] {logging_mixin.py:151} INFO - [2025-02-06T16:16:44.838+0000] {dagbag.py:539} INFO - Filling up the DagBag from /home/airflow/.local/lib/python3.8/site-packages/airflow/example_dags/example_params_trigger_ui.py
[2025-02-06T16:16:44.854+0000] {processor.py:839} INFO - DAG(s) dict_keys(['example_params_trigger_ui']) retrieved from /home/airflow/.local/lib/python3.8/site-packages/airflow/example_dags/example_params_trigger_ui.py
[2025-02-06T16:16:44.899+0000] {logging_mixin.py:151} INFO - [2025-02-06T16:16:44.899+0000] {dag.py:2915} INFO - Sync 1 DAGs
[2025-02-06T16:16:44.910+0000] {logging_mixin.py:151} INFO - [2025-02-06T16:16:44.910+0000] {dag.py:3696} INFO - Setting next_dagrun for example_params_trigger_ui to None, run_after=None
[2025-02-06T16:16:44.926+0000] {processor.py:179} INFO - Processing /home/airflow/.local/lib/python3.8/site-packages/airflow/example_dags/example_params_trigger_ui.py took 0.092 seconds
[2025-02-06T16:17:17.121+0000] {processor.py:157} INFO - Started process (PID=5090) to work on /home/airflow/.local/lib/python3.8/site-packages/airflow/example_dags/example_params_trigger_ui.py
[2025-02-06T16:17:17.123+0000] {processor.py:829} INFO - Processing file /home/airflow/.local/lib/python3.8/site-packages/airflow/example_dags/example_params_trigger_ui.py for tasks to queue
[2025-02-06T16:17:17.125+0000] {logging_mixin.py:151} INFO - [2025-02-06T16:17:17.124+0000] {dagbag.py:539} INFO - Filling up the DagBag from /home/airflow/.local/lib/python3.8/site-packages/airflow/example_dags/example_params_trigger_ui.py
[2025-02-06T16:17:17.141+0000] {processor.py:839} INFO - DAG(s) dict_keys(['example_params_trigger_ui']) retrieved from /home/airflow/.local/lib/python3.8/site-packages/airflow/example_dags/example_params_trigger_ui.py
[2025-02-06T16:17:17.215+0000] {logging_mixin.py:151} INFO - [2025-02-06T16:17:17.215+0000] {dag.py:2915} INFO - Sync 1 DAGs
[2025-02-06T16:17:17.230+0000] {logging_mixin.py:151} INFO - [2025-02-06T16:17:17.230+0000] {dag.py:3696} INFO - Setting next_dagrun for example_params_trigger_ui to None, run_after=None
[2025-02-06T16:17:17.252+0000] {processor.py:179} INFO - Processing /home/airflow/.local/lib/python3.8/site-packages/airflow/example_dags/example_params_trigger_ui.py took 0.137 seconds
[2025-02-06T16:17:49.782+0000] {processor.py:157} INFO - Started process (PID=5356) to work on /home/airflow/.local/lib/python3.8/site-packages/airflow/example_dags/example_params_trigger_ui.py
[2025-02-06T16:17:49.783+0000] {processor.py:829} INFO - Processing file /home/airflow/.local/lib/python3.8/site-packages/airflow/example_dags/example_params_trigger_ui.py for tasks to queue
[2025-02-06T16:17:49.784+0000] {logging_mixin.py:151} INFO - [2025-02-06T16:17:49.784+0000] {dagbag.py:539} INFO - Filling up the DagBag from /home/airflow/.local/lib/python3.8/site-packages/airflow/example_dags/example_params_trigger_ui.py
[2025-02-06T16:17:49.797+0000] {processor.py:839} INFO - DAG(s) dict_keys(['example_params_trigger_ui']) retrieved from /home/airflow/.local/lib/python3.8/site-packages/airflow/example_dags/example_params_trigger_ui.py
[2025-02-06T16:17:49.841+0000] {logging_mixin.py:151} INFO - [2025-02-06T16:17:49.841+0000] {dag.py:2915} INFO - Sync 1 DAGs
[2025-02-06T16:17:49.851+0000] {logging_mixin.py:151} INFO - [2025-02-06T16:17:49.851+0000] {dag.py:3696} INFO - Setting next_dagrun for example_params_trigger_ui to None, run_after=None
[2025-02-06T16:17:49.872+0000] {processor.py:179} INFO - Processing /home/airflow/.local/lib/python3.8/site-packages/airflow/example_dags/example_params_trigger_ui.py took 0.092 seconds
[2025-02-06T16:18:22.579+0000] {processor.py:157} INFO - Started process (PID=5617) to work on /home/airflow/.local/lib/python3.8/site-packages/airflow/example_dags/example_params_trigger_ui.py
[2025-02-06T16:18:22.580+0000] {processor.py:829} INFO - Processing file /home/airflow/.local/lib/python3.8/site-packages/airflow/example_dags/example_params_trigger_ui.py for tasks to queue
[2025-02-06T16:18:22.580+0000] {logging_mixin.py:151} INFO - [2025-02-06T16:18:22.580+0000] {dagbag.py:539} INFO - Filling up the DagBag from /home/airflow/.local/lib/python3.8/site-packages/airflow/example_dags/example_params_trigger_ui.py
[2025-02-06T16:18:22.594+0000] {processor.py:839} INFO - DAG(s) dict_keys(['example_params_trigger_ui']) retrieved from /home/airflow/.local/lib/python3.8/site-packages/airflow/example_dags/example_params_trigger_ui.py
[2025-02-06T16:18:22.641+0000] {logging_mixin.py:151} INFO - [2025-02-06T16:18:22.640+0000] {dag.py:2915} INFO - Sync 1 DAGs
[2025-02-06T16:18:22.651+0000] {logging_mixin.py:151} INFO - [2025-02-06T16:18:22.651+0000] {dag.py:3696} INFO - Setting next_dagrun for example_params_trigger_ui to None, run_after=None
[2025-02-06T16:18:22.669+0000] {processor.py:179} INFO - Processing /home/airflow/.local/lib/python3.8/site-packages/airflow/example_dags/example_params_trigger_ui.py took 0.092 seconds
[2025-02-06T16:18:55.190+0000] {processor.py:157} INFO - Started process (PID=5878) to work on /home/airflow/.local/lib/python3.8/site-packages/airflow/example_dags/example_params_trigger_ui.py
[2025-02-06T16:18:55.191+0000] {processor.py:829} INFO - Processing file /home/airflow/.local/lib/python3.8/site-packages/airflow/example_dags/example_params_trigger_ui.py for tasks to queue
[2025-02-06T16:18:55.192+0000] {logging_mixin.py:151} INFO - [2025-02-06T16:18:55.192+0000] {dagbag.py:539} INFO - Filling up the DagBag from /home/airflow/.local/lib/python3.8/site-packages/airflow/example_dags/example_params_trigger_ui.py
[2025-02-06T16:18:55.205+0000] {processor.py:839} INFO - DAG(s) dict_keys(['example_params_trigger_ui']) retrieved from /home/airflow/.local/lib/python3.8/site-packages/airflow/example_dags/example_params_trigger_ui.py
[2025-02-06T16:18:55.247+0000] {logging_mixin.py:151} INFO - [2025-02-06T16:18:55.247+0000] {dag.py:2915} INFO - Sync 1 DAGs
[2025-02-06T16:18:55.257+0000] {logging_mixin.py:151} INFO - [2025-02-06T16:18:55.257+0000] {dag.py:3696} INFO - Setting next_dagrun for example_params_trigger_ui to None, run_after=None
[2025-02-06T16:18:55.273+0000] {processor.py:179} INFO - Processing /home/airflow/.local/lib/python3.8/site-packages/airflow/example_dags/example_params_trigger_ui.py took 0.085 seconds
