[2025-02-06T15:19:05.998+0000] {processor.py:186} INFO - Started process (PID=416) to work on /home/airflow/.local/lib/python3.12/site-packages/airflow/example_dags/example_skip_dag.py
[2025-02-06T15:19:05.999+0000] {processor.py:914} INFO - Processing file /home/airflow/.local/lib/python3.12/site-packages/airflow/example_dags/example_skip_dag.py for tasks to queue
[2025-02-06T15:19:06.001+0000] {logging_mixin.py:190} INFO - [2025-02-06T15:19:06.000+0000] {dagbag.py:588} INFO - Filling up the DagBag from /home/airflow/.local/lib/python3.12/site-packages/airflow/example_dags/example_skip_dag.py
[2025-02-06T15:19:06.007+0000] {processor.py:925} INFO - DAG(s) 'example_skip_dag' retrieved from /home/airflow/.local/lib/python3.12/site-packages/airflow/example_dags/example_skip_dag.py
[2025-02-06T15:19:06.025+0000] {logging_mixin.py:190} INFO - [2025-02-06T15:19:06.025+0000] {dag.py:3239} INFO - Sync 1 DAGs
[2025-02-06T15:19:06.046+0000] {logging_mixin.py:190} INFO - [2025-02-06T15:19:06.045+0000] {dag.py:4180} INFO - Setting next_dagrun for example_skip_dag to 2025-02-05 00:00:00+00:00, run_after=2025-02-06 00:00:00+00:00
[2025-02-06T15:19:06.063+0000] {processor.py:208} INFO - Processing /home/airflow/.local/lib/python3.12/site-packages/airflow/example_dags/example_skip_dag.py took 0.069 seconds
[2025-02-06T15:19:36.326+0000] {processor.py:186} INFO - Started process (PID=722) to work on /home/airflow/.local/lib/python3.12/site-packages/airflow/example_dags/example_skip_dag.py
[2025-02-06T15:19:36.327+0000] {processor.py:914} INFO - Processing file /home/airflow/.local/lib/python3.12/site-packages/airflow/example_dags/example_skip_dag.py for tasks to queue
[2025-02-06T15:19:36.328+0000] {logging_mixin.py:190} INFO - [2025-02-06T15:19:36.328+0000] {dagbag.py:588} INFO - Filling up the DagBag from /home/airflow/.local/lib/python3.12/site-packages/airflow/example_dags/example_skip_dag.py
[2025-02-06T15:19:36.333+0000] {processor.py:925} INFO - DAG(s) 'example_skip_dag' retrieved from /home/airflow/.local/lib/python3.12/site-packages/airflow/example_dags/example_skip_dag.py
[2025-02-06T15:19:36.350+0000] {logging_mixin.py:190} INFO - [2025-02-06T15:19:36.350+0000] {dag.py:3239} INFO - Sync 1 DAGs
[2025-02-06T15:19:36.369+0000] {logging_mixin.py:190} INFO - [2025-02-06T15:19:36.369+0000] {dag.py:4180} INFO - Setting next_dagrun for example_skip_dag to 2025-02-05 00:00:00+00:00, run_after=2025-02-06 00:00:00+00:00
[2025-02-06T15:19:36.383+0000] {processor.py:208} INFO - Processing /home/airflow/.local/lib/python3.12/site-packages/airflow/example_dags/example_skip_dag.py took 0.062 seconds
[2025-02-06T15:20:07.324+0000] {processor.py:186} INFO - Started process (PID=1022) to work on /home/airflow/.local/lib/python3.12/site-packages/airflow/example_dags/example_skip_dag.py
[2025-02-06T15:20:07.325+0000] {processor.py:914} INFO - Processing file /home/airflow/.local/lib/python3.12/site-packages/airflow/example_dags/example_skip_dag.py for tasks to queue
[2025-02-06T15:20:07.326+0000] {logging_mixin.py:190} INFO - [2025-02-06T15:20:07.326+0000] {dagbag.py:588} INFO - Filling up the DagBag from /home/airflow/.local/lib/python3.12/site-packages/airflow/example_dags/example_skip_dag.py
[2025-02-06T15:20:07.331+0000] {processor.py:925} INFO - DAG(s) 'example_skip_dag' retrieved from /home/airflow/.local/lib/python3.12/site-packages/airflow/example_dags/example_skip_dag.py
[2025-02-06T15:20:07.347+0000] {logging_mixin.py:190} INFO - [2025-02-06T15:20:07.347+0000] {dag.py:3239} INFO - Sync 1 DAGs
[2025-02-06T15:20:07.366+0000] {logging_mixin.py:190} INFO - [2025-02-06T15:20:07.365+0000] {dag.py:4180} INFO - Setting next_dagrun for example_skip_dag to 2025-02-05 00:00:00+00:00, run_after=2025-02-06 00:00:00+00:00
[2025-02-06T15:20:07.379+0000] {processor.py:208} INFO - Processing /home/airflow/.local/lib/python3.12/site-packages/airflow/example_dags/example_skip_dag.py took 0.059 seconds
[2025-02-06T15:20:37.882+0000] {processor.py:186} INFO - Started process (PID=1330) to work on /home/airflow/.local/lib/python3.12/site-packages/airflow/example_dags/example_skip_dag.py
[2025-02-06T15:20:37.883+0000] {processor.py:914} INFO - Processing file /home/airflow/.local/lib/python3.12/site-packages/airflow/example_dags/example_skip_dag.py for tasks to queue
[2025-02-06T15:20:37.885+0000] {logging_mixin.py:190} INFO - [2025-02-06T15:20:37.884+0000] {dagbag.py:588} INFO - Filling up the DagBag from /home/airflow/.local/lib/python3.12/site-packages/airflow/example_dags/example_skip_dag.py
[2025-02-06T15:20:37.890+0000] {processor.py:925} INFO - DAG(s) 'example_skip_dag' retrieved from /home/airflow/.local/lib/python3.12/site-packages/airflow/example_dags/example_skip_dag.py
[2025-02-06T15:20:37.906+0000] {logging_mixin.py:190} INFO - [2025-02-06T15:20:37.906+0000] {dag.py:3239} INFO - Sync 1 DAGs
[2025-02-06T15:20:37.923+0000] {logging_mixin.py:190} INFO - [2025-02-06T15:20:37.923+0000] {dag.py:4180} INFO - Setting next_dagrun for example_skip_dag to 2025-02-05 00:00:00+00:00, run_after=2025-02-06 00:00:00+00:00
[2025-02-06T15:20:37.937+0000] {processor.py:208} INFO - Processing /home/airflow/.local/lib/python3.12/site-packages/airflow/example_dags/example_skip_dag.py took 0.058 seconds
[2025-02-06T15:21:08.639+0000] {processor.py:186} INFO - Started process (PID=1636) to work on /home/airflow/.local/lib/python3.12/site-packages/airflow/example_dags/example_skip_dag.py
[2025-02-06T15:21:08.640+0000] {processor.py:914} INFO - Processing file /home/airflow/.local/lib/python3.12/site-packages/airflow/example_dags/example_skip_dag.py for tasks to queue
[2025-02-06T15:21:08.642+0000] {logging_mixin.py:190} INFO - [2025-02-06T15:21:08.642+0000] {dagbag.py:588} INFO - Filling up the DagBag from /home/airflow/.local/lib/python3.12/site-packages/airflow/example_dags/example_skip_dag.py
[2025-02-06T15:21:08.650+0000] {processor.py:925} INFO - DAG(s) 'example_skip_dag' retrieved from /home/airflow/.local/lib/python3.12/site-packages/airflow/example_dags/example_skip_dag.py
[2025-02-06T15:21:08.668+0000] {logging_mixin.py:190} INFO - [2025-02-06T15:21:08.668+0000] {dag.py:3239} INFO - Sync 1 DAGs
[2025-02-06T15:21:08.688+0000] {logging_mixin.py:190} INFO - [2025-02-06T15:21:08.688+0000] {dag.py:4180} INFO - Setting next_dagrun for example_skip_dag to 2025-02-05 00:00:00+00:00, run_after=2025-02-06 00:00:00+00:00
[2025-02-06T15:21:08.705+0000] {processor.py:208} INFO - Processing /home/airflow/.local/lib/python3.12/site-packages/airflow/example_dags/example_skip_dag.py took 0.071 seconds
[2025-02-06T15:21:38.759+0000] {processor.py:186} INFO - Started process (PID=1940) to work on /home/airflow/.local/lib/python3.12/site-packages/airflow/example_dags/example_skip_dag.py
[2025-02-06T15:21:38.760+0000] {processor.py:914} INFO - Processing file /home/airflow/.local/lib/python3.12/site-packages/airflow/example_dags/example_skip_dag.py for tasks to queue
[2025-02-06T15:21:38.762+0000] {logging_mixin.py:190} INFO - [2025-02-06T15:21:38.762+0000] {dagbag.py:588} INFO - Filling up the DagBag from /home/airflow/.local/lib/python3.12/site-packages/airflow/example_dags/example_skip_dag.py
[2025-02-06T15:21:38.767+0000] {processor.py:925} INFO - DAG(s) 'example_skip_dag' retrieved from /home/airflow/.local/lib/python3.12/site-packages/airflow/example_dags/example_skip_dag.py
[2025-02-06T15:21:38.785+0000] {logging_mixin.py:190} INFO - [2025-02-06T15:21:38.785+0000] {dag.py:3239} INFO - Sync 1 DAGs
[2025-02-06T15:21:38.804+0000] {logging_mixin.py:190} INFO - [2025-02-06T15:21:38.804+0000] {dag.py:4180} INFO - Setting next_dagrun for example_skip_dag to 2025-02-05 00:00:00+00:00, run_after=2025-02-06 00:00:00+00:00
[2025-02-06T15:21:38.819+0000] {processor.py:208} INFO - Processing /home/airflow/.local/lib/python3.12/site-packages/airflow/example_dags/example_skip_dag.py took 0.064 seconds
[2025-02-06T15:22:09.493+0000] {processor.py:186} INFO - Started process (PID=2246) to work on /home/airflow/.local/lib/python3.12/site-packages/airflow/example_dags/example_skip_dag.py
[2025-02-06T15:22:09.493+0000] {processor.py:914} INFO - Processing file /home/airflow/.local/lib/python3.12/site-packages/airflow/example_dags/example_skip_dag.py for tasks to queue
[2025-02-06T15:22:09.495+0000] {logging_mixin.py:190} INFO - [2025-02-06T15:22:09.494+0000] {dagbag.py:588} INFO - Filling up the DagBag from /home/airflow/.local/lib/python3.12/site-packages/airflow/example_dags/example_skip_dag.py
[2025-02-06T15:22:09.500+0000] {processor.py:925} INFO - DAG(s) 'example_skip_dag' retrieved from /home/airflow/.local/lib/python3.12/site-packages/airflow/example_dags/example_skip_dag.py
[2025-02-06T15:22:09.517+0000] {logging_mixin.py:190} INFO - [2025-02-06T15:22:09.517+0000] {dag.py:3239} INFO - Sync 1 DAGs
[2025-02-06T15:22:09.538+0000] {logging_mixin.py:190} INFO - [2025-02-06T15:22:09.537+0000] {dag.py:4180} INFO - Setting next_dagrun for example_skip_dag to 2025-02-05 00:00:00+00:00, run_after=2025-02-06 00:00:00+00:00
[2025-02-06T15:22:09.554+0000] {processor.py:208} INFO - Processing /home/airflow/.local/lib/python3.12/site-packages/airflow/example_dags/example_skip_dag.py took 0.065 seconds
[2025-02-06T15:22:40.533+0000] {processor.py:186} INFO - Started process (PID=2552) to work on /home/airflow/.local/lib/python3.12/site-packages/airflow/example_dags/example_skip_dag.py
[2025-02-06T15:22:40.534+0000] {processor.py:914} INFO - Processing file /home/airflow/.local/lib/python3.12/site-packages/airflow/example_dags/example_skip_dag.py for tasks to queue
[2025-02-06T15:22:40.536+0000] {logging_mixin.py:190} INFO - [2025-02-06T15:22:40.535+0000] {dagbag.py:588} INFO - Filling up the DagBag from /home/airflow/.local/lib/python3.12/site-packages/airflow/example_dags/example_skip_dag.py
[2025-02-06T15:22:40.541+0000] {processor.py:925} INFO - DAG(s) 'example_skip_dag' retrieved from /home/airflow/.local/lib/python3.12/site-packages/airflow/example_dags/example_skip_dag.py
[2025-02-06T15:22:40.557+0000] {logging_mixin.py:190} INFO - [2025-02-06T15:22:40.557+0000] {dag.py:3239} INFO - Sync 1 DAGs
[2025-02-06T15:22:40.574+0000] {logging_mixin.py:190} INFO - [2025-02-06T15:22:40.573+0000] {dag.py:4180} INFO - Setting next_dagrun for example_skip_dag to 2025-02-05 00:00:00+00:00, run_after=2025-02-06 00:00:00+00:00
[2025-02-06T15:22:40.587+0000] {processor.py:208} INFO - Processing /home/airflow/.local/lib/python3.12/site-packages/airflow/example_dags/example_skip_dag.py took 0.058 seconds
[2025-02-06T15:23:11.490+0000] {processor.py:186} INFO - Started process (PID=2858) to work on /home/airflow/.local/lib/python3.12/site-packages/airflow/example_dags/example_skip_dag.py
[2025-02-06T15:23:11.491+0000] {processor.py:914} INFO - Processing file /home/airflow/.local/lib/python3.12/site-packages/airflow/example_dags/example_skip_dag.py for tasks to queue
[2025-02-06T15:23:11.492+0000] {logging_mixin.py:190} INFO - [2025-02-06T15:23:11.492+0000] {dagbag.py:588} INFO - Filling up the DagBag from /home/airflow/.local/lib/python3.12/site-packages/airflow/example_dags/example_skip_dag.py
[2025-02-06T15:23:11.498+0000] {processor.py:925} INFO - DAG(s) 'example_skip_dag' retrieved from /home/airflow/.local/lib/python3.12/site-packages/airflow/example_dags/example_skip_dag.py
[2025-02-06T15:23:11.514+0000] {logging_mixin.py:190} INFO - [2025-02-06T15:23:11.514+0000] {dag.py:3239} INFO - Sync 1 DAGs
[2025-02-06T15:23:11.532+0000] {logging_mixin.py:190} INFO - [2025-02-06T15:23:11.532+0000] {dag.py:4180} INFO - Setting next_dagrun for example_skip_dag to 2025-02-05 00:00:00+00:00, run_after=2025-02-06 00:00:00+00:00
[2025-02-06T15:23:11.545+0000] {processor.py:208} INFO - Processing /home/airflow/.local/lib/python3.12/site-packages/airflow/example_dags/example_skip_dag.py took 0.059 seconds
[2025-02-06T15:23:42.600+0000] {processor.py:186} INFO - Started process (PID=3164) to work on /home/airflow/.local/lib/python3.12/site-packages/airflow/example_dags/example_skip_dag.py
[2025-02-06T15:23:42.601+0000] {processor.py:914} INFO - Processing file /home/airflow/.local/lib/python3.12/site-packages/airflow/example_dags/example_skip_dag.py for tasks to queue
[2025-02-06T15:23:42.603+0000] {logging_mixin.py:190} INFO - [2025-02-06T15:23:42.603+0000] {dagbag.py:588} INFO - Filling up the DagBag from /home/airflow/.local/lib/python3.12/site-packages/airflow/example_dags/example_skip_dag.py
[2025-02-06T15:23:42.609+0000] {processor.py:925} INFO - DAG(s) 'example_skip_dag' retrieved from /home/airflow/.local/lib/python3.12/site-packages/airflow/example_dags/example_skip_dag.py
[2025-02-06T15:23:42.627+0000] {logging_mixin.py:190} INFO - [2025-02-06T15:23:42.627+0000] {dag.py:3239} INFO - Sync 1 DAGs
[2025-02-06T15:23:42.647+0000] {logging_mixin.py:190} INFO - [2025-02-06T15:23:42.647+0000] {dag.py:4180} INFO - Setting next_dagrun for example_skip_dag to 2025-02-05 00:00:00+00:00, run_after=2025-02-06 00:00:00+00:00
[2025-02-06T15:23:42.663+0000] {processor.py:208} INFO - Processing /home/airflow/.local/lib/python3.12/site-packages/airflow/example_dags/example_skip_dag.py took 0.068 seconds
[2025-02-06T15:24:12.858+0000] {processor.py:186} INFO - Started process (PID=3472) to work on /home/airflow/.local/lib/python3.12/site-packages/airflow/example_dags/example_skip_dag.py
[2025-02-06T15:24:12.859+0000] {processor.py:914} INFO - Processing file /home/airflow/.local/lib/python3.12/site-packages/airflow/example_dags/example_skip_dag.py for tasks to queue
[2025-02-06T15:24:12.861+0000] {logging_mixin.py:190} INFO - [2025-02-06T15:24:12.861+0000] {dagbag.py:588} INFO - Filling up the DagBag from /home/airflow/.local/lib/python3.12/site-packages/airflow/example_dags/example_skip_dag.py
[2025-02-06T15:24:12.866+0000] {processor.py:925} INFO - DAG(s) 'example_skip_dag' retrieved from /home/airflow/.local/lib/python3.12/site-packages/airflow/example_dags/example_skip_dag.py
[2025-02-06T15:24:12.883+0000] {logging_mixin.py:190} INFO - [2025-02-06T15:24:12.883+0000] {dag.py:3239} INFO - Sync 1 DAGs
[2025-02-06T15:24:12.901+0000] {logging_mixin.py:190} INFO - [2025-02-06T15:24:12.901+0000] {dag.py:4180} INFO - Setting next_dagrun for example_skip_dag to 2025-02-05 00:00:00+00:00, run_after=2025-02-06 00:00:00+00:00
[2025-02-06T15:24:12.915+0000] {processor.py:208} INFO - Processing /home/airflow/.local/lib/python3.12/site-packages/airflow/example_dags/example_skip_dag.py took 0.061 seconds
[2025-02-06T16:07:27.819+0000] {processor.py:157} INFO - Started process (PID=387) to work on /home/airflow/.local/lib/python3.8/site-packages/airflow/example_dags/example_skip_dag.py
[2025-02-06T16:07:27.820+0000] {processor.py:829} INFO - Processing file /home/airflow/.local/lib/python3.8/site-packages/airflow/example_dags/example_skip_dag.py for tasks to queue
[2025-02-06T16:07:27.820+0000] {logging_mixin.py:151} INFO - [2025-02-06T16:07:27.820+0000] {dagbag.py:539} INFO - Filling up the DagBag from /home/airflow/.local/lib/python3.8/site-packages/airflow/example_dags/example_skip_dag.py
[2025-02-06T16:07:27.827+0000] {processor.py:839} INFO - DAG(s) dict_keys(['example_skip_dag']) retrieved from /home/airflow/.local/lib/python3.8/site-packages/airflow/example_dags/example_skip_dag.py
[2025-02-06T16:07:27.838+0000] {logging_mixin.py:151} INFO - [2025-02-06T16:07:27.838+0000] {dag.py:2915} INFO - Sync 1 DAGs
[2025-02-06T16:07:27.967+0000] {logging_mixin.py:151} INFO - [2025-02-06T16:07:27.967+0000] {dag.py:2937} INFO - Creating ORM DAG for example_skip_dag
[2025-02-06T16:07:27.976+0000] {logging_mixin.py:151} INFO - [2025-02-06T16:07:27.975+0000] {dag.py:3696} INFO - Setting next_dagrun for example_skip_dag to 2025-02-05T16:07:27.975637+00:00, run_after=2025-02-06T16:07:27.975637+00:00
[2025-02-06T16:07:27.992+0000] {processor.py:179} INFO - Processing /home/airflow/.local/lib/python3.8/site-packages/airflow/example_dags/example_skip_dag.py took 0.176 seconds
[2025-02-06T16:07:59.549+0000] {processor.py:157} INFO - Started process (PID=656) to work on /home/airflow/.local/lib/python3.8/site-packages/airflow/example_dags/example_skip_dag.py
[2025-02-06T16:07:59.550+0000] {processor.py:829} INFO - Processing file /home/airflow/.local/lib/python3.8/site-packages/airflow/example_dags/example_skip_dag.py for tasks to queue
[2025-02-06T16:07:59.551+0000] {logging_mixin.py:151} INFO - [2025-02-06T16:07:59.551+0000] {dagbag.py:539} INFO - Filling up the DagBag from /home/airflow/.local/lib/python3.8/site-packages/airflow/example_dags/example_skip_dag.py
[2025-02-06T16:07:59.557+0000] {processor.py:839} INFO - DAG(s) dict_keys(['example_skip_dag']) retrieved from /home/airflow/.local/lib/python3.8/site-packages/airflow/example_dags/example_skip_dag.py
[2025-02-06T16:07:59.566+0000] {logging_mixin.py:151} INFO - [2025-02-06T16:07:59.566+0000] {dag.py:2915} INFO - Sync 1 DAGs
[2025-02-06T16:07:59.582+0000] {logging_mixin.py:151} INFO - [2025-02-06T16:07:59.582+0000] {dag.py:3696} INFO - Setting next_dagrun for example_skip_dag to 2025-02-05T16:07:59.581927+00:00, run_after=2025-02-06T16:07:59.581927+00:00
[2025-02-06T16:07:59.594+0000] {processor.py:179} INFO - Processing /home/airflow/.local/lib/python3.8/site-packages/airflow/example_dags/example_skip_dag.py took 0.047 seconds
[2025-02-06T16:08:32.133+0000] {processor.py:157} INFO - Started process (PID=921) to work on /home/airflow/.local/lib/python3.8/site-packages/airflow/example_dags/example_skip_dag.py
[2025-02-06T16:08:32.134+0000] {processor.py:829} INFO - Processing file /home/airflow/.local/lib/python3.8/site-packages/airflow/example_dags/example_skip_dag.py for tasks to queue
[2025-02-06T16:08:32.135+0000] {logging_mixin.py:151} INFO - [2025-02-06T16:08:32.135+0000] {dagbag.py:539} INFO - Filling up the DagBag from /home/airflow/.local/lib/python3.8/site-packages/airflow/example_dags/example_skip_dag.py
[2025-02-06T16:08:32.141+0000] {processor.py:839} INFO - DAG(s) dict_keys(['example_skip_dag']) retrieved from /home/airflow/.local/lib/python3.8/site-packages/airflow/example_dags/example_skip_dag.py
[2025-02-06T16:08:32.158+0000] {logging_mixin.py:151} INFO - [2025-02-06T16:08:32.158+0000] {dag.py:2915} INFO - Sync 1 DAGs
[2025-02-06T16:08:32.175+0000] {logging_mixin.py:151} INFO - [2025-02-06T16:08:32.175+0000] {dag.py:3696} INFO - Setting next_dagrun for example_skip_dag to 2025-02-05T16:08:32.175017+00:00, run_after=2025-02-06T16:08:32.175017+00:00
[2025-02-06T16:08:32.189+0000] {processor.py:179} INFO - Processing /home/airflow/.local/lib/python3.8/site-packages/airflow/example_dags/example_skip_dag.py took 0.058 seconds
[2025-02-06T16:09:05.093+0000] {processor.py:157} INFO - Started process (PID=1182) to work on /home/airflow/.local/lib/python3.8/site-packages/airflow/example_dags/example_skip_dag.py
[2025-02-06T16:09:05.094+0000] {processor.py:829} INFO - Processing file /home/airflow/.local/lib/python3.8/site-packages/airflow/example_dags/example_skip_dag.py for tasks to queue
[2025-02-06T16:09:05.094+0000] {logging_mixin.py:151} INFO - [2025-02-06T16:09:05.094+0000] {dagbag.py:539} INFO - Filling up the DagBag from /home/airflow/.local/lib/python3.8/site-packages/airflow/example_dags/example_skip_dag.py
[2025-02-06T16:09:05.101+0000] {processor.py:839} INFO - DAG(s) dict_keys(['example_skip_dag']) retrieved from /home/airflow/.local/lib/python3.8/site-packages/airflow/example_dags/example_skip_dag.py
[2025-02-06T16:09:05.119+0000] {logging_mixin.py:151} INFO - [2025-02-06T16:09:05.119+0000] {dag.py:2915} INFO - Sync 1 DAGs
[2025-02-06T16:09:05.137+0000] {logging_mixin.py:151} INFO - [2025-02-06T16:09:05.137+0000] {dag.py:3696} INFO - Setting next_dagrun for example_skip_dag to 2025-02-05T16:09:05.137428+00:00, run_after=2025-02-06T16:09:05.137428+00:00
[2025-02-06T16:09:05.154+0000] {processor.py:179} INFO - Processing /home/airflow/.local/lib/python3.8/site-packages/airflow/example_dags/example_skip_dag.py took 0.064 seconds
[2025-02-06T16:09:38.364+0000] {processor.py:157} INFO - Started process (PID=1443) to work on /home/airflow/.local/lib/python3.8/site-packages/airflow/example_dags/example_skip_dag.py
[2025-02-06T16:09:38.365+0000] {processor.py:829} INFO - Processing file /home/airflow/.local/lib/python3.8/site-packages/airflow/example_dags/example_skip_dag.py for tasks to queue
[2025-02-06T16:09:38.366+0000] {logging_mixin.py:151} INFO - [2025-02-06T16:09:38.365+0000] {dagbag.py:539} INFO - Filling up the DagBag from /home/airflow/.local/lib/python3.8/site-packages/airflow/example_dags/example_skip_dag.py
[2025-02-06T16:09:38.371+0000] {processor.py:839} INFO - DAG(s) dict_keys(['example_skip_dag']) retrieved from /home/airflow/.local/lib/python3.8/site-packages/airflow/example_dags/example_skip_dag.py
[2025-02-06T16:09:38.390+0000] {logging_mixin.py:151} INFO - [2025-02-06T16:09:38.389+0000] {dag.py:2915} INFO - Sync 1 DAGs
[2025-02-06T16:09:38.407+0000] {logging_mixin.py:151} INFO - [2025-02-06T16:09:38.406+0000] {dag.py:3696} INFO - Setting next_dagrun for example_skip_dag to 2025-02-05T16:09:38.406677+00:00, run_after=2025-02-06T16:09:38.406677+00:00
[2025-02-06T16:09:38.424+0000] {processor.py:179} INFO - Processing /home/airflow/.local/lib/python3.8/site-packages/airflow/example_dags/example_skip_dag.py took 0.062 seconds
[2025-02-06T16:10:10.756+0000] {processor.py:157} INFO - Started process (PID=1704) to work on /home/airflow/.local/lib/python3.8/site-packages/airflow/example_dags/example_skip_dag.py
[2025-02-06T16:10:10.757+0000] {processor.py:829} INFO - Processing file /home/airflow/.local/lib/python3.8/site-packages/airflow/example_dags/example_skip_dag.py for tasks to queue
[2025-02-06T16:10:10.758+0000] {logging_mixin.py:151} INFO - [2025-02-06T16:10:10.758+0000] {dagbag.py:539} INFO - Filling up the DagBag from /home/airflow/.local/lib/python3.8/site-packages/airflow/example_dags/example_skip_dag.py
[2025-02-06T16:10:10.764+0000] {processor.py:839} INFO - DAG(s) dict_keys(['example_skip_dag']) retrieved from /home/airflow/.local/lib/python3.8/site-packages/airflow/example_dags/example_skip_dag.py
[2025-02-06T16:10:10.784+0000] {logging_mixin.py:151} INFO - [2025-02-06T16:10:10.783+0000] {dag.py:2915} INFO - Sync 1 DAGs
[2025-02-06T16:10:10.802+0000] {logging_mixin.py:151} INFO - [2025-02-06T16:10:10.802+0000] {dag.py:3696} INFO - Setting next_dagrun for example_skip_dag to 2025-02-05T16:10:10.802509+00:00, run_after=2025-02-06T16:10:10.802509+00:00
[2025-02-06T16:10:10.818+0000] {processor.py:179} INFO - Processing /home/airflow/.local/lib/python3.8/site-packages/airflow/example_dags/example_skip_dag.py took 0.065 seconds
[2025-02-06T16:10:43.529+0000] {processor.py:157} INFO - Started process (PID=1965) to work on /home/airflow/.local/lib/python3.8/site-packages/airflow/example_dags/example_skip_dag.py
[2025-02-06T16:10:43.530+0000] {processor.py:829} INFO - Processing file /home/airflow/.local/lib/python3.8/site-packages/airflow/example_dags/example_skip_dag.py for tasks to queue
[2025-02-06T16:10:43.531+0000] {logging_mixin.py:151} INFO - [2025-02-06T16:10:43.530+0000] {dagbag.py:539} INFO - Filling up the DagBag from /home/airflow/.local/lib/python3.8/site-packages/airflow/example_dags/example_skip_dag.py
[2025-02-06T16:10:43.537+0000] {processor.py:839} INFO - DAG(s) dict_keys(['example_skip_dag']) retrieved from /home/airflow/.local/lib/python3.8/site-packages/airflow/example_dags/example_skip_dag.py
[2025-02-06T16:10:43.557+0000] {logging_mixin.py:151} INFO - [2025-02-06T16:10:43.557+0000] {dag.py:2915} INFO - Sync 1 DAGs
[2025-02-06T16:10:43.575+0000] {logging_mixin.py:151} INFO - [2025-02-06T16:10:43.575+0000] {dag.py:3696} INFO - Setting next_dagrun for example_skip_dag to 2025-02-05T16:10:43.574883+00:00, run_after=2025-02-06T16:10:43.574883+00:00
[2025-02-06T16:10:43.590+0000] {processor.py:179} INFO - Processing /home/airflow/.local/lib/python3.8/site-packages/airflow/example_dags/example_skip_dag.py took 0.063 seconds
[2025-02-06T16:11:16.165+0000] {processor.py:157} INFO - Started process (PID=2226) to work on /home/airflow/.local/lib/python3.8/site-packages/airflow/example_dags/example_skip_dag.py
[2025-02-06T16:11:16.166+0000] {processor.py:829} INFO - Processing file /home/airflow/.local/lib/python3.8/site-packages/airflow/example_dags/example_skip_dag.py for tasks to queue
[2025-02-06T16:11:16.167+0000] {logging_mixin.py:151} INFO - [2025-02-06T16:11:16.166+0000] {dagbag.py:539} INFO - Filling up the DagBag from /home/airflow/.local/lib/python3.8/site-packages/airflow/example_dags/example_skip_dag.py
[2025-02-06T16:11:16.173+0000] {processor.py:839} INFO - DAG(s) dict_keys(['example_skip_dag']) retrieved from /home/airflow/.local/lib/python3.8/site-packages/airflow/example_dags/example_skip_dag.py
[2025-02-06T16:11:16.191+0000] {logging_mixin.py:151} INFO - [2025-02-06T16:11:16.191+0000] {dag.py:2915} INFO - Sync 1 DAGs
[2025-02-06T16:11:16.208+0000] {logging_mixin.py:151} INFO - [2025-02-06T16:11:16.208+0000] {dag.py:3696} INFO - Setting next_dagrun for example_skip_dag to 2025-02-05T16:11:16.208327+00:00, run_after=2025-02-06T16:11:16.208327+00:00
[2025-02-06T16:11:16.223+0000] {processor.py:179} INFO - Processing /home/airflow/.local/lib/python3.8/site-packages/airflow/example_dags/example_skip_dag.py took 0.061 seconds
[2025-02-06T16:11:49.088+0000] {processor.py:157} INFO - Started process (PID=2487) to work on /home/airflow/.local/lib/python3.8/site-packages/airflow/example_dags/example_skip_dag.py
[2025-02-06T16:11:49.089+0000] {processor.py:829} INFO - Processing file /home/airflow/.local/lib/python3.8/site-packages/airflow/example_dags/example_skip_dag.py for tasks to queue
[2025-02-06T16:11:49.089+0000] {logging_mixin.py:151} INFO - [2025-02-06T16:11:49.089+0000] {dagbag.py:539} INFO - Filling up the DagBag from /home/airflow/.local/lib/python3.8/site-packages/airflow/example_dags/example_skip_dag.py
[2025-02-06T16:11:49.096+0000] {processor.py:839} INFO - DAG(s) dict_keys(['example_skip_dag']) retrieved from /home/airflow/.local/lib/python3.8/site-packages/airflow/example_dags/example_skip_dag.py
[2025-02-06T16:11:49.115+0000] {logging_mixin.py:151} INFO - [2025-02-06T16:11:49.115+0000] {dag.py:2915} INFO - Sync 1 DAGs
[2025-02-06T16:11:49.133+0000] {logging_mixin.py:151} INFO - [2025-02-06T16:11:49.133+0000] {dag.py:3696} INFO - Setting next_dagrun for example_skip_dag to 2025-02-05T16:11:49.133283+00:00, run_after=2025-02-06T16:11:49.133283+00:00
[2025-02-06T16:11:49.148+0000] {processor.py:179} INFO - Processing /home/airflow/.local/lib/python3.8/site-packages/airflow/example_dags/example_skip_dag.py took 0.063 seconds
[2025-02-06T16:12:22.490+0000] {processor.py:157} INFO - Started process (PID=2748) to work on /home/airflow/.local/lib/python3.8/site-packages/airflow/example_dags/example_skip_dag.py
[2025-02-06T16:12:22.490+0000] {processor.py:829} INFO - Processing file /home/airflow/.local/lib/python3.8/site-packages/airflow/example_dags/example_skip_dag.py for tasks to queue
[2025-02-06T16:12:22.491+0000] {logging_mixin.py:151} INFO - [2025-02-06T16:12:22.491+0000] {dagbag.py:539} INFO - Filling up the DagBag from /home/airflow/.local/lib/python3.8/site-packages/airflow/example_dags/example_skip_dag.py
[2025-02-06T16:12:22.496+0000] {processor.py:839} INFO - DAG(s) dict_keys(['example_skip_dag']) retrieved from /home/airflow/.local/lib/python3.8/site-packages/airflow/example_dags/example_skip_dag.py
[2025-02-06T16:12:22.514+0000] {logging_mixin.py:151} INFO - [2025-02-06T16:12:22.514+0000] {dag.py:2915} INFO - Sync 1 DAGs
[2025-02-06T16:12:22.532+0000] {logging_mixin.py:151} INFO - [2025-02-06T16:12:22.531+0000] {dag.py:3696} INFO - Setting next_dagrun for example_skip_dag to 2025-02-05T16:12:22.531596+00:00, run_after=2025-02-06T16:12:22.531596+00:00
[2025-02-06T16:12:22.547+0000] {processor.py:179} INFO - Processing /home/airflow/.local/lib/python3.8/site-packages/airflow/example_dags/example_skip_dag.py took 0.060 seconds
[2025-02-06T16:12:54.727+0000] {processor.py:157} INFO - Started process (PID=3014) to work on /home/airflow/.local/lib/python3.8/site-packages/airflow/example_dags/example_skip_dag.py
[2025-02-06T16:12:54.728+0000] {processor.py:829} INFO - Processing file /home/airflow/.local/lib/python3.8/site-packages/airflow/example_dags/example_skip_dag.py for tasks to queue
[2025-02-06T16:12:54.729+0000] {logging_mixin.py:151} INFO - [2025-02-06T16:12:54.729+0000] {dagbag.py:539} INFO - Filling up the DagBag from /home/airflow/.local/lib/python3.8/site-packages/airflow/example_dags/example_skip_dag.py
[2025-02-06T16:12:54.735+0000] {processor.py:839} INFO - DAG(s) dict_keys(['example_skip_dag']) retrieved from /home/airflow/.local/lib/python3.8/site-packages/airflow/example_dags/example_skip_dag.py
[2025-02-06T16:12:54.753+0000] {logging_mixin.py:151} INFO - [2025-02-06T16:12:54.753+0000] {dag.py:2915} INFO - Sync 1 DAGs
[2025-02-06T16:12:54.771+0000] {logging_mixin.py:151} INFO - [2025-02-06T16:12:54.771+0000] {dag.py:3696} INFO - Setting next_dagrun for example_skip_dag to 2025-02-05T16:12:54.771518+00:00, run_after=2025-02-06T16:12:54.771518+00:00
[2025-02-06T16:12:54.786+0000] {processor.py:179} INFO - Processing /home/airflow/.local/lib/python3.8/site-packages/airflow/example_dags/example_skip_dag.py took 0.061 seconds
[2025-02-06T16:13:27.297+0000] {processor.py:157} INFO - Started process (PID=3275) to work on /home/airflow/.local/lib/python3.8/site-packages/airflow/example_dags/example_skip_dag.py
[2025-02-06T16:13:27.298+0000] {processor.py:829} INFO - Processing file /home/airflow/.local/lib/python3.8/site-packages/airflow/example_dags/example_skip_dag.py for tasks to queue
[2025-02-06T16:13:27.299+0000] {logging_mixin.py:151} INFO - [2025-02-06T16:13:27.299+0000] {dagbag.py:539} INFO - Filling up the DagBag from /home/airflow/.local/lib/python3.8/site-packages/airflow/example_dags/example_skip_dag.py
[2025-02-06T16:13:27.305+0000] {processor.py:839} INFO - DAG(s) dict_keys(['example_skip_dag']) retrieved from /home/airflow/.local/lib/python3.8/site-packages/airflow/example_dags/example_skip_dag.py
[2025-02-06T16:13:27.324+0000] {logging_mixin.py:151} INFO - [2025-02-06T16:13:27.324+0000] {dag.py:2915} INFO - Sync 1 DAGs
[2025-02-06T16:13:27.354+0000] {logging_mixin.py:151} INFO - [2025-02-06T16:13:27.353+0000] {dag.py:3696} INFO - Setting next_dagrun for example_skip_dag to 2025-02-05T16:13:27.353432+00:00, run_after=2025-02-06T16:13:27.353432+00:00
[2025-02-06T16:13:27.380+0000] {processor.py:179} INFO - Processing /home/airflow/.local/lib/python3.8/site-packages/airflow/example_dags/example_skip_dag.py took 0.085 seconds
[2025-02-06T16:14:00.469+0000] {processor.py:157} INFO - Started process (PID=3536) to work on /home/airflow/.local/lib/python3.8/site-packages/airflow/example_dags/example_skip_dag.py
[2025-02-06T16:14:00.470+0000] {processor.py:829} INFO - Processing file /home/airflow/.local/lib/python3.8/site-packages/airflow/example_dags/example_skip_dag.py for tasks to queue
[2025-02-06T16:14:00.470+0000] {logging_mixin.py:151} INFO - [2025-02-06T16:14:00.470+0000] {dagbag.py:539} INFO - Filling up the DagBag from /home/airflow/.local/lib/python3.8/site-packages/airflow/example_dags/example_skip_dag.py
[2025-02-06T16:14:00.477+0000] {processor.py:839} INFO - DAG(s) dict_keys(['example_skip_dag']) retrieved from /home/airflow/.local/lib/python3.8/site-packages/airflow/example_dags/example_skip_dag.py
[2025-02-06T16:14:00.497+0000] {logging_mixin.py:151} INFO - [2025-02-06T16:14:00.497+0000] {dag.py:2915} INFO - Sync 1 DAGs
[2025-02-06T16:14:00.520+0000] {logging_mixin.py:151} INFO - [2025-02-06T16:14:00.519+0000] {dag.py:3696} INFO - Setting next_dagrun for example_skip_dag to 2025-02-05T16:14:00.519692+00:00, run_after=2025-02-06T16:14:00.519692+00:00
[2025-02-06T16:14:00.540+0000] {processor.py:179} INFO - Processing /home/airflow/.local/lib/python3.8/site-packages/airflow/example_dags/example_skip_dag.py took 0.074 seconds
[2025-02-06T16:14:32.775+0000] {processor.py:157} INFO - Started process (PID=3797) to work on /home/airflow/.local/lib/python3.8/site-packages/airflow/example_dags/example_skip_dag.py
[2025-02-06T16:14:32.776+0000] {processor.py:829} INFO - Processing file /home/airflow/.local/lib/python3.8/site-packages/airflow/example_dags/example_skip_dag.py for tasks to queue
[2025-02-06T16:14:32.777+0000] {logging_mixin.py:151} INFO - [2025-02-06T16:14:32.777+0000] {dagbag.py:539} INFO - Filling up the DagBag from /home/airflow/.local/lib/python3.8/site-packages/airflow/example_dags/example_skip_dag.py
[2025-02-06T16:14:32.783+0000] {processor.py:839} INFO - DAG(s) dict_keys(['example_skip_dag']) retrieved from /home/airflow/.local/lib/python3.8/site-packages/airflow/example_dags/example_skip_dag.py
[2025-02-06T16:14:32.803+0000] {logging_mixin.py:151} INFO - [2025-02-06T16:14:32.802+0000] {dag.py:2915} INFO - Sync 1 DAGs
[2025-02-06T16:14:32.821+0000] {logging_mixin.py:151} INFO - [2025-02-06T16:14:32.821+0000] {dag.py:3696} INFO - Setting next_dagrun for example_skip_dag to 2025-02-05T16:14:32.821240+00:00, run_after=2025-02-06T16:14:32.821240+00:00
[2025-02-06T16:14:32.837+0000] {processor.py:179} INFO - Processing /home/airflow/.local/lib/python3.8/site-packages/airflow/example_dags/example_skip_dag.py took 0.064 seconds
[2025-02-06T16:15:06.631+0000] {processor.py:157} INFO - Started process (PID=4075) to work on /home/airflow/.local/lib/python3.8/site-packages/airflow/example_dags/example_skip_dag.py
[2025-02-06T16:15:06.633+0000] {processor.py:829} INFO - Processing file /home/airflow/.local/lib/python3.8/site-packages/airflow/example_dags/example_skip_dag.py for tasks to queue
[2025-02-06T16:15:06.633+0000] {logging_mixin.py:151} INFO - [2025-02-06T16:15:06.633+0000] {dagbag.py:539} INFO - Filling up the DagBag from /home/airflow/.local/lib/python3.8/site-packages/airflow/example_dags/example_skip_dag.py
[2025-02-06T16:15:06.639+0000] {processor.py:839} INFO - DAG(s) dict_keys(['example_skip_dag']) retrieved from /home/airflow/.local/lib/python3.8/site-packages/airflow/example_dags/example_skip_dag.py
[2025-02-06T16:15:06.655+0000] {logging_mixin.py:151} INFO - [2025-02-06T16:15:06.654+0000] {dag.py:2915} INFO - Sync 1 DAGs
[2025-02-06T16:15:06.673+0000] {logging_mixin.py:151} INFO - [2025-02-06T16:15:06.673+0000] {dag.py:3696} INFO - Setting next_dagrun for example_skip_dag to 2025-02-05T16:15:06.673424+00:00, run_after=2025-02-06T16:15:06.673424+00:00
[2025-02-06T16:15:06.687+0000] {processor.py:179} INFO - Processing /home/airflow/.local/lib/python3.8/site-packages/airflow/example_dags/example_skip_dag.py took 0.058 seconds
[2025-02-06T16:15:39.103+0000] {processor.py:157} INFO - Started process (PID=4336) to work on /home/airflow/.local/lib/python3.8/site-packages/airflow/example_dags/example_skip_dag.py
[2025-02-06T16:15:39.104+0000] {processor.py:829} INFO - Processing file /home/airflow/.local/lib/python3.8/site-packages/airflow/example_dags/example_skip_dag.py for tasks to queue
[2025-02-06T16:15:39.105+0000] {logging_mixin.py:151} INFO - [2025-02-06T16:15:39.105+0000] {dagbag.py:539} INFO - Filling up the DagBag from /home/airflow/.local/lib/python3.8/site-packages/airflow/example_dags/example_skip_dag.py
[2025-02-06T16:15:39.112+0000] {processor.py:839} INFO - DAG(s) dict_keys(['example_skip_dag']) retrieved from /home/airflow/.local/lib/python3.8/site-packages/airflow/example_dags/example_skip_dag.py
[2025-02-06T16:15:39.133+0000] {logging_mixin.py:151} INFO - [2025-02-06T16:15:39.132+0000] {dag.py:2915} INFO - Sync 1 DAGs
[2025-02-06T16:15:39.154+0000] {logging_mixin.py:151} INFO - [2025-02-06T16:15:39.153+0000] {dag.py:3696} INFO - Setting next_dagrun for example_skip_dag to 2025-02-05T16:15:39.153720+00:00, run_after=2025-02-06T16:15:39.153720+00:00
[2025-02-06T16:15:39.171+0000] {processor.py:179} INFO - Processing /home/airflow/.local/lib/python3.8/site-packages/airflow/example_dags/example_skip_dag.py took 0.071 seconds
[2025-02-06T16:16:11.811+0000] {processor.py:157} INFO - Started process (PID=4602) to work on /home/airflow/.local/lib/python3.8/site-packages/airflow/example_dags/example_skip_dag.py
[2025-02-06T16:16:11.812+0000] {processor.py:829} INFO - Processing file /home/airflow/.local/lib/python3.8/site-packages/airflow/example_dags/example_skip_dag.py for tasks to queue
[2025-02-06T16:16:11.813+0000] {logging_mixin.py:151} INFO - [2025-02-06T16:16:11.813+0000] {dagbag.py:539} INFO - Filling up the DagBag from /home/airflow/.local/lib/python3.8/site-packages/airflow/example_dags/example_skip_dag.py
[2025-02-06T16:16:11.819+0000] {processor.py:839} INFO - DAG(s) dict_keys(['example_skip_dag']) retrieved from /home/airflow/.local/lib/python3.8/site-packages/airflow/example_dags/example_skip_dag.py
[2025-02-06T16:16:11.842+0000] {logging_mixin.py:151} INFO - [2025-02-06T16:16:11.842+0000] {dag.py:2915} INFO - Sync 1 DAGs
[2025-02-06T16:16:11.860+0000] {logging_mixin.py:151} INFO - [2025-02-06T16:16:11.859+0000] {dag.py:3696} INFO - Setting next_dagrun for example_skip_dag to 2025-02-05T16:16:11.859694+00:00, run_after=2025-02-06T16:16:11.859694+00:00
[2025-02-06T16:16:11.876+0000] {processor.py:179} INFO - Processing /home/airflow/.local/lib/python3.8/site-packages/airflow/example_dags/example_skip_dag.py took 0.067 seconds
[2025-02-06T16:16:45.652+0000] {processor.py:157} INFO - Started process (PID=4914) to work on /home/airflow/.local/lib/python3.8/site-packages/airflow/example_dags/example_skip_dag.py
[2025-02-06T16:16:45.653+0000] {processor.py:829} INFO - Processing file /home/airflow/.local/lib/python3.8/site-packages/airflow/example_dags/example_skip_dag.py for tasks to queue
[2025-02-06T16:16:45.654+0000] {logging_mixin.py:151} INFO - [2025-02-06T16:16:45.654+0000] {dagbag.py:539} INFO - Filling up the DagBag from /home/airflow/.local/lib/python3.8/site-packages/airflow/example_dags/example_skip_dag.py
[2025-02-06T16:16:45.659+0000] {processor.py:839} INFO - DAG(s) dict_keys(['example_skip_dag']) retrieved from /home/airflow/.local/lib/python3.8/site-packages/airflow/example_dags/example_skip_dag.py
[2025-02-06T16:16:45.677+0000] {logging_mixin.py:151} INFO - [2025-02-06T16:16:45.676+0000] {dag.py:2915} INFO - Sync 1 DAGs
[2025-02-06T16:16:45.694+0000] {logging_mixin.py:151} INFO - [2025-02-06T16:16:45.693+0000] {dag.py:3696} INFO - Setting next_dagrun for example_skip_dag to 2025-02-05T16:16:45.693405+00:00, run_after=2025-02-06T16:16:45.693405+00:00
[2025-02-06T16:16:45.707+0000] {processor.py:179} INFO - Processing /home/airflow/.local/lib/python3.8/site-packages/airflow/example_dags/example_skip_dag.py took 0.057 seconds
[2025-02-06T16:17:18.474+0000] {processor.py:157} INFO - Started process (PID=5180) to work on /home/airflow/.local/lib/python3.8/site-packages/airflow/example_dags/example_skip_dag.py
[2025-02-06T16:17:18.475+0000] {processor.py:829} INFO - Processing file /home/airflow/.local/lib/python3.8/site-packages/airflow/example_dags/example_skip_dag.py for tasks to queue
[2025-02-06T16:17:18.476+0000] {logging_mixin.py:151} INFO - [2025-02-06T16:17:18.476+0000] {dagbag.py:539} INFO - Filling up the DagBag from /home/airflow/.local/lib/python3.8/site-packages/airflow/example_dags/example_skip_dag.py
[2025-02-06T16:17:18.482+0000] {processor.py:839} INFO - DAG(s) dict_keys(['example_skip_dag']) retrieved from /home/airflow/.local/lib/python3.8/site-packages/airflow/example_dags/example_skip_dag.py
[2025-02-06T16:17:18.505+0000] {logging_mixin.py:151} INFO - [2025-02-06T16:17:18.504+0000] {dag.py:2915} INFO - Sync 1 DAGs
[2025-02-06T16:17:18.531+0000] {logging_mixin.py:151} INFO - [2025-02-06T16:17:18.531+0000] {dag.py:3696} INFO - Setting next_dagrun for example_skip_dag to 2025-02-05T16:17:18.530742+00:00, run_after=2025-02-06T16:17:18.530742+00:00
[2025-02-06T16:17:18.549+0000] {processor.py:179} INFO - Processing /home/airflow/.local/lib/python3.8/site-packages/airflow/example_dags/example_skip_dag.py took 0.077 seconds
[2025-02-06T16:17:50.620+0000] {processor.py:157} INFO - Started process (PID=5441) to work on /home/airflow/.local/lib/python3.8/site-packages/airflow/example_dags/example_skip_dag.py
[2025-02-06T16:17:50.622+0000] {processor.py:829} INFO - Processing file /home/airflow/.local/lib/python3.8/site-packages/airflow/example_dags/example_skip_dag.py for tasks to queue
[2025-02-06T16:17:50.622+0000] {logging_mixin.py:151} INFO - [2025-02-06T16:17:50.622+0000] {dagbag.py:539} INFO - Filling up the DagBag from /home/airflow/.local/lib/python3.8/site-packages/airflow/example_dags/example_skip_dag.py
[2025-02-06T16:17:50.627+0000] {processor.py:839} INFO - DAG(s) dict_keys(['example_skip_dag']) retrieved from /home/airflow/.local/lib/python3.8/site-packages/airflow/example_dags/example_skip_dag.py
[2025-02-06T16:17:50.646+0000] {logging_mixin.py:151} INFO - [2025-02-06T16:17:50.645+0000] {dag.py:2915} INFO - Sync 1 DAGs
[2025-02-06T16:17:50.663+0000] {logging_mixin.py:151} INFO - [2025-02-06T16:17:50.662+0000] {dag.py:3696} INFO - Setting next_dagrun for example_skip_dag to 2025-02-05T16:17:50.662701+00:00, run_after=2025-02-06T16:17:50.662701+00:00
[2025-02-06T16:17:50.678+0000] {processor.py:179} INFO - Processing /home/airflow/.local/lib/python3.8/site-packages/airflow/example_dags/example_skip_dag.py took 0.060 seconds
[2025-02-06T16:18:23.418+0000] {processor.py:157} INFO - Started process (PID=5702) to work on /home/airflow/.local/lib/python3.8/site-packages/airflow/example_dags/example_skip_dag.py
[2025-02-06T16:18:23.419+0000] {processor.py:829} INFO - Processing file /home/airflow/.local/lib/python3.8/site-packages/airflow/example_dags/example_skip_dag.py for tasks to queue
[2025-02-06T16:18:23.419+0000] {logging_mixin.py:151} INFO - [2025-02-06T16:18:23.419+0000] {dagbag.py:539} INFO - Filling up the DagBag from /home/airflow/.local/lib/python3.8/site-packages/airflow/example_dags/example_skip_dag.py
[2025-02-06T16:18:23.425+0000] {processor.py:839} INFO - DAG(s) dict_keys(['example_skip_dag']) retrieved from /home/airflow/.local/lib/python3.8/site-packages/airflow/example_dags/example_skip_dag.py
[2025-02-06T16:18:23.443+0000] {logging_mixin.py:151} INFO - [2025-02-06T16:18:23.443+0000] {dag.py:2915} INFO - Sync 1 DAGs
[2025-02-06T16:18:23.464+0000] {logging_mixin.py:151} INFO - [2025-02-06T16:18:23.463+0000] {dag.py:3696} INFO - Setting next_dagrun for example_skip_dag to 2025-02-05T16:18:23.463473+00:00, run_after=2025-02-06T16:18:23.463473+00:00
[2025-02-06T16:18:23.481+0000] {processor.py:179} INFO - Processing /home/airflow/.local/lib/python3.8/site-packages/airflow/example_dags/example_skip_dag.py took 0.066 seconds
[2025-02-06T16:18:56.070+0000] {processor.py:157} INFO - Started process (PID=5963) to work on /home/airflow/.local/lib/python3.8/site-packages/airflow/example_dags/example_skip_dag.py
[2025-02-06T16:18:56.071+0000] {processor.py:829} INFO - Processing file /home/airflow/.local/lib/python3.8/site-packages/airflow/example_dags/example_skip_dag.py for tasks to queue
[2025-02-06T16:18:56.072+0000] {logging_mixin.py:151} INFO - [2025-02-06T16:18:56.072+0000] {dagbag.py:539} INFO - Filling up the DagBag from /home/airflow/.local/lib/python3.8/site-packages/airflow/example_dags/example_skip_dag.py
[2025-02-06T16:18:56.078+0000] {processor.py:839} INFO - DAG(s) dict_keys(['example_skip_dag']) retrieved from /home/airflow/.local/lib/python3.8/site-packages/airflow/example_dags/example_skip_dag.py
[2025-02-06T16:18:56.102+0000] {logging_mixin.py:151} INFO - [2025-02-06T16:18:56.102+0000] {dag.py:2915} INFO - Sync 1 DAGs
[2025-02-06T16:18:56.123+0000] {logging_mixin.py:151} INFO - [2025-02-06T16:18:56.123+0000] {dag.py:3696} INFO - Setting next_dagrun for example_skip_dag to 2025-02-05T16:18:56.123252+00:00, run_after=2025-02-06T16:18:56.123252+00:00
[2025-02-06T16:18:56.146+0000] {processor.py:179} INFO - Processing /home/airflow/.local/lib/python3.8/site-packages/airflow/example_dags/example_skip_dag.py took 0.078 seconds
