[2025-02-06T15:19:05.595+0000] {processor.py:186} INFO - Started process (PID=386) to work on /home/airflow/.local/lib/python3.12/site-packages/airflow/example_dags/example_params_ui_tutorial.py
[2025-02-06T15:19:05.596+0000] {processor.py:914} INFO - Processing file /home/airflow/.local/lib/python3.12/site-packages/airflow/example_dags/example_params_ui_tutorial.py for tasks to queue
[2025-02-06T15:19:05.597+0000] {logging_mixin.py:190} INFO - [2025-02-06T15:19:05.597+0000] {dagbag.py:588} INFO - Filling up the DagBag from /home/airflow/.local/lib/python3.12/site-packages/airflow/example_dags/example_params_ui_tutorial.py
[2025-02-06T15:19:05.605+0000] {processor.py:925} INFO - DAG(s) 'example_params_ui_tutorial' retrieved from /home/airflow/.local/lib/python3.12/site-packages/airflow/example_dags/example_params_ui_tutorial.py
[2025-02-06T15:19:05.712+0000] {logging_mixin.py:190} INFO - [2025-02-06T15:19:05.712+0000] {dag.py:3239} INFO - Sync 1 DAGs
[2025-02-06T15:19:05.725+0000] {logging_mixin.py:190} INFO - [2025-02-06T15:19:05.724+0000] {dag.py:4180} INFO - Setting next_dagrun for example_params_ui_tutorial to None, run_after=None
[2025-02-06T15:19:05.741+0000] {processor.py:208} INFO - Processing /home/airflow/.local/lib/python3.12/site-packages/airflow/example_dags/example_params_ui_tutorial.py took 0.151 seconds
[2025-02-06T15:19:35.962+0000] {processor.py:186} INFO - Started process (PID=694) to work on /home/airflow/.local/lib/python3.12/site-packages/airflow/example_dags/example_params_ui_tutorial.py
[2025-02-06T15:19:35.963+0000] {processor.py:914} INFO - Processing file /home/airflow/.local/lib/python3.12/site-packages/airflow/example_dags/example_params_ui_tutorial.py for tasks to queue
[2025-02-06T15:19:35.964+0000] {logging_mixin.py:190} INFO - [2025-02-06T15:19:35.964+0000] {dagbag.py:588} INFO - Filling up the DagBag from /home/airflow/.local/lib/python3.12/site-packages/airflow/example_dags/example_params_ui_tutorial.py
[2025-02-06T15:19:35.971+0000] {processor.py:925} INFO - DAG(s) 'example_params_ui_tutorial' retrieved from /home/airflow/.local/lib/python3.12/site-packages/airflow/example_dags/example_params_ui_tutorial.py
[2025-02-06T15:19:36.006+0000] {logging_mixin.py:190} INFO - [2025-02-06T15:19:36.006+0000] {dag.py:3239} INFO - Sync 1 DAGs
[2025-02-06T15:19:36.018+0000] {logging_mixin.py:190} INFO - [2025-02-06T15:19:36.017+0000] {dag.py:4180} INFO - Setting next_dagrun for example_params_ui_tutorial to None, run_after=None
[2025-02-06T15:19:36.031+0000] {processor.py:208} INFO - Processing /home/airflow/.local/lib/python3.12/site-packages/airflow/example_dags/example_params_ui_tutorial.py took 0.073 seconds
[2025-02-06T15:20:07.019+0000] {processor.py:186} INFO - Started process (PID=994) to work on /home/airflow/.local/lib/python3.12/site-packages/airflow/example_dags/example_params_ui_tutorial.py
[2025-02-06T15:20:07.022+0000] {processor.py:914} INFO - Processing file /home/airflow/.local/lib/python3.12/site-packages/airflow/example_dags/example_params_ui_tutorial.py for tasks to queue
[2025-02-06T15:20:07.023+0000] {logging_mixin.py:190} INFO - [2025-02-06T15:20:07.023+0000] {dagbag.py:588} INFO - Filling up the DagBag from /home/airflow/.local/lib/python3.12/site-packages/airflow/example_dags/example_params_ui_tutorial.py
[2025-02-06T15:20:07.030+0000] {processor.py:925} INFO - DAG(s) 'example_params_ui_tutorial' retrieved from /home/airflow/.local/lib/python3.12/site-packages/airflow/example_dags/example_params_ui_tutorial.py
[2025-02-06T15:20:07.065+0000] {logging_mixin.py:190} INFO - [2025-02-06T15:20:07.065+0000] {dag.py:3239} INFO - Sync 1 DAGs
[2025-02-06T15:20:07.077+0000] {logging_mixin.py:190} INFO - [2025-02-06T15:20:07.077+0000] {dag.py:4180} INFO - Setting next_dagrun for example_params_ui_tutorial to None, run_after=None
[2025-02-06T15:20:07.091+0000] {processor.py:208} INFO - Processing /home/airflow/.local/lib/python3.12/site-packages/airflow/example_dags/example_params_ui_tutorial.py took 0.076 seconds
[2025-02-06T15:20:37.555+0000] {processor.py:186} INFO - Started process (PID=1300) to work on /home/airflow/.local/lib/python3.12/site-packages/airflow/example_dags/example_params_ui_tutorial.py
[2025-02-06T15:20:37.556+0000] {processor.py:914} INFO - Processing file /home/airflow/.local/lib/python3.12/site-packages/airflow/example_dags/example_params_ui_tutorial.py for tasks to queue
[2025-02-06T15:20:37.558+0000] {logging_mixin.py:190} INFO - [2025-02-06T15:20:37.557+0000] {dagbag.py:588} INFO - Filling up the DagBag from /home/airflow/.local/lib/python3.12/site-packages/airflow/example_dags/example_params_ui_tutorial.py
[2025-02-06T15:20:37.564+0000] {processor.py:925} INFO - DAG(s) 'example_params_ui_tutorial' retrieved from /home/airflow/.local/lib/python3.12/site-packages/airflow/example_dags/example_params_ui_tutorial.py
[2025-02-06T15:20:37.598+0000] {logging_mixin.py:190} INFO - [2025-02-06T15:20:37.598+0000] {dag.py:3239} INFO - Sync 1 DAGs
[2025-02-06T15:20:37.610+0000] {logging_mixin.py:190} INFO - [2025-02-06T15:20:37.610+0000] {dag.py:4180} INFO - Setting next_dagrun for example_params_ui_tutorial to None, run_after=None
[2025-02-06T15:20:37.623+0000] {processor.py:208} INFO - Processing /home/airflow/.local/lib/python3.12/site-packages/airflow/example_dags/example_params_ui_tutorial.py took 0.072 seconds
[2025-02-06T15:21:08.212+0000] {processor.py:186} INFO - Started process (PID=1606) to work on /home/airflow/.local/lib/python3.12/site-packages/airflow/example_dags/example_params_ui_tutorial.py
[2025-02-06T15:21:08.214+0000] {processor.py:914} INFO - Processing file /home/airflow/.local/lib/python3.12/site-packages/airflow/example_dags/example_params_ui_tutorial.py for tasks to queue
[2025-02-06T15:21:08.217+0000] {logging_mixin.py:190} INFO - [2025-02-06T15:21:08.216+0000] {dagbag.py:588} INFO - Filling up the DagBag from /home/airflow/.local/lib/python3.12/site-packages/airflow/example_dags/example_params_ui_tutorial.py
[2025-02-06T15:21:08.225+0000] {processor.py:925} INFO - DAG(s) 'example_params_ui_tutorial' retrieved from /home/airflow/.local/lib/python3.12/site-packages/airflow/example_dags/example_params_ui_tutorial.py
[2025-02-06T15:21:08.266+0000] {logging_mixin.py:190} INFO - [2025-02-06T15:21:08.266+0000] {dag.py:3239} INFO - Sync 1 DAGs
[2025-02-06T15:21:08.280+0000] {logging_mixin.py:190} INFO - [2025-02-06T15:21:08.280+0000] {dag.py:4180} INFO - Setting next_dagrun for example_params_ui_tutorial to None, run_after=None
[2025-02-06T15:21:08.302+0000] {processor.py:208} INFO - Processing /home/airflow/.local/lib/python3.12/site-packages/airflow/example_dags/example_params_ui_tutorial.py took 0.095 seconds
[2025-02-06T15:21:38.411+0000] {processor.py:186} INFO - Started process (PID=1917) to work on /home/airflow/.local/lib/python3.12/site-packages/airflow/example_dags/example_params_ui_tutorial.py
[2025-02-06T15:21:38.412+0000] {processor.py:914} INFO - Processing file /home/airflow/.local/lib/python3.12/site-packages/airflow/example_dags/example_params_ui_tutorial.py for tasks to queue
[2025-02-06T15:21:38.413+0000] {logging_mixin.py:190} INFO - [2025-02-06T15:21:38.413+0000] {dagbag.py:588} INFO - Filling up the DagBag from /home/airflow/.local/lib/python3.12/site-packages/airflow/example_dags/example_params_ui_tutorial.py
[2025-02-06T15:21:38.419+0000] {processor.py:925} INFO - DAG(s) 'example_params_ui_tutorial' retrieved from /home/airflow/.local/lib/python3.12/site-packages/airflow/example_dags/example_params_ui_tutorial.py
[2025-02-06T15:21:38.455+0000] {logging_mixin.py:190} INFO - [2025-02-06T15:21:38.454+0000] {dag.py:3239} INFO - Sync 1 DAGs
[2025-02-06T15:21:38.465+0000] {logging_mixin.py:190} INFO - [2025-02-06T15:21:38.465+0000] {dag.py:4180} INFO - Setting next_dagrun for example_params_ui_tutorial to None, run_after=None
[2025-02-06T15:21:38.479+0000] {processor.py:208} INFO - Processing /home/airflow/.local/lib/python3.12/site-packages/airflow/example_dags/example_params_ui_tutorial.py took 0.072 seconds
[2025-02-06T15:22:09.216+0000] {processor.py:186} INFO - Started process (PID=2218) to work on /home/airflow/.local/lib/python3.12/site-packages/airflow/example_dags/example_params_ui_tutorial.py
[2025-02-06T15:22:09.217+0000] {processor.py:914} INFO - Processing file /home/airflow/.local/lib/python3.12/site-packages/airflow/example_dags/example_params_ui_tutorial.py for tasks to queue
[2025-02-06T15:22:09.218+0000] {logging_mixin.py:190} INFO - [2025-02-06T15:22:09.218+0000] {dagbag.py:588} INFO - Filling up the DagBag from /home/airflow/.local/lib/python3.12/site-packages/airflow/example_dags/example_params_ui_tutorial.py
[2025-02-06T15:22:09.225+0000] {processor.py:925} INFO - DAG(s) 'example_params_ui_tutorial' retrieved from /home/airflow/.local/lib/python3.12/site-packages/airflow/example_dags/example_params_ui_tutorial.py
[2025-02-06T15:22:09.259+0000] {logging_mixin.py:190} INFO - [2025-02-06T15:22:09.259+0000] {dag.py:3239} INFO - Sync 1 DAGs
[2025-02-06T15:22:09.269+0000] {logging_mixin.py:190} INFO - [2025-02-06T15:22:09.269+0000] {dag.py:4180} INFO - Setting next_dagrun for example_params_ui_tutorial to None, run_after=None
[2025-02-06T15:22:09.282+0000] {processor.py:208} INFO - Processing /home/airflow/.local/lib/python3.12/site-packages/airflow/example_dags/example_params_ui_tutorial.py took 0.070 seconds
[2025-02-06T15:22:40.108+0000] {processor.py:186} INFO - Started process (PID=2524) to work on /home/airflow/.local/lib/python3.12/site-packages/airflow/example_dags/example_params_ui_tutorial.py
[2025-02-06T15:22:40.109+0000] {processor.py:914} INFO - Processing file /home/airflow/.local/lib/python3.12/site-packages/airflow/example_dags/example_params_ui_tutorial.py for tasks to queue
[2025-02-06T15:22:40.112+0000] {logging_mixin.py:190} INFO - [2025-02-06T15:22:40.111+0000] {dagbag.py:588} INFO - Filling up the DagBag from /home/airflow/.local/lib/python3.12/site-packages/airflow/example_dags/example_params_ui_tutorial.py
[2025-02-06T15:22:40.117+0000] {processor.py:925} INFO - DAG(s) 'example_params_ui_tutorial' retrieved from /home/airflow/.local/lib/python3.12/site-packages/airflow/example_dags/example_params_ui_tutorial.py
[2025-02-06T15:22:40.151+0000] {logging_mixin.py:190} INFO - [2025-02-06T15:22:40.150+0000] {dag.py:3239} INFO - Sync 1 DAGs
[2025-02-06T15:22:40.161+0000] {logging_mixin.py:190} INFO - [2025-02-06T15:22:40.161+0000] {dag.py:4180} INFO - Setting next_dagrun for example_params_ui_tutorial to None, run_after=None
[2025-02-06T15:22:40.173+0000] {processor.py:208} INFO - Processing /home/airflow/.local/lib/python3.12/site-packages/airflow/example_dags/example_params_ui_tutorial.py took 0.069 seconds
[2025-02-06T15:23:11.017+0000] {processor.py:186} INFO - Started process (PID=2830) to work on /home/airflow/.local/lib/python3.12/site-packages/airflow/example_dags/example_params_ui_tutorial.py
[2025-02-06T15:23:11.018+0000] {processor.py:914} INFO - Processing file /home/airflow/.local/lib/python3.12/site-packages/airflow/example_dags/example_params_ui_tutorial.py for tasks to queue
[2025-02-06T15:23:11.020+0000] {logging_mixin.py:190} INFO - [2025-02-06T15:23:11.020+0000] {dagbag.py:588} INFO - Filling up the DagBag from /home/airflow/.local/lib/python3.12/site-packages/airflow/example_dags/example_params_ui_tutorial.py
[2025-02-06T15:23:11.026+0000] {processor.py:925} INFO - DAG(s) 'example_params_ui_tutorial' retrieved from /home/airflow/.local/lib/python3.12/site-packages/airflow/example_dags/example_params_ui_tutorial.py
[2025-02-06T15:23:11.058+0000] {logging_mixin.py:190} INFO - [2025-02-06T15:23:11.058+0000] {dag.py:3239} INFO - Sync 1 DAGs
[2025-02-06T15:23:11.069+0000] {logging_mixin.py:190} INFO - [2025-02-06T15:23:11.068+0000] {dag.py:4180} INFO - Setting next_dagrun for example_params_ui_tutorial to None, run_after=None
[2025-02-06T15:23:11.081+0000] {processor.py:208} INFO - Processing /home/airflow/.local/lib/python3.12/site-packages/airflow/example_dags/example_params_ui_tutorial.py took 0.068 seconds
[2025-02-06T15:23:42.253+0000] {processor.py:186} INFO - Started process (PID=3136) to work on /home/airflow/.local/lib/python3.12/site-packages/airflow/example_dags/example_params_ui_tutorial.py
[2025-02-06T15:23:42.254+0000] {processor.py:914} INFO - Processing file /home/airflow/.local/lib/python3.12/site-packages/airflow/example_dags/example_params_ui_tutorial.py for tasks to queue
[2025-02-06T15:23:42.256+0000] {logging_mixin.py:190} INFO - [2025-02-06T15:23:42.255+0000] {dagbag.py:588} INFO - Filling up the DagBag from /home/airflow/.local/lib/python3.12/site-packages/airflow/example_dags/example_params_ui_tutorial.py
[2025-02-06T15:23:42.262+0000] {processor.py:925} INFO - DAG(s) 'example_params_ui_tutorial' retrieved from /home/airflow/.local/lib/python3.12/site-packages/airflow/example_dags/example_params_ui_tutorial.py
[2025-02-06T15:23:42.299+0000] {logging_mixin.py:190} INFO - [2025-02-06T15:23:42.298+0000] {dag.py:3239} INFO - Sync 1 DAGs
[2025-02-06T15:23:42.309+0000] {logging_mixin.py:190} INFO - [2025-02-06T15:23:42.309+0000] {dag.py:4180} INFO - Setting next_dagrun for example_params_ui_tutorial to None, run_after=None
[2025-02-06T15:23:42.322+0000] {processor.py:208} INFO - Processing /home/airflow/.local/lib/python3.12/site-packages/airflow/example_dags/example_params_ui_tutorial.py took 0.072 seconds
[2025-02-06T15:24:12.481+0000] {processor.py:186} INFO - Started process (PID=3440) to work on /home/airflow/.local/lib/python3.12/site-packages/airflow/example_dags/example_params_ui_tutorial.py
[2025-02-06T15:24:12.482+0000] {processor.py:914} INFO - Processing file /home/airflow/.local/lib/python3.12/site-packages/airflow/example_dags/example_params_ui_tutorial.py for tasks to queue
[2025-02-06T15:24:12.484+0000] {logging_mixin.py:190} INFO - [2025-02-06T15:24:12.483+0000] {dagbag.py:588} INFO - Filling up the DagBag from /home/airflow/.local/lib/python3.12/site-packages/airflow/example_dags/example_params_ui_tutorial.py
[2025-02-06T15:24:12.490+0000] {processor.py:925} INFO - DAG(s) 'example_params_ui_tutorial' retrieved from /home/airflow/.local/lib/python3.12/site-packages/airflow/example_dags/example_params_ui_tutorial.py
[2025-02-06T15:24:12.527+0000] {logging_mixin.py:190} INFO - [2025-02-06T15:24:12.526+0000] {dag.py:3239} INFO - Sync 1 DAGs
[2025-02-06T15:24:12.538+0000] {logging_mixin.py:190} INFO - [2025-02-06T15:24:12.538+0000] {dag.py:4180} INFO - Setting next_dagrun for example_params_ui_tutorial to None, run_after=None
[2025-02-06T15:24:12.553+0000] {processor.py:208} INFO - Processing /home/airflow/.local/lib/python3.12/site-packages/airflow/example_dags/example_params_ui_tutorial.py took 0.077 seconds
[2025-02-06T16:07:27.198+0000] {processor.py:157} INFO - Started process (PID=362) to work on /home/airflow/.local/lib/python3.8/site-packages/airflow/example_dags/example_params_ui_tutorial.py
[2025-02-06T16:07:27.199+0000] {processor.py:829} INFO - Processing file /home/airflow/.local/lib/python3.8/site-packages/airflow/example_dags/example_params_ui_tutorial.py for tasks to queue
[2025-02-06T16:07:27.200+0000] {logging_mixin.py:151} INFO - [2025-02-06T16:07:27.199+0000] {dagbag.py:539} INFO - Filling up the DagBag from /home/airflow/.local/lib/python3.8/site-packages/airflow/example_dags/example_params_ui_tutorial.py
[2025-02-06T16:07:27.233+0000] {processor.py:839} INFO - DAG(s) dict_keys(['example_params_ui_tutorial']) retrieved from /home/airflow/.local/lib/python3.8/site-packages/airflow/example_dags/example_params_ui_tutorial.py
[2025-02-06T16:07:27.243+0000] {logging_mixin.py:151} INFO - [2025-02-06T16:07:27.243+0000] {dag.py:2915} INFO - Sync 1 DAGs
[2025-02-06T16:07:27.360+0000] {logging_mixin.py:151} INFO - [2025-02-06T16:07:27.359+0000] {dag.py:2937} INFO - Creating ORM DAG for example_params_ui_tutorial
[2025-02-06T16:07:27.360+0000] {logging_mixin.py:151} INFO - [2025-02-06T16:07:27.360+0000] {dag.py:3696} INFO - Setting next_dagrun for example_params_ui_tutorial to None, run_after=None
[2025-02-06T16:07:27.376+0000] {processor.py:179} INFO - Processing /home/airflow/.local/lib/python3.8/site-packages/airflow/example_dags/example_params_ui_tutorial.py took 0.180 seconds
[2025-02-06T16:07:59.327+0000] {processor.py:157} INFO - Started process (PID=629) to work on /home/airflow/.local/lib/python3.8/site-packages/airflow/example_dags/example_params_ui_tutorial.py
[2025-02-06T16:07:59.328+0000] {processor.py:829} INFO - Processing file /home/airflow/.local/lib/python3.8/site-packages/airflow/example_dags/example_params_ui_tutorial.py for tasks to queue
[2025-02-06T16:07:59.329+0000] {logging_mixin.py:151} INFO - [2025-02-06T16:07:59.328+0000] {dagbag.py:539} INFO - Filling up the DagBag from /home/airflow/.local/lib/python3.8/site-packages/airflow/example_dags/example_params_ui_tutorial.py
[2025-02-06T16:07:59.359+0000] {processor.py:839} INFO - DAG(s) dict_keys(['example_params_ui_tutorial']) retrieved from /home/airflow/.local/lib/python3.8/site-packages/airflow/example_dags/example_params_ui_tutorial.py
[2025-02-06T16:07:59.369+0000] {logging_mixin.py:151} INFO - [2025-02-06T16:07:59.368+0000] {dag.py:2915} INFO - Sync 1 DAGs
[2025-02-06T16:07:59.380+0000] {logging_mixin.py:151} INFO - [2025-02-06T16:07:59.380+0000] {dag.py:3696} INFO - Setting next_dagrun for example_params_ui_tutorial to None, run_after=None
[2025-02-06T16:07:59.394+0000] {processor.py:179} INFO - Processing /home/airflow/.local/lib/python3.8/site-packages/airflow/example_dags/example_params_ui_tutorial.py took 0.069 seconds
[2025-02-06T16:08:31.834+0000] {processor.py:157} INFO - Started process (PID=896) to work on /home/airflow/.local/lib/python3.8/site-packages/airflow/example_dags/example_params_ui_tutorial.py
[2025-02-06T16:08:31.835+0000] {processor.py:829} INFO - Processing file /home/airflow/.local/lib/python3.8/site-packages/airflow/example_dags/example_params_ui_tutorial.py for tasks to queue
[2025-02-06T16:08:31.836+0000] {logging_mixin.py:151} INFO - [2025-02-06T16:08:31.835+0000] {dagbag.py:539} INFO - Filling up the DagBag from /home/airflow/.local/lib/python3.8/site-packages/airflow/example_dags/example_params_ui_tutorial.py
[2025-02-06T16:08:31.865+0000] {processor.py:839} INFO - DAG(s) dict_keys(['example_params_ui_tutorial']) retrieved from /home/airflow/.local/lib/python3.8/site-packages/airflow/example_dags/example_params_ui_tutorial.py
[2025-02-06T16:08:31.916+0000] {logging_mixin.py:151} INFO - [2025-02-06T16:08:31.916+0000] {dag.py:2915} INFO - Sync 1 DAGs
[2025-02-06T16:08:31.933+0000] {logging_mixin.py:151} INFO - [2025-02-06T16:08:31.932+0000] {dag.py:3696} INFO - Setting next_dagrun for example_params_ui_tutorial to None, run_after=None
[2025-02-06T16:08:31.949+0000] {processor.py:179} INFO - Processing /home/airflow/.local/lib/python3.8/site-packages/airflow/example_dags/example_params_ui_tutorial.py took 0.117 seconds
[2025-02-06T16:09:04.588+0000] {processor.py:157} INFO - Started process (PID=1159) to work on /home/airflow/.local/lib/python3.8/site-packages/airflow/example_dags/example_params_ui_tutorial.py
[2025-02-06T16:09:04.589+0000] {processor.py:829} INFO - Processing file /home/airflow/.local/lib/python3.8/site-packages/airflow/example_dags/example_params_ui_tutorial.py for tasks to queue
[2025-02-06T16:09:04.590+0000] {logging_mixin.py:151} INFO - [2025-02-06T16:09:04.590+0000] {dagbag.py:539} INFO - Filling up the DagBag from /home/airflow/.local/lib/python3.8/site-packages/airflow/example_dags/example_params_ui_tutorial.py
[2025-02-06T16:09:04.621+0000] {processor.py:839} INFO - DAG(s) dict_keys(['example_params_ui_tutorial']) retrieved from /home/airflow/.local/lib/python3.8/site-packages/airflow/example_dags/example_params_ui_tutorial.py
[2025-02-06T16:09:04.670+0000] {logging_mixin.py:151} INFO - [2025-02-06T16:09:04.670+0000] {dag.py:2915} INFO - Sync 1 DAGs
[2025-02-06T16:09:04.681+0000] {logging_mixin.py:151} INFO - [2025-02-06T16:09:04.681+0000] {dag.py:3696} INFO - Setting next_dagrun for example_params_ui_tutorial to None, run_after=None
[2025-02-06T16:09:04.707+0000] {processor.py:179} INFO - Processing /home/airflow/.local/lib/python3.8/site-packages/airflow/example_dags/example_params_ui_tutorial.py took 0.121 seconds
[2025-02-06T16:09:38.101+0000] {processor.py:157} INFO - Started process (PID=1420) to work on /home/airflow/.local/lib/python3.8/site-packages/airflow/example_dags/example_params_ui_tutorial.py
[2025-02-06T16:09:38.103+0000] {processor.py:829} INFO - Processing file /home/airflow/.local/lib/python3.8/site-packages/airflow/example_dags/example_params_ui_tutorial.py for tasks to queue
[2025-02-06T16:09:38.103+0000] {logging_mixin.py:151} INFO - [2025-02-06T16:09:38.103+0000] {dagbag.py:539} INFO - Filling up the DagBag from /home/airflow/.local/lib/python3.8/site-packages/airflow/example_dags/example_params_ui_tutorial.py
[2025-02-06T16:09:38.138+0000] {processor.py:839} INFO - DAG(s) dict_keys(['example_params_ui_tutorial']) retrieved from /home/airflow/.local/lib/python3.8/site-packages/airflow/example_dags/example_params_ui_tutorial.py
[2025-02-06T16:09:38.185+0000] {logging_mixin.py:151} INFO - [2025-02-06T16:09:38.185+0000] {dag.py:2915} INFO - Sync 1 DAGs
[2025-02-06T16:09:38.195+0000] {logging_mixin.py:151} INFO - [2025-02-06T16:09:38.195+0000] {dag.py:3696} INFO - Setting next_dagrun for example_params_ui_tutorial to None, run_after=None
[2025-02-06T16:09:38.212+0000] {processor.py:179} INFO - Processing /home/airflow/.local/lib/python3.8/site-packages/airflow/example_dags/example_params_ui_tutorial.py took 0.113 seconds
[2025-02-06T16:10:10.446+0000] {processor.py:157} INFO - Started process (PID=1679) to work on /home/airflow/.local/lib/python3.8/site-packages/airflow/example_dags/example_params_ui_tutorial.py
[2025-02-06T16:10:10.447+0000] {processor.py:829} INFO - Processing file /home/airflow/.local/lib/python3.8/site-packages/airflow/example_dags/example_params_ui_tutorial.py for tasks to queue
[2025-02-06T16:10:10.448+0000] {logging_mixin.py:151} INFO - [2025-02-06T16:10:10.447+0000] {dagbag.py:539} INFO - Filling up the DagBag from /home/airflow/.local/lib/python3.8/site-packages/airflow/example_dags/example_params_ui_tutorial.py
[2025-02-06T16:10:10.478+0000] {processor.py:839} INFO - DAG(s) dict_keys(['example_params_ui_tutorial']) retrieved from /home/airflow/.local/lib/python3.8/site-packages/airflow/example_dags/example_params_ui_tutorial.py
[2025-02-06T16:10:10.525+0000] {logging_mixin.py:151} INFO - [2025-02-06T16:10:10.524+0000] {dag.py:2915} INFO - Sync 1 DAGs
[2025-02-06T16:10:10.534+0000] {logging_mixin.py:151} INFO - [2025-02-06T16:10:10.534+0000] {dag.py:3696} INFO - Setting next_dagrun for example_params_ui_tutorial to None, run_after=None
[2025-02-06T16:10:10.548+0000] {processor.py:179} INFO - Processing /home/airflow/.local/lib/python3.8/site-packages/airflow/example_dags/example_params_ui_tutorial.py took 0.104 seconds
[2025-02-06T16:10:43.229+0000] {processor.py:157} INFO - Started process (PID=1940) to work on /home/airflow/.local/lib/python3.8/site-packages/airflow/example_dags/example_params_ui_tutorial.py
[2025-02-06T16:10:43.230+0000] {processor.py:829} INFO - Processing file /home/airflow/.local/lib/python3.8/site-packages/airflow/example_dags/example_params_ui_tutorial.py for tasks to queue
[2025-02-06T16:10:43.231+0000] {logging_mixin.py:151} INFO - [2025-02-06T16:10:43.231+0000] {dagbag.py:539} INFO - Filling up the DagBag from /home/airflow/.local/lib/python3.8/site-packages/airflow/example_dags/example_params_ui_tutorial.py
[2025-02-06T16:10:43.263+0000] {processor.py:839} INFO - DAG(s) dict_keys(['example_params_ui_tutorial']) retrieved from /home/airflow/.local/lib/python3.8/site-packages/airflow/example_dags/example_params_ui_tutorial.py
[2025-02-06T16:10:43.313+0000] {logging_mixin.py:151} INFO - [2025-02-06T16:10:43.312+0000] {dag.py:2915} INFO - Sync 1 DAGs
[2025-02-06T16:10:43.323+0000] {logging_mixin.py:151} INFO - [2025-02-06T16:10:43.322+0000] {dag.py:3696} INFO - Setting next_dagrun for example_params_ui_tutorial to None, run_after=None
[2025-02-06T16:10:43.337+0000] {processor.py:179} INFO - Processing /home/airflow/.local/lib/python3.8/site-packages/airflow/example_dags/example_params_ui_tutorial.py took 0.110 seconds
[2025-02-06T16:11:15.886+0000] {processor.py:157} INFO - Started process (PID=2201) to work on /home/airflow/.local/lib/python3.8/site-packages/airflow/example_dags/example_params_ui_tutorial.py
[2025-02-06T16:11:15.887+0000] {processor.py:829} INFO - Processing file /home/airflow/.local/lib/python3.8/site-packages/airflow/example_dags/example_params_ui_tutorial.py for tasks to queue
[2025-02-06T16:11:15.888+0000] {logging_mixin.py:151} INFO - [2025-02-06T16:11:15.887+0000] {dagbag.py:539} INFO - Filling up the DagBag from /home/airflow/.local/lib/python3.8/site-packages/airflow/example_dags/example_params_ui_tutorial.py
[2025-02-06T16:11:15.921+0000] {processor.py:839} INFO - DAG(s) dict_keys(['example_params_ui_tutorial']) retrieved from /home/airflow/.local/lib/python3.8/site-packages/airflow/example_dags/example_params_ui_tutorial.py
[2025-02-06T16:11:15.967+0000] {logging_mixin.py:151} INFO - [2025-02-06T16:11:15.967+0000] {dag.py:2915} INFO - Sync 1 DAGs
[2025-02-06T16:11:15.977+0000] {logging_mixin.py:151} INFO - [2025-02-06T16:11:15.977+0000] {dag.py:3696} INFO - Setting next_dagrun for example_params_ui_tutorial to None, run_after=None
[2025-02-06T16:11:15.993+0000] {processor.py:179} INFO - Processing /home/airflow/.local/lib/python3.8/site-packages/airflow/example_dags/example_params_ui_tutorial.py took 0.109 seconds
[2025-02-06T16:11:48.771+0000] {processor.py:157} INFO - Started process (PID=2462) to work on /home/airflow/.local/lib/python3.8/site-packages/airflow/example_dags/example_params_ui_tutorial.py
[2025-02-06T16:11:48.772+0000] {processor.py:829} INFO - Processing file /home/airflow/.local/lib/python3.8/site-packages/airflow/example_dags/example_params_ui_tutorial.py for tasks to queue
[2025-02-06T16:11:48.773+0000] {logging_mixin.py:151} INFO - [2025-02-06T16:11:48.772+0000] {dagbag.py:539} INFO - Filling up the DagBag from /home/airflow/.local/lib/python3.8/site-packages/airflow/example_dags/example_params_ui_tutorial.py
[2025-02-06T16:11:48.809+0000] {processor.py:839} INFO - DAG(s) dict_keys(['example_params_ui_tutorial']) retrieved from /home/airflow/.local/lib/python3.8/site-packages/airflow/example_dags/example_params_ui_tutorial.py
[2025-02-06T16:11:48.859+0000] {logging_mixin.py:151} INFO - [2025-02-06T16:11:48.858+0000] {dag.py:2915} INFO - Sync 1 DAGs
[2025-02-06T16:11:48.868+0000] {logging_mixin.py:151} INFO - [2025-02-06T16:11:48.868+0000] {dag.py:3696} INFO - Setting next_dagrun for example_params_ui_tutorial to None, run_after=None
[2025-02-06T16:11:48.884+0000] {processor.py:179} INFO - Processing /home/airflow/.local/lib/python3.8/site-packages/airflow/example_dags/example_params_ui_tutorial.py took 0.116 seconds
[2025-02-06T16:12:22.188+0000] {processor.py:157} INFO - Started process (PID=2723) to work on /home/airflow/.local/lib/python3.8/site-packages/airflow/example_dags/example_params_ui_tutorial.py
[2025-02-06T16:12:22.189+0000] {processor.py:829} INFO - Processing file /home/airflow/.local/lib/python3.8/site-packages/airflow/example_dags/example_params_ui_tutorial.py for tasks to queue
[2025-02-06T16:12:22.190+0000] {logging_mixin.py:151} INFO - [2025-02-06T16:12:22.190+0000] {dagbag.py:539} INFO - Filling up the DagBag from /home/airflow/.local/lib/python3.8/site-packages/airflow/example_dags/example_params_ui_tutorial.py
[2025-02-06T16:12:22.222+0000] {processor.py:839} INFO - DAG(s) dict_keys(['example_params_ui_tutorial']) retrieved from /home/airflow/.local/lib/python3.8/site-packages/airflow/example_dags/example_params_ui_tutorial.py
[2025-02-06T16:12:22.273+0000] {logging_mixin.py:151} INFO - [2025-02-06T16:12:22.273+0000] {dag.py:2915} INFO - Sync 1 DAGs
[2025-02-06T16:12:22.284+0000] {logging_mixin.py:151} INFO - [2025-02-06T16:12:22.284+0000] {dag.py:3696} INFO - Setting next_dagrun for example_params_ui_tutorial to None, run_after=None
[2025-02-06T16:12:22.299+0000] {processor.py:179} INFO - Processing /home/airflow/.local/lib/python3.8/site-packages/airflow/example_dags/example_params_ui_tutorial.py took 0.113 seconds
[2025-02-06T16:12:54.396+0000] {processor.py:157} INFO - Started process (PID=2989) to work on /home/airflow/.local/lib/python3.8/site-packages/airflow/example_dags/example_params_ui_tutorial.py
[2025-02-06T16:12:54.398+0000] {processor.py:829} INFO - Processing file /home/airflow/.local/lib/python3.8/site-packages/airflow/example_dags/example_params_ui_tutorial.py for tasks to queue
[2025-02-06T16:12:54.398+0000] {logging_mixin.py:151} INFO - [2025-02-06T16:12:54.398+0000] {dagbag.py:539} INFO - Filling up the DagBag from /home/airflow/.local/lib/python3.8/site-packages/airflow/example_dags/example_params_ui_tutorial.py
[2025-02-06T16:12:54.434+0000] {processor.py:839} INFO - DAG(s) dict_keys(['example_params_ui_tutorial']) retrieved from /home/airflow/.local/lib/python3.8/site-packages/airflow/example_dags/example_params_ui_tutorial.py
[2025-02-06T16:12:54.483+0000] {logging_mixin.py:151} INFO - [2025-02-06T16:12:54.483+0000] {dag.py:2915} INFO - Sync 1 DAGs
[2025-02-06T16:12:54.495+0000] {logging_mixin.py:151} INFO - [2025-02-06T16:12:54.495+0000] {dag.py:3696} INFO - Setting next_dagrun for example_params_ui_tutorial to None, run_after=None
[2025-02-06T16:12:54.512+0000] {processor.py:179} INFO - Processing /home/airflow/.local/lib/python3.8/site-packages/airflow/example_dags/example_params_ui_tutorial.py took 0.119 seconds
[2025-02-06T16:13:26.996+0000] {processor.py:157} INFO - Started process (PID=3250) to work on /home/airflow/.local/lib/python3.8/site-packages/airflow/example_dags/example_params_ui_tutorial.py
[2025-02-06T16:13:26.997+0000] {processor.py:829} INFO - Processing file /home/airflow/.local/lib/python3.8/site-packages/airflow/example_dags/example_params_ui_tutorial.py for tasks to queue
[2025-02-06T16:13:26.998+0000] {logging_mixin.py:151} INFO - [2025-02-06T16:13:26.998+0000] {dagbag.py:539} INFO - Filling up the DagBag from /home/airflow/.local/lib/python3.8/site-packages/airflow/example_dags/example_params_ui_tutorial.py
[2025-02-06T16:13:27.029+0000] {processor.py:839} INFO - DAG(s) dict_keys(['example_params_ui_tutorial']) retrieved from /home/airflow/.local/lib/python3.8/site-packages/airflow/example_dags/example_params_ui_tutorial.py
[2025-02-06T16:13:27.081+0000] {logging_mixin.py:151} INFO - [2025-02-06T16:13:27.080+0000] {dag.py:2915} INFO - Sync 1 DAGs
[2025-02-06T16:13:27.091+0000] {logging_mixin.py:151} INFO - [2025-02-06T16:13:27.090+0000] {dag.py:3696} INFO - Setting next_dagrun for example_params_ui_tutorial to None, run_after=None
[2025-02-06T16:13:27.106+0000] {processor.py:179} INFO - Processing /home/airflow/.local/lib/python3.8/site-packages/airflow/example_dags/example_params_ui_tutorial.py took 0.112 seconds
[2025-02-06T16:14:00.124+0000] {processor.py:157} INFO - Started process (PID=3511) to work on /home/airflow/.local/lib/python3.8/site-packages/airflow/example_dags/example_params_ui_tutorial.py
[2025-02-06T16:14:00.125+0000] {processor.py:829} INFO - Processing file /home/airflow/.local/lib/python3.8/site-packages/airflow/example_dags/example_params_ui_tutorial.py for tasks to queue
[2025-02-06T16:14:00.126+0000] {logging_mixin.py:151} INFO - [2025-02-06T16:14:00.126+0000] {dagbag.py:539} INFO - Filling up the DagBag from /home/airflow/.local/lib/python3.8/site-packages/airflow/example_dags/example_params_ui_tutorial.py
[2025-02-06T16:14:00.160+0000] {processor.py:839} INFO - DAG(s) dict_keys(['example_params_ui_tutorial']) retrieved from /home/airflow/.local/lib/python3.8/site-packages/airflow/example_dags/example_params_ui_tutorial.py
[2025-02-06T16:14:00.210+0000] {logging_mixin.py:151} INFO - [2025-02-06T16:14:00.210+0000] {dag.py:2915} INFO - Sync 1 DAGs
[2025-02-06T16:14:00.220+0000] {logging_mixin.py:151} INFO - [2025-02-06T16:14:00.220+0000] {dag.py:3696} INFO - Setting next_dagrun for example_params_ui_tutorial to None, run_after=None
[2025-02-06T16:14:00.236+0000] {processor.py:179} INFO - Processing /home/airflow/.local/lib/python3.8/site-packages/airflow/example_dags/example_params_ui_tutorial.py took 0.115 seconds
[2025-02-06T16:14:32.482+0000] {processor.py:157} INFO - Started process (PID=3772) to work on /home/airflow/.local/lib/python3.8/site-packages/airflow/example_dags/example_params_ui_tutorial.py
[2025-02-06T16:14:32.483+0000] {processor.py:829} INFO - Processing file /home/airflow/.local/lib/python3.8/site-packages/airflow/example_dags/example_params_ui_tutorial.py for tasks to queue
[2025-02-06T16:14:32.484+0000] {logging_mixin.py:151} INFO - [2025-02-06T16:14:32.483+0000] {dagbag.py:539} INFO - Filling up the DagBag from /home/airflow/.local/lib/python3.8/site-packages/airflow/example_dags/example_params_ui_tutorial.py
[2025-02-06T16:14:32.514+0000] {processor.py:839} INFO - DAG(s) dict_keys(['example_params_ui_tutorial']) retrieved from /home/airflow/.local/lib/python3.8/site-packages/airflow/example_dags/example_params_ui_tutorial.py
[2025-02-06T16:14:32.562+0000] {logging_mixin.py:151} INFO - [2025-02-06T16:14:32.562+0000] {dag.py:2915} INFO - Sync 1 DAGs
[2025-02-06T16:14:32.572+0000] {logging_mixin.py:151} INFO - [2025-02-06T16:14:32.572+0000] {dag.py:3696} INFO - Setting next_dagrun for example_params_ui_tutorial to None, run_after=None
[2025-02-06T16:14:32.586+0000] {processor.py:179} INFO - Processing /home/airflow/.local/lib/python3.8/site-packages/airflow/example_dags/example_params_ui_tutorial.py took 0.107 seconds
[2025-02-06T16:15:06.187+0000] {processor.py:157} INFO - Started process (PID=4052) to work on /home/airflow/.local/lib/python3.8/site-packages/airflow/example_dags/example_params_ui_tutorial.py
[2025-02-06T16:15:06.188+0000] {processor.py:829} INFO - Processing file /home/airflow/.local/lib/python3.8/site-packages/airflow/example_dags/example_params_ui_tutorial.py for tasks to queue
[2025-02-06T16:15:06.189+0000] {logging_mixin.py:151} INFO - [2025-02-06T16:15:06.188+0000] {dagbag.py:539} INFO - Filling up the DagBag from /home/airflow/.local/lib/python3.8/site-packages/airflow/example_dags/example_params_ui_tutorial.py
[2025-02-06T16:15:06.216+0000] {processor.py:839} INFO - DAG(s) dict_keys(['example_params_ui_tutorial']) retrieved from /home/airflow/.local/lib/python3.8/site-packages/airflow/example_dags/example_params_ui_tutorial.py
[2025-02-06T16:15:06.260+0000] {logging_mixin.py:151} INFO - [2025-02-06T16:15:06.260+0000] {dag.py:2915} INFO - Sync 1 DAGs
[2025-02-06T16:15:06.269+0000] {logging_mixin.py:151} INFO - [2025-02-06T16:15:06.268+0000] {dag.py:3696} INFO - Setting next_dagrun for example_params_ui_tutorial to None, run_after=None
[2025-02-06T16:15:06.284+0000] {processor.py:179} INFO - Processing /home/airflow/.local/lib/python3.8/site-packages/airflow/example_dags/example_params_ui_tutorial.py took 0.099 seconds
[2025-02-06T16:15:38.839+0000] {processor.py:157} INFO - Started process (PID=4313) to work on /home/airflow/.local/lib/python3.8/site-packages/airflow/example_dags/example_params_ui_tutorial.py
[2025-02-06T16:15:38.840+0000] {processor.py:829} INFO - Processing file /home/airflow/.local/lib/python3.8/site-packages/airflow/example_dags/example_params_ui_tutorial.py for tasks to queue
[2025-02-06T16:15:38.840+0000] {logging_mixin.py:151} INFO - [2025-02-06T16:15:38.840+0000] {dagbag.py:539} INFO - Filling up the DagBag from /home/airflow/.local/lib/python3.8/site-packages/airflow/example_dags/example_params_ui_tutorial.py
[2025-02-06T16:15:38.875+0000] {processor.py:839} INFO - DAG(s) dict_keys(['example_params_ui_tutorial']) retrieved from /home/airflow/.local/lib/python3.8/site-packages/airflow/example_dags/example_params_ui_tutorial.py
[2025-02-06T16:15:38.922+0000] {logging_mixin.py:151} INFO - [2025-02-06T16:15:38.922+0000] {dag.py:2915} INFO - Sync 1 DAGs
[2025-02-06T16:15:38.933+0000] {logging_mixin.py:151} INFO - [2025-02-06T16:15:38.932+0000] {dag.py:3696} INFO - Setting next_dagrun for example_params_ui_tutorial to None, run_after=None
[2025-02-06T16:15:38.955+0000] {processor.py:179} INFO - Processing /home/airflow/.local/lib/python3.8/site-packages/airflow/example_dags/example_params_ui_tutorial.py took 0.118 seconds
[2025-02-06T16:16:11.509+0000] {processor.py:157} INFO - Started process (PID=4577) to work on /home/airflow/.local/lib/python3.8/site-packages/airflow/example_dags/example_params_ui_tutorial.py
[2025-02-06T16:16:11.510+0000] {processor.py:829} INFO - Processing file /home/airflow/.local/lib/python3.8/site-packages/airflow/example_dags/example_params_ui_tutorial.py for tasks to queue
[2025-02-06T16:16:11.511+0000] {logging_mixin.py:151} INFO - [2025-02-06T16:16:11.510+0000] {dagbag.py:539} INFO - Filling up the DagBag from /home/airflow/.local/lib/python3.8/site-packages/airflow/example_dags/example_params_ui_tutorial.py
[2025-02-06T16:16:11.543+0000] {processor.py:839} INFO - DAG(s) dict_keys(['example_params_ui_tutorial']) retrieved from /home/airflow/.local/lib/python3.8/site-packages/airflow/example_dags/example_params_ui_tutorial.py
[2025-02-06T16:16:11.594+0000] {logging_mixin.py:151} INFO - [2025-02-06T16:16:11.594+0000] {dag.py:2915} INFO - Sync 1 DAGs
[2025-02-06T16:16:11.605+0000] {logging_mixin.py:151} INFO - [2025-02-06T16:16:11.605+0000] {dag.py:3696} INFO - Setting next_dagrun for example_params_ui_tutorial to None, run_after=None
[2025-02-06T16:16:11.621+0000] {processor.py:179} INFO - Processing /home/airflow/.local/lib/python3.8/site-packages/airflow/example_dags/example_params_ui_tutorial.py took 0.115 seconds
[2025-02-06T16:16:45.363+0000] {processor.py:157} INFO - Started process (PID=4889) to work on /home/airflow/.local/lib/python3.8/site-packages/airflow/example_dags/example_params_ui_tutorial.py
[2025-02-06T16:16:45.364+0000] {processor.py:829} INFO - Processing file /home/airflow/.local/lib/python3.8/site-packages/airflow/example_dags/example_params_ui_tutorial.py for tasks to queue
[2025-02-06T16:16:45.364+0000] {logging_mixin.py:151} INFO - [2025-02-06T16:16:45.364+0000] {dagbag.py:539} INFO - Filling up the DagBag from /home/airflow/.local/lib/python3.8/site-packages/airflow/example_dags/example_params_ui_tutorial.py
[2025-02-06T16:16:45.395+0000] {processor.py:839} INFO - DAG(s) dict_keys(['example_params_ui_tutorial']) retrieved from /home/airflow/.local/lib/python3.8/site-packages/airflow/example_dags/example_params_ui_tutorial.py
[2025-02-06T16:16:45.440+0000] {logging_mixin.py:151} INFO - [2025-02-06T16:16:45.440+0000] {dag.py:2915} INFO - Sync 1 DAGs
[2025-02-06T16:16:45.450+0000] {logging_mixin.py:151} INFO - [2025-02-06T16:16:45.450+0000] {dag.py:3696} INFO - Setting next_dagrun for example_params_ui_tutorial to None, run_after=None
[2025-02-06T16:16:45.464+0000] {processor.py:179} INFO - Processing /home/airflow/.local/lib/python3.8/site-packages/airflow/example_dags/example_params_ui_tutorial.py took 0.104 seconds
[2025-02-06T16:17:18.089+0000] {processor.py:157} INFO - Started process (PID=5155) to work on /home/airflow/.local/lib/python3.8/site-packages/airflow/example_dags/example_params_ui_tutorial.py
[2025-02-06T16:17:18.090+0000] {processor.py:829} INFO - Processing file /home/airflow/.local/lib/python3.8/site-packages/airflow/example_dags/example_params_ui_tutorial.py for tasks to queue
[2025-02-06T16:17:18.091+0000] {logging_mixin.py:151} INFO - [2025-02-06T16:17:18.091+0000] {dagbag.py:539} INFO - Filling up the DagBag from /home/airflow/.local/lib/python3.8/site-packages/airflow/example_dags/example_params_ui_tutorial.py
[2025-02-06T16:17:18.127+0000] {processor.py:839} INFO - DAG(s) dict_keys(['example_params_ui_tutorial']) retrieved from /home/airflow/.local/lib/python3.8/site-packages/airflow/example_dags/example_params_ui_tutorial.py
[2025-02-06T16:17:18.195+0000] {logging_mixin.py:151} INFO - [2025-02-06T16:17:18.195+0000] {dag.py:2915} INFO - Sync 1 DAGs
[2025-02-06T16:17:18.208+0000] {logging_mixin.py:151} INFO - [2025-02-06T16:17:18.208+0000] {dag.py:3696} INFO - Setting next_dagrun for example_params_ui_tutorial to None, run_after=None
[2025-02-06T16:17:18.226+0000] {processor.py:179} INFO - Processing /home/airflow/.local/lib/python3.8/site-packages/airflow/example_dags/example_params_ui_tutorial.py took 0.140 seconds
[2025-02-06T16:17:50.307+0000] {processor.py:157} INFO - Started process (PID=5416) to work on /home/airflow/.local/lib/python3.8/site-packages/airflow/example_dags/example_params_ui_tutorial.py
[2025-02-06T16:17:50.308+0000] {processor.py:829} INFO - Processing file /home/airflow/.local/lib/python3.8/site-packages/airflow/example_dags/example_params_ui_tutorial.py for tasks to queue
[2025-02-06T16:17:50.308+0000] {logging_mixin.py:151} INFO - [2025-02-06T16:17:50.308+0000] {dagbag.py:539} INFO - Filling up the DagBag from /home/airflow/.local/lib/python3.8/site-packages/airflow/example_dags/example_params_ui_tutorial.py
[2025-02-06T16:17:50.337+0000] {processor.py:839} INFO - DAG(s) dict_keys(['example_params_ui_tutorial']) retrieved from /home/airflow/.local/lib/python3.8/site-packages/airflow/example_dags/example_params_ui_tutorial.py
[2025-02-06T16:17:50.389+0000] {logging_mixin.py:151} INFO - [2025-02-06T16:17:50.388+0000] {dag.py:2915} INFO - Sync 1 DAGs
[2025-02-06T16:17:50.401+0000] {logging_mixin.py:151} INFO - [2025-02-06T16:17:50.400+0000] {dag.py:3696} INFO - Setting next_dagrun for example_params_ui_tutorial to None, run_after=None
[2025-02-06T16:17:50.421+0000] {processor.py:179} INFO - Processing /home/airflow/.local/lib/python3.8/site-packages/airflow/example_dags/example_params_ui_tutorial.py took 0.117 seconds
[2025-02-06T16:18:23.113+0000] {processor.py:157} INFO - Started process (PID=5677) to work on /home/airflow/.local/lib/python3.8/site-packages/airflow/example_dags/example_params_ui_tutorial.py
[2025-02-06T16:18:23.114+0000] {processor.py:829} INFO - Processing file /home/airflow/.local/lib/python3.8/site-packages/airflow/example_dags/example_params_ui_tutorial.py for tasks to queue
[2025-02-06T16:18:23.115+0000] {logging_mixin.py:151} INFO - [2025-02-06T16:18:23.115+0000] {dagbag.py:539} INFO - Filling up the DagBag from /home/airflow/.local/lib/python3.8/site-packages/airflow/example_dags/example_params_ui_tutorial.py
[2025-02-06T16:18:23.144+0000] {processor.py:839} INFO - DAG(s) dict_keys(['example_params_ui_tutorial']) retrieved from /home/airflow/.local/lib/python3.8/site-packages/airflow/example_dags/example_params_ui_tutorial.py
[2025-02-06T16:18:23.192+0000] {logging_mixin.py:151} INFO - [2025-02-06T16:18:23.191+0000] {dag.py:2915} INFO - Sync 1 DAGs
[2025-02-06T16:18:23.202+0000] {logging_mixin.py:151} INFO - [2025-02-06T16:18:23.202+0000] {dag.py:3696} INFO - Setting next_dagrun for example_params_ui_tutorial to None, run_after=None
[2025-02-06T16:18:23.219+0000] {processor.py:179} INFO - Processing /home/airflow/.local/lib/python3.8/site-packages/airflow/example_dags/example_params_ui_tutorial.py took 0.108 seconds
[2025-02-06T16:18:55.756+0000] {processor.py:157} INFO - Started process (PID=5938) to work on /home/airflow/.local/lib/python3.8/site-packages/airflow/example_dags/example_params_ui_tutorial.py
[2025-02-06T16:18:55.757+0000] {processor.py:829} INFO - Processing file /home/airflow/.local/lib/python3.8/site-packages/airflow/example_dags/example_params_ui_tutorial.py for tasks to queue
[2025-02-06T16:18:55.757+0000] {logging_mixin.py:151} INFO - [2025-02-06T16:18:55.757+0000] {dagbag.py:539} INFO - Filling up the DagBag from /home/airflow/.local/lib/python3.8/site-packages/airflow/example_dags/example_params_ui_tutorial.py
[2025-02-06T16:18:55.788+0000] {processor.py:839} INFO - DAG(s) dict_keys(['example_params_ui_tutorial']) retrieved from /home/airflow/.local/lib/python3.8/site-packages/airflow/example_dags/example_params_ui_tutorial.py
[2025-02-06T16:18:55.836+0000] {logging_mixin.py:151} INFO - [2025-02-06T16:18:55.836+0000] {dag.py:2915} INFO - Sync 1 DAGs
[2025-02-06T16:18:55.846+0000] {logging_mixin.py:151} INFO - [2025-02-06T16:18:55.846+0000] {dag.py:3696} INFO - Setting next_dagrun for example_params_ui_tutorial to None, run_after=None
[2025-02-06T16:18:55.863+0000] {processor.py:179} INFO - Processing /home/airflow/.local/lib/python3.8/site-packages/airflow/example_dags/example_params_ui_tutorial.py took 0.109 seconds
