[2025-02-06T15:19:05.303+0000] {processor.py:186} INFO - Started process (PID=361) to work on /home/airflow/.local/lib/python3.12/site-packages/airflow/example_dags/example_short_circuit_decorator.py
[2025-02-06T15:19:05.304+0000] {processor.py:914} INFO - Processing file /home/airflow/.local/lib/python3.12/site-packages/airflow/example_dags/example_short_circuit_decorator.py for tasks to queue
[2025-02-06T15:19:05.305+0000] {logging_mixin.py:190} INFO - [2025-02-06T15:19:05.305+0000] {dagbag.py:588} INFO - Filling up the DagBag from /home/airflow/.local/lib/python3.12/site-packages/airflow/example_dags/example_short_circuit_decorator.py
[2025-02-06T15:19:05.314+0000] {processor.py:925} INFO - DAG(s) 'example_short_circuit_decorator' retrieved from /home/airflow/.local/lib/python3.12/site-packages/airflow/example_dags/example_short_circuit_decorator.py
[2025-02-06T15:19:05.350+0000] {logging_mixin.py:190} INFO - [2025-02-06T15:19:05.350+0000] {dag.py:3239} INFO - Sync 1 DAGs
[2025-02-06T15:19:05.362+0000] {logging_mixin.py:190} INFO - [2025-02-06T15:19:05.362+0000] {dag.py:4180} INFO - Setting next_dagrun for example_short_circuit_decorator to None, run_after=None
[2025-02-06T15:19:05.377+0000] {processor.py:208} INFO - Processing /home/airflow/.local/lib/python3.12/site-packages/airflow/example_dags/example_short_circuit_decorator.py took 0.079 seconds
[2025-02-06T15:19:35.621+0000] {processor.py:186} INFO - Started process (PID=663) to work on /home/airflow/.local/lib/python3.12/site-packages/airflow/example_dags/example_short_circuit_decorator.py
[2025-02-06T15:19:35.622+0000] {processor.py:914} INFO - Processing file /home/airflow/.local/lib/python3.12/site-packages/airflow/example_dags/example_short_circuit_decorator.py for tasks to queue
[2025-02-06T15:19:35.623+0000] {logging_mixin.py:190} INFO - [2025-02-06T15:19:35.623+0000] {dagbag.py:588} INFO - Filling up the DagBag from /home/airflow/.local/lib/python3.12/site-packages/airflow/example_dags/example_short_circuit_decorator.py
[2025-02-06T15:19:35.629+0000] {processor.py:925} INFO - DAG(s) 'example_short_circuit_decorator' retrieved from /home/airflow/.local/lib/python3.12/site-packages/airflow/example_dags/example_short_circuit_decorator.py
[2025-02-06T15:19:35.647+0000] {logging_mixin.py:190} INFO - [2025-02-06T15:19:35.647+0000] {dag.py:3239} INFO - Sync 1 DAGs
[2025-02-06T15:19:35.659+0000] {logging_mixin.py:190} INFO - [2025-02-06T15:19:35.659+0000] {dag.py:4180} INFO - Setting next_dagrun for example_short_circuit_decorator to None, run_after=None
[2025-02-06T15:19:35.677+0000] {processor.py:208} INFO - Processing /home/airflow/.local/lib/python3.12/site-packages/airflow/example_dags/example_short_circuit_decorator.py took 0.060 seconds
[2025-02-06T15:20:05.792+0000] {processor.py:186} INFO - Started process (PID=967) to work on /home/airflow/.local/lib/python3.12/site-packages/airflow/example_dags/example_short_circuit_decorator.py
[2025-02-06T15:20:05.793+0000] {processor.py:914} INFO - Processing file /home/airflow/.local/lib/python3.12/site-packages/airflow/example_dags/example_short_circuit_decorator.py for tasks to queue
[2025-02-06T15:20:05.794+0000] {logging_mixin.py:190} INFO - [2025-02-06T15:20:05.794+0000] {dagbag.py:588} INFO - Filling up the DagBag from /home/airflow/.local/lib/python3.12/site-packages/airflow/example_dags/example_short_circuit_decorator.py
[2025-02-06T15:20:05.801+0000] {processor.py:925} INFO - DAG(s) 'example_short_circuit_decorator' retrieved from /home/airflow/.local/lib/python3.12/site-packages/airflow/example_dags/example_short_circuit_decorator.py
[2025-02-06T15:20:05.819+0000] {logging_mixin.py:190} INFO - [2025-02-06T15:20:05.819+0000] {dag.py:3239} INFO - Sync 1 DAGs
[2025-02-06T15:20:05.830+0000] {logging_mixin.py:190} INFO - [2025-02-06T15:20:05.829+0000] {dag.py:4180} INFO - Setting next_dagrun for example_short_circuit_decorator to None, run_after=None
[2025-02-06T15:20:05.845+0000] {processor.py:208} INFO - Processing /home/airflow/.local/lib/python3.12/site-packages/airflow/example_dags/example_short_circuit_decorator.py took 0.057 seconds
[2025-02-06T15:20:36.330+0000] {processor.py:186} INFO - Started process (PID=1273) to work on /home/airflow/.local/lib/python3.12/site-packages/airflow/example_dags/example_short_circuit_decorator.py
[2025-02-06T15:20:36.331+0000] {processor.py:914} INFO - Processing file /home/airflow/.local/lib/python3.12/site-packages/airflow/example_dags/example_short_circuit_decorator.py for tasks to queue
[2025-02-06T15:20:36.332+0000] {logging_mixin.py:190} INFO - [2025-02-06T15:20:36.332+0000] {dagbag.py:588} INFO - Filling up the DagBag from /home/airflow/.local/lib/python3.12/site-packages/airflow/example_dags/example_short_circuit_decorator.py
[2025-02-06T15:20:36.339+0000] {processor.py:925} INFO - DAG(s) 'example_short_circuit_decorator' retrieved from /home/airflow/.local/lib/python3.12/site-packages/airflow/example_dags/example_short_circuit_decorator.py
[2025-02-06T15:20:36.357+0000] {logging_mixin.py:190} INFO - [2025-02-06T15:20:36.357+0000] {dag.py:3239} INFO - Sync 1 DAGs
[2025-02-06T15:20:36.368+0000] {logging_mixin.py:190} INFO - [2025-02-06T15:20:36.368+0000] {dag.py:4180} INFO - Setting next_dagrun for example_short_circuit_decorator to None, run_after=None
[2025-02-06T15:20:36.383+0000] {processor.py:208} INFO - Processing /home/airflow/.local/lib/python3.12/site-packages/airflow/example_dags/example_short_circuit_decorator.py took 0.057 seconds
[2025-02-06T15:21:06.973+0000] {processor.py:186} INFO - Started process (PID=1579) to work on /home/airflow/.local/lib/python3.12/site-packages/airflow/example_dags/example_short_circuit_decorator.py
[2025-02-06T15:21:06.974+0000] {processor.py:914} INFO - Processing file /home/airflow/.local/lib/python3.12/site-packages/airflow/example_dags/example_short_circuit_decorator.py for tasks to queue
[2025-02-06T15:21:06.976+0000] {logging_mixin.py:190} INFO - [2025-02-06T15:21:06.975+0000] {dagbag.py:588} INFO - Filling up the DagBag from /home/airflow/.local/lib/python3.12/site-packages/airflow/example_dags/example_short_circuit_decorator.py
[2025-02-06T15:21:06.983+0000] {processor.py:925} INFO - DAG(s) 'example_short_circuit_decorator' retrieved from /home/airflow/.local/lib/python3.12/site-packages/airflow/example_dags/example_short_circuit_decorator.py
[2025-02-06T15:21:07.001+0000] {logging_mixin.py:190} INFO - [2025-02-06T15:21:07.001+0000] {dag.py:3239} INFO - Sync 1 DAGs
[2025-02-06T15:21:07.013+0000] {logging_mixin.py:190} INFO - [2025-02-06T15:21:07.013+0000] {dag.py:4180} INFO - Setting next_dagrun for example_short_circuit_decorator to None, run_after=None
[2025-02-06T15:21:07.029+0000] {processor.py:208} INFO - Processing /home/airflow/.local/lib/python3.12/site-packages/airflow/example_dags/example_short_circuit_decorator.py took 0.060 seconds
[2025-02-06T15:21:38.065+0000] {processor.py:186} INFO - Started process (PID=1887) to work on /home/airflow/.local/lib/python3.12/site-packages/airflow/example_dags/example_short_circuit_decorator.py
[2025-02-06T15:21:38.065+0000] {processor.py:914} INFO - Processing file /home/airflow/.local/lib/python3.12/site-packages/airflow/example_dags/example_short_circuit_decorator.py for tasks to queue
[2025-02-06T15:21:38.067+0000] {logging_mixin.py:190} INFO - [2025-02-06T15:21:38.067+0000] {dagbag.py:588} INFO - Filling up the DagBag from /home/airflow/.local/lib/python3.12/site-packages/airflow/example_dags/example_short_circuit_decorator.py
[2025-02-06T15:21:38.074+0000] {processor.py:925} INFO - DAG(s) 'example_short_circuit_decorator' retrieved from /home/airflow/.local/lib/python3.12/site-packages/airflow/example_dags/example_short_circuit_decorator.py
[2025-02-06T15:21:38.091+0000] {logging_mixin.py:190} INFO - [2025-02-06T15:21:38.091+0000] {dag.py:3239} INFO - Sync 1 DAGs
[2025-02-06T15:21:38.103+0000] {logging_mixin.py:190} INFO - [2025-02-06T15:21:38.103+0000] {dag.py:4180} INFO - Setting next_dagrun for example_short_circuit_decorator to None, run_after=None
[2025-02-06T15:21:38.116+0000] {processor.py:208} INFO - Processing /home/airflow/.local/lib/python3.12/site-packages/airflow/example_dags/example_short_circuit_decorator.py took 0.056 seconds
[2025-02-06T15:22:08.985+0000] {processor.py:186} INFO - Started process (PID=2193) to work on /home/airflow/.local/lib/python3.12/site-packages/airflow/example_dags/example_short_circuit_decorator.py
[2025-02-06T15:22:08.985+0000] {processor.py:914} INFO - Processing file /home/airflow/.local/lib/python3.12/site-packages/airflow/example_dags/example_short_circuit_decorator.py for tasks to queue
[2025-02-06T15:22:08.987+0000] {logging_mixin.py:190} INFO - [2025-02-06T15:22:08.987+0000] {dagbag.py:588} INFO - Filling up the DagBag from /home/airflow/.local/lib/python3.12/site-packages/airflow/example_dags/example_short_circuit_decorator.py
[2025-02-06T15:22:08.994+0000] {processor.py:925} INFO - DAG(s) 'example_short_circuit_decorator' retrieved from /home/airflow/.local/lib/python3.12/site-packages/airflow/example_dags/example_short_circuit_decorator.py
[2025-02-06T15:22:09.011+0000] {logging_mixin.py:190} INFO - [2025-02-06T15:22:09.011+0000] {dag.py:3239} INFO - Sync 1 DAGs
[2025-02-06T15:22:09.022+0000] {logging_mixin.py:190} INFO - [2025-02-06T15:22:09.022+0000] {dag.py:4180} INFO - Setting next_dagrun for example_short_circuit_decorator to None, run_after=None
[2025-02-06T15:22:09.034+0000] {processor.py:208} INFO - Processing /home/airflow/.local/lib/python3.12/site-packages/airflow/example_dags/example_short_circuit_decorator.py took 0.054 seconds
[2025-02-06T15:22:39.875+0000] {processor.py:186} INFO - Started process (PID=2497) to work on /home/airflow/.local/lib/python3.12/site-packages/airflow/example_dags/example_short_circuit_decorator.py
[2025-02-06T15:22:39.876+0000] {processor.py:914} INFO - Processing file /home/airflow/.local/lib/python3.12/site-packages/airflow/example_dags/example_short_circuit_decorator.py for tasks to queue
[2025-02-06T15:22:39.877+0000] {logging_mixin.py:190} INFO - [2025-02-06T15:22:39.877+0000] {dagbag.py:588} INFO - Filling up the DagBag from /home/airflow/.local/lib/python3.12/site-packages/airflow/example_dags/example_short_circuit_decorator.py
[2025-02-06T15:22:39.885+0000] {processor.py:925} INFO - DAG(s) 'example_short_circuit_decorator' retrieved from /home/airflow/.local/lib/python3.12/site-packages/airflow/example_dags/example_short_circuit_decorator.py
[2025-02-06T15:22:39.903+0000] {logging_mixin.py:190} INFO - [2025-02-06T15:22:39.902+0000] {dag.py:3239} INFO - Sync 1 DAGs
[2025-02-06T15:22:39.913+0000] {logging_mixin.py:190} INFO - [2025-02-06T15:22:39.913+0000] {dag.py:4180} INFO - Setting next_dagrun for example_short_circuit_decorator to None, run_after=None
[2025-02-06T15:22:39.926+0000] {processor.py:208} INFO - Processing /home/airflow/.local/lib/python3.12/site-packages/airflow/example_dags/example_short_circuit_decorator.py took 0.055 seconds
[2025-02-06T15:23:10.779+0000] {processor.py:186} INFO - Started process (PID=2803) to work on /home/airflow/.local/lib/python3.12/site-packages/airflow/example_dags/example_short_circuit_decorator.py
[2025-02-06T15:23:10.780+0000] {processor.py:914} INFO - Processing file /home/airflow/.local/lib/python3.12/site-packages/airflow/example_dags/example_short_circuit_decorator.py for tasks to queue
[2025-02-06T15:23:10.782+0000] {logging_mixin.py:190} INFO - [2025-02-06T15:23:10.781+0000] {dagbag.py:588} INFO - Filling up the DagBag from /home/airflow/.local/lib/python3.12/site-packages/airflow/example_dags/example_short_circuit_decorator.py
[2025-02-06T15:23:10.788+0000] {processor.py:925} INFO - DAG(s) 'example_short_circuit_decorator' retrieved from /home/airflow/.local/lib/python3.12/site-packages/airflow/example_dags/example_short_circuit_decorator.py
[2025-02-06T15:23:10.806+0000] {logging_mixin.py:190} INFO - [2025-02-06T15:23:10.806+0000] {dag.py:3239} INFO - Sync 1 DAGs
[2025-02-06T15:23:10.821+0000] {logging_mixin.py:190} INFO - [2025-02-06T15:23:10.821+0000] {dag.py:4180} INFO - Setting next_dagrun for example_short_circuit_decorator to None, run_after=None
[2025-02-06T15:23:10.835+0000] {processor.py:208} INFO - Processing /home/airflow/.local/lib/python3.12/site-packages/airflow/example_dags/example_short_circuit_decorator.py took 0.060 seconds
[2025-02-06T15:23:42.014+0000] {processor.py:186} INFO - Started process (PID=3109) to work on /home/airflow/.local/lib/python3.12/site-packages/airflow/example_dags/example_short_circuit_decorator.py
[2025-02-06T15:23:42.015+0000] {processor.py:914} INFO - Processing file /home/airflow/.local/lib/python3.12/site-packages/airflow/example_dags/example_short_circuit_decorator.py for tasks to queue
[2025-02-06T15:23:42.016+0000] {logging_mixin.py:190} INFO - [2025-02-06T15:23:42.016+0000] {dagbag.py:588} INFO - Filling up the DagBag from /home/airflow/.local/lib/python3.12/site-packages/airflow/example_dags/example_short_circuit_decorator.py
[2025-02-06T15:23:42.023+0000] {processor.py:925} INFO - DAG(s) 'example_short_circuit_decorator' retrieved from /home/airflow/.local/lib/python3.12/site-packages/airflow/example_dags/example_short_circuit_decorator.py
[2025-02-06T15:23:42.039+0000] {logging_mixin.py:190} INFO - [2025-02-06T15:23:42.039+0000] {dag.py:3239} INFO - Sync 1 DAGs
[2025-02-06T15:23:42.051+0000] {logging_mixin.py:190} INFO - [2025-02-06T15:23:42.050+0000] {dag.py:4180} INFO - Setting next_dagrun for example_short_circuit_decorator to None, run_after=None
[2025-02-06T15:23:42.065+0000] {processor.py:208} INFO - Processing /home/airflow/.local/lib/python3.12/site-packages/airflow/example_dags/example_short_circuit_decorator.py took 0.054 seconds
[2025-02-06T15:24:12.236+0000] {processor.py:186} INFO - Started process (PID=3415) to work on /home/airflow/.local/lib/python3.12/site-packages/airflow/example_dags/example_short_circuit_decorator.py
[2025-02-06T15:24:12.237+0000] {processor.py:914} INFO - Processing file /home/airflow/.local/lib/python3.12/site-packages/airflow/example_dags/example_short_circuit_decorator.py for tasks to queue
[2025-02-06T15:24:12.238+0000] {logging_mixin.py:190} INFO - [2025-02-06T15:24:12.238+0000] {dagbag.py:588} INFO - Filling up the DagBag from /home/airflow/.local/lib/python3.12/site-packages/airflow/example_dags/example_short_circuit_decorator.py
[2025-02-06T15:24:12.245+0000] {processor.py:925} INFO - DAG(s) 'example_short_circuit_decorator' retrieved from /home/airflow/.local/lib/python3.12/site-packages/airflow/example_dags/example_short_circuit_decorator.py
[2025-02-06T15:24:12.264+0000] {logging_mixin.py:190} INFO - [2025-02-06T15:24:12.263+0000] {dag.py:3239} INFO - Sync 1 DAGs
[2025-02-06T15:24:12.276+0000] {logging_mixin.py:190} INFO - [2025-02-06T15:24:12.276+0000] {dag.py:4180} INFO - Setting next_dagrun for example_short_circuit_decorator to None, run_after=None
[2025-02-06T15:24:12.292+0000] {processor.py:208} INFO - Processing /home/airflow/.local/lib/python3.12/site-packages/airflow/example_dags/example_short_circuit_decorator.py took 0.061 seconds
[2025-02-06T16:07:26.585+0000] {processor.py:157} INFO - Started process (PID=337) to work on /home/airflow/.local/lib/python3.8/site-packages/airflow/example_dags/example_short_circuit_decorator.py
[2025-02-06T16:07:26.586+0000] {processor.py:829} INFO - Processing file /home/airflow/.local/lib/python3.8/site-packages/airflow/example_dags/example_short_circuit_decorator.py for tasks to queue
[2025-02-06T16:07:26.587+0000] {logging_mixin.py:151} INFO - [2025-02-06T16:07:26.586+0000] {dagbag.py:539} INFO - Filling up the DagBag from /home/airflow/.local/lib/python3.8/site-packages/airflow/example_dags/example_short_circuit_decorator.py
[2025-02-06T16:07:26.594+0000] {processor.py:839} INFO - DAG(s) dict_keys(['example_short_circuit_decorator']) retrieved from /home/airflow/.local/lib/python3.8/site-packages/airflow/example_dags/example_short_circuit_decorator.py
[2025-02-06T16:07:26.605+0000] {logging_mixin.py:151} INFO - [2025-02-06T16:07:26.605+0000] {dag.py:2915} INFO - Sync 1 DAGs
[2025-02-06T16:07:26.616+0000] {logging_mixin.py:151} INFO - [2025-02-06T16:07:26.616+0000] {dag.py:2937} INFO - Creating ORM DAG for example_short_circuit_decorator
[2025-02-06T16:07:26.746+0000] {logging_mixin.py:151} INFO - [2025-02-06T16:07:26.746+0000] {dag.py:3696} INFO - Setting next_dagrun for example_short_circuit_decorator to 2025-02-05T16:07:26.746280+00:00, run_after=2025-02-06T16:07:26.746280+00:00
[2025-02-06T16:07:26.763+0000] {processor.py:179} INFO - Processing /home/airflow/.local/lib/python3.8/site-packages/airflow/example_dags/example_short_circuit_decorator.py took 0.180 seconds
[2025-02-06T16:07:59.143+0000] {processor.py:157} INFO - Started process (PID=604) to work on /home/airflow/.local/lib/python3.8/site-packages/airflow/example_dags/example_short_circuit_decorator.py
[2025-02-06T16:07:59.144+0000] {processor.py:829} INFO - Processing file /home/airflow/.local/lib/python3.8/site-packages/airflow/example_dags/example_short_circuit_decorator.py for tasks to queue
[2025-02-06T16:07:59.145+0000] {logging_mixin.py:151} INFO - [2025-02-06T16:07:59.145+0000] {dagbag.py:539} INFO - Filling up the DagBag from /home/airflow/.local/lib/python3.8/site-packages/airflow/example_dags/example_short_circuit_decorator.py
[2025-02-06T16:07:59.155+0000] {processor.py:839} INFO - DAG(s) dict_keys(['example_short_circuit_decorator']) retrieved from /home/airflow/.local/lib/python3.8/site-packages/airflow/example_dags/example_short_circuit_decorator.py
[2025-02-06T16:07:59.167+0000] {logging_mixin.py:151} INFO - [2025-02-06T16:07:59.167+0000] {dag.py:2915} INFO - Sync 1 DAGs
[2025-02-06T16:07:59.187+0000] {logging_mixin.py:151} INFO - [2025-02-06T16:07:59.187+0000] {dag.py:3696} INFO - Setting next_dagrun for example_short_circuit_decorator to 2025-02-05T16:07:59.187078+00:00, run_after=2025-02-06T16:07:59.187078+00:00
[2025-02-06T16:07:59.202+0000] {processor.py:179} INFO - Processing /home/airflow/.local/lib/python3.8/site-packages/airflow/example_dags/example_short_circuit_decorator.py took 0.062 seconds
[2025-02-06T16:08:31.607+0000] {processor.py:157} INFO - Started process (PID=871) to work on /home/airflow/.local/lib/python3.8/site-packages/airflow/example_dags/example_short_circuit_decorator.py
[2025-02-06T16:08:31.608+0000] {processor.py:829} INFO - Processing file /home/airflow/.local/lib/python3.8/site-packages/airflow/example_dags/example_short_circuit_decorator.py for tasks to queue
[2025-02-06T16:08:31.608+0000] {logging_mixin.py:151} INFO - [2025-02-06T16:08:31.608+0000] {dagbag.py:539} INFO - Filling up the DagBag from /home/airflow/.local/lib/python3.8/site-packages/airflow/example_dags/example_short_circuit_decorator.py
[2025-02-06T16:08:31.616+0000] {processor.py:839} INFO - DAG(s) dict_keys(['example_short_circuit_decorator']) retrieved from /home/airflow/.local/lib/python3.8/site-packages/airflow/example_dags/example_short_circuit_decorator.py
[2025-02-06T16:08:31.636+0000] {logging_mixin.py:151} INFO - [2025-02-06T16:08:31.636+0000] {dag.py:2915} INFO - Sync 1 DAGs
[2025-02-06T16:08:31.658+0000] {logging_mixin.py:151} INFO - [2025-02-06T16:08:31.658+0000] {dag.py:3696} INFO - Setting next_dagrun for example_short_circuit_decorator to 2025-02-05T16:08:31.658339+00:00, run_after=2025-02-06T16:08:31.658339+00:00
[2025-02-06T16:08:31.679+0000] {processor.py:179} INFO - Processing /home/airflow/.local/lib/python3.8/site-packages/airflow/example_dags/example_short_circuit_decorator.py took 0.075 seconds
[2025-02-06T16:09:04.280+0000] {processor.py:157} INFO - Started process (PID=1134) to work on /home/airflow/.local/lib/python3.8/site-packages/airflow/example_dags/example_short_circuit_decorator.py
[2025-02-06T16:09:04.281+0000] {processor.py:829} INFO - Processing file /home/airflow/.local/lib/python3.8/site-packages/airflow/example_dags/example_short_circuit_decorator.py for tasks to queue
[2025-02-06T16:09:04.282+0000] {logging_mixin.py:151} INFO - [2025-02-06T16:09:04.282+0000] {dagbag.py:539} INFO - Filling up the DagBag from /home/airflow/.local/lib/python3.8/site-packages/airflow/example_dags/example_short_circuit_decorator.py
[2025-02-06T16:09:04.289+0000] {processor.py:839} INFO - DAG(s) dict_keys(['example_short_circuit_decorator']) retrieved from /home/airflow/.local/lib/python3.8/site-packages/airflow/example_dags/example_short_circuit_decorator.py
[2025-02-06T16:09:04.309+0000] {logging_mixin.py:151} INFO - [2025-02-06T16:09:04.308+0000] {dag.py:2915} INFO - Sync 1 DAGs
[2025-02-06T16:09:04.329+0000] {logging_mixin.py:151} INFO - [2025-02-06T16:09:04.328+0000] {dag.py:3696} INFO - Setting next_dagrun for example_short_circuit_decorator to 2025-02-05T16:09:04.328594+00:00, run_after=2025-02-06T16:09:04.328594+00:00
[2025-02-06T16:09:04.348+0000] {processor.py:179} INFO - Processing /home/airflow/.local/lib/python3.8/site-packages/airflow/example_dags/example_short_circuit_decorator.py took 0.070 seconds
[2025-02-06T16:09:37.852+0000] {processor.py:157} INFO - Started process (PID=1393) to work on /home/airflow/.local/lib/python3.8/site-packages/airflow/example_dags/example_short_circuit_decorator.py
[2025-02-06T16:09:37.853+0000] {processor.py:829} INFO - Processing file /home/airflow/.local/lib/python3.8/site-packages/airflow/example_dags/example_short_circuit_decorator.py for tasks to queue
[2025-02-06T16:09:37.853+0000] {logging_mixin.py:151} INFO - [2025-02-06T16:09:37.853+0000] {dagbag.py:539} INFO - Filling up the DagBag from /home/airflow/.local/lib/python3.8/site-packages/airflow/example_dags/example_short_circuit_decorator.py
[2025-02-06T16:09:37.864+0000] {processor.py:839} INFO - DAG(s) dict_keys(['example_short_circuit_decorator']) retrieved from /home/airflow/.local/lib/python3.8/site-packages/airflow/example_dags/example_short_circuit_decorator.py
[2025-02-06T16:09:37.885+0000] {logging_mixin.py:151} INFO - [2025-02-06T16:09:37.885+0000] {dag.py:2915} INFO - Sync 1 DAGs
[2025-02-06T16:09:37.904+0000] {logging_mixin.py:151} INFO - [2025-02-06T16:09:37.904+0000] {dag.py:3696} INFO - Setting next_dagrun for example_short_circuit_decorator to 2025-02-05T16:09:37.903989+00:00, run_after=2025-02-06T16:09:37.903989+00:00
[2025-02-06T16:09:37.923+0000] {processor.py:179} INFO - Processing /home/airflow/.local/lib/python3.8/site-packages/airflow/example_dags/example_short_circuit_decorator.py took 0.074 seconds
[2025-02-06T16:10:10.235+0000] {processor.py:157} INFO - Started process (PID=1654) to work on /home/airflow/.local/lib/python3.8/site-packages/airflow/example_dags/example_short_circuit_decorator.py
[2025-02-06T16:10:10.236+0000] {processor.py:829} INFO - Processing file /home/airflow/.local/lib/python3.8/site-packages/airflow/example_dags/example_short_circuit_decorator.py for tasks to queue
[2025-02-06T16:10:10.237+0000] {logging_mixin.py:151} INFO - [2025-02-06T16:10:10.237+0000] {dagbag.py:539} INFO - Filling up the DagBag from /home/airflow/.local/lib/python3.8/site-packages/airflow/example_dags/example_short_circuit_decorator.py
[2025-02-06T16:10:10.246+0000] {processor.py:839} INFO - DAG(s) dict_keys(['example_short_circuit_decorator']) retrieved from /home/airflow/.local/lib/python3.8/site-packages/airflow/example_dags/example_short_circuit_decorator.py
[2025-02-06T16:10:10.266+0000] {logging_mixin.py:151} INFO - [2025-02-06T16:10:10.266+0000] {dag.py:2915} INFO - Sync 1 DAGs
[2025-02-06T16:10:10.288+0000] {logging_mixin.py:151} INFO - [2025-02-06T16:10:10.287+0000] {dag.py:3696} INFO - Setting next_dagrun for example_short_circuit_decorator to 2025-02-05T16:10:10.287517+00:00, run_after=2025-02-06T16:10:10.287517+00:00
[2025-02-06T16:10:10.303+0000] {processor.py:179} INFO - Processing /home/airflow/.local/lib/python3.8/site-packages/airflow/example_dags/example_short_circuit_decorator.py took 0.071 seconds
[2025-02-06T16:10:43.021+0000] {processor.py:157} INFO - Started process (PID=1915) to work on /home/airflow/.local/lib/python3.8/site-packages/airflow/example_dags/example_short_circuit_decorator.py
[2025-02-06T16:10:43.022+0000] {processor.py:829} INFO - Processing file /home/airflow/.local/lib/python3.8/site-packages/airflow/example_dags/example_short_circuit_decorator.py for tasks to queue
[2025-02-06T16:10:43.023+0000] {logging_mixin.py:151} INFO - [2025-02-06T16:10:43.023+0000] {dagbag.py:539} INFO - Filling up the DagBag from /home/airflow/.local/lib/python3.8/site-packages/airflow/example_dags/example_short_circuit_decorator.py
[2025-02-06T16:10:43.032+0000] {processor.py:839} INFO - DAG(s) dict_keys(['example_short_circuit_decorator']) retrieved from /home/airflow/.local/lib/python3.8/site-packages/airflow/example_dags/example_short_circuit_decorator.py
[2025-02-06T16:10:43.052+0000] {logging_mixin.py:151} INFO - [2025-02-06T16:10:43.052+0000] {dag.py:2915} INFO - Sync 1 DAGs
[2025-02-06T16:10:43.071+0000] {logging_mixin.py:151} INFO - [2025-02-06T16:10:43.071+0000] {dag.py:3696} INFO - Setting next_dagrun for example_short_circuit_decorator to 2025-02-05T16:10:43.071412+00:00, run_after=2025-02-06T16:10:43.071412+00:00
[2025-02-06T16:10:43.087+0000] {processor.py:179} INFO - Processing /home/airflow/.local/lib/python3.8/site-packages/airflow/example_dags/example_short_circuit_decorator.py took 0.068 seconds
[2025-02-06T16:11:15.642+0000] {processor.py:157} INFO - Started process (PID=2176) to work on /home/airflow/.local/lib/python3.8/site-packages/airflow/example_dags/example_short_circuit_decorator.py
[2025-02-06T16:11:15.644+0000] {processor.py:829} INFO - Processing file /home/airflow/.local/lib/python3.8/site-packages/airflow/example_dags/example_short_circuit_decorator.py for tasks to queue
[2025-02-06T16:11:15.645+0000] {logging_mixin.py:151} INFO - [2025-02-06T16:11:15.644+0000] {dagbag.py:539} INFO - Filling up the DagBag from /home/airflow/.local/lib/python3.8/site-packages/airflow/example_dags/example_short_circuit_decorator.py
[2025-02-06T16:11:15.655+0000] {processor.py:839} INFO - DAG(s) dict_keys(['example_short_circuit_decorator']) retrieved from /home/airflow/.local/lib/python3.8/site-packages/airflow/example_dags/example_short_circuit_decorator.py
[2025-02-06T16:11:15.682+0000] {logging_mixin.py:151} INFO - [2025-02-06T16:11:15.681+0000] {dag.py:2915} INFO - Sync 1 DAGs
[2025-02-06T16:11:15.703+0000] {logging_mixin.py:151} INFO - [2025-02-06T16:11:15.703+0000] {dag.py:3696} INFO - Setting next_dagrun for example_short_circuit_decorator to 2025-02-05T16:11:15.702766+00:00, run_after=2025-02-06T16:11:15.702766+00:00
[2025-02-06T16:11:15.722+0000] {processor.py:179} INFO - Processing /home/airflow/.local/lib/python3.8/site-packages/airflow/example_dags/example_short_circuit_decorator.py took 0.084 seconds
[2025-02-06T16:11:48.543+0000] {processor.py:157} INFO - Started process (PID=2437) to work on /home/airflow/.local/lib/python3.8/site-packages/airflow/example_dags/example_short_circuit_decorator.py
[2025-02-06T16:11:48.544+0000] {processor.py:829} INFO - Processing file /home/airflow/.local/lib/python3.8/site-packages/airflow/example_dags/example_short_circuit_decorator.py for tasks to queue
[2025-02-06T16:11:48.545+0000] {logging_mixin.py:151} INFO - [2025-02-06T16:11:48.544+0000] {dagbag.py:539} INFO - Filling up the DagBag from /home/airflow/.local/lib/python3.8/site-packages/airflow/example_dags/example_short_circuit_decorator.py
[2025-02-06T16:11:48.554+0000] {processor.py:839} INFO - DAG(s) dict_keys(['example_short_circuit_decorator']) retrieved from /home/airflow/.local/lib/python3.8/site-packages/airflow/example_dags/example_short_circuit_decorator.py
[2025-02-06T16:11:48.580+0000] {logging_mixin.py:151} INFO - [2025-02-06T16:11:48.579+0000] {dag.py:2915} INFO - Sync 1 DAGs
[2025-02-06T16:11:48.599+0000] {logging_mixin.py:151} INFO - [2025-02-06T16:11:48.599+0000] {dag.py:3696} INFO - Setting next_dagrun for example_short_circuit_decorator to 2025-02-05T16:11:48.599313+00:00, run_after=2025-02-06T16:11:48.599313+00:00
[2025-02-06T16:11:48.619+0000] {processor.py:179} INFO - Processing /home/airflow/.local/lib/python3.8/site-packages/airflow/example_dags/example_short_circuit_decorator.py took 0.079 seconds
[2025-02-06T16:12:21.982+0000] {processor.py:157} INFO - Started process (PID=2698) to work on /home/airflow/.local/lib/python3.8/site-packages/airflow/example_dags/example_short_circuit_decorator.py
[2025-02-06T16:12:21.983+0000] {processor.py:829} INFO - Processing file /home/airflow/.local/lib/python3.8/site-packages/airflow/example_dags/example_short_circuit_decorator.py for tasks to queue
[2025-02-06T16:12:21.984+0000] {logging_mixin.py:151} INFO - [2025-02-06T16:12:21.984+0000] {dagbag.py:539} INFO - Filling up the DagBag from /home/airflow/.local/lib/python3.8/site-packages/airflow/example_dags/example_short_circuit_decorator.py
[2025-02-06T16:12:21.993+0000] {processor.py:839} INFO - DAG(s) dict_keys(['example_short_circuit_decorator']) retrieved from /home/airflow/.local/lib/python3.8/site-packages/airflow/example_dags/example_short_circuit_decorator.py
[2025-02-06T16:12:22.012+0000] {logging_mixin.py:151} INFO - [2025-02-06T16:12:22.012+0000] {dag.py:2915} INFO - Sync 1 DAGs
[2025-02-06T16:12:22.030+0000] {logging_mixin.py:151} INFO - [2025-02-06T16:12:22.030+0000] {dag.py:3696} INFO - Setting next_dagrun for example_short_circuit_decorator to 2025-02-05T16:12:22.029815+00:00, run_after=2025-02-06T16:12:22.029815+00:00
[2025-02-06T16:12:22.045+0000] {processor.py:179} INFO - Processing /home/airflow/.local/lib/python3.8/site-packages/airflow/example_dags/example_short_circuit_decorator.py took 0.065 seconds
[2025-02-06T16:12:54.153+0000] {processor.py:157} INFO - Started process (PID=2966) to work on /home/airflow/.local/lib/python3.8/site-packages/airflow/example_dags/example_short_circuit_decorator.py
[2025-02-06T16:12:54.155+0000] {processor.py:829} INFO - Processing file /home/airflow/.local/lib/python3.8/site-packages/airflow/example_dags/example_short_circuit_decorator.py for tasks to queue
[2025-02-06T16:12:54.156+0000] {logging_mixin.py:151} INFO - [2025-02-06T16:12:54.155+0000] {dagbag.py:539} INFO - Filling up the DagBag from /home/airflow/.local/lib/python3.8/site-packages/airflow/example_dags/example_short_circuit_decorator.py
[2025-02-06T16:12:54.167+0000] {processor.py:839} INFO - DAG(s) dict_keys(['example_short_circuit_decorator']) retrieved from /home/airflow/.local/lib/python3.8/site-packages/airflow/example_dags/example_short_circuit_decorator.py
[2025-02-06T16:12:54.193+0000] {logging_mixin.py:151} INFO - [2025-02-06T16:12:54.193+0000] {dag.py:2915} INFO - Sync 1 DAGs
[2025-02-06T16:12:54.218+0000] {logging_mixin.py:151} INFO - [2025-02-06T16:12:54.218+0000] {dag.py:3696} INFO - Setting next_dagrun for example_short_circuit_decorator to 2025-02-05T16:12:54.218052+00:00, run_after=2025-02-06T16:12:54.218052+00:00
[2025-02-06T16:12:54.239+0000] {processor.py:179} INFO - Processing /home/airflow/.local/lib/python3.8/site-packages/airflow/example_dags/example_short_circuit_decorator.py took 0.088 seconds
[2025-02-06T16:13:26.800+0000] {processor.py:157} INFO - Started process (PID=3225) to work on /home/airflow/.local/lib/python3.8/site-packages/airflow/example_dags/example_short_circuit_decorator.py
[2025-02-06T16:13:26.801+0000] {processor.py:829} INFO - Processing file /home/airflow/.local/lib/python3.8/site-packages/airflow/example_dags/example_short_circuit_decorator.py for tasks to queue
[2025-02-06T16:13:26.801+0000] {logging_mixin.py:151} INFO - [2025-02-06T16:13:26.801+0000] {dagbag.py:539} INFO - Filling up the DagBag from /home/airflow/.local/lib/python3.8/site-packages/airflow/example_dags/example_short_circuit_decorator.py
[2025-02-06T16:13:26.809+0000] {processor.py:839} INFO - DAG(s) dict_keys(['example_short_circuit_decorator']) retrieved from /home/airflow/.local/lib/python3.8/site-packages/airflow/example_dags/example_short_circuit_decorator.py
[2025-02-06T16:13:26.829+0000] {logging_mixin.py:151} INFO - [2025-02-06T16:13:26.828+0000] {dag.py:2915} INFO - Sync 1 DAGs
[2025-02-06T16:13:26.846+0000] {logging_mixin.py:151} INFO - [2025-02-06T16:13:26.846+0000] {dag.py:3696} INFO - Setting next_dagrun for example_short_circuit_decorator to 2025-02-05T16:13:26.846269+00:00, run_after=2025-02-06T16:13:26.846269+00:00
[2025-02-06T16:13:26.862+0000] {processor.py:179} INFO - Processing /home/airflow/.local/lib/python3.8/site-packages/airflow/example_dags/example_short_circuit_decorator.py took 0.064 seconds
[2025-02-06T16:13:59.906+0000] {processor.py:157} INFO - Started process (PID=3486) to work on /home/airflow/.local/lib/python3.8/site-packages/airflow/example_dags/example_short_circuit_decorator.py
[2025-02-06T16:13:59.907+0000] {processor.py:829} INFO - Processing file /home/airflow/.local/lib/python3.8/site-packages/airflow/example_dags/example_short_circuit_decorator.py for tasks to queue
[2025-02-06T16:13:59.908+0000] {logging_mixin.py:151} INFO - [2025-02-06T16:13:59.907+0000] {dagbag.py:539} INFO - Filling up the DagBag from /home/airflow/.local/lib/python3.8/site-packages/airflow/example_dags/example_short_circuit_decorator.py
[2025-02-06T16:13:59.916+0000] {processor.py:839} INFO - DAG(s) dict_keys(['example_short_circuit_decorator']) retrieved from /home/airflow/.local/lib/python3.8/site-packages/airflow/example_dags/example_short_circuit_decorator.py
[2025-02-06T16:13:59.937+0000] {logging_mixin.py:151} INFO - [2025-02-06T16:13:59.937+0000] {dag.py:2915} INFO - Sync 1 DAGs
[2025-02-06T16:13:59.957+0000] {logging_mixin.py:151} INFO - [2025-02-06T16:13:59.957+0000] {dag.py:3696} INFO - Setting next_dagrun for example_short_circuit_decorator to 2025-02-05T16:13:59.957142+00:00, run_after=2025-02-06T16:13:59.957142+00:00
[2025-02-06T16:13:59.975+0000] {processor.py:179} INFO - Processing /home/airflow/.local/lib/python3.8/site-packages/airflow/example_dags/example_short_circuit_decorator.py took 0.072 seconds
[2025-02-06T16:14:32.286+0000] {processor.py:157} INFO - Started process (PID=3747) to work on /home/airflow/.local/lib/python3.8/site-packages/airflow/example_dags/example_short_circuit_decorator.py
[2025-02-06T16:14:32.287+0000] {processor.py:829} INFO - Processing file /home/airflow/.local/lib/python3.8/site-packages/airflow/example_dags/example_short_circuit_decorator.py for tasks to queue
[2025-02-06T16:14:32.288+0000] {logging_mixin.py:151} INFO - [2025-02-06T16:14:32.288+0000] {dagbag.py:539} INFO - Filling up the DagBag from /home/airflow/.local/lib/python3.8/site-packages/airflow/example_dags/example_short_circuit_decorator.py
[2025-02-06T16:14:32.296+0000] {processor.py:839} INFO - DAG(s) dict_keys(['example_short_circuit_decorator']) retrieved from /home/airflow/.local/lib/python3.8/site-packages/airflow/example_dags/example_short_circuit_decorator.py
[2025-02-06T16:14:32.317+0000] {logging_mixin.py:151} INFO - [2025-02-06T16:14:32.317+0000] {dag.py:2915} INFO - Sync 1 DAGs
[2025-02-06T16:14:32.338+0000] {logging_mixin.py:151} INFO - [2025-02-06T16:14:32.337+0000] {dag.py:3696} INFO - Setting next_dagrun for example_short_circuit_decorator to 2025-02-05T16:14:32.337669+00:00, run_after=2025-02-06T16:14:32.337669+00:00
[2025-02-06T16:14:32.353+0000] {processor.py:179} INFO - Processing /home/airflow/.local/lib/python3.8/site-packages/airflow/example_dags/example_short_circuit_decorator.py took 0.069 seconds
[2025-02-06T16:15:05.940+0000] {processor.py:157} INFO - Started process (PID=4027) to work on /home/airflow/.local/lib/python3.8/site-packages/airflow/example_dags/example_short_circuit_decorator.py
[2025-02-06T16:15:05.941+0000] {processor.py:829} INFO - Processing file /home/airflow/.local/lib/python3.8/site-packages/airflow/example_dags/example_short_circuit_decorator.py for tasks to queue
[2025-02-06T16:15:05.941+0000] {logging_mixin.py:151} INFO - [2025-02-06T16:15:05.941+0000] {dagbag.py:539} INFO - Filling up the DagBag from /home/airflow/.local/lib/python3.8/site-packages/airflow/example_dags/example_short_circuit_decorator.py
[2025-02-06T16:15:05.949+0000] {processor.py:839} INFO - DAG(s) dict_keys(['example_short_circuit_decorator']) retrieved from /home/airflow/.local/lib/python3.8/site-packages/airflow/example_dags/example_short_circuit_decorator.py
[2025-02-06T16:15:05.969+0000] {logging_mixin.py:151} INFO - [2025-02-06T16:15:05.969+0000] {dag.py:2915} INFO - Sync 1 DAGs
[2025-02-06T16:15:05.987+0000] {logging_mixin.py:151} INFO - [2025-02-06T16:15:05.987+0000] {dag.py:3696} INFO - Setting next_dagrun for example_short_circuit_decorator to 2025-02-05T16:15:05.987179+00:00, run_after=2025-02-06T16:15:05.987179+00:00
[2025-02-06T16:15:06.002+0000] {processor.py:179} INFO - Processing /home/airflow/.local/lib/python3.8/site-packages/airflow/example_dags/example_short_circuit_decorator.py took 0.064 seconds
[2025-02-06T16:15:38.590+0000] {processor.py:157} INFO - Started process (PID=4288) to work on /home/airflow/.local/lib/python3.8/site-packages/airflow/example_dags/example_short_circuit_decorator.py
[2025-02-06T16:15:38.591+0000] {processor.py:829} INFO - Processing file /home/airflow/.local/lib/python3.8/site-packages/airflow/example_dags/example_short_circuit_decorator.py for tasks to queue
[2025-02-06T16:15:38.592+0000] {logging_mixin.py:151} INFO - [2025-02-06T16:15:38.592+0000] {dagbag.py:539} INFO - Filling up the DagBag from /home/airflow/.local/lib/python3.8/site-packages/airflow/example_dags/example_short_circuit_decorator.py
[2025-02-06T16:15:38.600+0000] {processor.py:839} INFO - DAG(s) dict_keys(['example_short_circuit_decorator']) retrieved from /home/airflow/.local/lib/python3.8/site-packages/airflow/example_dags/example_short_circuit_decorator.py
[2025-02-06T16:15:38.619+0000] {logging_mixin.py:151} INFO - [2025-02-06T16:15:38.619+0000] {dag.py:2915} INFO - Sync 1 DAGs
[2025-02-06T16:15:38.636+0000] {logging_mixin.py:151} INFO - [2025-02-06T16:15:38.636+0000] {dag.py:3696} INFO - Setting next_dagrun for example_short_circuit_decorator to 2025-02-05T16:15:38.635915+00:00, run_after=2025-02-06T16:15:38.635915+00:00
[2025-02-06T16:15:38.651+0000] {processor.py:179} INFO - Processing /home/airflow/.local/lib/python3.8/site-packages/airflow/example_dags/example_short_circuit_decorator.py took 0.063 seconds
[2025-02-06T16:16:11.269+0000] {processor.py:157} INFO - Started process (PID=4552) to work on /home/airflow/.local/lib/python3.8/site-packages/airflow/example_dags/example_short_circuit_decorator.py
[2025-02-06T16:16:11.271+0000] {processor.py:829} INFO - Processing file /home/airflow/.local/lib/python3.8/site-packages/airflow/example_dags/example_short_circuit_decorator.py for tasks to queue
[2025-02-06T16:16:11.271+0000] {logging_mixin.py:151} INFO - [2025-02-06T16:16:11.271+0000] {dagbag.py:539} INFO - Filling up the DagBag from /home/airflow/.local/lib/python3.8/site-packages/airflow/example_dags/example_short_circuit_decorator.py
[2025-02-06T16:16:11.283+0000] {processor.py:839} INFO - DAG(s) dict_keys(['example_short_circuit_decorator']) retrieved from /home/airflow/.local/lib/python3.8/site-packages/airflow/example_dags/example_short_circuit_decorator.py
[2025-02-06T16:16:11.304+0000] {logging_mixin.py:151} INFO - [2025-02-06T16:16:11.304+0000] {dag.py:2915} INFO - Sync 1 DAGs
[2025-02-06T16:16:11.324+0000] {logging_mixin.py:151} INFO - [2025-02-06T16:16:11.324+0000] {dag.py:3696} INFO - Setting next_dagrun for example_short_circuit_decorator to 2025-02-05T16:16:11.324109+00:00, run_after=2025-02-06T16:16:11.324109+00:00
[2025-02-06T16:16:11.341+0000] {processor.py:179} INFO - Processing /home/airflow/.local/lib/python3.8/site-packages/airflow/example_dags/example_short_circuit_decorator.py took 0.074 seconds
[2025-02-06T16:16:45.175+0000] {processor.py:157} INFO - Started process (PID=4864) to work on /home/airflow/.local/lib/python3.8/site-packages/airflow/example_dags/example_short_circuit_decorator.py
[2025-02-06T16:16:45.177+0000] {processor.py:829} INFO - Processing file /home/airflow/.local/lib/python3.8/site-packages/airflow/example_dags/example_short_circuit_decorator.py for tasks to queue
[2025-02-06T16:16:45.178+0000] {logging_mixin.py:151} INFO - [2025-02-06T16:16:45.177+0000] {dagbag.py:539} INFO - Filling up the DagBag from /home/airflow/.local/lib/python3.8/site-packages/airflow/example_dags/example_short_circuit_decorator.py
[2025-02-06T16:16:45.185+0000] {processor.py:839} INFO - DAG(s) dict_keys(['example_short_circuit_decorator']) retrieved from /home/airflow/.local/lib/python3.8/site-packages/airflow/example_dags/example_short_circuit_decorator.py
[2025-02-06T16:16:45.204+0000] {logging_mixin.py:151} INFO - [2025-02-06T16:16:45.204+0000] {dag.py:2915} INFO - Sync 1 DAGs
[2025-02-06T16:16:45.223+0000] {logging_mixin.py:151} INFO - [2025-02-06T16:16:45.223+0000] {dag.py:3696} INFO - Setting next_dagrun for example_short_circuit_decorator to 2025-02-05T16:16:45.223523+00:00, run_after=2025-02-06T16:16:45.223523+00:00
[2025-02-06T16:16:45.238+0000] {processor.py:179} INFO - Processing /home/airflow/.local/lib/python3.8/site-packages/airflow/example_dags/example_short_circuit_decorator.py took 0.065 seconds
[2025-02-06T16:17:17.708+0000] {processor.py:157} INFO - Started process (PID=5130) to work on /home/airflow/.local/lib/python3.8/site-packages/airflow/example_dags/example_short_circuit_decorator.py
[2025-02-06T16:17:17.710+0000] {processor.py:829} INFO - Processing file /home/airflow/.local/lib/python3.8/site-packages/airflow/example_dags/example_short_circuit_decorator.py for tasks to queue
[2025-02-06T16:17:17.712+0000] {logging_mixin.py:151} INFO - [2025-02-06T16:17:17.711+0000] {dagbag.py:539} INFO - Filling up the DagBag from /home/airflow/.local/lib/python3.8/site-packages/airflow/example_dags/example_short_circuit_decorator.py
[2025-02-06T16:17:17.735+0000] {processor.py:839} INFO - DAG(s) dict_keys(['example_short_circuit_decorator']) retrieved from /home/airflow/.local/lib/python3.8/site-packages/airflow/example_dags/example_short_circuit_decorator.py
[2025-02-06T16:17:17.779+0000] {logging_mixin.py:151} INFO - [2025-02-06T16:17:17.779+0000] {dag.py:2915} INFO - Sync 1 DAGs
[2025-02-06T16:17:17.823+0000] {logging_mixin.py:151} INFO - [2025-02-06T16:17:17.823+0000] {dag.py:3696} INFO - Setting next_dagrun for example_short_circuit_decorator to 2025-02-05T16:17:17.822906+00:00, run_after=2025-02-06T16:17:17.822906+00:00
[2025-02-06T16:17:17.857+0000] {processor.py:179} INFO - Processing /home/airflow/.local/lib/python3.8/site-packages/airflow/example_dags/example_short_circuit_decorator.py took 0.153 seconds
[2025-02-06T16:17:50.098+0000] {processor.py:157} INFO - Started process (PID=5391) to work on /home/airflow/.local/lib/python3.8/site-packages/airflow/example_dags/example_short_circuit_decorator.py
[2025-02-06T16:17:50.099+0000] {processor.py:829} INFO - Processing file /home/airflow/.local/lib/python3.8/site-packages/airflow/example_dags/example_short_circuit_decorator.py for tasks to queue
[2025-02-06T16:17:50.099+0000] {logging_mixin.py:151} INFO - [2025-02-06T16:17:50.099+0000] {dagbag.py:539} INFO - Filling up the DagBag from /home/airflow/.local/lib/python3.8/site-packages/airflow/example_dags/example_short_circuit_decorator.py
[2025-02-06T16:17:50.107+0000] {processor.py:839} INFO - DAG(s) dict_keys(['example_short_circuit_decorator']) retrieved from /home/airflow/.local/lib/python3.8/site-packages/airflow/example_dags/example_short_circuit_decorator.py
[2025-02-06T16:17:50.126+0000] {logging_mixin.py:151} INFO - [2025-02-06T16:17:50.126+0000] {dag.py:2915} INFO - Sync 1 DAGs
[2025-02-06T16:17:50.146+0000] {logging_mixin.py:151} INFO - [2025-02-06T16:17:50.145+0000] {dag.py:3696} INFO - Setting next_dagrun for example_short_circuit_decorator to 2025-02-05T16:17:50.145669+00:00, run_after=2025-02-06T16:17:50.145669+00:00
[2025-02-06T16:17:50.160+0000] {processor.py:179} INFO - Processing /home/airflow/.local/lib/python3.8/site-packages/airflow/example_dags/example_short_circuit_decorator.py took 0.064 seconds
[2025-02-06T16:18:22.904+0000] {processor.py:157} INFO - Started process (PID=5652) to work on /home/airflow/.local/lib/python3.8/site-packages/airflow/example_dags/example_short_circuit_decorator.py
[2025-02-06T16:18:22.905+0000] {processor.py:829} INFO - Processing file /home/airflow/.local/lib/python3.8/site-packages/airflow/example_dags/example_short_circuit_decorator.py for tasks to queue
[2025-02-06T16:18:22.906+0000] {logging_mixin.py:151} INFO - [2025-02-06T16:18:22.905+0000] {dagbag.py:539} INFO - Filling up the DagBag from /home/airflow/.local/lib/python3.8/site-packages/airflow/example_dags/example_short_circuit_decorator.py
[2025-02-06T16:18:22.913+0000] {processor.py:839} INFO - DAG(s) dict_keys(['example_short_circuit_decorator']) retrieved from /home/airflow/.local/lib/python3.8/site-packages/airflow/example_dags/example_short_circuit_decorator.py
[2025-02-06T16:18:22.933+0000] {logging_mixin.py:151} INFO - [2025-02-06T16:18:22.933+0000] {dag.py:2915} INFO - Sync 1 DAGs
[2025-02-06T16:18:22.952+0000] {logging_mixin.py:151} INFO - [2025-02-06T16:18:22.952+0000] {dag.py:3696} INFO - Setting next_dagrun for example_short_circuit_decorator to 2025-02-05T16:18:22.951932+00:00, run_after=2025-02-06T16:18:22.951932+00:00
[2025-02-06T16:18:22.968+0000] {processor.py:179} INFO - Processing /home/airflow/.local/lib/python3.8/site-packages/airflow/example_dags/example_short_circuit_decorator.py took 0.067 seconds
[2025-02-06T16:18:55.526+0000] {processor.py:157} INFO - Started process (PID=5913) to work on /home/airflow/.local/lib/python3.8/site-packages/airflow/example_dags/example_short_circuit_decorator.py
[2025-02-06T16:18:55.527+0000] {processor.py:829} INFO - Processing file /home/airflow/.local/lib/python3.8/site-packages/airflow/example_dags/example_short_circuit_decorator.py for tasks to queue
[2025-02-06T16:18:55.528+0000] {logging_mixin.py:151} INFO - [2025-02-06T16:18:55.528+0000] {dagbag.py:539} INFO - Filling up the DagBag from /home/airflow/.local/lib/python3.8/site-packages/airflow/example_dags/example_short_circuit_decorator.py
[2025-02-06T16:18:55.537+0000] {processor.py:839} INFO - DAG(s) dict_keys(['example_short_circuit_decorator']) retrieved from /home/airflow/.local/lib/python3.8/site-packages/airflow/example_dags/example_short_circuit_decorator.py
[2025-02-06T16:18:55.559+0000] {logging_mixin.py:151} INFO - [2025-02-06T16:18:55.559+0000] {dag.py:2915} INFO - Sync 1 DAGs
[2025-02-06T16:18:55.581+0000] {logging_mixin.py:151} INFO - [2025-02-06T16:18:55.581+0000] {dag.py:3696} INFO - Setting next_dagrun for example_short_circuit_decorator to 2025-02-05T16:18:55.581242+00:00, run_after=2025-02-06T16:18:55.581242+00:00
[2025-02-06T16:18:55.602+0000] {processor.py:179} INFO - Processing /home/airflow/.local/lib/python3.8/site-packages/airflow/example_dags/example_short_circuit_decorator.py took 0.078 seconds
