[2025-02-06T15:19:04.325+0000] {processor.py:186} INFO - Started process (PID=296) to work on /home/airflow/.local/lib/python3.12/site-packages/airflow/example_dags/example_sla_dag.py
[2025-02-06T15:19:04.325+0000] {processor.py:914} INFO - Processing file /home/airflow/.local/lib/python3.12/site-packages/airflow/example_dags/example_sla_dag.py for tasks to queue
[2025-02-06T15:19:04.327+0000] {logging_mixin.py:190} INFO - [2025-02-06T15:19:04.327+0000] {dagbag.py:588} INFO - Filling up the DagBag from /home/airflow/.local/lib/python3.12/site-packages/airflow/example_dags/example_sla_dag.py
[2025-02-06T15:19:04.334+0000] {processor.py:925} INFO - DAG(s) 'example_sla_dag' retrieved from /home/airflow/.local/lib/python3.12/site-packages/airflow/example_dags/example_sla_dag.py
[2025-02-06T15:19:04.354+0000] {logging_mixin.py:190} INFO - [2025-02-06T15:19:04.354+0000] {dag.py:3239} INFO - Sync 1 DAGs
[2025-02-06T15:19:04.374+0000] {logging_mixin.py:190} INFO - [2025-02-06T15:19:04.374+0000] {dag.py:4180} INFO - Setting next_dagrun for example_sla_dag to 2025-02-06 15:16:00+00:00, run_after=2025-02-06 15:18:00+00:00
[2025-02-06T15:19:04.387+0000] {processor.py:208} INFO - Processing /home/airflow/.local/lib/python3.12/site-packages/airflow/example_dags/example_sla_dag.py took 0.067 seconds
[2025-02-06T15:19:34.920+0000] {processor.py:186} INFO - Started process (PID=598) to work on /home/airflow/.local/lib/python3.12/site-packages/airflow/example_dags/example_sla_dag.py
[2025-02-06T15:19:34.921+0000] {processor.py:914} INFO - Processing file /home/airflow/.local/lib/python3.12/site-packages/airflow/example_dags/example_sla_dag.py for tasks to queue
[2025-02-06T15:19:34.923+0000] {logging_mixin.py:190} INFO - [2025-02-06T15:19:34.923+0000] {dagbag.py:588} INFO - Filling up the DagBag from /home/airflow/.local/lib/python3.12/site-packages/airflow/example_dags/example_sla_dag.py
[2025-02-06T15:19:34.930+0000] {processor.py:925} INFO - DAG(s) 'example_sla_dag' retrieved from /home/airflow/.local/lib/python3.12/site-packages/airflow/example_dags/example_sla_dag.py
[2025-02-06T15:19:34.945+0000] {logging_mixin.py:190} INFO - [2025-02-06T15:19:34.945+0000] {dag.py:3239} INFO - Sync 1 DAGs
[2025-02-06T15:19:34.965+0000] {logging_mixin.py:190} INFO - [2025-02-06T15:19:34.965+0000] {dag.py:4180} INFO - Setting next_dagrun for example_sla_dag to 2025-02-06 15:16:00+00:00, run_after=2025-02-06 15:18:00+00:00
[2025-02-06T15:19:34.978+0000] {processor.py:208} INFO - Processing /home/airflow/.local/lib/python3.12/site-packages/airflow/example_dags/example_sla_dag.py took 0.061 seconds
[2025-02-06T15:20:05.057+0000] {processor.py:186} INFO - Started process (PID=904) to work on /home/airflow/.local/lib/python3.12/site-packages/airflow/example_dags/example_sla_dag.py
[2025-02-06T15:20:05.058+0000] {processor.py:914} INFO - Processing file /home/airflow/.local/lib/python3.12/site-packages/airflow/example_dags/example_sla_dag.py for tasks to queue
[2025-02-06T15:20:05.060+0000] {logging_mixin.py:190} INFO - [2025-02-06T15:20:05.060+0000] {dagbag.py:588} INFO - Filling up the DagBag from /home/airflow/.local/lib/python3.12/site-packages/airflow/example_dags/example_sla_dag.py
[2025-02-06T15:20:05.067+0000] {processor.py:925} INFO - DAG(s) 'example_sla_dag' retrieved from /home/airflow/.local/lib/python3.12/site-packages/airflow/example_dags/example_sla_dag.py
[2025-02-06T15:20:05.082+0000] {logging_mixin.py:190} INFO - [2025-02-06T15:20:05.082+0000] {dag.py:3239} INFO - Sync 1 DAGs
[2025-02-06T15:20:05.099+0000] {logging_mixin.py:190} INFO - [2025-02-06T15:20:05.099+0000] {dag.py:4180} INFO - Setting next_dagrun for example_sla_dag to 2025-02-06 15:18:00+00:00, run_after=2025-02-06 15:20:00+00:00
[2025-02-06T15:20:05.112+0000] {processor.py:208} INFO - Processing /home/airflow/.local/lib/python3.12/site-packages/airflow/example_dags/example_sla_dag.py took 0.059 seconds
[2025-02-06T15:20:35.681+0000] {processor.py:186} INFO - Started process (PID=1208) to work on /home/airflow/.local/lib/python3.12/site-packages/airflow/example_dags/example_sla_dag.py
[2025-02-06T15:20:35.682+0000] {processor.py:914} INFO - Processing file /home/airflow/.local/lib/python3.12/site-packages/airflow/example_dags/example_sla_dag.py for tasks to queue
[2025-02-06T15:20:35.684+0000] {logging_mixin.py:190} INFO - [2025-02-06T15:20:35.683+0000] {dagbag.py:588} INFO - Filling up the DagBag from /home/airflow/.local/lib/python3.12/site-packages/airflow/example_dags/example_sla_dag.py
[2025-02-06T15:20:35.691+0000] {processor.py:925} INFO - DAG(s) 'example_sla_dag' retrieved from /home/airflow/.local/lib/python3.12/site-packages/airflow/example_dags/example_sla_dag.py
[2025-02-06T15:20:35.706+0000] {logging_mixin.py:190} INFO - [2025-02-06T15:20:35.706+0000] {dag.py:3239} INFO - Sync 1 DAGs
[2025-02-06T15:20:35.726+0000] {logging_mixin.py:190} INFO - [2025-02-06T15:20:35.725+0000] {dag.py:4180} INFO - Setting next_dagrun for example_sla_dag to 2025-02-06 15:18:00+00:00, run_after=2025-02-06 15:20:00+00:00
[2025-02-06T15:20:35.738+0000] {processor.py:208} INFO - Processing /home/airflow/.local/lib/python3.12/site-packages/airflow/example_dags/example_sla_dag.py took 0.060 seconds
[2025-02-06T15:21:06.322+0000] {processor.py:186} INFO - Started process (PID=1516) to work on /home/airflow/.local/lib/python3.12/site-packages/airflow/example_dags/example_sla_dag.py
[2025-02-06T15:21:06.323+0000] {processor.py:914} INFO - Processing file /home/airflow/.local/lib/python3.12/site-packages/airflow/example_dags/example_sla_dag.py for tasks to queue
[2025-02-06T15:21:06.324+0000] {logging_mixin.py:190} INFO - [2025-02-06T15:21:06.324+0000] {dagbag.py:588} INFO - Filling up the DagBag from /home/airflow/.local/lib/python3.12/site-packages/airflow/example_dags/example_sla_dag.py
[2025-02-06T15:21:06.332+0000] {processor.py:925} INFO - DAG(s) 'example_sla_dag' retrieved from /home/airflow/.local/lib/python3.12/site-packages/airflow/example_dags/example_sla_dag.py
[2025-02-06T15:21:06.347+0000] {logging_mixin.py:190} INFO - [2025-02-06T15:21:06.346+0000] {dag.py:3239} INFO - Sync 1 DAGs
[2025-02-06T15:21:06.366+0000] {logging_mixin.py:190} INFO - [2025-02-06T15:21:06.366+0000] {dag.py:4180} INFO - Setting next_dagrun for example_sla_dag to 2025-02-06 15:18:00+00:00, run_after=2025-02-06 15:20:00+00:00
[2025-02-06T15:21:06.380+0000] {processor.py:208} INFO - Processing /home/airflow/.local/lib/python3.12/site-packages/airflow/example_dags/example_sla_dag.py took 0.062 seconds
[2025-02-06T15:21:37.390+0000] {processor.py:186} INFO - Started process (PID=1820) to work on /home/airflow/.local/lib/python3.12/site-packages/airflow/example_dags/example_sla_dag.py
[2025-02-06T15:21:37.391+0000] {processor.py:914} INFO - Processing file /home/airflow/.local/lib/python3.12/site-packages/airflow/example_dags/example_sla_dag.py for tasks to queue
[2025-02-06T15:21:37.393+0000] {logging_mixin.py:190} INFO - [2025-02-06T15:21:37.392+0000] {dagbag.py:588} INFO - Filling up the DagBag from /home/airflow/.local/lib/python3.12/site-packages/airflow/example_dags/example_sla_dag.py
[2025-02-06T15:21:37.400+0000] {processor.py:925} INFO - DAG(s) 'example_sla_dag' retrieved from /home/airflow/.local/lib/python3.12/site-packages/airflow/example_dags/example_sla_dag.py
[2025-02-06T15:21:37.414+0000] {logging_mixin.py:190} INFO - [2025-02-06T15:21:37.414+0000] {dag.py:3239} INFO - Sync 1 DAGs
[2025-02-06T15:21:37.436+0000] {logging_mixin.py:190} INFO - [2025-02-06T15:21:37.435+0000] {dag.py:4180} INFO - Setting next_dagrun for example_sla_dag to 2025-02-06 15:18:00+00:00, run_after=2025-02-06 15:20:00+00:00
[2025-02-06T15:21:37.450+0000] {processor.py:208} INFO - Processing /home/airflow/.local/lib/python3.12/site-packages/airflow/example_dags/example_sla_dag.py took 0.064 seconds
[2025-02-06T15:22:08.337+0000] {processor.py:186} INFO - Started process (PID=2126) to work on /home/airflow/.local/lib/python3.12/site-packages/airflow/example_dags/example_sla_dag.py
[2025-02-06T15:22:08.338+0000] {processor.py:914} INFO - Processing file /home/airflow/.local/lib/python3.12/site-packages/airflow/example_dags/example_sla_dag.py for tasks to queue
[2025-02-06T15:22:08.340+0000] {logging_mixin.py:190} INFO - [2025-02-06T15:22:08.340+0000] {dagbag.py:588} INFO - Filling up the DagBag from /home/airflow/.local/lib/python3.12/site-packages/airflow/example_dags/example_sla_dag.py
[2025-02-06T15:22:08.347+0000] {processor.py:925} INFO - DAG(s) 'example_sla_dag' retrieved from /home/airflow/.local/lib/python3.12/site-packages/airflow/example_dags/example_sla_dag.py
[2025-02-06T15:22:08.361+0000] {logging_mixin.py:190} INFO - [2025-02-06T15:22:08.361+0000] {dag.py:3239} INFO - Sync 1 DAGs
[2025-02-06T15:22:08.381+0000] {logging_mixin.py:190} INFO - [2025-02-06T15:22:08.381+0000] {dag.py:4180} INFO - Setting next_dagrun for example_sla_dag to 2025-02-06 15:20:00+00:00, run_after=2025-02-06 15:22:00+00:00
[2025-02-06T15:22:08.395+0000] {processor.py:208} INFO - Processing /home/airflow/.local/lib/python3.12/site-packages/airflow/example_dags/example_sla_dag.py took 0.063 seconds
[2025-02-06T15:22:39.199+0000] {processor.py:186} INFO - Started process (PID=2432) to work on /home/airflow/.local/lib/python3.12/site-packages/airflow/example_dags/example_sla_dag.py
[2025-02-06T15:22:39.201+0000] {processor.py:914} INFO - Processing file /home/airflow/.local/lib/python3.12/site-packages/airflow/example_dags/example_sla_dag.py for tasks to queue
[2025-02-06T15:22:39.203+0000] {logging_mixin.py:190} INFO - [2025-02-06T15:22:39.203+0000] {dagbag.py:588} INFO - Filling up the DagBag from /home/airflow/.local/lib/python3.12/site-packages/airflow/example_dags/example_sla_dag.py
[2025-02-06T15:22:39.213+0000] {processor.py:925} INFO - DAG(s) 'example_sla_dag' retrieved from /home/airflow/.local/lib/python3.12/site-packages/airflow/example_dags/example_sla_dag.py
[2025-02-06T15:22:39.232+0000] {logging_mixin.py:190} INFO - [2025-02-06T15:22:39.231+0000] {dag.py:3239} INFO - Sync 1 DAGs
[2025-02-06T15:22:39.252+0000] {logging_mixin.py:190} INFO - [2025-02-06T15:22:39.252+0000] {dag.py:4180} INFO - Setting next_dagrun for example_sla_dag to 2025-02-06 15:20:00+00:00, run_after=2025-02-06 15:22:00+00:00
[2025-02-06T15:22:39.269+0000] {processor.py:208} INFO - Processing /home/airflow/.local/lib/python3.12/site-packages/airflow/example_dags/example_sla_dag.py took 0.075 seconds
[2025-02-06T15:23:10.136+0000] {processor.py:186} INFO - Started process (PID=2738) to work on /home/airflow/.local/lib/python3.12/site-packages/airflow/example_dags/example_sla_dag.py
[2025-02-06T15:23:10.137+0000] {processor.py:914} INFO - Processing file /home/airflow/.local/lib/python3.12/site-packages/airflow/example_dags/example_sla_dag.py for tasks to queue
[2025-02-06T15:23:10.138+0000] {logging_mixin.py:190} INFO - [2025-02-06T15:23:10.138+0000] {dagbag.py:588} INFO - Filling up the DagBag from /home/airflow/.local/lib/python3.12/site-packages/airflow/example_dags/example_sla_dag.py
[2025-02-06T15:23:10.146+0000] {processor.py:925} INFO - DAG(s) 'example_sla_dag' retrieved from /home/airflow/.local/lib/python3.12/site-packages/airflow/example_dags/example_sla_dag.py
[2025-02-06T15:23:10.163+0000] {logging_mixin.py:190} INFO - [2025-02-06T15:23:10.163+0000] {dag.py:3239} INFO - Sync 1 DAGs
[2025-02-06T15:23:10.184+0000] {logging_mixin.py:190} INFO - [2025-02-06T15:23:10.183+0000] {dag.py:4180} INFO - Setting next_dagrun for example_sla_dag to 2025-02-06 15:20:00+00:00, run_after=2025-02-06 15:22:00+00:00
[2025-02-06T15:23:10.201+0000] {processor.py:208} INFO - Processing /home/airflow/.local/lib/python3.12/site-packages/airflow/example_dags/example_sla_dag.py took 0.069 seconds
[2025-02-06T15:23:41.171+0000] {processor.py:186} INFO - Started process (PID=3046) to work on /home/airflow/.local/lib/python3.12/site-packages/airflow/example_dags/example_sla_dag.py
[2025-02-06T15:23:41.178+0000] {processor.py:914} INFO - Processing file /home/airflow/.local/lib/python3.12/site-packages/airflow/example_dags/example_sla_dag.py for tasks to queue
[2025-02-06T15:23:41.181+0000] {logging_mixin.py:190} INFO - [2025-02-06T15:23:41.180+0000] {dagbag.py:588} INFO - Filling up the DagBag from /home/airflow/.local/lib/python3.12/site-packages/airflow/example_dags/example_sla_dag.py
[2025-02-06T15:23:41.191+0000] {processor.py:925} INFO - DAG(s) 'example_sla_dag' retrieved from /home/airflow/.local/lib/python3.12/site-packages/airflow/example_dags/example_sla_dag.py
[2025-02-06T15:23:41.213+0000] {logging_mixin.py:190} INFO - [2025-02-06T15:23:41.213+0000] {dag.py:3239} INFO - Sync 1 DAGs
[2025-02-06T15:23:41.246+0000] {logging_mixin.py:190} INFO - [2025-02-06T15:23:41.246+0000] {dag.py:4180} INFO - Setting next_dagrun for example_sla_dag to 2025-02-06 15:20:00+00:00, run_after=2025-02-06 15:22:00+00:00
[2025-02-06T15:23:41.262+0000] {processor.py:208} INFO - Processing /home/airflow/.local/lib/python3.12/site-packages/airflow/example_dags/example_sla_dag.py took 0.099 seconds
[2025-02-06T15:24:11.416+0000] {processor.py:186} INFO - Started process (PID=3350) to work on /home/airflow/.local/lib/python3.12/site-packages/airflow/example_dags/example_sla_dag.py
[2025-02-06T15:24:11.417+0000] {processor.py:914} INFO - Processing file /home/airflow/.local/lib/python3.12/site-packages/airflow/example_dags/example_sla_dag.py for tasks to queue
[2025-02-06T15:24:11.419+0000] {logging_mixin.py:190} INFO - [2025-02-06T15:24:11.418+0000] {dagbag.py:588} INFO - Filling up the DagBag from /home/airflow/.local/lib/python3.12/site-packages/airflow/example_dags/example_sla_dag.py
[2025-02-06T15:24:11.425+0000] {processor.py:925} INFO - DAG(s) 'example_sla_dag' retrieved from /home/airflow/.local/lib/python3.12/site-packages/airflow/example_dags/example_sla_dag.py
[2025-02-06T15:24:11.440+0000] {logging_mixin.py:190} INFO - [2025-02-06T15:24:11.440+0000] {dag.py:3239} INFO - Sync 1 DAGs
[2025-02-06T15:24:11.458+0000] {logging_mixin.py:190} INFO - [2025-02-06T15:24:11.458+0000] {dag.py:4180} INFO - Setting next_dagrun for example_sla_dag to 2025-02-06 15:22:00+00:00, run_after=2025-02-06 15:24:00+00:00
[2025-02-06T15:24:11.471+0000] {processor.py:208} INFO - Processing /home/airflow/.local/lib/python3.12/site-packages/airflow/example_dags/example_sla_dag.py took 0.059 seconds
[2025-02-06T16:07:25.488+0000] {processor.py:157} INFO - Started process (PID=287) to work on /home/airflow/.local/lib/python3.8/site-packages/airflow/example_dags/example_sla_dag.py
[2025-02-06T16:07:25.488+0000] {processor.py:829} INFO - Processing file /home/airflow/.local/lib/python3.8/site-packages/airflow/example_dags/example_sla_dag.py for tasks to queue
[2025-02-06T16:07:25.489+0000] {logging_mixin.py:151} INFO - [2025-02-06T16:07:25.489+0000] {dagbag.py:539} INFO - Filling up the DagBag from /home/airflow/.local/lib/python3.8/site-packages/airflow/example_dags/example_sla_dag.py
[2025-02-06T16:07:25.495+0000] {processor.py:839} INFO - DAG(s) dict_keys(['example_sla_dag']) retrieved from /home/airflow/.local/lib/python3.8/site-packages/airflow/example_dags/example_sla_dag.py
[2025-02-06T16:07:25.506+0000] {logging_mixin.py:151} INFO - [2025-02-06T16:07:25.506+0000] {dag.py:2915} INFO - Sync 1 DAGs
[2025-02-06T16:07:25.517+0000] {logging_mixin.py:151} INFO - [2025-02-06T16:07:25.517+0000] {dag.py:2937} INFO - Creating ORM DAG for example_sla_dag
[2025-02-06T16:07:25.530+0000] {logging_mixin.py:151} INFO - [2025-02-06T16:07:25.530+0000] {dag.py:3696} INFO - Setting next_dagrun for example_sla_dag to 2025-02-06T16:04:00+00:00, run_after=2025-02-06T16:06:00+00:00
[2025-02-06T16:07:25.666+0000] {processor.py:179} INFO - Processing /home/airflow/.local/lib/python3.8/site-packages/airflow/example_dags/example_sla_dag.py took 0.181 seconds
[2025-02-06T16:07:58.613+0000] {processor.py:157} INFO - Started process (PID=554) to work on /home/airflow/.local/lib/python3.8/site-packages/airflow/example_dags/example_sla_dag.py
[2025-02-06T16:07:58.614+0000] {processor.py:829} INFO - Processing file /home/airflow/.local/lib/python3.8/site-packages/airflow/example_dags/example_sla_dag.py for tasks to queue
[2025-02-06T16:07:58.615+0000] {logging_mixin.py:151} INFO - [2025-02-06T16:07:58.615+0000] {dagbag.py:539} INFO - Filling up the DagBag from /home/airflow/.local/lib/python3.8/site-packages/airflow/example_dags/example_sla_dag.py
[2025-02-06T16:07:58.625+0000] {processor.py:839} INFO - DAG(s) dict_keys(['example_sla_dag']) retrieved from /home/airflow/.local/lib/python3.8/site-packages/airflow/example_dags/example_sla_dag.py
[2025-02-06T16:07:58.638+0000] {logging_mixin.py:151} INFO - [2025-02-06T16:07:58.638+0000] {dag.py:2915} INFO - Sync 1 DAGs
[2025-02-06T16:07:58.666+0000] {logging_mixin.py:151} INFO - [2025-02-06T16:07:58.666+0000] {dag.py:3696} INFO - Setting next_dagrun for example_sla_dag to 2025-02-06T16:04:00+00:00, run_after=2025-02-06T16:06:00+00:00
[2025-02-06T16:07:58.689+0000] {processor.py:179} INFO - Processing /home/airflow/.local/lib/python3.8/site-packages/airflow/example_dags/example_sla_dag.py took 0.079 seconds
[2025-02-06T16:08:31.029+0000] {processor.py:157} INFO - Started process (PID=821) to work on /home/airflow/.local/lib/python3.8/site-packages/airflow/example_dags/example_sla_dag.py
[2025-02-06T16:08:31.030+0000] {processor.py:829} INFO - Processing file /home/airflow/.local/lib/python3.8/site-packages/airflow/example_dags/example_sla_dag.py for tasks to queue
[2025-02-06T16:08:31.031+0000] {logging_mixin.py:151} INFO - [2025-02-06T16:08:31.031+0000] {dagbag.py:539} INFO - Filling up the DagBag from /home/airflow/.local/lib/python3.8/site-packages/airflow/example_dags/example_sla_dag.py
[2025-02-06T16:08:31.039+0000] {processor.py:839} INFO - DAG(s) dict_keys(['example_sla_dag']) retrieved from /home/airflow/.local/lib/python3.8/site-packages/airflow/example_dags/example_sla_dag.py
[2025-02-06T16:08:31.058+0000] {logging_mixin.py:151} INFO - [2025-02-06T16:08:31.058+0000] {dag.py:2915} INFO - Sync 1 DAGs
[2025-02-06T16:08:31.078+0000] {logging_mixin.py:151} INFO - [2025-02-06T16:08:31.078+0000] {dag.py:3696} INFO - Setting next_dagrun for example_sla_dag to 2025-02-06T16:06:00+00:00, run_after=2025-02-06T16:08:00+00:00
[2025-02-06T16:08:31.096+0000] {processor.py:179} INFO - Processing /home/airflow/.local/lib/python3.8/site-packages/airflow/example_dags/example_sla_dag.py took 0.071 seconds
[2025-02-06T16:09:03.755+0000] {processor.py:157} INFO - Started process (PID=1082) to work on /home/airflow/.local/lib/python3.8/site-packages/airflow/example_dags/example_sla_dag.py
[2025-02-06T16:09:03.757+0000] {processor.py:829} INFO - Processing file /home/airflow/.local/lib/python3.8/site-packages/airflow/example_dags/example_sla_dag.py for tasks to queue
[2025-02-06T16:09:03.757+0000] {logging_mixin.py:151} INFO - [2025-02-06T16:09:03.757+0000] {dagbag.py:539} INFO - Filling up the DagBag from /home/airflow/.local/lib/python3.8/site-packages/airflow/example_dags/example_sla_dag.py
[2025-02-06T16:09:03.764+0000] {processor.py:839} INFO - DAG(s) dict_keys(['example_sla_dag']) retrieved from /home/airflow/.local/lib/python3.8/site-packages/airflow/example_dags/example_sla_dag.py
[2025-02-06T16:09:03.781+0000] {logging_mixin.py:151} INFO - [2025-02-06T16:09:03.781+0000] {dag.py:2915} INFO - Sync 1 DAGs
[2025-02-06T16:09:03.803+0000] {logging_mixin.py:151} INFO - [2025-02-06T16:09:03.803+0000] {dag.py:3696} INFO - Setting next_dagrun for example_sla_dag to 2025-02-06T16:06:00+00:00, run_after=2025-02-06T16:08:00+00:00
[2025-02-06T16:09:03.820+0000] {processor.py:179} INFO - Processing /home/airflow/.local/lib/python3.8/site-packages/airflow/example_dags/example_sla_dag.py took 0.067 seconds
[2025-02-06T16:09:36.951+0000] {processor.py:157} INFO - Started process (PID=1343) to work on /home/airflow/.local/lib/python3.8/site-packages/airflow/example_dags/example_sla_dag.py
[2025-02-06T16:09:36.953+0000] {processor.py:829} INFO - Processing file /home/airflow/.local/lib/python3.8/site-packages/airflow/example_dags/example_sla_dag.py for tasks to queue
[2025-02-06T16:09:36.953+0000] {logging_mixin.py:151} INFO - [2025-02-06T16:09:36.953+0000] {dagbag.py:539} INFO - Filling up the DagBag from /home/airflow/.local/lib/python3.8/site-packages/airflow/example_dags/example_sla_dag.py
[2025-02-06T16:09:36.962+0000] {processor.py:839} INFO - DAG(s) dict_keys(['example_sla_dag']) retrieved from /home/airflow/.local/lib/python3.8/site-packages/airflow/example_dags/example_sla_dag.py
[2025-02-06T16:09:36.987+0000] {logging_mixin.py:151} INFO - [2025-02-06T16:09:36.987+0000] {dag.py:2915} INFO - Sync 1 DAGs
[2025-02-06T16:09:37.012+0000] {logging_mixin.py:151} INFO - [2025-02-06T16:09:37.012+0000] {dag.py:3696} INFO - Setting next_dagrun for example_sla_dag to 2025-02-06T16:06:00+00:00, run_after=2025-02-06T16:08:00+00:00
[2025-02-06T16:09:37.029+0000] {processor.py:179} INFO - Processing /home/airflow/.local/lib/python3.8/site-packages/airflow/example_dags/example_sla_dag.py took 0.081 seconds
[2025-02-06T16:10:09.708+0000] {processor.py:157} INFO - Started process (PID=1604) to work on /home/airflow/.local/lib/python3.8/site-packages/airflow/example_dags/example_sla_dag.py
[2025-02-06T16:10:09.709+0000] {processor.py:829} INFO - Processing file /home/airflow/.local/lib/python3.8/site-packages/airflow/example_dags/example_sla_dag.py for tasks to queue
[2025-02-06T16:10:09.709+0000] {logging_mixin.py:151} INFO - [2025-02-06T16:10:09.709+0000] {dagbag.py:539} INFO - Filling up the DagBag from /home/airflow/.local/lib/python3.8/site-packages/airflow/example_dags/example_sla_dag.py
[2025-02-06T16:10:09.716+0000] {processor.py:839} INFO - DAG(s) dict_keys(['example_sla_dag']) retrieved from /home/airflow/.local/lib/python3.8/site-packages/airflow/example_dags/example_sla_dag.py
[2025-02-06T16:10:09.734+0000] {logging_mixin.py:151} INFO - [2025-02-06T16:10:09.733+0000] {dag.py:2915} INFO - Sync 1 DAGs
[2025-02-06T16:10:09.754+0000] {logging_mixin.py:151} INFO - [2025-02-06T16:10:09.754+0000] {dag.py:3696} INFO - Setting next_dagrun for example_sla_dag to 2025-02-06T16:08:00+00:00, run_after=2025-02-06T16:10:00+00:00
[2025-02-06T16:10:09.769+0000] {processor.py:179} INFO - Processing /home/airflow/.local/lib/python3.8/site-packages/airflow/example_dags/example_sla_dag.py took 0.064 seconds
[2025-02-06T16:10:42.397+0000] {processor.py:157} INFO - Started process (PID=1865) to work on /home/airflow/.local/lib/python3.8/site-packages/airflow/example_dags/example_sla_dag.py
[2025-02-06T16:10:42.398+0000] {processor.py:829} INFO - Processing file /home/airflow/.local/lib/python3.8/site-packages/airflow/example_dags/example_sla_dag.py for tasks to queue
[2025-02-06T16:10:42.399+0000] {logging_mixin.py:151} INFO - [2025-02-06T16:10:42.398+0000] {dagbag.py:539} INFO - Filling up the DagBag from /home/airflow/.local/lib/python3.8/site-packages/airflow/example_dags/example_sla_dag.py
[2025-02-06T16:10:42.406+0000] {processor.py:839} INFO - DAG(s) dict_keys(['example_sla_dag']) retrieved from /home/airflow/.local/lib/python3.8/site-packages/airflow/example_dags/example_sla_dag.py
[2025-02-06T16:10:42.425+0000] {logging_mixin.py:151} INFO - [2025-02-06T16:10:42.425+0000] {dag.py:2915} INFO - Sync 1 DAGs
[2025-02-06T16:10:42.447+0000] {logging_mixin.py:151} INFO - [2025-02-06T16:10:42.447+0000] {dag.py:3696} INFO - Setting next_dagrun for example_sla_dag to 2025-02-06T16:08:00+00:00, run_after=2025-02-06T16:10:00+00:00
[2025-02-06T16:10:42.467+0000] {processor.py:179} INFO - Processing /home/airflow/.local/lib/python3.8/site-packages/airflow/example_dags/example_sla_dag.py took 0.073 seconds
[2025-02-06T16:11:14.923+0000] {processor.py:157} INFO - Started process (PID=2126) to work on /home/airflow/.local/lib/python3.8/site-packages/airflow/example_dags/example_sla_dag.py
[2025-02-06T16:11:14.924+0000] {processor.py:829} INFO - Processing file /home/airflow/.local/lib/python3.8/site-packages/airflow/example_dags/example_sla_dag.py for tasks to queue
[2025-02-06T16:11:14.925+0000] {logging_mixin.py:151} INFO - [2025-02-06T16:11:14.924+0000] {dagbag.py:539} INFO - Filling up the DagBag from /home/airflow/.local/lib/python3.8/site-packages/airflow/example_dags/example_sla_dag.py
[2025-02-06T16:11:14.933+0000] {processor.py:839} INFO - DAG(s) dict_keys(['example_sla_dag']) retrieved from /home/airflow/.local/lib/python3.8/site-packages/airflow/example_dags/example_sla_dag.py
[2025-02-06T16:11:14.953+0000] {logging_mixin.py:151} INFO - [2025-02-06T16:11:14.953+0000] {dag.py:2915} INFO - Sync 1 DAGs
[2025-02-06T16:11:14.975+0000] {logging_mixin.py:151} INFO - [2025-02-06T16:11:14.975+0000] {dag.py:3696} INFO - Setting next_dagrun for example_sla_dag to 2025-02-06T16:08:00+00:00, run_after=2025-02-06T16:10:00+00:00
[2025-02-06T16:11:14.992+0000] {processor.py:179} INFO - Processing /home/airflow/.local/lib/python3.8/site-packages/airflow/example_dags/example_sla_dag.py took 0.072 seconds
[2025-02-06T16:11:47.931+0000] {processor.py:157} INFO - Started process (PID=2387) to work on /home/airflow/.local/lib/python3.8/site-packages/airflow/example_dags/example_sla_dag.py
[2025-02-06T16:11:47.932+0000] {processor.py:829} INFO - Processing file /home/airflow/.local/lib/python3.8/site-packages/airflow/example_dags/example_sla_dag.py for tasks to queue
[2025-02-06T16:11:47.933+0000] {logging_mixin.py:151} INFO - [2025-02-06T16:11:47.932+0000] {dagbag.py:539} INFO - Filling up the DagBag from /home/airflow/.local/lib/python3.8/site-packages/airflow/example_dags/example_sla_dag.py
[2025-02-06T16:11:47.946+0000] {processor.py:839} INFO - DAG(s) dict_keys(['example_sla_dag']) retrieved from /home/airflow/.local/lib/python3.8/site-packages/airflow/example_dags/example_sla_dag.py
[2025-02-06T16:11:47.974+0000] {logging_mixin.py:151} INFO - [2025-02-06T16:11:47.973+0000] {dag.py:2915} INFO - Sync 1 DAGs
[2025-02-06T16:11:48.002+0000] {logging_mixin.py:151} INFO - [2025-02-06T16:11:48.001+0000] {dag.py:3696} INFO - Setting next_dagrun for example_sla_dag to 2025-02-06T16:08:00+00:00, run_after=2025-02-06T16:10:00+00:00
[2025-02-06T16:11:48.023+0000] {processor.py:179} INFO - Processing /home/airflow/.local/lib/python3.8/site-packages/airflow/example_dags/example_sla_dag.py took 0.095 seconds
[2025-02-06T16:12:21.425+0000] {processor.py:157} INFO - Started process (PID=2648) to work on /home/airflow/.local/lib/python3.8/site-packages/airflow/example_dags/example_sla_dag.py
[2025-02-06T16:12:21.426+0000] {processor.py:829} INFO - Processing file /home/airflow/.local/lib/python3.8/site-packages/airflow/example_dags/example_sla_dag.py for tasks to queue
[2025-02-06T16:12:21.426+0000] {logging_mixin.py:151} INFO - [2025-02-06T16:12:21.426+0000] {dagbag.py:539} INFO - Filling up the DagBag from /home/airflow/.local/lib/python3.8/site-packages/airflow/example_dags/example_sla_dag.py
[2025-02-06T16:12:21.433+0000] {processor.py:839} INFO - DAG(s) dict_keys(['example_sla_dag']) retrieved from /home/airflow/.local/lib/python3.8/site-packages/airflow/example_dags/example_sla_dag.py
[2025-02-06T16:12:21.450+0000] {logging_mixin.py:151} INFO - [2025-02-06T16:12:21.450+0000] {dag.py:2915} INFO - Sync 1 DAGs
[2025-02-06T16:12:21.469+0000] {logging_mixin.py:151} INFO - [2025-02-06T16:12:21.469+0000] {dag.py:3696} INFO - Setting next_dagrun for example_sla_dag to 2025-02-06T16:10:00+00:00, run_after=2025-02-06T16:12:00+00:00
[2025-02-06T16:12:21.485+0000] {processor.py:179} INFO - Processing /home/airflow/.local/lib/python3.8/site-packages/airflow/example_dags/example_sla_dag.py took 0.063 seconds
[2025-02-06T16:12:53.472+0000] {processor.py:157} INFO - Started process (PID=2914) to work on /home/airflow/.local/lib/python3.8/site-packages/airflow/example_dags/example_sla_dag.py
[2025-02-06T16:12:53.473+0000] {processor.py:829} INFO - Processing file /home/airflow/.local/lib/python3.8/site-packages/airflow/example_dags/example_sla_dag.py for tasks to queue
[2025-02-06T16:12:53.474+0000] {logging_mixin.py:151} INFO - [2025-02-06T16:12:53.474+0000] {dagbag.py:539} INFO - Filling up the DagBag from /home/airflow/.local/lib/python3.8/site-packages/airflow/example_dags/example_sla_dag.py
[2025-02-06T16:12:53.482+0000] {processor.py:839} INFO - DAG(s) dict_keys(['example_sla_dag']) retrieved from /home/airflow/.local/lib/python3.8/site-packages/airflow/example_dags/example_sla_dag.py
[2025-02-06T16:12:53.500+0000] {logging_mixin.py:151} INFO - [2025-02-06T16:12:53.500+0000] {dag.py:2915} INFO - Sync 1 DAGs
[2025-02-06T16:12:53.522+0000] {logging_mixin.py:151} INFO - [2025-02-06T16:12:53.522+0000] {dag.py:3696} INFO - Setting next_dagrun for example_sla_dag to 2025-02-06T16:10:00+00:00, run_after=2025-02-06T16:12:00+00:00
[2025-02-06T16:12:53.539+0000] {processor.py:179} INFO - Processing /home/airflow/.local/lib/python3.8/site-packages/airflow/example_dags/example_sla_dag.py took 0.069 seconds
[2025-02-06T16:13:26.136+0000] {processor.py:157} INFO - Started process (PID=3175) to work on /home/airflow/.local/lib/python3.8/site-packages/airflow/example_dags/example_sla_dag.py
[2025-02-06T16:13:26.137+0000] {processor.py:829} INFO - Processing file /home/airflow/.local/lib/python3.8/site-packages/airflow/example_dags/example_sla_dag.py for tasks to queue
[2025-02-06T16:13:26.137+0000] {logging_mixin.py:151} INFO - [2025-02-06T16:13:26.137+0000] {dagbag.py:539} INFO - Filling up the DagBag from /home/airflow/.local/lib/python3.8/site-packages/airflow/example_dags/example_sla_dag.py
[2025-02-06T16:13:26.145+0000] {processor.py:839} INFO - DAG(s) dict_keys(['example_sla_dag']) retrieved from /home/airflow/.local/lib/python3.8/site-packages/airflow/example_dags/example_sla_dag.py
[2025-02-06T16:13:26.170+0000] {logging_mixin.py:151} INFO - [2025-02-06T16:13:26.169+0000] {dag.py:2915} INFO - Sync 1 DAGs
[2025-02-06T16:13:26.190+0000] {logging_mixin.py:151} INFO - [2025-02-06T16:13:26.190+0000] {dag.py:3696} INFO - Setting next_dagrun for example_sla_dag to 2025-02-06T16:10:00+00:00, run_after=2025-02-06T16:12:00+00:00
[2025-02-06T16:13:26.206+0000] {processor.py:179} INFO - Processing /home/airflow/.local/lib/python3.8/site-packages/airflow/example_dags/example_sla_dag.py took 0.072 seconds
[2025-02-06T16:13:59.185+0000] {processor.py:157} INFO - Started process (PID=3436) to work on /home/airflow/.local/lib/python3.8/site-packages/airflow/example_dags/example_sla_dag.py
[2025-02-06T16:13:59.186+0000] {processor.py:829} INFO - Processing file /home/airflow/.local/lib/python3.8/site-packages/airflow/example_dags/example_sla_dag.py for tasks to queue
[2025-02-06T16:13:59.186+0000] {logging_mixin.py:151} INFO - [2025-02-06T16:13:59.186+0000] {dagbag.py:539} INFO - Filling up the DagBag from /home/airflow/.local/lib/python3.8/site-packages/airflow/example_dags/example_sla_dag.py
[2025-02-06T16:13:59.194+0000] {processor.py:839} INFO - DAG(s) dict_keys(['example_sla_dag']) retrieved from /home/airflow/.local/lib/python3.8/site-packages/airflow/example_dags/example_sla_dag.py
[2025-02-06T16:13:59.213+0000] {logging_mixin.py:151} INFO - [2025-02-06T16:13:59.212+0000] {dag.py:2915} INFO - Sync 1 DAGs
[2025-02-06T16:13:59.235+0000] {logging_mixin.py:151} INFO - [2025-02-06T16:13:59.235+0000] {dag.py:3696} INFO - Setting next_dagrun for example_sla_dag to 2025-02-06T16:10:00+00:00, run_after=2025-02-06T16:12:00+00:00
[2025-02-06T16:13:59.251+0000] {processor.py:179} INFO - Processing /home/airflow/.local/lib/python3.8/site-packages/airflow/example_dags/example_sla_dag.py took 0.069 seconds
[2025-02-06T16:14:31.607+0000] {processor.py:157} INFO - Started process (PID=3697) to work on /home/airflow/.local/lib/python3.8/site-packages/airflow/example_dags/example_sla_dag.py
[2025-02-06T16:14:31.608+0000] {processor.py:829} INFO - Processing file /home/airflow/.local/lib/python3.8/site-packages/airflow/example_dags/example_sla_dag.py for tasks to queue
[2025-02-06T16:14:31.608+0000] {logging_mixin.py:151} INFO - [2025-02-06T16:14:31.608+0000] {dagbag.py:539} INFO - Filling up the DagBag from /home/airflow/.local/lib/python3.8/site-packages/airflow/example_dags/example_sla_dag.py
[2025-02-06T16:14:31.616+0000] {processor.py:839} INFO - DAG(s) dict_keys(['example_sla_dag']) retrieved from /home/airflow/.local/lib/python3.8/site-packages/airflow/example_dags/example_sla_dag.py
[2025-02-06T16:14:31.635+0000] {logging_mixin.py:151} INFO - [2025-02-06T16:14:31.634+0000] {dag.py:2915} INFO - Sync 1 DAGs
[2025-02-06T16:14:31.656+0000] {logging_mixin.py:151} INFO - [2025-02-06T16:14:31.656+0000] {dag.py:3696} INFO - Setting next_dagrun for example_sla_dag to 2025-02-06T16:12:00+00:00, run_after=2025-02-06T16:14:00+00:00
[2025-02-06T16:14:31.673+0000] {processor.py:179} INFO - Processing /home/airflow/.local/lib/python3.8/site-packages/airflow/example_dags/example_sla_dag.py took 0.068 seconds
[2025-02-06T16:15:05.297+0000] {processor.py:157} INFO - Started process (PID=3975) to work on /home/airflow/.local/lib/python3.8/site-packages/airflow/example_dags/example_sla_dag.py
[2025-02-06T16:15:05.298+0000] {processor.py:829} INFO - Processing file /home/airflow/.local/lib/python3.8/site-packages/airflow/example_dags/example_sla_dag.py for tasks to queue
[2025-02-06T16:15:05.299+0000] {logging_mixin.py:151} INFO - [2025-02-06T16:15:05.299+0000] {dagbag.py:539} INFO - Filling up the DagBag from /home/airflow/.local/lib/python3.8/site-packages/airflow/example_dags/example_sla_dag.py
[2025-02-06T16:15:05.306+0000] {processor.py:839} INFO - DAG(s) dict_keys(['example_sla_dag']) retrieved from /home/airflow/.local/lib/python3.8/site-packages/airflow/example_dags/example_sla_dag.py
[2025-02-06T16:15:05.325+0000] {logging_mixin.py:151} INFO - [2025-02-06T16:15:05.325+0000] {dag.py:2915} INFO - Sync 1 DAGs
[2025-02-06T16:15:05.350+0000] {logging_mixin.py:151} INFO - [2025-02-06T16:15:05.349+0000] {dag.py:3696} INFO - Setting next_dagrun for example_sla_dag to 2025-02-06T16:12:00+00:00, run_after=2025-02-06T16:14:00+00:00
[2025-02-06T16:15:05.366+0000] {processor.py:179} INFO - Processing /home/airflow/.local/lib/python3.8/site-packages/airflow/example_dags/example_sla_dag.py took 0.072 seconds
[2025-02-06T16:15:37.953+0000] {processor.py:157} INFO - Started process (PID=4236) to work on /home/airflow/.local/lib/python3.8/site-packages/airflow/example_dags/example_sla_dag.py
[2025-02-06T16:15:37.954+0000] {processor.py:829} INFO - Processing file /home/airflow/.local/lib/python3.8/site-packages/airflow/example_dags/example_sla_dag.py for tasks to queue
[2025-02-06T16:15:37.954+0000] {logging_mixin.py:151} INFO - [2025-02-06T16:15:37.954+0000] {dagbag.py:539} INFO - Filling up the DagBag from /home/airflow/.local/lib/python3.8/site-packages/airflow/example_dags/example_sla_dag.py
[2025-02-06T16:15:37.962+0000] {processor.py:839} INFO - DAG(s) dict_keys(['example_sla_dag']) retrieved from /home/airflow/.local/lib/python3.8/site-packages/airflow/example_dags/example_sla_dag.py
[2025-02-06T16:15:37.979+0000] {logging_mixin.py:151} INFO - [2025-02-06T16:15:37.979+0000] {dag.py:2915} INFO - Sync 1 DAGs
[2025-02-06T16:15:37.999+0000] {logging_mixin.py:151} INFO - [2025-02-06T16:15:37.999+0000] {dag.py:3696} INFO - Setting next_dagrun for example_sla_dag to 2025-02-06T16:12:00+00:00, run_after=2025-02-06T16:14:00+00:00
[2025-02-06T16:15:38.016+0000] {processor.py:179} INFO - Processing /home/airflow/.local/lib/python3.8/site-packages/airflow/example_dags/example_sla_dag.py took 0.066 seconds
[2025-02-06T16:16:10.614+0000] {processor.py:157} INFO - Started process (PID=4502) to work on /home/airflow/.local/lib/python3.8/site-packages/airflow/example_dags/example_sla_dag.py
[2025-02-06T16:16:10.615+0000] {processor.py:829} INFO - Processing file /home/airflow/.local/lib/python3.8/site-packages/airflow/example_dags/example_sla_dag.py for tasks to queue
[2025-02-06T16:16:10.616+0000] {logging_mixin.py:151} INFO - [2025-02-06T16:16:10.615+0000] {dagbag.py:539} INFO - Filling up the DagBag from /home/airflow/.local/lib/python3.8/site-packages/airflow/example_dags/example_sla_dag.py
[2025-02-06T16:16:10.623+0000] {processor.py:839} INFO - DAG(s) dict_keys(['example_sla_dag']) retrieved from /home/airflow/.local/lib/python3.8/site-packages/airflow/example_dags/example_sla_dag.py
[2025-02-06T16:16:10.641+0000] {logging_mixin.py:151} INFO - [2025-02-06T16:16:10.641+0000] {dag.py:2915} INFO - Sync 1 DAGs
[2025-02-06T16:16:10.660+0000] {logging_mixin.py:151} INFO - [2025-02-06T16:16:10.660+0000] {dag.py:3696} INFO - Setting next_dagrun for example_sla_dag to 2025-02-06T16:14:00+00:00, run_after=2025-02-06T16:16:00+00:00
[2025-02-06T16:16:10.674+0000] {processor.py:179} INFO - Processing /home/airflow/.local/lib/python3.8/site-packages/airflow/example_dags/example_sla_dag.py took 0.063 seconds
[2025-02-06T16:16:44.673+0000] {processor.py:157} INFO - Started process (PID=4814) to work on /home/airflow/.local/lib/python3.8/site-packages/airflow/example_dags/example_sla_dag.py
[2025-02-06T16:16:44.674+0000] {processor.py:829} INFO - Processing file /home/airflow/.local/lib/python3.8/site-packages/airflow/example_dags/example_sla_dag.py for tasks to queue
[2025-02-06T16:16:44.675+0000] {logging_mixin.py:151} INFO - [2025-02-06T16:16:44.675+0000] {dagbag.py:539} INFO - Filling up the DagBag from /home/airflow/.local/lib/python3.8/site-packages/airflow/example_dags/example_sla_dag.py
[2025-02-06T16:16:44.683+0000] {processor.py:839} INFO - DAG(s) dict_keys(['example_sla_dag']) retrieved from /home/airflow/.local/lib/python3.8/site-packages/airflow/example_dags/example_sla_dag.py
[2025-02-06T16:16:44.699+0000] {logging_mixin.py:151} INFO - [2025-02-06T16:16:44.699+0000] {dag.py:2915} INFO - Sync 1 DAGs
[2025-02-06T16:16:44.720+0000] {logging_mixin.py:151} INFO - [2025-02-06T16:16:44.720+0000] {dag.py:3696} INFO - Setting next_dagrun for example_sla_dag to 2025-02-06T16:14:00+00:00, run_after=2025-02-06T16:16:00+00:00
[2025-02-06T16:16:44.734+0000] {processor.py:179} INFO - Processing /home/airflow/.local/lib/python3.8/site-packages/airflow/example_dags/example_sla_dag.py took 0.064 seconds
[2025-02-06T16:17:16.869+0000] {processor.py:157} INFO - Started process (PID=5075) to work on /home/airflow/.local/lib/python3.8/site-packages/airflow/example_dags/example_sla_dag.py
[2025-02-06T16:17:16.870+0000] {processor.py:829} INFO - Processing file /home/airflow/.local/lib/python3.8/site-packages/airflow/example_dags/example_sla_dag.py for tasks to queue
[2025-02-06T16:17:16.871+0000] {logging_mixin.py:151} INFO - [2025-02-06T16:17:16.871+0000] {dagbag.py:539} INFO - Filling up the DagBag from /home/airflow/.local/lib/python3.8/site-packages/airflow/example_dags/example_sla_dag.py
[2025-02-06T16:17:16.881+0000] {processor.py:839} INFO - DAG(s) dict_keys(['example_sla_dag']) retrieved from /home/airflow/.local/lib/python3.8/site-packages/airflow/example_dags/example_sla_dag.py
[2025-02-06T16:17:16.904+0000] {logging_mixin.py:151} INFO - [2025-02-06T16:17:16.904+0000] {dag.py:2915} INFO - Sync 1 DAGs
[2025-02-06T16:17:16.929+0000] {logging_mixin.py:151} INFO - [2025-02-06T16:17:16.928+0000] {dag.py:3696} INFO - Setting next_dagrun for example_sla_dag to 2025-02-06T16:14:00+00:00, run_after=2025-02-06T16:16:00+00:00
[2025-02-06T16:17:16.949+0000] {processor.py:179} INFO - Processing /home/airflow/.local/lib/python3.8/site-packages/airflow/example_dags/example_sla_dag.py took 0.084 seconds
[2025-02-06T16:17:49.614+0000] {processor.py:157} INFO - Started process (PID=5341) to work on /home/airflow/.local/lib/python3.8/site-packages/airflow/example_dags/example_sla_dag.py
[2025-02-06T16:17:49.615+0000] {processor.py:829} INFO - Processing file /home/airflow/.local/lib/python3.8/site-packages/airflow/example_dags/example_sla_dag.py for tasks to queue
[2025-02-06T16:17:49.616+0000] {logging_mixin.py:151} INFO - [2025-02-06T16:17:49.616+0000] {dagbag.py:539} INFO - Filling up the DagBag from /home/airflow/.local/lib/python3.8/site-packages/airflow/example_dags/example_sla_dag.py
[2025-02-06T16:17:49.623+0000] {processor.py:839} INFO - DAG(s) dict_keys(['example_sla_dag']) retrieved from /home/airflow/.local/lib/python3.8/site-packages/airflow/example_dags/example_sla_dag.py
[2025-02-06T16:17:49.641+0000] {logging_mixin.py:151} INFO - [2025-02-06T16:17:49.641+0000] {dag.py:2915} INFO - Sync 1 DAGs
[2025-02-06T16:17:49.663+0000] {logging_mixin.py:151} INFO - [2025-02-06T16:17:49.662+0000] {dag.py:3696} INFO - Setting next_dagrun for example_sla_dag to 2025-02-06T16:14:00+00:00, run_after=2025-02-06T16:16:00+00:00
[2025-02-06T16:17:49.677+0000] {processor.py:179} INFO - Processing /home/airflow/.local/lib/python3.8/site-packages/airflow/example_dags/example_sla_dag.py took 0.066 seconds
[2025-02-06T16:18:22.372+0000] {processor.py:157} INFO - Started process (PID=5602) to work on /home/airflow/.local/lib/python3.8/site-packages/airflow/example_dags/example_sla_dag.py
[2025-02-06T16:18:22.373+0000] {processor.py:829} INFO - Processing file /home/airflow/.local/lib/python3.8/site-packages/airflow/example_dags/example_sla_dag.py for tasks to queue
[2025-02-06T16:18:22.374+0000] {logging_mixin.py:151} INFO - [2025-02-06T16:18:22.374+0000] {dagbag.py:539} INFO - Filling up the DagBag from /home/airflow/.local/lib/python3.8/site-packages/airflow/example_dags/example_sla_dag.py
[2025-02-06T16:18:22.381+0000] {processor.py:839} INFO - DAG(s) dict_keys(['example_sla_dag']) retrieved from /home/airflow/.local/lib/python3.8/site-packages/airflow/example_dags/example_sla_dag.py
[2025-02-06T16:18:22.400+0000] {logging_mixin.py:151} INFO - [2025-02-06T16:18:22.400+0000] {dag.py:2915} INFO - Sync 1 DAGs
[2025-02-06T16:18:22.421+0000] {logging_mixin.py:151} INFO - [2025-02-06T16:18:22.420+0000] {dag.py:3696} INFO - Setting next_dagrun for example_sla_dag to 2025-02-06T16:16:00+00:00, run_after=2025-02-06T16:18:00+00:00
[2025-02-06T16:18:22.437+0000] {processor.py:179} INFO - Processing /home/airflow/.local/lib/python3.8/site-packages/airflow/example_dags/example_sla_dag.py took 0.067 seconds
[2025-02-06T16:18:55.023+0000] {processor.py:157} INFO - Started process (PID=5863) to work on /home/airflow/.local/lib/python3.8/site-packages/airflow/example_dags/example_sla_dag.py
[2025-02-06T16:18:55.024+0000] {processor.py:829} INFO - Processing file /home/airflow/.local/lib/python3.8/site-packages/airflow/example_dags/example_sla_dag.py for tasks to queue
[2025-02-06T16:18:55.025+0000] {logging_mixin.py:151} INFO - [2025-02-06T16:18:55.025+0000] {dagbag.py:539} INFO - Filling up the DagBag from /home/airflow/.local/lib/python3.8/site-packages/airflow/example_dags/example_sla_dag.py
[2025-02-06T16:18:55.031+0000] {processor.py:839} INFO - DAG(s) dict_keys(['example_sla_dag']) retrieved from /home/airflow/.local/lib/python3.8/site-packages/airflow/example_dags/example_sla_dag.py
[2025-02-06T16:18:55.049+0000] {logging_mixin.py:151} INFO - [2025-02-06T16:18:55.049+0000] {dag.py:2915} INFO - Sync 1 DAGs
[2025-02-06T16:18:55.071+0000] {logging_mixin.py:151} INFO - [2025-02-06T16:18:55.070+0000] {dag.py:3696} INFO - Setting next_dagrun for example_sla_dag to 2025-02-06T16:16:00+00:00, run_after=2025-02-06T16:18:00+00:00
[2025-02-06T16:18:55.086+0000] {processor.py:179} INFO - Processing /home/airflow/.local/lib/python3.8/site-packages/airflow/example_dags/example_sla_dag.py took 0.065 seconds
