[2025-02-06T15:19:05.772+0000] {processor.py:186} INFO - Started process (PID=401) to work on /home/airflow/.local/lib/python3.12/site-packages/airflow/example_dags/example_outlet_event_extra.py
[2025-02-06T15:19:05.772+0000] {processor.py:914} INFO - Processing file /home/airflow/.local/lib/python3.12/site-packages/airflow/example_dags/example_outlet_event_extra.py for tasks to queue
[2025-02-06T15:19:05.774+0000] {logging_mixin.py:190} INFO - [2025-02-06T15:19:05.774+0000] {dagbag.py:588} INFO - Filling up the DagBag from /home/airflow/.local/lib/python3.12/site-packages/airflow/example_dags/example_outlet_event_extra.py
[2025-02-06T15:19:05.873+0000] {processor.py:925} INFO - DAG(s) 'dataset_with_extra_by_yield', 'dataset_with_extra_by_context', 'dataset_with_extra_from_classic_operator' retrieved from /home/airflow/.local/lib/python3.12/site-packages/airflow/example_dags/example_outlet_event_extra.py
[2025-02-06T15:19:05.894+0000] {logging_mixin.py:190} INFO - [2025-02-06T15:19:05.894+0000] {dag.py:3239} INFO - Sync 3 DAGs
[2025-02-06T15:19:05.914+0000] {logging_mixin.py:190} INFO - [2025-02-06T15:19:05.914+0000] {dag.py:4180} INFO - Setting next_dagrun for dataset_with_extra_by_context to 2025-02-05 00:00:00+00:00, run_after=2025-02-06 00:00:00+00:00
[2025-02-06T15:19:05.918+0000] {logging_mixin.py:190} INFO - [2025-02-06T15:19:05.917+0000] {dag.py:4180} INFO - Setting next_dagrun for dataset_with_extra_by_yield to 2025-02-05 00:00:00+00:00, run_after=2025-02-06 00:00:00+00:00
[2025-02-06T15:19:05.920+0000] {logging_mixin.py:190} INFO - [2025-02-06T15:19:05.919+0000] {dag.py:4180} INFO - Setting next_dagrun for dataset_with_extra_from_classic_operator to 2025-02-05 00:00:00+00:00, run_after=2025-02-06 00:00:00+00:00
[2025-02-06T15:19:05.948+0000] {processor.py:208} INFO - Processing /home/airflow/.local/lib/python3.12/site-packages/airflow/example_dags/example_outlet_event_extra.py took 0.180 seconds
[2025-02-06T15:19:36.124+0000] {processor.py:186} INFO - Started process (PID=709) to work on /home/airflow/.local/lib/python3.12/site-packages/airflow/example_dags/example_outlet_event_extra.py
[2025-02-06T15:19:36.125+0000] {processor.py:914} INFO - Processing file /home/airflow/.local/lib/python3.12/site-packages/airflow/example_dags/example_outlet_event_extra.py for tasks to queue
[2025-02-06T15:19:36.127+0000] {logging_mixin.py:190} INFO - [2025-02-06T15:19:36.126+0000] {dagbag.py:588} INFO - Filling up the DagBag from /home/airflow/.local/lib/python3.12/site-packages/airflow/example_dags/example_outlet_event_extra.py
[2025-02-06T15:19:36.226+0000] {processor.py:925} INFO - DAG(s) 'dataset_with_extra_by_yield', 'dataset_with_extra_by_context', 'dataset_with_extra_from_classic_operator' retrieved from /home/airflow/.local/lib/python3.12/site-packages/airflow/example_dags/example_outlet_event_extra.py
[2025-02-06T15:19:36.247+0000] {logging_mixin.py:190} INFO - [2025-02-06T15:19:36.247+0000] {dag.py:3239} INFO - Sync 3 DAGs
[2025-02-06T15:19:36.270+0000] {logging_mixin.py:190} INFO - [2025-02-06T15:19:36.270+0000] {dag.py:4180} INFO - Setting next_dagrun for dataset_with_extra_by_context to 2025-02-05 00:00:00+00:00, run_after=2025-02-06 00:00:00+00:00
[2025-02-06T15:19:36.274+0000] {logging_mixin.py:190} INFO - [2025-02-06T15:19:36.274+0000] {dag.py:4180} INFO - Setting next_dagrun for dataset_with_extra_by_yield to 2025-02-05 00:00:00+00:00, run_after=2025-02-06 00:00:00+00:00
[2025-02-06T15:19:36.277+0000] {logging_mixin.py:190} INFO - [2025-02-06T15:19:36.277+0000] {dag.py:4180} INFO - Setting next_dagrun for dataset_with_extra_from_classic_operator to 2025-02-05 00:00:00+00:00, run_after=2025-02-06 00:00:00+00:00
[2025-02-06T15:19:36.296+0000] {processor.py:208} INFO - Processing /home/airflow/.local/lib/python3.12/site-packages/airflow/example_dags/example_outlet_event_extra.py took 0.176 seconds
[2025-02-06T15:20:07.121+0000] {processor.py:186} INFO - Started process (PID=1007) to work on /home/airflow/.local/lib/python3.12/site-packages/airflow/example_dags/example_outlet_event_extra.py
[2025-02-06T15:20:07.122+0000] {processor.py:914} INFO - Processing file /home/airflow/.local/lib/python3.12/site-packages/airflow/example_dags/example_outlet_event_extra.py for tasks to queue
[2025-02-06T15:20:07.124+0000] {logging_mixin.py:190} INFO - [2025-02-06T15:20:07.124+0000] {dagbag.py:588} INFO - Filling up the DagBag from /home/airflow/.local/lib/python3.12/site-packages/airflow/example_dags/example_outlet_event_extra.py
[2025-02-06T15:20:07.219+0000] {processor.py:925} INFO - DAG(s) 'dataset_with_extra_by_context', 'dataset_with_extra_by_yield', 'dataset_with_extra_from_classic_operator' retrieved from /home/airflow/.local/lib/python3.12/site-packages/airflow/example_dags/example_outlet_event_extra.py
[2025-02-06T15:20:07.237+0000] {logging_mixin.py:190} INFO - [2025-02-06T15:20:07.237+0000] {dag.py:3239} INFO - Sync 3 DAGs
[2025-02-06T15:20:07.258+0000] {logging_mixin.py:190} INFO - [2025-02-06T15:20:07.257+0000] {dag.py:4180} INFO - Setting next_dagrun for dataset_with_extra_by_context to 2025-02-05 00:00:00+00:00, run_after=2025-02-06 00:00:00+00:00
[2025-02-06T15:20:07.262+0000] {logging_mixin.py:190} INFO - [2025-02-06T15:20:07.261+0000] {dag.py:4180} INFO - Setting next_dagrun for dataset_with_extra_by_yield to 2025-02-05 00:00:00+00:00, run_after=2025-02-06 00:00:00+00:00
[2025-02-06T15:20:07.264+0000] {logging_mixin.py:190} INFO - [2025-02-06T15:20:07.263+0000] {dag.py:4180} INFO - Setting next_dagrun for dataset_with_extra_from_classic_operator to 2025-02-05 00:00:00+00:00, run_after=2025-02-06 00:00:00+00:00
[2025-02-06T15:20:07.278+0000] {processor.py:208} INFO - Processing /home/airflow/.local/lib/python3.12/site-packages/airflow/example_dags/example_outlet_event_extra.py took 0.162 seconds
[2025-02-06T15:20:37.710+0000] {processor.py:186} INFO - Started process (PID=1315) to work on /home/airflow/.local/lib/python3.12/site-packages/airflow/example_dags/example_outlet_event_extra.py
[2025-02-06T15:20:37.711+0000] {processor.py:914} INFO - Processing file /home/airflow/.local/lib/python3.12/site-packages/airflow/example_dags/example_outlet_event_extra.py for tasks to queue
[2025-02-06T15:20:37.713+0000] {logging_mixin.py:190} INFO - [2025-02-06T15:20:37.712+0000] {dagbag.py:588} INFO - Filling up the DagBag from /home/airflow/.local/lib/python3.12/site-packages/airflow/example_dags/example_outlet_event_extra.py
[2025-02-06T15:20:37.806+0000] {processor.py:925} INFO - DAG(s) 'dataset_with_extra_by_yield', 'dataset_with_extra_by_context', 'dataset_with_extra_from_classic_operator' retrieved from /home/airflow/.local/lib/python3.12/site-packages/airflow/example_dags/example_outlet_event_extra.py
[2025-02-06T15:20:37.825+0000] {logging_mixin.py:190} INFO - [2025-02-06T15:20:37.825+0000] {dag.py:3239} INFO - Sync 3 DAGs
[2025-02-06T15:20:37.844+0000] {logging_mixin.py:190} INFO - [2025-02-06T15:20:37.844+0000] {dag.py:4180} INFO - Setting next_dagrun for dataset_with_extra_by_context to 2025-02-05 00:00:00+00:00, run_after=2025-02-06 00:00:00+00:00
[2025-02-06T15:20:37.847+0000] {logging_mixin.py:190} INFO - [2025-02-06T15:20:37.847+0000] {dag.py:4180} INFO - Setting next_dagrun for dataset_with_extra_by_yield to 2025-02-05 00:00:00+00:00, run_after=2025-02-06 00:00:00+00:00
[2025-02-06T15:20:37.849+0000] {logging_mixin.py:190} INFO - [2025-02-06T15:20:37.849+0000] {dag.py:4180} INFO - Setting next_dagrun for dataset_with_extra_from_classic_operator to 2025-02-05 00:00:00+00:00, run_after=2025-02-06 00:00:00+00:00
[2025-02-06T15:20:37.865+0000] {processor.py:208} INFO - Processing /home/airflow/.local/lib/python3.12/site-packages/airflow/example_dags/example_outlet_event_extra.py took 0.158 seconds
[2025-02-06T15:21:08.420+0000] {processor.py:186} INFO - Started process (PID=1621) to work on /home/airflow/.local/lib/python3.12/site-packages/airflow/example_dags/example_outlet_event_extra.py
[2025-02-06T15:21:08.421+0000] {processor.py:914} INFO - Processing file /home/airflow/.local/lib/python3.12/site-packages/airflow/example_dags/example_outlet_event_extra.py for tasks to queue
[2025-02-06T15:21:08.423+0000] {logging_mixin.py:190} INFO - [2025-02-06T15:21:08.422+0000] {dagbag.py:588} INFO - Filling up the DagBag from /home/airflow/.local/lib/python3.12/site-packages/airflow/example_dags/example_outlet_event_extra.py
[2025-02-06T15:21:08.529+0000] {processor.py:925} INFO - DAG(s) 'dataset_with_extra_from_classic_operator', 'dataset_with_extra_by_context', 'dataset_with_extra_by_yield' retrieved from /home/airflow/.local/lib/python3.12/site-packages/airflow/example_dags/example_outlet_event_extra.py
[2025-02-06T15:21:08.553+0000] {logging_mixin.py:190} INFO - [2025-02-06T15:21:08.553+0000] {dag.py:3239} INFO - Sync 3 DAGs
[2025-02-06T15:21:08.576+0000] {logging_mixin.py:190} INFO - [2025-02-06T15:21:08.576+0000] {dag.py:4180} INFO - Setting next_dagrun for dataset_with_extra_by_context to 2025-02-05 00:00:00+00:00, run_after=2025-02-06 00:00:00+00:00
[2025-02-06T15:21:08.580+0000] {logging_mixin.py:190} INFO - [2025-02-06T15:21:08.580+0000] {dag.py:4180} INFO - Setting next_dagrun for dataset_with_extra_by_yield to 2025-02-05 00:00:00+00:00, run_after=2025-02-06 00:00:00+00:00
[2025-02-06T15:21:08.581+0000] {logging_mixin.py:190} INFO - [2025-02-06T15:21:08.581+0000] {dag.py:4180} INFO - Setting next_dagrun for dataset_with_extra_from_classic_operator to 2025-02-05 00:00:00+00:00, run_after=2025-02-06 00:00:00+00:00
[2025-02-06T15:21:08.600+0000] {processor.py:208} INFO - Processing /home/airflow/.local/lib/python3.12/site-packages/airflow/example_dags/example_outlet_event_extra.py took 0.185 seconds
[2025-02-06T15:21:38.655+0000] {processor.py:186} INFO - Started process (PID=1932) to work on /home/airflow/.local/lib/python3.12/site-packages/airflow/example_dags/example_outlet_event_extra.py
[2025-02-06T15:21:38.656+0000] {processor.py:914} INFO - Processing file /home/airflow/.local/lib/python3.12/site-packages/airflow/example_dags/example_outlet_event_extra.py for tasks to queue
[2025-02-06T15:21:38.658+0000] {logging_mixin.py:190} INFO - [2025-02-06T15:21:38.657+0000] {dagbag.py:588} INFO - Filling up the DagBag from /home/airflow/.local/lib/python3.12/site-packages/airflow/example_dags/example_outlet_event_extra.py
[2025-02-06T15:21:38.751+0000] {processor.py:925} INFO - DAG(s) 'dataset_with_extra_from_classic_operator', 'dataset_with_extra_by_yield', 'dataset_with_extra_by_context' retrieved from /home/airflow/.local/lib/python3.12/site-packages/airflow/example_dags/example_outlet_event_extra.py
[2025-02-06T15:21:38.773+0000] {logging_mixin.py:190} INFO - [2025-02-06T15:21:38.772+0000] {dag.py:3239} INFO - Sync 3 DAGs
[2025-02-06T15:21:38.793+0000] {logging_mixin.py:190} INFO - [2025-02-06T15:21:38.793+0000] {dag.py:4180} INFO - Setting next_dagrun for dataset_with_extra_by_context to 2025-02-05 00:00:00+00:00, run_after=2025-02-06 00:00:00+00:00
[2025-02-06T15:21:38.798+0000] {logging_mixin.py:190} INFO - [2025-02-06T15:21:38.797+0000] {dag.py:4180} INFO - Setting next_dagrun for dataset_with_extra_by_yield to 2025-02-05 00:00:00+00:00, run_after=2025-02-06 00:00:00+00:00
[2025-02-06T15:21:38.799+0000] {logging_mixin.py:190} INFO - [2025-02-06T15:21:38.799+0000] {dag.py:4180} INFO - Setting next_dagrun for dataset_with_extra_from_classic_operator to 2025-02-05 00:00:00+00:00, run_after=2025-02-06 00:00:00+00:00
[2025-02-06T15:21:38.817+0000] {processor.py:208} INFO - Processing /home/airflow/.local/lib/python3.12/site-packages/airflow/example_dags/example_outlet_event_extra.py took 0.167 seconds
[2025-02-06T15:22:09.315+0000] {processor.py:186} INFO - Started process (PID=2231) to work on /home/airflow/.local/lib/python3.12/site-packages/airflow/example_dags/example_outlet_event_extra.py
[2025-02-06T15:22:09.315+0000] {processor.py:914} INFO - Processing file /home/airflow/.local/lib/python3.12/site-packages/airflow/example_dags/example_outlet_event_extra.py for tasks to queue
[2025-02-06T15:22:09.317+0000] {logging_mixin.py:190} INFO - [2025-02-06T15:22:09.316+0000] {dagbag.py:588} INFO - Filling up the DagBag from /home/airflow/.local/lib/python3.12/site-packages/airflow/example_dags/example_outlet_event_extra.py
[2025-02-06T15:22:09.405+0000] {processor.py:925} INFO - DAG(s) 'dataset_with_extra_from_classic_operator', 'dataset_with_extra_by_yield', 'dataset_with_extra_by_context' retrieved from /home/airflow/.local/lib/python3.12/site-packages/airflow/example_dags/example_outlet_event_extra.py
[2025-02-06T15:22:09.424+0000] {logging_mixin.py:190} INFO - [2025-02-06T15:22:09.424+0000] {dag.py:3239} INFO - Sync 3 DAGs
[2025-02-06T15:22:09.445+0000] {logging_mixin.py:190} INFO - [2025-02-06T15:22:09.445+0000] {dag.py:4180} INFO - Setting next_dagrun for dataset_with_extra_by_context to 2025-02-05 00:00:00+00:00, run_after=2025-02-06 00:00:00+00:00
[2025-02-06T15:22:09.449+0000] {logging_mixin.py:190} INFO - [2025-02-06T15:22:09.449+0000] {dag.py:4180} INFO - Setting next_dagrun for dataset_with_extra_by_yield to 2025-02-05 00:00:00+00:00, run_after=2025-02-06 00:00:00+00:00
[2025-02-06T15:22:09.450+0000] {logging_mixin.py:190} INFO - [2025-02-06T15:22:09.450+0000] {dag.py:4180} INFO - Setting next_dagrun for dataset_with_extra_from_classic_operator to 2025-02-05 00:00:00+00:00, run_after=2025-02-06 00:00:00+00:00
[2025-02-06T15:22:09.465+0000] {processor.py:208} INFO - Processing /home/airflow/.local/lib/python3.12/site-packages/airflow/example_dags/example_outlet_event_extra.py took 0.154 seconds
[2025-02-06T15:22:40.271+0000] {processor.py:186} INFO - Started process (PID=2539) to work on /home/airflow/.local/lib/python3.12/site-packages/airflow/example_dags/example_outlet_event_extra.py
[2025-02-06T15:22:40.272+0000] {processor.py:914} INFO - Processing file /home/airflow/.local/lib/python3.12/site-packages/airflow/example_dags/example_outlet_event_extra.py for tasks to queue
[2025-02-06T15:22:40.273+0000] {logging_mixin.py:190} INFO - [2025-02-06T15:22:40.273+0000] {dagbag.py:588} INFO - Filling up the DagBag from /home/airflow/.local/lib/python3.12/site-packages/airflow/example_dags/example_outlet_event_extra.py
[2025-02-06T15:22:40.357+0000] {processor.py:925} INFO - DAG(s) 'dataset_with_extra_by_context', 'dataset_with_extra_by_yield', 'dataset_with_extra_from_classic_operator' retrieved from /home/airflow/.local/lib/python3.12/site-packages/airflow/example_dags/example_outlet_event_extra.py
[2025-02-06T15:22:40.378+0000] {logging_mixin.py:190} INFO - [2025-02-06T15:22:40.377+0000] {dag.py:3239} INFO - Sync 3 DAGs
[2025-02-06T15:22:40.394+0000] {logging_mixin.py:190} INFO - [2025-02-06T15:22:40.394+0000] {dag.py:4180} INFO - Setting next_dagrun for dataset_with_extra_by_context to 2025-02-05 00:00:00+00:00, run_after=2025-02-06 00:00:00+00:00
[2025-02-06T15:22:40.397+0000] {logging_mixin.py:190} INFO - [2025-02-06T15:22:40.397+0000] {dag.py:4180} INFO - Setting next_dagrun for dataset_with_extra_by_yield to 2025-02-05 00:00:00+00:00, run_after=2025-02-06 00:00:00+00:00
[2025-02-06T15:22:40.399+0000] {logging_mixin.py:190} INFO - [2025-02-06T15:22:40.399+0000] {dag.py:4180} INFO - Setting next_dagrun for dataset_with_extra_from_classic_operator to 2025-02-05 00:00:00+00:00, run_after=2025-02-06 00:00:00+00:00
[2025-02-06T15:22:40.415+0000] {processor.py:208} INFO - Processing /home/airflow/.local/lib/python3.12/site-packages/airflow/example_dags/example_outlet_event_extra.py took 0.148 seconds
[2025-02-06T15:23:11.186+0000] {processor.py:186} INFO - Started process (PID=2845) to work on /home/airflow/.local/lib/python3.12/site-packages/airflow/example_dags/example_outlet_event_extra.py
[2025-02-06T15:23:11.187+0000] {processor.py:914} INFO - Processing file /home/airflow/.local/lib/python3.12/site-packages/airflow/example_dags/example_outlet_event_extra.py for tasks to queue
[2025-02-06T15:23:11.188+0000] {logging_mixin.py:190} INFO - [2025-02-06T15:23:11.188+0000] {dagbag.py:588} INFO - Filling up the DagBag from /home/airflow/.local/lib/python3.12/site-packages/airflow/example_dags/example_outlet_event_extra.py
[2025-02-06T15:23:11.280+0000] {processor.py:925} INFO - DAG(s) 'dataset_with_extra_by_context', 'dataset_with_extra_from_classic_operator', 'dataset_with_extra_by_yield' retrieved from /home/airflow/.local/lib/python3.12/site-packages/airflow/example_dags/example_outlet_event_extra.py
[2025-02-06T15:23:11.303+0000] {logging_mixin.py:190} INFO - [2025-02-06T15:23:11.303+0000] {dag.py:3239} INFO - Sync 3 DAGs
[2025-02-06T15:23:11.323+0000] {logging_mixin.py:190} INFO - [2025-02-06T15:23:11.323+0000] {dag.py:4180} INFO - Setting next_dagrun for dataset_with_extra_by_context to 2025-02-05 00:00:00+00:00, run_after=2025-02-06 00:00:00+00:00
[2025-02-06T15:23:11.328+0000] {logging_mixin.py:190} INFO - [2025-02-06T15:23:11.328+0000] {dag.py:4180} INFO - Setting next_dagrun for dataset_with_extra_by_yield to 2025-02-05 00:00:00+00:00, run_after=2025-02-06 00:00:00+00:00
[2025-02-06T15:23:11.330+0000] {logging_mixin.py:190} INFO - [2025-02-06T15:23:11.329+0000] {dag.py:4180} INFO - Setting next_dagrun for dataset_with_extra_from_classic_operator to 2025-02-05 00:00:00+00:00, run_after=2025-02-06 00:00:00+00:00
[2025-02-06T15:23:11.347+0000] {processor.py:208} INFO - Processing /home/airflow/.local/lib/python3.12/site-packages/airflow/example_dags/example_outlet_event_extra.py took 0.166 seconds
[2025-02-06T15:23:42.414+0000] {processor.py:186} INFO - Started process (PID=3151) to work on /home/airflow/.local/lib/python3.12/site-packages/airflow/example_dags/example_outlet_event_extra.py
[2025-02-06T15:23:42.415+0000] {processor.py:914} INFO - Processing file /home/airflow/.local/lib/python3.12/site-packages/airflow/example_dags/example_outlet_event_extra.py for tasks to queue
[2025-02-06T15:23:42.416+0000] {logging_mixin.py:190} INFO - [2025-02-06T15:23:42.416+0000] {dagbag.py:588} INFO - Filling up the DagBag from /home/airflow/.local/lib/python3.12/site-packages/airflow/example_dags/example_outlet_event_extra.py
[2025-02-06T15:23:42.506+0000] {processor.py:925} INFO - DAG(s) 'dataset_with_extra_by_yield', 'dataset_with_extra_from_classic_operator', 'dataset_with_extra_by_context' retrieved from /home/airflow/.local/lib/python3.12/site-packages/airflow/example_dags/example_outlet_event_extra.py
[2025-02-06T15:23:42.527+0000] {logging_mixin.py:190} INFO - [2025-02-06T15:23:42.526+0000] {dag.py:3239} INFO - Sync 3 DAGs
[2025-02-06T15:23:42.547+0000] {logging_mixin.py:190} INFO - [2025-02-06T15:23:42.547+0000] {dag.py:4180} INFO - Setting next_dagrun for dataset_with_extra_by_context to 2025-02-05 00:00:00+00:00, run_after=2025-02-06 00:00:00+00:00
[2025-02-06T15:23:42.551+0000] {logging_mixin.py:190} INFO - [2025-02-06T15:23:42.551+0000] {dag.py:4180} INFO - Setting next_dagrun for dataset_with_extra_by_yield to 2025-02-05 00:00:00+00:00, run_after=2025-02-06 00:00:00+00:00
[2025-02-06T15:23:42.553+0000] {logging_mixin.py:190} INFO - [2025-02-06T15:23:42.553+0000] {dag.py:4180} INFO - Setting next_dagrun for dataset_with_extra_from_classic_operator to 2025-02-05 00:00:00+00:00, run_after=2025-02-06 00:00:00+00:00
[2025-02-06T15:23:42.570+0000] {processor.py:208} INFO - Processing /home/airflow/.local/lib/python3.12/site-packages/airflow/example_dags/example_outlet_event_extra.py took 0.160 seconds
[2025-02-06T15:24:12.661+0000] {processor.py:186} INFO - Started process (PID=3460) to work on /home/airflow/.local/lib/python3.12/site-packages/airflow/example_dags/example_outlet_event_extra.py
[2025-02-06T15:24:12.662+0000] {processor.py:914} INFO - Processing file /home/airflow/.local/lib/python3.12/site-packages/airflow/example_dags/example_outlet_event_extra.py for tasks to queue
[2025-02-06T15:24:12.663+0000] {logging_mixin.py:190} INFO - [2025-02-06T15:24:12.663+0000] {dagbag.py:588} INFO - Filling up the DagBag from /home/airflow/.local/lib/python3.12/site-packages/airflow/example_dags/example_outlet_event_extra.py
[2025-02-06T15:24:12.764+0000] {processor.py:925} INFO - DAG(s) 'dataset_with_extra_from_classic_operator', 'dataset_with_extra_by_context', 'dataset_with_extra_by_yield' retrieved from /home/airflow/.local/lib/python3.12/site-packages/airflow/example_dags/example_outlet_event_extra.py
[2025-02-06T15:24:12.787+0000] {logging_mixin.py:190} INFO - [2025-02-06T15:24:12.786+0000] {dag.py:3239} INFO - Sync 3 DAGs
[2025-02-06T15:24:12.809+0000] {logging_mixin.py:190} INFO - [2025-02-06T15:24:12.809+0000] {dag.py:4180} INFO - Setting next_dagrun for dataset_with_extra_by_context to 2025-02-05 00:00:00+00:00, run_after=2025-02-06 00:00:00+00:00
[2025-02-06T15:24:12.814+0000] {logging_mixin.py:190} INFO - [2025-02-06T15:24:12.813+0000] {dag.py:4180} INFO - Setting next_dagrun for dataset_with_extra_by_yield to 2025-02-05 00:00:00+00:00, run_after=2025-02-06 00:00:00+00:00
[2025-02-06T15:24:12.816+0000] {logging_mixin.py:190} INFO - [2025-02-06T15:24:12.815+0000] {dag.py:4180} INFO - Setting next_dagrun for dataset_with_extra_from_classic_operator to 2025-02-05 00:00:00+00:00, run_after=2025-02-06 00:00:00+00:00
[2025-02-06T15:24:12.840+0000] {processor.py:208} INFO - Processing /home/airflow/.local/lib/python3.12/site-packages/airflow/example_dags/example_outlet_event_extra.py took 0.185 seconds
