[2025-02-06T15:19:05.106+0000] {processor.py:186} INFO - Started process (PID=338) to work on /home/airflow/.local/lib/python3.12/site-packages/airflow/example_dags/example_short_circuit_operator.py
[2025-02-06T15:19:05.107+0000] {processor.py:914} INFO - Processing file /home/airflow/.local/lib/python3.12/site-packages/airflow/example_dags/example_short_circuit_operator.py for tasks to queue
[2025-02-06T15:19:05.109+0000] {logging_mixin.py:190} INFO - [2025-02-06T15:19:05.108+0000] {dagbag.py:588} INFO - Filling up the DagBag from /home/airflow/.local/lib/python3.12/site-packages/airflow/example_dags/example_short_circuit_operator.py
[2025-02-06T15:19:05.115+0000] {processor.py:925} INFO - DAG(s) 'example_short_circuit_operator' retrieved from /home/airflow/.local/lib/python3.12/site-packages/airflow/example_dags/example_short_circuit_operator.py
[2025-02-06T15:19:05.139+0000] {logging_mixin.py:190} INFO - [2025-02-06T15:19:05.139+0000] {dag.py:3239} INFO - Sync 1 DAGs
[2025-02-06T15:19:05.150+0000] {logging_mixin.py:190} INFO - [2025-02-06T15:19:05.150+0000] {dag.py:4180} INFO - Setting next_dagrun for example_short_circuit_operator to None, run_after=None
[2025-02-06T15:19:05.166+0000] {processor.py:208} INFO - Processing /home/airflow/.local/lib/python3.12/site-packages/airflow/example_dags/example_short_circuit_operator.py took 0.064 seconds
[2025-02-06T15:19:35.372+0000] {processor.py:186} INFO - Started process (PID=636) to work on /home/airflow/.local/lib/python3.12/site-packages/airflow/example_dags/example_short_circuit_operator.py
[2025-02-06T15:19:35.373+0000] {processor.py:914} INFO - Processing file /home/airflow/.local/lib/python3.12/site-packages/airflow/example_dags/example_short_circuit_operator.py for tasks to queue
[2025-02-06T15:19:35.374+0000] {logging_mixin.py:190} INFO - [2025-02-06T15:19:35.374+0000] {dagbag.py:588} INFO - Filling up the DagBag from /home/airflow/.local/lib/python3.12/site-packages/airflow/example_dags/example_short_circuit_operator.py
[2025-02-06T15:19:35.380+0000] {processor.py:925} INFO - DAG(s) 'example_short_circuit_operator' retrieved from /home/airflow/.local/lib/python3.12/site-packages/airflow/example_dags/example_short_circuit_operator.py
[2025-02-06T15:19:35.398+0000] {logging_mixin.py:190} INFO - [2025-02-06T15:19:35.398+0000] {dag.py:3239} INFO - Sync 1 DAGs
[2025-02-06T15:19:35.409+0000] {logging_mixin.py:190} INFO - [2025-02-06T15:19:35.409+0000] {dag.py:4180} INFO - Setting next_dagrun for example_short_circuit_operator to None, run_after=None
[2025-02-06T15:19:35.424+0000] {processor.py:208} INFO - Processing /home/airflow/.local/lib/python3.12/site-packages/airflow/example_dags/example_short_circuit_operator.py took 0.056 seconds
[2025-02-06T15:20:05.580+0000] {processor.py:186} INFO - Started process (PID=942) to work on /home/airflow/.local/lib/python3.12/site-packages/airflow/example_dags/example_short_circuit_operator.py
[2025-02-06T15:20:05.581+0000] {processor.py:914} INFO - Processing file /home/airflow/.local/lib/python3.12/site-packages/airflow/example_dags/example_short_circuit_operator.py for tasks to queue
[2025-02-06T15:20:05.583+0000] {logging_mixin.py:190} INFO - [2025-02-06T15:20:05.582+0000] {dagbag.py:588} INFO - Filling up the DagBag from /home/airflow/.local/lib/python3.12/site-packages/airflow/example_dags/example_short_circuit_operator.py
[2025-02-06T15:20:05.588+0000] {processor.py:925} INFO - DAG(s) 'example_short_circuit_operator' retrieved from /home/airflow/.local/lib/python3.12/site-packages/airflow/example_dags/example_short_circuit_operator.py
[2025-02-06T15:20:05.606+0000] {logging_mixin.py:190} INFO - [2025-02-06T15:20:05.606+0000] {dag.py:3239} INFO - Sync 1 DAGs
[2025-02-06T15:20:05.616+0000] {logging_mixin.py:190} INFO - [2025-02-06T15:20:05.616+0000] {dag.py:4180} INFO - Setting next_dagrun for example_short_circuit_operator to None, run_after=None
[2025-02-06T15:20:05.630+0000] {processor.py:208} INFO - Processing /home/airflow/.local/lib/python3.12/site-packages/airflow/example_dags/example_short_circuit_operator.py took 0.053 seconds
[2025-02-06T15:20:36.123+0000] {processor.py:186} INFO - Started process (PID=1248) to work on /home/airflow/.local/lib/python3.12/site-packages/airflow/example_dags/example_short_circuit_operator.py
[2025-02-06T15:20:36.124+0000] {processor.py:914} INFO - Processing file /home/airflow/.local/lib/python3.12/site-packages/airflow/example_dags/example_short_circuit_operator.py for tasks to queue
[2025-02-06T15:20:36.126+0000] {logging_mixin.py:190} INFO - [2025-02-06T15:20:36.125+0000] {dagbag.py:588} INFO - Filling up the DagBag from /home/airflow/.local/lib/python3.12/site-packages/airflow/example_dags/example_short_circuit_operator.py
[2025-02-06T15:20:36.133+0000] {processor.py:925} INFO - DAG(s) 'example_short_circuit_operator' retrieved from /home/airflow/.local/lib/python3.12/site-packages/airflow/example_dags/example_short_circuit_operator.py
[2025-02-06T15:20:36.152+0000] {logging_mixin.py:190} INFO - [2025-02-06T15:20:36.152+0000] {dag.py:3239} INFO - Sync 1 DAGs
[2025-02-06T15:20:36.164+0000] {logging_mixin.py:190} INFO - [2025-02-06T15:20:36.163+0000] {dag.py:4180} INFO - Setting next_dagrun for example_short_circuit_operator to None, run_after=None
[2025-02-06T15:20:36.177+0000] {processor.py:208} INFO - Processing /home/airflow/.local/lib/python3.12/site-packages/airflow/example_dags/example_short_circuit_operator.py took 0.060 seconds
[2025-02-06T15:21:06.762+0000] {processor.py:186} INFO - Started process (PID=1554) to work on /home/airflow/.local/lib/python3.12/site-packages/airflow/example_dags/example_short_circuit_operator.py
[2025-02-06T15:21:06.763+0000] {processor.py:914} INFO - Processing file /home/airflow/.local/lib/python3.12/site-packages/airflow/example_dags/example_short_circuit_operator.py for tasks to queue
[2025-02-06T15:21:06.765+0000] {logging_mixin.py:190} INFO - [2025-02-06T15:21:06.764+0000] {dagbag.py:588} INFO - Filling up the DagBag from /home/airflow/.local/lib/python3.12/site-packages/airflow/example_dags/example_short_circuit_operator.py
[2025-02-06T15:21:06.770+0000] {processor.py:925} INFO - DAG(s) 'example_short_circuit_operator' retrieved from /home/airflow/.local/lib/python3.12/site-packages/airflow/example_dags/example_short_circuit_operator.py
[2025-02-06T15:21:06.790+0000] {logging_mixin.py:190} INFO - [2025-02-06T15:21:06.789+0000] {dag.py:3239} INFO - Sync 1 DAGs
[2025-02-06T15:21:06.800+0000] {logging_mixin.py:190} INFO - [2025-02-06T15:21:06.800+0000] {dag.py:4180} INFO - Setting next_dagrun for example_short_circuit_operator to None, run_after=None
[2025-02-06T15:21:06.814+0000] {processor.py:208} INFO - Processing /home/airflow/.local/lib/python3.12/site-packages/airflow/example_dags/example_short_circuit_operator.py took 0.056 seconds
[2025-02-06T15:21:37.820+0000] {processor.py:186} INFO - Started process (PID=1860) to work on /home/airflow/.local/lib/python3.12/site-packages/airflow/example_dags/example_short_circuit_operator.py
[2025-02-06T15:21:37.821+0000] {processor.py:914} INFO - Processing file /home/airflow/.local/lib/python3.12/site-packages/airflow/example_dags/example_short_circuit_operator.py for tasks to queue
[2025-02-06T15:21:37.822+0000] {logging_mixin.py:190} INFO - [2025-02-06T15:21:37.822+0000] {dagbag.py:588} INFO - Filling up the DagBag from /home/airflow/.local/lib/python3.12/site-packages/airflow/example_dags/example_short_circuit_operator.py
[2025-02-06T15:21:37.828+0000] {processor.py:925} INFO - DAG(s) 'example_short_circuit_operator' retrieved from /home/airflow/.local/lib/python3.12/site-packages/airflow/example_dags/example_short_circuit_operator.py
[2025-02-06T15:21:37.846+0000] {logging_mixin.py:190} INFO - [2025-02-06T15:21:37.846+0000] {dag.py:3239} INFO - Sync 1 DAGs
[2025-02-06T15:21:37.857+0000] {logging_mixin.py:190} INFO - [2025-02-06T15:21:37.857+0000] {dag.py:4180} INFO - Setting next_dagrun for example_short_circuit_operator to None, run_after=None
[2025-02-06T15:21:37.873+0000] {processor.py:208} INFO - Processing /home/airflow/.local/lib/python3.12/site-packages/airflow/example_dags/example_short_circuit_operator.py took 0.057 seconds
[2025-02-06T15:22:08.755+0000] {processor.py:186} INFO - Started process (PID=2166) to work on /home/airflow/.local/lib/python3.12/site-packages/airflow/example_dags/example_short_circuit_operator.py
[2025-02-06T15:22:08.755+0000] {processor.py:914} INFO - Processing file /home/airflow/.local/lib/python3.12/site-packages/airflow/example_dags/example_short_circuit_operator.py for tasks to queue
[2025-02-06T15:22:08.757+0000] {logging_mixin.py:190} INFO - [2025-02-06T15:22:08.756+0000] {dagbag.py:588} INFO - Filling up the DagBag from /home/airflow/.local/lib/python3.12/site-packages/airflow/example_dags/example_short_circuit_operator.py
[2025-02-06T15:22:08.762+0000] {processor.py:925} INFO - DAG(s) 'example_short_circuit_operator' retrieved from /home/airflow/.local/lib/python3.12/site-packages/airflow/example_dags/example_short_circuit_operator.py
[2025-02-06T15:22:08.780+0000] {logging_mixin.py:190} INFO - [2025-02-06T15:22:08.780+0000] {dag.py:3239} INFO - Sync 1 DAGs
[2025-02-06T15:22:08.790+0000] {logging_mixin.py:190} INFO - [2025-02-06T15:22:08.790+0000] {dag.py:4180} INFO - Setting next_dagrun for example_short_circuit_operator to None, run_after=None
[2025-02-06T15:22:08.804+0000] {processor.py:208} INFO - Processing /home/airflow/.local/lib/python3.12/site-packages/airflow/example_dags/example_short_circuit_operator.py took 0.053 seconds
[2025-02-06T15:22:39.691+0000] {processor.py:186} INFO - Started process (PID=2472) to work on /home/airflow/.local/lib/python3.12/site-packages/airflow/example_dags/example_short_circuit_operator.py
[2025-02-06T15:22:39.692+0000] {processor.py:914} INFO - Processing file /home/airflow/.local/lib/python3.12/site-packages/airflow/example_dags/example_short_circuit_operator.py for tasks to queue
[2025-02-06T15:22:39.693+0000] {logging_mixin.py:190} INFO - [2025-02-06T15:22:39.693+0000] {dagbag.py:588} INFO - Filling up the DagBag from /home/airflow/.local/lib/python3.12/site-packages/airflow/example_dags/example_short_circuit_operator.py
[2025-02-06T15:22:39.700+0000] {processor.py:925} INFO - DAG(s) 'example_short_circuit_operator' retrieved from /home/airflow/.local/lib/python3.12/site-packages/airflow/example_dags/example_short_circuit_operator.py
[2025-02-06T15:22:39.718+0000] {logging_mixin.py:190} INFO - [2025-02-06T15:22:39.718+0000] {dag.py:3239} INFO - Sync 1 DAGs
[2025-02-06T15:22:39.730+0000] {logging_mixin.py:190} INFO - [2025-02-06T15:22:39.730+0000] {dag.py:4180} INFO - Setting next_dagrun for example_short_circuit_operator to None, run_after=None
[2025-02-06T15:22:39.744+0000] {processor.py:208} INFO - Processing /home/airflow/.local/lib/python3.12/site-packages/airflow/example_dags/example_short_circuit_operator.py took 0.057 seconds
[2025-02-06T15:23:10.590+0000] {processor.py:186} INFO - Started process (PID=2778) to work on /home/airflow/.local/lib/python3.12/site-packages/airflow/example_dags/example_short_circuit_operator.py
[2025-02-06T15:23:10.591+0000] {processor.py:914} INFO - Processing file /home/airflow/.local/lib/python3.12/site-packages/airflow/example_dags/example_short_circuit_operator.py for tasks to queue
[2025-02-06T15:23:10.593+0000] {logging_mixin.py:190} INFO - [2025-02-06T15:23:10.592+0000] {dagbag.py:588} INFO - Filling up the DagBag from /home/airflow/.local/lib/python3.12/site-packages/airflow/example_dags/example_short_circuit_operator.py
[2025-02-06T15:23:10.598+0000] {processor.py:925} INFO - DAG(s) 'example_short_circuit_operator' retrieved from /home/airflow/.local/lib/python3.12/site-packages/airflow/example_dags/example_short_circuit_operator.py
[2025-02-06T15:23:10.615+0000] {logging_mixin.py:190} INFO - [2025-02-06T15:23:10.615+0000] {dag.py:3239} INFO - Sync 1 DAGs
[2025-02-06T15:23:10.626+0000] {logging_mixin.py:190} INFO - [2025-02-06T15:23:10.626+0000] {dag.py:4180} INFO - Setting next_dagrun for example_short_circuit_operator to None, run_after=None
[2025-02-06T15:23:10.640+0000] {processor.py:208} INFO - Processing /home/airflow/.local/lib/python3.12/site-packages/airflow/example_dags/example_short_circuit_operator.py took 0.054 seconds
[2025-02-06T15:23:41.775+0000] {processor.py:186} INFO - Started process (PID=3084) to work on /home/airflow/.local/lib/python3.12/site-packages/airflow/example_dags/example_short_circuit_operator.py
[2025-02-06T15:23:41.776+0000] {processor.py:914} INFO - Processing file /home/airflow/.local/lib/python3.12/site-packages/airflow/example_dags/example_short_circuit_operator.py for tasks to queue
[2025-02-06T15:23:41.777+0000] {logging_mixin.py:190} INFO - [2025-02-06T15:23:41.777+0000] {dagbag.py:588} INFO - Filling up the DagBag from /home/airflow/.local/lib/python3.12/site-packages/airflow/example_dags/example_short_circuit_operator.py
[2025-02-06T15:23:41.784+0000] {processor.py:925} INFO - DAG(s) 'example_short_circuit_operator' retrieved from /home/airflow/.local/lib/python3.12/site-packages/airflow/example_dags/example_short_circuit_operator.py
[2025-02-06T15:23:41.804+0000] {logging_mixin.py:190} INFO - [2025-02-06T15:23:41.803+0000] {dag.py:3239} INFO - Sync 1 DAGs
[2025-02-06T15:23:41.816+0000] {logging_mixin.py:190} INFO - [2025-02-06T15:23:41.816+0000] {dag.py:4180} INFO - Setting next_dagrun for example_short_circuit_operator to None, run_after=None
[2025-02-06T15:23:41.829+0000] {processor.py:208} INFO - Processing /home/airflow/.local/lib/python3.12/site-packages/airflow/example_dags/example_short_circuit_operator.py took 0.059 seconds
[2025-02-06T15:24:11.994+0000] {processor.py:186} INFO - Started process (PID=3390) to work on /home/airflow/.local/lib/python3.12/site-packages/airflow/example_dags/example_short_circuit_operator.py
[2025-02-06T15:24:11.994+0000] {processor.py:914} INFO - Processing file /home/airflow/.local/lib/python3.12/site-packages/airflow/example_dags/example_short_circuit_operator.py for tasks to queue
[2025-02-06T15:24:11.996+0000] {logging_mixin.py:190} INFO - [2025-02-06T15:24:11.996+0000] {dagbag.py:588} INFO - Filling up the DagBag from /home/airflow/.local/lib/python3.12/site-packages/airflow/example_dags/example_short_circuit_operator.py
[2025-02-06T15:24:12.002+0000] {processor.py:925} INFO - DAG(s) 'example_short_circuit_operator' retrieved from /home/airflow/.local/lib/python3.12/site-packages/airflow/example_dags/example_short_circuit_operator.py
[2025-02-06T15:24:12.020+0000] {logging_mixin.py:190} INFO - [2025-02-06T15:24:12.019+0000] {dag.py:3239} INFO - Sync 1 DAGs
[2025-02-06T15:24:12.030+0000] {logging_mixin.py:190} INFO - [2025-02-06T15:24:12.030+0000] {dag.py:4180} INFO - Setting next_dagrun for example_short_circuit_operator to None, run_after=None
[2025-02-06T15:24:12.045+0000] {processor.py:208} INFO - Processing /home/airflow/.local/lib/python3.12/site-packages/airflow/example_dags/example_short_circuit_operator.py took 0.055 seconds
[2025-02-06T16:07:26.100+0000] {processor.py:157} INFO - Started process (PID=317) to work on /home/airflow/.local/lib/python3.8/site-packages/airflow/example_dags/example_short_circuit_operator.py
[2025-02-06T16:07:26.101+0000] {processor.py:829} INFO - Processing file /home/airflow/.local/lib/python3.8/site-packages/airflow/example_dags/example_short_circuit_operator.py for tasks to queue
[2025-02-06T16:07:26.102+0000] {logging_mixin.py:151} INFO - [2025-02-06T16:07:26.102+0000] {dagbag.py:539} INFO - Filling up the DagBag from /home/airflow/.local/lib/python3.8/site-packages/airflow/example_dags/example_short_circuit_operator.py
[2025-02-06T16:07:26.112+0000] {processor.py:839} INFO - DAG(s) dict_keys(['example_short_circuit_operator']) retrieved from /home/airflow/.local/lib/python3.8/site-packages/airflow/example_dags/example_short_circuit_operator.py
[2025-02-06T16:07:26.124+0000] {logging_mixin.py:151} INFO - [2025-02-06T16:07:26.124+0000] {dag.py:2915} INFO - Sync 1 DAGs
[2025-02-06T16:07:26.142+0000] {logging_mixin.py:151} INFO - [2025-02-06T16:07:26.142+0000] {dag.py:2937} INFO - Creating ORM DAG for example_short_circuit_operator
[2025-02-06T16:07:26.334+0000] {logging_mixin.py:151} INFO - [2025-02-06T16:07:26.334+0000] {dag.py:3696} INFO - Setting next_dagrun for example_short_circuit_operator to 2025-02-05T16:07:26.333865+00:00, run_after=2025-02-06T16:07:26.333865+00:00
[2025-02-06T16:07:26.350+0000] {processor.py:179} INFO - Processing /home/airflow/.local/lib/python3.8/site-packages/airflow/example_dags/example_short_circuit_operator.py took 0.253 seconds
[2025-02-06T16:07:58.940+0000] {processor.py:157} INFO - Started process (PID=584) to work on /home/airflow/.local/lib/python3.8/site-packages/airflow/example_dags/example_short_circuit_operator.py
[2025-02-06T16:07:58.941+0000] {processor.py:829} INFO - Processing file /home/airflow/.local/lib/python3.8/site-packages/airflow/example_dags/example_short_circuit_operator.py for tasks to queue
[2025-02-06T16:07:58.941+0000] {logging_mixin.py:151} INFO - [2025-02-06T16:07:58.941+0000] {dagbag.py:539} INFO - Filling up the DagBag from /home/airflow/.local/lib/python3.8/site-packages/airflow/example_dags/example_short_circuit_operator.py
[2025-02-06T16:07:58.949+0000] {processor.py:839} INFO - DAG(s) dict_keys(['example_short_circuit_operator']) retrieved from /home/airflow/.local/lib/python3.8/site-packages/airflow/example_dags/example_short_circuit_operator.py
[2025-02-06T16:07:58.960+0000] {logging_mixin.py:151} INFO - [2025-02-06T16:07:58.960+0000] {dag.py:2915} INFO - Sync 1 DAGs
[2025-02-06T16:07:58.981+0000] {logging_mixin.py:151} INFO - [2025-02-06T16:07:58.980+0000] {dag.py:3696} INFO - Setting next_dagrun for example_short_circuit_operator to 2025-02-05T16:07:58.980449+00:00, run_after=2025-02-06T16:07:58.980449+00:00
[2025-02-06T16:07:59.009+0000] {processor.py:179} INFO - Processing /home/airflow/.local/lib/python3.8/site-packages/airflow/example_dags/example_short_circuit_operator.py took 0.073 seconds
[2025-02-06T16:08:31.370+0000] {processor.py:157} INFO - Started process (PID=851) to work on /home/airflow/.local/lib/python3.8/site-packages/airflow/example_dags/example_short_circuit_operator.py
[2025-02-06T16:08:31.371+0000] {processor.py:829} INFO - Processing file /home/airflow/.local/lib/python3.8/site-packages/airflow/example_dags/example_short_circuit_operator.py for tasks to queue
[2025-02-06T16:08:31.373+0000] {logging_mixin.py:151} INFO - [2025-02-06T16:08:31.372+0000] {dagbag.py:539} INFO - Filling up the DagBag from /home/airflow/.local/lib/python3.8/site-packages/airflow/example_dags/example_short_circuit_operator.py
[2025-02-06T16:08:31.384+0000] {processor.py:839} INFO - DAG(s) dict_keys(['example_short_circuit_operator']) retrieved from /home/airflow/.local/lib/python3.8/site-packages/airflow/example_dags/example_short_circuit_operator.py
[2025-02-06T16:08:31.420+0000] {logging_mixin.py:151} INFO - [2025-02-06T16:08:31.419+0000] {dag.py:2915} INFO - Sync 1 DAGs
[2025-02-06T16:08:31.451+0000] {logging_mixin.py:151} INFO - [2025-02-06T16:08:31.451+0000] {dag.py:3696} INFO - Setting next_dagrun for example_short_circuit_operator to 2025-02-05T16:08:31.451273+00:00, run_after=2025-02-06T16:08:31.451273+00:00
[2025-02-06T16:08:31.477+0000] {processor.py:179} INFO - Processing /home/airflow/.local/lib/python3.8/site-packages/airflow/example_dags/example_short_circuit_operator.py took 0.111 seconds
[2025-02-06T16:09:04.118+0000] {processor.py:157} INFO - Started process (PID=1114) to work on /home/airflow/.local/lib/python3.8/site-packages/airflow/example_dags/example_short_circuit_operator.py
[2025-02-06T16:09:04.119+0000] {processor.py:829} INFO - Processing file /home/airflow/.local/lib/python3.8/site-packages/airflow/example_dags/example_short_circuit_operator.py for tasks to queue
[2025-02-06T16:09:04.120+0000] {logging_mixin.py:151} INFO - [2025-02-06T16:09:04.120+0000] {dagbag.py:539} INFO - Filling up the DagBag from /home/airflow/.local/lib/python3.8/site-packages/airflow/example_dags/example_short_circuit_operator.py
[2025-02-06T16:09:04.126+0000] {processor.py:839} INFO - DAG(s) dict_keys(['example_short_circuit_operator']) retrieved from /home/airflow/.local/lib/python3.8/site-packages/airflow/example_dags/example_short_circuit_operator.py
[2025-02-06T16:09:04.145+0000] {logging_mixin.py:151} INFO - [2025-02-06T16:09:04.145+0000] {dag.py:2915} INFO - Sync 1 DAGs
[2025-02-06T16:09:04.163+0000] {logging_mixin.py:151} INFO - [2025-02-06T16:09:04.163+0000] {dag.py:3696} INFO - Setting next_dagrun for example_short_circuit_operator to 2025-02-05T16:09:04.162862+00:00, run_after=2025-02-06T16:09:04.162862+00:00
[2025-02-06T16:09:04.176+0000] {processor.py:179} INFO - Processing /home/airflow/.local/lib/python3.8/site-packages/airflow/example_dags/example_short_circuit_operator.py took 0.060 seconds
[2025-02-06T16:09:37.638+0000] {processor.py:157} INFO - Started process (PID=1375) to work on /home/airflow/.local/lib/python3.8/site-packages/airflow/example_dags/example_short_circuit_operator.py
[2025-02-06T16:09:37.639+0000] {processor.py:829} INFO - Processing file /home/airflow/.local/lib/python3.8/site-packages/airflow/example_dags/example_short_circuit_operator.py for tasks to queue
[2025-02-06T16:09:37.640+0000] {logging_mixin.py:151} INFO - [2025-02-06T16:09:37.640+0000] {dagbag.py:539} INFO - Filling up the DagBag from /home/airflow/.local/lib/python3.8/site-packages/airflow/example_dags/example_short_circuit_operator.py
[2025-02-06T16:09:37.648+0000] {processor.py:839} INFO - DAG(s) dict_keys(['example_short_circuit_operator']) retrieved from /home/airflow/.local/lib/python3.8/site-packages/airflow/example_dags/example_short_circuit_operator.py
[2025-02-06T16:09:37.672+0000] {logging_mixin.py:151} INFO - [2025-02-06T16:09:37.671+0000] {dag.py:2915} INFO - Sync 1 DAGs
[2025-02-06T16:09:37.692+0000] {logging_mixin.py:151} INFO - [2025-02-06T16:09:37.692+0000] {dag.py:3696} INFO - Setting next_dagrun for example_short_circuit_operator to 2025-02-05T16:09:37.692071+00:00, run_after=2025-02-06T16:09:37.692071+00:00
[2025-02-06T16:09:37.710+0000] {processor.py:179} INFO - Processing /home/airflow/.local/lib/python3.8/site-packages/airflow/example_dags/example_short_circuit_operator.py took 0.075 seconds
[2025-02-06T16:10:10.046+0000] {processor.py:157} INFO - Started process (PID=1634) to work on /home/airflow/.local/lib/python3.8/site-packages/airflow/example_dags/example_short_circuit_operator.py
[2025-02-06T16:10:10.047+0000] {processor.py:829} INFO - Processing file /home/airflow/.local/lib/python3.8/site-packages/airflow/example_dags/example_short_circuit_operator.py for tasks to queue
[2025-02-06T16:10:10.048+0000] {logging_mixin.py:151} INFO - [2025-02-06T16:10:10.047+0000] {dagbag.py:539} INFO - Filling up the DagBag from /home/airflow/.local/lib/python3.8/site-packages/airflow/example_dags/example_short_circuit_operator.py
[2025-02-06T16:10:10.054+0000] {processor.py:839} INFO - DAG(s) dict_keys(['example_short_circuit_operator']) retrieved from /home/airflow/.local/lib/python3.8/site-packages/airflow/example_dags/example_short_circuit_operator.py
[2025-02-06T16:10:10.073+0000] {logging_mixin.py:151} INFO - [2025-02-06T16:10:10.073+0000] {dag.py:2915} INFO - Sync 1 DAGs
[2025-02-06T16:10:10.090+0000] {logging_mixin.py:151} INFO - [2025-02-06T16:10:10.090+0000] {dag.py:3696} INFO - Setting next_dagrun for example_short_circuit_operator to 2025-02-05T16:10:10.090013+00:00, run_after=2025-02-06T16:10:10.090013+00:00
[2025-02-06T16:10:10.104+0000] {processor.py:179} INFO - Processing /home/airflow/.local/lib/python3.8/site-packages/airflow/example_dags/example_short_circuit_operator.py took 0.060 seconds
[2025-02-06T16:10:42.832+0000] {processor.py:157} INFO - Started process (PID=1895) to work on /home/airflow/.local/lib/python3.8/site-packages/airflow/example_dags/example_short_circuit_operator.py
[2025-02-06T16:10:42.834+0000] {processor.py:829} INFO - Processing file /home/airflow/.local/lib/python3.8/site-packages/airflow/example_dags/example_short_circuit_operator.py for tasks to queue
[2025-02-06T16:10:42.834+0000] {logging_mixin.py:151} INFO - [2025-02-06T16:10:42.834+0000] {dagbag.py:539} INFO - Filling up the DagBag from /home/airflow/.local/lib/python3.8/site-packages/airflow/example_dags/example_short_circuit_operator.py
[2025-02-06T16:10:42.841+0000] {processor.py:839} INFO - DAG(s) dict_keys(['example_short_circuit_operator']) retrieved from /home/airflow/.local/lib/python3.8/site-packages/airflow/example_dags/example_short_circuit_operator.py
[2025-02-06T16:10:42.860+0000] {logging_mixin.py:151} INFO - [2025-02-06T16:10:42.860+0000] {dag.py:2915} INFO - Sync 1 DAGs
[2025-02-06T16:10:42.879+0000] {logging_mixin.py:151} INFO - [2025-02-06T16:10:42.879+0000] {dag.py:3696} INFO - Setting next_dagrun for example_short_circuit_operator to 2025-02-05T16:10:42.879360+00:00, run_after=2025-02-06T16:10:42.879360+00:00
[2025-02-06T16:10:42.895+0000] {processor.py:179} INFO - Processing /home/airflow/.local/lib/python3.8/site-packages/airflow/example_dags/example_short_circuit_operator.py took 0.065 seconds
[2025-02-06T16:11:15.401+0000] {processor.py:157} INFO - Started process (PID=2156) to work on /home/airflow/.local/lib/python3.8/site-packages/airflow/example_dags/example_short_circuit_operator.py
[2025-02-06T16:11:15.402+0000] {processor.py:829} INFO - Processing file /home/airflow/.local/lib/python3.8/site-packages/airflow/example_dags/example_short_circuit_operator.py for tasks to queue
[2025-02-06T16:11:15.403+0000] {logging_mixin.py:151} INFO - [2025-02-06T16:11:15.402+0000] {dagbag.py:539} INFO - Filling up the DagBag from /home/airflow/.local/lib/python3.8/site-packages/airflow/example_dags/example_short_circuit_operator.py
[2025-02-06T16:11:15.412+0000] {processor.py:839} INFO - DAG(s) dict_keys(['example_short_circuit_operator']) retrieved from /home/airflow/.local/lib/python3.8/site-packages/airflow/example_dags/example_short_circuit_operator.py
[2025-02-06T16:11:15.436+0000] {logging_mixin.py:151} INFO - [2025-02-06T16:11:15.436+0000] {dag.py:2915} INFO - Sync 1 DAGs
[2025-02-06T16:11:15.459+0000] {logging_mixin.py:151} INFO - [2025-02-06T16:11:15.458+0000] {dag.py:3696} INFO - Setting next_dagrun for example_short_circuit_operator to 2025-02-05T16:11:15.458395+00:00, run_after=2025-02-06T16:11:15.458395+00:00
[2025-02-06T16:11:15.477+0000] {processor.py:179} INFO - Processing /home/airflow/.local/lib/python3.8/site-packages/airflow/example_dags/example_short_circuit_operator.py took 0.079 seconds
[2025-02-06T16:11:48.335+0000] {processor.py:157} INFO - Started process (PID=2417) to work on /home/airflow/.local/lib/python3.8/site-packages/airflow/example_dags/example_short_circuit_operator.py
[2025-02-06T16:11:48.336+0000] {processor.py:829} INFO - Processing file /home/airflow/.local/lib/python3.8/site-packages/airflow/example_dags/example_short_circuit_operator.py for tasks to queue
[2025-02-06T16:11:48.337+0000] {logging_mixin.py:151} INFO - [2025-02-06T16:11:48.336+0000] {dagbag.py:539} INFO - Filling up the DagBag from /home/airflow/.local/lib/python3.8/site-packages/airflow/example_dags/example_short_circuit_operator.py
[2025-02-06T16:11:48.345+0000] {processor.py:839} INFO - DAG(s) dict_keys(['example_short_circuit_operator']) retrieved from /home/airflow/.local/lib/python3.8/site-packages/airflow/example_dags/example_short_circuit_operator.py
[2025-02-06T16:11:48.366+0000] {logging_mixin.py:151} INFO - [2025-02-06T16:11:48.365+0000] {dag.py:2915} INFO - Sync 1 DAGs
[2025-02-06T16:11:48.386+0000] {logging_mixin.py:151} INFO - [2025-02-06T16:11:48.386+0000] {dag.py:3696} INFO - Setting next_dagrun for example_short_circuit_operator to 2025-02-05T16:11:48.385865+00:00, run_after=2025-02-06T16:11:48.385865+00:00
[2025-02-06T16:11:48.404+0000] {processor.py:179} INFO - Processing /home/airflow/.local/lib/python3.8/site-packages/airflow/example_dags/example_short_circuit_operator.py took 0.073 seconds
[2025-02-06T16:12:21.787+0000] {processor.py:157} INFO - Started process (PID=2678) to work on /home/airflow/.local/lib/python3.8/site-packages/airflow/example_dags/example_short_circuit_operator.py
[2025-02-06T16:12:21.789+0000] {processor.py:829} INFO - Processing file /home/airflow/.local/lib/python3.8/site-packages/airflow/example_dags/example_short_circuit_operator.py for tasks to queue
[2025-02-06T16:12:21.789+0000] {logging_mixin.py:151} INFO - [2025-02-06T16:12:21.789+0000] {dagbag.py:539} INFO - Filling up the DagBag from /home/airflow/.local/lib/python3.8/site-packages/airflow/example_dags/example_short_circuit_operator.py
[2025-02-06T16:12:21.795+0000] {processor.py:839} INFO - DAG(s) dict_keys(['example_short_circuit_operator']) retrieved from /home/airflow/.local/lib/python3.8/site-packages/airflow/example_dags/example_short_circuit_operator.py
[2025-02-06T16:12:21.816+0000] {logging_mixin.py:151} INFO - [2025-02-06T16:12:21.816+0000] {dag.py:2915} INFO - Sync 1 DAGs
[2025-02-06T16:12:21.837+0000] {logging_mixin.py:151} INFO - [2025-02-06T16:12:21.837+0000] {dag.py:3696} INFO - Setting next_dagrun for example_short_circuit_operator to 2025-02-05T16:12:21.837192+00:00, run_after=2025-02-06T16:12:21.837192+00:00
[2025-02-06T16:12:21.856+0000] {processor.py:179} INFO - Processing /home/airflow/.local/lib/python3.8/site-packages/airflow/example_dags/example_short_circuit_operator.py took 0.071 seconds
[2025-02-06T16:12:53.955+0000] {processor.py:157} INFO - Started process (PID=2944) to work on /home/airflow/.local/lib/python3.8/site-packages/airflow/example_dags/example_short_circuit_operator.py
[2025-02-06T16:12:53.956+0000] {processor.py:829} INFO - Processing file /home/airflow/.local/lib/python3.8/site-packages/airflow/example_dags/example_short_circuit_operator.py for tasks to queue
[2025-02-06T16:12:53.957+0000] {logging_mixin.py:151} INFO - [2025-02-06T16:12:53.957+0000] {dagbag.py:539} INFO - Filling up the DagBag from /home/airflow/.local/lib/python3.8/site-packages/airflow/example_dags/example_short_circuit_operator.py
[2025-02-06T16:12:53.964+0000] {processor.py:839} INFO - DAG(s) dict_keys(['example_short_circuit_operator']) retrieved from /home/airflow/.local/lib/python3.8/site-packages/airflow/example_dags/example_short_circuit_operator.py
[2025-02-06T16:12:53.984+0000] {logging_mixin.py:151} INFO - [2025-02-06T16:12:53.984+0000] {dag.py:2915} INFO - Sync 1 DAGs
[2025-02-06T16:12:54.004+0000] {logging_mixin.py:151} INFO - [2025-02-06T16:12:54.004+0000] {dag.py:3696} INFO - Setting next_dagrun for example_short_circuit_operator to 2025-02-05T16:12:54.004559+00:00, run_after=2025-02-06T16:12:54.004559+00:00
[2025-02-06T16:12:54.021+0000] {processor.py:179} INFO - Processing /home/airflow/.local/lib/python3.8/site-packages/airflow/example_dags/example_short_circuit_operator.py took 0.068 seconds
[2025-02-06T16:13:26.616+0000] {processor.py:157} INFO - Started process (PID=3205) to work on /home/airflow/.local/lib/python3.8/site-packages/airflow/example_dags/example_short_circuit_operator.py
[2025-02-06T16:13:26.617+0000] {processor.py:829} INFO - Processing file /home/airflow/.local/lib/python3.8/site-packages/airflow/example_dags/example_short_circuit_operator.py for tasks to queue
[2025-02-06T16:13:26.617+0000] {logging_mixin.py:151} INFO - [2025-02-06T16:13:26.617+0000] {dagbag.py:539} INFO - Filling up the DagBag from /home/airflow/.local/lib/python3.8/site-packages/airflow/example_dags/example_short_circuit_operator.py
[2025-02-06T16:13:26.624+0000] {processor.py:839} INFO - DAG(s) dict_keys(['example_short_circuit_operator']) retrieved from /home/airflow/.local/lib/python3.8/site-packages/airflow/example_dags/example_short_circuit_operator.py
[2025-02-06T16:13:26.644+0000] {logging_mixin.py:151} INFO - [2025-02-06T16:13:26.643+0000] {dag.py:2915} INFO - Sync 1 DAGs
[2025-02-06T16:13:26.661+0000] {logging_mixin.py:151} INFO - [2025-02-06T16:13:26.661+0000] {dag.py:3696} INFO - Setting next_dagrun for example_short_circuit_operator to 2025-02-05T16:13:26.660896+00:00, run_after=2025-02-06T16:13:26.660896+00:00
[2025-02-06T16:13:26.678+0000] {processor.py:179} INFO - Processing /home/airflow/.local/lib/python3.8/site-packages/airflow/example_dags/example_short_circuit_operator.py took 0.064 seconds
[2025-02-06T16:13:59.695+0000] {processor.py:157} INFO - Started process (PID=3466) to work on /home/airflow/.local/lib/python3.8/site-packages/airflow/example_dags/example_short_circuit_operator.py
[2025-02-06T16:13:59.696+0000] {processor.py:829} INFO - Processing file /home/airflow/.local/lib/python3.8/site-packages/airflow/example_dags/example_short_circuit_operator.py for tasks to queue
[2025-02-06T16:13:59.697+0000] {logging_mixin.py:151} INFO - [2025-02-06T16:13:59.697+0000] {dagbag.py:539} INFO - Filling up the DagBag from /home/airflow/.local/lib/python3.8/site-packages/airflow/example_dags/example_short_circuit_operator.py
[2025-02-06T16:13:59.704+0000] {processor.py:839} INFO - DAG(s) dict_keys(['example_short_circuit_operator']) retrieved from /home/airflow/.local/lib/python3.8/site-packages/airflow/example_dags/example_short_circuit_operator.py
[2025-02-06T16:13:59.725+0000] {logging_mixin.py:151} INFO - [2025-02-06T16:13:59.725+0000] {dag.py:2915} INFO - Sync 1 DAGs
[2025-02-06T16:13:59.747+0000] {logging_mixin.py:151} INFO - [2025-02-06T16:13:59.746+0000] {dag.py:3696} INFO - Setting next_dagrun for example_short_circuit_operator to 2025-02-05T16:13:59.746420+00:00, run_after=2025-02-06T16:13:59.746420+00:00
[2025-02-06T16:13:59.765+0000] {processor.py:179} INFO - Processing /home/airflow/.local/lib/python3.8/site-packages/airflow/example_dags/example_short_circuit_operator.py took 0.072 seconds
[2025-02-06T16:14:32.092+0000] {processor.py:157} INFO - Started process (PID=3727) to work on /home/airflow/.local/lib/python3.8/site-packages/airflow/example_dags/example_short_circuit_operator.py
[2025-02-06T16:14:32.093+0000] {processor.py:829} INFO - Processing file /home/airflow/.local/lib/python3.8/site-packages/airflow/example_dags/example_short_circuit_operator.py for tasks to queue
[2025-02-06T16:14:32.094+0000] {logging_mixin.py:151} INFO - [2025-02-06T16:14:32.093+0000] {dagbag.py:539} INFO - Filling up the DagBag from /home/airflow/.local/lib/python3.8/site-packages/airflow/example_dags/example_short_circuit_operator.py
[2025-02-06T16:14:32.101+0000] {processor.py:839} INFO - DAG(s) dict_keys(['example_short_circuit_operator']) retrieved from /home/airflow/.local/lib/python3.8/site-packages/airflow/example_dags/example_short_circuit_operator.py
[2025-02-06T16:14:32.121+0000] {logging_mixin.py:151} INFO - [2025-02-06T16:14:32.121+0000] {dag.py:2915} INFO - Sync 1 DAGs
[2025-02-06T16:14:32.140+0000] {logging_mixin.py:151} INFO - [2025-02-06T16:14:32.139+0000] {dag.py:3696} INFO - Setting next_dagrun for example_short_circuit_operator to 2025-02-05T16:14:32.139565+00:00, run_after=2025-02-06T16:14:32.139565+00:00
[2025-02-06T16:14:32.156+0000] {processor.py:179} INFO - Processing /home/airflow/.local/lib/python3.8/site-packages/airflow/example_dags/example_short_circuit_operator.py took 0.067 seconds
[2025-02-06T16:15:05.757+0000] {processor.py:157} INFO - Started process (PID=4005) to work on /home/airflow/.local/lib/python3.8/site-packages/airflow/example_dags/example_short_circuit_operator.py
[2025-02-06T16:15:05.758+0000] {processor.py:829} INFO - Processing file /home/airflow/.local/lib/python3.8/site-packages/airflow/example_dags/example_short_circuit_operator.py for tasks to queue
[2025-02-06T16:15:05.758+0000] {logging_mixin.py:151} INFO - [2025-02-06T16:15:05.758+0000] {dagbag.py:539} INFO - Filling up the DagBag from /home/airflow/.local/lib/python3.8/site-packages/airflow/example_dags/example_short_circuit_operator.py
[2025-02-06T16:15:05.766+0000] {processor.py:839} INFO - DAG(s) dict_keys(['example_short_circuit_operator']) retrieved from /home/airflow/.local/lib/python3.8/site-packages/airflow/example_dags/example_short_circuit_operator.py
[2025-02-06T16:15:05.785+0000] {logging_mixin.py:151} INFO - [2025-02-06T16:15:05.785+0000] {dag.py:2915} INFO - Sync 1 DAGs
[2025-02-06T16:15:05.803+0000] {logging_mixin.py:151} INFO - [2025-02-06T16:15:05.803+0000] {dag.py:3696} INFO - Setting next_dagrun for example_short_circuit_operator to 2025-02-05T16:15:05.802892+00:00, run_after=2025-02-06T16:15:05.802892+00:00
[2025-02-06T16:15:05.818+0000] {processor.py:179} INFO - Processing /home/airflow/.local/lib/python3.8/site-packages/airflow/example_dags/example_short_circuit_operator.py took 0.064 seconds
[2025-02-06T16:15:38.418+0000] {processor.py:157} INFO - Started process (PID=4266) to work on /home/airflow/.local/lib/python3.8/site-packages/airflow/example_dags/example_short_circuit_operator.py
[2025-02-06T16:15:38.419+0000] {processor.py:829} INFO - Processing file /home/airflow/.local/lib/python3.8/site-packages/airflow/example_dags/example_short_circuit_operator.py for tasks to queue
[2025-02-06T16:15:38.420+0000] {logging_mixin.py:151} INFO - [2025-02-06T16:15:38.420+0000] {dagbag.py:539} INFO - Filling up the DagBag from /home/airflow/.local/lib/python3.8/site-packages/airflow/example_dags/example_short_circuit_operator.py
[2025-02-06T16:15:38.426+0000] {processor.py:839} INFO - DAG(s) dict_keys(['example_short_circuit_operator']) retrieved from /home/airflow/.local/lib/python3.8/site-packages/airflow/example_dags/example_short_circuit_operator.py
[2025-02-06T16:15:38.445+0000] {logging_mixin.py:151} INFO - [2025-02-06T16:15:38.445+0000] {dag.py:2915} INFO - Sync 1 DAGs
[2025-02-06T16:15:38.462+0000] {logging_mixin.py:151} INFO - [2025-02-06T16:15:38.462+0000] {dag.py:3696} INFO - Setting next_dagrun for example_short_circuit_operator to 2025-02-05T16:15:38.461866+00:00, run_after=2025-02-06T16:15:38.461866+00:00
[2025-02-06T16:15:38.477+0000] {processor.py:179} INFO - Processing /home/airflow/.local/lib/python3.8/site-packages/airflow/example_dags/example_short_circuit_operator.py took 0.061 seconds
[2025-02-06T16:16:11.049+0000] {processor.py:157} INFO - Started process (PID=4532) to work on /home/airflow/.local/lib/python3.8/site-packages/airflow/example_dags/example_short_circuit_operator.py
[2025-02-06T16:16:11.051+0000] {processor.py:829} INFO - Processing file /home/airflow/.local/lib/python3.8/site-packages/airflow/example_dags/example_short_circuit_operator.py for tasks to queue
[2025-02-06T16:16:11.051+0000] {logging_mixin.py:151} INFO - [2025-02-06T16:16:11.051+0000] {dagbag.py:539} INFO - Filling up the DagBag from /home/airflow/.local/lib/python3.8/site-packages/airflow/example_dags/example_short_circuit_operator.py
[2025-02-06T16:16:11.058+0000] {processor.py:839} INFO - DAG(s) dict_keys(['example_short_circuit_operator']) retrieved from /home/airflow/.local/lib/python3.8/site-packages/airflow/example_dags/example_short_circuit_operator.py
[2025-02-06T16:16:11.081+0000] {logging_mixin.py:151} INFO - [2025-02-06T16:16:11.081+0000] {dag.py:2915} INFO - Sync 1 DAGs
[2025-02-06T16:16:11.100+0000] {logging_mixin.py:151} INFO - [2025-02-06T16:16:11.099+0000] {dag.py:3696} INFO - Setting next_dagrun for example_short_circuit_operator to 2025-02-05T16:16:11.099661+00:00, run_after=2025-02-06T16:16:11.099661+00:00
[2025-02-06T16:16:11.118+0000] {processor.py:179} INFO - Processing /home/airflow/.local/lib/python3.8/site-packages/airflow/example_dags/example_short_circuit_operator.py took 0.071 seconds
[2025-02-06T16:16:44.994+0000] {processor.py:157} INFO - Started process (PID=4844) to work on /home/airflow/.local/lib/python3.8/site-packages/airflow/example_dags/example_short_circuit_operator.py
[2025-02-06T16:16:44.995+0000] {processor.py:829} INFO - Processing file /home/airflow/.local/lib/python3.8/site-packages/airflow/example_dags/example_short_circuit_operator.py for tasks to queue
[2025-02-06T16:16:44.995+0000] {logging_mixin.py:151} INFO - [2025-02-06T16:16:44.995+0000] {dagbag.py:539} INFO - Filling up the DagBag from /home/airflow/.local/lib/python3.8/site-packages/airflow/example_dags/example_short_circuit_operator.py
[2025-02-06T16:16:45.002+0000] {processor.py:839} INFO - DAG(s) dict_keys(['example_short_circuit_operator']) retrieved from /home/airflow/.local/lib/python3.8/site-packages/airflow/example_dags/example_short_circuit_operator.py
[2025-02-06T16:16:45.022+0000] {logging_mixin.py:151} INFO - [2025-02-06T16:16:45.022+0000] {dag.py:2915} INFO - Sync 1 DAGs
[2025-02-06T16:16:45.040+0000] {logging_mixin.py:151} INFO - [2025-02-06T16:16:45.040+0000] {dag.py:3696} INFO - Setting next_dagrun for example_short_circuit_operator to 2025-02-05T16:16:45.040310+00:00, run_after=2025-02-06T16:16:45.040310+00:00
[2025-02-06T16:16:45.055+0000] {processor.py:179} INFO - Processing /home/airflow/.local/lib/python3.8/site-packages/airflow/example_dags/example_short_circuit_operator.py took 0.064 seconds
[2025-02-06T16:17:17.321+0000] {processor.py:157} INFO - Started process (PID=5105) to work on /home/airflow/.local/lib/python3.8/site-packages/airflow/example_dags/example_short_circuit_operator.py
[2025-02-06T16:17:17.323+0000] {processor.py:829} INFO - Processing file /home/airflow/.local/lib/python3.8/site-packages/airflow/example_dags/example_short_circuit_operator.py for tasks to queue
[2025-02-06T16:17:17.325+0000] {logging_mixin.py:151} INFO - [2025-02-06T16:17:17.325+0000] {dagbag.py:539} INFO - Filling up the DagBag from /home/airflow/.local/lib/python3.8/site-packages/airflow/example_dags/example_short_circuit_operator.py
[2025-02-06T16:17:17.342+0000] {processor.py:839} INFO - DAG(s) dict_keys(['example_short_circuit_operator']) retrieved from /home/airflow/.local/lib/python3.8/site-packages/airflow/example_dags/example_short_circuit_operator.py
[2025-02-06T16:17:17.372+0000] {logging_mixin.py:151} INFO - [2025-02-06T16:17:17.372+0000] {dag.py:2915} INFO - Sync 1 DAGs
[2025-02-06T16:17:17.395+0000] {logging_mixin.py:151} INFO - [2025-02-06T16:17:17.395+0000] {dag.py:3696} INFO - Setting next_dagrun for example_short_circuit_operator to 2025-02-05T16:17:17.394803+00:00, run_after=2025-02-06T16:17:17.394803+00:00
[2025-02-06T16:17:17.415+0000] {processor.py:179} INFO - Processing /home/airflow/.local/lib/python3.8/site-packages/airflow/example_dags/example_short_circuit_operator.py took 0.097 seconds
[2025-02-06T16:17:49.917+0000] {processor.py:157} INFO - Started process (PID=5371) to work on /home/airflow/.local/lib/python3.8/site-packages/airflow/example_dags/example_short_circuit_operator.py
[2025-02-06T16:17:49.918+0000] {processor.py:829} INFO - Processing file /home/airflow/.local/lib/python3.8/site-packages/airflow/example_dags/example_short_circuit_operator.py for tasks to queue
[2025-02-06T16:17:49.919+0000] {logging_mixin.py:151} INFO - [2025-02-06T16:17:49.919+0000] {dagbag.py:539} INFO - Filling up the DagBag from /home/airflow/.local/lib/python3.8/site-packages/airflow/example_dags/example_short_circuit_operator.py
[2025-02-06T16:17:49.925+0000] {processor.py:839} INFO - DAG(s) dict_keys(['example_short_circuit_operator']) retrieved from /home/airflow/.local/lib/python3.8/site-packages/airflow/example_dags/example_short_circuit_operator.py
[2025-02-06T16:17:49.945+0000] {logging_mixin.py:151} INFO - [2025-02-06T16:17:49.945+0000] {dag.py:2915} INFO - Sync 1 DAGs
[2025-02-06T16:17:49.962+0000] {logging_mixin.py:151} INFO - [2025-02-06T16:17:49.961+0000] {dag.py:3696} INFO - Setting next_dagrun for example_short_circuit_operator to 2025-02-05T16:17:49.961642+00:00, run_after=2025-02-06T16:17:49.961642+00:00
[2025-02-06T16:17:49.976+0000] {processor.py:179} INFO - Processing /home/airflow/.local/lib/python3.8/site-packages/airflow/example_dags/example_short_circuit_operator.py took 0.061 seconds
[2025-02-06T16:18:22.717+0000] {processor.py:157} INFO - Started process (PID=5632) to work on /home/airflow/.local/lib/python3.8/site-packages/airflow/example_dags/example_short_circuit_operator.py
[2025-02-06T16:18:22.718+0000] {processor.py:829} INFO - Processing file /home/airflow/.local/lib/python3.8/site-packages/airflow/example_dags/example_short_circuit_operator.py for tasks to queue
[2025-02-06T16:18:22.718+0000] {logging_mixin.py:151} INFO - [2025-02-06T16:18:22.718+0000] {dagbag.py:539} INFO - Filling up the DagBag from /home/airflow/.local/lib/python3.8/site-packages/airflow/example_dags/example_short_circuit_operator.py
[2025-02-06T16:18:22.725+0000] {processor.py:839} INFO - DAG(s) dict_keys(['example_short_circuit_operator']) retrieved from /home/airflow/.local/lib/python3.8/site-packages/airflow/example_dags/example_short_circuit_operator.py
[2025-02-06T16:18:22.745+0000] {logging_mixin.py:151} INFO - [2025-02-06T16:18:22.745+0000] {dag.py:2915} INFO - Sync 1 DAGs
[2025-02-06T16:18:22.763+0000] {logging_mixin.py:151} INFO - [2025-02-06T16:18:22.763+0000] {dag.py:3696} INFO - Setting next_dagrun for example_short_circuit_operator to 2025-02-05T16:18:22.763184+00:00, run_after=2025-02-06T16:18:22.763184+00:00
[2025-02-06T16:18:22.780+0000] {processor.py:179} INFO - Processing /home/airflow/.local/lib/python3.8/site-packages/airflow/example_dags/example_short_circuit_operator.py took 0.065 seconds
[2025-02-06T16:18:55.324+0000] {processor.py:157} INFO - Started process (PID=5893) to work on /home/airflow/.local/lib/python3.8/site-packages/airflow/example_dags/example_short_circuit_operator.py
[2025-02-06T16:18:55.325+0000] {processor.py:829} INFO - Processing file /home/airflow/.local/lib/python3.8/site-packages/airflow/example_dags/example_short_circuit_operator.py for tasks to queue
[2025-02-06T16:18:55.325+0000] {logging_mixin.py:151} INFO - [2025-02-06T16:18:55.325+0000] {dagbag.py:539} INFO - Filling up the DagBag from /home/airflow/.local/lib/python3.8/site-packages/airflow/example_dags/example_short_circuit_operator.py
[2025-02-06T16:18:55.331+0000] {processor.py:839} INFO - DAG(s) dict_keys(['example_short_circuit_operator']) retrieved from /home/airflow/.local/lib/python3.8/site-packages/airflow/example_dags/example_short_circuit_operator.py
[2025-02-06T16:18:55.350+0000] {logging_mixin.py:151} INFO - [2025-02-06T16:18:55.350+0000] {dag.py:2915} INFO - Sync 1 DAGs
[2025-02-06T16:18:55.368+0000] {logging_mixin.py:151} INFO - [2025-02-06T16:18:55.368+0000] {dag.py:3696} INFO - Setting next_dagrun for example_short_circuit_operator to 2025-02-05T16:18:55.367899+00:00, run_after=2025-02-06T16:18:55.367899+00:00
[2025-02-06T16:18:55.383+0000] {processor.py:179} INFO - Processing /home/airflow/.local/lib/python3.8/site-packages/airflow/example_dags/example_short_circuit_operator.py took 0.061 seconds
