[2025-02-06T15:19:03.682+0000] {processor.py:186} INFO - Started process (PID=251) to work on /home/airflow/.local/lib/python3.12/site-packages/airflow/example_dags/example_complex.py
[2025-02-06T15:19:03.682+0000] {processor.py:914} INFO - Processing file /home/airflow/.local/lib/python3.12/site-packages/airflow/example_dags/example_complex.py for tasks to queue
[2025-02-06T15:19:03.684+0000] {logging_mixin.py:190} INFO - [2025-02-06T15:19:03.684+0000] {dagbag.py:588} INFO - Filling up the DagBag from /home/airflow/.local/lib/python3.12/site-packages/airflow/example_dags/example_complex.py
[2025-02-06T15:19:03.696+0000] {processor.py:925} INFO - DAG(s) 'example_complex' retrieved from /home/airflow/.local/lib/python3.12/site-packages/airflow/example_dags/example_complex.py
[2025-02-06T15:19:03.726+0000] {logging_mixin.py:190} INFO - [2025-02-06T15:19:03.725+0000] {dag.py:3239} INFO - Sync 1 DAGs
[2025-02-06T15:19:03.737+0000] {logging_mixin.py:190} INFO - [2025-02-06T15:19:03.737+0000] {dag.py:4180} INFO - Setting next_dagrun for example_complex to None, run_after=None
[2025-02-06T15:19:03.752+0000] {processor.py:208} INFO - Processing /home/airflow/.local/lib/python3.12/site-packages/airflow/example_dags/example_complex.py took 0.075 seconds
[2025-02-06T15:19:34.414+0000] {processor.py:186} INFO - Started process (PID=551) to work on /home/airflow/.local/lib/python3.12/site-packages/airflow/example_dags/example_complex.py
[2025-02-06T15:19:34.414+0000] {processor.py:914} INFO - Processing file /home/airflow/.local/lib/python3.12/site-packages/airflow/example_dags/example_complex.py for tasks to queue
[2025-02-06T15:19:34.416+0000] {logging_mixin.py:190} INFO - [2025-02-06T15:19:34.416+0000] {dagbag.py:588} INFO - Filling up the DagBag from /home/airflow/.local/lib/python3.12/site-packages/airflow/example_dags/example_complex.py
[2025-02-06T15:19:34.425+0000] {processor.py:925} INFO - DAG(s) 'example_complex' retrieved from /home/airflow/.local/lib/python3.12/site-packages/airflow/example_dags/example_complex.py
[2025-02-06T15:19:34.449+0000] {logging_mixin.py:190} INFO - [2025-02-06T15:19:34.448+0000] {dag.py:3239} INFO - Sync 1 DAGs
[2025-02-06T15:19:34.460+0000] {logging_mixin.py:190} INFO - [2025-02-06T15:19:34.460+0000] {dag.py:4180} INFO - Setting next_dagrun for example_complex to None, run_after=None
[2025-02-06T15:19:34.472+0000] {processor.py:208} INFO - Processing /home/airflow/.local/lib/python3.12/site-packages/airflow/example_dags/example_complex.py took 0.063 seconds
[2025-02-06T15:20:04.572+0000] {processor.py:186} INFO - Started process (PID=859) to work on /home/airflow/.local/lib/python3.12/site-packages/airflow/example_dags/example_complex.py
[2025-02-06T15:20:04.573+0000] {processor.py:914} INFO - Processing file /home/airflow/.local/lib/python3.12/site-packages/airflow/example_dags/example_complex.py for tasks to queue
[2025-02-06T15:20:04.575+0000] {logging_mixin.py:190} INFO - [2025-02-06T15:20:04.575+0000] {dagbag.py:588} INFO - Filling up the DagBag from /home/airflow/.local/lib/python3.12/site-packages/airflow/example_dags/example_complex.py
[2025-02-06T15:20:04.583+0000] {processor.py:925} INFO - DAG(s) 'example_complex' retrieved from /home/airflow/.local/lib/python3.12/site-packages/airflow/example_dags/example_complex.py
[2025-02-06T15:20:04.608+0000] {logging_mixin.py:190} INFO - [2025-02-06T15:20:04.608+0000] {dag.py:3239} INFO - Sync 1 DAGs
[2025-02-06T15:20:04.618+0000] {logging_mixin.py:190} INFO - [2025-02-06T15:20:04.618+0000] {dag.py:4180} INFO - Setting next_dagrun for example_complex to None, run_after=None
[2025-02-06T15:20:04.632+0000] {processor.py:208} INFO - Processing /home/airflow/.local/lib/python3.12/site-packages/airflow/example_dags/example_complex.py took 0.064 seconds
[2025-02-06T15:20:35.257+0000] {processor.py:186} INFO - Started process (PID=1163) to work on /home/airflow/.local/lib/python3.12/site-packages/airflow/example_dags/example_complex.py
[2025-02-06T15:20:35.258+0000] {processor.py:914} INFO - Processing file /home/airflow/.local/lib/python3.12/site-packages/airflow/example_dags/example_complex.py for tasks to queue
[2025-02-06T15:20:35.259+0000] {logging_mixin.py:190} INFO - [2025-02-06T15:20:35.259+0000] {dagbag.py:588} INFO - Filling up the DagBag from /home/airflow/.local/lib/python3.12/site-packages/airflow/example_dags/example_complex.py
[2025-02-06T15:20:35.268+0000] {processor.py:925} INFO - DAG(s) 'example_complex' retrieved from /home/airflow/.local/lib/python3.12/site-packages/airflow/example_dags/example_complex.py
[2025-02-06T15:20:35.293+0000] {logging_mixin.py:190} INFO - [2025-02-06T15:20:35.293+0000] {dag.py:3239} INFO - Sync 1 DAGs
[2025-02-06T15:20:35.304+0000] {logging_mixin.py:190} INFO - [2025-02-06T15:20:35.304+0000] {dag.py:4180} INFO - Setting next_dagrun for example_complex to None, run_after=None
[2025-02-06T15:20:35.318+0000] {processor.py:208} INFO - Processing /home/airflow/.local/lib/python3.12/site-packages/airflow/example_dags/example_complex.py took 0.065 seconds
[2025-02-06T15:21:05.887+0000] {processor.py:186} INFO - Started process (PID=1469) to work on /home/airflow/.local/lib/python3.12/site-packages/airflow/example_dags/example_complex.py
[2025-02-06T15:21:05.888+0000] {processor.py:914} INFO - Processing file /home/airflow/.local/lib/python3.12/site-packages/airflow/example_dags/example_complex.py for tasks to queue
[2025-02-06T15:21:05.890+0000] {logging_mixin.py:190} INFO - [2025-02-06T15:21:05.890+0000] {dagbag.py:588} INFO - Filling up the DagBag from /home/airflow/.local/lib/python3.12/site-packages/airflow/example_dags/example_complex.py
[2025-02-06T15:21:05.898+0000] {processor.py:925} INFO - DAG(s) 'example_complex' retrieved from /home/airflow/.local/lib/python3.12/site-packages/airflow/example_dags/example_complex.py
[2025-02-06T15:21:05.922+0000] {logging_mixin.py:190} INFO - [2025-02-06T15:21:05.922+0000] {dag.py:3239} INFO - Sync 1 DAGs
[2025-02-06T15:21:05.933+0000] {logging_mixin.py:190} INFO - [2025-02-06T15:21:05.933+0000] {dag.py:4180} INFO - Setting next_dagrun for example_complex to None, run_after=None
[2025-02-06T15:21:05.947+0000] {processor.py:208} INFO - Processing /home/airflow/.local/lib/python3.12/site-packages/airflow/example_dags/example_complex.py took 0.063 seconds
[2025-02-06T15:21:36.945+0000] {processor.py:186} INFO - Started process (PID=1775) to work on /home/airflow/.local/lib/python3.12/site-packages/airflow/example_dags/example_complex.py
[2025-02-06T15:21:36.946+0000] {processor.py:914} INFO - Processing file /home/airflow/.local/lib/python3.12/site-packages/airflow/example_dags/example_complex.py for tasks to queue
[2025-02-06T15:21:36.948+0000] {logging_mixin.py:190} INFO - [2025-02-06T15:21:36.948+0000] {dagbag.py:588} INFO - Filling up the DagBag from /home/airflow/.local/lib/python3.12/site-packages/airflow/example_dags/example_complex.py
[2025-02-06T15:21:36.956+0000] {processor.py:925} INFO - DAG(s) 'example_complex' retrieved from /home/airflow/.local/lib/python3.12/site-packages/airflow/example_dags/example_complex.py
[2025-02-06T15:21:36.980+0000] {logging_mixin.py:190} INFO - [2025-02-06T15:21:36.980+0000] {dag.py:3239} INFO - Sync 1 DAGs
[2025-02-06T15:21:36.992+0000] {logging_mixin.py:190} INFO - [2025-02-06T15:21:36.992+0000] {dag.py:4180} INFO - Setting next_dagrun for example_complex to None, run_after=None
[2025-02-06T15:21:37.005+0000] {processor.py:208} INFO - Processing /home/airflow/.local/lib/python3.12/site-packages/airflow/example_dags/example_complex.py took 0.063 seconds
[2025-02-06T15:22:07.855+0000] {processor.py:186} INFO - Started process (PID=2081) to work on /home/airflow/.local/lib/python3.12/site-packages/airflow/example_dags/example_complex.py
[2025-02-06T15:22:07.856+0000] {processor.py:914} INFO - Processing file /home/airflow/.local/lib/python3.12/site-packages/airflow/example_dags/example_complex.py for tasks to queue
[2025-02-06T15:22:07.857+0000] {logging_mixin.py:190} INFO - [2025-02-06T15:22:07.857+0000] {dagbag.py:588} INFO - Filling up the DagBag from /home/airflow/.local/lib/python3.12/site-packages/airflow/example_dags/example_complex.py
[2025-02-06T15:22:07.867+0000] {processor.py:925} INFO - DAG(s) 'example_complex' retrieved from /home/airflow/.local/lib/python3.12/site-packages/airflow/example_dags/example_complex.py
[2025-02-06T15:22:07.895+0000] {logging_mixin.py:190} INFO - [2025-02-06T15:22:07.894+0000] {dag.py:3239} INFO - Sync 1 DAGs
[2025-02-06T15:22:07.907+0000] {logging_mixin.py:190} INFO - [2025-02-06T15:22:07.907+0000] {dag.py:4180} INFO - Setting next_dagrun for example_complex to None, run_after=None
[2025-02-06T15:22:07.923+0000] {processor.py:208} INFO - Processing /home/airflow/.local/lib/python3.12/site-packages/airflow/example_dags/example_complex.py took 0.072 seconds
[2025-02-06T15:22:38.729+0000] {processor.py:186} INFO - Started process (PID=2387) to work on /home/airflow/.local/lib/python3.12/site-packages/airflow/example_dags/example_complex.py
[2025-02-06T15:22:38.730+0000] {processor.py:914} INFO - Processing file /home/airflow/.local/lib/python3.12/site-packages/airflow/example_dags/example_complex.py for tasks to queue
[2025-02-06T15:22:38.731+0000] {logging_mixin.py:190} INFO - [2025-02-06T15:22:38.731+0000] {dagbag.py:588} INFO - Filling up the DagBag from /home/airflow/.local/lib/python3.12/site-packages/airflow/example_dags/example_complex.py
[2025-02-06T15:22:38.742+0000] {processor.py:925} INFO - DAG(s) 'example_complex' retrieved from /home/airflow/.local/lib/python3.12/site-packages/airflow/example_dags/example_complex.py
[2025-02-06T15:22:38.776+0000] {logging_mixin.py:190} INFO - [2025-02-06T15:22:38.775+0000] {dag.py:3239} INFO - Sync 1 DAGs
[2025-02-06T15:22:38.792+0000] {logging_mixin.py:190} INFO - [2025-02-06T15:22:38.792+0000] {dag.py:4180} INFO - Setting next_dagrun for example_complex to None, run_after=None
[2025-02-06T15:22:38.810+0000] {processor.py:208} INFO - Processing /home/airflow/.local/lib/python3.12/site-packages/airflow/example_dags/example_complex.py took 0.086 seconds
[2025-02-06T15:23:09.595+0000] {processor.py:186} INFO - Started process (PID=2693) to work on /home/airflow/.local/lib/python3.12/site-packages/airflow/example_dags/example_complex.py
[2025-02-06T15:23:09.596+0000] {processor.py:914} INFO - Processing file /home/airflow/.local/lib/python3.12/site-packages/airflow/example_dags/example_complex.py for tasks to queue
[2025-02-06T15:23:09.598+0000] {logging_mixin.py:190} INFO - [2025-02-06T15:23:09.597+0000] {dagbag.py:588} INFO - Filling up the DagBag from /home/airflow/.local/lib/python3.12/site-packages/airflow/example_dags/example_complex.py
[2025-02-06T15:23:09.606+0000] {processor.py:925} INFO - DAG(s) 'example_complex' retrieved from /home/airflow/.local/lib/python3.12/site-packages/airflow/example_dags/example_complex.py
[2025-02-06T15:23:09.631+0000] {logging_mixin.py:190} INFO - [2025-02-06T15:23:09.631+0000] {dag.py:3239} INFO - Sync 1 DAGs
[2025-02-06T15:23:09.643+0000] {logging_mixin.py:190} INFO - [2025-02-06T15:23:09.643+0000] {dag.py:4180} INFO - Setting next_dagrun for example_complex to None, run_after=None
[2025-02-06T15:23:09.658+0000] {processor.py:208} INFO - Processing /home/airflow/.local/lib/python3.12/site-packages/airflow/example_dags/example_complex.py took 0.067 seconds
[2025-02-06T15:23:40.678+0000] {processor.py:186} INFO - Started process (PID=2999) to work on /home/airflow/.local/lib/python3.12/site-packages/airflow/example_dags/example_complex.py
[2025-02-06T15:23:40.679+0000] {processor.py:914} INFO - Processing file /home/airflow/.local/lib/python3.12/site-packages/airflow/example_dags/example_complex.py for tasks to queue
[2025-02-06T15:23:40.680+0000] {logging_mixin.py:190} INFO - [2025-02-06T15:23:40.680+0000] {dagbag.py:588} INFO - Filling up the DagBag from /home/airflow/.local/lib/python3.12/site-packages/airflow/example_dags/example_complex.py
[2025-02-06T15:23:40.689+0000] {processor.py:925} INFO - DAG(s) 'example_complex' retrieved from /home/airflow/.local/lib/python3.12/site-packages/airflow/example_dags/example_complex.py
[2025-02-06T15:23:40.714+0000] {logging_mixin.py:190} INFO - [2025-02-06T15:23:40.714+0000] {dag.py:3239} INFO - Sync 1 DAGs
[2025-02-06T15:23:40.728+0000] {logging_mixin.py:190} INFO - [2025-02-06T15:23:40.728+0000] {dag.py:4180} INFO - Setting next_dagrun for example_complex to None, run_after=None
[2025-02-06T15:23:40.743+0000] {processor.py:208} INFO - Processing /home/airflow/.local/lib/python3.12/site-packages/airflow/example_dags/example_complex.py took 0.069 seconds
[2025-02-06T15:24:10.957+0000] {processor.py:186} INFO - Started process (PID=3305) to work on /home/airflow/.local/lib/python3.12/site-packages/airflow/example_dags/example_complex.py
[2025-02-06T15:24:10.958+0000] {processor.py:914} INFO - Processing file /home/airflow/.local/lib/python3.12/site-packages/airflow/example_dags/example_complex.py for tasks to queue
[2025-02-06T15:24:10.961+0000] {logging_mixin.py:190} INFO - [2025-02-06T15:24:10.960+0000] {dagbag.py:588} INFO - Filling up the DagBag from /home/airflow/.local/lib/python3.12/site-packages/airflow/example_dags/example_complex.py
[2025-02-06T15:24:10.971+0000] {processor.py:925} INFO - DAG(s) 'example_complex' retrieved from /home/airflow/.local/lib/python3.12/site-packages/airflow/example_dags/example_complex.py
[2025-02-06T15:24:10.998+0000] {logging_mixin.py:190} INFO - [2025-02-06T15:24:10.998+0000] {dag.py:3239} INFO - Sync 1 DAGs
[2025-02-06T15:24:11.012+0000] {logging_mixin.py:190} INFO - [2025-02-06T15:24:11.012+0000] {dag.py:4180} INFO - Setting next_dagrun for example_complex to None, run_after=None
[2025-02-06T15:24:11.029+0000] {processor.py:208} INFO - Processing /home/airflow/.local/lib/python3.12/site-packages/airflow/example_dags/example_complex.py took 0.078 seconds
[2025-02-06T16:07:21.308+0000] {processor.py:157} INFO - Started process (PID=252) to work on /home/airflow/.local/lib/python3.8/site-packages/airflow/example_dags/example_complex.py
[2025-02-06T16:07:21.309+0000] {processor.py:829} INFO - Processing file /home/airflow/.local/lib/python3.8/site-packages/airflow/example_dags/example_complex.py for tasks to queue
[2025-02-06T16:07:21.310+0000] {logging_mixin.py:151} INFO - [2025-02-06T16:07:21.310+0000] {dagbag.py:539} INFO - Filling up the DagBag from /home/airflow/.local/lib/python3.8/site-packages/airflow/example_dags/example_complex.py
[2025-02-06T16:07:21.321+0000] {processor.py:839} INFO - DAG(s) dict_keys(['example_complex']) retrieved from /home/airflow/.local/lib/python3.8/site-packages/airflow/example_dags/example_complex.py
[2025-02-06T16:07:21.533+0000] {logging_mixin.py:151} INFO - [2025-02-06T16:07:21.533+0000] {manager.py:499} INFO - Created Permission View: %s
[2025-02-06T16:07:21.541+0000] {logging_mixin.py:151} INFO - [2025-02-06T16:07:21.541+0000] {manager.py:499} INFO - Created Permission View: %s
[2025-02-06T16:07:21.546+0000] {logging_mixin.py:151} INFO - [2025-02-06T16:07:21.546+0000] {manager.py:499} INFO - Created Permission View: %s
[2025-02-06T16:07:21.547+0000] {logging_mixin.py:151} INFO - [2025-02-06T16:07:21.547+0000] {security.py:708} INFO - Not syncing DAG-level permissions for DAG 'DAG:example_complex' as access control is unset.
[2025-02-06T16:07:21.547+0000] {logging_mixin.py:151} INFO - [2025-02-06T16:07:21.547+0000] {dag.py:2915} INFO - Sync 1 DAGs
[2025-02-06T16:07:21.558+0000] {logging_mixin.py:151} INFO - [2025-02-06T16:07:21.557+0000] {dag.py:2937} INFO - Creating ORM DAG for example_complex
[2025-02-06T16:07:21.558+0000] {logging_mixin.py:151} INFO - [2025-02-06T16:07:21.558+0000] {dag.py:3696} INFO - Setting next_dagrun for example_complex to None, run_after=None
[2025-02-06T16:07:21.576+0000] {processor.py:179} INFO - Processing /home/airflow/.local/lib/python3.8/site-packages/airflow/example_dags/example_complex.py took 0.270 seconds
[2025-02-06T16:07:51.935+0000] {processor.py:157} INFO - Started process (PID=507) to work on /home/airflow/.local/lib/python3.8/site-packages/airflow/example_dags/example_complex.py
[2025-02-06T16:07:51.936+0000] {processor.py:829} INFO - Processing file /home/airflow/.local/lib/python3.8/site-packages/airflow/example_dags/example_complex.py for tasks to queue
[2025-02-06T16:07:51.937+0000] {logging_mixin.py:151} INFO - [2025-02-06T16:07:51.937+0000] {dagbag.py:539} INFO - Filling up the DagBag from /home/airflow/.local/lib/python3.8/site-packages/airflow/example_dags/example_complex.py
[2025-02-06T16:07:51.946+0000] {processor.py:839} INFO - DAG(s) dict_keys(['example_complex']) retrieved from /home/airflow/.local/lib/python3.8/site-packages/airflow/example_dags/example_complex.py
[2025-02-06T16:07:51.956+0000] {logging_mixin.py:151} INFO - [2025-02-06T16:07:51.956+0000] {dag.py:2915} INFO - Sync 1 DAGs
[2025-02-06T16:07:51.969+0000] {logging_mixin.py:151} INFO - [2025-02-06T16:07:51.969+0000] {dag.py:3696} INFO - Setting next_dagrun for example_complex to None, run_after=None
[2025-02-06T16:07:51.985+0000] {processor.py:179} INFO - Processing /home/airflow/.local/lib/python3.8/site-packages/airflow/example_dags/example_complex.py took 0.053 seconds
[2025-02-06T16:08:22.955+0000] {processor.py:157} INFO - Started process (PID=774) to work on /home/airflow/.local/lib/python3.8/site-packages/airflow/example_dags/example_complex.py
[2025-02-06T16:08:22.956+0000] {processor.py:829} INFO - Processing file /home/airflow/.local/lib/python3.8/site-packages/airflow/example_dags/example_complex.py for tasks to queue
[2025-02-06T16:08:22.956+0000] {logging_mixin.py:151} INFO - [2025-02-06T16:08:22.956+0000] {dagbag.py:539} INFO - Filling up the DagBag from /home/airflow/.local/lib/python3.8/site-packages/airflow/example_dags/example_complex.py
[2025-02-06T16:08:22.964+0000] {processor.py:839} INFO - DAG(s) dict_keys(['example_complex']) retrieved from /home/airflow/.local/lib/python3.8/site-packages/airflow/example_dags/example_complex.py
[2025-02-06T16:08:22.989+0000] {logging_mixin.py:151} INFO - [2025-02-06T16:08:22.989+0000] {dag.py:2915} INFO - Sync 1 DAGs
[2025-02-06T16:08:22.999+0000] {logging_mixin.py:151} INFO - [2025-02-06T16:08:22.998+0000] {dag.py:3696} INFO - Setting next_dagrun for example_complex to None, run_after=None
[2025-02-06T16:08:23.011+0000] {processor.py:179} INFO - Processing /home/airflow/.local/lib/python3.8/site-packages/airflow/example_dags/example_complex.py took 0.059 seconds
[2025-02-06T16:08:53.498+0000] {processor.py:157} INFO - Started process (PID=1035) to work on /home/airflow/.local/lib/python3.8/site-packages/airflow/example_dags/example_complex.py
[2025-02-06T16:08:53.499+0000] {processor.py:829} INFO - Processing file /home/airflow/.local/lib/python3.8/site-packages/airflow/example_dags/example_complex.py for tasks to queue
[2025-02-06T16:08:53.500+0000] {logging_mixin.py:151} INFO - [2025-02-06T16:08:53.499+0000] {dagbag.py:539} INFO - Filling up the DagBag from /home/airflow/.local/lib/python3.8/site-packages/airflow/example_dags/example_complex.py
[2025-02-06T16:08:53.509+0000] {processor.py:839} INFO - DAG(s) dict_keys(['example_complex']) retrieved from /home/airflow/.local/lib/python3.8/site-packages/airflow/example_dags/example_complex.py
[2025-02-06T16:08:53.538+0000] {logging_mixin.py:151} INFO - [2025-02-06T16:08:53.538+0000] {dag.py:2915} INFO - Sync 1 DAGs
[2025-02-06T16:08:53.550+0000] {logging_mixin.py:151} INFO - [2025-02-06T16:08:53.549+0000] {dag.py:3696} INFO - Setting next_dagrun for example_complex to None, run_after=None
[2025-02-06T16:08:53.566+0000] {processor.py:179} INFO - Processing /home/airflow/.local/lib/python3.8/site-packages/airflow/example_dags/example_complex.py took 0.071 seconds
[2025-02-06T16:09:24.155+0000] {processor.py:157} INFO - Started process (PID=1296) to work on /home/airflow/.local/lib/python3.8/site-packages/airflow/example_dags/example_complex.py
[2025-02-06T16:09:24.157+0000] {processor.py:829} INFO - Processing file /home/airflow/.local/lib/python3.8/site-packages/airflow/example_dags/example_complex.py for tasks to queue
[2025-02-06T16:09:24.157+0000] {logging_mixin.py:151} INFO - [2025-02-06T16:09:24.157+0000] {dagbag.py:539} INFO - Filling up the DagBag from /home/airflow/.local/lib/python3.8/site-packages/airflow/example_dags/example_complex.py
[2025-02-06T16:09:24.167+0000] {processor.py:839} INFO - DAG(s) dict_keys(['example_complex']) retrieved from /home/airflow/.local/lib/python3.8/site-packages/airflow/example_dags/example_complex.py
[2025-02-06T16:09:24.192+0000] {logging_mixin.py:151} INFO - [2025-02-06T16:09:24.192+0000] {dag.py:2915} INFO - Sync 1 DAGs
[2025-02-06T16:09:24.202+0000] {logging_mixin.py:151} INFO - [2025-02-06T16:09:24.202+0000] {dag.py:3696} INFO - Setting next_dagrun for example_complex to None, run_after=None
[2025-02-06T16:09:24.217+0000] {processor.py:179} INFO - Processing /home/airflow/.local/lib/python3.8/site-packages/airflow/example_dags/example_complex.py took 0.064 seconds
[2025-02-06T16:09:55.472+0000] {processor.py:157} INFO - Started process (PID=1557) to work on /home/airflow/.local/lib/python3.8/site-packages/airflow/example_dags/example_complex.py
[2025-02-06T16:09:55.473+0000] {processor.py:829} INFO - Processing file /home/airflow/.local/lib/python3.8/site-packages/airflow/example_dags/example_complex.py for tasks to queue
[2025-02-06T16:09:55.474+0000] {logging_mixin.py:151} INFO - [2025-02-06T16:09:55.474+0000] {dagbag.py:539} INFO - Filling up the DagBag from /home/airflow/.local/lib/python3.8/site-packages/airflow/example_dags/example_complex.py
[2025-02-06T16:09:55.484+0000] {processor.py:839} INFO - DAG(s) dict_keys(['example_complex']) retrieved from /home/airflow/.local/lib/python3.8/site-packages/airflow/example_dags/example_complex.py
[2025-02-06T16:09:55.509+0000] {logging_mixin.py:151} INFO - [2025-02-06T16:09:55.508+0000] {dag.py:2915} INFO - Sync 1 DAGs
[2025-02-06T16:09:55.518+0000] {logging_mixin.py:151} INFO - [2025-02-06T16:09:55.517+0000] {dag.py:3696} INFO - Setting next_dagrun for example_complex to None, run_after=None
[2025-02-06T16:09:55.532+0000] {processor.py:179} INFO - Processing /home/airflow/.local/lib/python3.8/site-packages/airflow/example_dags/example_complex.py took 0.061 seconds
[2025-02-06T16:10:27.166+0000] {processor.py:157} INFO - Started process (PID=1820) to work on /home/airflow/.local/lib/python3.8/site-packages/airflow/example_dags/example_complex.py
[2025-02-06T16:10:27.167+0000] {processor.py:829} INFO - Processing file /home/airflow/.local/lib/python3.8/site-packages/airflow/example_dags/example_complex.py for tasks to queue
[2025-02-06T16:10:27.168+0000] {logging_mixin.py:151} INFO - [2025-02-06T16:10:27.167+0000] {dagbag.py:539} INFO - Filling up the DagBag from /home/airflow/.local/lib/python3.8/site-packages/airflow/example_dags/example_complex.py
[2025-02-06T16:10:27.177+0000] {processor.py:839} INFO - DAG(s) dict_keys(['example_complex']) retrieved from /home/airflow/.local/lib/python3.8/site-packages/airflow/example_dags/example_complex.py
[2025-02-06T16:10:27.202+0000] {logging_mixin.py:151} INFO - [2025-02-06T16:10:27.202+0000] {dag.py:2915} INFO - Sync 1 DAGs
[2025-02-06T16:10:27.211+0000] {logging_mixin.py:151} INFO - [2025-02-06T16:10:27.211+0000] {dag.py:3696} INFO - Setting next_dagrun for example_complex to None, run_after=None
[2025-02-06T16:10:27.226+0000] {processor.py:179} INFO - Processing /home/airflow/.local/lib/python3.8/site-packages/airflow/example_dags/example_complex.py took 0.062 seconds
[2025-02-06T16:10:58.096+0000] {processor.py:157} INFO - Started process (PID=2079) to work on /home/airflow/.local/lib/python3.8/site-packages/airflow/example_dags/example_complex.py
[2025-02-06T16:10:58.096+0000] {processor.py:829} INFO - Processing file /home/airflow/.local/lib/python3.8/site-packages/airflow/example_dags/example_complex.py for tasks to queue
[2025-02-06T16:10:58.097+0000] {logging_mixin.py:151} INFO - [2025-02-06T16:10:58.097+0000] {dagbag.py:539} INFO - Filling up the DagBag from /home/airflow/.local/lib/python3.8/site-packages/airflow/example_dags/example_complex.py
[2025-02-06T16:10:58.108+0000] {processor.py:839} INFO - DAG(s) dict_keys(['example_complex']) retrieved from /home/airflow/.local/lib/python3.8/site-packages/airflow/example_dags/example_complex.py
[2025-02-06T16:10:58.139+0000] {logging_mixin.py:151} INFO - [2025-02-06T16:10:58.138+0000] {dag.py:2915} INFO - Sync 1 DAGs
[2025-02-06T16:10:58.150+0000] {logging_mixin.py:151} INFO - [2025-02-06T16:10:58.150+0000] {dag.py:3696} INFO - Setting next_dagrun for example_complex to None, run_after=None
[2025-02-06T16:10:58.168+0000] {processor.py:179} INFO - Processing /home/airflow/.local/lib/python3.8/site-packages/airflow/example_dags/example_complex.py took 0.076 seconds
[2025-02-06T16:11:29.523+0000] {processor.py:157} INFO - Started process (PID=2342) to work on /home/airflow/.local/lib/python3.8/site-packages/airflow/example_dags/example_complex.py
[2025-02-06T16:11:29.524+0000] {processor.py:829} INFO - Processing file /home/airflow/.local/lib/python3.8/site-packages/airflow/example_dags/example_complex.py for tasks to queue
[2025-02-06T16:11:29.525+0000] {logging_mixin.py:151} INFO - [2025-02-06T16:11:29.525+0000] {dagbag.py:539} INFO - Filling up the DagBag from /home/airflow/.local/lib/python3.8/site-packages/airflow/example_dags/example_complex.py
[2025-02-06T16:11:29.535+0000] {processor.py:839} INFO - DAG(s) dict_keys(['example_complex']) retrieved from /home/airflow/.local/lib/python3.8/site-packages/airflow/example_dags/example_complex.py
[2025-02-06T16:11:29.566+0000] {logging_mixin.py:151} INFO - [2025-02-06T16:11:29.565+0000] {dag.py:2915} INFO - Sync 1 DAGs
[2025-02-06T16:11:29.576+0000] {logging_mixin.py:151} INFO - [2025-02-06T16:11:29.576+0000] {dag.py:3696} INFO - Setting next_dagrun for example_complex to None, run_after=None
[2025-02-06T16:11:29.591+0000] {processor.py:179} INFO - Processing /home/airflow/.local/lib/python3.8/site-packages/airflow/example_dags/example_complex.py took 0.070 seconds
[2025-02-06T16:12:00.754+0000] {processor.py:157} INFO - Started process (PID=2603) to work on /home/airflow/.local/lib/python3.8/site-packages/airflow/example_dags/example_complex.py
[2025-02-06T16:12:00.755+0000] {processor.py:829} INFO - Processing file /home/airflow/.local/lib/python3.8/site-packages/airflow/example_dags/example_complex.py for tasks to queue
[2025-02-06T16:12:00.756+0000] {logging_mixin.py:151} INFO - [2025-02-06T16:12:00.756+0000] {dagbag.py:539} INFO - Filling up the DagBag from /home/airflow/.local/lib/python3.8/site-packages/airflow/example_dags/example_complex.py
[2025-02-06T16:12:00.765+0000] {processor.py:839} INFO - DAG(s) dict_keys(['example_complex']) retrieved from /home/airflow/.local/lib/python3.8/site-packages/airflow/example_dags/example_complex.py
[2025-02-06T16:12:00.790+0000] {logging_mixin.py:151} INFO - [2025-02-06T16:12:00.790+0000] {dag.py:2915} INFO - Sync 1 DAGs
[2025-02-06T16:12:00.800+0000] {logging_mixin.py:151} INFO - [2025-02-06T16:12:00.800+0000] {dag.py:3696} INFO - Setting next_dagrun for example_complex to None, run_after=None
[2025-02-06T16:12:00.815+0000] {processor.py:179} INFO - Processing /home/airflow/.local/lib/python3.8/site-packages/airflow/example_dags/example_complex.py took 0.063 seconds
[2025-02-06T16:12:31.542+0000] {processor.py:157} INFO - Started process (PID=2862) to work on /home/airflow/.local/lib/python3.8/site-packages/airflow/example_dags/example_complex.py
[2025-02-06T16:12:31.543+0000] {processor.py:829} INFO - Processing file /home/airflow/.local/lib/python3.8/site-packages/airflow/example_dags/example_complex.py for tasks to queue
[2025-02-06T16:12:31.544+0000] {logging_mixin.py:151} INFO - [2025-02-06T16:12:31.543+0000] {dagbag.py:539} INFO - Filling up the DagBag from /home/airflow/.local/lib/python3.8/site-packages/airflow/example_dags/example_complex.py
[2025-02-06T16:12:31.553+0000] {processor.py:839} INFO - DAG(s) dict_keys(['example_complex']) retrieved from /home/airflow/.local/lib/python3.8/site-packages/airflow/example_dags/example_complex.py
[2025-02-06T16:12:31.581+0000] {logging_mixin.py:151} INFO - [2025-02-06T16:12:31.581+0000] {dag.py:2915} INFO - Sync 1 DAGs
[2025-02-06T16:12:31.592+0000] {logging_mixin.py:151} INFO - [2025-02-06T16:12:31.592+0000] {dag.py:3696} INFO - Setting next_dagrun for example_complex to None, run_after=None
[2025-02-06T16:12:31.610+0000] {processor.py:179} INFO - Processing /home/airflow/.local/lib/python3.8/site-packages/airflow/example_dags/example_complex.py took 0.071 seconds
[2025-02-06T16:13:02.269+0000] {processor.py:157} INFO - Started process (PID=3123) to work on /home/airflow/.local/lib/python3.8/site-packages/airflow/example_dags/example_complex.py
[2025-02-06T16:13:02.270+0000] {processor.py:829} INFO - Processing file /home/airflow/.local/lib/python3.8/site-packages/airflow/example_dags/example_complex.py for tasks to queue
[2025-02-06T16:13:02.271+0000] {logging_mixin.py:151} INFO - [2025-02-06T16:13:02.270+0000] {dagbag.py:539} INFO - Filling up the DagBag from /home/airflow/.local/lib/python3.8/site-packages/airflow/example_dags/example_complex.py
[2025-02-06T16:13:02.281+0000] {processor.py:839} INFO - DAG(s) dict_keys(['example_complex']) retrieved from /home/airflow/.local/lib/python3.8/site-packages/airflow/example_dags/example_complex.py
[2025-02-06T16:13:02.309+0000] {logging_mixin.py:151} INFO - [2025-02-06T16:13:02.309+0000] {dag.py:2915} INFO - Sync 1 DAGs
[2025-02-06T16:13:02.321+0000] {logging_mixin.py:151} INFO - [2025-02-06T16:13:02.321+0000] {dag.py:3696} INFO - Setting next_dagrun for example_complex to None, run_after=None
[2025-02-06T16:13:02.342+0000] {processor.py:179} INFO - Processing /home/airflow/.local/lib/python3.8/site-packages/airflow/example_dags/example_complex.py took 0.076 seconds
[2025-02-06T16:13:32.904+0000] {processor.py:157} INFO - Started process (PID=3386) to work on /home/airflow/.local/lib/python3.8/site-packages/airflow/example_dags/example_complex.py
[2025-02-06T16:13:32.905+0000] {processor.py:829} INFO - Processing file /home/airflow/.local/lib/python3.8/site-packages/airflow/example_dags/example_complex.py for tasks to queue
[2025-02-06T16:13:32.906+0000] {logging_mixin.py:151} INFO - [2025-02-06T16:13:32.906+0000] {dagbag.py:539} INFO - Filling up the DagBag from /home/airflow/.local/lib/python3.8/site-packages/airflow/example_dags/example_complex.py
[2025-02-06T16:13:32.917+0000] {processor.py:839} INFO - DAG(s) dict_keys(['example_complex']) retrieved from /home/airflow/.local/lib/python3.8/site-packages/airflow/example_dags/example_complex.py
[2025-02-06T16:13:32.945+0000] {logging_mixin.py:151} INFO - [2025-02-06T16:13:32.945+0000] {dag.py:2915} INFO - Sync 1 DAGs
[2025-02-06T16:13:32.955+0000] {logging_mixin.py:151} INFO - [2025-02-06T16:13:32.955+0000] {dag.py:3696} INFO - Setting next_dagrun for example_complex to None, run_after=None
[2025-02-06T16:13:32.969+0000] {processor.py:179} INFO - Processing /home/airflow/.local/lib/python3.8/site-packages/airflow/example_dags/example_complex.py took 0.068 seconds
[2025-02-06T16:14:03.681+0000] {processor.py:157} INFO - Started process (PID=3645) to work on /home/airflow/.local/lib/python3.8/site-packages/airflow/example_dags/example_complex.py
[2025-02-06T16:14:03.682+0000] {processor.py:829} INFO - Processing file /home/airflow/.local/lib/python3.8/site-packages/airflow/example_dags/example_complex.py for tasks to queue
[2025-02-06T16:14:03.683+0000] {logging_mixin.py:151} INFO - [2025-02-06T16:14:03.683+0000] {dagbag.py:539} INFO - Filling up the DagBag from /home/airflow/.local/lib/python3.8/site-packages/airflow/example_dags/example_complex.py
[2025-02-06T16:14:03.693+0000] {processor.py:839} INFO - DAG(s) dict_keys(['example_complex']) retrieved from /home/airflow/.local/lib/python3.8/site-packages/airflow/example_dags/example_complex.py
[2025-02-06T16:14:03.720+0000] {logging_mixin.py:151} INFO - [2025-02-06T16:14:03.720+0000] {dag.py:2915} INFO - Sync 1 DAGs
[2025-02-06T16:14:03.731+0000] {logging_mixin.py:151} INFO - [2025-02-06T16:14:03.730+0000] {dag.py:3696} INFO - Setting next_dagrun for example_complex to None, run_after=None
[2025-02-06T16:14:03.747+0000] {processor.py:179} INFO - Processing /home/airflow/.local/lib/python3.8/site-packages/airflow/example_dags/example_complex.py took 0.069 seconds
[2025-02-06T16:14:34.751+0000] {processor.py:157} INFO - Started process (PID=3908) to work on /home/airflow/.local/lib/python3.8/site-packages/airflow/example_dags/example_complex.py
[2025-02-06T16:14:34.752+0000] {processor.py:829} INFO - Processing file /home/airflow/.local/lib/python3.8/site-packages/airflow/example_dags/example_complex.py for tasks to queue
[2025-02-06T16:14:34.753+0000] {logging_mixin.py:151} INFO - [2025-02-06T16:14:34.752+0000] {dagbag.py:539} INFO - Filling up the DagBag from /home/airflow/.local/lib/python3.8/site-packages/airflow/example_dags/example_complex.py
[2025-02-06T16:14:34.762+0000] {processor.py:839} INFO - DAG(s) dict_keys(['example_complex']) retrieved from /home/airflow/.local/lib/python3.8/site-packages/airflow/example_dags/example_complex.py
[2025-02-06T16:14:34.790+0000] {logging_mixin.py:151} INFO - [2025-02-06T16:14:34.790+0000] {dag.py:2915} INFO - Sync 1 DAGs
[2025-02-06T16:14:34.802+0000] {logging_mixin.py:151} INFO - [2025-02-06T16:14:34.801+0000] {dag.py:3696} INFO - Setting next_dagrun for example_complex to None, run_after=None
[2025-02-06T16:14:34.819+0000] {processor.py:179} INFO - Processing /home/airflow/.local/lib/python3.8/site-packages/airflow/example_dags/example_complex.py took 0.071 seconds
[2025-02-06T16:15:07.821+0000] {processor.py:157} INFO - Started process (PID=4172) to work on /home/airflow/.local/lib/python3.8/site-packages/airflow/example_dags/example_complex.py
[2025-02-06T16:15:07.822+0000] {processor.py:829} INFO - Processing file /home/airflow/.local/lib/python3.8/site-packages/airflow/example_dags/example_complex.py for tasks to queue
[2025-02-06T16:15:07.823+0000] {logging_mixin.py:151} INFO - [2025-02-06T16:15:07.823+0000] {dagbag.py:539} INFO - Filling up the DagBag from /home/airflow/.local/lib/python3.8/site-packages/airflow/example_dags/example_complex.py
[2025-02-06T16:15:07.833+0000] {processor.py:839} INFO - DAG(s) dict_keys(['example_complex']) retrieved from /home/airflow/.local/lib/python3.8/site-packages/airflow/example_dags/example_complex.py
[2025-02-06T16:15:07.863+0000] {logging_mixin.py:151} INFO - [2025-02-06T16:15:07.862+0000] {dag.py:2915} INFO - Sync 1 DAGs
[2025-02-06T16:15:07.875+0000] {logging_mixin.py:151} INFO - [2025-02-06T16:15:07.875+0000] {dag.py:3696} INFO - Setting next_dagrun for example_complex to None, run_after=None
[2025-02-06T16:15:07.892+0000] {processor.py:179} INFO - Processing /home/airflow/.local/lib/python3.8/site-packages/airflow/example_dags/example_complex.py took 0.073 seconds
[2025-02-06T16:15:40.080+0000] {processor.py:157} INFO - Started process (PID=4407) to work on /home/airflow/.local/lib/python3.8/site-packages/airflow/example_dags/example_complex.py
[2025-02-06T16:15:40.081+0000] {processor.py:829} INFO - Processing file /home/airflow/.local/lib/python3.8/site-packages/airflow/example_dags/example_complex.py for tasks to queue
[2025-02-06T16:15:40.082+0000] {logging_mixin.py:151} INFO - [2025-02-06T16:15:40.082+0000] {dagbag.py:539} INFO - Filling up the DagBag from /home/airflow/.local/lib/python3.8/site-packages/airflow/example_dags/example_complex.py
[2025-02-06T16:15:40.091+0000] {processor.py:839} INFO - DAG(s) dict_keys(['example_complex']) retrieved from /home/airflow/.local/lib/python3.8/site-packages/airflow/example_dags/example_complex.py
[2025-02-06T16:15:40.117+0000] {logging_mixin.py:151} INFO - [2025-02-06T16:15:40.117+0000] {dag.py:2915} INFO - Sync 1 DAGs
[2025-02-06T16:15:40.127+0000] {logging_mixin.py:151} INFO - [2025-02-06T16:15:40.126+0000] {dag.py:3696} INFO - Setting next_dagrun for example_complex to None, run_after=None
[2025-02-06T16:15:40.144+0000] {processor.py:179} INFO - Processing /home/airflow/.local/lib/python3.8/site-packages/airflow/example_dags/example_complex.py took 0.066 seconds
[2025-02-06T16:16:12.698+0000] {processor.py:157} INFO - Started process (PID=4668) to work on /home/airflow/.local/lib/python3.8/site-packages/airflow/example_dags/example_complex.py
[2025-02-06T16:16:12.700+0000] {processor.py:829} INFO - Processing file /home/airflow/.local/lib/python3.8/site-packages/airflow/example_dags/example_complex.py for tasks to queue
[2025-02-06T16:16:12.700+0000] {logging_mixin.py:151} INFO - [2025-02-06T16:16:12.700+0000] {dagbag.py:539} INFO - Filling up the DagBag from /home/airflow/.local/lib/python3.8/site-packages/airflow/example_dags/example_complex.py
[2025-02-06T16:16:12.712+0000] {processor.py:839} INFO - DAG(s) dict_keys(['example_complex']) retrieved from /home/airflow/.local/lib/python3.8/site-packages/airflow/example_dags/example_complex.py
[2025-02-06T16:16:12.745+0000] {logging_mixin.py:151} INFO - [2025-02-06T16:16:12.745+0000] {dag.py:2915} INFO - Sync 1 DAGs
[2025-02-06T16:16:12.758+0000] {logging_mixin.py:151} INFO - [2025-02-06T16:16:12.758+0000] {dag.py:3696} INFO - Setting next_dagrun for example_complex to None, run_after=None
[2025-02-06T16:16:12.778+0000] {processor.py:179} INFO - Processing /home/airflow/.local/lib/python3.8/site-packages/airflow/example_dags/example_complex.py took 0.083 seconds
[2025-02-06T16:16:44.186+0000] {processor.py:157} INFO - Started process (PID=4784) to work on /home/airflow/.local/lib/python3.8/site-packages/airflow/example_dags/example_complex.py
[2025-02-06T16:16:44.187+0000] {processor.py:829} INFO - Processing file /home/airflow/.local/lib/python3.8/site-packages/airflow/example_dags/example_complex.py for tasks to queue
[2025-02-06T16:16:44.188+0000] {logging_mixin.py:151} INFO - [2025-02-06T16:16:44.188+0000] {dagbag.py:539} INFO - Filling up the DagBag from /home/airflow/.local/lib/python3.8/site-packages/airflow/example_dags/example_complex.py
[2025-02-06T16:16:44.198+0000] {processor.py:839} INFO - DAG(s) dict_keys(['example_complex']) retrieved from /home/airflow/.local/lib/python3.8/site-packages/airflow/example_dags/example_complex.py
[2025-02-06T16:16:44.227+0000] {logging_mixin.py:151} INFO - [2025-02-06T16:16:44.226+0000] {dag.py:2915} INFO - Sync 1 DAGs
[2025-02-06T16:16:44.238+0000] {logging_mixin.py:151} INFO - [2025-02-06T16:16:44.238+0000] {dag.py:3696} INFO - Setting next_dagrun for example_complex to None, run_after=None
[2025-02-06T16:16:44.254+0000] {processor.py:179} INFO - Processing /home/airflow/.local/lib/python3.8/site-packages/airflow/example_dags/example_complex.py took 0.070 seconds
[2025-02-06T16:17:16.465+0000] {processor.py:157} INFO - Started process (PID=5045) to work on /home/airflow/.local/lib/python3.8/site-packages/airflow/example_dags/example_complex.py
[2025-02-06T16:17:16.466+0000] {processor.py:829} INFO - Processing file /home/airflow/.local/lib/python3.8/site-packages/airflow/example_dags/example_complex.py for tasks to queue
[2025-02-06T16:17:16.467+0000] {logging_mixin.py:151} INFO - [2025-02-06T16:17:16.467+0000] {dagbag.py:539} INFO - Filling up the DagBag from /home/airflow/.local/lib/python3.8/site-packages/airflow/example_dags/example_complex.py
[2025-02-06T16:17:16.477+0000] {processor.py:839} INFO - DAG(s) dict_keys(['example_complex']) retrieved from /home/airflow/.local/lib/python3.8/site-packages/airflow/example_dags/example_complex.py
[2025-02-06T16:17:16.510+0000] {logging_mixin.py:151} INFO - [2025-02-06T16:17:16.509+0000] {dag.py:2915} INFO - Sync 1 DAGs
[2025-02-06T16:17:16.526+0000] {logging_mixin.py:151} INFO - [2025-02-06T16:17:16.526+0000] {dag.py:3696} INFO - Setting next_dagrun for example_complex to None, run_after=None
[2025-02-06T16:17:16.547+0000] {processor.py:179} INFO - Processing /home/airflow/.local/lib/python3.8/site-packages/airflow/example_dags/example_complex.py took 0.086 seconds
[2025-02-06T16:17:49.118+0000] {processor.py:157} INFO - Started process (PID=5306) to work on /home/airflow/.local/lib/python3.8/site-packages/airflow/example_dags/example_complex.py
[2025-02-06T16:17:49.119+0000] {processor.py:829} INFO - Processing file /home/airflow/.local/lib/python3.8/site-packages/airflow/example_dags/example_complex.py for tasks to queue
[2025-02-06T16:17:49.119+0000] {logging_mixin.py:151} INFO - [2025-02-06T16:17:49.119+0000] {dagbag.py:539} INFO - Filling up the DagBag from /home/airflow/.local/lib/python3.8/site-packages/airflow/example_dags/example_complex.py
[2025-02-06T16:17:49.127+0000] {processor.py:839} INFO - DAG(s) dict_keys(['example_complex']) retrieved from /home/airflow/.local/lib/python3.8/site-packages/airflow/example_dags/example_complex.py
[2025-02-06T16:17:49.152+0000] {logging_mixin.py:151} INFO - [2025-02-06T16:17:49.152+0000] {dag.py:2915} INFO - Sync 1 DAGs
[2025-02-06T16:17:49.163+0000] {logging_mixin.py:151} INFO - [2025-02-06T16:17:49.163+0000] {dag.py:3696} INFO - Setting next_dagrun for example_complex to None, run_after=None
[2025-02-06T16:17:49.179+0000] {processor.py:179} INFO - Processing /home/airflow/.local/lib/python3.8/site-packages/airflow/example_dags/example_complex.py took 0.063 seconds
[2025-02-06T16:18:21.928+0000] {processor.py:157} INFO - Started process (PID=5567) to work on /home/airflow/.local/lib/python3.8/site-packages/airflow/example_dags/example_complex.py
[2025-02-06T16:18:21.929+0000] {processor.py:829} INFO - Processing file /home/airflow/.local/lib/python3.8/site-packages/airflow/example_dags/example_complex.py for tasks to queue
[2025-02-06T16:18:21.930+0000] {logging_mixin.py:151} INFO - [2025-02-06T16:18:21.929+0000] {dagbag.py:539} INFO - Filling up the DagBag from /home/airflow/.local/lib/python3.8/site-packages/airflow/example_dags/example_complex.py
[2025-02-06T16:18:21.939+0000] {processor.py:839} INFO - DAG(s) dict_keys(['example_complex']) retrieved from /home/airflow/.local/lib/python3.8/site-packages/airflow/example_dags/example_complex.py
[2025-02-06T16:18:21.965+0000] {logging_mixin.py:151} INFO - [2025-02-06T16:18:21.965+0000] {dag.py:2915} INFO - Sync 1 DAGs
[2025-02-06T16:18:21.976+0000] {logging_mixin.py:151} INFO - [2025-02-06T16:18:21.976+0000] {dag.py:3696} INFO - Setting next_dagrun for example_complex to None, run_after=None
[2025-02-06T16:18:21.995+0000] {processor.py:179} INFO - Processing /home/airflow/.local/lib/python3.8/site-packages/airflow/example_dags/example_complex.py took 0.069 seconds
[2025-02-06T16:18:54.619+0000] {processor.py:157} INFO - Started process (PID=5828) to work on /home/airflow/.local/lib/python3.8/site-packages/airflow/example_dags/example_complex.py
[2025-02-06T16:18:54.620+0000] {processor.py:829} INFO - Processing file /home/airflow/.local/lib/python3.8/site-packages/airflow/example_dags/example_complex.py for tasks to queue
[2025-02-06T16:18:54.621+0000] {logging_mixin.py:151} INFO - [2025-02-06T16:18:54.620+0000] {dagbag.py:539} INFO - Filling up the DagBag from /home/airflow/.local/lib/python3.8/site-packages/airflow/example_dags/example_complex.py
[2025-02-06T16:18:54.629+0000] {processor.py:839} INFO - DAG(s) dict_keys(['example_complex']) retrieved from /home/airflow/.local/lib/python3.8/site-packages/airflow/example_dags/example_complex.py
[2025-02-06T16:18:54.655+0000] {logging_mixin.py:151} INFO - [2025-02-06T16:18:54.655+0000] {dag.py:2915} INFO - Sync 1 DAGs
[2025-02-06T16:18:54.666+0000] {logging_mixin.py:151} INFO - [2025-02-06T16:18:54.666+0000] {dag.py:3696} INFO - Setting next_dagrun for example_complex to None, run_after=None
[2025-02-06T16:18:54.682+0000] {processor.py:179} INFO - Processing /home/airflow/.local/lib/python3.8/site-packages/airflow/example_dags/example_complex.py took 0.065 seconds
