[2025-02-06T15:19:05.404+0000] {processor.py:186} INFO - Started process (PID=371) to work on /home/airflow/.local/lib/python3.12/site-packages/airflow/example_dags/example_latest_only_with_trigger.py
[2025-02-06T15:19:05.405+0000] {processor.py:914} INFO - Processing file /home/airflow/.local/lib/python3.12/site-packages/airflow/example_dags/example_latest_only_with_trigger.py for tasks to queue
[2025-02-06T15:19:05.407+0000] {logging_mixin.py:190} INFO - [2025-02-06T15:19:05.406+0000] {dagbag.py:588} INFO - Filling up the DagBag from /home/airflow/.local/lib/python3.12/site-packages/airflow/example_dags/example_latest_only_with_trigger.py
[2025-02-06T15:19:05.413+0000] {processor.py:925} INFO - DAG(s) 'latest_only_with_trigger' retrieved from /home/airflow/.local/lib/python3.12/site-packages/airflow/example_dags/example_latest_only_with_trigger.py
[2025-02-06T15:19:05.430+0000] {logging_mixin.py:190} INFO - [2025-02-06T15:19:05.430+0000] {dag.py:3239} INFO - Sync 1 DAGs
[2025-02-06T15:19:05.454+0000] {logging_mixin.py:190} INFO - [2025-02-06T15:19:05.454+0000] {dag.py:4180} INFO - Setting next_dagrun for latest_only_with_trigger to 2025-02-06 08:00:00+00:00, run_after=2025-02-06 12:00:00+00:00
[2025-02-06T15:19:05.473+0000] {processor.py:208} INFO - Processing /home/airflow/.local/lib/python3.12/site-packages/airflow/example_dags/example_latest_only_with_trigger.py took 0.073 seconds
[2025-02-06T15:19:35.709+0000] {processor.py:186} INFO - Started process (PID=671) to work on /home/airflow/.local/lib/python3.12/site-packages/airflow/example_dags/example_latest_only_with_trigger.py
[2025-02-06T15:19:35.710+0000] {processor.py:914} INFO - Processing file /home/airflow/.local/lib/python3.12/site-packages/airflow/example_dags/example_latest_only_with_trigger.py for tasks to queue
[2025-02-06T15:19:35.712+0000] {logging_mixin.py:190} INFO - [2025-02-06T15:19:35.711+0000] {dagbag.py:588} INFO - Filling up the DagBag from /home/airflow/.local/lib/python3.12/site-packages/airflow/example_dags/example_latest_only_with_trigger.py
[2025-02-06T15:19:35.717+0000] {processor.py:925} INFO - DAG(s) 'latest_only_with_trigger' retrieved from /home/airflow/.local/lib/python3.12/site-packages/airflow/example_dags/example_latest_only_with_trigger.py
[2025-02-06T15:19:35.732+0000] {logging_mixin.py:190} INFO - [2025-02-06T15:19:35.732+0000] {dag.py:3239} INFO - Sync 1 DAGs
[2025-02-06T15:19:35.749+0000] {logging_mixin.py:190} INFO - [2025-02-06T15:19:35.749+0000] {dag.py:4180} INFO - Setting next_dagrun for latest_only_with_trigger to 2025-02-06 08:00:00+00:00, run_after=2025-02-06 12:00:00+00:00
[2025-02-06T15:19:35.763+0000] {processor.py:208} INFO - Processing /home/airflow/.local/lib/python3.12/site-packages/airflow/example_dags/example_latest_only_with_trigger.py took 0.059 seconds
[2025-02-06T15:20:05.871+0000] {processor.py:186} INFO - Started process (PID=977) to work on /home/airflow/.local/lib/python3.12/site-packages/airflow/example_dags/example_latest_only_with_trigger.py
[2025-02-06T15:20:05.871+0000] {processor.py:914} INFO - Processing file /home/airflow/.local/lib/python3.12/site-packages/airflow/example_dags/example_latest_only_with_trigger.py for tasks to queue
[2025-02-06T15:20:05.873+0000] {logging_mixin.py:190} INFO - [2025-02-06T15:20:05.873+0000] {dagbag.py:588} INFO - Filling up the DagBag from /home/airflow/.local/lib/python3.12/site-packages/airflow/example_dags/example_latest_only_with_trigger.py
[2025-02-06T15:20:05.880+0000] {processor.py:925} INFO - DAG(s) 'latest_only_with_trigger' retrieved from /home/airflow/.local/lib/python3.12/site-packages/airflow/example_dags/example_latest_only_with_trigger.py
[2025-02-06T15:20:05.899+0000] {logging_mixin.py:190} INFO - [2025-02-06T15:20:05.898+0000] {dag.py:3239} INFO - Sync 1 DAGs
[2025-02-06T15:20:05.918+0000] {logging_mixin.py:190} INFO - [2025-02-06T15:20:05.918+0000] {dag.py:4180} INFO - Setting next_dagrun for latest_only_with_trigger to 2025-02-06 08:00:00+00:00, run_after=2025-02-06 12:00:00+00:00
[2025-02-06T15:20:05.932+0000] {processor.py:208} INFO - Processing /home/airflow/.local/lib/python3.12/site-packages/airflow/example_dags/example_latest_only_with_trigger.py took 0.065 seconds
[2025-02-06T15:20:36.409+0000] {processor.py:186} INFO - Started process (PID=1283) to work on /home/airflow/.local/lib/python3.12/site-packages/airflow/example_dags/example_latest_only_with_trigger.py
[2025-02-06T15:20:36.410+0000] {processor.py:914} INFO - Processing file /home/airflow/.local/lib/python3.12/site-packages/airflow/example_dags/example_latest_only_with_trigger.py for tasks to queue
[2025-02-06T15:20:36.411+0000] {logging_mixin.py:190} INFO - [2025-02-06T15:20:36.411+0000] {dagbag.py:588} INFO - Filling up the DagBag from /home/airflow/.local/lib/python3.12/site-packages/airflow/example_dags/example_latest_only_with_trigger.py
[2025-02-06T15:20:36.416+0000] {processor.py:925} INFO - DAG(s) 'latest_only_with_trigger' retrieved from /home/airflow/.local/lib/python3.12/site-packages/airflow/example_dags/example_latest_only_with_trigger.py
[2025-02-06T15:20:36.433+0000] {logging_mixin.py:190} INFO - [2025-02-06T15:20:36.432+0000] {dag.py:3239} INFO - Sync 1 DAGs
[2025-02-06T15:20:36.450+0000] {logging_mixin.py:190} INFO - [2025-02-06T15:20:36.450+0000] {dag.py:4180} INFO - Setting next_dagrun for latest_only_with_trigger to 2025-02-06 08:00:00+00:00, run_after=2025-02-06 12:00:00+00:00
[2025-02-06T15:20:36.463+0000] {processor.py:208} INFO - Processing /home/airflow/.local/lib/python3.12/site-packages/airflow/example_dags/example_latest_only_with_trigger.py took 0.058 seconds
[2025-02-06T15:21:07.058+0000] {processor.py:186} INFO - Started process (PID=1589) to work on /home/airflow/.local/lib/python3.12/site-packages/airflow/example_dags/example_latest_only_with_trigger.py
[2025-02-06T15:21:07.059+0000] {processor.py:914} INFO - Processing file /home/airflow/.local/lib/python3.12/site-packages/airflow/example_dags/example_latest_only_with_trigger.py for tasks to queue
[2025-02-06T15:21:07.061+0000] {logging_mixin.py:190} INFO - [2025-02-06T15:21:07.060+0000] {dagbag.py:588} INFO - Filling up the DagBag from /home/airflow/.local/lib/python3.12/site-packages/airflow/example_dags/example_latest_only_with_trigger.py
[2025-02-06T15:21:07.066+0000] {processor.py:925} INFO - DAG(s) 'latest_only_with_trigger' retrieved from /home/airflow/.local/lib/python3.12/site-packages/airflow/example_dags/example_latest_only_with_trigger.py
[2025-02-06T15:21:07.084+0000] {logging_mixin.py:190} INFO - [2025-02-06T15:21:07.084+0000] {dag.py:3239} INFO - Sync 1 DAGs
[2025-02-06T15:21:07.104+0000] {logging_mixin.py:190} INFO - [2025-02-06T15:21:07.104+0000] {dag.py:4180} INFO - Setting next_dagrun for latest_only_with_trigger to 2025-02-06 08:00:00+00:00, run_after=2025-02-06 12:00:00+00:00
[2025-02-06T15:21:07.119+0000] {processor.py:208} INFO - Processing /home/airflow/.local/lib/python3.12/site-packages/airflow/example_dags/example_latest_only_with_trigger.py took 0.066 seconds
[2025-02-06T15:21:38.142+0000] {processor.py:186} INFO - Started process (PID=1897) to work on /home/airflow/.local/lib/python3.12/site-packages/airflow/example_dags/example_latest_only_with_trigger.py
[2025-02-06T15:21:38.142+0000] {processor.py:914} INFO - Processing file /home/airflow/.local/lib/python3.12/site-packages/airflow/example_dags/example_latest_only_with_trigger.py for tasks to queue
[2025-02-06T15:21:38.144+0000] {logging_mixin.py:190} INFO - [2025-02-06T15:21:38.144+0000] {dagbag.py:588} INFO - Filling up the DagBag from /home/airflow/.local/lib/python3.12/site-packages/airflow/example_dags/example_latest_only_with_trigger.py
[2025-02-06T15:21:38.148+0000] {processor.py:925} INFO - DAG(s) 'latest_only_with_trigger' retrieved from /home/airflow/.local/lib/python3.12/site-packages/airflow/example_dags/example_latest_only_with_trigger.py
[2025-02-06T15:21:38.164+0000] {logging_mixin.py:190} INFO - [2025-02-06T15:21:38.163+0000] {dag.py:3239} INFO - Sync 1 DAGs
[2025-02-06T15:21:38.184+0000] {logging_mixin.py:190} INFO - [2025-02-06T15:21:38.184+0000] {dag.py:4180} INFO - Setting next_dagrun for latest_only_with_trigger to 2025-02-06 08:00:00+00:00, run_after=2025-02-06 12:00:00+00:00
[2025-02-06T15:21:38.200+0000] {processor.py:208} INFO - Processing /home/airflow/.local/lib/python3.12/site-packages/airflow/example_dags/example_latest_only_with_trigger.py took 0.063 seconds
[2025-02-06T15:22:09.058+0000] {processor.py:186} INFO - Started process (PID=2203) to work on /home/airflow/.local/lib/python3.12/site-packages/airflow/example_dags/example_latest_only_with_trigger.py
[2025-02-06T15:22:09.058+0000] {processor.py:914} INFO - Processing file /home/airflow/.local/lib/python3.12/site-packages/airflow/example_dags/example_latest_only_with_trigger.py for tasks to queue
[2025-02-06T15:22:09.060+0000] {logging_mixin.py:190} INFO - [2025-02-06T15:22:09.059+0000] {dagbag.py:588} INFO - Filling up the DagBag from /home/airflow/.local/lib/python3.12/site-packages/airflow/example_dags/example_latest_only_with_trigger.py
[2025-02-06T15:22:09.064+0000] {processor.py:925} INFO - DAG(s) 'latest_only_with_trigger' retrieved from /home/airflow/.local/lib/python3.12/site-packages/airflow/example_dags/example_latest_only_with_trigger.py
[2025-02-06T15:22:09.080+0000] {logging_mixin.py:190} INFO - [2025-02-06T15:22:09.079+0000] {dag.py:3239} INFO - Sync 1 DAGs
[2025-02-06T15:22:09.095+0000] {logging_mixin.py:190} INFO - [2025-02-06T15:22:09.095+0000] {dag.py:4180} INFO - Setting next_dagrun for latest_only_with_trigger to 2025-02-06 08:00:00+00:00, run_after=2025-02-06 12:00:00+00:00
[2025-02-06T15:22:09.108+0000] {processor.py:208} INFO - Processing /home/airflow/.local/lib/python3.12/site-packages/airflow/example_dags/example_latest_only_with_trigger.py took 0.054 seconds
[2025-02-06T15:22:39.953+0000] {processor.py:186} INFO - Started process (PID=2507) to work on /home/airflow/.local/lib/python3.12/site-packages/airflow/example_dags/example_latest_only_with_trigger.py
[2025-02-06T15:22:39.954+0000] {processor.py:914} INFO - Processing file /home/airflow/.local/lib/python3.12/site-packages/airflow/example_dags/example_latest_only_with_trigger.py for tasks to queue
[2025-02-06T15:22:39.956+0000] {logging_mixin.py:190} INFO - [2025-02-06T15:22:39.956+0000] {dagbag.py:588} INFO - Filling up the DagBag from /home/airflow/.local/lib/python3.12/site-packages/airflow/example_dags/example_latest_only_with_trigger.py
[2025-02-06T15:22:39.960+0000] {processor.py:925} INFO - DAG(s) 'latest_only_with_trigger' retrieved from /home/airflow/.local/lib/python3.12/site-packages/airflow/example_dags/example_latest_only_with_trigger.py
[2025-02-06T15:22:39.975+0000] {logging_mixin.py:190} INFO - [2025-02-06T15:22:39.975+0000] {dag.py:3239} INFO - Sync 1 DAGs
[2025-02-06T15:22:39.993+0000] {logging_mixin.py:190} INFO - [2025-02-06T15:22:39.992+0000] {dag.py:4180} INFO - Setting next_dagrun for latest_only_with_trigger to 2025-02-06 08:00:00+00:00, run_after=2025-02-06 12:00:00+00:00
[2025-02-06T15:22:40.005+0000] {processor.py:208} INFO - Processing /home/airflow/.local/lib/python3.12/site-packages/airflow/example_dags/example_latest_only_with_trigger.py took 0.056 seconds
[2025-02-06T15:23:10.865+0000] {processor.py:186} INFO - Started process (PID=2813) to work on /home/airflow/.local/lib/python3.12/site-packages/airflow/example_dags/example_latest_only_with_trigger.py
[2025-02-06T15:23:10.866+0000] {processor.py:914} INFO - Processing file /home/airflow/.local/lib/python3.12/site-packages/airflow/example_dags/example_latest_only_with_trigger.py for tasks to queue
[2025-02-06T15:23:10.868+0000] {logging_mixin.py:190} INFO - [2025-02-06T15:23:10.867+0000] {dagbag.py:588} INFO - Filling up the DagBag from /home/airflow/.local/lib/python3.12/site-packages/airflow/example_dags/example_latest_only_with_trigger.py
[2025-02-06T15:23:10.873+0000] {processor.py:925} INFO - DAG(s) 'latest_only_with_trigger' retrieved from /home/airflow/.local/lib/python3.12/site-packages/airflow/example_dags/example_latest_only_with_trigger.py
[2025-02-06T15:23:10.888+0000] {logging_mixin.py:190} INFO - [2025-02-06T15:23:10.888+0000] {dag.py:3239} INFO - Sync 1 DAGs
[2025-02-06T15:23:10.907+0000] {logging_mixin.py:190} INFO - [2025-02-06T15:23:10.907+0000] {dag.py:4180} INFO - Setting next_dagrun for latest_only_with_trigger to 2025-02-06 08:00:00+00:00, run_after=2025-02-06 12:00:00+00:00
[2025-02-06T15:23:10.920+0000] {processor.py:208} INFO - Processing /home/airflow/.local/lib/python3.12/site-packages/airflow/example_dags/example_latest_only_with_trigger.py took 0.059 seconds
[2025-02-06T15:23:42.092+0000] {processor.py:186} INFO - Started process (PID=3119) to work on /home/airflow/.local/lib/python3.12/site-packages/airflow/example_dags/example_latest_only_with_trigger.py
[2025-02-06T15:23:42.093+0000] {processor.py:914} INFO - Processing file /home/airflow/.local/lib/python3.12/site-packages/airflow/example_dags/example_latest_only_with_trigger.py for tasks to queue
[2025-02-06T15:23:42.095+0000] {logging_mixin.py:190} INFO - [2025-02-06T15:23:42.094+0000] {dagbag.py:588} INFO - Filling up the DagBag from /home/airflow/.local/lib/python3.12/site-packages/airflow/example_dags/example_latest_only_with_trigger.py
[2025-02-06T15:23:42.101+0000] {processor.py:925} INFO - DAG(s) 'latest_only_with_trigger' retrieved from /home/airflow/.local/lib/python3.12/site-packages/airflow/example_dags/example_latest_only_with_trigger.py
[2025-02-06T15:23:42.119+0000] {logging_mixin.py:190} INFO - [2025-02-06T15:23:42.119+0000] {dag.py:3239} INFO - Sync 1 DAGs
[2025-02-06T15:23:42.140+0000] {logging_mixin.py:190} INFO - [2025-02-06T15:23:42.140+0000] {dag.py:4180} INFO - Setting next_dagrun for latest_only_with_trigger to 2025-02-06 08:00:00+00:00, run_after=2025-02-06 12:00:00+00:00
[2025-02-06T15:23:42.155+0000] {processor.py:208} INFO - Processing /home/airflow/.local/lib/python3.12/site-packages/airflow/example_dags/example_latest_only_with_trigger.py took 0.067 seconds
[2025-02-06T15:24:12.321+0000] {processor.py:186} INFO - Started process (PID=3425) to work on /home/airflow/.local/lib/python3.12/site-packages/airflow/example_dags/example_latest_only_with_trigger.py
[2025-02-06T15:24:12.322+0000] {processor.py:914} INFO - Processing file /home/airflow/.local/lib/python3.12/site-packages/airflow/example_dags/example_latest_only_with_trigger.py for tasks to queue
[2025-02-06T15:24:12.324+0000] {logging_mixin.py:190} INFO - [2025-02-06T15:24:12.324+0000] {dagbag.py:588} INFO - Filling up the DagBag from /home/airflow/.local/lib/python3.12/site-packages/airflow/example_dags/example_latest_only_with_trigger.py
[2025-02-06T15:24:12.330+0000] {processor.py:925} INFO - DAG(s) 'latest_only_with_trigger' retrieved from /home/airflow/.local/lib/python3.12/site-packages/airflow/example_dags/example_latest_only_with_trigger.py
[2025-02-06T15:24:12.348+0000] {logging_mixin.py:190} INFO - [2025-02-06T15:24:12.348+0000] {dag.py:3239} INFO - Sync 1 DAGs
[2025-02-06T15:24:12.371+0000] {logging_mixin.py:190} INFO - [2025-02-06T15:24:12.371+0000] {dag.py:4180} INFO - Setting next_dagrun for latest_only_with_trigger to 2025-02-06 08:00:00+00:00, run_after=2025-02-06 12:00:00+00:00
[2025-02-06T15:24:12.388+0000] {processor.py:208} INFO - Processing /home/airflow/.local/lib/python3.12/site-packages/airflow/example_dags/example_latest_only_with_trigger.py took 0.071 seconds
[2025-02-06T16:07:26.986+0000] {processor.py:157} INFO - Started process (PID=349) to work on /home/airflow/.local/lib/python3.8/site-packages/airflow/example_dags/example_latest_only_with_trigger.py
[2025-02-06T16:07:26.987+0000] {processor.py:829} INFO - Processing file /home/airflow/.local/lib/python3.8/site-packages/airflow/example_dags/example_latest_only_with_trigger.py for tasks to queue
[2025-02-06T16:07:26.987+0000] {logging_mixin.py:151} INFO - [2025-02-06T16:07:26.987+0000] {dagbag.py:539} INFO - Filling up the DagBag from /home/airflow/.local/lib/python3.8/site-packages/airflow/example_dags/example_latest_only_with_trigger.py
[2025-02-06T16:07:26.993+0000] {processor.py:839} INFO - DAG(s) dict_keys(['latest_only_with_trigger']) retrieved from /home/airflow/.local/lib/python3.8/site-packages/airflow/example_dags/example_latest_only_with_trigger.py
[2025-02-06T16:07:27.004+0000] {logging_mixin.py:151} INFO - [2025-02-06T16:07:27.004+0000] {dag.py:2915} INFO - Sync 1 DAGs
[2025-02-06T16:07:27.137+0000] {logging_mixin.py:151} INFO - [2025-02-06T16:07:27.137+0000] {dag.py:2937} INFO - Creating ORM DAG for latest_only_with_trigger
[2025-02-06T16:07:27.146+0000] {logging_mixin.py:151} INFO - [2025-02-06T16:07:27.145+0000] {dag.py:3696} INFO - Setting next_dagrun for latest_only_with_trigger to 2025-02-06T12:07:27.145751+00:00, run_after=2025-02-06T16:07:27.145751+00:00
[2025-02-06T16:07:27.160+0000] {processor.py:179} INFO - Processing /home/airflow/.local/lib/python3.8/site-packages/airflow/example_dags/example_latest_only_with_trigger.py took 0.177 seconds
[2025-02-06T16:07:59.223+0000] {processor.py:157} INFO - Started process (PID=614) to work on /home/airflow/.local/lib/python3.8/site-packages/airflow/example_dags/example_latest_only_with_trigger.py
[2025-02-06T16:07:59.224+0000] {processor.py:829} INFO - Processing file /home/airflow/.local/lib/python3.8/site-packages/airflow/example_dags/example_latest_only_with_trigger.py for tasks to queue
[2025-02-06T16:07:59.225+0000] {logging_mixin.py:151} INFO - [2025-02-06T16:07:59.224+0000] {dagbag.py:539} INFO - Filling up the DagBag from /home/airflow/.local/lib/python3.8/site-packages/airflow/example_dags/example_latest_only_with_trigger.py
[2025-02-06T16:07:59.230+0000] {processor.py:839} INFO - DAG(s) dict_keys(['latest_only_with_trigger']) retrieved from /home/airflow/.local/lib/python3.8/site-packages/airflow/example_dags/example_latest_only_with_trigger.py
[2025-02-06T16:07:59.239+0000] {logging_mixin.py:151} INFO - [2025-02-06T16:07:59.238+0000] {dag.py:2915} INFO - Sync 1 DAGs
[2025-02-06T16:07:59.258+0000] {logging_mixin.py:151} INFO - [2025-02-06T16:07:59.258+0000] {dag.py:3696} INFO - Setting next_dagrun for latest_only_with_trigger to 2025-02-06T12:07:59.258360+00:00, run_after=2025-02-06T16:07:59.258360+00:00
[2025-02-06T16:07:59.273+0000] {processor.py:179} INFO - Processing /home/airflow/.local/lib/python3.8/site-packages/airflow/example_dags/example_latest_only_with_trigger.py took 0.052 seconds
[2025-02-06T16:08:31.704+0000] {processor.py:157} INFO - Started process (PID=881) to work on /home/airflow/.local/lib/python3.8/site-packages/airflow/example_dags/example_latest_only_with_trigger.py
[2025-02-06T16:08:31.705+0000] {processor.py:829} INFO - Processing file /home/airflow/.local/lib/python3.8/site-packages/airflow/example_dags/example_latest_only_with_trigger.py for tasks to queue
[2025-02-06T16:08:31.705+0000] {logging_mixin.py:151} INFO - [2025-02-06T16:08:31.705+0000] {dagbag.py:539} INFO - Filling up the DagBag from /home/airflow/.local/lib/python3.8/site-packages/airflow/example_dags/example_latest_only_with_trigger.py
[2025-02-06T16:08:31.711+0000] {processor.py:839} INFO - DAG(s) dict_keys(['latest_only_with_trigger']) retrieved from /home/airflow/.local/lib/python3.8/site-packages/airflow/example_dags/example_latest_only_with_trigger.py
[2025-02-06T16:08:31.729+0000] {logging_mixin.py:151} INFO - [2025-02-06T16:08:31.729+0000] {dag.py:2915} INFO - Sync 1 DAGs
[2025-02-06T16:08:31.750+0000] {logging_mixin.py:151} INFO - [2025-02-06T16:08:31.750+0000] {dag.py:3696} INFO - Setting next_dagrun for latest_only_with_trigger to 2025-02-06T12:08:31.750153+00:00, run_after=2025-02-06T16:08:31.750153+00:00
[2025-02-06T16:08:31.768+0000] {processor.py:179} INFO - Processing /home/airflow/.local/lib/python3.8/site-packages/airflow/example_dags/example_latest_only_with_trigger.py took 0.067 seconds
[2025-02-06T16:09:04.373+0000] {processor.py:157} INFO - Started process (PID=1144) to work on /home/airflow/.local/lib/python3.8/site-packages/airflow/example_dags/example_latest_only_with_trigger.py
[2025-02-06T16:09:04.374+0000] {processor.py:829} INFO - Processing file /home/airflow/.local/lib/python3.8/site-packages/airflow/example_dags/example_latest_only_with_trigger.py for tasks to queue
[2025-02-06T16:09:04.375+0000] {logging_mixin.py:151} INFO - [2025-02-06T16:09:04.375+0000] {dagbag.py:539} INFO - Filling up the DagBag from /home/airflow/.local/lib/python3.8/site-packages/airflow/example_dags/example_latest_only_with_trigger.py
[2025-02-06T16:09:04.382+0000] {processor.py:839} INFO - DAG(s) dict_keys(['latest_only_with_trigger']) retrieved from /home/airflow/.local/lib/python3.8/site-packages/airflow/example_dags/example_latest_only_with_trigger.py
[2025-02-06T16:09:04.403+0000] {logging_mixin.py:151} INFO - [2025-02-06T16:09:04.403+0000] {dag.py:2915} INFO - Sync 1 DAGs
[2025-02-06T16:09:04.422+0000] {logging_mixin.py:151} INFO - [2025-02-06T16:09:04.422+0000] {dag.py:3696} INFO - Setting next_dagrun for latest_only_with_trigger to 2025-02-06T12:09:04.421876+00:00, run_after=2025-02-06T16:09:04.421876+00:00
[2025-02-06T16:09:04.438+0000] {processor.py:179} INFO - Processing /home/airflow/.local/lib/python3.8/site-packages/airflow/example_dags/example_latest_only_with_trigger.py took 0.069 seconds
[2025-02-06T16:09:37.951+0000] {processor.py:157} INFO - Started process (PID=1403) to work on /home/airflow/.local/lib/python3.8/site-packages/airflow/example_dags/example_latest_only_with_trigger.py
[2025-02-06T16:09:37.952+0000] {processor.py:829} INFO - Processing file /home/airflow/.local/lib/python3.8/site-packages/airflow/example_dags/example_latest_only_with_trigger.py for tasks to queue
[2025-02-06T16:09:37.953+0000] {logging_mixin.py:151} INFO - [2025-02-06T16:09:37.953+0000] {dagbag.py:539} INFO - Filling up the DagBag from /home/airflow/.local/lib/python3.8/site-packages/airflow/example_dags/example_latest_only_with_trigger.py
[2025-02-06T16:09:37.958+0000] {processor.py:839} INFO - DAG(s) dict_keys(['latest_only_with_trigger']) retrieved from /home/airflow/.local/lib/python3.8/site-packages/airflow/example_dags/example_latest_only_with_trigger.py
[2025-02-06T16:09:37.976+0000] {logging_mixin.py:151} INFO - [2025-02-06T16:09:37.976+0000] {dag.py:2915} INFO - Sync 1 DAGs
[2025-02-06T16:09:37.995+0000] {logging_mixin.py:151} INFO - [2025-02-06T16:09:37.994+0000] {dag.py:3696} INFO - Setting next_dagrun for latest_only_with_trigger to 2025-02-06T12:09:37.994699+00:00, run_after=2025-02-06T16:09:37.994699+00:00
[2025-02-06T16:09:38.012+0000] {processor.py:179} INFO - Processing /home/airflow/.local/lib/python3.8/site-packages/airflow/example_dags/example_latest_only_with_trigger.py took 0.064 seconds
[2025-02-06T16:10:10.328+0000] {processor.py:157} INFO - Started process (PID=1664) to work on /home/airflow/.local/lib/python3.8/site-packages/airflow/example_dags/example_latest_only_with_trigger.py
[2025-02-06T16:10:10.329+0000] {processor.py:829} INFO - Processing file /home/airflow/.local/lib/python3.8/site-packages/airflow/example_dags/example_latest_only_with_trigger.py for tasks to queue
[2025-02-06T16:10:10.329+0000] {logging_mixin.py:151} INFO - [2025-02-06T16:10:10.329+0000] {dagbag.py:539} INFO - Filling up the DagBag from /home/airflow/.local/lib/python3.8/site-packages/airflow/example_dags/example_latest_only_with_trigger.py
[2025-02-06T16:10:10.335+0000] {processor.py:839} INFO - DAG(s) dict_keys(['latest_only_with_trigger']) retrieved from /home/airflow/.local/lib/python3.8/site-packages/airflow/example_dags/example_latest_only_with_trigger.py
[2025-02-06T16:10:10.353+0000] {logging_mixin.py:151} INFO - [2025-02-06T16:10:10.353+0000] {dag.py:2915} INFO - Sync 1 DAGs
[2025-02-06T16:10:10.371+0000] {logging_mixin.py:151} INFO - [2025-02-06T16:10:10.371+0000] {dag.py:3696} INFO - Setting next_dagrun for latest_only_with_trigger to 2025-02-06T12:10:10.371466+00:00, run_after=2025-02-06T16:10:10.371466+00:00
[2025-02-06T16:10:10.387+0000] {processor.py:179} INFO - Processing /home/airflow/.local/lib/python3.8/site-packages/airflow/example_dags/example_latest_only_with_trigger.py took 0.062 seconds
[2025-02-06T16:10:43.111+0000] {processor.py:157} INFO - Started process (PID=1925) to work on /home/airflow/.local/lib/python3.8/site-packages/airflow/example_dags/example_latest_only_with_trigger.py
[2025-02-06T16:10:43.113+0000] {processor.py:829} INFO - Processing file /home/airflow/.local/lib/python3.8/site-packages/airflow/example_dags/example_latest_only_with_trigger.py for tasks to queue
[2025-02-06T16:10:43.114+0000] {logging_mixin.py:151} INFO - [2025-02-06T16:10:43.114+0000] {dagbag.py:539} INFO - Filling up the DagBag from /home/airflow/.local/lib/python3.8/site-packages/airflow/example_dags/example_latest_only_with_trigger.py
[2025-02-06T16:10:43.121+0000] {processor.py:839} INFO - DAG(s) dict_keys(['latest_only_with_trigger']) retrieved from /home/airflow/.local/lib/python3.8/site-packages/airflow/example_dags/example_latest_only_with_trigger.py
[2025-02-06T16:10:43.141+0000] {logging_mixin.py:151} INFO - [2025-02-06T16:10:43.140+0000] {dag.py:2915} INFO - Sync 1 DAGs
[2025-02-06T16:10:43.160+0000] {logging_mixin.py:151} INFO - [2025-02-06T16:10:43.160+0000] {dag.py:3696} INFO - Setting next_dagrun for latest_only_with_trigger to 2025-02-06T12:10:43.160389+00:00, run_after=2025-02-06T16:10:43.160389+00:00
[2025-02-06T16:10:43.176+0000] {processor.py:179} INFO - Processing /home/airflow/.local/lib/python3.8/site-packages/airflow/example_dags/example_latest_only_with_trigger.py took 0.067 seconds
[2025-02-06T16:11:15.750+0000] {processor.py:157} INFO - Started process (PID=2186) to work on /home/airflow/.local/lib/python3.8/site-packages/airflow/example_dags/example_latest_only_with_trigger.py
[2025-02-06T16:11:15.751+0000] {processor.py:829} INFO - Processing file /home/airflow/.local/lib/python3.8/site-packages/airflow/example_dags/example_latest_only_with_trigger.py for tasks to queue
[2025-02-06T16:11:15.751+0000] {logging_mixin.py:151} INFO - [2025-02-06T16:11:15.751+0000] {dagbag.py:539} INFO - Filling up the DagBag from /home/airflow/.local/lib/python3.8/site-packages/airflow/example_dags/example_latest_only_with_trigger.py
[2025-02-06T16:11:15.757+0000] {processor.py:839} INFO - DAG(s) dict_keys(['latest_only_with_trigger']) retrieved from /home/airflow/.local/lib/python3.8/site-packages/airflow/example_dags/example_latest_only_with_trigger.py
[2025-02-06T16:11:15.775+0000] {logging_mixin.py:151} INFO - [2025-02-06T16:11:15.774+0000] {dag.py:2915} INFO - Sync 1 DAGs
[2025-02-06T16:11:15.793+0000] {logging_mixin.py:151} INFO - [2025-02-06T16:11:15.793+0000] {dag.py:3696} INFO - Setting next_dagrun for latest_only_with_trigger to 2025-02-06T12:11:15.792941+00:00, run_after=2025-02-06T16:11:15.792941+00:00
[2025-02-06T16:11:15.810+0000] {processor.py:179} INFO - Processing /home/airflow/.local/lib/python3.8/site-packages/airflow/example_dags/example_latest_only_with_trigger.py took 0.062 seconds
[2025-02-06T16:11:48.645+0000] {processor.py:157} INFO - Started process (PID=2447) to work on /home/airflow/.local/lib/python3.8/site-packages/airflow/example_dags/example_latest_only_with_trigger.py
[2025-02-06T16:11:48.646+0000] {processor.py:829} INFO - Processing file /home/airflow/.local/lib/python3.8/site-packages/airflow/example_dags/example_latest_only_with_trigger.py for tasks to queue
[2025-02-06T16:11:48.647+0000] {logging_mixin.py:151} INFO - [2025-02-06T16:11:48.647+0000] {dagbag.py:539} INFO - Filling up the DagBag from /home/airflow/.local/lib/python3.8/site-packages/airflow/example_dags/example_latest_only_with_trigger.py
[2025-02-06T16:11:48.653+0000] {processor.py:839} INFO - DAG(s) dict_keys(['latest_only_with_trigger']) retrieved from /home/airflow/.local/lib/python3.8/site-packages/airflow/example_dags/example_latest_only_with_trigger.py
[2025-02-06T16:11:48.672+0000] {logging_mixin.py:151} INFO - [2025-02-06T16:11:48.672+0000] {dag.py:2915} INFO - Sync 1 DAGs
[2025-02-06T16:11:48.694+0000] {logging_mixin.py:151} INFO - [2025-02-06T16:11:48.694+0000] {dag.py:3696} INFO - Setting next_dagrun for latest_only_with_trigger to 2025-02-06T12:11:48.693873+00:00, run_after=2025-02-06T16:11:48.693873+00:00
[2025-02-06T16:11:48.712+0000] {processor.py:179} INFO - Processing /home/airflow/.local/lib/python3.8/site-packages/airflow/example_dags/example_latest_only_with_trigger.py took 0.070 seconds
[2025-02-06T16:12:22.068+0000] {processor.py:157} INFO - Started process (PID=2708) to work on /home/airflow/.local/lib/python3.8/site-packages/airflow/example_dags/example_latest_only_with_trigger.py
[2025-02-06T16:12:22.069+0000] {processor.py:829} INFO - Processing file /home/airflow/.local/lib/python3.8/site-packages/airflow/example_dags/example_latest_only_with_trigger.py for tasks to queue
[2025-02-06T16:12:22.070+0000] {logging_mixin.py:151} INFO - [2025-02-06T16:12:22.070+0000] {dagbag.py:539} INFO - Filling up the DagBag from /home/airflow/.local/lib/python3.8/site-packages/airflow/example_dags/example_latest_only_with_trigger.py
[2025-02-06T16:12:22.075+0000] {processor.py:839} INFO - DAG(s) dict_keys(['latest_only_with_trigger']) retrieved from /home/airflow/.local/lib/python3.8/site-packages/airflow/example_dags/example_latest_only_with_trigger.py
[2025-02-06T16:12:22.093+0000] {logging_mixin.py:151} INFO - [2025-02-06T16:12:22.093+0000] {dag.py:2915} INFO - Sync 1 DAGs
[2025-02-06T16:12:22.112+0000] {logging_mixin.py:151} INFO - [2025-02-06T16:12:22.111+0000] {dag.py:3696} INFO - Setting next_dagrun for latest_only_with_trigger to 2025-02-06T12:12:22.111785+00:00, run_after=2025-02-06T16:12:22.111785+00:00
[2025-02-06T16:12:22.126+0000] {processor.py:179} INFO - Processing /home/airflow/.local/lib/python3.8/site-packages/airflow/example_dags/example_latest_only_with_trigger.py took 0.061 seconds
[2025-02-06T16:12:54.269+0000] {processor.py:157} INFO - Started process (PID=2976) to work on /home/airflow/.local/lib/python3.8/site-packages/airflow/example_dags/example_latest_only_with_trigger.py
[2025-02-06T16:12:54.270+0000] {processor.py:829} INFO - Processing file /home/airflow/.local/lib/python3.8/site-packages/airflow/example_dags/example_latest_only_with_trigger.py for tasks to queue
[2025-02-06T16:12:54.272+0000] {logging_mixin.py:151} INFO - [2025-02-06T16:12:54.271+0000] {dagbag.py:539} INFO - Filling up the DagBag from /home/airflow/.local/lib/python3.8/site-packages/airflow/example_dags/example_latest_only_with_trigger.py
[2025-02-06T16:12:54.278+0000] {processor.py:839} INFO - DAG(s) dict_keys(['latest_only_with_trigger']) retrieved from /home/airflow/.local/lib/python3.8/site-packages/airflow/example_dags/example_latest_only_with_trigger.py
[2025-02-06T16:12:54.305+0000] {logging_mixin.py:151} INFO - [2025-02-06T16:12:54.305+0000] {dag.py:2915} INFO - Sync 1 DAGs
[2025-02-06T16:12:54.332+0000] {logging_mixin.py:151} INFO - [2025-02-06T16:12:54.331+0000] {dag.py:3696} INFO - Setting next_dagrun for latest_only_with_trigger to 2025-02-06T12:12:54.331335+00:00, run_after=2025-02-06T16:12:54.331335+00:00
[2025-02-06T16:12:54.354+0000] {processor.py:179} INFO - Processing /home/airflow/.local/lib/python3.8/site-packages/airflow/example_dags/example_latest_only_with_trigger.py took 0.088 seconds
[2025-02-06T16:13:26.886+0000] {processor.py:157} INFO - Started process (PID=3235) to work on /home/airflow/.local/lib/python3.8/site-packages/airflow/example_dags/example_latest_only_with_trigger.py
[2025-02-06T16:13:26.888+0000] {processor.py:829} INFO - Processing file /home/airflow/.local/lib/python3.8/site-packages/airflow/example_dags/example_latest_only_with_trigger.py for tasks to queue
[2025-02-06T16:13:26.888+0000] {logging_mixin.py:151} INFO - [2025-02-06T16:13:26.888+0000] {dagbag.py:539} INFO - Filling up the DagBag from /home/airflow/.local/lib/python3.8/site-packages/airflow/example_dags/example_latest_only_with_trigger.py
[2025-02-06T16:13:26.893+0000] {processor.py:839} INFO - DAG(s) dict_keys(['latest_only_with_trigger']) retrieved from /home/airflow/.local/lib/python3.8/site-packages/airflow/example_dags/example_latest_only_with_trigger.py
[2025-02-06T16:13:26.911+0000] {logging_mixin.py:151} INFO - [2025-02-06T16:13:26.911+0000] {dag.py:2915} INFO - Sync 1 DAGs
[2025-02-06T16:13:26.929+0000] {logging_mixin.py:151} INFO - [2025-02-06T16:13:26.929+0000] {dag.py:3696} INFO - Setting next_dagrun for latest_only_with_trigger to 2025-02-06T12:13:26.928930+00:00, run_after=2025-02-06T16:13:26.928930+00:00
[2025-02-06T16:13:26.945+0000] {processor.py:179} INFO - Processing /home/airflow/.local/lib/python3.8/site-packages/airflow/example_dags/example_latest_only_with_trigger.py took 0.061 seconds
[2025-02-06T16:14:00.000+0000] {processor.py:157} INFO - Started process (PID=3496) to work on /home/airflow/.local/lib/python3.8/site-packages/airflow/example_dags/example_latest_only_with_trigger.py
[2025-02-06T16:14:00.002+0000] {processor.py:829} INFO - Processing file /home/airflow/.local/lib/python3.8/site-packages/airflow/example_dags/example_latest_only_with_trigger.py for tasks to queue
[2025-02-06T16:14:00.002+0000] {logging_mixin.py:151} INFO - [2025-02-06T16:14:00.002+0000] {dagbag.py:539} INFO - Filling up the DagBag from /home/airflow/.local/lib/python3.8/site-packages/airflow/example_dags/example_latest_only_with_trigger.py
[2025-02-06T16:14:00.008+0000] {processor.py:839} INFO - DAG(s) dict_keys(['latest_only_with_trigger']) retrieved from /home/airflow/.local/lib/python3.8/site-packages/airflow/example_dags/example_latest_only_with_trigger.py
[2025-02-06T16:14:00.027+0000] {logging_mixin.py:151} INFO - [2025-02-06T16:14:00.027+0000] {dag.py:2915} INFO - Sync 1 DAGs
[2025-02-06T16:14:00.047+0000] {logging_mixin.py:151} INFO - [2025-02-06T16:14:00.047+0000] {dag.py:3696} INFO - Setting next_dagrun for latest_only_with_trigger to 2025-02-06T12:14:00.047496+00:00, run_after=2025-02-06T16:14:00.047496+00:00
[2025-02-06T16:14:00.067+0000] {processor.py:179} INFO - Processing /home/airflow/.local/lib/python3.8/site-packages/airflow/example_dags/example_latest_only_with_trigger.py took 0.069 seconds
[2025-02-06T16:14:32.376+0000] {processor.py:157} INFO - Started process (PID=3759) to work on /home/airflow/.local/lib/python3.8/site-packages/airflow/example_dags/example_latest_only_with_trigger.py
[2025-02-06T16:14:32.377+0000] {processor.py:829} INFO - Processing file /home/airflow/.local/lib/python3.8/site-packages/airflow/example_dags/example_latest_only_with_trigger.py for tasks to queue
[2025-02-06T16:14:32.378+0000] {logging_mixin.py:151} INFO - [2025-02-06T16:14:32.377+0000] {dagbag.py:539} INFO - Filling up the DagBag from /home/airflow/.local/lib/python3.8/site-packages/airflow/example_dags/example_latest_only_with_trigger.py
[2025-02-06T16:14:32.383+0000] {processor.py:839} INFO - DAG(s) dict_keys(['latest_only_with_trigger']) retrieved from /home/airflow/.local/lib/python3.8/site-packages/airflow/example_dags/example_latest_only_with_trigger.py
[2025-02-06T16:14:32.400+0000] {logging_mixin.py:151} INFO - [2025-02-06T16:14:32.400+0000] {dag.py:2915} INFO - Sync 1 DAGs
[2025-02-06T16:14:32.417+0000] {logging_mixin.py:151} INFO - [2025-02-06T16:14:32.417+0000] {dag.py:3696} INFO - Setting next_dagrun for latest_only_with_trigger to 2025-02-06T12:14:32.416996+00:00, run_after=2025-02-06T16:14:32.416996+00:00
[2025-02-06T16:14:32.432+0000] {processor.py:179} INFO - Processing /home/airflow/.local/lib/python3.8/site-packages/airflow/example_dags/example_latest_only_with_trigger.py took 0.059 seconds
[2025-02-06T16:15:06.023+0000] {processor.py:157} INFO - Started process (PID=4037) to work on /home/airflow/.local/lib/python3.8/site-packages/airflow/example_dags/example_latest_only_with_trigger.py
[2025-02-06T16:15:06.024+0000] {processor.py:829} INFO - Processing file /home/airflow/.local/lib/python3.8/site-packages/airflow/example_dags/example_latest_only_with_trigger.py for tasks to queue
[2025-02-06T16:15:06.025+0000] {logging_mixin.py:151} INFO - [2025-02-06T16:15:06.024+0000] {dagbag.py:539} INFO - Filling up the DagBag from /home/airflow/.local/lib/python3.8/site-packages/airflow/example_dags/example_latest_only_with_trigger.py
[2025-02-06T16:15:06.030+0000] {processor.py:839} INFO - DAG(s) dict_keys(['latest_only_with_trigger']) retrieved from /home/airflow/.local/lib/python3.8/site-packages/airflow/example_dags/example_latest_only_with_trigger.py
[2025-02-06T16:15:06.048+0000] {logging_mixin.py:151} INFO - [2025-02-06T16:15:06.048+0000] {dag.py:2915} INFO - Sync 1 DAGs
[2025-02-06T16:15:06.064+0000] {logging_mixin.py:151} INFO - [2025-02-06T16:15:06.064+0000] {dag.py:3696} INFO - Setting next_dagrun for latest_only_with_trigger to 2025-02-06T12:15:06.064465+00:00, run_after=2025-02-06T16:15:06.064465+00:00
[2025-02-06T16:15:06.080+0000] {processor.py:179} INFO - Processing /home/airflow/.local/lib/python3.8/site-packages/airflow/example_dags/example_latest_only_with_trigger.py took 0.059 seconds
[2025-02-06T16:15:38.670+0000] {processor.py:157} INFO - Started process (PID=4298) to work on /home/airflow/.local/lib/python3.8/site-packages/airflow/example_dags/example_latest_only_with_trigger.py
[2025-02-06T16:15:38.671+0000] {processor.py:829} INFO - Processing file /home/airflow/.local/lib/python3.8/site-packages/airflow/example_dags/example_latest_only_with_trigger.py for tasks to queue
[2025-02-06T16:15:38.672+0000] {logging_mixin.py:151} INFO - [2025-02-06T16:15:38.672+0000] {dagbag.py:539} INFO - Filling up the DagBag from /home/airflow/.local/lib/python3.8/site-packages/airflow/example_dags/example_latest_only_with_trigger.py
[2025-02-06T16:15:38.678+0000] {processor.py:839} INFO - DAG(s) dict_keys(['latest_only_with_trigger']) retrieved from /home/airflow/.local/lib/python3.8/site-packages/airflow/example_dags/example_latest_only_with_trigger.py
[2025-02-06T16:15:38.695+0000] {logging_mixin.py:151} INFO - [2025-02-06T16:15:38.694+0000] {dag.py:2915} INFO - Sync 1 DAGs
[2025-02-06T16:15:38.711+0000] {logging_mixin.py:151} INFO - [2025-02-06T16:15:38.711+0000] {dag.py:3696} INFO - Setting next_dagrun for latest_only_with_trigger to 2025-02-06T12:15:38.711451+00:00, run_after=2025-02-06T16:15:38.711451+00:00
[2025-02-06T16:15:38.726+0000] {processor.py:179} INFO - Processing /home/airflow/.local/lib/python3.8/site-packages/airflow/example_dags/example_latest_only_with_trigger.py took 0.058 seconds
[2025-02-06T16:16:11.365+0000] {processor.py:157} INFO - Started process (PID=4562) to work on /home/airflow/.local/lib/python3.8/site-packages/airflow/example_dags/example_latest_only_with_trigger.py
[2025-02-06T16:16:11.366+0000] {processor.py:829} INFO - Processing file /home/airflow/.local/lib/python3.8/site-packages/airflow/example_dags/example_latest_only_with_trigger.py for tasks to queue
[2025-02-06T16:16:11.367+0000] {logging_mixin.py:151} INFO - [2025-02-06T16:16:11.366+0000] {dagbag.py:539} INFO - Filling up the DagBag from /home/airflow/.local/lib/python3.8/site-packages/airflow/example_dags/example_latest_only_with_trigger.py
[2025-02-06T16:16:11.372+0000] {processor.py:839} INFO - DAG(s) dict_keys(['latest_only_with_trigger']) retrieved from /home/airflow/.local/lib/python3.8/site-packages/airflow/example_dags/example_latest_only_with_trigger.py
[2025-02-06T16:16:11.389+0000] {logging_mixin.py:151} INFO - [2025-02-06T16:16:11.388+0000] {dag.py:2915} INFO - Sync 1 DAGs
[2025-02-06T16:16:11.407+0000] {logging_mixin.py:151} INFO - [2025-02-06T16:16:11.407+0000] {dag.py:3696} INFO - Setting next_dagrun for latest_only_with_trigger to 2025-02-06T12:16:11.407382+00:00, run_after=2025-02-06T16:16:11.407382+00:00
[2025-02-06T16:16:11.424+0000] {processor.py:179} INFO - Processing /home/airflow/.local/lib/python3.8/site-packages/airflow/example_dags/example_latest_only_with_trigger.py took 0.061 seconds
[2025-02-06T16:16:45.261+0000] {processor.py:157} INFO - Started process (PID=4876) to work on /home/airflow/.local/lib/python3.8/site-packages/airflow/example_dags/example_latest_only_with_trigger.py
[2025-02-06T16:16:45.262+0000] {processor.py:829} INFO - Processing file /home/airflow/.local/lib/python3.8/site-packages/airflow/example_dags/example_latest_only_with_trigger.py for tasks to queue
[2025-02-06T16:16:45.262+0000] {logging_mixin.py:151} INFO - [2025-02-06T16:16:45.262+0000] {dagbag.py:539} INFO - Filling up the DagBag from /home/airflow/.local/lib/python3.8/site-packages/airflow/example_dags/example_latest_only_with_trigger.py
[2025-02-06T16:16:45.268+0000] {processor.py:839} INFO - DAG(s) dict_keys(['latest_only_with_trigger']) retrieved from /home/airflow/.local/lib/python3.8/site-packages/airflow/example_dags/example_latest_only_with_trigger.py
[2025-02-06T16:16:45.285+0000] {logging_mixin.py:151} INFO - [2025-02-06T16:16:45.285+0000] {dag.py:2915} INFO - Sync 1 DAGs
[2025-02-06T16:16:45.302+0000] {logging_mixin.py:151} INFO - [2025-02-06T16:16:45.302+0000] {dag.py:3696} INFO - Setting next_dagrun for latest_only_with_trigger to 2025-02-06T12:16:45.301854+00:00, run_after=2025-02-06T16:16:45.301854+00:00
[2025-02-06T16:16:45.317+0000] {processor.py:179} INFO - Processing /home/airflow/.local/lib/python3.8/site-packages/airflow/example_dags/example_latest_only_with_trigger.py took 0.058 seconds
[2025-02-06T16:17:17.890+0000] {processor.py:157} INFO - Started process (PID=5140) to work on /home/airflow/.local/lib/python3.8/site-packages/airflow/example_dags/example_latest_only_with_trigger.py
[2025-02-06T16:17:17.892+0000] {processor.py:829} INFO - Processing file /home/airflow/.local/lib/python3.8/site-packages/airflow/example_dags/example_latest_only_with_trigger.py for tasks to queue
[2025-02-06T16:17:17.893+0000] {logging_mixin.py:151} INFO - [2025-02-06T16:17:17.893+0000] {dagbag.py:539} INFO - Filling up the DagBag from /home/airflow/.local/lib/python3.8/site-packages/airflow/example_dags/example_latest_only_with_trigger.py
[2025-02-06T16:17:17.900+0000] {processor.py:839} INFO - DAG(s) dict_keys(['latest_only_with_trigger']) retrieved from /home/airflow/.local/lib/python3.8/site-packages/airflow/example_dags/example_latest_only_with_trigger.py
[2025-02-06T16:17:17.922+0000] {logging_mixin.py:151} INFO - [2025-02-06T16:17:17.921+0000] {dag.py:2915} INFO - Sync 1 DAGs
[2025-02-06T16:17:17.944+0000] {logging_mixin.py:151} INFO - [2025-02-06T16:17:17.944+0000] {dag.py:3696} INFO - Setting next_dagrun for latest_only_with_trigger to 2025-02-06T12:17:17.943896+00:00, run_after=2025-02-06T16:17:17.943896+00:00
[2025-02-06T16:17:17.975+0000] {processor.py:179} INFO - Processing /home/airflow/.local/lib/python3.8/site-packages/airflow/example_dags/example_latest_only_with_trigger.py took 0.088 seconds
[2025-02-06T16:17:50.183+0000] {processor.py:157} INFO - Started process (PID=5401) to work on /home/airflow/.local/lib/python3.8/site-packages/airflow/example_dags/example_latest_only_with_trigger.py
[2025-02-06T16:17:50.184+0000] {processor.py:829} INFO - Processing file /home/airflow/.local/lib/python3.8/site-packages/airflow/example_dags/example_latest_only_with_trigger.py for tasks to queue
[2025-02-06T16:17:50.185+0000] {logging_mixin.py:151} INFO - [2025-02-06T16:17:50.185+0000] {dagbag.py:539} INFO - Filling up the DagBag from /home/airflow/.local/lib/python3.8/site-packages/airflow/example_dags/example_latest_only_with_trigger.py
[2025-02-06T16:17:50.190+0000] {processor.py:839} INFO - DAG(s) dict_keys(['latest_only_with_trigger']) retrieved from /home/airflow/.local/lib/python3.8/site-packages/airflow/example_dags/example_latest_only_with_trigger.py
[2025-02-06T16:17:50.207+0000] {logging_mixin.py:151} INFO - [2025-02-06T16:17:50.207+0000] {dag.py:2915} INFO - Sync 1 DAGs
[2025-02-06T16:17:50.228+0000] {logging_mixin.py:151} INFO - [2025-02-06T16:17:50.227+0000] {dag.py:3696} INFO - Setting next_dagrun for latest_only_with_trigger to 2025-02-06T12:17:50.227760+00:00, run_after=2025-02-06T16:17:50.227760+00:00
[2025-02-06T16:17:50.242+0000] {processor.py:179} INFO - Processing /home/airflow/.local/lib/python3.8/site-packages/airflow/example_dags/example_latest_only_with_trigger.py took 0.061 seconds
[2025-02-06T16:18:22.992+0000] {processor.py:157} INFO - Started process (PID=5662) to work on /home/airflow/.local/lib/python3.8/site-packages/airflow/example_dags/example_latest_only_with_trigger.py
[2025-02-06T16:18:22.993+0000] {processor.py:829} INFO - Processing file /home/airflow/.local/lib/python3.8/site-packages/airflow/example_dags/example_latest_only_with_trigger.py for tasks to queue
[2025-02-06T16:18:22.993+0000] {logging_mixin.py:151} INFO - [2025-02-06T16:18:22.993+0000] {dagbag.py:539} INFO - Filling up the DagBag from /home/airflow/.local/lib/python3.8/site-packages/airflow/example_dags/example_latest_only_with_trigger.py
[2025-02-06T16:18:22.999+0000] {processor.py:839} INFO - DAG(s) dict_keys(['latest_only_with_trigger']) retrieved from /home/airflow/.local/lib/python3.8/site-packages/airflow/example_dags/example_latest_only_with_trigger.py
[2025-02-06T16:18:23.018+0000] {logging_mixin.py:151} INFO - [2025-02-06T16:18:23.018+0000] {dag.py:2915} INFO - Sync 1 DAGs
[2025-02-06T16:18:23.037+0000] {logging_mixin.py:151} INFO - [2025-02-06T16:18:23.037+0000] {dag.py:3696} INFO - Setting next_dagrun for latest_only_with_trigger to 2025-02-06T12:18:23.037232+00:00, run_after=2025-02-06T16:18:23.037232+00:00
[2025-02-06T16:18:23.054+0000] {processor.py:179} INFO - Processing /home/airflow/.local/lib/python3.8/site-packages/airflow/example_dags/example_latest_only_with_trigger.py took 0.065 seconds
[2025-02-06T16:18:55.627+0000] {processor.py:157} INFO - Started process (PID=5923) to work on /home/airflow/.local/lib/python3.8/site-packages/airflow/example_dags/example_latest_only_with_trigger.py
[2025-02-06T16:18:55.628+0000] {processor.py:829} INFO - Processing file /home/airflow/.local/lib/python3.8/site-packages/airflow/example_dags/example_latest_only_with_trigger.py for tasks to queue
[2025-02-06T16:18:55.628+0000] {logging_mixin.py:151} INFO - [2025-02-06T16:18:55.628+0000] {dagbag.py:539} INFO - Filling up the DagBag from /home/airflow/.local/lib/python3.8/site-packages/airflow/example_dags/example_latest_only_with_trigger.py
[2025-02-06T16:18:55.634+0000] {processor.py:839} INFO - DAG(s) dict_keys(['latest_only_with_trigger']) retrieved from /home/airflow/.local/lib/python3.8/site-packages/airflow/example_dags/example_latest_only_with_trigger.py
[2025-02-06T16:18:55.651+0000] {logging_mixin.py:151} INFO - [2025-02-06T16:18:55.651+0000] {dag.py:2915} INFO - Sync 1 DAGs
[2025-02-06T16:18:55.670+0000] {logging_mixin.py:151} INFO - [2025-02-06T16:18:55.670+0000] {dag.py:3696} INFO - Setting next_dagrun for latest_only_with_trigger to 2025-02-06T12:18:55.670468+00:00, run_after=2025-02-06T16:18:55.670468+00:00
[2025-02-06T16:18:55.689+0000] {processor.py:179} INFO - Processing /home/airflow/.local/lib/python3.8/site-packages/airflow/example_dags/example_latest_only_with_trigger.py took 0.065 seconds
