[2025-02-06T15:19:04.943+0000] {processor.py:186} INFO - Started process (PID=326) to work on /home/airflow/.local/lib/python3.12/site-packages/airflow/example_dags/example_task_group.py
[2025-02-06T15:19:04.943+0000] {processor.py:914} INFO - Processing file /home/airflow/.local/lib/python3.12/site-packages/airflow/example_dags/example_task_group.py for tasks to queue
[2025-02-06T15:19:04.945+0000] {logging_mixin.py:190} INFO - [2025-02-06T15:19:04.944+0000] {dagbag.py:588} INFO - Filling up the DagBag from /home/airflow/.local/lib/python3.12/site-packages/airflow/example_dags/example_task_group.py
[2025-02-06T15:19:04.951+0000] {processor.py:925} INFO - DAG(s) 'example_task_group' retrieved from /home/airflow/.local/lib/python3.12/site-packages/airflow/example_dags/example_task_group.py
[2025-02-06T15:19:04.973+0000] {logging_mixin.py:190} INFO - [2025-02-06T15:19:04.973+0000] {dag.py:3239} INFO - Sync 1 DAGs
[2025-02-06T15:19:04.985+0000] {logging_mixin.py:190} INFO - [2025-02-06T15:19:04.985+0000] {dag.py:4180} INFO - Setting next_dagrun for example_task_group to None, run_after=None
[2025-02-06T15:19:04.999+0000] {processor.py:208} INFO - Processing /home/airflow/.local/lib/python3.12/site-packages/airflow/example_dags/example_task_group.py took 0.060 seconds
[2025-02-06T15:19:35.296+0000] {processor.py:186} INFO - Started process (PID=626) to work on /home/airflow/.local/lib/python3.12/site-packages/airflow/example_dags/example_task_group.py
[2025-02-06T15:19:35.297+0000] {processor.py:914} INFO - Processing file /home/airflow/.local/lib/python3.12/site-packages/airflow/example_dags/example_task_group.py for tasks to queue
[2025-02-06T15:19:35.298+0000] {logging_mixin.py:190} INFO - [2025-02-06T15:19:35.298+0000] {dagbag.py:588} INFO - Filling up the DagBag from /home/airflow/.local/lib/python3.12/site-packages/airflow/example_dags/example_task_group.py
[2025-02-06T15:19:35.304+0000] {processor.py:925} INFO - DAG(s) 'example_task_group' retrieved from /home/airflow/.local/lib/python3.12/site-packages/airflow/example_dags/example_task_group.py
[2025-02-06T15:19:35.320+0000] {logging_mixin.py:190} INFO - [2025-02-06T15:19:35.320+0000] {dag.py:3239} INFO - Sync 1 DAGs
[2025-02-06T15:19:35.331+0000] {logging_mixin.py:190} INFO - [2025-02-06T15:19:35.331+0000] {dag.py:4180} INFO - Setting next_dagrun for example_task_group to None, run_after=None
[2025-02-06T15:19:35.346+0000] {processor.py:208} INFO - Processing /home/airflow/.local/lib/python3.12/site-packages/airflow/example_dags/example_task_group.py took 0.054 seconds
[2025-02-06T15:20:05.503+0000] {processor.py:186} INFO - Started process (PID=932) to work on /home/airflow/.local/lib/python3.12/site-packages/airflow/example_dags/example_task_group.py
[2025-02-06T15:20:05.504+0000] {processor.py:914} INFO - Processing file /home/airflow/.local/lib/python3.12/site-packages/airflow/example_dags/example_task_group.py for tasks to queue
[2025-02-06T15:20:05.506+0000] {logging_mixin.py:190} INFO - [2025-02-06T15:20:05.505+0000] {dagbag.py:588} INFO - Filling up the DagBag from /home/airflow/.local/lib/python3.12/site-packages/airflow/example_dags/example_task_group.py
[2025-02-06T15:20:05.512+0000] {processor.py:925} INFO - DAG(s) 'example_task_group' retrieved from /home/airflow/.local/lib/python3.12/site-packages/airflow/example_dags/example_task_group.py
[2025-02-06T15:20:05.527+0000] {logging_mixin.py:190} INFO - [2025-02-06T15:20:05.526+0000] {dag.py:3239} INFO - Sync 1 DAGs
[2025-02-06T15:20:05.537+0000] {logging_mixin.py:190} INFO - [2025-02-06T15:20:05.537+0000] {dag.py:4180} INFO - Setting next_dagrun for example_task_group to None, run_after=None
[2025-02-06T15:20:05.554+0000] {processor.py:208} INFO - Processing /home/airflow/.local/lib/python3.12/site-packages/airflow/example_dags/example_task_group.py took 0.056 seconds
[2025-02-06T15:20:36.034+0000] {processor.py:186} INFO - Started process (PID=1238) to work on /home/airflow/.local/lib/python3.12/site-packages/airflow/example_dags/example_task_group.py
[2025-02-06T15:20:36.034+0000] {processor.py:914} INFO - Processing file /home/airflow/.local/lib/python3.12/site-packages/airflow/example_dags/example_task_group.py for tasks to queue
[2025-02-06T15:20:36.036+0000] {logging_mixin.py:190} INFO - [2025-02-06T15:20:36.036+0000] {dagbag.py:588} INFO - Filling up the DagBag from /home/airflow/.local/lib/python3.12/site-packages/airflow/example_dags/example_task_group.py
[2025-02-06T15:20:36.042+0000] {processor.py:925} INFO - DAG(s) 'example_task_group' retrieved from /home/airflow/.local/lib/python3.12/site-packages/airflow/example_dags/example_task_group.py
[2025-02-06T15:20:36.063+0000] {logging_mixin.py:190} INFO - [2025-02-06T15:20:36.063+0000] {dag.py:3239} INFO - Sync 1 DAGs
[2025-02-06T15:20:36.075+0000] {logging_mixin.py:190} INFO - [2025-02-06T15:20:36.075+0000] {dag.py:4180} INFO - Setting next_dagrun for example_task_group to None, run_after=None
[2025-02-06T15:20:36.092+0000] {processor.py:208} INFO - Processing /home/airflow/.local/lib/python3.12/site-packages/airflow/example_dags/example_task_group.py took 0.063 seconds
[2025-02-06T15:21:06.677+0000] {processor.py:186} INFO - Started process (PID=1544) to work on /home/airflow/.local/lib/python3.12/site-packages/airflow/example_dags/example_task_group.py
[2025-02-06T15:21:06.678+0000] {processor.py:914} INFO - Processing file /home/airflow/.local/lib/python3.12/site-packages/airflow/example_dags/example_task_group.py for tasks to queue
[2025-02-06T15:21:06.680+0000] {logging_mixin.py:190} INFO - [2025-02-06T15:21:06.680+0000] {dagbag.py:588} INFO - Filling up the DagBag from /home/airflow/.local/lib/python3.12/site-packages/airflow/example_dags/example_task_group.py
[2025-02-06T15:21:06.686+0000] {processor.py:925} INFO - DAG(s) 'example_task_group' retrieved from /home/airflow/.local/lib/python3.12/site-packages/airflow/example_dags/example_task_group.py
[2025-02-06T15:21:06.701+0000] {logging_mixin.py:190} INFO - [2025-02-06T15:21:06.701+0000] {dag.py:3239} INFO - Sync 1 DAGs
[2025-02-06T15:21:06.712+0000] {logging_mixin.py:190} INFO - [2025-02-06T15:21:06.712+0000] {dag.py:4180} INFO - Setting next_dagrun for example_task_group to None, run_after=None
[2025-02-06T15:21:06.726+0000] {processor.py:208} INFO - Processing /home/airflow/.local/lib/python3.12/site-packages/airflow/example_dags/example_task_group.py took 0.053 seconds
[2025-02-06T15:21:37.745+0000] {processor.py:186} INFO - Started process (PID=1852) to work on /home/airflow/.local/lib/python3.12/site-packages/airflow/example_dags/example_task_group.py
[2025-02-06T15:21:37.745+0000] {processor.py:914} INFO - Processing file /home/airflow/.local/lib/python3.12/site-packages/airflow/example_dags/example_task_group.py for tasks to queue
[2025-02-06T15:21:37.747+0000] {logging_mixin.py:190} INFO - [2025-02-06T15:21:37.747+0000] {dagbag.py:588} INFO - Filling up the DagBag from /home/airflow/.local/lib/python3.12/site-packages/airflow/example_dags/example_task_group.py
[2025-02-06T15:21:37.753+0000] {processor.py:925} INFO - DAG(s) 'example_task_group' retrieved from /home/airflow/.local/lib/python3.12/site-packages/airflow/example_dags/example_task_group.py
[2025-02-06T15:21:37.769+0000] {logging_mixin.py:190} INFO - [2025-02-06T15:21:37.769+0000] {dag.py:3239} INFO - Sync 1 DAGs
[2025-02-06T15:21:37.780+0000] {logging_mixin.py:190} INFO - [2025-02-06T15:21:37.780+0000] {dag.py:4180} INFO - Setting next_dagrun for example_task_group to None, run_after=None
[2025-02-06T15:21:37.793+0000] {processor.py:208} INFO - Processing /home/airflow/.local/lib/python3.12/site-packages/airflow/example_dags/example_task_group.py took 0.052 seconds
[2025-02-06T15:22:08.683+0000] {processor.py:186} INFO - Started process (PID=2157) to work on /home/airflow/.local/lib/python3.12/site-packages/airflow/example_dags/example_task_group.py
[2025-02-06T15:22:08.683+0000] {processor.py:914} INFO - Processing file /home/airflow/.local/lib/python3.12/site-packages/airflow/example_dags/example_task_group.py for tasks to queue
[2025-02-06T15:22:08.685+0000] {logging_mixin.py:190} INFO - [2025-02-06T15:22:08.684+0000] {dagbag.py:588} INFO - Filling up the DagBag from /home/airflow/.local/lib/python3.12/site-packages/airflow/example_dags/example_task_group.py
[2025-02-06T15:22:08.690+0000] {processor.py:925} INFO - DAG(s) 'example_task_group' retrieved from /home/airflow/.local/lib/python3.12/site-packages/airflow/example_dags/example_task_group.py
[2025-02-06T15:22:08.706+0000] {logging_mixin.py:190} INFO - [2025-02-06T15:22:08.705+0000] {dag.py:3239} INFO - Sync 1 DAGs
[2025-02-06T15:22:08.716+0000] {logging_mixin.py:190} INFO - [2025-02-06T15:22:08.716+0000] {dag.py:4180} INFO - Setting next_dagrun for example_task_group to None, run_after=None
[2025-02-06T15:22:08.729+0000] {processor.py:208} INFO - Processing /home/airflow/.local/lib/python3.12/site-packages/airflow/example_dags/example_task_group.py took 0.050 seconds
[2025-02-06T15:22:39.616+0000] {processor.py:186} INFO - Started process (PID=2462) to work on /home/airflow/.local/lib/python3.12/site-packages/airflow/example_dags/example_task_group.py
[2025-02-06T15:22:39.617+0000] {processor.py:914} INFO - Processing file /home/airflow/.local/lib/python3.12/site-packages/airflow/example_dags/example_task_group.py for tasks to queue
[2025-02-06T15:22:39.619+0000] {logging_mixin.py:190} INFO - [2025-02-06T15:22:39.619+0000] {dagbag.py:588} INFO - Filling up the DagBag from /home/airflow/.local/lib/python3.12/site-packages/airflow/example_dags/example_task_group.py
[2025-02-06T15:22:39.624+0000] {processor.py:925} INFO - DAG(s) 'example_task_group' retrieved from /home/airflow/.local/lib/python3.12/site-packages/airflow/example_dags/example_task_group.py
[2025-02-06T15:22:39.641+0000] {logging_mixin.py:190} INFO - [2025-02-06T15:22:39.640+0000] {dag.py:3239} INFO - Sync 1 DAGs
[2025-02-06T15:22:39.652+0000] {logging_mixin.py:190} INFO - [2025-02-06T15:22:39.652+0000] {dag.py:4180} INFO - Setting next_dagrun for example_task_group to None, run_after=None
[2025-02-06T15:22:39.665+0000] {processor.py:208} INFO - Processing /home/airflow/.local/lib/python3.12/site-packages/airflow/example_dags/example_task_group.py took 0.053 seconds
[2025-02-06T15:23:10.515+0000] {processor.py:186} INFO - Started process (PID=2768) to work on /home/airflow/.local/lib/python3.12/site-packages/airflow/example_dags/example_task_group.py
[2025-02-06T15:23:10.516+0000] {processor.py:914} INFO - Processing file /home/airflow/.local/lib/python3.12/site-packages/airflow/example_dags/example_task_group.py for tasks to queue
[2025-02-06T15:23:10.517+0000] {logging_mixin.py:190} INFO - [2025-02-06T15:23:10.517+0000] {dagbag.py:588} INFO - Filling up the DagBag from /home/airflow/.local/lib/python3.12/site-packages/airflow/example_dags/example_task_group.py
[2025-02-06T15:23:10.523+0000] {processor.py:925} INFO - DAG(s) 'example_task_group' retrieved from /home/airflow/.local/lib/python3.12/site-packages/airflow/example_dags/example_task_group.py
[2025-02-06T15:23:10.539+0000] {logging_mixin.py:190} INFO - [2025-02-06T15:23:10.539+0000] {dag.py:3239} INFO - Sync 1 DAGs
[2025-02-06T15:23:10.550+0000] {logging_mixin.py:190} INFO - [2025-02-06T15:23:10.550+0000] {dag.py:4180} INFO - Setting next_dagrun for example_task_group to None, run_after=None
[2025-02-06T15:23:10.564+0000] {processor.py:208} INFO - Processing /home/airflow/.local/lib/python3.12/site-packages/airflow/example_dags/example_task_group.py took 0.053 seconds
[2025-02-06T15:23:41.686+0000] {processor.py:186} INFO - Started process (PID=3076) to work on /home/airflow/.local/lib/python3.12/site-packages/airflow/example_dags/example_task_group.py
[2025-02-06T15:23:41.687+0000] {processor.py:914} INFO - Processing file /home/airflow/.local/lib/python3.12/site-packages/airflow/example_dags/example_task_group.py for tasks to queue
[2025-02-06T15:23:41.689+0000] {logging_mixin.py:190} INFO - [2025-02-06T15:23:41.689+0000] {dagbag.py:588} INFO - Filling up the DagBag from /home/airflow/.local/lib/python3.12/site-packages/airflow/example_dags/example_task_group.py
[2025-02-06T15:23:41.696+0000] {processor.py:925} INFO - DAG(s) 'example_task_group' retrieved from /home/airflow/.local/lib/python3.12/site-packages/airflow/example_dags/example_task_group.py
[2025-02-06T15:23:41.714+0000] {logging_mixin.py:190} INFO - [2025-02-06T15:23:41.714+0000] {dag.py:3239} INFO - Sync 1 DAGs
[2025-02-06T15:23:41.726+0000] {logging_mixin.py:190} INFO - [2025-02-06T15:23:41.726+0000] {dag.py:4180} INFO - Setting next_dagrun for example_task_group to None, run_after=None
[2025-02-06T15:23:41.741+0000] {processor.py:208} INFO - Processing /home/airflow/.local/lib/python3.12/site-packages/airflow/example_dags/example_task_group.py took 0.060 seconds
[2025-02-06T15:24:11.908+0000] {processor.py:186} INFO - Started process (PID=3380) to work on /home/airflow/.local/lib/python3.12/site-packages/airflow/example_dags/example_task_group.py
[2025-02-06T15:24:11.909+0000] {processor.py:914} INFO - Processing file /home/airflow/.local/lib/python3.12/site-packages/airflow/example_dags/example_task_group.py for tasks to queue
[2025-02-06T15:24:11.911+0000] {logging_mixin.py:190} INFO - [2025-02-06T15:24:11.911+0000] {dagbag.py:588} INFO - Filling up the DagBag from /home/airflow/.local/lib/python3.12/site-packages/airflow/example_dags/example_task_group.py
[2025-02-06T15:24:11.918+0000] {processor.py:925} INFO - DAG(s) 'example_task_group' retrieved from /home/airflow/.local/lib/python3.12/site-packages/airflow/example_dags/example_task_group.py
[2025-02-06T15:24:11.936+0000] {logging_mixin.py:190} INFO - [2025-02-06T15:24:11.936+0000] {dag.py:3239} INFO - Sync 1 DAGs
[2025-02-06T15:24:11.949+0000] {logging_mixin.py:190} INFO - [2025-02-06T15:24:11.949+0000] {dag.py:4180} INFO - Setting next_dagrun for example_task_group to None, run_after=None
[2025-02-06T15:24:11.965+0000] {processor.py:208} INFO - Processing /home/airflow/.local/lib/python3.12/site-packages/airflow/example_dags/example_task_group.py took 0.061 seconds
[2025-02-06T16:07:25.884+0000] {processor.py:157} INFO - Started process (PID=307) to work on /home/airflow/.local/lib/python3.8/site-packages/airflow/example_dags/example_task_group.py
[2025-02-06T16:07:25.885+0000] {processor.py:829} INFO - Processing file /home/airflow/.local/lib/python3.8/site-packages/airflow/example_dags/example_task_group.py for tasks to queue
[2025-02-06T16:07:25.885+0000] {logging_mixin.py:151} INFO - [2025-02-06T16:07:25.885+0000] {dagbag.py:539} INFO - Filling up the DagBag from /home/airflow/.local/lib/python3.8/site-packages/airflow/example_dags/example_task_group.py
[2025-02-06T16:07:25.892+0000] {processor.py:839} INFO - DAG(s) dict_keys(['example_task_group']) retrieved from /home/airflow/.local/lib/python3.8/site-packages/airflow/example_dags/example_task_group.py
[2025-02-06T16:07:25.902+0000] {logging_mixin.py:151} INFO - [2025-02-06T16:07:25.902+0000] {dag.py:2915} INFO - Sync 1 DAGs
[2025-02-06T16:07:25.913+0000] {logging_mixin.py:151} INFO - [2025-02-06T16:07:25.913+0000] {dag.py:2937} INFO - Creating ORM DAG for example_task_group
[2025-02-06T16:07:26.045+0000] {logging_mixin.py:151} INFO - [2025-02-06T16:07:26.045+0000] {dag.py:3696} INFO - Setting next_dagrun for example_task_group to 2025-02-05T16:07:26.045134+00:00, run_after=2025-02-06T16:07:26.045134+00:00
[2025-02-06T16:07:26.064+0000] {processor.py:179} INFO - Processing /home/airflow/.local/lib/python3.8/site-packages/airflow/example_dags/example_task_group.py took 0.182 seconds
[2025-02-06T16:07:58.843+0000] {processor.py:157} INFO - Started process (PID=574) to work on /home/airflow/.local/lib/python3.8/site-packages/airflow/example_dags/example_task_group.py
[2025-02-06T16:07:58.845+0000] {processor.py:829} INFO - Processing file /home/airflow/.local/lib/python3.8/site-packages/airflow/example_dags/example_task_group.py for tasks to queue
[2025-02-06T16:07:58.846+0000] {logging_mixin.py:151} INFO - [2025-02-06T16:07:58.846+0000] {dagbag.py:539} INFO - Filling up the DagBag from /home/airflow/.local/lib/python3.8/site-packages/airflow/example_dags/example_task_group.py
[2025-02-06T16:07:58.857+0000] {processor.py:839} INFO - DAG(s) dict_keys(['example_task_group']) retrieved from /home/airflow/.local/lib/python3.8/site-packages/airflow/example_dags/example_task_group.py
[2025-02-06T16:07:58.870+0000] {logging_mixin.py:151} INFO - [2025-02-06T16:07:58.870+0000] {dag.py:2915} INFO - Sync 1 DAGs
[2025-02-06T16:07:58.891+0000] {logging_mixin.py:151} INFO - [2025-02-06T16:07:58.891+0000] {dag.py:3696} INFO - Setting next_dagrun for example_task_group to 2025-02-05T16:07:58.891197+00:00, run_after=2025-02-06T16:07:58.891197+00:00
[2025-02-06T16:07:58.908+0000] {processor.py:179} INFO - Processing /home/airflow/.local/lib/python3.8/site-packages/airflow/example_dags/example_task_group.py took 0.068 seconds
[2025-02-06T16:08:31.260+0000] {processor.py:157} INFO - Started process (PID=841) to work on /home/airflow/.local/lib/python3.8/site-packages/airflow/example_dags/example_task_group.py
[2025-02-06T16:08:31.261+0000] {processor.py:829} INFO - Processing file /home/airflow/.local/lib/python3.8/site-packages/airflow/example_dags/example_task_group.py for tasks to queue
[2025-02-06T16:08:31.262+0000] {logging_mixin.py:151} INFO - [2025-02-06T16:08:31.261+0000] {dagbag.py:539} INFO - Filling up the DagBag from /home/airflow/.local/lib/python3.8/site-packages/airflow/example_dags/example_task_group.py
[2025-02-06T16:08:31.269+0000] {processor.py:839} INFO - DAG(s) dict_keys(['example_task_group']) retrieved from /home/airflow/.local/lib/python3.8/site-packages/airflow/example_dags/example_task_group.py
[2025-02-06T16:08:31.292+0000] {logging_mixin.py:151} INFO - [2025-02-06T16:08:31.292+0000] {dag.py:2915} INFO - Sync 1 DAGs
[2025-02-06T16:08:31.315+0000] {logging_mixin.py:151} INFO - [2025-02-06T16:08:31.315+0000] {dag.py:3696} INFO - Setting next_dagrun for example_task_group to 2025-02-05T16:08:31.314707+00:00, run_after=2025-02-06T16:08:31.314707+00:00
[2025-02-06T16:08:31.334+0000] {processor.py:179} INFO - Processing /home/airflow/.local/lib/python3.8/site-packages/airflow/example_dags/example_task_group.py took 0.077 seconds
[2025-02-06T16:09:03.961+0000] {processor.py:157} INFO - Started process (PID=1102) to work on /home/airflow/.local/lib/python3.8/site-packages/airflow/example_dags/example_task_group.py
[2025-02-06T16:09:03.962+0000] {processor.py:829} INFO - Processing file /home/airflow/.local/lib/python3.8/site-packages/airflow/example_dags/example_task_group.py for tasks to queue
[2025-02-06T16:09:03.963+0000] {logging_mixin.py:151} INFO - [2025-02-06T16:09:03.962+0000] {dagbag.py:539} INFO - Filling up the DagBag from /home/airflow/.local/lib/python3.8/site-packages/airflow/example_dags/example_task_group.py
[2025-02-06T16:09:03.968+0000] {processor.py:839} INFO - DAG(s) dict_keys(['example_task_group']) retrieved from /home/airflow/.local/lib/python3.8/site-packages/airflow/example_dags/example_task_group.py
[2025-02-06T16:09:03.987+0000] {logging_mixin.py:151} INFO - [2025-02-06T16:09:03.987+0000] {dag.py:2915} INFO - Sync 1 DAGs
[2025-02-06T16:09:04.003+0000] {logging_mixin.py:151} INFO - [2025-02-06T16:09:04.002+0000] {dag.py:3696} INFO - Setting next_dagrun for example_task_group to 2025-02-05T16:09:04.002719+00:00, run_after=2025-02-06T16:09:04.002719+00:00
[2025-02-06T16:09:04.016+0000] {processor.py:179} INFO - Processing /home/airflow/.local/lib/python3.8/site-packages/airflow/example_dags/example_task_group.py took 0.058 seconds
[2025-02-06T16:09:37.338+0000] {processor.py:157} INFO - Started process (PID=1363) to work on /home/airflow/.local/lib/python3.8/site-packages/airflow/example_dags/example_task_group.py
[2025-02-06T16:09:37.341+0000] {processor.py:829} INFO - Processing file /home/airflow/.local/lib/python3.8/site-packages/airflow/example_dags/example_task_group.py for tasks to queue
[2025-02-06T16:09:37.343+0000] {logging_mixin.py:151} INFO - [2025-02-06T16:09:37.342+0000] {dagbag.py:539} INFO - Filling up the DagBag from /home/airflow/.local/lib/python3.8/site-packages/airflow/example_dags/example_task_group.py
[2025-02-06T16:09:37.361+0000] {processor.py:839} INFO - DAG(s) dict_keys(['example_task_group']) retrieved from /home/airflow/.local/lib/python3.8/site-packages/airflow/example_dags/example_task_group.py
[2025-02-06T16:09:37.413+0000] {logging_mixin.py:151} INFO - [2025-02-06T16:09:37.413+0000] {dag.py:2915} INFO - Sync 1 DAGs
[2025-02-06T16:09:37.455+0000] {logging_mixin.py:151} INFO - [2025-02-06T16:09:37.454+0000] {dag.py:3696} INFO - Setting next_dagrun for example_task_group to 2025-02-05T16:09:37.454581+00:00, run_after=2025-02-06T16:09:37.454581+00:00
[2025-02-06T16:09:37.489+0000] {processor.py:179} INFO - Processing /home/airflow/.local/lib/python3.8/site-packages/airflow/example_dags/example_task_group.py took 0.158 seconds
[2025-02-06T16:10:09.950+0000] {processor.py:157} INFO - Started process (PID=1624) to work on /home/airflow/.local/lib/python3.8/site-packages/airflow/example_dags/example_task_group.py
[2025-02-06T16:10:09.951+0000] {processor.py:829} INFO - Processing file /home/airflow/.local/lib/python3.8/site-packages/airflow/example_dags/example_task_group.py for tasks to queue
[2025-02-06T16:10:09.952+0000] {logging_mixin.py:151} INFO - [2025-02-06T16:10:09.951+0000] {dagbag.py:539} INFO - Filling up the DagBag from /home/airflow/.local/lib/python3.8/site-packages/airflow/example_dags/example_task_group.py
[2025-02-06T16:10:09.957+0000] {processor.py:839} INFO - DAG(s) dict_keys(['example_task_group']) retrieved from /home/airflow/.local/lib/python3.8/site-packages/airflow/example_dags/example_task_group.py
[2025-02-06T16:10:09.975+0000] {logging_mixin.py:151} INFO - [2025-02-06T16:10:09.975+0000] {dag.py:2915} INFO - Sync 1 DAGs
[2025-02-06T16:10:09.991+0000] {logging_mixin.py:151} INFO - [2025-02-06T16:10:09.991+0000] {dag.py:3696} INFO - Setting next_dagrun for example_task_group to 2025-02-05T16:10:09.991580+00:00, run_after=2025-02-06T16:10:09.991580+00:00
[2025-02-06T16:10:10.005+0000] {processor.py:179} INFO - Processing /home/airflow/.local/lib/python3.8/site-packages/airflow/example_dags/example_task_group.py took 0.058 seconds
[2025-02-06T16:10:42.737+0000] {processor.py:157} INFO - Started process (PID=1885) to work on /home/airflow/.local/lib/python3.8/site-packages/airflow/example_dags/example_task_group.py
[2025-02-06T16:10:42.738+0000] {processor.py:829} INFO - Processing file /home/airflow/.local/lib/python3.8/site-packages/airflow/example_dags/example_task_group.py for tasks to queue
[2025-02-06T16:10:42.739+0000] {logging_mixin.py:151} INFO - [2025-02-06T16:10:42.738+0000] {dagbag.py:539} INFO - Filling up the DagBag from /home/airflow/.local/lib/python3.8/site-packages/airflow/example_dags/example_task_group.py
[2025-02-06T16:10:42.745+0000] {processor.py:839} INFO - DAG(s) dict_keys(['example_task_group']) retrieved from /home/airflow/.local/lib/python3.8/site-packages/airflow/example_dags/example_task_group.py
[2025-02-06T16:10:42.765+0000] {logging_mixin.py:151} INFO - [2025-02-06T16:10:42.765+0000] {dag.py:2915} INFO - Sync 1 DAGs
[2025-02-06T16:10:42.788+0000] {logging_mixin.py:151} INFO - [2025-02-06T16:10:42.788+0000] {dag.py:3696} INFO - Setting next_dagrun for example_task_group to 2025-02-05T16:10:42.787923+00:00, run_after=2025-02-06T16:10:42.787923+00:00
[2025-02-06T16:10:42.807+0000] {processor.py:179} INFO - Processing /home/airflow/.local/lib/python3.8/site-packages/airflow/example_dags/example_task_group.py took 0.072 seconds
[2025-02-06T16:11:15.283+0000] {processor.py:157} INFO - Started process (PID=2146) to work on /home/airflow/.local/lib/python3.8/site-packages/airflow/example_dags/example_task_group.py
[2025-02-06T16:11:15.284+0000] {processor.py:829} INFO - Processing file /home/airflow/.local/lib/python3.8/site-packages/airflow/example_dags/example_task_group.py for tasks to queue
[2025-02-06T16:11:15.285+0000] {logging_mixin.py:151} INFO - [2025-02-06T16:11:15.285+0000] {dagbag.py:539} INFO - Filling up the DagBag from /home/airflow/.local/lib/python3.8/site-packages/airflow/example_dags/example_task_group.py
[2025-02-06T16:11:15.294+0000] {processor.py:839} INFO - DAG(s) dict_keys(['example_task_group']) retrieved from /home/airflow/.local/lib/python3.8/site-packages/airflow/example_dags/example_task_group.py
[2025-02-06T16:11:15.321+0000] {logging_mixin.py:151} INFO - [2025-02-06T16:11:15.321+0000] {dag.py:2915} INFO - Sync 1 DAGs
[2025-02-06T16:11:15.342+0000] {logging_mixin.py:151} INFO - [2025-02-06T16:11:15.341+0000] {dag.py:3696} INFO - Setting next_dagrun for example_task_group to 2025-02-05T16:11:15.341559+00:00, run_after=2025-02-06T16:11:15.341559+00:00
[2025-02-06T16:11:15.361+0000] {processor.py:179} INFO - Processing /home/airflow/.local/lib/python3.8/site-packages/airflow/example_dags/example_task_group.py took 0.081 seconds
[2025-02-06T16:11:48.230+0000] {processor.py:157} INFO - Started process (PID=2407) to work on /home/airflow/.local/lib/python3.8/site-packages/airflow/example_dags/example_task_group.py
[2025-02-06T16:11:48.231+0000] {processor.py:829} INFO - Processing file /home/airflow/.local/lib/python3.8/site-packages/airflow/example_dags/example_task_group.py for tasks to queue
[2025-02-06T16:11:48.232+0000] {logging_mixin.py:151} INFO - [2025-02-06T16:11:48.232+0000] {dagbag.py:539} INFO - Filling up the DagBag from /home/airflow/.local/lib/python3.8/site-packages/airflow/example_dags/example_task_group.py
[2025-02-06T16:11:48.239+0000] {processor.py:839} INFO - DAG(s) dict_keys(['example_task_group']) retrieved from /home/airflow/.local/lib/python3.8/site-packages/airflow/example_dags/example_task_group.py
[2025-02-06T16:11:48.259+0000] {logging_mixin.py:151} INFO - [2025-02-06T16:11:48.259+0000] {dag.py:2915} INFO - Sync 1 DAGs
[2025-02-06T16:11:48.279+0000] {logging_mixin.py:151} INFO - [2025-02-06T16:11:48.278+0000] {dag.py:3696} INFO - Setting next_dagrun for example_task_group to 2025-02-05T16:11:48.278500+00:00, run_after=2025-02-06T16:11:48.278500+00:00
[2025-02-06T16:11:48.302+0000] {processor.py:179} INFO - Processing /home/airflow/.local/lib/python3.8/site-packages/airflow/example_dags/example_task_group.py took 0.075 seconds
[2025-02-06T16:12:21.686+0000] {processor.py:157} INFO - Started process (PID=2668) to work on /home/airflow/.local/lib/python3.8/site-packages/airflow/example_dags/example_task_group.py
[2025-02-06T16:12:21.687+0000] {processor.py:829} INFO - Processing file /home/airflow/.local/lib/python3.8/site-packages/airflow/example_dags/example_task_group.py for tasks to queue
[2025-02-06T16:12:21.688+0000] {logging_mixin.py:151} INFO - [2025-02-06T16:12:21.688+0000] {dagbag.py:539} INFO - Filling up the DagBag from /home/airflow/.local/lib/python3.8/site-packages/airflow/example_dags/example_task_group.py
[2025-02-06T16:12:21.694+0000] {processor.py:839} INFO - DAG(s) dict_keys(['example_task_group']) retrieved from /home/airflow/.local/lib/python3.8/site-packages/airflow/example_dags/example_task_group.py
[2025-02-06T16:12:21.712+0000] {logging_mixin.py:151} INFO - [2025-02-06T16:12:21.712+0000] {dag.py:2915} INFO - Sync 1 DAGs
[2025-02-06T16:12:21.729+0000] {logging_mixin.py:151} INFO - [2025-02-06T16:12:21.729+0000] {dag.py:3696} INFO - Setting next_dagrun for example_task_group to 2025-02-05T16:12:21.729370+00:00, run_after=2025-02-06T16:12:21.729370+00:00
[2025-02-06T16:12:21.744+0000] {processor.py:179} INFO - Processing /home/airflow/.local/lib/python3.8/site-packages/airflow/example_dags/example_task_group.py took 0.061 seconds
[2025-02-06T16:12:53.864+0000] {processor.py:157} INFO - Started process (PID=2934) to work on /home/airflow/.local/lib/python3.8/site-packages/airflow/example_dags/example_task_group.py
[2025-02-06T16:12:53.865+0000] {processor.py:829} INFO - Processing file /home/airflow/.local/lib/python3.8/site-packages/airflow/example_dags/example_task_group.py for tasks to queue
[2025-02-06T16:12:53.866+0000] {logging_mixin.py:151} INFO - [2025-02-06T16:12:53.865+0000] {dagbag.py:539} INFO - Filling up the DagBag from /home/airflow/.local/lib/python3.8/site-packages/airflow/example_dags/example_task_group.py
[2025-02-06T16:12:53.873+0000] {processor.py:839} INFO - DAG(s) dict_keys(['example_task_group']) retrieved from /home/airflow/.local/lib/python3.8/site-packages/airflow/example_dags/example_task_group.py
[2025-02-06T16:12:53.894+0000] {logging_mixin.py:151} INFO - [2025-02-06T16:12:53.894+0000] {dag.py:2915} INFO - Sync 1 DAGs
[2025-02-06T16:12:53.913+0000] {logging_mixin.py:151} INFO - [2025-02-06T16:12:53.913+0000] {dag.py:3696} INFO - Setting next_dagrun for example_task_group to 2025-02-05T16:12:53.912888+00:00, run_after=2025-02-06T16:12:53.912888+00:00
[2025-02-06T16:12:53.931+0000] {processor.py:179} INFO - Processing /home/airflow/.local/lib/python3.8/site-packages/airflow/example_dags/example_task_group.py took 0.070 seconds
[2025-02-06T16:13:26.524+0000] {processor.py:157} INFO - Started process (PID=3195) to work on /home/airflow/.local/lib/python3.8/site-packages/airflow/example_dags/example_task_group.py
[2025-02-06T16:13:26.525+0000] {processor.py:829} INFO - Processing file /home/airflow/.local/lib/python3.8/site-packages/airflow/example_dags/example_task_group.py for tasks to queue
[2025-02-06T16:13:26.525+0000] {logging_mixin.py:151} INFO - [2025-02-06T16:13:26.525+0000] {dagbag.py:539} INFO - Filling up the DagBag from /home/airflow/.local/lib/python3.8/site-packages/airflow/example_dags/example_task_group.py
[2025-02-06T16:13:26.532+0000] {processor.py:839} INFO - DAG(s) dict_keys(['example_task_group']) retrieved from /home/airflow/.local/lib/python3.8/site-packages/airflow/example_dags/example_task_group.py
[2025-02-06T16:13:26.551+0000] {logging_mixin.py:151} INFO - [2025-02-06T16:13:26.550+0000] {dag.py:2915} INFO - Sync 1 DAGs
[2025-02-06T16:13:26.572+0000] {logging_mixin.py:151} INFO - [2025-02-06T16:13:26.572+0000] {dag.py:3696} INFO - Setting next_dagrun for example_task_group to 2025-02-05T16:13:26.572277+00:00, run_after=2025-02-06T16:13:26.572277+00:00
[2025-02-06T16:13:26.591+0000] {processor.py:179} INFO - Processing /home/airflow/.local/lib/python3.8/site-packages/airflow/example_dags/example_task_group.py took 0.069 seconds
[2025-02-06T16:13:59.597+0000] {processor.py:157} INFO - Started process (PID=3456) to work on /home/airflow/.local/lib/python3.8/site-packages/airflow/example_dags/example_task_group.py
[2025-02-06T16:13:59.599+0000] {processor.py:829} INFO - Processing file /home/airflow/.local/lib/python3.8/site-packages/airflow/example_dags/example_task_group.py for tasks to queue
[2025-02-06T16:13:59.599+0000] {logging_mixin.py:151} INFO - [2025-02-06T16:13:59.599+0000] {dagbag.py:539} INFO - Filling up the DagBag from /home/airflow/.local/lib/python3.8/site-packages/airflow/example_dags/example_task_group.py
[2025-02-06T16:13:59.607+0000] {processor.py:839} INFO - DAG(s) dict_keys(['example_task_group']) retrieved from /home/airflow/.local/lib/python3.8/site-packages/airflow/example_dags/example_task_group.py
[2025-02-06T16:13:59.630+0000] {logging_mixin.py:151} INFO - [2025-02-06T16:13:59.629+0000] {dag.py:2915} INFO - Sync 1 DAGs
[2025-02-06T16:13:59.651+0000] {logging_mixin.py:151} INFO - [2025-02-06T16:13:59.651+0000] {dag.py:3696} INFO - Setting next_dagrun for example_task_group to 2025-02-05T16:13:59.651208+00:00, run_after=2025-02-06T16:13:59.651208+00:00
[2025-02-06T16:13:59.671+0000] {processor.py:179} INFO - Processing /home/airflow/.local/lib/python3.8/site-packages/airflow/example_dags/example_task_group.py took 0.077 seconds
[2025-02-06T16:14:32.000+0000] {processor.py:157} INFO - Started process (PID=3717) to work on /home/airflow/.local/lib/python3.8/site-packages/airflow/example_dags/example_task_group.py
[2025-02-06T16:14:32.001+0000] {processor.py:829} INFO - Processing file /home/airflow/.local/lib/python3.8/site-packages/airflow/example_dags/example_task_group.py for tasks to queue
[2025-02-06T16:14:32.002+0000] {logging_mixin.py:151} INFO - [2025-02-06T16:14:32.002+0000] {dagbag.py:539} INFO - Filling up the DagBag from /home/airflow/.local/lib/python3.8/site-packages/airflow/example_dags/example_task_group.py
[2025-02-06T16:14:32.009+0000] {processor.py:839} INFO - DAG(s) dict_keys(['example_task_group']) retrieved from /home/airflow/.local/lib/python3.8/site-packages/airflow/example_dags/example_task_group.py
[2025-02-06T16:14:32.029+0000] {logging_mixin.py:151} INFO - [2025-02-06T16:14:32.029+0000] {dag.py:2915} INFO - Sync 1 DAGs
[2025-02-06T16:14:32.049+0000] {logging_mixin.py:151} INFO - [2025-02-06T16:14:32.049+0000] {dag.py:3696} INFO - Setting next_dagrun for example_task_group to 2025-02-05T16:14:32.049211+00:00, run_after=2025-02-06T16:14:32.049211+00:00
[2025-02-06T16:14:32.066+0000] {processor.py:179} INFO - Processing /home/airflow/.local/lib/python3.8/site-packages/airflow/example_dags/example_task_group.py took 0.069 seconds
[2025-02-06T16:15:05.669+0000] {processor.py:157} INFO - Started process (PID=3995) to work on /home/airflow/.local/lib/python3.8/site-packages/airflow/example_dags/example_task_group.py
[2025-02-06T16:15:05.670+0000] {processor.py:829} INFO - Processing file /home/airflow/.local/lib/python3.8/site-packages/airflow/example_dags/example_task_group.py for tasks to queue
[2025-02-06T16:15:05.671+0000] {logging_mixin.py:151} INFO - [2025-02-06T16:15:05.671+0000] {dagbag.py:539} INFO - Filling up the DagBag from /home/airflow/.local/lib/python3.8/site-packages/airflow/example_dags/example_task_group.py
[2025-02-06T16:15:05.678+0000] {processor.py:839} INFO - DAG(s) dict_keys(['example_task_group']) retrieved from /home/airflow/.local/lib/python3.8/site-packages/airflow/example_dags/example_task_group.py
[2025-02-06T16:15:05.697+0000] {logging_mixin.py:151} INFO - [2025-02-06T16:15:05.697+0000] {dag.py:2915} INFO - Sync 1 DAGs
[2025-02-06T16:15:05.717+0000] {logging_mixin.py:151} INFO - [2025-02-06T16:15:05.717+0000] {dag.py:3696} INFO - Setting next_dagrun for example_task_group to 2025-02-05T16:15:05.716754+00:00, run_after=2025-02-06T16:15:05.716754+00:00
[2025-02-06T16:15:05.732+0000] {processor.py:179} INFO - Processing /home/airflow/.local/lib/python3.8/site-packages/airflow/example_dags/example_task_group.py took 0.066 seconds
[2025-02-06T16:15:38.332+0000] {processor.py:157} INFO - Started process (PID=4258) to work on /home/airflow/.local/lib/python3.8/site-packages/airflow/example_dags/example_task_group.py
[2025-02-06T16:15:38.333+0000] {processor.py:829} INFO - Processing file /home/airflow/.local/lib/python3.8/site-packages/airflow/example_dags/example_task_group.py for tasks to queue
[2025-02-06T16:15:38.334+0000] {logging_mixin.py:151} INFO - [2025-02-06T16:15:38.334+0000] {dagbag.py:539} INFO - Filling up the DagBag from /home/airflow/.local/lib/python3.8/site-packages/airflow/example_dags/example_task_group.py
[2025-02-06T16:15:38.340+0000] {processor.py:839} INFO - DAG(s) dict_keys(['example_task_group']) retrieved from /home/airflow/.local/lib/python3.8/site-packages/airflow/example_dags/example_task_group.py
[2025-02-06T16:15:38.360+0000] {logging_mixin.py:151} INFO - [2025-02-06T16:15:38.360+0000] {dag.py:2915} INFO - Sync 1 DAGs
[2025-02-06T16:15:38.379+0000] {logging_mixin.py:151} INFO - [2025-02-06T16:15:38.379+0000] {dag.py:3696} INFO - Setting next_dagrun for example_task_group to 2025-02-05T16:15:38.379026+00:00, run_after=2025-02-06T16:15:38.379026+00:00
[2025-02-06T16:15:38.394+0000] {processor.py:179} INFO - Processing /home/airflow/.local/lib/python3.8/site-packages/airflow/example_dags/example_task_group.py took 0.064 seconds
[2025-02-06T16:16:10.963+0000] {processor.py:157} INFO - Started process (PID=4524) to work on /home/airflow/.local/lib/python3.8/site-packages/airflow/example_dags/example_task_group.py
[2025-02-06T16:16:10.964+0000] {processor.py:829} INFO - Processing file /home/airflow/.local/lib/python3.8/site-packages/airflow/example_dags/example_task_group.py for tasks to queue
[2025-02-06T16:16:10.964+0000] {logging_mixin.py:151} INFO - [2025-02-06T16:16:10.964+0000] {dagbag.py:539} INFO - Filling up the DagBag from /home/airflow/.local/lib/python3.8/site-packages/airflow/example_dags/example_task_group.py
[2025-02-06T16:16:10.970+0000] {processor.py:839} INFO - DAG(s) dict_keys(['example_task_group']) retrieved from /home/airflow/.local/lib/python3.8/site-packages/airflow/example_dags/example_task_group.py
[2025-02-06T16:16:10.988+0000] {logging_mixin.py:151} INFO - [2025-02-06T16:16:10.988+0000] {dag.py:2915} INFO - Sync 1 DAGs
[2025-02-06T16:16:11.005+0000] {logging_mixin.py:151} INFO - [2025-02-06T16:16:11.004+0000] {dag.py:3696} INFO - Setting next_dagrun for example_task_group to 2025-02-05T16:16:11.004535+00:00, run_after=2025-02-06T16:16:11.004535+00:00
[2025-02-06T16:16:11.020+0000] {processor.py:179} INFO - Processing /home/airflow/.local/lib/python3.8/site-packages/airflow/example_dags/example_task_group.py took 0.059 seconds
[2025-02-06T16:16:44.909+0000] {processor.py:157} INFO - Started process (PID=4834) to work on /home/airflow/.local/lib/python3.8/site-packages/airflow/example_dags/example_task_group.py
[2025-02-06T16:16:44.910+0000] {processor.py:829} INFO - Processing file /home/airflow/.local/lib/python3.8/site-packages/airflow/example_dags/example_task_group.py for tasks to queue
[2025-02-06T16:16:44.911+0000] {logging_mixin.py:151} INFO - [2025-02-06T16:16:44.911+0000] {dagbag.py:539} INFO - Filling up the DagBag from /home/airflow/.local/lib/python3.8/site-packages/airflow/example_dags/example_task_group.py
[2025-02-06T16:16:44.917+0000] {processor.py:839} INFO - DAG(s) dict_keys(['example_task_group']) retrieved from /home/airflow/.local/lib/python3.8/site-packages/airflow/example_dags/example_task_group.py
[2025-02-06T16:16:44.936+0000] {logging_mixin.py:151} INFO - [2025-02-06T16:16:44.936+0000] {dag.py:2915} INFO - Sync 1 DAGs
[2025-02-06T16:16:44.953+0000] {logging_mixin.py:151} INFO - [2025-02-06T16:16:44.953+0000] {dag.py:3696} INFO - Setting next_dagrun for example_task_group to 2025-02-05T16:16:44.953514+00:00, run_after=2025-02-06T16:16:44.953514+00:00
[2025-02-06T16:16:44.970+0000] {processor.py:179} INFO - Processing /home/airflow/.local/lib/python3.8/site-packages/airflow/example_dags/example_task_group.py took 0.063 seconds
[2025-02-06T16:17:17.213+0000] {processor.py:157} INFO - Started process (PID=5095) to work on /home/airflow/.local/lib/python3.8/site-packages/airflow/example_dags/example_task_group.py
[2025-02-06T16:17:17.215+0000] {processor.py:829} INFO - Processing file /home/airflow/.local/lib/python3.8/site-packages/airflow/example_dags/example_task_group.py for tasks to queue
[2025-02-06T16:17:17.217+0000] {logging_mixin.py:151} INFO - [2025-02-06T16:17:17.216+0000] {dagbag.py:539} INFO - Filling up the DagBag from /home/airflow/.local/lib/python3.8/site-packages/airflow/example_dags/example_task_group.py
[2025-02-06T16:17:17.224+0000] {processor.py:839} INFO - DAG(s) dict_keys(['example_task_group']) retrieved from /home/airflow/.local/lib/python3.8/site-packages/airflow/example_dags/example_task_group.py
[2025-02-06T16:17:17.248+0000] {logging_mixin.py:151} INFO - [2025-02-06T16:17:17.248+0000] {dag.py:2915} INFO - Sync 1 DAGs
[2025-02-06T16:17:17.268+0000] {logging_mixin.py:151} INFO - [2025-02-06T16:17:17.268+0000] {dag.py:3696} INFO - Setting next_dagrun for example_task_group to 2025-02-05T16:17:17.268260+00:00, run_after=2025-02-06T16:17:17.268260+00:00
[2025-02-06T16:17:17.295+0000] {processor.py:179} INFO - Processing /home/airflow/.local/lib/python3.8/site-packages/airflow/example_dags/example_task_group.py took 0.089 seconds
[2025-02-06T16:17:49.823+0000] {processor.py:157} INFO - Started process (PID=5361) to work on /home/airflow/.local/lib/python3.8/site-packages/airflow/example_dags/example_task_group.py
[2025-02-06T16:17:49.825+0000] {processor.py:829} INFO - Processing file /home/airflow/.local/lib/python3.8/site-packages/airflow/example_dags/example_task_group.py for tasks to queue
[2025-02-06T16:17:49.825+0000] {logging_mixin.py:151} INFO - [2025-02-06T16:17:49.825+0000] {dagbag.py:539} INFO - Filling up the DagBag from /home/airflow/.local/lib/python3.8/site-packages/airflow/example_dags/example_task_group.py
[2025-02-06T16:17:49.830+0000] {processor.py:839} INFO - DAG(s) dict_keys(['example_task_group']) retrieved from /home/airflow/.local/lib/python3.8/site-packages/airflow/example_dags/example_task_group.py
[2025-02-06T16:17:49.848+0000] {logging_mixin.py:151} INFO - [2025-02-06T16:17:49.848+0000] {dag.py:2915} INFO - Sync 1 DAGs
[2025-02-06T16:17:49.872+0000] {logging_mixin.py:151} INFO - [2025-02-06T16:17:49.872+0000] {dag.py:3696} INFO - Setting next_dagrun for example_task_group to 2025-02-05T16:17:49.871947+00:00, run_after=2025-02-06T16:17:49.871947+00:00
[2025-02-06T16:17:49.891+0000] {processor.py:179} INFO - Processing /home/airflow/.local/lib/python3.8/site-packages/airflow/example_dags/example_task_group.py took 0.070 seconds
[2025-02-06T16:18:22.629+0000] {processor.py:157} INFO - Started process (PID=5622) to work on /home/airflow/.local/lib/python3.8/site-packages/airflow/example_dags/example_task_group.py
[2025-02-06T16:18:22.630+0000] {processor.py:829} INFO - Processing file /home/airflow/.local/lib/python3.8/site-packages/airflow/example_dags/example_task_group.py for tasks to queue
[2025-02-06T16:18:22.631+0000] {logging_mixin.py:151} INFO - [2025-02-06T16:18:22.631+0000] {dagbag.py:539} INFO - Filling up the DagBag from /home/airflow/.local/lib/python3.8/site-packages/airflow/example_dags/example_task_group.py
[2025-02-06T16:18:22.638+0000] {processor.py:839} INFO - DAG(s) dict_keys(['example_task_group']) retrieved from /home/airflow/.local/lib/python3.8/site-packages/airflow/example_dags/example_task_group.py
[2025-02-06T16:18:22.658+0000] {logging_mixin.py:151} INFO - [2025-02-06T16:18:22.658+0000] {dag.py:2915} INFO - Sync 1 DAGs
[2025-02-06T16:18:22.676+0000] {logging_mixin.py:151} INFO - [2025-02-06T16:18:22.676+0000] {dag.py:3696} INFO - Setting next_dagrun for example_task_group to 2025-02-05T16:18:22.676322+00:00, run_after=2025-02-06T16:18:22.676322+00:00
[2025-02-06T16:18:22.692+0000] {processor.py:179} INFO - Processing /home/airflow/.local/lib/python3.8/site-packages/airflow/example_dags/example_task_group.py took 0.065 seconds
[2025-02-06T16:18:55.240+0000] {processor.py:157} INFO - Started process (PID=5883) to work on /home/airflow/.local/lib/python3.8/site-packages/airflow/example_dags/example_task_group.py
[2025-02-06T16:18:55.241+0000] {processor.py:829} INFO - Processing file /home/airflow/.local/lib/python3.8/site-packages/airflow/example_dags/example_task_group.py for tasks to queue
[2025-02-06T16:18:55.242+0000] {logging_mixin.py:151} INFO - [2025-02-06T16:18:55.242+0000] {dagbag.py:539} INFO - Filling up the DagBag from /home/airflow/.local/lib/python3.8/site-packages/airflow/example_dags/example_task_group.py
[2025-02-06T16:18:55.248+0000] {processor.py:839} INFO - DAG(s) dict_keys(['example_task_group']) retrieved from /home/airflow/.local/lib/python3.8/site-packages/airflow/example_dags/example_task_group.py
[2025-02-06T16:18:55.268+0000] {logging_mixin.py:151} INFO - [2025-02-06T16:18:55.268+0000] {dag.py:2915} INFO - Sync 1 DAGs
[2025-02-06T16:18:55.286+0000] {logging_mixin.py:151} INFO - [2025-02-06T16:18:55.285+0000] {dag.py:3696} INFO - Setting next_dagrun for example_task_group to 2025-02-05T16:18:55.285611+00:00, run_after=2025-02-06T16:18:55.285611+00:00
[2025-02-06T16:18:55.300+0000] {processor.py:179} INFO - Processing /home/airflow/.local/lib/python3.8/site-packages/airflow/example_dags/example_task_group.py took 0.062 seconds
