[2025-02-06T15:19:05.504+0000] {processor.py:186} INFO - Started process (PID=381) to work on /home/airflow/.local/lib/python3.12/site-packages/airflow/example_dags/tutorial.py
[2025-02-06T15:19:05.505+0000] {processor.py:914} INFO - Processing file /home/airflow/.local/lib/python3.12/site-packages/airflow/example_dags/tutorial.py for tasks to queue
[2025-02-06T15:19:05.506+0000] {logging_mixin.py:190} INFO - [2025-02-06T15:19:05.506+0000] {dagbag.py:588} INFO - Filling up the DagBag from /home/airflow/.local/lib/python3.12/site-packages/airflow/example_dags/tutorial.py
[2025-02-06T15:19:05.512+0000] {processor.py:925} INFO - DAG(s) 'tutorial' retrieved from /home/airflow/.local/lib/python3.12/site-packages/airflow/example_dags/tutorial.py
[2025-02-06T15:19:05.529+0000] {logging_mixin.py:190} INFO - [2025-02-06T15:19:05.528+0000] {dag.py:3239} INFO - Sync 1 DAGs
[2025-02-06T15:19:05.548+0000] {logging_mixin.py:190} INFO - [2025-02-06T15:19:05.548+0000] {dag.py:4180} INFO - Setting next_dagrun for tutorial to 2025-02-05 00:00:00+00:00, run_after=2025-02-06 00:00:00+00:00
[2025-02-06T15:19:05.566+0000] {processor.py:208} INFO - Processing /home/airflow/.local/lib/python3.12/site-packages/airflow/example_dags/tutorial.py took 0.067 seconds
[2025-02-06T15:19:35.874+0000] {processor.py:186} INFO - Started process (PID=683) to work on /home/airflow/.local/lib/python3.12/site-packages/airflow/example_dags/tutorial.py
[2025-02-06T15:19:35.875+0000] {processor.py:914} INFO - Processing file /home/airflow/.local/lib/python3.12/site-packages/airflow/example_dags/tutorial.py for tasks to queue
[2025-02-06T15:19:35.876+0000] {logging_mixin.py:190} INFO - [2025-02-06T15:19:35.876+0000] {dagbag.py:588} INFO - Filling up the DagBag from /home/airflow/.local/lib/python3.12/site-packages/airflow/example_dags/tutorial.py
[2025-02-06T15:19:35.881+0000] {processor.py:925} INFO - DAG(s) 'tutorial' retrieved from /home/airflow/.local/lib/python3.12/site-packages/airflow/example_dags/tutorial.py
[2025-02-06T15:19:35.898+0000] {logging_mixin.py:190} INFO - [2025-02-06T15:19:35.898+0000] {dag.py:3239} INFO - Sync 1 DAGs
[2025-02-06T15:19:35.919+0000] {logging_mixin.py:190} INFO - [2025-02-06T15:19:35.919+0000] {dag.py:4180} INFO - Setting next_dagrun for tutorial to 2025-02-05 00:00:00+00:00, run_after=2025-02-06 00:00:00+00:00
[2025-02-06T15:19:35.935+0000] {processor.py:208} INFO - Processing /home/airflow/.local/lib/python3.12/site-packages/airflow/example_dags/tutorial.py took 0.065 seconds
[2025-02-06T15:20:05.959+0000] {processor.py:186} INFO - Started process (PID=987) to work on /home/airflow/.local/lib/python3.12/site-packages/airflow/example_dags/tutorial.py
[2025-02-06T15:20:05.959+0000] {processor.py:914} INFO - Processing file /home/airflow/.local/lib/python3.12/site-packages/airflow/example_dags/tutorial.py for tasks to queue
[2025-02-06T15:20:05.961+0000] {logging_mixin.py:190} INFO - [2025-02-06T15:20:05.961+0000] {dagbag.py:588} INFO - Filling up the DagBag from /home/airflow/.local/lib/python3.12/site-packages/airflow/example_dags/tutorial.py
[2025-02-06T15:20:05.966+0000] {processor.py:925} INFO - DAG(s) 'tutorial' retrieved from /home/airflow/.local/lib/python3.12/site-packages/airflow/example_dags/tutorial.py
[2025-02-06T15:20:05.981+0000] {logging_mixin.py:190} INFO - [2025-02-06T15:20:05.981+0000] {dag.py:3239} INFO - Sync 1 DAGs
[2025-02-06T15:20:06.000+0000] {logging_mixin.py:190} INFO - [2025-02-06T15:20:05.999+0000] {dag.py:4180} INFO - Setting next_dagrun for tutorial to 2025-02-05 00:00:00+00:00, run_after=2025-02-06 00:00:00+00:00
[2025-02-06T15:20:06.013+0000] {processor.py:208} INFO - Processing /home/airflow/.local/lib/python3.12/site-packages/airflow/example_dags/tutorial.py took 0.058 seconds
[2025-02-06T15:20:36.490+0000] {processor.py:186} INFO - Started process (PID=1293) to work on /home/airflow/.local/lib/python3.12/site-packages/airflow/example_dags/tutorial.py
[2025-02-06T15:20:36.491+0000] {processor.py:914} INFO - Processing file /home/airflow/.local/lib/python3.12/site-packages/airflow/example_dags/tutorial.py for tasks to queue
[2025-02-06T15:20:36.492+0000] {logging_mixin.py:190} INFO - [2025-02-06T15:20:36.492+0000] {dagbag.py:588} INFO - Filling up the DagBag from /home/airflow/.local/lib/python3.12/site-packages/airflow/example_dags/tutorial.py
[2025-02-06T15:20:36.497+0000] {processor.py:925} INFO - DAG(s) 'tutorial' retrieved from /home/airflow/.local/lib/python3.12/site-packages/airflow/example_dags/tutorial.py
[2025-02-06T15:20:36.512+0000] {logging_mixin.py:190} INFO - [2025-02-06T15:20:36.511+0000] {dag.py:3239} INFO - Sync 1 DAGs
[2025-02-06T15:20:36.532+0000] {logging_mixin.py:190} INFO - [2025-02-06T15:20:36.531+0000] {dag.py:4180} INFO - Setting next_dagrun for tutorial to 2025-02-05 00:00:00+00:00, run_after=2025-02-06 00:00:00+00:00
[2025-02-06T15:20:36.549+0000] {processor.py:208} INFO - Processing /home/airflow/.local/lib/python3.12/site-packages/airflow/example_dags/tutorial.py took 0.063 seconds
[2025-02-06T15:21:07.146+0000] {processor.py:186} INFO - Started process (PID=1599) to work on /home/airflow/.local/lib/python3.12/site-packages/airflow/example_dags/tutorial.py
[2025-02-06T15:21:07.147+0000] {processor.py:914} INFO - Processing file /home/airflow/.local/lib/python3.12/site-packages/airflow/example_dags/tutorial.py for tasks to queue
[2025-02-06T15:21:07.149+0000] {logging_mixin.py:190} INFO - [2025-02-06T15:21:07.149+0000] {dagbag.py:588} INFO - Filling up the DagBag from /home/airflow/.local/lib/python3.12/site-packages/airflow/example_dags/tutorial.py
[2025-02-06T15:21:07.155+0000] {processor.py:925} INFO - DAG(s) 'tutorial' retrieved from /home/airflow/.local/lib/python3.12/site-packages/airflow/example_dags/tutorial.py
[2025-02-06T15:21:07.172+0000] {logging_mixin.py:190} INFO - [2025-02-06T15:21:07.172+0000] {dag.py:3239} INFO - Sync 1 DAGs
[2025-02-06T15:21:07.190+0000] {logging_mixin.py:190} INFO - [2025-02-06T15:21:07.190+0000] {dag.py:4180} INFO - Setting next_dagrun for tutorial to 2025-02-05 00:00:00+00:00, run_after=2025-02-06 00:00:00+00:00
[2025-02-06T15:21:07.202+0000] {processor.py:208} INFO - Processing /home/airflow/.local/lib/python3.12/site-packages/airflow/example_dags/tutorial.py took 0.060 seconds
[2025-02-06T15:21:38.238+0000] {processor.py:186} INFO - Started process (PID=1905) to work on /home/airflow/.local/lib/python3.12/site-packages/airflow/example_dags/tutorial.py
[2025-02-06T15:21:38.240+0000] {processor.py:914} INFO - Processing file /home/airflow/.local/lib/python3.12/site-packages/airflow/example_dags/tutorial.py for tasks to queue
[2025-02-06T15:21:38.241+0000] {logging_mixin.py:190} INFO - [2025-02-06T15:21:38.241+0000] {dagbag.py:588} INFO - Filling up the DagBag from /home/airflow/.local/lib/python3.12/site-packages/airflow/example_dags/tutorial.py
[2025-02-06T15:21:38.247+0000] {processor.py:925} INFO - DAG(s) 'tutorial' retrieved from /home/airflow/.local/lib/python3.12/site-packages/airflow/example_dags/tutorial.py
[2025-02-06T15:21:38.264+0000] {logging_mixin.py:190} INFO - [2025-02-06T15:21:38.263+0000] {dag.py:3239} INFO - Sync 1 DAGs
[2025-02-06T15:21:38.283+0000] {logging_mixin.py:190} INFO - [2025-02-06T15:21:38.283+0000] {dag.py:4180} INFO - Setting next_dagrun for tutorial to 2025-02-05 00:00:00+00:00, run_after=2025-02-06 00:00:00+00:00
[2025-02-06T15:21:38.296+0000] {processor.py:208} INFO - Processing /home/airflow/.local/lib/python3.12/site-packages/airflow/example_dags/tutorial.py took 0.062 seconds
[2025-02-06T15:22:09.138+0000] {processor.py:186} INFO - Started process (PID=2211) to work on /home/airflow/.local/lib/python3.12/site-packages/airflow/example_dags/tutorial.py
[2025-02-06T15:22:09.139+0000] {processor.py:914} INFO - Processing file /home/airflow/.local/lib/python3.12/site-packages/airflow/example_dags/tutorial.py for tasks to queue
[2025-02-06T15:22:09.140+0000] {logging_mixin.py:190} INFO - [2025-02-06T15:22:09.140+0000] {dagbag.py:588} INFO - Filling up the DagBag from /home/airflow/.local/lib/python3.12/site-packages/airflow/example_dags/tutorial.py
[2025-02-06T15:22:09.145+0000] {processor.py:925} INFO - DAG(s) 'tutorial' retrieved from /home/airflow/.local/lib/python3.12/site-packages/airflow/example_dags/tutorial.py
[2025-02-06T15:22:09.160+0000] {logging_mixin.py:190} INFO - [2025-02-06T15:22:09.160+0000] {dag.py:3239} INFO - Sync 1 DAGs
[2025-02-06T15:22:09.176+0000] {logging_mixin.py:190} INFO - [2025-02-06T15:22:09.176+0000] {dag.py:4180} INFO - Setting next_dagrun for tutorial to 2025-02-05 00:00:00+00:00, run_after=2025-02-06 00:00:00+00:00
[2025-02-06T15:22:09.189+0000] {processor.py:208} INFO - Processing /home/airflow/.local/lib/python3.12/site-packages/airflow/example_dags/tutorial.py took 0.055 seconds
[2025-02-06T15:22:40.033+0000] {processor.py:186} INFO - Started process (PID=2517) to work on /home/airflow/.local/lib/python3.12/site-packages/airflow/example_dags/tutorial.py
[2025-02-06T15:22:40.034+0000] {processor.py:914} INFO - Processing file /home/airflow/.local/lib/python3.12/site-packages/airflow/example_dags/tutorial.py for tasks to queue
[2025-02-06T15:22:40.036+0000] {logging_mixin.py:190} INFO - [2025-02-06T15:22:40.036+0000] {dagbag.py:588} INFO - Filling up the DagBag from /home/airflow/.local/lib/python3.12/site-packages/airflow/example_dags/tutorial.py
[2025-02-06T15:22:40.041+0000] {processor.py:925} INFO - DAG(s) 'tutorial' retrieved from /home/airflow/.local/lib/python3.12/site-packages/airflow/example_dags/tutorial.py
[2025-02-06T15:22:40.056+0000] {logging_mixin.py:190} INFO - [2025-02-06T15:22:40.056+0000] {dag.py:3239} INFO - Sync 1 DAGs
[2025-02-06T15:22:40.071+0000] {logging_mixin.py:190} INFO - [2025-02-06T15:22:40.071+0000] {dag.py:4180} INFO - Setting next_dagrun for tutorial to 2025-02-05 00:00:00+00:00, run_after=2025-02-06 00:00:00+00:00
[2025-02-06T15:22:40.085+0000] {processor.py:208} INFO - Processing /home/airflow/.local/lib/python3.12/site-packages/airflow/example_dags/tutorial.py took 0.055 seconds
[2025-02-06T15:23:10.948+0000] {processor.py:186} INFO - Started process (PID=2823) to work on /home/airflow/.local/lib/python3.12/site-packages/airflow/example_dags/tutorial.py
[2025-02-06T15:23:10.949+0000] {processor.py:914} INFO - Processing file /home/airflow/.local/lib/python3.12/site-packages/airflow/example_dags/tutorial.py for tasks to queue
[2025-02-06T15:23:10.950+0000] {logging_mixin.py:190} INFO - [2025-02-06T15:23:10.950+0000] {dagbag.py:588} INFO - Filling up the DagBag from /home/airflow/.local/lib/python3.12/site-packages/airflow/example_dags/tutorial.py
[2025-02-06T15:23:10.955+0000] {processor.py:925} INFO - DAG(s) 'tutorial' retrieved from /home/airflow/.local/lib/python3.12/site-packages/airflow/example_dags/tutorial.py
[2025-02-06T15:23:10.970+0000] {logging_mixin.py:190} INFO - [2025-02-06T15:23:10.970+0000] {dag.py:3239} INFO - Sync 1 DAGs
[2025-02-06T15:23:10.986+0000] {logging_mixin.py:190} INFO - [2025-02-06T15:23:10.986+0000] {dag.py:4180} INFO - Setting next_dagrun for tutorial to 2025-02-05 00:00:00+00:00, run_after=2025-02-06 00:00:00+00:00
[2025-02-06T15:23:11.000+0000] {processor.py:208} INFO - Processing /home/airflow/.local/lib/python3.12/site-packages/airflow/example_dags/tutorial.py took 0.056 seconds
[2025-02-06T15:23:42.184+0000] {processor.py:186} INFO - Started process (PID=3129) to work on /home/airflow/.local/lib/python3.12/site-packages/airflow/example_dags/tutorial.py
[2025-02-06T15:23:42.185+0000] {processor.py:914} INFO - Processing file /home/airflow/.local/lib/python3.12/site-packages/airflow/example_dags/tutorial.py for tasks to queue
[2025-02-06T15:23:42.186+0000] {logging_mixin.py:190} INFO - [2025-02-06T15:23:42.186+0000] {dagbag.py:588} INFO - Filling up the DagBag from /home/airflow/.local/lib/python3.12/site-packages/airflow/example_dags/tutorial.py
[2025-02-06T15:23:42.192+0000] {processor.py:925} INFO - DAG(s) 'tutorial' retrieved from /home/airflow/.local/lib/python3.12/site-packages/airflow/example_dags/tutorial.py
[2025-02-06T15:23:42.208+0000] {logging_mixin.py:190} INFO - [2025-02-06T15:23:42.207+0000] {dag.py:3239} INFO - Sync 1 DAGs
[2025-02-06T15:23:42.226+0000] {logging_mixin.py:190} INFO - [2025-02-06T15:23:42.225+0000] {dag.py:4180} INFO - Setting next_dagrun for tutorial to 2025-02-05 00:00:00+00:00, run_after=2025-02-06 00:00:00+00:00
[2025-02-06T15:23:42.240+0000] {processor.py:208} INFO - Processing /home/airflow/.local/lib/python3.12/site-packages/airflow/example_dags/tutorial.py took 0.061 seconds
[2025-02-06T15:24:12.417+0000] {processor.py:186} INFO - Started process (PID=3435) to work on /home/airflow/.local/lib/python3.12/site-packages/airflow/example_dags/tutorial.py
[2025-02-06T15:24:12.419+0000] {processor.py:914} INFO - Processing file /home/airflow/.local/lib/python3.12/site-packages/airflow/example_dags/tutorial.py for tasks to queue
[2025-02-06T15:24:12.420+0000] {logging_mixin.py:190} INFO - [2025-02-06T15:24:12.420+0000] {dagbag.py:588} INFO - Filling up the DagBag from /home/airflow/.local/lib/python3.12/site-packages/airflow/example_dags/tutorial.py
[2025-02-06T15:24:12.426+0000] {processor.py:925} INFO - DAG(s) 'tutorial' retrieved from /home/airflow/.local/lib/python3.12/site-packages/airflow/example_dags/tutorial.py
[2025-02-06T15:24:12.442+0000] {logging_mixin.py:190} INFO - [2025-02-06T15:24:12.442+0000] {dag.py:3239} INFO - Sync 1 DAGs
[2025-02-06T15:24:12.462+0000] {logging_mixin.py:190} INFO - [2025-02-06T15:24:12.461+0000] {dag.py:4180} INFO - Setting next_dagrun for tutorial to 2025-02-05 00:00:00+00:00, run_after=2025-02-06 00:00:00+00:00
[2025-02-06T15:24:12.477+0000] {processor.py:208} INFO - Processing /home/airflow/.local/lib/python3.12/site-packages/airflow/example_dags/tutorial.py took 0.063 seconds
[2025-02-06T16:07:27.185+0000] {processor.py:157} INFO - Started process (PID=359) to work on /home/airflow/.local/lib/python3.8/site-packages/airflow/example_dags/tutorial.py
[2025-02-06T16:07:27.187+0000] {processor.py:829} INFO - Processing file /home/airflow/.local/lib/python3.8/site-packages/airflow/example_dags/tutorial.py for tasks to queue
[2025-02-06T16:07:27.187+0000] {logging_mixin.py:151} INFO - [2025-02-06T16:07:27.187+0000] {dagbag.py:539} INFO - Filling up the DagBag from /home/airflow/.local/lib/python3.8/site-packages/airflow/example_dags/tutorial.py
[2025-02-06T16:07:27.192+0000] {processor.py:839} INFO - DAG(s) dict_keys(['tutorial']) retrieved from /home/airflow/.local/lib/python3.8/site-packages/airflow/example_dags/tutorial.py
[2025-02-06T16:07:27.201+0000] {logging_mixin.py:151} INFO - [2025-02-06T16:07:27.201+0000] {dag.py:2915} INFO - Sync 1 DAGs
[2025-02-06T16:07:27.328+0000] {logging_mixin.py:151} INFO - [2025-02-06T16:07:27.327+0000] {dag.py:2937} INFO - Creating ORM DAG for tutorial
[2025-02-06T16:07:27.335+0000] {logging_mixin.py:151} INFO - [2025-02-06T16:07:27.335+0000] {dag.py:3696} INFO - Setting next_dagrun for tutorial to 2025-02-05T16:07:27.335288+00:00, run_after=2025-02-06T16:07:27.335288+00:00
[2025-02-06T16:07:27.348+0000] {processor.py:179} INFO - Processing /home/airflow/.local/lib/python3.8/site-packages/airflow/example_dags/tutorial.py took 0.164 seconds
[2025-02-06T16:07:59.294+0000] {processor.py:157} INFO - Started process (PID=624) to work on /home/airflow/.local/lib/python3.8/site-packages/airflow/example_dags/tutorial.py
[2025-02-06T16:07:59.294+0000] {processor.py:829} INFO - Processing file /home/airflow/.local/lib/python3.8/site-packages/airflow/example_dags/tutorial.py for tasks to queue
[2025-02-06T16:07:59.295+0000] {logging_mixin.py:151} INFO - [2025-02-06T16:07:59.295+0000] {dagbag.py:539} INFO - Filling up the DagBag from /home/airflow/.local/lib/python3.8/site-packages/airflow/example_dags/tutorial.py
[2025-02-06T16:07:59.300+0000] {processor.py:839} INFO - DAG(s) dict_keys(['tutorial']) retrieved from /home/airflow/.local/lib/python3.8/site-packages/airflow/example_dags/tutorial.py
[2025-02-06T16:07:59.310+0000] {logging_mixin.py:151} INFO - [2025-02-06T16:07:59.310+0000] {dag.py:2915} INFO - Sync 1 DAGs
[2025-02-06T16:07:59.327+0000] {logging_mixin.py:151} INFO - [2025-02-06T16:07:59.327+0000] {dag.py:3696} INFO - Setting next_dagrun for tutorial to 2025-02-05T16:07:59.326986+00:00, run_after=2025-02-06T16:07:59.326986+00:00
[2025-02-06T16:07:59.342+0000] {processor.py:179} INFO - Processing /home/airflow/.local/lib/python3.8/site-packages/airflow/example_dags/tutorial.py took 0.050 seconds
[2025-02-06T16:08:31.791+0000] {processor.py:157} INFO - Started process (PID=891) to work on /home/airflow/.local/lib/python3.8/site-packages/airflow/example_dags/tutorial.py
[2025-02-06T16:08:31.792+0000] {processor.py:829} INFO - Processing file /home/airflow/.local/lib/python3.8/site-packages/airflow/example_dags/tutorial.py for tasks to queue
[2025-02-06T16:08:31.793+0000] {logging_mixin.py:151} INFO - [2025-02-06T16:08:31.793+0000] {dagbag.py:539} INFO - Filling up the DagBag from /home/airflow/.local/lib/python3.8/site-packages/airflow/example_dags/tutorial.py
[2025-02-06T16:08:31.798+0000] {processor.py:839} INFO - DAG(s) dict_keys(['tutorial']) retrieved from /home/airflow/.local/lib/python3.8/site-packages/airflow/example_dags/tutorial.py
[2025-02-06T16:08:31.814+0000] {logging_mixin.py:151} INFO - [2025-02-06T16:08:31.814+0000] {dag.py:2915} INFO - Sync 1 DAGs
[2025-02-06T16:08:31.833+0000] {logging_mixin.py:151} INFO - [2025-02-06T16:08:31.833+0000] {dag.py:3696} INFO - Setting next_dagrun for tutorial to 2025-02-05T16:08:31.832831+00:00, run_after=2025-02-06T16:08:31.832831+00:00
[2025-02-06T16:08:31.847+0000] {processor.py:179} INFO - Processing /home/airflow/.local/lib/python3.8/site-packages/airflow/example_dags/tutorial.py took 0.058 seconds
[2025-02-06T16:09:04.474+0000] {processor.py:157} INFO - Started process (PID=1152) to work on /home/airflow/.local/lib/python3.8/site-packages/airflow/example_dags/tutorial.py
[2025-02-06T16:09:04.475+0000] {processor.py:829} INFO - Processing file /home/airflow/.local/lib/python3.8/site-packages/airflow/example_dags/tutorial.py for tasks to queue
[2025-02-06T16:09:04.476+0000] {logging_mixin.py:151} INFO - [2025-02-06T16:09:04.476+0000] {dagbag.py:539} INFO - Filling up the DagBag from /home/airflow/.local/lib/python3.8/site-packages/airflow/example_dags/tutorial.py
[2025-02-06T16:09:04.483+0000] {processor.py:839} INFO - DAG(s) dict_keys(['tutorial']) retrieved from /home/airflow/.local/lib/python3.8/site-packages/airflow/example_dags/tutorial.py
[2025-02-06T16:09:04.514+0000] {logging_mixin.py:151} INFO - [2025-02-06T16:09:04.513+0000] {dag.py:2915} INFO - Sync 1 DAGs
[2025-02-06T16:09:04.538+0000] {logging_mixin.py:151} INFO - [2025-02-06T16:09:04.538+0000] {dag.py:3696} INFO - Setting next_dagrun for tutorial to 2025-02-05T16:09:04.537866+00:00, run_after=2025-02-06T16:09:04.537866+00:00
[2025-02-06T16:09:04.561+0000] {processor.py:179} INFO - Processing /home/airflow/.local/lib/python3.8/site-packages/airflow/example_dags/tutorial.py took 0.090 seconds
[2025-02-06T16:09:38.036+0000] {processor.py:157} INFO - Started process (PID=1413) to work on /home/airflow/.local/lib/python3.8/site-packages/airflow/example_dags/tutorial.py
[2025-02-06T16:09:38.037+0000] {processor.py:829} INFO - Processing file /home/airflow/.local/lib/python3.8/site-packages/airflow/example_dags/tutorial.py for tasks to queue
[2025-02-06T16:09:38.038+0000] {logging_mixin.py:151} INFO - [2025-02-06T16:09:38.038+0000] {dagbag.py:539} INFO - Filling up the DagBag from /home/airflow/.local/lib/python3.8/site-packages/airflow/example_dags/tutorial.py
[2025-02-06T16:09:38.044+0000] {processor.py:839} INFO - DAG(s) dict_keys(['tutorial']) retrieved from /home/airflow/.local/lib/python3.8/site-packages/airflow/example_dags/tutorial.py
[2025-02-06T16:09:38.060+0000] {logging_mixin.py:151} INFO - [2025-02-06T16:09:38.060+0000] {dag.py:2915} INFO - Sync 1 DAGs
[2025-02-06T16:09:38.077+0000] {logging_mixin.py:151} INFO - [2025-02-06T16:09:38.077+0000] {dag.py:3696} INFO - Setting next_dagrun for tutorial to 2025-02-05T16:09:38.076895+00:00, run_after=2025-02-06T16:09:38.076895+00:00
[2025-02-06T16:09:38.092+0000] {processor.py:179} INFO - Processing /home/airflow/.local/lib/python3.8/site-packages/airflow/example_dags/tutorial.py took 0.058 seconds
[2025-02-06T16:10:10.410+0000] {processor.py:157} INFO - Started process (PID=1674) to work on /home/airflow/.local/lib/python3.8/site-packages/airflow/example_dags/tutorial.py
[2025-02-06T16:10:10.411+0000] {processor.py:829} INFO - Processing file /home/airflow/.local/lib/python3.8/site-packages/airflow/example_dags/tutorial.py for tasks to queue
[2025-02-06T16:10:10.412+0000] {logging_mixin.py:151} INFO - [2025-02-06T16:10:10.411+0000] {dagbag.py:539} INFO - Filling up the DagBag from /home/airflow/.local/lib/python3.8/site-packages/airflow/example_dags/tutorial.py
[2025-02-06T16:10:10.417+0000] {processor.py:839} INFO - DAG(s) dict_keys(['tutorial']) retrieved from /home/airflow/.local/lib/python3.8/site-packages/airflow/example_dags/tutorial.py
[2025-02-06T16:10:10.433+0000] {logging_mixin.py:151} INFO - [2025-02-06T16:10:10.433+0000] {dag.py:2915} INFO - Sync 1 DAGs
[2025-02-06T16:10:10.450+0000] {logging_mixin.py:151} INFO - [2025-02-06T16:10:10.450+0000] {dag.py:3696} INFO - Setting next_dagrun for tutorial to 2025-02-05T16:10:10.450508+00:00, run_after=2025-02-06T16:10:10.450508+00:00
[2025-02-06T16:10:10.464+0000] {processor.py:179} INFO - Processing /home/airflow/.local/lib/python3.8/site-packages/airflow/example_dags/tutorial.py took 0.057 seconds
[2025-02-06T16:10:43.200+0000] {processor.py:157} INFO - Started process (PID=1935) to work on /home/airflow/.local/lib/python3.8/site-packages/airflow/example_dags/tutorial.py
[2025-02-06T16:10:43.201+0000] {processor.py:829} INFO - Processing file /home/airflow/.local/lib/python3.8/site-packages/airflow/example_dags/tutorial.py for tasks to queue
[2025-02-06T16:10:43.201+0000] {logging_mixin.py:151} INFO - [2025-02-06T16:10:43.201+0000] {dagbag.py:539} INFO - Filling up the DagBag from /home/airflow/.local/lib/python3.8/site-packages/airflow/example_dags/tutorial.py
[2025-02-06T16:10:43.208+0000] {processor.py:839} INFO - DAG(s) dict_keys(['tutorial']) retrieved from /home/airflow/.local/lib/python3.8/site-packages/airflow/example_dags/tutorial.py
[2025-02-06T16:10:43.226+0000] {logging_mixin.py:151} INFO - [2025-02-06T16:10:43.225+0000] {dag.py:2915} INFO - Sync 1 DAGs
[2025-02-06T16:10:43.246+0000] {logging_mixin.py:151} INFO - [2025-02-06T16:10:43.246+0000] {dag.py:3696} INFO - Setting next_dagrun for tutorial to 2025-02-05T16:10:43.246068+00:00, run_after=2025-02-06T16:10:43.246068+00:00
[2025-02-06T16:10:43.262+0000] {processor.py:179} INFO - Processing /home/airflow/.local/lib/python3.8/site-packages/airflow/example_dags/tutorial.py took 0.065 seconds
[2025-02-06T16:11:15.835+0000] {processor.py:157} INFO - Started process (PID=2196) to work on /home/airflow/.local/lib/python3.8/site-packages/airflow/example_dags/tutorial.py
[2025-02-06T16:11:15.836+0000] {processor.py:829} INFO - Processing file /home/airflow/.local/lib/python3.8/site-packages/airflow/example_dags/tutorial.py for tasks to queue
[2025-02-06T16:11:15.836+0000] {logging_mixin.py:151} INFO - [2025-02-06T16:11:15.836+0000] {dagbag.py:539} INFO - Filling up the DagBag from /home/airflow/.local/lib/python3.8/site-packages/airflow/example_dags/tutorial.py
[2025-02-06T16:11:15.842+0000] {processor.py:839} INFO - DAG(s) dict_keys(['tutorial']) retrieved from /home/airflow/.local/lib/python3.8/site-packages/airflow/example_dags/tutorial.py
[2025-02-06T16:11:15.858+0000] {logging_mixin.py:151} INFO - [2025-02-06T16:11:15.858+0000] {dag.py:2915} INFO - Sync 1 DAGs
[2025-02-06T16:11:15.876+0000] {logging_mixin.py:151} INFO - [2025-02-06T16:11:15.876+0000] {dag.py:3696} INFO - Setting next_dagrun for tutorial to 2025-02-05T16:11:15.875756+00:00, run_after=2025-02-06T16:11:15.875756+00:00
[2025-02-06T16:11:15.892+0000] {processor.py:179} INFO - Processing /home/airflow/.local/lib/python3.8/site-packages/airflow/example_dags/tutorial.py took 0.060 seconds
[2025-02-06T16:11:48.738+0000] {processor.py:157} INFO - Started process (PID=2457) to work on /home/airflow/.local/lib/python3.8/site-packages/airflow/example_dags/tutorial.py
[2025-02-06T16:11:48.739+0000] {processor.py:829} INFO - Processing file /home/airflow/.local/lib/python3.8/site-packages/airflow/example_dags/tutorial.py for tasks to queue
[2025-02-06T16:11:48.740+0000] {logging_mixin.py:151} INFO - [2025-02-06T16:11:48.740+0000] {dagbag.py:539} INFO - Filling up the DagBag from /home/airflow/.local/lib/python3.8/site-packages/airflow/example_dags/tutorial.py
[2025-02-06T16:11:48.747+0000] {processor.py:839} INFO - DAG(s) dict_keys(['tutorial']) retrieved from /home/airflow/.local/lib/python3.8/site-packages/airflow/example_dags/tutorial.py
[2025-02-06T16:11:48.767+0000] {logging_mixin.py:151} INFO - [2025-02-06T16:11:48.766+0000] {dag.py:2915} INFO - Sync 1 DAGs
[2025-02-06T16:11:48.786+0000] {logging_mixin.py:151} INFO - [2025-02-06T16:11:48.786+0000] {dag.py:3696} INFO - Setting next_dagrun for tutorial to 2025-02-05T16:11:48.786550+00:00, run_after=2025-02-06T16:11:48.786550+00:00
[2025-02-06T16:11:48.802+0000] {processor.py:179} INFO - Processing /home/airflow/.local/lib/python3.8/site-packages/airflow/example_dags/tutorial.py took 0.067 seconds
[2025-02-06T16:12:22.149+0000] {processor.py:157} INFO - Started process (PID=2718) to work on /home/airflow/.local/lib/python3.8/site-packages/airflow/example_dags/tutorial.py
[2025-02-06T16:12:22.150+0000] {processor.py:829} INFO - Processing file /home/airflow/.local/lib/python3.8/site-packages/airflow/example_dags/tutorial.py for tasks to queue
[2025-02-06T16:12:22.151+0000] {logging_mixin.py:151} INFO - [2025-02-06T16:12:22.151+0000] {dagbag.py:539} INFO - Filling up the DagBag from /home/airflow/.local/lib/python3.8/site-packages/airflow/example_dags/tutorial.py
[2025-02-06T16:12:22.156+0000] {processor.py:839} INFO - DAG(s) dict_keys(['tutorial']) retrieved from /home/airflow/.local/lib/python3.8/site-packages/airflow/example_dags/tutorial.py
[2025-02-06T16:12:22.173+0000] {logging_mixin.py:151} INFO - [2025-02-06T16:12:22.173+0000] {dag.py:2915} INFO - Sync 1 DAGs
[2025-02-06T16:12:22.191+0000] {logging_mixin.py:151} INFO - [2025-02-06T16:12:22.191+0000] {dag.py:3696} INFO - Setting next_dagrun for tutorial to 2025-02-05T16:12:22.191362+00:00, run_after=2025-02-06T16:12:22.191362+00:00
[2025-02-06T16:12:22.206+0000] {processor.py:179} INFO - Processing /home/airflow/.local/lib/python3.8/site-packages/airflow/example_dags/tutorial.py took 0.060 seconds
[2025-02-06T16:12:54.381+0000] {processor.py:157} INFO - Started process (PID=2986) to work on /home/airflow/.local/lib/python3.8/site-packages/airflow/example_dags/tutorial.py
[2025-02-06T16:12:54.382+0000] {processor.py:829} INFO - Processing file /home/airflow/.local/lib/python3.8/site-packages/airflow/example_dags/tutorial.py for tasks to queue
[2025-02-06T16:12:54.382+0000] {logging_mixin.py:151} INFO - [2025-02-06T16:12:54.382+0000] {dagbag.py:539} INFO - Filling up the DagBag from /home/airflow/.local/lib/python3.8/site-packages/airflow/example_dags/tutorial.py
[2025-02-06T16:12:54.389+0000] {processor.py:839} INFO - DAG(s) dict_keys(['tutorial']) retrieved from /home/airflow/.local/lib/python3.8/site-packages/airflow/example_dags/tutorial.py
[2025-02-06T16:12:54.409+0000] {logging_mixin.py:151} INFO - [2025-02-06T16:12:54.409+0000] {dag.py:2915} INFO - Sync 1 DAGs
[2025-02-06T16:12:54.432+0000] {logging_mixin.py:151} INFO - [2025-02-06T16:12:54.432+0000] {dag.py:3696} INFO - Setting next_dagrun for tutorial to 2025-02-05T16:12:54.431966+00:00, run_after=2025-02-06T16:12:54.431966+00:00
[2025-02-06T16:12:54.450+0000] {processor.py:179} INFO - Processing /home/airflow/.local/lib/python3.8/site-packages/airflow/example_dags/tutorial.py took 0.072 seconds
[2025-02-06T16:13:26.968+0000] {processor.py:157} INFO - Started process (PID=3245) to work on /home/airflow/.local/lib/python3.8/site-packages/airflow/example_dags/tutorial.py
[2025-02-06T16:13:26.970+0000] {processor.py:829} INFO - Processing file /home/airflow/.local/lib/python3.8/site-packages/airflow/example_dags/tutorial.py for tasks to queue
[2025-02-06T16:13:26.971+0000] {logging_mixin.py:151} INFO - [2025-02-06T16:13:26.971+0000] {dagbag.py:539} INFO - Filling up the DagBag from /home/airflow/.local/lib/python3.8/site-packages/airflow/example_dags/tutorial.py
[2025-02-06T16:13:26.977+0000] {processor.py:839} INFO - DAG(s) dict_keys(['tutorial']) retrieved from /home/airflow/.local/lib/python3.8/site-packages/airflow/example_dags/tutorial.py
[2025-02-06T16:13:26.995+0000] {logging_mixin.py:151} INFO - [2025-02-06T16:13:26.995+0000] {dag.py:2915} INFO - Sync 1 DAGs
[2025-02-06T16:13:27.013+0000] {logging_mixin.py:151} INFO - [2025-02-06T16:13:27.013+0000] {dag.py:3696} INFO - Setting next_dagrun for tutorial to 2025-02-05T16:13:27.013078+00:00, run_after=2025-02-06T16:13:27.013078+00:00
[2025-02-06T16:13:27.029+0000] {processor.py:179} INFO - Processing /home/airflow/.local/lib/python3.8/site-packages/airflow/example_dags/tutorial.py took 0.063 seconds
[2025-02-06T16:14:00.092+0000] {processor.py:157} INFO - Started process (PID=3506) to work on /home/airflow/.local/lib/python3.8/site-packages/airflow/example_dags/tutorial.py
[2025-02-06T16:14:00.093+0000] {processor.py:829} INFO - Processing file /home/airflow/.local/lib/python3.8/site-packages/airflow/example_dags/tutorial.py for tasks to queue
[2025-02-06T16:14:00.094+0000] {logging_mixin.py:151} INFO - [2025-02-06T16:14:00.093+0000] {dagbag.py:539} INFO - Filling up the DagBag from /home/airflow/.local/lib/python3.8/site-packages/airflow/example_dags/tutorial.py
[2025-02-06T16:14:00.100+0000] {processor.py:839} INFO - DAG(s) dict_keys(['tutorial']) retrieved from /home/airflow/.local/lib/python3.8/site-packages/airflow/example_dags/tutorial.py
[2025-02-06T16:14:00.119+0000] {logging_mixin.py:151} INFO - [2025-02-06T16:14:00.119+0000] {dag.py:2915} INFO - Sync 1 DAGs
[2025-02-06T16:14:00.138+0000] {logging_mixin.py:151} INFO - [2025-02-06T16:14:00.138+0000] {dag.py:3696} INFO - Setting next_dagrun for tutorial to 2025-02-05T16:14:00.138072+00:00, run_after=2025-02-06T16:14:00.138072+00:00
[2025-02-06T16:14:00.156+0000] {processor.py:179} INFO - Processing /home/airflow/.local/lib/python3.8/site-packages/airflow/example_dags/tutorial.py took 0.066 seconds
[2025-02-06T16:14:32.456+0000] {processor.py:157} INFO - Started process (PID=3767) to work on /home/airflow/.local/lib/python3.8/site-packages/airflow/example_dags/tutorial.py
[2025-02-06T16:14:32.457+0000] {processor.py:829} INFO - Processing file /home/airflow/.local/lib/python3.8/site-packages/airflow/example_dags/tutorial.py for tasks to queue
[2025-02-06T16:14:32.457+0000] {logging_mixin.py:151} INFO - [2025-02-06T16:14:32.457+0000] {dagbag.py:539} INFO - Filling up the DagBag from /home/airflow/.local/lib/python3.8/site-packages/airflow/example_dags/tutorial.py
[2025-02-06T16:14:32.463+0000] {processor.py:839} INFO - DAG(s) dict_keys(['tutorial']) retrieved from /home/airflow/.local/lib/python3.8/site-packages/airflow/example_dags/tutorial.py
[2025-02-06T16:14:32.481+0000] {logging_mixin.py:151} INFO - [2025-02-06T16:14:32.481+0000] {dag.py:2915} INFO - Sync 1 DAGs
[2025-02-06T16:14:32.498+0000] {logging_mixin.py:151} INFO - [2025-02-06T16:14:32.498+0000] {dag.py:3696} INFO - Setting next_dagrun for tutorial to 2025-02-05T16:14:32.498014+00:00, run_after=2025-02-06T16:14:32.498014+00:00
[2025-02-06T16:14:32.513+0000] {processor.py:179} INFO - Processing /home/airflow/.local/lib/python3.8/site-packages/airflow/example_dags/tutorial.py took 0.060 seconds
[2025-02-06T16:15:06.112+0000] {processor.py:157} INFO - Started process (PID=4045) to work on /home/airflow/.local/lib/python3.8/site-packages/airflow/example_dags/tutorial.py
[2025-02-06T16:15:06.113+0000] {processor.py:829} INFO - Processing file /home/airflow/.local/lib/python3.8/site-packages/airflow/example_dags/tutorial.py for tasks to queue
[2025-02-06T16:15:06.113+0000] {logging_mixin.py:151} INFO - [2025-02-06T16:15:06.113+0000] {dagbag.py:539} INFO - Filling up the DagBag from /home/airflow/.local/lib/python3.8/site-packages/airflow/example_dags/tutorial.py
[2025-02-06T16:15:06.119+0000] {processor.py:839} INFO - DAG(s) dict_keys(['tutorial']) retrieved from /home/airflow/.local/lib/python3.8/site-packages/airflow/example_dags/tutorial.py
[2025-02-06T16:15:06.135+0000] {logging_mixin.py:151} INFO - [2025-02-06T16:15:06.135+0000] {dag.py:2915} INFO - Sync 1 DAGs
[2025-02-06T16:15:06.151+0000] {logging_mixin.py:151} INFO - [2025-02-06T16:15:06.151+0000] {dag.py:3696} INFO - Setting next_dagrun for tutorial to 2025-02-05T16:15:06.151542+00:00, run_after=2025-02-06T16:15:06.151542+00:00
[2025-02-06T16:15:06.165+0000] {processor.py:179} INFO - Processing /home/airflow/.local/lib/python3.8/site-packages/airflow/example_dags/tutorial.py took 0.056 seconds
[2025-02-06T16:15:38.755+0000] {processor.py:157} INFO - Started process (PID=4306) to work on /home/airflow/.local/lib/python3.8/site-packages/airflow/example_dags/tutorial.py
[2025-02-06T16:15:38.756+0000] {processor.py:829} INFO - Processing file /home/airflow/.local/lib/python3.8/site-packages/airflow/example_dags/tutorial.py for tasks to queue
[2025-02-06T16:15:38.757+0000] {logging_mixin.py:151} INFO - [2025-02-06T16:15:38.757+0000] {dagbag.py:539} INFO - Filling up the DagBag from /home/airflow/.local/lib/python3.8/site-packages/airflow/example_dags/tutorial.py
[2025-02-06T16:15:38.764+0000] {processor.py:839} INFO - DAG(s) dict_keys(['tutorial']) retrieved from /home/airflow/.local/lib/python3.8/site-packages/airflow/example_dags/tutorial.py
[2025-02-06T16:15:38.782+0000] {logging_mixin.py:151} INFO - [2025-02-06T16:15:38.781+0000] {dag.py:2915} INFO - Sync 1 DAGs
[2025-02-06T16:15:38.798+0000] {logging_mixin.py:151} INFO - [2025-02-06T16:15:38.798+0000] {dag.py:3696} INFO - Setting next_dagrun for tutorial to 2025-02-05T16:15:38.798327+00:00, run_after=2025-02-06T16:15:38.798327+00:00
[2025-02-06T16:15:38.814+0000] {processor.py:179} INFO - Processing /home/airflow/.local/lib/python3.8/site-packages/airflow/example_dags/tutorial.py took 0.061 seconds
[2025-02-06T16:16:11.451+0000] {processor.py:157} INFO - Started process (PID=4572) to work on /home/airflow/.local/lib/python3.8/site-packages/airflow/example_dags/tutorial.py
[2025-02-06T16:16:11.453+0000] {processor.py:829} INFO - Processing file /home/airflow/.local/lib/python3.8/site-packages/airflow/example_dags/tutorial.py for tasks to queue
[2025-02-06T16:16:11.453+0000] {logging_mixin.py:151} INFO - [2025-02-06T16:16:11.453+0000] {dagbag.py:539} INFO - Filling up the DagBag from /home/airflow/.local/lib/python3.8/site-packages/airflow/example_dags/tutorial.py
[2025-02-06T16:16:11.460+0000] {processor.py:839} INFO - DAG(s) dict_keys(['tutorial']) retrieved from /home/airflow/.local/lib/python3.8/site-packages/airflow/example_dags/tutorial.py
[2025-02-06T16:16:11.479+0000] {logging_mixin.py:151} INFO - [2025-02-06T16:16:11.479+0000] {dag.py:2915} INFO - Sync 1 DAGs
[2025-02-06T16:16:11.500+0000] {logging_mixin.py:151} INFO - [2025-02-06T16:16:11.500+0000] {dag.py:3696} INFO - Setting next_dagrun for tutorial to 2025-02-05T16:16:11.499831+00:00, run_after=2025-02-06T16:16:11.499831+00:00
[2025-02-06T16:16:11.519+0000] {processor.py:179} INFO - Processing /home/airflow/.local/lib/python3.8/site-packages/airflow/example_dags/tutorial.py took 0.070 seconds
[2025-02-06T16:16:45.341+0000] {processor.py:157} INFO - Started process (PID=4884) to work on /home/airflow/.local/lib/python3.8/site-packages/airflow/example_dags/tutorial.py
[2025-02-06T16:16:45.342+0000] {processor.py:829} INFO - Processing file /home/airflow/.local/lib/python3.8/site-packages/airflow/example_dags/tutorial.py for tasks to queue
[2025-02-06T16:16:45.343+0000] {logging_mixin.py:151} INFO - [2025-02-06T16:16:45.343+0000] {dagbag.py:539} INFO - Filling up the DagBag from /home/airflow/.local/lib/python3.8/site-packages/airflow/example_dags/tutorial.py
[2025-02-06T16:16:45.348+0000] {processor.py:839} INFO - DAG(s) dict_keys(['tutorial']) retrieved from /home/airflow/.local/lib/python3.8/site-packages/airflow/example_dags/tutorial.py
[2025-02-06T16:16:45.365+0000] {logging_mixin.py:151} INFO - [2025-02-06T16:16:45.365+0000] {dag.py:2915} INFO - Sync 1 DAGs
[2025-02-06T16:16:45.382+0000] {logging_mixin.py:151} INFO - [2025-02-06T16:16:45.381+0000] {dag.py:3696} INFO - Setting next_dagrun for tutorial to 2025-02-05T16:16:45.381788+00:00, run_after=2025-02-06T16:16:45.381788+00:00
[2025-02-06T16:16:45.396+0000] {processor.py:179} INFO - Processing /home/airflow/.local/lib/python3.8/site-packages/airflow/example_dags/tutorial.py took 0.057 seconds
[2025-02-06T16:17:18.004+0000] {processor.py:157} INFO - Started process (PID=5150) to work on /home/airflow/.local/lib/python3.8/site-packages/airflow/example_dags/tutorial.py
[2025-02-06T16:17:18.005+0000] {processor.py:829} INFO - Processing file /home/airflow/.local/lib/python3.8/site-packages/airflow/example_dags/tutorial.py for tasks to queue
[2025-02-06T16:17:18.006+0000] {logging_mixin.py:151} INFO - [2025-02-06T16:17:18.006+0000] {dagbag.py:539} INFO - Filling up the DagBag from /home/airflow/.local/lib/python3.8/site-packages/airflow/example_dags/tutorial.py
[2025-02-06T16:17:18.017+0000] {processor.py:839} INFO - DAG(s) dict_keys(['tutorial']) retrieved from /home/airflow/.local/lib/python3.8/site-packages/airflow/example_dags/tutorial.py
[2025-02-06T16:17:18.055+0000] {logging_mixin.py:151} INFO - [2025-02-06T16:17:18.054+0000] {dag.py:2915} INFO - Sync 1 DAGs
[2025-02-06T16:17:18.084+0000] {logging_mixin.py:151} INFO - [2025-02-06T16:17:18.083+0000] {dag.py:3696} INFO - Setting next_dagrun for tutorial to 2025-02-05T16:17:18.083471+00:00, run_after=2025-02-06T16:17:18.083471+00:00
[2025-02-06T16:17:18.107+0000] {processor.py:179} INFO - Processing /home/airflow/.local/lib/python3.8/site-packages/airflow/example_dags/tutorial.py took 0.107 seconds
[2025-02-06T16:17:50.266+0000] {processor.py:157} INFO - Started process (PID=5411) to work on /home/airflow/.local/lib/python3.8/site-packages/airflow/example_dags/tutorial.py
[2025-02-06T16:17:50.268+0000] {processor.py:829} INFO - Processing file /home/airflow/.local/lib/python3.8/site-packages/airflow/example_dags/tutorial.py for tasks to queue
[2025-02-06T16:17:50.268+0000] {logging_mixin.py:151} INFO - [2025-02-06T16:17:50.268+0000] {dagbag.py:539} INFO - Filling up the DagBag from /home/airflow/.local/lib/python3.8/site-packages/airflow/example_dags/tutorial.py
[2025-02-06T16:17:50.273+0000] {processor.py:839} INFO - DAG(s) dict_keys(['tutorial']) retrieved from /home/airflow/.local/lib/python3.8/site-packages/airflow/example_dags/tutorial.py
[2025-02-06T16:17:50.290+0000] {logging_mixin.py:151} INFO - [2025-02-06T16:17:50.290+0000] {dag.py:2915} INFO - Sync 1 DAGs
[2025-02-06T16:17:50.310+0000] {logging_mixin.py:151} INFO - [2025-02-06T16:17:50.310+0000] {dag.py:3696} INFO - Setting next_dagrun for tutorial to 2025-02-05T16:17:50.310165+00:00, run_after=2025-02-06T16:17:50.310165+00:00
[2025-02-06T16:17:50.325+0000] {processor.py:179} INFO - Processing /home/airflow/.local/lib/python3.8/site-packages/airflow/example_dags/tutorial.py took 0.061 seconds
[2025-02-06T16:18:23.081+0000] {processor.py:157} INFO - Started process (PID=5672) to work on /home/airflow/.local/lib/python3.8/site-packages/airflow/example_dags/tutorial.py
[2025-02-06T16:18:23.082+0000] {processor.py:829} INFO - Processing file /home/airflow/.local/lib/python3.8/site-packages/airflow/example_dags/tutorial.py for tasks to queue
[2025-02-06T16:18:23.083+0000] {logging_mixin.py:151} INFO - [2025-02-06T16:18:23.082+0000] {dagbag.py:539} INFO - Filling up the DagBag from /home/airflow/.local/lib/python3.8/site-packages/airflow/example_dags/tutorial.py
[2025-02-06T16:18:23.089+0000] {processor.py:839} INFO - DAG(s) dict_keys(['tutorial']) retrieved from /home/airflow/.local/lib/python3.8/site-packages/airflow/example_dags/tutorial.py
[2025-02-06T16:18:23.107+0000] {logging_mixin.py:151} INFO - [2025-02-06T16:18:23.107+0000] {dag.py:2915} INFO - Sync 1 DAGs
[2025-02-06T16:18:23.125+0000] {logging_mixin.py:151} INFO - [2025-02-06T16:18:23.125+0000] {dag.py:3696} INFO - Setting next_dagrun for tutorial to 2025-02-05T16:18:23.125573+00:00, run_after=2025-02-06T16:18:23.125573+00:00
[2025-02-06T16:18:23.141+0000] {processor.py:179} INFO - Processing /home/airflow/.local/lib/python3.8/site-packages/airflow/example_dags/tutorial.py took 0.062 seconds
[2025-02-06T16:18:55.713+0000] {processor.py:157} INFO - Started process (PID=5933) to work on /home/airflow/.local/lib/python3.8/site-packages/airflow/example_dags/tutorial.py
[2025-02-06T16:18:55.714+0000] {processor.py:829} INFO - Processing file /home/airflow/.local/lib/python3.8/site-packages/airflow/example_dags/tutorial.py for tasks to queue
[2025-02-06T16:18:55.715+0000] {logging_mixin.py:151} INFO - [2025-02-06T16:18:55.714+0000] {dagbag.py:539} INFO - Filling up the DagBag from /home/airflow/.local/lib/python3.8/site-packages/airflow/example_dags/tutorial.py
[2025-02-06T16:18:55.720+0000] {processor.py:839} INFO - DAG(s) dict_keys(['tutorial']) retrieved from /home/airflow/.local/lib/python3.8/site-packages/airflow/example_dags/tutorial.py
[2025-02-06T16:18:55.737+0000] {logging_mixin.py:151} INFO - [2025-02-06T16:18:55.737+0000] {dag.py:2915} INFO - Sync 1 DAGs
[2025-02-06T16:18:55.756+0000] {logging_mixin.py:151} INFO - [2025-02-06T16:18:55.756+0000] {dag.py:3696} INFO - Setting next_dagrun for tutorial to 2025-02-05T16:18:55.756282+00:00, run_after=2025-02-06T16:18:55.756282+00:00
[2025-02-06T16:18:55.775+0000] {processor.py:179} INFO - Processing /home/airflow/.local/lib/python3.8/site-packages/airflow/example_dags/tutorial.py took 0.064 seconds
