[2025-02-06T15:19:03.476+0000] {processor.py:186} INFO - Started process (PID=231) to work on /home/airflow/.local/lib/python3.12/site-packages/airflow/example_dags/tutorial_taskflow_api.py
[2025-02-06T15:19:03.476+0000] {processor.py:914} INFO - Processing file /home/airflow/.local/lib/python3.12/site-packages/airflow/example_dags/tutorial_taskflow_api.py for tasks to queue
[2025-02-06T15:19:03.478+0000] {logging_mixin.py:190} INFO - [2025-02-06T15:19:03.478+0000] {dagbag.py:588} INFO - Filling up the DagBag from /home/airflow/.local/lib/python3.12/site-packages/airflow/example_dags/tutorial_taskflow_api.py
[2025-02-06T15:19:03.489+0000] {processor.py:925} INFO - DAG(s) 'tutorial_taskflow_api' retrieved from /home/airflow/.local/lib/python3.12/site-packages/airflow/example_dags/tutorial_taskflow_api.py
[2025-02-06T15:19:03.517+0000] {logging_mixin.py:190} INFO - [2025-02-06T15:19:03.516+0000] {dag.py:3239} INFO - Sync 1 DAGs
[2025-02-06T15:19:03.530+0000] {logging_mixin.py:190} INFO - [2025-02-06T15:19:03.530+0000] {dag.py:4180} INFO - Setting next_dagrun for tutorial_taskflow_api to None, run_after=None
[2025-02-06T15:19:03.547+0000] {processor.py:208} INFO - Processing /home/airflow/.local/lib/python3.12/site-packages/airflow/example_dags/tutorial_taskflow_api.py took 0.076 seconds
[2025-02-06T15:19:34.253+0000] {processor.py:186} INFO - Started process (PID=533) to work on /home/airflow/.local/lib/python3.12/site-packages/airflow/example_dags/tutorial_taskflow_api.py
[2025-02-06T15:19:34.253+0000] {processor.py:914} INFO - Processing file /home/airflow/.local/lib/python3.12/site-packages/airflow/example_dags/tutorial_taskflow_api.py for tasks to queue
[2025-02-06T15:19:34.255+0000] {logging_mixin.py:190} INFO - [2025-02-06T15:19:34.254+0000] {dagbag.py:588} INFO - Filling up the DagBag from /home/airflow/.local/lib/python3.12/site-packages/airflow/example_dags/tutorial_taskflow_api.py
[2025-02-06T15:19:34.261+0000] {processor.py:925} INFO - DAG(s) 'tutorial_taskflow_api' retrieved from /home/airflow/.local/lib/python3.12/site-packages/airflow/example_dags/tutorial_taskflow_api.py
[2025-02-06T15:19:34.275+0000] {logging_mixin.py:190} INFO - [2025-02-06T15:19:34.275+0000] {dag.py:3239} INFO - Sync 1 DAGs
[2025-02-06T15:19:34.286+0000] {logging_mixin.py:190} INFO - [2025-02-06T15:19:34.286+0000] {dag.py:4180} INFO - Setting next_dagrun for tutorial_taskflow_api to None, run_after=None
[2025-02-06T15:19:34.299+0000] {processor.py:208} INFO - Processing /home/airflow/.local/lib/python3.12/site-packages/airflow/example_dags/tutorial_taskflow_api.py took 0.050 seconds
[2025-02-06T15:20:04.334+0000] {processor.py:186} INFO - Started process (PID=839) to work on /home/airflow/.local/lib/python3.12/site-packages/airflow/example_dags/tutorial_taskflow_api.py
[2025-02-06T15:20:04.335+0000] {processor.py:914} INFO - Processing file /home/airflow/.local/lib/python3.12/site-packages/airflow/example_dags/tutorial_taskflow_api.py for tasks to queue
[2025-02-06T15:20:04.338+0000] {logging_mixin.py:190} INFO - [2025-02-06T15:20:04.337+0000] {dagbag.py:588} INFO - Filling up the DagBag from /home/airflow/.local/lib/python3.12/site-packages/airflow/example_dags/tutorial_taskflow_api.py
[2025-02-06T15:20:04.343+0000] {processor.py:925} INFO - DAG(s) 'tutorial_taskflow_api' retrieved from /home/airflow/.local/lib/python3.12/site-packages/airflow/example_dags/tutorial_taskflow_api.py
[2025-02-06T15:20:04.357+0000] {logging_mixin.py:190} INFO - [2025-02-06T15:20:04.357+0000] {dag.py:3239} INFO - Sync 1 DAGs
[2025-02-06T15:20:04.367+0000] {logging_mixin.py:190} INFO - [2025-02-06T15:20:04.367+0000] {dag.py:4180} INFO - Setting next_dagrun for tutorial_taskflow_api to None, run_after=None
[2025-02-06T15:20:04.380+0000] {processor.py:208} INFO - Processing /home/airflow/.local/lib/python3.12/site-packages/airflow/example_dags/tutorial_taskflow_api.py took 0.049 seconds
[2025-02-06T15:20:35.101+0000] {processor.py:186} INFO - Started process (PID=1143) to work on /home/airflow/.local/lib/python3.12/site-packages/airflow/example_dags/tutorial_taskflow_api.py
[2025-02-06T15:20:35.101+0000] {processor.py:914} INFO - Processing file /home/airflow/.local/lib/python3.12/site-packages/airflow/example_dags/tutorial_taskflow_api.py for tasks to queue
[2025-02-06T15:20:35.103+0000] {logging_mixin.py:190} INFO - [2025-02-06T15:20:35.103+0000] {dagbag.py:588} INFO - Filling up the DagBag from /home/airflow/.local/lib/python3.12/site-packages/airflow/example_dags/tutorial_taskflow_api.py
[2025-02-06T15:20:35.108+0000] {processor.py:925} INFO - DAG(s) 'tutorial_taskflow_api' retrieved from /home/airflow/.local/lib/python3.12/site-packages/airflow/example_dags/tutorial_taskflow_api.py
[2025-02-06T15:20:35.122+0000] {logging_mixin.py:190} INFO - [2025-02-06T15:20:35.122+0000] {dag.py:3239} INFO - Sync 1 DAGs
[2025-02-06T15:20:35.133+0000] {logging_mixin.py:190} INFO - [2025-02-06T15:20:35.133+0000] {dag.py:4180} INFO - Setting next_dagrun for tutorial_taskflow_api to None, run_after=None
[2025-02-06T15:20:35.147+0000] {processor.py:208} INFO - Processing /home/airflow/.local/lib/python3.12/site-packages/airflow/example_dags/tutorial_taskflow_api.py took 0.050 seconds
[2025-02-06T15:21:05.728+0000] {processor.py:186} INFO - Started process (PID=1449) to work on /home/airflow/.local/lib/python3.12/site-packages/airflow/example_dags/tutorial_taskflow_api.py
[2025-02-06T15:21:05.729+0000] {processor.py:914} INFO - Processing file /home/airflow/.local/lib/python3.12/site-packages/airflow/example_dags/tutorial_taskflow_api.py for tasks to queue
[2025-02-06T15:21:05.730+0000] {logging_mixin.py:190} INFO - [2025-02-06T15:21:05.730+0000] {dagbag.py:588} INFO - Filling up the DagBag from /home/airflow/.local/lib/python3.12/site-packages/airflow/example_dags/tutorial_taskflow_api.py
[2025-02-06T15:21:05.735+0000] {processor.py:925} INFO - DAG(s) 'tutorial_taskflow_api' retrieved from /home/airflow/.local/lib/python3.12/site-packages/airflow/example_dags/tutorial_taskflow_api.py
[2025-02-06T15:21:05.750+0000] {logging_mixin.py:190} INFO - [2025-02-06T15:21:05.750+0000] {dag.py:3239} INFO - Sync 1 DAGs
[2025-02-06T15:21:05.762+0000] {logging_mixin.py:190} INFO - [2025-02-06T15:21:05.761+0000] {dag.py:4180} INFO - Setting next_dagrun for tutorial_taskflow_api to None, run_after=None
[2025-02-06T15:21:05.775+0000] {processor.py:208} INFO - Processing /home/airflow/.local/lib/python3.12/site-packages/airflow/example_dags/tutorial_taskflow_api.py took 0.051 seconds
[2025-02-06T15:21:36.788+0000] {processor.py:186} INFO - Started process (PID=1755) to work on /home/airflow/.local/lib/python3.12/site-packages/airflow/example_dags/tutorial_taskflow_api.py
[2025-02-06T15:21:36.789+0000] {processor.py:914} INFO - Processing file /home/airflow/.local/lib/python3.12/site-packages/airflow/example_dags/tutorial_taskflow_api.py for tasks to queue
[2025-02-06T15:21:36.790+0000] {logging_mixin.py:190} INFO - [2025-02-06T15:21:36.790+0000] {dagbag.py:588} INFO - Filling up the DagBag from /home/airflow/.local/lib/python3.12/site-packages/airflow/example_dags/tutorial_taskflow_api.py
[2025-02-06T15:21:36.796+0000] {processor.py:925} INFO - DAG(s) 'tutorial_taskflow_api' retrieved from /home/airflow/.local/lib/python3.12/site-packages/airflow/example_dags/tutorial_taskflow_api.py
[2025-02-06T15:21:36.810+0000] {logging_mixin.py:190} INFO - [2025-02-06T15:21:36.810+0000] {dag.py:3239} INFO - Sync 1 DAGs
[2025-02-06T15:21:36.821+0000] {logging_mixin.py:190} INFO - [2025-02-06T15:21:36.821+0000] {dag.py:4180} INFO - Setting next_dagrun for tutorial_taskflow_api to None, run_after=None
[2025-02-06T15:21:36.835+0000] {processor.py:208} INFO - Processing /home/airflow/.local/lib/python3.12/site-packages/airflow/example_dags/tutorial_taskflow_api.py took 0.051 seconds
[2025-02-06T15:22:07.654+0000] {processor.py:186} INFO - Started process (PID=2061) to work on /home/airflow/.local/lib/python3.12/site-packages/airflow/example_dags/tutorial_taskflow_api.py
[2025-02-06T15:22:07.654+0000] {processor.py:914} INFO - Processing file /home/airflow/.local/lib/python3.12/site-packages/airflow/example_dags/tutorial_taskflow_api.py for tasks to queue
[2025-02-06T15:22:07.656+0000] {logging_mixin.py:190} INFO - [2025-02-06T15:22:07.655+0000] {dagbag.py:588} INFO - Filling up the DagBag from /home/airflow/.local/lib/python3.12/site-packages/airflow/example_dags/tutorial_taskflow_api.py
[2025-02-06T15:22:07.662+0000] {processor.py:925} INFO - DAG(s) 'tutorial_taskflow_api' retrieved from /home/airflow/.local/lib/python3.12/site-packages/airflow/example_dags/tutorial_taskflow_api.py
[2025-02-06T15:22:07.677+0000] {logging_mixin.py:190} INFO - [2025-02-06T15:22:07.677+0000] {dag.py:3239} INFO - Sync 1 DAGs
[2025-02-06T15:22:07.689+0000] {logging_mixin.py:190} INFO - [2025-02-06T15:22:07.689+0000] {dag.py:4180} INFO - Setting next_dagrun for tutorial_taskflow_api to None, run_after=None
[2025-02-06T15:22:07.706+0000] {processor.py:208} INFO - Processing /home/airflow/.local/lib/python3.12/site-packages/airflow/example_dags/tutorial_taskflow_api.py took 0.057 seconds
[2025-02-06T15:22:38.519+0000] {processor.py:186} INFO - Started process (PID=2367) to work on /home/airflow/.local/lib/python3.12/site-packages/airflow/example_dags/tutorial_taskflow_api.py
[2025-02-06T15:22:38.521+0000] {processor.py:914} INFO - Processing file /home/airflow/.local/lib/python3.12/site-packages/airflow/example_dags/tutorial_taskflow_api.py for tasks to queue
[2025-02-06T15:22:38.522+0000] {logging_mixin.py:190} INFO - [2025-02-06T15:22:38.522+0000] {dagbag.py:588} INFO - Filling up the DagBag from /home/airflow/.local/lib/python3.12/site-packages/airflow/example_dags/tutorial_taskflow_api.py
[2025-02-06T15:22:38.529+0000] {processor.py:925} INFO - DAG(s) 'tutorial_taskflow_api' retrieved from /home/airflow/.local/lib/python3.12/site-packages/airflow/example_dags/tutorial_taskflow_api.py
[2025-02-06T15:22:38.548+0000] {logging_mixin.py:190} INFO - [2025-02-06T15:22:38.547+0000] {dag.py:3239} INFO - Sync 1 DAGs
[2025-02-06T15:22:38.560+0000] {logging_mixin.py:190} INFO - [2025-02-06T15:22:38.560+0000] {dag.py:4180} INFO - Setting next_dagrun for tutorial_taskflow_api to None, run_after=None
[2025-02-06T15:22:38.578+0000] {processor.py:208} INFO - Processing /home/airflow/.local/lib/python3.12/site-packages/airflow/example_dags/tutorial_taskflow_api.py took 0.064 seconds
[2025-02-06T15:23:09.430+0000] {processor.py:186} INFO - Started process (PID=2673) to work on /home/airflow/.local/lib/python3.12/site-packages/airflow/example_dags/tutorial_taskflow_api.py
[2025-02-06T15:23:09.431+0000] {processor.py:914} INFO - Processing file /home/airflow/.local/lib/python3.12/site-packages/airflow/example_dags/tutorial_taskflow_api.py for tasks to queue
[2025-02-06T15:23:09.432+0000] {logging_mixin.py:190} INFO - [2025-02-06T15:23:09.432+0000] {dagbag.py:588} INFO - Filling up the DagBag from /home/airflow/.local/lib/python3.12/site-packages/airflow/example_dags/tutorial_taskflow_api.py
[2025-02-06T15:23:09.439+0000] {processor.py:925} INFO - DAG(s) 'tutorial_taskflow_api' retrieved from /home/airflow/.local/lib/python3.12/site-packages/airflow/example_dags/tutorial_taskflow_api.py
[2025-02-06T15:23:09.454+0000] {logging_mixin.py:190} INFO - [2025-02-06T15:23:09.454+0000] {dag.py:3239} INFO - Sync 1 DAGs
[2025-02-06T15:23:09.466+0000] {logging_mixin.py:190} INFO - [2025-02-06T15:23:09.465+0000] {dag.py:4180} INFO - Setting next_dagrun for tutorial_taskflow_api to None, run_after=None
[2025-02-06T15:23:09.481+0000] {processor.py:208} INFO - Processing /home/airflow/.local/lib/python3.12/site-packages/airflow/example_dags/tutorial_taskflow_api.py took 0.056 seconds
[2025-02-06T15:23:40.511+0000] {processor.py:186} INFO - Started process (PID=2979) to work on /home/airflow/.local/lib/python3.12/site-packages/airflow/example_dags/tutorial_taskflow_api.py
[2025-02-06T15:23:40.512+0000] {processor.py:914} INFO - Processing file /home/airflow/.local/lib/python3.12/site-packages/airflow/example_dags/tutorial_taskflow_api.py for tasks to queue
[2025-02-06T15:23:40.514+0000] {logging_mixin.py:190} INFO - [2025-02-06T15:23:40.513+0000] {dagbag.py:588} INFO - Filling up the DagBag from /home/airflow/.local/lib/python3.12/site-packages/airflow/example_dags/tutorial_taskflow_api.py
[2025-02-06T15:23:40.519+0000] {processor.py:925} INFO - DAG(s) 'tutorial_taskflow_api' retrieved from /home/airflow/.local/lib/python3.12/site-packages/airflow/example_dags/tutorial_taskflow_api.py
[2025-02-06T15:23:40.534+0000] {logging_mixin.py:190} INFO - [2025-02-06T15:23:40.533+0000] {dag.py:3239} INFO - Sync 1 DAGs
[2025-02-06T15:23:40.545+0000] {logging_mixin.py:190} INFO - [2025-02-06T15:23:40.544+0000] {dag.py:4180} INFO - Setting next_dagrun for tutorial_taskflow_api to None, run_after=None
[2025-02-06T15:23:40.559+0000] {processor.py:208} INFO - Processing /home/airflow/.local/lib/python3.12/site-packages/airflow/example_dags/tutorial_taskflow_api.py took 0.052 seconds
[2025-02-06T15:24:10.719+0000] {processor.py:186} INFO - Started process (PID=3287) to work on /home/airflow/.local/lib/python3.12/site-packages/airflow/example_dags/tutorial_taskflow_api.py
[2025-02-06T15:24:10.720+0000] {processor.py:914} INFO - Processing file /home/airflow/.local/lib/python3.12/site-packages/airflow/example_dags/tutorial_taskflow_api.py for tasks to queue
[2025-02-06T15:24:10.723+0000] {logging_mixin.py:190} INFO - [2025-02-06T15:24:10.722+0000] {dagbag.py:588} INFO - Filling up the DagBag from /home/airflow/.local/lib/python3.12/site-packages/airflow/example_dags/tutorial_taskflow_api.py
[2025-02-06T15:24:10.729+0000] {processor.py:925} INFO - DAG(s) 'tutorial_taskflow_api' retrieved from /home/airflow/.local/lib/python3.12/site-packages/airflow/example_dags/tutorial_taskflow_api.py
[2025-02-06T15:24:10.749+0000] {logging_mixin.py:190} INFO - [2025-02-06T15:24:10.749+0000] {dag.py:3239} INFO - Sync 1 DAGs
[2025-02-06T15:24:10.761+0000] {logging_mixin.py:190} INFO - [2025-02-06T15:24:10.761+0000] {dag.py:4180} INFO - Setting next_dagrun for tutorial_taskflow_api to None, run_after=None
[2025-02-06T15:24:10.776+0000] {processor.py:208} INFO - Processing /home/airflow/.local/lib/python3.12/site-packages/airflow/example_dags/tutorial_taskflow_api.py took 0.062 seconds
[2025-02-06T16:07:20.628+0000] {processor.py:157} INFO - Started process (PID=232) to work on /home/airflow/.local/lib/python3.8/site-packages/airflow/example_dags/tutorial_taskflow_api.py
[2025-02-06T16:07:20.629+0000] {processor.py:829} INFO - Processing file /home/airflow/.local/lib/python3.8/site-packages/airflow/example_dags/tutorial_taskflow_api.py for tasks to queue
[2025-02-06T16:07:20.630+0000] {logging_mixin.py:151} INFO - [2025-02-06T16:07:20.630+0000] {dagbag.py:539} INFO - Filling up the DagBag from /home/airflow/.local/lib/python3.8/site-packages/airflow/example_dags/tutorial_taskflow_api.py
[2025-02-06T16:07:20.638+0000] {processor.py:839} INFO - DAG(s) dict_keys(['tutorial_taskflow_api']) retrieved from /home/airflow/.local/lib/python3.8/site-packages/airflow/example_dags/tutorial_taskflow_api.py
[2025-02-06T16:07:20.882+0000] {logging_mixin.py:151} INFO - [2025-02-06T16:07:20.882+0000] {manager.py:499} INFO - Created Permission View: %s
[2025-02-06T16:07:20.891+0000] {logging_mixin.py:151} INFO - [2025-02-06T16:07:20.891+0000] {manager.py:499} INFO - Created Permission View: %s
[2025-02-06T16:07:20.897+0000] {logging_mixin.py:151} INFO - [2025-02-06T16:07:20.897+0000] {manager.py:499} INFO - Created Permission View: %s
[2025-02-06T16:07:20.897+0000] {logging_mixin.py:151} INFO - [2025-02-06T16:07:20.897+0000] {security.py:708} INFO - Not syncing DAG-level permissions for DAG 'DAG:tutorial_taskflow_api' as access control is unset.
[2025-02-06T16:07:20.898+0000] {logging_mixin.py:151} INFO - [2025-02-06T16:07:20.898+0000] {dag.py:2915} INFO - Sync 1 DAGs
[2025-02-06T16:07:20.909+0000] {logging_mixin.py:151} INFO - [2025-02-06T16:07:20.909+0000] {dag.py:2937} INFO - Creating ORM DAG for tutorial_taskflow_api
[2025-02-06T16:07:20.910+0000] {logging_mixin.py:151} INFO - [2025-02-06T16:07:20.910+0000] {dag.py:3696} INFO - Setting next_dagrun for tutorial_taskflow_api to None, run_after=None
[2025-02-06T16:07:20.924+0000] {processor.py:179} INFO - Processing /home/airflow/.local/lib/python3.8/site-packages/airflow/example_dags/tutorial_taskflow_api.py took 0.299 seconds
[2025-02-06T16:07:51.842+0000] {processor.py:157} INFO - Started process (PID=494) to work on /home/airflow/.local/lib/python3.8/site-packages/airflow/example_dags/tutorial_taskflow_api.py
[2025-02-06T16:07:51.843+0000] {processor.py:829} INFO - Processing file /home/airflow/.local/lib/python3.8/site-packages/airflow/example_dags/tutorial_taskflow_api.py for tasks to queue
[2025-02-06T16:07:51.844+0000] {logging_mixin.py:151} INFO - [2025-02-06T16:07:51.844+0000] {dagbag.py:539} INFO - Filling up the DagBag from /home/airflow/.local/lib/python3.8/site-packages/airflow/example_dags/tutorial_taskflow_api.py
[2025-02-06T16:07:51.851+0000] {processor.py:839} INFO - DAG(s) dict_keys(['tutorial_taskflow_api']) retrieved from /home/airflow/.local/lib/python3.8/site-packages/airflow/example_dags/tutorial_taskflow_api.py
[2025-02-06T16:07:51.863+0000] {logging_mixin.py:151} INFO - [2025-02-06T16:07:51.863+0000] {dag.py:2915} INFO - Sync 1 DAGs
[2025-02-06T16:07:51.874+0000] {logging_mixin.py:151} INFO - [2025-02-06T16:07:51.874+0000] {dag.py:3696} INFO - Setting next_dagrun for tutorial_taskflow_api to None, run_after=None
[2025-02-06T16:07:51.888+0000] {processor.py:179} INFO - Processing /home/airflow/.local/lib/python3.8/site-packages/airflow/example_dags/tutorial_taskflow_api.py took 0.049 seconds
[2025-02-06T16:08:22.864+0000] {processor.py:157} INFO - Started process (PID=761) to work on /home/airflow/.local/lib/python3.8/site-packages/airflow/example_dags/tutorial_taskflow_api.py
[2025-02-06T16:08:22.865+0000] {processor.py:829} INFO - Processing file /home/airflow/.local/lib/python3.8/site-packages/airflow/example_dags/tutorial_taskflow_api.py for tasks to queue
[2025-02-06T16:08:22.866+0000] {logging_mixin.py:151} INFO - [2025-02-06T16:08:22.865+0000] {dagbag.py:539} INFO - Filling up the DagBag from /home/airflow/.local/lib/python3.8/site-packages/airflow/example_dags/tutorial_taskflow_api.py
[2025-02-06T16:08:22.870+0000] {processor.py:839} INFO - DAG(s) dict_keys(['tutorial_taskflow_api']) retrieved from /home/airflow/.local/lib/python3.8/site-packages/airflow/example_dags/tutorial_taskflow_api.py
[2025-02-06T16:08:22.886+0000] {logging_mixin.py:151} INFO - [2025-02-06T16:08:22.885+0000] {dag.py:2915} INFO - Sync 1 DAGs
[2025-02-06T16:08:22.895+0000] {logging_mixin.py:151} INFO - [2025-02-06T16:08:22.895+0000] {dag.py:3696} INFO - Setting next_dagrun for tutorial_taskflow_api to None, run_after=None
[2025-02-06T16:08:22.910+0000] {processor.py:179} INFO - Processing /home/airflow/.local/lib/python3.8/site-packages/airflow/example_dags/tutorial_taskflow_api.py took 0.048 seconds
[2025-02-06T16:08:53.379+0000] {processor.py:157} INFO - Started process (PID=1022) to work on /home/airflow/.local/lib/python3.8/site-packages/airflow/example_dags/tutorial_taskflow_api.py
[2025-02-06T16:08:53.380+0000] {processor.py:829} INFO - Processing file /home/airflow/.local/lib/python3.8/site-packages/airflow/example_dags/tutorial_taskflow_api.py for tasks to queue
[2025-02-06T16:08:53.380+0000] {logging_mixin.py:151} INFO - [2025-02-06T16:08:53.380+0000] {dagbag.py:539} INFO - Filling up the DagBag from /home/airflow/.local/lib/python3.8/site-packages/airflow/example_dags/tutorial_taskflow_api.py
[2025-02-06T16:08:53.386+0000] {processor.py:839} INFO - DAG(s) dict_keys(['tutorial_taskflow_api']) retrieved from /home/airflow/.local/lib/python3.8/site-packages/airflow/example_dags/tutorial_taskflow_api.py
[2025-02-06T16:08:53.408+0000] {logging_mixin.py:151} INFO - [2025-02-06T16:08:53.407+0000] {dag.py:2915} INFO - Sync 1 DAGs
[2025-02-06T16:08:53.419+0000] {logging_mixin.py:151} INFO - [2025-02-06T16:08:53.418+0000] {dag.py:3696} INFO - Setting next_dagrun for tutorial_taskflow_api to None, run_after=None
[2025-02-06T16:08:53.435+0000] {processor.py:179} INFO - Processing /home/airflow/.local/lib/python3.8/site-packages/airflow/example_dags/tutorial_taskflow_api.py took 0.059 seconds
[2025-02-06T16:09:24.033+0000] {processor.py:157} INFO - Started process (PID=1281) to work on /home/airflow/.local/lib/python3.8/site-packages/airflow/example_dags/tutorial_taskflow_api.py
[2025-02-06T16:09:24.034+0000] {processor.py:829} INFO - Processing file /home/airflow/.local/lib/python3.8/site-packages/airflow/example_dags/tutorial_taskflow_api.py for tasks to queue
[2025-02-06T16:09:24.035+0000] {logging_mixin.py:151} INFO - [2025-02-06T16:09:24.035+0000] {dagbag.py:539} INFO - Filling up the DagBag from /home/airflow/.local/lib/python3.8/site-packages/airflow/example_dags/tutorial_taskflow_api.py
[2025-02-06T16:09:24.040+0000] {processor.py:839} INFO - DAG(s) dict_keys(['tutorial_taskflow_api']) retrieved from /home/airflow/.local/lib/python3.8/site-packages/airflow/example_dags/tutorial_taskflow_api.py
[2025-02-06T16:09:24.057+0000] {logging_mixin.py:151} INFO - [2025-02-06T16:09:24.057+0000] {dag.py:2915} INFO - Sync 1 DAGs
[2025-02-06T16:09:24.067+0000] {logging_mixin.py:151} INFO - [2025-02-06T16:09:24.067+0000] {dag.py:3696} INFO - Setting next_dagrun for tutorial_taskflow_api to None, run_after=None
[2025-02-06T16:09:24.081+0000] {processor.py:179} INFO - Processing /home/airflow/.local/lib/python3.8/site-packages/airflow/example_dags/tutorial_taskflow_api.py took 0.051 seconds
[2025-02-06T16:09:55.353+0000] {processor.py:157} INFO - Started process (PID=1542) to work on /home/airflow/.local/lib/python3.8/site-packages/airflow/example_dags/tutorial_taskflow_api.py
[2025-02-06T16:09:55.354+0000] {processor.py:829} INFO - Processing file /home/airflow/.local/lib/python3.8/site-packages/airflow/example_dags/tutorial_taskflow_api.py for tasks to queue
[2025-02-06T16:09:55.355+0000] {logging_mixin.py:151} INFO - [2025-02-06T16:09:55.355+0000] {dagbag.py:539} INFO - Filling up the DagBag from /home/airflow/.local/lib/python3.8/site-packages/airflow/example_dags/tutorial_taskflow_api.py
[2025-02-06T16:09:55.360+0000] {processor.py:839} INFO - DAG(s) dict_keys(['tutorial_taskflow_api']) retrieved from /home/airflow/.local/lib/python3.8/site-packages/airflow/example_dags/tutorial_taskflow_api.py
[2025-02-06T16:09:55.377+0000] {logging_mixin.py:151} INFO - [2025-02-06T16:09:55.376+0000] {dag.py:2915} INFO - Sync 1 DAGs
[2025-02-06T16:09:55.387+0000] {logging_mixin.py:151} INFO - [2025-02-06T16:09:55.386+0000] {dag.py:3696} INFO - Setting next_dagrun for tutorial_taskflow_api to None, run_after=None
[2025-02-06T16:09:55.401+0000] {processor.py:179} INFO - Processing /home/airflow/.local/lib/python3.8/site-packages/airflow/example_dags/tutorial_taskflow_api.py took 0.050 seconds
[2025-02-06T16:10:27.009+0000] {processor.py:157} INFO - Started process (PID=1805) to work on /home/airflow/.local/lib/python3.8/site-packages/airflow/example_dags/tutorial_taskflow_api.py
[2025-02-06T16:10:27.010+0000] {processor.py:829} INFO - Processing file /home/airflow/.local/lib/python3.8/site-packages/airflow/example_dags/tutorial_taskflow_api.py for tasks to queue
[2025-02-06T16:10:27.011+0000] {logging_mixin.py:151} INFO - [2025-02-06T16:10:27.011+0000] {dagbag.py:539} INFO - Filling up the DagBag from /home/airflow/.local/lib/python3.8/site-packages/airflow/example_dags/tutorial_taskflow_api.py
[2025-02-06T16:10:27.016+0000] {processor.py:839} INFO - DAG(s) dict_keys(['tutorial_taskflow_api']) retrieved from /home/airflow/.local/lib/python3.8/site-packages/airflow/example_dags/tutorial_taskflow_api.py
[2025-02-06T16:10:27.034+0000] {logging_mixin.py:151} INFO - [2025-02-06T16:10:27.034+0000] {dag.py:2915} INFO - Sync 1 DAGs
[2025-02-06T16:10:27.043+0000] {logging_mixin.py:151} INFO - [2025-02-06T16:10:27.043+0000] {dag.py:3696} INFO - Setting next_dagrun for tutorial_taskflow_api to None, run_after=None
[2025-02-06T16:10:27.056+0000] {processor.py:179} INFO - Processing /home/airflow/.local/lib/python3.8/site-packages/airflow/example_dags/tutorial_taskflow_api.py took 0.049 seconds
[2025-02-06T16:10:57.925+0000] {processor.py:157} INFO - Started process (PID=2064) to work on /home/airflow/.local/lib/python3.8/site-packages/airflow/example_dags/tutorial_taskflow_api.py
[2025-02-06T16:10:57.927+0000] {processor.py:829} INFO - Processing file /home/airflow/.local/lib/python3.8/site-packages/airflow/example_dags/tutorial_taskflow_api.py for tasks to queue
[2025-02-06T16:10:57.928+0000] {logging_mixin.py:151} INFO - [2025-02-06T16:10:57.928+0000] {dagbag.py:539} INFO - Filling up the DagBag from /home/airflow/.local/lib/python3.8/site-packages/airflow/example_dags/tutorial_taskflow_api.py
[2025-02-06T16:10:57.935+0000] {processor.py:839} INFO - DAG(s) dict_keys(['tutorial_taskflow_api']) retrieved from /home/airflow/.local/lib/python3.8/site-packages/airflow/example_dags/tutorial_taskflow_api.py
[2025-02-06T16:10:57.960+0000] {logging_mixin.py:151} INFO - [2025-02-06T16:10:57.959+0000] {dag.py:2915} INFO - Sync 1 DAGs
[2025-02-06T16:10:57.977+0000] {logging_mixin.py:151} INFO - [2025-02-06T16:10:57.977+0000] {dag.py:3696} INFO - Setting next_dagrun for tutorial_taskflow_api to None, run_after=None
[2025-02-06T16:10:58.000+0000] {processor.py:179} INFO - Processing /home/airflow/.local/lib/python3.8/site-packages/airflow/example_dags/tutorial_taskflow_api.py took 0.078 seconds
[2025-02-06T16:11:29.341+0000] {processor.py:157} INFO - Started process (PID=2327) to work on /home/airflow/.local/lib/python3.8/site-packages/airflow/example_dags/tutorial_taskflow_api.py
[2025-02-06T16:11:29.343+0000] {processor.py:829} INFO - Processing file /home/airflow/.local/lib/python3.8/site-packages/airflow/example_dags/tutorial_taskflow_api.py for tasks to queue
[2025-02-06T16:11:29.344+0000] {logging_mixin.py:151} INFO - [2025-02-06T16:11:29.344+0000] {dagbag.py:539} INFO - Filling up the DagBag from /home/airflow/.local/lib/python3.8/site-packages/airflow/example_dags/tutorial_taskflow_api.py
[2025-02-06T16:11:29.349+0000] {processor.py:839} INFO - DAG(s) dict_keys(['tutorial_taskflow_api']) retrieved from /home/airflow/.local/lib/python3.8/site-packages/airflow/example_dags/tutorial_taskflow_api.py
[2025-02-06T16:11:29.368+0000] {logging_mixin.py:151} INFO - [2025-02-06T16:11:29.368+0000] {dag.py:2915} INFO - Sync 1 DAGs
[2025-02-06T16:11:29.379+0000] {logging_mixin.py:151} INFO - [2025-02-06T16:11:29.379+0000] {dag.py:3696} INFO - Setting next_dagrun for tutorial_taskflow_api to None, run_after=None
[2025-02-06T16:11:29.396+0000] {processor.py:179} INFO - Processing /home/airflow/.local/lib/python3.8/site-packages/airflow/example_dags/tutorial_taskflow_api.py took 0.057 seconds
[2025-02-06T16:12:00.603+0000] {processor.py:157} INFO - Started process (PID=2588) to work on /home/airflow/.local/lib/python3.8/site-packages/airflow/example_dags/tutorial_taskflow_api.py
[2025-02-06T16:12:00.604+0000] {processor.py:829} INFO - Processing file /home/airflow/.local/lib/python3.8/site-packages/airflow/example_dags/tutorial_taskflow_api.py for tasks to queue
[2025-02-06T16:12:00.604+0000] {logging_mixin.py:151} INFO - [2025-02-06T16:12:00.604+0000] {dagbag.py:539} INFO - Filling up the DagBag from /home/airflow/.local/lib/python3.8/site-packages/airflow/example_dags/tutorial_taskflow_api.py
[2025-02-06T16:12:00.610+0000] {processor.py:839} INFO - DAG(s) dict_keys(['tutorial_taskflow_api']) retrieved from /home/airflow/.local/lib/python3.8/site-packages/airflow/example_dags/tutorial_taskflow_api.py
[2025-02-06T16:12:00.626+0000] {logging_mixin.py:151} INFO - [2025-02-06T16:12:00.625+0000] {dag.py:2915} INFO - Sync 1 DAGs
[2025-02-06T16:12:00.635+0000] {logging_mixin.py:151} INFO - [2025-02-06T16:12:00.634+0000] {dag.py:3696} INFO - Setting next_dagrun for tutorial_taskflow_api to None, run_after=None
[2025-02-06T16:12:00.648+0000] {processor.py:179} INFO - Processing /home/airflow/.local/lib/python3.8/site-packages/airflow/example_dags/tutorial_taskflow_api.py took 0.048 seconds
[2025-02-06T16:12:31.425+0000] {processor.py:157} INFO - Started process (PID=2849) to work on /home/airflow/.local/lib/python3.8/site-packages/airflow/example_dags/tutorial_taskflow_api.py
[2025-02-06T16:12:31.426+0000] {processor.py:829} INFO - Processing file /home/airflow/.local/lib/python3.8/site-packages/airflow/example_dags/tutorial_taskflow_api.py for tasks to queue
[2025-02-06T16:12:31.427+0000] {logging_mixin.py:151} INFO - [2025-02-06T16:12:31.426+0000] {dagbag.py:539} INFO - Filling up the DagBag from /home/airflow/.local/lib/python3.8/site-packages/airflow/example_dags/tutorial_taskflow_api.py
[2025-02-06T16:12:31.432+0000] {processor.py:839} INFO - DAG(s) dict_keys(['tutorial_taskflow_api']) retrieved from /home/airflow/.local/lib/python3.8/site-packages/airflow/example_dags/tutorial_taskflow_api.py
[2025-02-06T16:12:31.451+0000] {logging_mixin.py:151} INFO - [2025-02-06T16:12:31.450+0000] {dag.py:2915} INFO - Sync 1 DAGs
[2025-02-06T16:12:31.462+0000] {logging_mixin.py:151} INFO - [2025-02-06T16:12:31.461+0000] {dag.py:3696} INFO - Setting next_dagrun for tutorial_taskflow_api to None, run_after=None
[2025-02-06T16:12:31.479+0000] {processor.py:179} INFO - Processing /home/airflow/.local/lib/python3.8/site-packages/airflow/example_dags/tutorial_taskflow_api.py took 0.057 seconds
[2025-02-06T16:13:02.093+0000] {processor.py:157} INFO - Started process (PID=3108) to work on /home/airflow/.local/lib/python3.8/site-packages/airflow/example_dags/tutorial_taskflow_api.py
[2025-02-06T16:13:02.094+0000] {processor.py:829} INFO - Processing file /home/airflow/.local/lib/python3.8/site-packages/airflow/example_dags/tutorial_taskflow_api.py for tasks to queue
[2025-02-06T16:13:02.094+0000] {logging_mixin.py:151} INFO - [2025-02-06T16:13:02.094+0000] {dagbag.py:539} INFO - Filling up the DagBag from /home/airflow/.local/lib/python3.8/site-packages/airflow/example_dags/tutorial_taskflow_api.py
[2025-02-06T16:13:02.100+0000] {processor.py:839} INFO - DAG(s) dict_keys(['tutorial_taskflow_api']) retrieved from /home/airflow/.local/lib/python3.8/site-packages/airflow/example_dags/tutorial_taskflow_api.py
[2025-02-06T16:13:02.119+0000] {logging_mixin.py:151} INFO - [2025-02-06T16:13:02.119+0000] {dag.py:2915} INFO - Sync 1 DAGs
[2025-02-06T16:13:02.130+0000] {logging_mixin.py:151} INFO - [2025-02-06T16:13:02.129+0000] {dag.py:3696} INFO - Setting next_dagrun for tutorial_taskflow_api to None, run_after=None
[2025-02-06T16:13:02.145+0000] {processor.py:179} INFO - Processing /home/airflow/.local/lib/python3.8/site-packages/airflow/example_dags/tutorial_taskflow_api.py took 0.055 seconds
[2025-02-06T16:13:32.729+0000] {processor.py:157} INFO - Started process (PID=3369) to work on /home/airflow/.local/lib/python3.8/site-packages/airflow/example_dags/tutorial_taskflow_api.py
[2025-02-06T16:13:32.731+0000] {processor.py:829} INFO - Processing file /home/airflow/.local/lib/python3.8/site-packages/airflow/example_dags/tutorial_taskflow_api.py for tasks to queue
[2025-02-06T16:13:32.732+0000] {logging_mixin.py:151} INFO - [2025-02-06T16:13:32.731+0000] {dagbag.py:539} INFO - Filling up the DagBag from /home/airflow/.local/lib/python3.8/site-packages/airflow/example_dags/tutorial_taskflow_api.py
[2025-02-06T16:13:32.737+0000] {processor.py:839} INFO - DAG(s) dict_keys(['tutorial_taskflow_api']) retrieved from /home/airflow/.local/lib/python3.8/site-packages/airflow/example_dags/tutorial_taskflow_api.py
[2025-02-06T16:13:32.755+0000] {logging_mixin.py:151} INFO - [2025-02-06T16:13:32.755+0000] {dag.py:2915} INFO - Sync 1 DAGs
[2025-02-06T16:13:32.765+0000] {logging_mixin.py:151} INFO - [2025-02-06T16:13:32.765+0000] {dag.py:3696} INFO - Setting next_dagrun for tutorial_taskflow_api to None, run_after=None
[2025-02-06T16:13:32.779+0000] {processor.py:179} INFO - Processing /home/airflow/.local/lib/python3.8/site-packages/airflow/example_dags/tutorial_taskflow_api.py took 0.054 seconds
[2025-02-06T16:14:03.438+0000] {processor.py:157} INFO - Started process (PID=3630) to work on /home/airflow/.local/lib/python3.8/site-packages/airflow/example_dags/tutorial_taskflow_api.py
[2025-02-06T16:14:03.439+0000] {processor.py:829} INFO - Processing file /home/airflow/.local/lib/python3.8/site-packages/airflow/example_dags/tutorial_taskflow_api.py for tasks to queue
[2025-02-06T16:14:03.439+0000] {logging_mixin.py:151} INFO - [2025-02-06T16:14:03.439+0000] {dagbag.py:539} INFO - Filling up the DagBag from /home/airflow/.local/lib/python3.8/site-packages/airflow/example_dags/tutorial_taskflow_api.py
[2025-02-06T16:14:03.445+0000] {processor.py:839} INFO - DAG(s) dict_keys(['tutorial_taskflow_api']) retrieved from /home/airflow/.local/lib/python3.8/site-packages/airflow/example_dags/tutorial_taskflow_api.py
[2025-02-06T16:14:03.465+0000] {logging_mixin.py:151} INFO - [2025-02-06T16:14:03.464+0000] {dag.py:2915} INFO - Sync 1 DAGs
[2025-02-06T16:14:03.476+0000] {logging_mixin.py:151} INFO - [2025-02-06T16:14:03.475+0000] {dag.py:3696} INFO - Setting next_dagrun for tutorial_taskflow_api to None, run_after=None
[2025-02-06T16:14:03.492+0000] {processor.py:179} INFO - Processing /home/airflow/.local/lib/python3.8/site-packages/airflow/example_dags/tutorial_taskflow_api.py took 0.057 seconds
[2025-02-06T16:14:34.585+0000] {processor.py:157} INFO - Started process (PID=3891) to work on /home/airflow/.local/lib/python3.8/site-packages/airflow/example_dags/tutorial_taskflow_api.py
[2025-02-06T16:14:34.587+0000] {processor.py:829} INFO - Processing file /home/airflow/.local/lib/python3.8/site-packages/airflow/example_dags/tutorial_taskflow_api.py for tasks to queue
[2025-02-06T16:14:34.587+0000] {logging_mixin.py:151} INFO - [2025-02-06T16:14:34.587+0000] {dagbag.py:539} INFO - Filling up the DagBag from /home/airflow/.local/lib/python3.8/site-packages/airflow/example_dags/tutorial_taskflow_api.py
[2025-02-06T16:14:34.593+0000] {processor.py:839} INFO - DAG(s) dict_keys(['tutorial_taskflow_api']) retrieved from /home/airflow/.local/lib/python3.8/site-packages/airflow/example_dags/tutorial_taskflow_api.py
[2025-02-06T16:14:34.613+0000] {logging_mixin.py:151} INFO - [2025-02-06T16:14:34.613+0000] {dag.py:2915} INFO - Sync 1 DAGs
[2025-02-06T16:14:34.623+0000] {logging_mixin.py:151} INFO - [2025-02-06T16:14:34.623+0000] {dag.py:3696} INFO - Setting next_dagrun for tutorial_taskflow_api to None, run_after=None
[2025-02-06T16:14:34.641+0000] {processor.py:179} INFO - Processing /home/airflow/.local/lib/python3.8/site-packages/airflow/example_dags/tutorial_taskflow_api.py took 0.058 seconds
[2025-02-06T16:15:07.600+0000] {processor.py:157} INFO - Started process (PID=4152) to work on /home/airflow/.local/lib/python3.8/site-packages/airflow/example_dags/tutorial_taskflow_api.py
[2025-02-06T16:15:07.601+0000] {processor.py:829} INFO - Processing file /home/airflow/.local/lib/python3.8/site-packages/airflow/example_dags/tutorial_taskflow_api.py for tasks to queue
[2025-02-06T16:15:07.602+0000] {logging_mixin.py:151} INFO - [2025-02-06T16:15:07.601+0000] {dagbag.py:539} INFO - Filling up the DagBag from /home/airflow/.local/lib/python3.8/site-packages/airflow/example_dags/tutorial_taskflow_api.py
[2025-02-06T16:15:07.608+0000] {processor.py:839} INFO - DAG(s) dict_keys(['tutorial_taskflow_api']) retrieved from /home/airflow/.local/lib/python3.8/site-packages/airflow/example_dags/tutorial_taskflow_api.py
[2025-02-06T16:15:07.625+0000] {logging_mixin.py:151} INFO - [2025-02-06T16:15:07.625+0000] {dag.py:2915} INFO - Sync 1 DAGs
[2025-02-06T16:15:07.636+0000] {logging_mixin.py:151} INFO - [2025-02-06T16:15:07.636+0000] {dag.py:3696} INFO - Setting next_dagrun for tutorial_taskflow_api to None, run_after=None
[2025-02-06T16:15:07.653+0000] {processor.py:179} INFO - Processing /home/airflow/.local/lib/python3.8/site-packages/airflow/example_dags/tutorial_taskflow_api.py took 0.056 seconds
[2025-02-06T16:15:39.745+0000] {processor.py:157} INFO - Started process (PID=4387) to work on /home/airflow/.local/lib/python3.8/site-packages/airflow/example_dags/tutorial_taskflow_api.py
[2025-02-06T16:15:39.746+0000] {processor.py:829} INFO - Processing file /home/airflow/.local/lib/python3.8/site-packages/airflow/example_dags/tutorial_taskflow_api.py for tasks to queue
[2025-02-06T16:15:39.747+0000] {logging_mixin.py:151} INFO - [2025-02-06T16:15:39.746+0000] {dagbag.py:539} INFO - Filling up the DagBag from /home/airflow/.local/lib/python3.8/site-packages/airflow/example_dags/tutorial_taskflow_api.py
[2025-02-06T16:15:39.751+0000] {processor.py:839} INFO - DAG(s) dict_keys(['tutorial_taskflow_api']) retrieved from /home/airflow/.local/lib/python3.8/site-packages/airflow/example_dags/tutorial_taskflow_api.py
[2025-02-06T16:15:39.768+0000] {logging_mixin.py:151} INFO - [2025-02-06T16:15:39.768+0000] {dag.py:2915} INFO - Sync 1 DAGs
[2025-02-06T16:15:39.778+0000] {logging_mixin.py:151} INFO - [2025-02-06T16:15:39.778+0000] {dag.py:3696} INFO - Setting next_dagrun for tutorial_taskflow_api to None, run_after=None
[2025-02-06T16:15:39.798+0000] {processor.py:179} INFO - Processing /home/airflow/.local/lib/python3.8/site-packages/airflow/example_dags/tutorial_taskflow_api.py took 0.056 seconds
[2025-02-06T16:16:12.399+0000] {processor.py:157} INFO - Started process (PID=4648) to work on /home/airflow/.local/lib/python3.8/site-packages/airflow/example_dags/tutorial_taskflow_api.py
[2025-02-06T16:16:12.400+0000] {processor.py:829} INFO - Processing file /home/airflow/.local/lib/python3.8/site-packages/airflow/example_dags/tutorial_taskflow_api.py for tasks to queue
[2025-02-06T16:16:12.401+0000] {logging_mixin.py:151} INFO - [2025-02-06T16:16:12.401+0000] {dagbag.py:539} INFO - Filling up the DagBag from /home/airflow/.local/lib/python3.8/site-packages/airflow/example_dags/tutorial_taskflow_api.py
[2025-02-06T16:16:12.408+0000] {processor.py:839} INFO - DAG(s) dict_keys(['tutorial_taskflow_api']) retrieved from /home/airflow/.local/lib/python3.8/site-packages/airflow/example_dags/tutorial_taskflow_api.py
[2025-02-06T16:16:12.429+0000] {logging_mixin.py:151} INFO - [2025-02-06T16:16:12.429+0000] {dag.py:2915} INFO - Sync 1 DAGs
[2025-02-06T16:16:12.442+0000] {logging_mixin.py:151} INFO - [2025-02-06T16:16:12.441+0000] {dag.py:3696} INFO - Setting next_dagrun for tutorial_taskflow_api to None, run_after=None
[2025-02-06T16:16:12.461+0000] {processor.py:179} INFO - Processing /home/airflow/.local/lib/python3.8/site-packages/airflow/example_dags/tutorial_taskflow_api.py took 0.065 seconds
[2025-02-06T16:16:43.982+0000] {processor.py:157} INFO - Started process (PID=4766) to work on /home/airflow/.local/lib/python3.8/site-packages/airflow/example_dags/tutorial_taskflow_api.py
[2025-02-06T16:16:43.983+0000] {processor.py:829} INFO - Processing file /home/airflow/.local/lib/python3.8/site-packages/airflow/example_dags/tutorial_taskflow_api.py for tasks to queue
[2025-02-06T16:16:43.984+0000] {logging_mixin.py:151} INFO - [2025-02-06T16:16:43.984+0000] {dagbag.py:539} INFO - Filling up the DagBag from /home/airflow/.local/lib/python3.8/site-packages/airflow/example_dags/tutorial_taskflow_api.py
[2025-02-06T16:16:43.989+0000] {processor.py:839} INFO - DAG(s) dict_keys(['tutorial_taskflow_api']) retrieved from /home/airflow/.local/lib/python3.8/site-packages/airflow/example_dags/tutorial_taskflow_api.py
[2025-02-06T16:16:44.008+0000] {logging_mixin.py:151} INFO - [2025-02-06T16:16:44.007+0000] {dag.py:2915} INFO - Sync 1 DAGs
[2025-02-06T16:16:44.019+0000] {logging_mixin.py:151} INFO - [2025-02-06T16:16:44.019+0000] {dag.py:3696} INFO - Setting next_dagrun for tutorial_taskflow_api to None, run_after=None
[2025-02-06T16:16:44.037+0000] {processor.py:179} INFO - Processing /home/airflow/.local/lib/python3.8/site-packages/airflow/example_dags/tutorial_taskflow_api.py took 0.057 seconds
[2025-02-06T16:17:16.219+0000] {processor.py:157} INFO - Started process (PID=5027) to work on /home/airflow/.local/lib/python3.8/site-packages/airflow/example_dags/tutorial_taskflow_api.py
[2025-02-06T16:17:16.220+0000] {processor.py:829} INFO - Processing file /home/airflow/.local/lib/python3.8/site-packages/airflow/example_dags/tutorial_taskflow_api.py for tasks to queue
[2025-02-06T16:17:16.221+0000] {logging_mixin.py:151} INFO - [2025-02-06T16:17:16.221+0000] {dagbag.py:539} INFO - Filling up the DagBag from /home/airflow/.local/lib/python3.8/site-packages/airflow/example_dags/tutorial_taskflow_api.py
[2025-02-06T16:17:16.227+0000] {processor.py:839} INFO - DAG(s) dict_keys(['tutorial_taskflow_api']) retrieved from /home/airflow/.local/lib/python3.8/site-packages/airflow/example_dags/tutorial_taskflow_api.py
[2025-02-06T16:17:16.259+0000] {logging_mixin.py:151} INFO - [2025-02-06T16:17:16.259+0000] {dag.py:2915} INFO - Sync 1 DAGs
[2025-02-06T16:17:16.282+0000] {logging_mixin.py:151} INFO - [2025-02-06T16:17:16.281+0000] {dag.py:3696} INFO - Setting next_dagrun for tutorial_taskflow_api to None, run_after=None
[2025-02-06T16:17:16.300+0000] {processor.py:179} INFO - Processing /home/airflow/.local/lib/python3.8/site-packages/airflow/example_dags/tutorial_taskflow_api.py took 0.082 seconds
[2025-02-06T16:17:48.921+0000] {processor.py:157} INFO - Started process (PID=5286) to work on /home/airflow/.local/lib/python3.8/site-packages/airflow/example_dags/tutorial_taskflow_api.py
[2025-02-06T16:17:48.922+0000] {processor.py:829} INFO - Processing file /home/airflow/.local/lib/python3.8/site-packages/airflow/example_dags/tutorial_taskflow_api.py for tasks to queue
[2025-02-06T16:17:48.922+0000] {logging_mixin.py:151} INFO - [2025-02-06T16:17:48.922+0000] {dagbag.py:539} INFO - Filling up the DagBag from /home/airflow/.local/lib/python3.8/site-packages/airflow/example_dags/tutorial_taskflow_api.py
[2025-02-06T16:17:48.927+0000] {processor.py:839} INFO - DAG(s) dict_keys(['tutorial_taskflow_api']) retrieved from /home/airflow/.local/lib/python3.8/site-packages/airflow/example_dags/tutorial_taskflow_api.py
[2025-02-06T16:17:48.945+0000] {logging_mixin.py:151} INFO - [2025-02-06T16:17:48.945+0000] {dag.py:2915} INFO - Sync 1 DAGs
[2025-02-06T16:17:48.956+0000] {logging_mixin.py:151} INFO - [2025-02-06T16:17:48.956+0000] {dag.py:3696} INFO - Setting next_dagrun for tutorial_taskflow_api to None, run_after=None
[2025-02-06T16:17:48.974+0000] {processor.py:179} INFO - Processing /home/airflow/.local/lib/python3.8/site-packages/airflow/example_dags/tutorial_taskflow_api.py took 0.055 seconds
[2025-02-06T16:18:21.673+0000] {processor.py:157} INFO - Started process (PID=5549) to work on /home/airflow/.local/lib/python3.8/site-packages/airflow/example_dags/tutorial_taskflow_api.py
[2025-02-06T16:18:21.674+0000] {processor.py:829} INFO - Processing file /home/airflow/.local/lib/python3.8/site-packages/airflow/example_dags/tutorial_taskflow_api.py for tasks to queue
[2025-02-06T16:18:21.675+0000] {logging_mixin.py:151} INFO - [2025-02-06T16:18:21.675+0000] {dagbag.py:539} INFO - Filling up the DagBag from /home/airflow/.local/lib/python3.8/site-packages/airflow/example_dags/tutorial_taskflow_api.py
[2025-02-06T16:18:21.681+0000] {processor.py:839} INFO - DAG(s) dict_keys(['tutorial_taskflow_api']) retrieved from /home/airflow/.local/lib/python3.8/site-packages/airflow/example_dags/tutorial_taskflow_api.py
[2025-02-06T16:18:21.700+0000] {logging_mixin.py:151} INFO - [2025-02-06T16:18:21.700+0000] {dag.py:2915} INFO - Sync 1 DAGs
[2025-02-06T16:18:21.711+0000] {logging_mixin.py:151} INFO - [2025-02-06T16:18:21.711+0000] {dag.py:3696} INFO - Setting next_dagrun for tutorial_taskflow_api to None, run_after=None
[2025-02-06T16:18:21.728+0000] {processor.py:179} INFO - Processing /home/airflow/.local/lib/python3.8/site-packages/airflow/example_dags/tutorial_taskflow_api.py took 0.058 seconds
[2025-02-06T16:18:54.410+0000] {processor.py:157} INFO - Started process (PID=5808) to work on /home/airflow/.local/lib/python3.8/site-packages/airflow/example_dags/tutorial_taskflow_api.py
[2025-02-06T16:18:54.411+0000] {processor.py:829} INFO - Processing file /home/airflow/.local/lib/python3.8/site-packages/airflow/example_dags/tutorial_taskflow_api.py for tasks to queue
[2025-02-06T16:18:54.412+0000] {logging_mixin.py:151} INFO - [2025-02-06T16:18:54.411+0000] {dagbag.py:539} INFO - Filling up the DagBag from /home/airflow/.local/lib/python3.8/site-packages/airflow/example_dags/tutorial_taskflow_api.py
[2025-02-06T16:18:54.417+0000] {processor.py:839} INFO - DAG(s) dict_keys(['tutorial_taskflow_api']) retrieved from /home/airflow/.local/lib/python3.8/site-packages/airflow/example_dags/tutorial_taskflow_api.py
[2025-02-06T16:18:54.435+0000] {logging_mixin.py:151} INFO - [2025-02-06T16:18:54.434+0000] {dag.py:2915} INFO - Sync 1 DAGs
[2025-02-06T16:18:54.444+0000] {logging_mixin.py:151} INFO - [2025-02-06T16:18:54.444+0000] {dag.py:3696} INFO - Setting next_dagrun for tutorial_taskflow_api to None, run_after=None
[2025-02-06T16:18:54.459+0000] {processor.py:179} INFO - Processing /home/airflow/.local/lib/python3.8/site-packages/airflow/example_dags/tutorial_taskflow_api.py took 0.051 seconds
