[2025-02-13T15:53:57.425+0000] {taskinstance.py:1157} INFO - Dependencies all met for dep_context=non-requeueable deps ti=<TaskInstance: dimension_batch_ingestion.ingest_account_dim scheduled__2025-02-11T17:00:00+00:00 [queued]>
[2025-02-13T15:53:57.432+0000] {taskinstance.py:1157} INFO - Dependencies all met for dep_context=requeueable deps ti=<TaskInstance: dimension_batch_ingestion.ingest_account_dim scheduled__2025-02-11T17:00:00+00:00 [queued]>
[2025-02-13T15:53:57.432+0000] {taskinstance.py:1359} INFO - Starting attempt 1 of 4
[2025-02-13T15:53:57.444+0000] {taskinstance.py:1380} INFO - Executing <Task(BashOperator): ingest_account_dim> on 2025-02-11 17:00:00+00:00
[2025-02-13T15:53:57.450+0000] {standard_task_runner.py:57} INFO - Started process 62198 to run task
[2025-02-13T15:53:57.452+0000] {standard_task_runner.py:84} INFO - Running: ['***', 'tasks', 'run', 'dimension_batch_ingestion', 'ingest_account_dim', 'scheduled__2025-02-11T17:00:00+00:00', '--job-id', '213', '--raw', '--subdir', 'DAGS_FOLDER/loader_dag.py', '--cfg-path', '/tmp/tmp_mv158ur']
[2025-02-13T15:53:57.455+0000] {standard_task_runner.py:85} INFO - Job 213: Subtask ingest_account_dim
[2025-02-13T15:53:57.496+0000] {task_command.py:415} INFO - Running <TaskInstance: dimension_batch_ingestion.ingest_account_dim scheduled__2025-02-11T17:00:00+00:00 [running]> on host 5879df32f101
[2025-02-13T15:53:57.553+0000] {taskinstance.py:1660} INFO - Exporting env vars: AIRFLOW_CTX_DAG_EMAIL='hoyseiha@gmail.com' AIRFLOW_CTX_DAG_OWNER='***' AIRFLOW_CTX_DAG_ID='dimension_batch_ingestion' AIRFLOW_CTX_TASK_ID='ingest_account_dim' AIRFLOW_CTX_EXECUTION_DATE='2025-02-11T17:00:00+00:00' AIRFLOW_CTX_TRY_NUMBER='1' AIRFLOW_CTX_DAG_RUN_ID='scheduled__2025-02-11T17:00:00+00:00'
[2025-02-13T15:53:57.563+0000] {subprocess.py:63} INFO - Tmp dir root location: /tmp
[2025-02-13T15:53:57.564+0000] {subprocess.py:75} INFO - Running command: ['/bin/bash', '-c', 'curl -X POST -F file=@/opt/***/account_dim_large_data.csv -H "Content-Type: multipart/form-data" "http://pinot-controller:9000/ingestFromFile?tableNameWithType=account_dim_OFFLINE&batchConfigMapStr=%7B%22inputFormat%22%3A%22csv%22%2C%22recordReader.prop.delimiter%22%3A%22%2C%22%7D"']
[2025-02-13T15:53:57.578+0000] {subprocess.py:86} INFO - Output:
[2025-02-13T15:53:57.625+0000] {subprocess.py:93} INFO -   % Total    % Received % Xferd  Average Speed   Time    Time     Time  Current
[2025-02-13T15:53:57.626+0000] {subprocess.py:93} INFO -                                  Dload  Upload   Total   Spent    Left  Speed
[2025-02-13T15:53:58.388+0000] {subprocess.py:93} INFO -   0     0    0     0    0     0      0      0 --:--:-- --:--:-- --:--:--     0100  2996  100   109  100  2887    143   3788 --:--:-- --:--:-- --:--:--  3931
[2025-02-13T15:53:58.396+0000] {subprocess.py:93} INFO - {"status":"Successfully ingested file into table: account_dim_OFFLINE as segment: account_dim_1739462037678"}
[2025-02-13T15:53:58.397+0000] {subprocess.py:97} INFO - Command exited with return code 0
[2025-02-13T15:53:58.434+0000] {taskinstance.py:1398} INFO - Marking task as SUCCESS. dag_id=dimension_batch_ingestion, task_id=ingest_account_dim, execution_date=20250211T170000, start_date=20250213T155357, end_date=20250213T155358
[2025-02-13T15:53:58.466+0000] {local_task_job_runner.py:228} INFO - Task exited with return code 0
[2025-02-13T15:53:58.500+0000] {taskinstance.py:2776} INFO - 1 downstream tasks scheduled from follow-on schedule check
