[2025-02-13T15:53:57.426+0000] {taskinstance.py:1157} INFO - Dependencies all met for dep_context=non-requeueable deps ti=<TaskInstance: dimension_batch_ingestion.ingest_account_dim manual__2025-02-13T15:53:55.810954+00:00 [queued]>
[2025-02-13T15:53:57.432+0000] {taskinstance.py:1157} INFO - Dependencies all met for dep_context=requeueable deps ti=<TaskInstance: dimension_batch_ingestion.ingest_account_dim manual__2025-02-13T15:53:55.810954+00:00 [queued]>
[2025-02-13T15:53:57.433+0000] {taskinstance.py:1359} INFO - Starting attempt 1 of 4
[2025-02-13T15:53:57.443+0000] {taskinstance.py:1380} INFO - Executing <Task(BashOperator): ingest_account_dim> on 2025-02-13 15:53:55.810954+00:00
[2025-02-13T15:53:57.449+0000] {standard_task_runner.py:57} INFO - Started process 62197 to run task
[2025-02-13T15:53:57.452+0000] {standard_task_runner.py:84} INFO - Running: ['***', 'tasks', 'run', 'dimension_batch_ingestion', 'ingest_account_dim', 'manual__2025-02-13T15:53:55.810954+00:00', '--job-id', '212', '--raw', '--subdir', 'DAGS_FOLDER/loader_dag.py', '--cfg-path', '/tmp/tmp_26_2pjt']
[2025-02-13T15:53:57.455+0000] {standard_task_runner.py:85} INFO - Job 212: Subtask ingest_account_dim
[2025-02-13T15:53:57.495+0000] {task_command.py:415} INFO - Running <TaskInstance: dimension_batch_ingestion.ingest_account_dim manual__2025-02-13T15:53:55.810954+00:00 [running]> on host 5879df32f101
[2025-02-13T15:53:57.553+0000] {taskinstance.py:1660} INFO - Exporting env vars: AIRFLOW_CTX_DAG_EMAIL='hoyseiha@gmail.com' AIRFLOW_CTX_DAG_OWNER='***' AIRFLOW_CTX_DAG_ID='dimension_batch_ingestion' AIRFLOW_CTX_TASK_ID='ingest_account_dim' AIRFLOW_CTX_EXECUTION_DATE='2025-02-13T15:53:55.810954+00:00' AIRFLOW_CTX_TRY_NUMBER='1' AIRFLOW_CTX_DAG_RUN_ID='manual__2025-02-13T15:53:55.810954+00:00'
[2025-02-13T15:53:57.563+0000] {subprocess.py:63} INFO - Tmp dir root location: /tmp
[2025-02-13T15:53:57.564+0000] {subprocess.py:75} INFO - Running command: ['/bin/bash', '-c', 'curl -X POST -F file=@/opt/***/account_dim_large_data.csv -H "Content-Type: multipart/form-data" "http://pinot-controller:9000/ingestFromFile?tableNameWithType=account_dim_OFFLINE&batchConfigMapStr=%7B%22inputFormat%22%3A%22csv%22%2C%22recordReader.prop.delimiter%22%3A%22%2C%22%7D"']
[2025-02-13T15:53:57.578+0000] {subprocess.py:86} INFO - Output:
[2025-02-13T15:53:57.626+0000] {subprocess.py:93} INFO -   % Total    % Received % Xferd  Average Speed   Time    Time     Time  Current
[2025-02-13T15:53:57.626+0000] {subprocess.py:93} INFO -                                  Dload  Upload   Total   Spent    Left  Speed
[2025-02-13T15:54:03.275+0000] {subprocess.py:93} INFO -   0     0    0     0    0     0      0      0 --:--:-- --:--:-- --:--:--     0100  2887    0     0  100  2887      0   2401  0:00:01  0:00:01 --:--:--  2401100  2887    0     0  100  2887      0   1310  0:00:02  0:00:02 --:--:--  1310100  2887    0     0  100  2887      0    901  0:00:03  0:00:03 --:--:--   901100  2887    0     0  100  2887      0    686  0:00:04  0:00:04 --:--:--   686100  2887    0     0  100  2887      0    554  0:00:05  0:00:05 --:--:--   554100  2996  100   109  100  2887     19    511  0:00:05  0:00:05 --:--:--    24
[2025-02-13T15:54:03.276+0000] {subprocess.py:93} INFO - {"status":"Successfully ingested file into table: account_dim_OFFLINE as segment: account_dim_1739462037678"}
[2025-02-13T15:54:03.276+0000] {subprocess.py:97} INFO - Command exited with return code 0
[2025-02-13T15:54:03.299+0000] {taskinstance.py:1398} INFO - Marking task as SUCCESS. dag_id=dimension_batch_ingestion, task_id=ingest_account_dim, execution_date=20250213T155355, start_date=20250213T155357, end_date=20250213T155403
[2025-02-13T15:54:03.352+0000] {local_task_job_runner.py:228} INFO - Task exited with return code 0
[2025-02-13T15:54:03.377+0000] {taskinstance.py:2776} INFO - 1 downstream tasks scheduled from follow-on schedule check
