[2025-02-13T15:54:03.343+0000] {taskinstance.py:1157} INFO - Dependencies all met for dep_context=non-requeueable deps ti=<TaskInstance: dimension_batch_ingestion.ingest_branch_dim scheduled__2025-02-11T17:00:00+00:00 [queued]>
[2025-02-13T15:54:03.349+0000] {taskinstance.py:1157} INFO - Dependencies all met for dep_context=requeueable deps ti=<TaskInstance: dimension_batch_ingestion.ingest_branch_dim scheduled__2025-02-11T17:00:00+00:00 [queued]>
[2025-02-13T15:54:03.349+0000] {taskinstance.py:1359} INFO - Starting attempt 1 of 4
[2025-02-13T15:54:03.361+0000] {taskinstance.py:1380} INFO - Executing <Task(BashOperator): ingest_branch_dim> on 2025-02-11 17:00:00+00:00
[2025-02-13T15:54:03.367+0000] {standard_task_runner.py:57} INFO - Started process 62210 to run task
[2025-02-13T15:54:03.371+0000] {standard_task_runner.py:84} INFO - Running: ['***', 'tasks', 'run', 'dimension_batch_ingestion', 'ingest_branch_dim', 'scheduled__2025-02-11T17:00:00+00:00', '--job-id', '215', '--raw', '--subdir', 'DAGS_FOLDER/loader_dag.py', '--cfg-path', '/tmp/tmpgp86dn5s']
[2025-02-13T15:54:03.373+0000] {standard_task_runner.py:85} INFO - Job 215: Subtask ingest_branch_dim
[2025-02-13T15:54:03.417+0000] {task_command.py:415} INFO - Running <TaskInstance: dimension_batch_ingestion.ingest_branch_dim scheduled__2025-02-11T17:00:00+00:00 [running]> on host 5879df32f101
[2025-02-13T15:54:03.483+0000] {taskinstance.py:1660} INFO - Exporting env vars: AIRFLOW_CTX_DAG_EMAIL='hoyseiha@gmail.com' AIRFLOW_CTX_DAG_OWNER='***' AIRFLOW_CTX_DAG_ID='dimension_batch_ingestion' AIRFLOW_CTX_TASK_ID='ingest_branch_dim' AIRFLOW_CTX_EXECUTION_DATE='2025-02-11T17:00:00+00:00' AIRFLOW_CTX_TRY_NUMBER='1' AIRFLOW_CTX_DAG_RUN_ID='scheduled__2025-02-11T17:00:00+00:00'
[2025-02-13T15:54:03.485+0000] {subprocess.py:63} INFO - Tmp dir root location: /tmp
[2025-02-13T15:54:03.486+0000] {subprocess.py:75} INFO - Running command: ['/bin/bash', '-c', 'curl -X POST -F file=@/opt/***/branch_dim_large_data.csv -H "Content-Type: multipart/form-data" "http://pinot-controller:9000/ingestFromFile?tableNameWithType=branch_dim_OFFLINE&batchConfigMapStr=%7B%22inputFormat%22%3A%22csv%22%2C%22recordReader.prop.delimiter%22%3A%22%2C%22%7D"']
[2025-02-13T15:54:03.500+0000] {subprocess.py:86} INFO - Output:
[2025-02-13T15:54:03.508+0000] {subprocess.py:93} INFO -   % Total    % Received % Xferd  Average Speed   Time    Time     Time  Current
[2025-02-13T15:54:03.508+0000] {subprocess.py:93} INFO -                                  Dload  Upload   Total   Spent    Left  Speed
[2025-02-13T15:54:03.591+0000] {subprocess.py:93} INFO -   0     0    0     0    0     0      0      0 --:--:-- --:--:-- --:--:--     0100  3974  100   107  100  3867   1289  46590 --:--:-- --:--:-- --:--:-- 47879
[2025-02-13T15:54:03.593+0000] {subprocess.py:93} INFO - {"status":"Successfully ingested file into table: branch_dim_OFFLINE as segment: branch_dim_1739462043515"}
[2025-02-13T15:54:03.593+0000] {subprocess.py:97} INFO - Command exited with return code 0
[2025-02-13T15:54:03.624+0000] {taskinstance.py:1398} INFO - Marking task as SUCCESS. dag_id=dimension_batch_ingestion, task_id=ingest_branch_dim, execution_date=20250211T170000, start_date=20250213T155403, end_date=20250213T155403
[2025-02-13T15:54:03.663+0000] {local_task_job_runner.py:228} INFO - Task exited with return code 0
[2025-02-13T15:54:03.681+0000] {taskinstance.py:2776} INFO - 0 downstream tasks scheduled from follow-on schedule check
