[2025-02-06T15:19:03.143+0000] {processor.py:186} INFO - Started process (PID=208) to work on /opt/airflow/dags/account_dim_generator_dag.py
[2025-02-06T15:19:03.144+0000] {processor.py:914} INFO - Processing file /opt/airflow/dags/account_dim_generator_dag.py for tasks to queue
[2025-02-06T15:19:03.146+0000] {logging_mixin.py:190} INFO - [2025-02-06T15:19:03.146+0000] {dagbag.py:588} INFO - Filling up the DagBag from /opt/airflow/dags/account_dim_generator_dag.py
[2025-02-06T15:19:03.155+0000] {processor.py:925} INFO - DAG(s) 'account_dim_generator' retrieved from /opt/airflow/dags/account_dim_generator_dag.py
[2025-02-06T15:19:03.179+0000] {logging_mixin.py:190} INFO - [2025-02-06T15:19:03.179+0000] {dag.py:3239} INFO - Sync 1 DAGs
[2025-02-06T15:19:03.207+0000] {logging_mixin.py:190} INFO - [2025-02-06T15:19:03.206+0000] {dag.py:4180} INFO - Setting next_dagrun for account_dim_generator to 2025-01-15 17:00:00+00:00, run_after=2025-01-16 17:00:00+00:00
[2025-02-06T15:19:03.234+0000] {processor.py:208} INFO - Processing /opt/airflow/dags/account_dim_generator_dag.py took 0.095 seconds
[2025-02-06T15:19:33.979+0000] {processor.py:186} INFO - Started process (PID=508) to work on /opt/airflow/dags/account_dim_generator_dag.py
[2025-02-06T15:19:33.980+0000] {processor.py:914} INFO - Processing file /opt/airflow/dags/account_dim_generator_dag.py for tasks to queue
[2025-02-06T15:19:33.982+0000] {logging_mixin.py:190} INFO - [2025-02-06T15:19:33.981+0000] {dagbag.py:588} INFO - Filling up the DagBag from /opt/airflow/dags/account_dim_generator_dag.py
[2025-02-06T15:19:33.989+0000] {processor.py:925} INFO - DAG(s) 'account_dim_generator' retrieved from /opt/airflow/dags/account_dim_generator_dag.py
[2025-02-06T15:19:34.011+0000] {logging_mixin.py:190} INFO - [2025-02-06T15:19:34.010+0000] {dag.py:3239} INFO - Sync 1 DAGs
[2025-02-06T15:19:34.034+0000] {logging_mixin.py:190} INFO - [2025-02-06T15:19:34.033+0000] {dag.py:4180} INFO - Setting next_dagrun for account_dim_generator to 2025-01-15 17:00:00+00:00, run_after=2025-01-16 17:00:00+00:00
[2025-02-06T15:19:34.050+0000] {processor.py:208} INFO - Processing /opt/airflow/dags/account_dim_generator_dag.py took 0.077 seconds
[2025-02-06T15:20:04.102+0000] {processor.py:186} INFO - Started process (PID=814) to work on /opt/airflow/dags/account_dim_generator_dag.py
[2025-02-06T15:20:04.103+0000] {processor.py:914} INFO - Processing file /opt/airflow/dags/account_dim_generator_dag.py for tasks to queue
[2025-02-06T15:20:04.105+0000] {logging_mixin.py:190} INFO - [2025-02-06T15:20:04.105+0000] {dagbag.py:588} INFO - Filling up the DagBag from /opt/airflow/dags/account_dim_generator_dag.py
[2025-02-06T15:20:04.111+0000] {processor.py:925} INFO - DAG(s) 'account_dim_generator' retrieved from /opt/airflow/dags/account_dim_generator_dag.py
[2025-02-06T15:20:04.127+0000] {logging_mixin.py:190} INFO - [2025-02-06T15:20:04.127+0000] {dag.py:3239} INFO - Sync 1 DAGs
[2025-02-06T15:20:04.144+0000] {logging_mixin.py:190} INFO - [2025-02-06T15:20:04.144+0000] {dag.py:4180} INFO - Setting next_dagrun for account_dim_generator to 2025-01-15 17:00:00+00:00, run_after=2025-01-16 17:00:00+00:00
[2025-02-06T15:20:04.158+0000] {processor.py:208} INFO - Processing /opt/airflow/dags/account_dim_generator_dag.py took 0.060 seconds
[2025-02-06T15:20:34.895+0000] {processor.py:186} INFO - Started process (PID=1118) to work on /opt/airflow/dags/account_dim_generator_dag.py
[2025-02-06T15:20:34.896+0000] {processor.py:914} INFO - Processing file /opt/airflow/dags/account_dim_generator_dag.py for tasks to queue
[2025-02-06T15:20:34.898+0000] {logging_mixin.py:190} INFO - [2025-02-06T15:20:34.898+0000] {dagbag.py:588} INFO - Filling up the DagBag from /opt/airflow/dags/account_dim_generator_dag.py
[2025-02-06T15:20:34.904+0000] {processor.py:925} INFO - DAG(s) 'account_dim_generator' retrieved from /opt/airflow/dags/account_dim_generator_dag.py
[2025-02-06T15:20:34.919+0000] {logging_mixin.py:190} INFO - [2025-02-06T15:20:34.919+0000] {dag.py:3239} INFO - Sync 1 DAGs
[2025-02-06T15:20:34.937+0000] {logging_mixin.py:190} INFO - [2025-02-06T15:20:34.937+0000] {dag.py:4180} INFO - Setting next_dagrun for account_dim_generator to 2025-01-15 17:00:00+00:00, run_after=2025-01-16 17:00:00+00:00
[2025-02-06T15:20:34.950+0000] {processor.py:208} INFO - Processing /opt/airflow/dags/account_dim_generator_dag.py took 0.060 seconds
[2025-02-06T15:21:05.515+0000] {processor.py:186} INFO - Started process (PID=1424) to work on /opt/airflow/dags/account_dim_generator_dag.py
[2025-02-06T15:21:05.516+0000] {processor.py:914} INFO - Processing file /opt/airflow/dags/account_dim_generator_dag.py for tasks to queue
[2025-02-06T15:21:05.518+0000] {logging_mixin.py:190} INFO - [2025-02-06T15:21:05.518+0000] {dagbag.py:588} INFO - Filling up the DagBag from /opt/airflow/dags/account_dim_generator_dag.py
[2025-02-06T15:21:05.524+0000] {processor.py:925} INFO - DAG(s) 'account_dim_generator' retrieved from /opt/airflow/dags/account_dim_generator_dag.py
[2025-02-06T15:21:05.541+0000] {logging_mixin.py:190} INFO - [2025-02-06T15:21:05.541+0000] {dag.py:3239} INFO - Sync 1 DAGs
[2025-02-06T15:21:05.562+0000] {logging_mixin.py:190} INFO - [2025-02-06T15:21:05.562+0000] {dag.py:4180} INFO - Setting next_dagrun for account_dim_generator to 2025-01-15 17:00:00+00:00, run_after=2025-01-16 17:00:00+00:00
[2025-02-06T15:21:05.579+0000] {processor.py:208} INFO - Processing /opt/airflow/dags/account_dim_generator_dag.py took 0.068 seconds
[2025-02-06T15:21:36.489+0000] {processor.py:186} INFO - Started process (PID=1730) to work on /opt/airflow/dags/account_dim_generator_dag.py
[2025-02-06T15:21:36.491+0000] {processor.py:914} INFO - Processing file /opt/airflow/dags/account_dim_generator_dag.py for tasks to queue
[2025-02-06T15:21:36.493+0000] {logging_mixin.py:190} INFO - [2025-02-06T15:21:36.493+0000] {dagbag.py:588} INFO - Filling up the DagBag from /opt/airflow/dags/account_dim_generator_dag.py
[2025-02-06T15:21:36.502+0000] {processor.py:925} INFO - DAG(s) 'account_dim_generator' retrieved from /opt/airflow/dags/account_dim_generator_dag.py
[2025-02-06T15:21:36.524+0000] {logging_mixin.py:190} INFO - [2025-02-06T15:21:36.523+0000] {dag.py:3239} INFO - Sync 1 DAGs
[2025-02-06T15:21:36.546+0000] {logging_mixin.py:190} INFO - [2025-02-06T15:21:36.545+0000] {dag.py:4180} INFO - Setting next_dagrun for account_dim_generator to 2025-01-15 17:00:00+00:00, run_after=2025-01-16 17:00:00+00:00
[2025-02-06T15:21:36.561+0000] {processor.py:208} INFO - Processing /opt/airflow/dags/account_dim_generator_dag.py took 0.077 seconds
[2025-02-06T15:22:07.439+0000] {processor.py:186} INFO - Started process (PID=2036) to work on /opt/airflow/dags/account_dim_generator_dag.py
[2025-02-06T15:22:07.440+0000] {processor.py:914} INFO - Processing file /opt/airflow/dags/account_dim_generator_dag.py for tasks to queue
[2025-02-06T15:22:07.442+0000] {logging_mixin.py:190} INFO - [2025-02-06T15:22:07.441+0000] {dagbag.py:588} INFO - Filling up the DagBag from /opt/airflow/dags/account_dim_generator_dag.py
[2025-02-06T15:22:07.448+0000] {processor.py:925} INFO - DAG(s) 'account_dim_generator' retrieved from /opt/airflow/dags/account_dim_generator_dag.py
[2025-02-06T15:22:07.465+0000] {logging_mixin.py:190} INFO - [2025-02-06T15:22:07.465+0000] {dag.py:3239} INFO - Sync 1 DAGs
[2025-02-06T15:22:07.486+0000] {logging_mixin.py:190} INFO - [2025-02-06T15:22:07.486+0000] {dag.py:4180} INFO - Setting next_dagrun for account_dim_generator to 2025-01-15 17:00:00+00:00, run_after=2025-01-16 17:00:00+00:00
[2025-02-06T15:22:07.501+0000] {processor.py:208} INFO - Processing /opt/airflow/dags/account_dim_generator_dag.py took 0.067 seconds
[2025-02-06T15:22:38.273+0000] {processor.py:186} INFO - Started process (PID=2342) to work on /opt/airflow/dags/account_dim_generator_dag.py
[2025-02-06T15:22:38.274+0000] {processor.py:914} INFO - Processing file /opt/airflow/dags/account_dim_generator_dag.py for tasks to queue
[2025-02-06T15:22:38.276+0000] {logging_mixin.py:190} INFO - [2025-02-06T15:22:38.276+0000] {dagbag.py:588} INFO - Filling up the DagBag from /opt/airflow/dags/account_dim_generator_dag.py
[2025-02-06T15:22:38.283+0000] {processor.py:925} INFO - DAG(s) 'account_dim_generator' retrieved from /opt/airflow/dags/account_dim_generator_dag.py
[2025-02-06T15:22:38.301+0000] {logging_mixin.py:190} INFO - [2025-02-06T15:22:38.300+0000] {dag.py:3239} INFO - Sync 1 DAGs
[2025-02-06T15:22:38.322+0000] {logging_mixin.py:190} INFO - [2025-02-06T15:22:38.322+0000] {dag.py:4180} INFO - Setting next_dagrun for account_dim_generator to 2025-01-15 17:00:00+00:00, run_after=2025-01-16 17:00:00+00:00
[2025-02-06T15:22:38.338+0000] {processor.py:208} INFO - Processing /opt/airflow/dags/account_dim_generator_dag.py took 0.069 seconds
[2025-02-06T15:23:09.199+0000] {processor.py:186} INFO - Started process (PID=2648) to work on /opt/airflow/dags/account_dim_generator_dag.py
[2025-02-06T15:23:09.200+0000] {processor.py:914} INFO - Processing file /opt/airflow/dags/account_dim_generator_dag.py for tasks to queue
[2025-02-06T15:23:09.201+0000] {logging_mixin.py:190} INFO - [2025-02-06T15:23:09.201+0000] {dagbag.py:588} INFO - Filling up the DagBag from /opt/airflow/dags/account_dim_generator_dag.py
[2025-02-06T15:23:09.208+0000] {processor.py:925} INFO - DAG(s) 'account_dim_generator' retrieved from /opt/airflow/dags/account_dim_generator_dag.py
[2025-02-06T15:23:09.224+0000] {logging_mixin.py:190} INFO - [2025-02-06T15:23:09.224+0000] {dag.py:3239} INFO - Sync 1 DAGs
[2025-02-06T15:23:09.244+0000] {logging_mixin.py:190} INFO - [2025-02-06T15:23:09.244+0000] {dag.py:4180} INFO - Setting next_dagrun for account_dim_generator to 2025-01-15 17:00:00+00:00, run_after=2025-01-16 17:00:00+00:00
[2025-02-06T15:23:09.260+0000] {processor.py:208} INFO - Processing /opt/airflow/dags/account_dim_generator_dag.py took 0.066 seconds
[2025-02-06T15:23:40.261+0000] {processor.py:186} INFO - Started process (PID=2954) to work on /opt/airflow/dags/account_dim_generator_dag.py
[2025-02-06T15:23:40.262+0000] {processor.py:914} INFO - Processing file /opt/airflow/dags/account_dim_generator_dag.py for tasks to queue
[2025-02-06T15:23:40.264+0000] {logging_mixin.py:190} INFO - [2025-02-06T15:23:40.264+0000] {dagbag.py:588} INFO - Filling up the DagBag from /opt/airflow/dags/account_dim_generator_dag.py
[2025-02-06T15:23:40.273+0000] {processor.py:925} INFO - DAG(s) 'account_dim_generator' retrieved from /opt/airflow/dags/account_dim_generator_dag.py
[2025-02-06T15:23:40.294+0000] {logging_mixin.py:190} INFO - [2025-02-06T15:23:40.293+0000] {dag.py:3239} INFO - Sync 1 DAGs
[2025-02-06T15:23:40.319+0000] {logging_mixin.py:190} INFO - [2025-02-06T15:23:40.318+0000] {dag.py:4180} INFO - Setting next_dagrun for account_dim_generator to 2025-01-15 17:00:00+00:00, run_after=2025-01-16 17:00:00+00:00
[2025-02-06T15:23:40.336+0000] {processor.py:208} INFO - Processing /opt/airflow/dags/account_dim_generator_dag.py took 0.081 seconds
[2025-02-06T15:24:10.374+0000] {processor.py:186} INFO - Started process (PID=3260) to work on /opt/airflow/dags/account_dim_generator_dag.py
[2025-02-06T15:24:10.375+0000] {processor.py:914} INFO - Processing file /opt/airflow/dags/account_dim_generator_dag.py for tasks to queue
[2025-02-06T15:24:10.377+0000] {logging_mixin.py:190} INFO - [2025-02-06T15:24:10.377+0000] {dagbag.py:588} INFO - Filling up the DagBag from /opt/airflow/dags/account_dim_generator_dag.py
[2025-02-06T15:24:10.385+0000] {processor.py:925} INFO - DAG(s) 'account_dim_generator' retrieved from /opt/airflow/dags/account_dim_generator_dag.py
[2025-02-06T15:24:10.404+0000] {logging_mixin.py:190} INFO - [2025-02-06T15:24:10.404+0000] {dag.py:3239} INFO - Sync 1 DAGs
[2025-02-06T15:24:10.428+0000] {logging_mixin.py:190} INFO - [2025-02-06T15:24:10.428+0000] {dag.py:4180} INFO - Setting next_dagrun for account_dim_generator to 2025-01-15 17:00:00+00:00, run_after=2025-01-16 17:00:00+00:00
[2025-02-06T15:24:10.443+0000] {processor.py:208} INFO - Processing /opt/airflow/dags/account_dim_generator_dag.py took 0.074 seconds
[2025-02-06T16:07:19.757+0000] {processor.py:157} INFO - Started process (PID=199) to work on /opt/airflow/dags/account_dim_generator_dag.py
[2025-02-06T16:07:19.758+0000] {processor.py:829} INFO - Processing file /opt/airflow/dags/account_dim_generator_dag.py for tasks to queue
[2025-02-06T16:07:19.759+0000] {logging_mixin.py:151} INFO - [2025-02-06T16:07:19.759+0000] {dagbag.py:539} INFO - Filling up the DagBag from /opt/airflow/dags/account_dim_generator_dag.py
[2025-02-06T16:07:20.145+0000] {processor.py:839} INFO - DAG(s) dict_keys(['account_dim_generator']) retrieved from /opt/airflow/dags/account_dim_generator_dag.py
[2025-02-06T16:07:20.228+0000] {logging_mixin.py:151} INFO - [2025-02-06T16:07:20.228+0000] {manager.py:499} INFO - Created Permission View: %s
[2025-02-06T16:07:20.238+0000] {logging_mixin.py:151} INFO - [2025-02-06T16:07:20.237+0000] {manager.py:499} INFO - Created Permission View: %s
[2025-02-06T16:07:20.244+0000] {logging_mixin.py:151} INFO - [2025-02-06T16:07:20.244+0000] {manager.py:499} INFO - Created Permission View: %s
[2025-02-06T16:07:20.244+0000] {logging_mixin.py:151} INFO - [2025-02-06T16:07:20.244+0000] {security.py:708} INFO - Not syncing DAG-level permissions for DAG 'DAG:account_dim_generator' as access control is unset.
[2025-02-06T16:07:20.245+0000] {logging_mixin.py:151} INFO - [2025-02-06T16:07:20.245+0000] {dag.py:2915} INFO - Sync 1 DAGs
[2025-02-06T16:07:20.254+0000] {logging_mixin.py:151} INFO - [2025-02-06T16:07:20.253+0000] {dag.py:2937} INFO - Creating ORM DAG for account_dim_generator
[2025-02-06T16:07:20.262+0000] {logging_mixin.py:151} INFO - [2025-02-06T16:07:20.262+0000] {dag.py:3696} INFO - Setting next_dagrun for account_dim_generator to 2025-01-15T17:00:00+00:00, run_after=2025-01-16T17:00:00+00:00
[2025-02-06T16:07:20.275+0000] {processor.py:179} INFO - Processing /opt/airflow/dags/account_dim_generator_dag.py took 0.520 seconds
[2025-02-06T16:07:50.367+0000] {processor.py:157} INFO - Started process (PID=462) to work on /opt/airflow/dags/account_dim_generator_dag.py
[2025-02-06T16:07:50.368+0000] {processor.py:829} INFO - Processing file /opt/airflow/dags/account_dim_generator_dag.py for tasks to queue
[2025-02-06T16:07:50.369+0000] {logging_mixin.py:151} INFO - [2025-02-06T16:07:50.368+0000] {dagbag.py:539} INFO - Filling up the DagBag from /opt/airflow/dags/account_dim_generator_dag.py
[2025-02-06T16:07:50.623+0000] {processor.py:839} INFO - DAG(s) dict_keys(['account_dim_generator']) retrieved from /opt/airflow/dags/account_dim_generator_dag.py
[2025-02-06T16:07:50.632+0000] {logging_mixin.py:151} INFO - [2025-02-06T16:07:50.632+0000] {dag.py:2915} INFO - Sync 1 DAGs
[2025-02-06T16:07:50.647+0000] {logging_mixin.py:151} INFO - [2025-02-06T16:07:50.647+0000] {dag.py:3696} INFO - Setting next_dagrun for account_dim_generator to 2025-01-15T17:00:00+00:00, run_after=2025-01-16T17:00:00+00:00
[2025-02-06T16:07:50.661+0000] {processor.py:179} INFO - Processing /opt/airflow/dags/account_dim_generator_dag.py took 0.297 seconds
[2025-02-06T16:08:21.481+0000] {processor.py:157} INFO - Started process (PID=735) to work on /opt/airflow/dags/account_dim_generator_dag.py
[2025-02-06T16:08:21.482+0000] {processor.py:829} INFO - Processing file /opt/airflow/dags/account_dim_generator_dag.py for tasks to queue
[2025-02-06T16:08:21.483+0000] {logging_mixin.py:151} INFO - [2025-02-06T16:08:21.483+0000] {dagbag.py:539} INFO - Filling up the DagBag from /opt/airflow/dags/account_dim_generator_dag.py
[2025-02-06T16:08:21.775+0000] {processor.py:839} INFO - DAG(s) dict_keys(['account_dim_generator']) retrieved from /opt/airflow/dags/account_dim_generator_dag.py
[2025-02-06T16:08:21.796+0000] {logging_mixin.py:151} INFO - [2025-02-06T16:08:21.795+0000] {dag.py:2915} INFO - Sync 1 DAGs
[2025-02-06T16:08:21.817+0000] {logging_mixin.py:151} INFO - [2025-02-06T16:08:21.817+0000] {dag.py:3696} INFO - Setting next_dagrun for account_dim_generator to 2025-01-15T17:00:00+00:00, run_after=2025-01-16T17:00:00+00:00
[2025-02-06T16:08:21.835+0000] {processor.py:179} INFO - Processing /opt/airflow/dags/account_dim_generator_dag.py took 0.356 seconds
[2025-02-06T16:08:52.196+0000] {processor.py:157} INFO - Started process (PID=1006) to work on /opt/airflow/dags/account_dim_generator_dag.py
[2025-02-06T16:08:52.197+0000] {processor.py:829} INFO - Processing file /opt/airflow/dags/account_dim_generator_dag.py for tasks to queue
[2025-02-06T16:08:52.198+0000] {logging_mixin.py:151} INFO - [2025-02-06T16:08:52.198+0000] {dagbag.py:539} INFO - Filling up the DagBag from /opt/airflow/dags/account_dim_generator_dag.py
[2025-02-06T16:08:52.441+0000] {processor.py:839} INFO - DAG(s) dict_keys(['account_dim_generator']) retrieved from /opt/airflow/dags/account_dim_generator_dag.py
[2025-02-06T16:08:52.455+0000] {logging_mixin.py:151} INFO - [2025-02-06T16:08:52.455+0000] {dag.py:2915} INFO - Sync 1 DAGs
[2025-02-06T16:08:52.470+0000] {logging_mixin.py:151} INFO - [2025-02-06T16:08:52.470+0000] {dag.py:3696} INFO - Setting next_dagrun for account_dim_generator to 2025-01-15T17:00:00+00:00, run_after=2025-01-16T17:00:00+00:00
[2025-02-06T16:08:52.485+0000] {processor.py:179} INFO - Processing /opt/airflow/dags/account_dim_generator_dag.py took 0.291 seconds
[2025-02-06T16:09:23.683+0000] {processor.py:157} INFO - Started process (PID=1257) to work on /opt/airflow/dags/account_dim_generator_dag.py
[2025-02-06T16:09:23.684+0000] {processor.py:829} INFO - Processing file /opt/airflow/dags/account_dim_generator_dag.py for tasks to queue
[2025-02-06T16:09:23.685+0000] {logging_mixin.py:151} INFO - [2025-02-06T16:09:23.685+0000] {dagbag.py:539} INFO - Filling up the DagBag from /opt/airflow/dags/account_dim_generator_dag.py
[2025-02-06T16:09:23.989+0000] {processor.py:839} INFO - DAG(s) dict_keys(['account_dim_generator']) retrieved from /opt/airflow/dags/account_dim_generator_dag.py
[2025-02-06T16:09:24.004+0000] {logging_mixin.py:151} INFO - [2025-02-06T16:09:24.004+0000] {dag.py:2915} INFO - Sync 1 DAGs
[2025-02-06T16:09:24.021+0000] {logging_mixin.py:151} INFO - [2025-02-06T16:09:24.021+0000] {dag.py:3696} INFO - Setting next_dagrun for account_dim_generator to 2025-01-15T17:00:00+00:00, run_after=2025-01-16T17:00:00+00:00
[2025-02-06T16:09:24.035+0000] {processor.py:179} INFO - Processing /opt/airflow/dags/account_dim_generator_dag.py took 0.355 seconds
[2025-02-06T16:09:55.037+0000] {processor.py:157} INFO - Started process (PID=1518) to work on /opt/airflow/dags/account_dim_generator_dag.py
[2025-02-06T16:09:55.038+0000] {processor.py:829} INFO - Processing file /opt/airflow/dags/account_dim_generator_dag.py for tasks to queue
[2025-02-06T16:09:55.039+0000] {logging_mixin.py:151} INFO - [2025-02-06T16:09:55.039+0000] {dagbag.py:539} INFO - Filling up the DagBag from /opt/airflow/dags/account_dim_generator_dag.py
[2025-02-06T16:09:55.309+0000] {processor.py:839} INFO - DAG(s) dict_keys(['account_dim_generator']) retrieved from /opt/airflow/dags/account_dim_generator_dag.py
[2025-02-06T16:09:55.324+0000] {logging_mixin.py:151} INFO - [2025-02-06T16:09:55.323+0000] {dag.py:2915} INFO - Sync 1 DAGs
[2025-02-06T16:09:55.341+0000] {logging_mixin.py:151} INFO - [2025-02-06T16:09:55.341+0000] {dag.py:3696} INFO - Setting next_dagrun for account_dim_generator to 2025-01-15T17:00:00+00:00, run_after=2025-01-16T17:00:00+00:00
[2025-02-06T16:09:55.355+0000] {processor.py:179} INFO - Processing /opt/airflow/dags/account_dim_generator_dag.py took 0.320 seconds
[2025-02-06T16:10:26.458+0000] {processor.py:157} INFO - Started process (PID=1779) to work on /opt/airflow/dags/account_dim_generator_dag.py
[2025-02-06T16:10:26.459+0000] {processor.py:829} INFO - Processing file /opt/airflow/dags/account_dim_generator_dag.py for tasks to queue
[2025-02-06T16:10:26.460+0000] {logging_mixin.py:151} INFO - [2025-02-06T16:10:26.459+0000] {dagbag.py:539} INFO - Filling up the DagBag from /opt/airflow/dags/account_dim_generator_dag.py
[2025-02-06T16:10:26.759+0000] {processor.py:839} INFO - DAG(s) dict_keys(['account_dim_generator']) retrieved from /opt/airflow/dags/account_dim_generator_dag.py
[2025-02-06T16:10:26.775+0000] {logging_mixin.py:151} INFO - [2025-02-06T16:10:26.775+0000] {dag.py:2915} INFO - Sync 1 DAGs
[2025-02-06T16:10:26.792+0000] {logging_mixin.py:151} INFO - [2025-02-06T16:10:26.792+0000] {dag.py:3696} INFO - Setting next_dagrun for account_dim_generator to 2025-01-15T17:00:00+00:00, run_after=2025-01-16T17:00:00+00:00
[2025-02-06T16:10:26.810+0000] {processor.py:179} INFO - Processing /opt/airflow/dags/account_dim_generator_dag.py took 0.355 seconds
[2025-02-06T16:10:57.556+0000] {processor.py:157} INFO - Started process (PID=2040) to work on /opt/airflow/dags/account_dim_generator_dag.py
[2025-02-06T16:10:57.557+0000] {processor.py:829} INFO - Processing file /opt/airflow/dags/account_dim_generator_dag.py for tasks to queue
[2025-02-06T16:10:57.558+0000] {logging_mixin.py:151} INFO - [2025-02-06T16:10:57.558+0000] {dagbag.py:539} INFO - Filling up the DagBag from /opt/airflow/dags/account_dim_generator_dag.py
[2025-02-06T16:10:57.856+0000] {processor.py:839} INFO - DAG(s) dict_keys(['account_dim_generator']) retrieved from /opt/airflow/dags/account_dim_generator_dag.py
[2025-02-06T16:10:57.877+0000] {logging_mixin.py:151} INFO - [2025-02-06T16:10:57.876+0000] {dag.py:2915} INFO - Sync 1 DAGs
[2025-02-06T16:10:57.902+0000] {logging_mixin.py:151} INFO - [2025-02-06T16:10:57.902+0000] {dag.py:3696} INFO - Setting next_dagrun for account_dim_generator to 2025-01-15T17:00:00+00:00, run_after=2025-01-16T17:00:00+00:00
[2025-02-06T16:10:57.926+0000] {processor.py:179} INFO - Processing /opt/airflow/dags/account_dim_generator_dag.py took 0.373 seconds
[2025-02-06T16:11:28.721+0000] {processor.py:157} INFO - Started process (PID=2301) to work on /opt/airflow/dags/account_dim_generator_dag.py
[2025-02-06T16:11:28.723+0000] {processor.py:829} INFO - Processing file /opt/airflow/dags/account_dim_generator_dag.py for tasks to queue
[2025-02-06T16:11:28.723+0000] {logging_mixin.py:151} INFO - [2025-02-06T16:11:28.723+0000] {dagbag.py:539} INFO - Filling up the DagBag from /opt/airflow/dags/account_dim_generator_dag.py
[2025-02-06T16:11:29.064+0000] {processor.py:839} INFO - DAG(s) dict_keys(['account_dim_generator']) retrieved from /opt/airflow/dags/account_dim_generator_dag.py
[2025-02-06T16:11:29.082+0000] {logging_mixin.py:151} INFO - [2025-02-06T16:11:29.081+0000] {dag.py:2915} INFO - Sync 1 DAGs
[2025-02-06T16:11:29.105+0000] {logging_mixin.py:151} INFO - [2025-02-06T16:11:29.105+0000] {dag.py:3696} INFO - Setting next_dagrun for account_dim_generator to 2025-01-15T17:00:00+00:00, run_after=2025-01-16T17:00:00+00:00
[2025-02-06T16:11:29.127+0000] {processor.py:179} INFO - Processing /opt/airflow/dags/account_dim_generator_dag.py took 0.408 seconds
[2025-02-06T16:12:00.091+0000] {processor.py:157} INFO - Started process (PID=2562) to work on /opt/airflow/dags/account_dim_generator_dag.py
[2025-02-06T16:12:00.092+0000] {processor.py:829} INFO - Processing file /opt/airflow/dags/account_dim_generator_dag.py for tasks to queue
[2025-02-06T16:12:00.093+0000] {logging_mixin.py:151} INFO - [2025-02-06T16:12:00.093+0000] {dagbag.py:539} INFO - Filling up the DagBag from /opt/airflow/dags/account_dim_generator_dag.py
[2025-02-06T16:12:00.355+0000] {processor.py:839} INFO - DAG(s) dict_keys(['account_dim_generator']) retrieved from /opt/airflow/dags/account_dim_generator_dag.py
[2025-02-06T16:12:00.373+0000] {logging_mixin.py:151} INFO - [2025-02-06T16:12:00.372+0000] {dag.py:2915} INFO - Sync 1 DAGs
[2025-02-06T16:12:00.392+0000] {logging_mixin.py:151} INFO - [2025-02-06T16:12:00.391+0000] {dag.py:3696} INFO - Setting next_dagrun for account_dim_generator to 2025-01-15T17:00:00+00:00, run_after=2025-01-16T17:00:00+00:00
[2025-02-06T16:12:00.408+0000] {processor.py:179} INFO - Processing /opt/airflow/dags/account_dim_generator_dag.py took 0.320 seconds
[2025-02-06T16:12:31.067+0000] {processor.py:157} INFO - Started process (PID=2823) to work on /opt/airflow/dags/account_dim_generator_dag.py
[2025-02-06T16:12:31.068+0000] {processor.py:829} INFO - Processing file /opt/airflow/dags/account_dim_generator_dag.py for tasks to queue
[2025-02-06T16:12:31.068+0000] {logging_mixin.py:151} INFO - [2025-02-06T16:12:31.068+0000] {dagbag.py:539} INFO - Filling up the DagBag from /opt/airflow/dags/account_dim_generator_dag.py
[2025-02-06T16:12:31.345+0000] {processor.py:839} INFO - DAG(s) dict_keys(['account_dim_generator']) retrieved from /opt/airflow/dags/account_dim_generator_dag.py
[2025-02-06T16:12:31.364+0000] {logging_mixin.py:151} INFO - [2025-02-06T16:12:31.364+0000] {dag.py:2915} INFO - Sync 1 DAGs
[2025-02-06T16:12:31.384+0000] {logging_mixin.py:151} INFO - [2025-02-06T16:12:31.384+0000] {dag.py:3696} INFO - Setting next_dagrun for account_dim_generator to 2025-01-15T17:00:00+00:00, run_after=2025-01-16T17:00:00+00:00
[2025-02-06T16:12:31.404+0000] {processor.py:179} INFO - Processing /opt/airflow/dags/account_dim_generator_dag.py took 0.340 seconds
[2025-02-06T16:13:01.789+0000] {processor.py:157} INFO - Started process (PID=3089) to work on /opt/airflow/dags/account_dim_generator_dag.py
[2025-02-06T16:13:01.790+0000] {processor.py:829} INFO - Processing file /opt/airflow/dags/account_dim_generator_dag.py for tasks to queue
[2025-02-06T16:13:01.791+0000] {logging_mixin.py:151} INFO - [2025-02-06T16:13:01.790+0000] {dagbag.py:539} INFO - Filling up the DagBag from /opt/airflow/dags/account_dim_generator_dag.py
[2025-02-06T16:13:02.172+0000] {processor.py:839} INFO - DAG(s) dict_keys(['account_dim_generator']) retrieved from /opt/airflow/dags/account_dim_generator_dag.py
[2025-02-06T16:13:02.189+0000] {logging_mixin.py:151} INFO - [2025-02-06T16:13:02.189+0000] {dag.py:2915} INFO - Sync 1 DAGs
[2025-02-06T16:13:02.209+0000] {logging_mixin.py:151} INFO - [2025-02-06T16:13:02.209+0000] {dag.py:3696} INFO - Setting next_dagrun for account_dim_generator to 2025-01-15T17:00:00+00:00, run_after=2025-01-16T17:00:00+00:00
[2025-02-06T16:13:02.224+0000] {processor.py:179} INFO - Processing /opt/airflow/dags/account_dim_generator_dag.py took 0.438 seconds
[2025-02-06T16:13:32.432+0000] {processor.py:157} INFO - Started process (PID=3350) to work on /opt/airflow/dags/account_dim_generator_dag.py
[2025-02-06T16:13:32.434+0000] {processor.py:829} INFO - Processing file /opt/airflow/dags/account_dim_generator_dag.py for tasks to queue
[2025-02-06T16:13:32.434+0000] {logging_mixin.py:151} INFO - [2025-02-06T16:13:32.434+0000] {dagbag.py:539} INFO - Filling up the DagBag from /opt/airflow/dags/account_dim_generator_dag.py
[2025-02-06T16:13:32.740+0000] {processor.py:839} INFO - DAG(s) dict_keys(['account_dim_generator']) retrieved from /opt/airflow/dags/account_dim_generator_dag.py
[2025-02-06T16:13:32.757+0000] {logging_mixin.py:151} INFO - [2025-02-06T16:13:32.757+0000] {dag.py:2915} INFO - Sync 1 DAGs
[2025-02-06T16:13:32.775+0000] {logging_mixin.py:151} INFO - [2025-02-06T16:13:32.774+0000] {dag.py:3696} INFO - Setting next_dagrun for account_dim_generator to 2025-01-15T17:00:00+00:00, run_after=2025-01-16T17:00:00+00:00
[2025-02-06T16:13:32.789+0000] {processor.py:179} INFO - Processing /opt/airflow/dags/account_dim_generator_dag.py took 0.359 seconds
[2025-02-06T16:14:03.250+0000] {processor.py:157} INFO - Started process (PID=3616) to work on /opt/airflow/dags/account_dim_generator_dag.py
[2025-02-06T16:14:03.251+0000] {processor.py:829} INFO - Processing file /opt/airflow/dags/account_dim_generator_dag.py for tasks to queue
[2025-02-06T16:14:03.252+0000] {logging_mixin.py:151} INFO - [2025-02-06T16:14:03.252+0000] {dagbag.py:539} INFO - Filling up the DagBag from /opt/airflow/dags/account_dim_generator_dag.py
[2025-02-06T16:14:03.600+0000] {processor.py:839} INFO - DAG(s) dict_keys(['account_dim_generator']) retrieved from /opt/airflow/dags/account_dim_generator_dag.py
[2025-02-06T16:14:03.617+0000] {logging_mixin.py:151} INFO - [2025-02-06T16:14:03.616+0000] {dag.py:2915} INFO - Sync 1 DAGs
[2025-02-06T16:14:03.636+0000] {logging_mixin.py:151} INFO - [2025-02-06T16:14:03.635+0000] {dag.py:3696} INFO - Setting next_dagrun for account_dim_generator to 2025-01-15T17:00:00+00:00, run_after=2025-01-16T17:00:00+00:00
[2025-02-06T16:14:03.650+0000] {processor.py:179} INFO - Processing /opt/airflow/dags/account_dim_generator_dag.py took 0.402 seconds
[2025-02-06T16:14:34.316+0000] {processor.py:157} INFO - Started process (PID=3872) to work on /opt/airflow/dags/account_dim_generator_dag.py
[2025-02-06T16:14:34.318+0000] {processor.py:829} INFO - Processing file /opt/airflow/dags/account_dim_generator_dag.py for tasks to queue
[2025-02-06T16:14:34.318+0000] {logging_mixin.py:151} INFO - [2025-02-06T16:14:34.318+0000] {dagbag.py:539} INFO - Filling up the DagBag from /opt/airflow/dags/account_dim_generator_dag.py
[2025-02-06T16:14:34.568+0000] {processor.py:839} INFO - DAG(s) dict_keys(['account_dim_generator']) retrieved from /opt/airflow/dags/account_dim_generator_dag.py
[2025-02-06T16:14:34.586+0000] {logging_mixin.py:151} INFO - [2025-02-06T16:14:34.586+0000] {dag.py:2915} INFO - Sync 1 DAGs
[2025-02-06T16:14:34.608+0000] {logging_mixin.py:151} INFO - [2025-02-06T16:14:34.608+0000] {dag.py:3696} INFO - Setting next_dagrun for account_dim_generator to 2025-01-15T17:00:00+00:00, run_after=2025-01-16T17:00:00+00:00
[2025-02-06T16:14:34.625+0000] {processor.py:179} INFO - Processing /opt/airflow/dags/account_dim_generator_dag.py took 0.311 seconds
[2025-02-06T16:15:07.116+0000] {processor.py:157} INFO - Started process (PID=4130) to work on /opt/airflow/dags/account_dim_generator_dag.py
[2025-02-06T16:15:07.117+0000] {processor.py:829} INFO - Processing file /opt/airflow/dags/account_dim_generator_dag.py for tasks to queue
[2025-02-06T16:15:07.117+0000] {logging_mixin.py:151} INFO - [2025-02-06T16:15:07.117+0000] {dagbag.py:539} INFO - Filling up the DagBag from /opt/airflow/dags/account_dim_generator_dag.py
[2025-02-06T16:15:07.386+0000] {processor.py:839} INFO - DAG(s) dict_keys(['account_dim_generator']) retrieved from /opt/airflow/dags/account_dim_generator_dag.py
[2025-02-06T16:15:07.427+0000] {logging_mixin.py:151} INFO - [2025-02-06T16:15:07.426+0000] {dag.py:2915} INFO - Sync 1 DAGs
[2025-02-06T16:15:07.451+0000] {logging_mixin.py:151} INFO - [2025-02-06T16:15:07.451+0000] {dag.py:3696} INFO - Setting next_dagrun for account_dim_generator to 2025-01-15T17:00:00+00:00, run_after=2025-01-16T17:00:00+00:00
[2025-02-06T16:15:07.470+0000] {processor.py:179} INFO - Processing /opt/airflow/dags/account_dim_generator_dag.py took 0.357 seconds
[2025-02-06T16:15:39.486+0000] {processor.py:157} INFO - Started process (PID=4368) to work on /opt/airflow/dags/account_dim_generator_dag.py
[2025-02-06T16:15:39.488+0000] {processor.py:829} INFO - Processing file /opt/airflow/dags/account_dim_generator_dag.py for tasks to queue
[2025-02-06T16:15:39.488+0000] {logging_mixin.py:151} INFO - [2025-02-06T16:15:39.488+0000] {dagbag.py:539} INFO - Filling up the DagBag from /opt/airflow/dags/account_dim_generator_dag.py
[2025-02-06T16:15:39.913+0000] {processor.py:839} INFO - DAG(s) dict_keys(['account_dim_generator']) retrieved from /opt/airflow/dags/account_dim_generator_dag.py
[2025-02-06T16:15:39.930+0000] {logging_mixin.py:151} INFO - [2025-02-06T16:15:39.930+0000] {dag.py:2915} INFO - Sync 1 DAGs
[2025-02-06T16:15:39.949+0000] {logging_mixin.py:151} INFO - [2025-02-06T16:15:39.949+0000] {dag.py:3696} INFO - Setting next_dagrun for account_dim_generator to 2025-01-15T17:00:00+00:00, run_after=2025-01-16T17:00:00+00:00
[2025-02-06T16:15:39.969+0000] {processor.py:179} INFO - Processing /opt/airflow/dags/account_dim_generator_dag.py took 0.484 seconds
[2025-02-06T16:16:12.181+0000] {processor.py:157} INFO - Started process (PID=4632) to work on /opt/airflow/dags/account_dim_generator_dag.py
[2025-02-06T16:16:12.182+0000] {processor.py:829} INFO - Processing file /opt/airflow/dags/account_dim_generator_dag.py for tasks to queue
[2025-02-06T16:16:12.182+0000] {logging_mixin.py:151} INFO - [2025-02-06T16:16:12.182+0000] {dagbag.py:539} INFO - Filling up the DagBag from /opt/airflow/dags/account_dim_generator_dag.py
[2025-02-06T16:16:12.500+0000] {processor.py:839} INFO - DAG(s) dict_keys(['account_dim_generator']) retrieved from /opt/airflow/dags/account_dim_generator_dag.py
[2025-02-06T16:16:12.519+0000] {logging_mixin.py:151} INFO - [2025-02-06T16:16:12.518+0000] {dag.py:2915} INFO - Sync 1 DAGs
[2025-02-06T16:16:12.539+0000] {logging_mixin.py:151} INFO - [2025-02-06T16:16:12.538+0000] {dag.py:3696} INFO - Setting next_dagrun for account_dim_generator to 2025-01-15T17:00:00+00:00, run_after=2025-01-16T17:00:00+00:00
[2025-02-06T16:16:12.557+0000] {processor.py:179} INFO - Processing /opt/airflow/dags/account_dim_generator_dag.py took 0.379 seconds
[2025-02-06T16:16:43.645+0000] {processor.py:157} INFO - Started process (PID=4740) to work on /opt/airflow/dags/account_dim_generator_dag.py
[2025-02-06T16:16:43.646+0000] {processor.py:829} INFO - Processing file /opt/airflow/dags/account_dim_generator_dag.py for tasks to queue
[2025-02-06T16:16:43.646+0000] {logging_mixin.py:151} INFO - [2025-02-06T16:16:43.646+0000] {dagbag.py:539} INFO - Filling up the DagBag from /opt/airflow/dags/account_dim_generator_dag.py
[2025-02-06T16:16:43.898+0000] {processor.py:839} INFO - DAG(s) dict_keys(['account_dim_generator']) retrieved from /opt/airflow/dags/account_dim_generator_dag.py
[2025-02-06T16:16:43.914+0000] {logging_mixin.py:151} INFO - [2025-02-06T16:16:43.914+0000] {dag.py:2915} INFO - Sync 1 DAGs
[2025-02-06T16:16:43.936+0000] {logging_mixin.py:151} INFO - [2025-02-06T16:16:43.936+0000] {dag.py:3696} INFO - Setting next_dagrun for account_dim_generator to 2025-01-15T17:00:00+00:00, run_after=2025-01-16T17:00:00+00:00
[2025-02-06T16:16:43.952+0000] {processor.py:179} INFO - Processing /opt/airflow/dags/account_dim_generator_dag.py took 0.310 seconds
[2025-02-06T16:17:15.729+0000] {processor.py:157} INFO - Started process (PID=4999) to work on /opt/airflow/dags/account_dim_generator_dag.py
[2025-02-06T16:17:15.730+0000] {processor.py:829} INFO - Processing file /opt/airflow/dags/account_dim_generator_dag.py for tasks to queue
[2025-02-06T16:17:15.731+0000] {logging_mixin.py:151} INFO - [2025-02-06T16:17:15.731+0000] {dagbag.py:539} INFO - Filling up the DagBag from /opt/airflow/dags/account_dim_generator_dag.py
[2025-02-06T16:17:16.138+0000] {processor.py:839} INFO - DAG(s) dict_keys(['account_dim_generator']) retrieved from /opt/airflow/dags/account_dim_generator_dag.py
[2025-02-06T16:17:16.157+0000] {logging_mixin.py:151} INFO - [2025-02-06T16:17:16.156+0000] {dag.py:2915} INFO - Sync 1 DAGs
[2025-02-06T16:17:16.181+0000] {logging_mixin.py:151} INFO - [2025-02-06T16:17:16.181+0000] {dag.py:3696} INFO - Setting next_dagrun for account_dim_generator to 2025-01-15T17:00:00+00:00, run_after=2025-01-16T17:00:00+00:00
[2025-02-06T16:17:16.204+0000] {processor.py:179} INFO - Processing /opt/airflow/dags/account_dim_generator_dag.py took 0.478 seconds
[2025-02-06T16:17:48.562+0000] {processor.py:157} INFO - Started process (PID=5260) to work on /opt/airflow/dags/account_dim_generator_dag.py
[2025-02-06T16:17:48.564+0000] {processor.py:829} INFO - Processing file /opt/airflow/dags/account_dim_generator_dag.py for tasks to queue
[2025-02-06T16:17:48.564+0000] {logging_mixin.py:151} INFO - [2025-02-06T16:17:48.564+0000] {dagbag.py:539} INFO - Filling up the DagBag from /opt/airflow/dags/account_dim_generator_dag.py
[2025-02-06T16:17:48.841+0000] {processor.py:839} INFO - DAG(s) dict_keys(['account_dim_generator']) retrieved from /opt/airflow/dags/account_dim_generator_dag.py
[2025-02-06T16:17:48.858+0000] {logging_mixin.py:151} INFO - [2025-02-06T16:17:48.857+0000] {dag.py:2915} INFO - Sync 1 DAGs
[2025-02-06T16:17:48.877+0000] {logging_mixin.py:151} INFO - [2025-02-06T16:17:48.877+0000] {dag.py:3696} INFO - Setting next_dagrun for account_dim_generator to 2025-01-15T17:00:00+00:00, run_after=2025-01-16T17:00:00+00:00
[2025-02-06T16:17:48.893+0000] {processor.py:179} INFO - Processing /opt/airflow/dags/account_dim_generator_dag.py took 0.334 seconds
[2025-02-06T16:18:21.307+0000] {processor.py:157} INFO - Started process (PID=5521) to work on /opt/airflow/dags/account_dim_generator_dag.py
[2025-02-06T16:18:21.308+0000] {processor.py:829} INFO - Processing file /opt/airflow/dags/account_dim_generator_dag.py for tasks to queue
[2025-02-06T16:18:21.308+0000] {logging_mixin.py:151} INFO - [2025-02-06T16:18:21.308+0000] {dagbag.py:539} INFO - Filling up the DagBag from /opt/airflow/dags/account_dim_generator_dag.py
[2025-02-06T16:18:21.596+0000] {processor.py:839} INFO - DAG(s) dict_keys(['account_dim_generator']) retrieved from /opt/airflow/dags/account_dim_generator_dag.py
[2025-02-06T16:18:21.614+0000] {logging_mixin.py:151} INFO - [2025-02-06T16:18:21.613+0000] {dag.py:2915} INFO - Sync 1 DAGs
[2025-02-06T16:18:21.632+0000] {logging_mixin.py:151} INFO - [2025-02-06T16:18:21.631+0000] {dag.py:3696} INFO - Setting next_dagrun for account_dim_generator to 2025-01-15T17:00:00+00:00, run_after=2025-01-16T17:00:00+00:00
[2025-02-06T16:18:21.648+0000] {processor.py:179} INFO - Processing /opt/airflow/dags/account_dim_generator_dag.py took 0.344 seconds
[2025-02-06T16:18:54.077+0000] {processor.py:157} INFO - Started process (PID=5782) to work on /opt/airflow/dags/account_dim_generator_dag.py
[2025-02-06T16:18:54.078+0000] {processor.py:829} INFO - Processing file /opt/airflow/dags/account_dim_generator_dag.py for tasks to queue
[2025-02-06T16:18:54.079+0000] {logging_mixin.py:151} INFO - [2025-02-06T16:18:54.078+0000] {dagbag.py:539} INFO - Filling up the DagBag from /opt/airflow/dags/account_dim_generator_dag.py
[2025-02-06T16:18:54.365+0000] {processor.py:839} INFO - DAG(s) dict_keys(['account_dim_generator']) retrieved from /opt/airflow/dags/account_dim_generator_dag.py
[2025-02-06T16:18:54.383+0000] {logging_mixin.py:151} INFO - [2025-02-06T16:18:54.382+0000] {dag.py:2915} INFO - Sync 1 DAGs
[2025-02-06T16:18:54.400+0000] {logging_mixin.py:151} INFO - [2025-02-06T16:18:54.400+0000] {dag.py:3696} INFO - Setting next_dagrun for account_dim_generator to 2025-01-15T17:00:00+00:00, run_after=2025-01-16T17:00:00+00:00
[2025-02-06T16:18:54.415+0000] {processor.py:179} INFO - Processing /opt/airflow/dags/account_dim_generator_dag.py took 0.341 seconds
