[2025-02-06T15:19:03.003+0000] {processor.py:186} INFO - Started process (PID=190) to work on /opt/airflow/dags/branch_dim_generator_dag.py
[2025-02-06T15:19:03.004+0000] {processor.py:914} INFO - Processing file /opt/airflow/dags/branch_dim_generator_dag.py for tasks to queue
[2025-02-06T15:19:03.006+0000] {logging_mixin.py:190} INFO - [2025-02-06T15:19:03.005+0000] {dagbag.py:588} INFO - Filling up the DagBag from /opt/airflow/dags/branch_dim_generator_dag.py
[2025-02-06T15:19:03.028+0000] {processor.py:925} INFO - DAG(s) 'branch_dim_generator' retrieved from /opt/airflow/dags/branch_dim_generator_dag.py
[2025-02-06T15:19:03.069+0000] {logging_mixin.py:190} INFO - [2025-02-06T15:19:03.069+0000] {dag.py:3239} INFO - Sync 1 DAGs
[2025-02-06T15:19:03.095+0000] {logging_mixin.py:190} INFO - [2025-02-06T15:19:03.095+0000] {dag.py:4180} INFO - Setting next_dagrun for branch_dim_generator to 2025-01-15 17:00:00+00:00, run_after=2025-01-16 17:00:00+00:00
[2025-02-06T15:19:03.112+0000] {processor.py:208} INFO - Processing /opt/airflow/dags/branch_dim_generator_dag.py took 0.114 seconds
[2025-02-06T15:19:33.828+0000] {processor.py:186} INFO - Started process (PID=496) to work on /opt/airflow/dags/branch_dim_generator_dag.py
[2025-02-06T15:19:33.829+0000] {processor.py:914} INFO - Processing file /opt/airflow/dags/branch_dim_generator_dag.py for tasks to queue
[2025-02-06T15:19:33.832+0000] {logging_mixin.py:190} INFO - [2025-02-06T15:19:33.832+0000] {dagbag.py:588} INFO - Filling up the DagBag from /opt/airflow/dags/branch_dim_generator_dag.py
[2025-02-06T15:19:33.846+0000] {processor.py:925} INFO - DAG(s) 'branch_dim_generator' retrieved from /opt/airflow/dags/branch_dim_generator_dag.py
[2025-02-06T15:19:33.875+0000] {logging_mixin.py:190} INFO - [2025-02-06T15:19:33.874+0000] {dag.py:3239} INFO - Sync 1 DAGs
[2025-02-06T15:19:33.927+0000] {logging_mixin.py:190} INFO - [2025-02-06T15:19:33.926+0000] {dag.py:4180} INFO - Setting next_dagrun for branch_dim_generator to 2025-01-15 17:00:00+00:00, run_after=2025-01-16 17:00:00+00:00
[2025-02-06T15:19:33.945+0000] {processor.py:208} INFO - Processing /opt/airflow/dags/branch_dim_generator_dag.py took 0.123 seconds
[2025-02-06T15:20:03.981+0000] {processor.py:186} INFO - Started process (PID=802) to work on /opt/airflow/dags/branch_dim_generator_dag.py
[2025-02-06T15:20:03.982+0000] {processor.py:914} INFO - Processing file /opt/airflow/dags/branch_dim_generator_dag.py for tasks to queue
[2025-02-06T15:20:03.984+0000] {logging_mixin.py:190} INFO - [2025-02-06T15:20:03.983+0000] {dagbag.py:588} INFO - Filling up the DagBag from /opt/airflow/dags/branch_dim_generator_dag.py
[2025-02-06T15:20:03.991+0000] {processor.py:925} INFO - DAG(s) 'branch_dim_generator' retrieved from /opt/airflow/dags/branch_dim_generator_dag.py
[2025-02-06T15:20:04.007+0000] {logging_mixin.py:190} INFO - [2025-02-06T15:20:04.006+0000] {dag.py:3239} INFO - Sync 1 DAGs
[2025-02-06T15:20:04.025+0000] {logging_mixin.py:190} INFO - [2025-02-06T15:20:04.025+0000] {dag.py:4180} INFO - Setting next_dagrun for branch_dim_generator to 2025-01-15 17:00:00+00:00, run_after=2025-01-16 17:00:00+00:00
[2025-02-06T15:20:04.040+0000] {processor.py:208} INFO - Processing /opt/airflow/dags/branch_dim_generator_dag.py took 0.063 seconds
[2025-02-06T15:20:34.809+0000] {processor.py:186} INFO - Started process (PID=1108) to work on /opt/airflow/dags/branch_dim_generator_dag.py
[2025-02-06T15:20:34.810+0000] {processor.py:914} INFO - Processing file /opt/airflow/dags/branch_dim_generator_dag.py for tasks to queue
[2025-02-06T15:20:34.811+0000] {logging_mixin.py:190} INFO - [2025-02-06T15:20:34.811+0000] {dagbag.py:588} INFO - Filling up the DagBag from /opt/airflow/dags/branch_dim_generator_dag.py
[2025-02-06T15:20:34.819+0000] {processor.py:925} INFO - DAG(s) 'branch_dim_generator' retrieved from /opt/airflow/dags/branch_dim_generator_dag.py
[2025-02-06T15:20:34.834+0000] {logging_mixin.py:190} INFO - [2025-02-06T15:20:34.834+0000] {dag.py:3239} INFO - Sync 1 DAGs
[2025-02-06T15:20:34.852+0000] {logging_mixin.py:190} INFO - [2025-02-06T15:20:34.852+0000] {dag.py:4180} INFO - Setting next_dagrun for branch_dim_generator to 2025-01-15 17:00:00+00:00, run_after=2025-01-16 17:00:00+00:00
[2025-02-06T15:20:34.867+0000] {processor.py:208} INFO - Processing /opt/airflow/dags/branch_dim_generator_dag.py took 0.063 seconds
[2025-02-06T15:21:05.428+0000] {processor.py:186} INFO - Started process (PID=1414) to work on /opt/airflow/dags/branch_dim_generator_dag.py
[2025-02-06T15:21:05.429+0000] {processor.py:914} INFO - Processing file /opt/airflow/dags/branch_dim_generator_dag.py for tasks to queue
[2025-02-06T15:21:05.431+0000] {logging_mixin.py:190} INFO - [2025-02-06T15:21:05.430+0000] {dagbag.py:588} INFO - Filling up the DagBag from /opt/airflow/dags/branch_dim_generator_dag.py
[2025-02-06T15:21:05.437+0000] {processor.py:925} INFO - DAG(s) 'branch_dim_generator' retrieved from /opt/airflow/dags/branch_dim_generator_dag.py
[2025-02-06T15:21:05.452+0000] {logging_mixin.py:190} INFO - [2025-02-06T15:21:05.452+0000] {dag.py:3239} INFO - Sync 1 DAGs
[2025-02-06T15:21:05.472+0000] {logging_mixin.py:190} INFO - [2025-02-06T15:21:05.472+0000] {dag.py:4180} INFO - Setting next_dagrun for branch_dim_generator to 2025-01-15 17:00:00+00:00, run_after=2025-01-16 17:00:00+00:00
[2025-02-06T15:21:05.487+0000] {processor.py:208} INFO - Processing /opt/airflow/dags/branch_dim_generator_dag.py took 0.064 seconds
[2025-02-06T15:21:36.352+0000] {processor.py:186} INFO - Started process (PID=1720) to work on /opt/airflow/dags/branch_dim_generator_dag.py
[2025-02-06T15:21:36.353+0000] {processor.py:914} INFO - Processing file /opt/airflow/dags/branch_dim_generator_dag.py for tasks to queue
[2025-02-06T15:21:36.357+0000] {logging_mixin.py:190} INFO - [2025-02-06T15:21:36.356+0000] {dagbag.py:588} INFO - Filling up the DagBag from /opt/airflow/dags/branch_dim_generator_dag.py
[2025-02-06T15:21:36.371+0000] {processor.py:925} INFO - DAG(s) 'branch_dim_generator' retrieved from /opt/airflow/dags/branch_dim_generator_dag.py
[2025-02-06T15:21:36.403+0000] {logging_mixin.py:190} INFO - [2025-02-06T15:21:36.402+0000] {dag.py:3239} INFO - Sync 1 DAGs
[2025-02-06T15:21:36.434+0000] {logging_mixin.py:190} INFO - [2025-02-06T15:21:36.434+0000] {dag.py:4180} INFO - Setting next_dagrun for branch_dim_generator to 2025-01-15 17:00:00+00:00, run_after=2025-01-16 17:00:00+00:00
[2025-02-06T15:21:36.450+0000] {processor.py:208} INFO - Processing /opt/airflow/dags/branch_dim_generator_dag.py took 0.106 seconds
[2025-02-06T15:22:07.348+0000] {processor.py:186} INFO - Started process (PID=2026) to work on /opt/airflow/dags/branch_dim_generator_dag.py
[2025-02-06T15:22:07.349+0000] {processor.py:914} INFO - Processing file /opt/airflow/dags/branch_dim_generator_dag.py for tasks to queue
[2025-02-06T15:22:07.351+0000] {logging_mixin.py:190} INFO - [2025-02-06T15:22:07.350+0000] {dagbag.py:588} INFO - Filling up the DagBag from /opt/airflow/dags/branch_dim_generator_dag.py
[2025-02-06T15:22:07.357+0000] {processor.py:925} INFO - DAG(s) 'branch_dim_generator' retrieved from /opt/airflow/dags/branch_dim_generator_dag.py
[2025-02-06T15:22:07.373+0000] {logging_mixin.py:190} INFO - [2025-02-06T15:22:07.373+0000] {dag.py:3239} INFO - Sync 1 DAGs
[2025-02-06T15:22:07.392+0000] {logging_mixin.py:190} INFO - [2025-02-06T15:22:07.392+0000] {dag.py:4180} INFO - Setting next_dagrun for branch_dim_generator to 2025-01-15 17:00:00+00:00, run_after=2025-01-16 17:00:00+00:00
[2025-02-06T15:22:07.408+0000] {processor.py:208} INFO - Processing /opt/airflow/dags/branch_dim_generator_dag.py took 0.065 seconds
[2025-02-06T15:22:38.170+0000] {processor.py:186} INFO - Started process (PID=2332) to work on /opt/airflow/dags/branch_dim_generator_dag.py
[2025-02-06T15:22:38.171+0000] {processor.py:914} INFO - Processing file /opt/airflow/dags/branch_dim_generator_dag.py for tasks to queue
[2025-02-06T15:22:38.173+0000] {logging_mixin.py:190} INFO - [2025-02-06T15:22:38.173+0000] {dagbag.py:588} INFO - Filling up the DagBag from /opt/airflow/dags/branch_dim_generator_dag.py
[2025-02-06T15:22:38.181+0000] {processor.py:925} INFO - DAG(s) 'branch_dim_generator' retrieved from /opt/airflow/dags/branch_dim_generator_dag.py
[2025-02-06T15:22:38.199+0000] {logging_mixin.py:190} INFO - [2025-02-06T15:22:38.199+0000] {dag.py:3239} INFO - Sync 1 DAGs
[2025-02-06T15:22:38.221+0000] {logging_mixin.py:190} INFO - [2025-02-06T15:22:38.221+0000] {dag.py:4180} INFO - Setting next_dagrun for branch_dim_generator to 2025-01-15 17:00:00+00:00, run_after=2025-01-16 17:00:00+00:00
[2025-02-06T15:22:38.237+0000] {processor.py:208} INFO - Processing /opt/airflow/dags/branch_dim_generator_dag.py took 0.073 seconds
[2025-02-06T15:23:09.099+0000] {processor.py:186} INFO - Started process (PID=2638) to work on /opt/airflow/dags/branch_dim_generator_dag.py
[2025-02-06T15:23:09.100+0000] {processor.py:914} INFO - Processing file /opt/airflow/dags/branch_dim_generator_dag.py for tasks to queue
[2025-02-06T15:23:09.102+0000] {logging_mixin.py:190} INFO - [2025-02-06T15:23:09.102+0000] {dagbag.py:588} INFO - Filling up the DagBag from /opt/airflow/dags/branch_dim_generator_dag.py
[2025-02-06T15:23:09.110+0000] {processor.py:925} INFO - DAG(s) 'branch_dim_generator' retrieved from /opt/airflow/dags/branch_dim_generator_dag.py
[2025-02-06T15:23:09.128+0000] {logging_mixin.py:190} INFO - [2025-02-06T15:23:09.128+0000] {dag.py:3239} INFO - Sync 1 DAGs
[2025-02-06T15:23:09.151+0000] {logging_mixin.py:190} INFO - [2025-02-06T15:23:09.151+0000] {dag.py:4180} INFO - Setting next_dagrun for branch_dim_generator to 2025-01-15 17:00:00+00:00, run_after=2025-01-16 17:00:00+00:00
[2025-02-06T15:23:09.168+0000] {processor.py:208} INFO - Processing /opt/airflow/dags/branch_dim_generator_dag.py took 0.074 seconds
[2025-02-06T15:23:40.139+0000] {processor.py:186} INFO - Started process (PID=2944) to work on /opt/airflow/dags/branch_dim_generator_dag.py
[2025-02-06T15:23:40.140+0000] {processor.py:914} INFO - Processing file /opt/airflow/dags/branch_dim_generator_dag.py for tasks to queue
[2025-02-06T15:23:40.142+0000] {logging_mixin.py:190} INFO - [2025-02-06T15:23:40.142+0000] {dagbag.py:588} INFO - Filling up the DagBag from /opt/airflow/dags/branch_dim_generator_dag.py
[2025-02-06T15:23:40.150+0000] {processor.py:925} INFO - DAG(s) 'branch_dim_generator' retrieved from /opt/airflow/dags/branch_dim_generator_dag.py
[2025-02-06T15:23:40.171+0000] {logging_mixin.py:190} INFO - [2025-02-06T15:23:40.171+0000] {dag.py:3239} INFO - Sync 1 DAGs
[2025-02-06T15:23:40.196+0000] {logging_mixin.py:190} INFO - [2025-02-06T15:23:40.195+0000] {dag.py:4180} INFO - Setting next_dagrun for branch_dim_generator to 2025-01-15 17:00:00+00:00, run_after=2025-01-16 17:00:00+00:00
[2025-02-06T15:23:40.219+0000] {processor.py:208} INFO - Processing /opt/airflow/dags/branch_dim_generator_dag.py took 0.086 seconds
[2025-02-06T15:24:10.261+0000] {processor.py:186} INFO - Started process (PID=3250) to work on /opt/airflow/dags/branch_dim_generator_dag.py
[2025-02-06T15:24:10.262+0000] {processor.py:914} INFO - Processing file /opt/airflow/dags/branch_dim_generator_dag.py for tasks to queue
[2025-02-06T15:24:10.264+0000] {logging_mixin.py:190} INFO - [2025-02-06T15:24:10.264+0000] {dagbag.py:588} INFO - Filling up the DagBag from /opt/airflow/dags/branch_dim_generator_dag.py
[2025-02-06T15:24:10.273+0000] {processor.py:925} INFO - DAG(s) 'branch_dim_generator' retrieved from /opt/airflow/dags/branch_dim_generator_dag.py
[2025-02-06T15:24:10.294+0000] {logging_mixin.py:190} INFO - [2025-02-06T15:24:10.294+0000] {dag.py:3239} INFO - Sync 1 DAGs
[2025-02-06T15:24:10.317+0000] {logging_mixin.py:190} INFO - [2025-02-06T15:24:10.317+0000] {dag.py:4180} INFO - Setting next_dagrun for branch_dim_generator to 2025-01-15 17:00:00+00:00, run_after=2025-01-16 17:00:00+00:00
[2025-02-06T15:24:10.334+0000] {processor.py:208} INFO - Processing /opt/airflow/dags/branch_dim_generator_dag.py took 0.078 seconds
[2025-02-06T16:07:18.210+0000] {processor.py:157} INFO - Started process (PID=187) to work on /opt/airflow/dags/branch_dim_generator_dag.py
[2025-02-06T16:07:18.211+0000] {processor.py:829} INFO - Processing file /opt/airflow/dags/branch_dim_generator_dag.py for tasks to queue
[2025-02-06T16:07:18.212+0000] {logging_mixin.py:151} INFO - [2025-02-06T16:07:18.212+0000] {dagbag.py:539} INFO - Filling up the DagBag from /opt/airflow/dags/branch_dim_generator_dag.py
[2025-02-06T16:07:19.482+0000] {processor.py:839} INFO - DAG(s) dict_keys(['branch_dim_generator']) retrieved from /opt/airflow/dags/branch_dim_generator_dag.py
[2025-02-06T16:07:19.674+0000] {logging_mixin.py:151} INFO - [2025-02-06T16:07:19.674+0000] {manager.py:499} INFO - Created Permission View: %s
[2025-02-06T16:07:19.683+0000] {logging_mixin.py:151} INFO - [2025-02-06T16:07:19.683+0000] {manager.py:499} INFO - Created Permission View: %s
[2025-02-06T16:07:19.691+0000] {logging_mixin.py:151} INFO - [2025-02-06T16:07:19.691+0000] {manager.py:499} INFO - Created Permission View: %s
[2025-02-06T16:07:19.692+0000] {logging_mixin.py:151} INFO - [2025-02-06T16:07:19.691+0000] {security.py:708} INFO - Not syncing DAG-level permissions for DAG 'DAG:branch_dim_generator' as access control is unset.
[2025-02-06T16:07:19.692+0000] {logging_mixin.py:151} INFO - [2025-02-06T16:07:19.692+0000] {dag.py:2915} INFO - Sync 1 DAGs
[2025-02-06T16:07:19.704+0000] {logging_mixin.py:151} INFO - [2025-02-06T16:07:19.704+0000] {dag.py:2937} INFO - Creating ORM DAG for branch_dim_generator
[2025-02-06T16:07:19.714+0000] {logging_mixin.py:151} INFO - [2025-02-06T16:07:19.714+0000] {dag.py:3696} INFO - Setting next_dagrun for branch_dim_generator to 2025-01-15T17:00:00+00:00, run_after=2025-01-16T17:00:00+00:00
[2025-02-06T16:07:19.729+0000] {processor.py:179} INFO - Processing /opt/airflow/dags/branch_dim_generator_dag.py took 1.521 seconds
[2025-02-06T16:07:49.889+0000] {processor.py:157} INFO - Started process (PID=450) to work on /opt/airflow/dags/branch_dim_generator_dag.py
[2025-02-06T16:07:49.891+0000] {processor.py:829} INFO - Processing file /opt/airflow/dags/branch_dim_generator_dag.py for tasks to queue
[2025-02-06T16:07:49.892+0000] {logging_mixin.py:151} INFO - [2025-02-06T16:07:49.891+0000] {dagbag.py:539} INFO - Filling up the DagBag from /opt/airflow/dags/branch_dim_generator_dag.py
[2025-02-06T16:07:50.285+0000] {processor.py:839} INFO - DAG(s) dict_keys(['branch_dim_generator']) retrieved from /opt/airflow/dags/branch_dim_generator_dag.py
[2025-02-06T16:07:50.298+0000] {logging_mixin.py:151} INFO - [2025-02-06T16:07:50.297+0000] {dag.py:2915} INFO - Sync 1 DAGs
[2025-02-06T16:07:50.316+0000] {logging_mixin.py:151} INFO - [2025-02-06T16:07:50.316+0000] {dag.py:3696} INFO - Setting next_dagrun for branch_dim_generator to 2025-01-15T17:00:00+00:00, run_after=2025-01-16T17:00:00+00:00
[2025-02-06T16:07:50.334+0000] {processor.py:179} INFO - Processing /opt/airflow/dags/branch_dim_generator_dag.py took 0.448 seconds
[2025-02-06T16:08:21.052+0000] {processor.py:157} INFO - Started process (PID=722) to work on /opt/airflow/dags/branch_dim_generator_dag.py
[2025-02-06T16:08:21.055+0000] {processor.py:829} INFO - Processing file /opt/airflow/dags/branch_dim_generator_dag.py for tasks to queue
[2025-02-06T16:08:21.055+0000] {logging_mixin.py:151} INFO - [2025-02-06T16:08:21.055+0000] {dagbag.py:539} INFO - Filling up the DagBag from /opt/airflow/dags/branch_dim_generator_dag.py
[2025-02-06T16:08:21.383+0000] {processor.py:839} INFO - DAG(s) dict_keys(['branch_dim_generator']) retrieved from /opt/airflow/dags/branch_dim_generator_dag.py
[2025-02-06T16:08:21.405+0000] {logging_mixin.py:151} INFO - [2025-02-06T16:08:21.405+0000] {dag.py:2915} INFO - Sync 1 DAGs
[2025-02-06T16:08:21.428+0000] {logging_mixin.py:151} INFO - [2025-02-06T16:08:21.428+0000] {dag.py:3696} INFO - Setting next_dagrun for branch_dim_generator to 2025-01-15T17:00:00+00:00, run_after=2025-01-16T17:00:00+00:00
[2025-02-06T16:08:21.445+0000] {processor.py:179} INFO - Processing /opt/airflow/dags/branch_dim_generator_dag.py took 0.397 seconds
[2025-02-06T16:08:51.718+0000] {processor.py:157} INFO - Started process (PID=984) to work on /opt/airflow/dags/branch_dim_generator_dag.py
[2025-02-06T16:08:51.719+0000] {processor.py:829} INFO - Processing file /opt/airflow/dags/branch_dim_generator_dag.py for tasks to queue
[2025-02-06T16:08:51.720+0000] {logging_mixin.py:151} INFO - [2025-02-06T16:08:51.719+0000] {dagbag.py:539} INFO - Filling up the DagBag from /opt/airflow/dags/branch_dim_generator_dag.py
[2025-02-06T16:08:52.035+0000] {processor.py:839} INFO - DAG(s) dict_keys(['branch_dim_generator']) retrieved from /opt/airflow/dags/branch_dim_generator_dag.py
[2025-02-06T16:08:52.066+0000] {logging_mixin.py:151} INFO - [2025-02-06T16:08:52.065+0000] {dag.py:2915} INFO - Sync 1 DAGs
[2025-02-06T16:08:52.084+0000] {logging_mixin.py:151} INFO - [2025-02-06T16:08:52.084+0000] {dag.py:3696} INFO - Setting next_dagrun for branch_dim_generator to 2025-01-15T17:00:00+00:00, run_after=2025-01-16T17:00:00+00:00
[2025-02-06T16:08:52.098+0000] {processor.py:179} INFO - Processing /opt/airflow/dags/branch_dim_generator_dag.py took 0.382 seconds
[2025-02-06T16:09:22.925+0000] {processor.py:157} INFO - Started process (PID=1245) to work on /opt/airflow/dags/branch_dim_generator_dag.py
[2025-02-06T16:09:22.926+0000] {processor.py:829} INFO - Processing file /opt/airflow/dags/branch_dim_generator_dag.py for tasks to queue
[2025-02-06T16:09:22.926+0000] {logging_mixin.py:151} INFO - [2025-02-06T16:09:22.926+0000] {dagbag.py:539} INFO - Filling up the DagBag from /opt/airflow/dags/branch_dim_generator_dag.py
[2025-02-06T16:09:23.525+0000] {processor.py:839} INFO - DAG(s) dict_keys(['branch_dim_generator']) retrieved from /opt/airflow/dags/branch_dim_generator_dag.py
[2025-02-06T16:09:23.592+0000] {logging_mixin.py:151} INFO - [2025-02-06T16:09:23.591+0000] {dag.py:2915} INFO - Sync 1 DAGs
[2025-02-06T16:09:23.620+0000] {logging_mixin.py:151} INFO - [2025-02-06T16:09:23.619+0000] {dag.py:3696} INFO - Setting next_dagrun for branch_dim_generator to 2025-01-15T17:00:00+00:00, run_after=2025-01-16T17:00:00+00:00
[2025-02-06T16:09:23.643+0000] {processor.py:179} INFO - Processing /opt/airflow/dags/branch_dim_generator_dag.py took 0.722 seconds
[2025-02-06T16:09:54.501+0000] {processor.py:157} INFO - Started process (PID=1506) to work on /opt/airflow/dags/branch_dim_generator_dag.py
[2025-02-06T16:09:54.502+0000] {processor.py:829} INFO - Processing file /opt/airflow/dags/branch_dim_generator_dag.py for tasks to queue
[2025-02-06T16:09:54.504+0000] {logging_mixin.py:151} INFO - [2025-02-06T16:09:54.503+0000] {dagbag.py:539} INFO - Filling up the DagBag from /opt/airflow/dags/branch_dim_generator_dag.py
[2025-02-06T16:09:54.918+0000] {processor.py:839} INFO - DAG(s) dict_keys(['branch_dim_generator']) retrieved from /opt/airflow/dags/branch_dim_generator_dag.py
[2025-02-06T16:09:54.974+0000] {logging_mixin.py:151} INFO - [2025-02-06T16:09:54.973+0000] {dag.py:2915} INFO - Sync 1 DAGs
[2025-02-06T16:09:54.993+0000] {logging_mixin.py:151} INFO - [2025-02-06T16:09:54.993+0000] {dag.py:3696} INFO - Setting next_dagrun for branch_dim_generator to 2025-01-15T17:00:00+00:00, run_after=2025-01-16T17:00:00+00:00
[2025-02-06T16:09:55.008+0000] {processor.py:179} INFO - Processing /opt/airflow/dags/branch_dim_generator_dag.py took 0.511 seconds
[2025-02-06T16:10:25.853+0000] {processor.py:157} INFO - Started process (PID=1767) to work on /opt/airflow/dags/branch_dim_generator_dag.py
[2025-02-06T16:10:25.854+0000] {processor.py:829} INFO - Processing file /opt/airflow/dags/branch_dim_generator_dag.py for tasks to queue
[2025-02-06T16:10:25.855+0000] {logging_mixin.py:151} INFO - [2025-02-06T16:10:25.855+0000] {dagbag.py:539} INFO - Filling up the DagBag from /opt/airflow/dags/branch_dim_generator_dag.py
[2025-02-06T16:10:26.332+0000] {processor.py:839} INFO - DAG(s) dict_keys(['branch_dim_generator']) retrieved from /opt/airflow/dags/branch_dim_generator_dag.py
[2025-02-06T16:10:26.384+0000] {logging_mixin.py:151} INFO - [2025-02-06T16:10:26.384+0000] {dag.py:2915} INFO - Sync 1 DAGs
[2025-02-06T16:10:26.406+0000] {logging_mixin.py:151} INFO - [2025-02-06T16:10:26.406+0000] {dag.py:3696} INFO - Setting next_dagrun for branch_dim_generator to 2025-01-15T17:00:00+00:00, run_after=2025-01-16T17:00:00+00:00
[2025-02-06T16:10:26.425+0000] {processor.py:179} INFO - Processing /opt/airflow/dags/branch_dim_generator_dag.py took 0.577 seconds
[2025-02-06T16:10:57.070+0000] {processor.py:157} INFO - Started process (PID=2028) to work on /opt/airflow/dags/branch_dim_generator_dag.py
[2025-02-06T16:10:57.071+0000] {processor.py:829} INFO - Processing file /opt/airflow/dags/branch_dim_generator_dag.py for tasks to queue
[2025-02-06T16:10:57.071+0000] {logging_mixin.py:151} INFO - [2025-02-06T16:10:57.071+0000] {dagbag.py:539} INFO - Filling up the DagBag from /opt/airflow/dags/branch_dim_generator_dag.py
[2025-02-06T16:10:57.427+0000] {processor.py:839} INFO - DAG(s) dict_keys(['branch_dim_generator']) retrieved from /opt/airflow/dags/branch_dim_generator_dag.py
[2025-02-06T16:10:57.481+0000] {logging_mixin.py:151} INFO - [2025-02-06T16:10:57.480+0000] {dag.py:2915} INFO - Sync 1 DAGs
[2025-02-06T16:10:57.506+0000] {logging_mixin.py:151} INFO - [2025-02-06T16:10:57.505+0000] {dag.py:3696} INFO - Setting next_dagrun for branch_dim_generator to 2025-01-15T17:00:00+00:00, run_after=2025-01-16T17:00:00+00:00
[2025-02-06T16:10:57.524+0000] {processor.py:179} INFO - Processing /opt/airflow/dags/branch_dim_generator_dag.py took 0.457 seconds
[2025-02-06T16:11:28.196+0000] {processor.py:157} INFO - Started process (PID=2289) to work on /opt/airflow/dags/branch_dim_generator_dag.py
[2025-02-06T16:11:28.198+0000] {processor.py:829} INFO - Processing file /opt/airflow/dags/branch_dim_generator_dag.py for tasks to queue
[2025-02-06T16:11:28.199+0000] {logging_mixin.py:151} INFO - [2025-02-06T16:11:28.198+0000] {dagbag.py:539} INFO - Filling up the DagBag from /opt/airflow/dags/branch_dim_generator_dag.py
[2025-02-06T16:11:28.585+0000] {processor.py:839} INFO - DAG(s) dict_keys(['branch_dim_generator']) retrieved from /opt/airflow/dags/branch_dim_generator_dag.py
[2025-02-06T16:11:28.648+0000] {logging_mixin.py:151} INFO - [2025-02-06T16:11:28.648+0000] {dag.py:2915} INFO - Sync 1 DAGs
[2025-02-06T16:11:28.673+0000] {logging_mixin.py:151} INFO - [2025-02-06T16:11:28.672+0000] {dag.py:3696} INFO - Setting next_dagrun for branch_dim_generator to 2025-01-15T17:00:00+00:00, run_after=2025-01-16T17:00:00+00:00
[2025-02-06T16:11:28.690+0000] {processor.py:179} INFO - Processing /opt/airflow/dags/branch_dim_generator_dag.py took 0.495 seconds
[2025-02-06T16:11:59.650+0000] {processor.py:157} INFO - Started process (PID=2550) to work on /opt/airflow/dags/branch_dim_generator_dag.py
[2025-02-06T16:11:59.652+0000] {processor.py:829} INFO - Processing file /opt/airflow/dags/branch_dim_generator_dag.py for tasks to queue
[2025-02-06T16:11:59.652+0000] {logging_mixin.py:151} INFO - [2025-02-06T16:11:59.652+0000] {dagbag.py:539} INFO - Filling up the DagBag from /opt/airflow/dags/branch_dim_generator_dag.py
[2025-02-06T16:11:59.990+0000] {processor.py:839} INFO - DAG(s) dict_keys(['branch_dim_generator']) retrieved from /opt/airflow/dags/branch_dim_generator_dag.py
[2025-02-06T16:12:00.021+0000] {logging_mixin.py:151} INFO - [2025-02-06T16:12:00.020+0000] {dag.py:2915} INFO - Sync 1 DAGs
[2025-02-06T16:12:00.044+0000] {logging_mixin.py:151} INFO - [2025-02-06T16:12:00.044+0000] {dag.py:3696} INFO - Setting next_dagrun for branch_dim_generator to 2025-01-15T17:00:00+00:00, run_after=2025-01-16T17:00:00+00:00
[2025-02-06T16:12:00.061+0000] {processor.py:179} INFO - Processing /opt/airflow/dags/branch_dim_generator_dag.py took 0.413 seconds
[2025-02-06T16:12:30.581+0000] {processor.py:157} INFO - Started process (PID=2811) to work on /opt/airflow/dags/branch_dim_generator_dag.py
[2025-02-06T16:12:30.582+0000] {processor.py:829} INFO - Processing file /opt/airflow/dags/branch_dim_generator_dag.py for tasks to queue
[2025-02-06T16:12:30.583+0000] {logging_mixin.py:151} INFO - [2025-02-06T16:12:30.583+0000] {dagbag.py:539} INFO - Filling up the DagBag from /opt/airflow/dags/branch_dim_generator_dag.py
[2025-02-06T16:12:30.942+0000] {processor.py:839} INFO - DAG(s) dict_keys(['branch_dim_generator']) retrieved from /opt/airflow/dags/branch_dim_generator_dag.py
[2025-02-06T16:12:30.996+0000] {logging_mixin.py:151} INFO - [2025-02-06T16:12:30.995+0000] {dag.py:2915} INFO - Sync 1 DAGs
[2025-02-06T16:12:31.019+0000] {logging_mixin.py:151} INFO - [2025-02-06T16:12:31.019+0000] {dag.py:3696} INFO - Setting next_dagrun for branch_dim_generator to 2025-01-15T17:00:00+00:00, run_after=2025-01-16T17:00:00+00:00
[2025-02-06T16:12:31.036+0000] {processor.py:179} INFO - Processing /opt/airflow/dags/branch_dim_generator_dag.py took 0.458 seconds
[2025-02-06T16:13:01.187+0000] {processor.py:157} INFO - Started process (PID=3072) to work on /opt/airflow/dags/branch_dim_generator_dag.py
[2025-02-06T16:13:01.188+0000] {processor.py:829} INFO - Processing file /opt/airflow/dags/branch_dim_generator_dag.py for tasks to queue
[2025-02-06T16:13:01.189+0000] {logging_mixin.py:151} INFO - [2025-02-06T16:13:01.189+0000] {dagbag.py:539} INFO - Filling up the DagBag from /opt/airflow/dags/branch_dim_generator_dag.py
[2025-02-06T16:13:01.567+0000] {processor.py:839} INFO - DAG(s) dict_keys(['branch_dim_generator']) retrieved from /opt/airflow/dags/branch_dim_generator_dag.py
[2025-02-06T16:13:01.634+0000] {logging_mixin.py:151} INFO - [2025-02-06T16:13:01.633+0000] {dag.py:2915} INFO - Sync 1 DAGs
[2025-02-06T16:13:01.656+0000] {logging_mixin.py:151} INFO - [2025-02-06T16:13:01.655+0000] {dag.py:3696} INFO - Setting next_dagrun for branch_dim_generator to 2025-01-15T17:00:00+00:00, run_after=2025-01-16T17:00:00+00:00
[2025-02-06T16:13:01.673+0000] {processor.py:179} INFO - Processing /opt/airflow/dags/branch_dim_generator_dag.py took 0.488 seconds
[2025-02-06T16:13:31.878+0000] {processor.py:157} INFO - Started process (PID=3333) to work on /opt/airflow/dags/branch_dim_generator_dag.py
[2025-02-06T16:13:31.879+0000] {processor.py:829} INFO - Processing file /opt/airflow/dags/branch_dim_generator_dag.py for tasks to queue
[2025-02-06T16:13:31.880+0000] {logging_mixin.py:151} INFO - [2025-02-06T16:13:31.880+0000] {dagbag.py:539} INFO - Filling up the DagBag from /opt/airflow/dags/branch_dim_generator_dag.py
[2025-02-06T16:13:32.224+0000] {processor.py:839} INFO - DAG(s) dict_keys(['branch_dim_generator']) retrieved from /opt/airflow/dags/branch_dim_generator_dag.py
[2025-02-06T16:13:32.281+0000] {logging_mixin.py:151} INFO - [2025-02-06T16:13:32.281+0000] {dag.py:2915} INFO - Sync 1 DAGs
[2025-02-06T16:13:32.304+0000] {logging_mixin.py:151} INFO - [2025-02-06T16:13:32.303+0000] {dag.py:3696} INFO - Setting next_dagrun for branch_dim_generator to 2025-01-15T17:00:00+00:00, run_after=2025-01-16T17:00:00+00:00
[2025-02-06T16:13:32.321+0000] {processor.py:179} INFO - Processing /opt/airflow/dags/branch_dim_generator_dag.py took 0.446 seconds
[2025-02-06T16:14:02.556+0000] {processor.py:157} INFO - Started process (PID=3594) to work on /opt/airflow/dags/branch_dim_generator_dag.py
[2025-02-06T16:14:02.558+0000] {processor.py:829} INFO - Processing file /opt/airflow/dags/branch_dim_generator_dag.py for tasks to queue
[2025-02-06T16:14:02.558+0000] {logging_mixin.py:151} INFO - [2025-02-06T16:14:02.558+0000] {dagbag.py:539} INFO - Filling up the DagBag from /opt/airflow/dags/branch_dim_generator_dag.py
[2025-02-06T16:14:02.955+0000] {processor.py:839} INFO - DAG(s) dict_keys(['branch_dim_generator']) retrieved from /opt/airflow/dags/branch_dim_generator_dag.py
[2025-02-06T16:14:03.004+0000] {logging_mixin.py:151} INFO - [2025-02-06T16:14:03.003+0000] {dag.py:2915} INFO - Sync 1 DAGs
[2025-02-06T16:14:03.028+0000] {logging_mixin.py:151} INFO - [2025-02-06T16:14:03.028+0000] {dag.py:3696} INFO - Setting next_dagrun for branch_dim_generator to 2025-01-15T17:00:00+00:00, run_after=2025-01-16T17:00:00+00:00
[2025-02-06T16:14:03.049+0000] {processor.py:179} INFO - Processing /opt/airflow/dags/branch_dim_generator_dag.py took 0.495 seconds
[2025-02-06T16:14:33.214+0000] {processor.py:157} INFO - Started process (PID=3847) to work on /opt/airflow/dags/branch_dim_generator_dag.py
[2025-02-06T16:14:33.216+0000] {processor.py:829} INFO - Processing file /opt/airflow/dags/branch_dim_generator_dag.py for tasks to queue
[2025-02-06T16:14:33.216+0000] {logging_mixin.py:151} INFO - [2025-02-06T16:14:33.216+0000] {dagbag.py:539} INFO - Filling up the DagBag from /opt/airflow/dags/branch_dim_generator_dag.py
[2025-02-06T16:14:33.735+0000] {processor.py:839} INFO - DAG(s) dict_keys(['branch_dim_generator']) retrieved from /opt/airflow/dags/branch_dim_generator_dag.py
[2025-02-06T16:14:33.772+0000] {logging_mixin.py:151} INFO - [2025-02-06T16:14:33.771+0000] {dag.py:2915} INFO - Sync 1 DAGs
[2025-02-06T16:14:33.794+0000] {logging_mixin.py:151} INFO - [2025-02-06T16:14:33.794+0000] {dag.py:3696} INFO - Setting next_dagrun for branch_dim_generator to 2025-01-15T17:00:00+00:00, run_after=2025-01-16T17:00:00+00:00
[2025-02-06T16:14:33.811+0000] {processor.py:179} INFO - Processing /opt/airflow/dags/branch_dim_generator_dag.py took 0.599 seconds
[2025-02-06T16:15:04.349+0000] {processor.py:157} INFO - Started process (PID=3943) to work on /opt/airflow/dags/branch_dim_generator_dag.py
[2025-02-06T16:15:04.350+0000] {processor.py:829} INFO - Processing file /opt/airflow/dags/branch_dim_generator_dag.py for tasks to queue
[2025-02-06T16:15:04.351+0000] {logging_mixin.py:151} INFO - [2025-02-06T16:15:04.351+0000] {dagbag.py:539} INFO - Filling up the DagBag from /opt/airflow/dags/branch_dim_generator_dag.py
[2025-02-06T16:15:04.931+0000] {processor.py:839} INFO - DAG(s) dict_keys(['branch_dim_generator']) retrieved from /opt/airflow/dags/branch_dim_generator_dag.py
[2025-02-06T16:15:04.966+0000] {logging_mixin.py:151} INFO - [2025-02-06T16:15:04.965+0000] {dag.py:2915} INFO - Sync 1 DAGs
[2025-02-06T16:15:04.990+0000] {logging_mixin.py:151} INFO - [2025-02-06T16:15:04.990+0000] {dag.py:3696} INFO - Setting next_dagrun for branch_dim_generator to 2025-01-15T17:00:00+00:00, run_after=2025-01-16T17:00:00+00:00
[2025-02-06T16:15:05.011+0000] {processor.py:179} INFO - Processing /opt/airflow/dags/branch_dim_generator_dag.py took 0.664 seconds
[2025-02-06T16:15:37.000+0000] {processor.py:157} INFO - Started process (PID=4204) to work on /opt/airflow/dags/branch_dim_generator_dag.py
[2025-02-06T16:15:37.001+0000] {processor.py:829} INFO - Processing file /opt/airflow/dags/branch_dim_generator_dag.py for tasks to queue
[2025-02-06T16:15:37.002+0000] {logging_mixin.py:151} INFO - [2025-02-06T16:15:37.002+0000] {dagbag.py:539} INFO - Filling up the DagBag from /opt/airflow/dags/branch_dim_generator_dag.py
[2025-02-06T16:15:37.551+0000] {processor.py:839} INFO - DAG(s) dict_keys(['branch_dim_generator']) retrieved from /opt/airflow/dags/branch_dim_generator_dag.py
[2025-02-06T16:15:37.594+0000] {logging_mixin.py:151} INFO - [2025-02-06T16:15:37.593+0000] {dag.py:2915} INFO - Sync 1 DAGs
[2025-02-06T16:15:37.616+0000] {logging_mixin.py:151} INFO - [2025-02-06T16:15:37.616+0000] {dag.py:3696} INFO - Setting next_dagrun for branch_dim_generator to 2025-01-15T17:00:00+00:00, run_after=2025-01-16T17:00:00+00:00
[2025-02-06T16:15:37.637+0000] {processor.py:179} INFO - Processing /opt/airflow/dags/branch_dim_generator_dag.py took 0.639 seconds
[2025-02-06T16:16:09.658+0000] {processor.py:157} INFO - Started process (PID=4465) to work on /opt/airflow/dags/branch_dim_generator_dag.py
[2025-02-06T16:16:09.659+0000] {processor.py:829} INFO - Processing file /opt/airflow/dags/branch_dim_generator_dag.py for tasks to queue
[2025-02-06T16:16:09.659+0000] {logging_mixin.py:151} INFO - [2025-02-06T16:16:09.659+0000] {dagbag.py:539} INFO - Filling up the DagBag from /opt/airflow/dags/branch_dim_generator_dag.py
[2025-02-06T16:16:10.181+0000] {processor.py:839} INFO - DAG(s) dict_keys(['branch_dim_generator']) retrieved from /opt/airflow/dags/branch_dim_generator_dag.py
[2025-02-06T16:16:10.235+0000] {logging_mixin.py:151} INFO - [2025-02-06T16:16:10.234+0000] {dag.py:2915} INFO - Sync 1 DAGs
[2025-02-06T16:16:10.257+0000] {logging_mixin.py:151} INFO - [2025-02-06T16:16:10.256+0000] {dag.py:3696} INFO - Setting next_dagrun for branch_dim_generator to 2025-01-15T17:00:00+00:00, run_after=2025-01-16T17:00:00+00:00
[2025-02-06T16:16:10.273+0000] {processor.py:179} INFO - Processing /opt/airflow/dags/branch_dim_generator_dag.py took 0.618 seconds
[2025-02-06T16:16:43.030+0000] {processor.py:157} INFO - Started process (PID=4726) to work on /opt/airflow/dags/branch_dim_generator_dag.py
[2025-02-06T16:16:43.031+0000] {processor.py:829} INFO - Processing file /opt/airflow/dags/branch_dim_generator_dag.py for tasks to queue
[2025-02-06T16:16:43.032+0000] {logging_mixin.py:151} INFO - [2025-02-06T16:16:43.032+0000] {dagbag.py:539} INFO - Filling up the DagBag from /opt/airflow/dags/branch_dim_generator_dag.py
[2025-02-06T16:16:43.555+0000] {processor.py:839} INFO - DAG(s) dict_keys(['branch_dim_generator']) retrieved from /opt/airflow/dags/branch_dim_generator_dag.py
[2025-02-06T16:16:43.578+0000] {logging_mixin.py:151} INFO - [2025-02-06T16:16:43.577+0000] {dag.py:2915} INFO - Sync 1 DAGs
[2025-02-06T16:16:43.598+0000] {logging_mixin.py:151} INFO - [2025-02-06T16:16:43.598+0000] {dag.py:3696} INFO - Setting next_dagrun for branch_dim_generator to 2025-01-15T17:00:00+00:00, run_after=2025-01-16T17:00:00+00:00
[2025-02-06T16:16:43.615+0000] {processor.py:179} INFO - Processing /opt/airflow/dags/branch_dim_generator_dag.py took 0.587 seconds
[2025-02-06T16:17:15.217+0000] {processor.py:157} INFO - Started process (PID=4987) to work on /opt/airflow/dags/branch_dim_generator_dag.py
[2025-02-06T16:17:15.218+0000] {processor.py:829} INFO - Processing file /opt/airflow/dags/branch_dim_generator_dag.py for tasks to queue
[2025-02-06T16:17:15.219+0000] {logging_mixin.py:151} INFO - [2025-02-06T16:17:15.219+0000] {dagbag.py:539} INFO - Filling up the DagBag from /opt/airflow/dags/branch_dim_generator_dag.py
[2025-02-06T16:17:15.605+0000] {processor.py:839} INFO - DAG(s) dict_keys(['branch_dim_generator']) retrieved from /opt/airflow/dags/branch_dim_generator_dag.py
[2025-02-06T16:17:15.641+0000] {logging_mixin.py:151} INFO - [2025-02-06T16:17:15.640+0000] {dag.py:2915} INFO - Sync 1 DAGs
[2025-02-06T16:17:15.666+0000] {logging_mixin.py:151} INFO - [2025-02-06T16:17:15.666+0000] {dag.py:3696} INFO - Setting next_dagrun for branch_dim_generator to 2025-01-15T17:00:00+00:00, run_after=2025-01-16T17:00:00+00:00
[2025-02-06T16:17:15.689+0000] {processor.py:179} INFO - Processing /opt/airflow/dags/branch_dim_generator_dag.py took 0.474 seconds
[2025-02-06T16:17:48.184+0000] {processor.py:157} INFO - Started process (PID=5248) to work on /opt/airflow/dags/branch_dim_generator_dag.py
[2025-02-06T16:17:48.185+0000] {processor.py:829} INFO - Processing file /opt/airflow/dags/branch_dim_generator_dag.py for tasks to queue
[2025-02-06T16:17:48.186+0000] {logging_mixin.py:151} INFO - [2025-02-06T16:17:48.185+0000] {dagbag.py:539} INFO - Filling up the DagBag from /opt/airflow/dags/branch_dim_generator_dag.py
[2025-02-06T16:17:48.462+0000] {processor.py:839} INFO - DAG(s) dict_keys(['branch_dim_generator']) retrieved from /opt/airflow/dags/branch_dim_generator_dag.py
[2025-02-06T16:17:48.482+0000] {logging_mixin.py:151} INFO - [2025-02-06T16:17:48.481+0000] {dag.py:2915} INFO - Sync 1 DAGs
[2025-02-06T16:17:48.506+0000] {logging_mixin.py:151} INFO - [2025-02-06T16:17:48.505+0000] {dag.py:3696} INFO - Setting next_dagrun for branch_dim_generator to 2025-01-15T17:00:00+00:00, run_after=2025-01-16T17:00:00+00:00
[2025-02-06T16:17:48.527+0000] {processor.py:179} INFO - Processing /opt/airflow/dags/branch_dim_generator_dag.py took 0.346 seconds
[2025-02-06T16:18:20.945+0000] {processor.py:157} INFO - Started process (PID=5509) to work on /opt/airflow/dags/branch_dim_generator_dag.py
[2025-02-06T16:18:20.946+0000] {processor.py:829} INFO - Processing file /opt/airflow/dags/branch_dim_generator_dag.py for tasks to queue
[2025-02-06T16:18:20.947+0000] {logging_mixin.py:151} INFO - [2025-02-06T16:18:20.947+0000] {dagbag.py:539} INFO - Filling up the DagBag from /opt/airflow/dags/branch_dim_generator_dag.py
[2025-02-06T16:18:21.222+0000] {processor.py:839} INFO - DAG(s) dict_keys(['branch_dim_generator']) retrieved from /opt/airflow/dags/branch_dim_generator_dag.py
[2025-02-06T16:18:21.242+0000] {logging_mixin.py:151} INFO - [2025-02-06T16:18:21.241+0000] {dag.py:2915} INFO - Sync 1 DAGs
[2025-02-06T16:18:21.260+0000] {logging_mixin.py:151} INFO - [2025-02-06T16:18:21.260+0000] {dag.py:3696} INFO - Setting next_dagrun for branch_dim_generator to 2025-01-15T17:00:00+00:00, run_after=2025-01-16T17:00:00+00:00
[2025-02-06T16:18:21.277+0000] {processor.py:179} INFO - Processing /opt/airflow/dags/branch_dim_generator_dag.py took 0.335 seconds
[2025-02-06T16:18:53.724+0000] {processor.py:157} INFO - Started process (PID=5770) to work on /opt/airflow/dags/branch_dim_generator_dag.py
[2025-02-06T16:18:53.725+0000] {processor.py:829} INFO - Processing file /opt/airflow/dags/branch_dim_generator_dag.py for tasks to queue
[2025-02-06T16:18:53.726+0000] {logging_mixin.py:151} INFO - [2025-02-06T16:18:53.725+0000] {dagbag.py:539} INFO - Filling up the DagBag from /opt/airflow/dags/branch_dim_generator_dag.py
[2025-02-06T16:18:53.987+0000] {processor.py:839} INFO - DAG(s) dict_keys(['branch_dim_generator']) retrieved from /opt/airflow/dags/branch_dim_generator_dag.py
[2025-02-06T16:18:54.008+0000] {logging_mixin.py:151} INFO - [2025-02-06T16:18:54.008+0000] {dag.py:2915} INFO - Sync 1 DAGs
[2025-02-06T16:18:54.029+0000] {logging_mixin.py:151} INFO - [2025-02-06T16:18:54.029+0000] {dag.py:3696} INFO - Setting next_dagrun for branch_dim_generator to 2025-01-15T17:00:00+00:00, run_after=2025-01-16T17:00:00+00:00
[2025-02-06T16:18:54.045+0000] {processor.py:179} INFO - Processing /opt/airflow/dags/branch_dim_generator_dag.py took 0.324 seconds
