[2025-02-06T15:19:03.035+0000] {processor.py:186} INFO - Started process (PID=195) to work on /opt/airflow/dags/customer_dim_generator_dag.py
[2025-02-06T15:19:03.036+0000] {processor.py:914} INFO - Processing file /opt/airflow/dags/customer_dim_generator_dag.py for tasks to queue
[2025-02-06T15:19:03.037+0000] {logging_mixin.py:190} INFO - [2025-02-06T15:19:03.037+0000] {dagbag.py:588} INFO - Filling up the DagBag from /opt/airflow/dags/customer_dim_generator_dag.py
[2025-02-06T15:19:03.045+0000] {processor.py:925} INFO - DAG(s) 'customer_dim_generator' retrieved from /opt/airflow/dags/customer_dim_generator_dag.py
[2025-02-06T15:19:03.072+0000] {logging_mixin.py:190} INFO - [2025-02-06T15:19:03.072+0000] {dag.py:3239} INFO - Sync 1 DAGs
[2025-02-06T15:19:03.095+0000] {logging_mixin.py:190} INFO - [2025-02-06T15:19:03.094+0000] {dag.py:4180} INFO - Setting next_dagrun for customer_dim_generator to 2025-01-15 17:00:00+00:00, run_after=2025-01-16 17:00:00+00:00
[2025-02-06T15:19:03.112+0000] {processor.py:208} INFO - Processing /opt/airflow/dags/customer_dim_generator_dag.py took 0.081 seconds
[2025-02-06T15:19:33.891+0000] {processor.py:186} INFO - Started process (PID=501) to work on /opt/airflow/dags/customer_dim_generator_dag.py
[2025-02-06T15:19:33.893+0000] {processor.py:914} INFO - Processing file /opt/airflow/dags/customer_dim_generator_dag.py for tasks to queue
[2025-02-06T15:19:33.895+0000] {logging_mixin.py:190} INFO - [2025-02-06T15:19:33.895+0000] {dagbag.py:588} INFO - Filling up the DagBag from /opt/airflow/dags/customer_dim_generator_dag.py
[2025-02-06T15:19:33.904+0000] {processor.py:925} INFO - DAG(s) 'customer_dim_generator' retrieved from /opt/airflow/dags/customer_dim_generator_dag.py
[2025-02-06T15:19:33.924+0000] {logging_mixin.py:190} INFO - [2025-02-06T15:19:33.923+0000] {dag.py:3239} INFO - Sync 1 DAGs
[2025-02-06T15:19:33.943+0000] {logging_mixin.py:190} INFO - [2025-02-06T15:19:33.943+0000] {dag.py:4180} INFO - Setting next_dagrun for customer_dim_generator to 2025-01-15 17:00:00+00:00, run_after=2025-01-16 17:00:00+00:00
[2025-02-06T15:19:33.959+0000] {processor.py:208} INFO - Processing /opt/airflow/dags/customer_dim_generator_dag.py took 0.074 seconds
[2025-02-06T15:20:04.020+0000] {processor.py:186} INFO - Started process (PID=807) to work on /opt/airflow/dags/customer_dim_generator_dag.py
[2025-02-06T15:20:04.021+0000] {processor.py:914} INFO - Processing file /opt/airflow/dags/customer_dim_generator_dag.py for tasks to queue
[2025-02-06T15:20:04.022+0000] {logging_mixin.py:190} INFO - [2025-02-06T15:20:04.022+0000] {dagbag.py:588} INFO - Filling up the DagBag from /opt/airflow/dags/customer_dim_generator_dag.py
[2025-02-06T15:20:04.028+0000] {processor.py:925} INFO - DAG(s) 'customer_dim_generator' retrieved from /opt/airflow/dags/customer_dim_generator_dag.py
[2025-02-06T15:20:04.046+0000] {logging_mixin.py:190} INFO - [2025-02-06T15:20:04.046+0000] {dag.py:3239} INFO - Sync 1 DAGs
[2025-02-06T15:20:04.065+0000] {logging_mixin.py:190} INFO - [2025-02-06T15:20:04.065+0000] {dag.py:4180} INFO - Setting next_dagrun for customer_dim_generator to 2025-01-15 17:00:00+00:00, run_after=2025-01-16 17:00:00+00:00
[2025-02-06T15:20:04.078+0000] {processor.py:208} INFO - Processing /opt/airflow/dags/customer_dim_generator_dag.py took 0.062 seconds
[2025-02-06T15:20:34.849+0000] {processor.py:186} INFO - Started process (PID=1113) to work on /opt/airflow/dags/customer_dim_generator_dag.py
[2025-02-06T15:20:34.850+0000] {processor.py:914} INFO - Processing file /opt/airflow/dags/customer_dim_generator_dag.py for tasks to queue
[2025-02-06T15:20:34.851+0000] {logging_mixin.py:190} INFO - [2025-02-06T15:20:34.851+0000] {dagbag.py:588} INFO - Filling up the DagBag from /opt/airflow/dags/customer_dim_generator_dag.py
[2025-02-06T15:20:34.857+0000] {processor.py:925} INFO - DAG(s) 'customer_dim_generator' retrieved from /opt/airflow/dags/customer_dim_generator_dag.py
[2025-02-06T15:20:34.874+0000] {logging_mixin.py:190} INFO - [2025-02-06T15:20:34.874+0000] {dag.py:3239} INFO - Sync 1 DAGs
[2025-02-06T15:20:34.900+0000] {logging_mixin.py:190} INFO - [2025-02-06T15:20:34.900+0000] {dag.py:4180} INFO - Setting next_dagrun for customer_dim_generator to 2025-01-15 17:00:00+00:00, run_after=2025-01-16 17:00:00+00:00
[2025-02-06T15:20:34.914+0000] {processor.py:208} INFO - Processing /opt/airflow/dags/customer_dim_generator_dag.py took 0.069 seconds
[2025-02-06T15:21:05.470+0000] {processor.py:186} INFO - Started process (PID=1419) to work on /opt/airflow/dags/customer_dim_generator_dag.py
[2025-02-06T15:21:05.470+0000] {processor.py:914} INFO - Processing file /opt/airflow/dags/customer_dim_generator_dag.py for tasks to queue
[2025-02-06T15:21:05.472+0000] {logging_mixin.py:190} INFO - [2025-02-06T15:21:05.472+0000] {dagbag.py:588} INFO - Filling up the DagBag from /opt/airflow/dags/customer_dim_generator_dag.py
[2025-02-06T15:21:05.478+0000] {processor.py:925} INFO - DAG(s) 'customer_dim_generator' retrieved from /opt/airflow/dags/customer_dim_generator_dag.py
[2025-02-06T15:21:05.493+0000] {logging_mixin.py:190} INFO - [2025-02-06T15:21:05.493+0000] {dag.py:3239} INFO - Sync 1 DAGs
[2025-02-06T15:21:05.516+0000] {logging_mixin.py:190} INFO - [2025-02-06T15:21:05.516+0000] {dag.py:4180} INFO - Setting next_dagrun for customer_dim_generator to 2025-01-15 17:00:00+00:00, run_after=2025-01-16 17:00:00+00:00
[2025-02-06T15:21:05.532+0000] {processor.py:208} INFO - Processing /opt/airflow/dags/customer_dim_generator_dag.py took 0.067 seconds
[2025-02-06T15:21:36.448+0000] {processor.py:186} INFO - Started process (PID=1725) to work on /opt/airflow/dags/customer_dim_generator_dag.py
[2025-02-06T15:21:36.449+0000] {processor.py:914} INFO - Processing file /opt/airflow/dags/customer_dim_generator_dag.py for tasks to queue
[2025-02-06T15:21:36.451+0000] {logging_mixin.py:190} INFO - [2025-02-06T15:21:36.451+0000] {dagbag.py:588} INFO - Filling up the DagBag from /opt/airflow/dags/customer_dim_generator_dag.py
[2025-02-06T15:21:36.459+0000] {processor.py:925} INFO - DAG(s) 'customer_dim_generator' retrieved from /opt/airflow/dags/customer_dim_generator_dag.py
[2025-02-06T15:21:36.477+0000] {logging_mixin.py:190} INFO - [2025-02-06T15:21:36.477+0000] {dag.py:3239} INFO - Sync 1 DAGs
[2025-02-06T15:21:36.502+0000] {logging_mixin.py:190} INFO - [2025-02-06T15:21:36.502+0000] {dag.py:4180} INFO - Setting next_dagrun for customer_dim_generator to 2025-01-15 17:00:00+00:00, run_after=2025-01-16 17:00:00+00:00
[2025-02-06T15:21:36.521+0000] {processor.py:208} INFO - Processing /opt/airflow/dags/customer_dim_generator_dag.py took 0.079 seconds
[2025-02-06T15:22:07.388+0000] {processor.py:186} INFO - Started process (PID=2031) to work on /opt/airflow/dags/customer_dim_generator_dag.py
[2025-02-06T15:22:07.389+0000] {processor.py:914} INFO - Processing file /opt/airflow/dags/customer_dim_generator_dag.py for tasks to queue
[2025-02-06T15:22:07.390+0000] {logging_mixin.py:190} INFO - [2025-02-06T15:22:07.390+0000] {dagbag.py:588} INFO - Filling up the DagBag from /opt/airflow/dags/customer_dim_generator_dag.py
[2025-02-06T15:22:07.397+0000] {processor.py:925} INFO - DAG(s) 'customer_dim_generator' retrieved from /opt/airflow/dags/customer_dim_generator_dag.py
[2025-02-06T15:22:07.413+0000] {logging_mixin.py:190} INFO - [2025-02-06T15:22:07.413+0000] {dag.py:3239} INFO - Sync 1 DAGs
[2025-02-06T15:22:07.435+0000] {logging_mixin.py:190} INFO - [2025-02-06T15:22:07.435+0000] {dag.py:4180} INFO - Setting next_dagrun for customer_dim_generator to 2025-01-15 17:00:00+00:00, run_after=2025-01-16 17:00:00+00:00
[2025-02-06T15:22:07.452+0000] {processor.py:208} INFO - Processing /opt/airflow/dags/customer_dim_generator_dag.py took 0.068 seconds
[2025-02-06T15:22:38.219+0000] {processor.py:186} INFO - Started process (PID=2337) to work on /opt/airflow/dags/customer_dim_generator_dag.py
[2025-02-06T15:22:38.221+0000] {processor.py:914} INFO - Processing file /opt/airflow/dags/customer_dim_generator_dag.py for tasks to queue
[2025-02-06T15:22:38.223+0000] {logging_mixin.py:190} INFO - [2025-02-06T15:22:38.222+0000] {dagbag.py:588} INFO - Filling up the DagBag from /opt/airflow/dags/customer_dim_generator_dag.py
[2025-02-06T15:22:38.230+0000] {processor.py:925} INFO - DAG(s) 'customer_dim_generator' retrieved from /opt/airflow/dags/customer_dim_generator_dag.py
[2025-02-06T15:22:38.251+0000] {logging_mixin.py:190} INFO - [2025-02-06T15:22:38.251+0000] {dag.py:3239} INFO - Sync 1 DAGs
[2025-02-06T15:22:38.272+0000] {logging_mixin.py:190} INFO - [2025-02-06T15:22:38.272+0000] {dag.py:4180} INFO - Setting next_dagrun for customer_dim_generator to 2025-01-15 17:00:00+00:00, run_after=2025-01-16 17:00:00+00:00
[2025-02-06T15:22:38.287+0000] {processor.py:208} INFO - Processing /opt/airflow/dags/customer_dim_generator_dag.py took 0.073 seconds
[2025-02-06T15:23:09.148+0000] {processor.py:186} INFO - Started process (PID=2643) to work on /opt/airflow/dags/customer_dim_generator_dag.py
[2025-02-06T15:23:09.149+0000] {processor.py:914} INFO - Processing file /opt/airflow/dags/customer_dim_generator_dag.py for tasks to queue
[2025-02-06T15:23:09.152+0000] {logging_mixin.py:190} INFO - [2025-02-06T15:23:09.151+0000] {dagbag.py:588} INFO - Filling up the DagBag from /opt/airflow/dags/customer_dim_generator_dag.py
[2025-02-06T15:23:09.158+0000] {processor.py:925} INFO - DAG(s) 'customer_dim_generator' retrieved from /opt/airflow/dags/customer_dim_generator_dag.py
[2025-02-06T15:23:09.176+0000] {logging_mixin.py:190} INFO - [2025-02-06T15:23:09.175+0000] {dag.py:3239} INFO - Sync 1 DAGs
[2025-02-06T15:23:09.195+0000] {logging_mixin.py:190} INFO - [2025-02-06T15:23:09.195+0000] {dag.py:4180} INFO - Setting next_dagrun for customer_dim_generator to 2025-01-15 17:00:00+00:00, run_after=2025-01-16 17:00:00+00:00
[2025-02-06T15:23:09.212+0000] {processor.py:208} INFO - Processing /opt/airflow/dags/customer_dim_generator_dag.py took 0.070 seconds
[2025-02-06T15:23:40.191+0000] {processor.py:186} INFO - Started process (PID=2949) to work on /opt/airflow/dags/customer_dim_generator_dag.py
[2025-02-06T15:23:40.192+0000] {processor.py:914} INFO - Processing file /opt/airflow/dags/customer_dim_generator_dag.py for tasks to queue
[2025-02-06T15:23:40.195+0000] {logging_mixin.py:190} INFO - [2025-02-06T15:23:40.194+0000] {dagbag.py:588} INFO - Filling up the DagBag from /opt/airflow/dags/customer_dim_generator_dag.py
[2025-02-06T15:23:40.202+0000] {processor.py:925} INFO - DAG(s) 'customer_dim_generator' retrieved from /opt/airflow/dags/customer_dim_generator_dag.py
[2025-02-06T15:23:40.226+0000] {logging_mixin.py:190} INFO - [2025-02-06T15:23:40.225+0000] {dag.py:3239} INFO - Sync 1 DAGs
[2025-02-06T15:23:40.253+0000] {logging_mixin.py:190} INFO - [2025-02-06T15:23:40.253+0000] {dag.py:4180} INFO - Setting next_dagrun for customer_dim_generator to 2025-01-15 17:00:00+00:00, run_after=2025-01-16 17:00:00+00:00
[2025-02-06T15:23:40.271+0000] {processor.py:208} INFO - Processing /opt/airflow/dags/customer_dim_generator_dag.py took 0.086 seconds
[2025-02-06T15:24:10.308+0000] {processor.py:186} INFO - Started process (PID=3255) to work on /opt/airflow/dags/customer_dim_generator_dag.py
[2025-02-06T15:24:10.309+0000] {processor.py:914} INFO - Processing file /opt/airflow/dags/customer_dim_generator_dag.py for tasks to queue
[2025-02-06T15:24:10.311+0000] {logging_mixin.py:190} INFO - [2025-02-06T15:24:10.311+0000] {dagbag.py:588} INFO - Filling up the DagBag from /opt/airflow/dags/customer_dim_generator_dag.py
[2025-02-06T15:24:10.318+0000] {processor.py:925} INFO - DAG(s) 'customer_dim_generator' retrieved from /opt/airflow/dags/customer_dim_generator_dag.py
[2025-02-06T15:24:10.337+0000] {logging_mixin.py:190} INFO - [2025-02-06T15:24:10.337+0000] {dag.py:3239} INFO - Sync 1 DAGs
[2025-02-06T15:24:10.364+0000] {logging_mixin.py:190} INFO - [2025-02-06T15:24:10.364+0000] {dag.py:4180} INFO - Setting next_dagrun for customer_dim_generator to 2025-01-15 17:00:00+00:00, run_after=2025-01-16 17:00:00+00:00
[2025-02-06T15:24:10.380+0000] {processor.py:208} INFO - Processing /opt/airflow/dags/customer_dim_generator_dag.py took 0.078 seconds
[2025-02-06T16:07:19.221+0000] {processor.py:157} INFO - Started process (PID=193) to work on /opt/airflow/dags/customer_dim_generator_dag.py
[2025-02-06T16:07:19.222+0000] {processor.py:829} INFO - Processing file /opt/airflow/dags/customer_dim_generator_dag.py for tasks to queue
[2025-02-06T16:07:19.223+0000] {logging_mixin.py:151} INFO - [2025-02-06T16:07:19.222+0000] {dagbag.py:539} INFO - Filling up the DagBag from /opt/airflow/dags/customer_dim_generator_dag.py
[2025-02-06T16:07:19.610+0000] {processor.py:839} INFO - DAG(s) dict_keys(['customer_dim_generator']) retrieved from /opt/airflow/dags/customer_dim_generator_dag.py
[2025-02-06T16:07:19.704+0000] {logging_mixin.py:151} INFO - [2025-02-06T16:07:19.704+0000] {manager.py:499} INFO - Created Permission View: %s
[2025-02-06T16:07:19.713+0000] {logging_mixin.py:151} INFO - [2025-02-06T16:07:19.713+0000] {manager.py:499} INFO - Created Permission View: %s
[2025-02-06T16:07:19.719+0000] {logging_mixin.py:151} INFO - [2025-02-06T16:07:19.719+0000] {manager.py:499} INFO - Created Permission View: %s
[2025-02-06T16:07:19.720+0000] {logging_mixin.py:151} INFO - [2025-02-06T16:07:19.719+0000] {security.py:708} INFO - Not syncing DAG-level permissions for DAG 'DAG:customer_dim_generator' as access control is unset.
[2025-02-06T16:07:19.720+0000] {logging_mixin.py:151} INFO - [2025-02-06T16:07:19.720+0000] {dag.py:2915} INFO - Sync 1 DAGs
[2025-02-06T16:07:19.729+0000] {logging_mixin.py:151} INFO - [2025-02-06T16:07:19.729+0000] {dag.py:2937} INFO - Creating ORM DAG for customer_dim_generator
[2025-02-06T16:07:19.739+0000] {logging_mixin.py:151} INFO - [2025-02-06T16:07:19.739+0000] {dag.py:3696} INFO - Setting next_dagrun for customer_dim_generator to 2025-01-15T17:00:00+00:00, run_after=2025-01-16T17:00:00+00:00
[2025-02-06T16:07:19.754+0000] {processor.py:179} INFO - Processing /opt/airflow/dags/customer_dim_generator_dag.py took 0.537 seconds
[2025-02-06T16:07:49.901+0000] {processor.py:157} INFO - Started process (PID=453) to work on /opt/airflow/dags/customer_dim_generator_dag.py
[2025-02-06T16:07:49.902+0000] {processor.py:829} INFO - Processing file /opt/airflow/dags/customer_dim_generator_dag.py for tasks to queue
[2025-02-06T16:07:49.903+0000] {logging_mixin.py:151} INFO - [2025-02-06T16:07:49.903+0000] {dagbag.py:539} INFO - Filling up the DagBag from /opt/airflow/dags/customer_dim_generator_dag.py
[2025-02-06T16:07:50.285+0000] {processor.py:839} INFO - DAG(s) dict_keys(['customer_dim_generator']) retrieved from /opt/airflow/dags/customer_dim_generator_dag.py
[2025-02-06T16:07:50.298+0000] {logging_mixin.py:151} INFO - [2025-02-06T16:07:50.297+0000] {dag.py:2915} INFO - Sync 1 DAGs
[2025-02-06T16:07:50.316+0000] {logging_mixin.py:151} INFO - [2025-02-06T16:07:50.316+0000] {dag.py:3696} INFO - Setting next_dagrun for customer_dim_generator to 2025-01-15T17:00:00+00:00, run_after=2025-01-16T17:00:00+00:00
[2025-02-06T16:07:50.333+0000] {processor.py:179} INFO - Processing /opt/airflow/dags/customer_dim_generator_dag.py took 0.436 seconds
[2025-02-06T16:08:21.060+0000] {processor.py:157} INFO - Started process (PID=725) to work on /opt/airflow/dags/customer_dim_generator_dag.py
[2025-02-06T16:08:21.061+0000] {processor.py:829} INFO - Processing file /opt/airflow/dags/customer_dim_generator_dag.py for tasks to queue
[2025-02-06T16:08:21.062+0000] {logging_mixin.py:151} INFO - [2025-02-06T16:08:21.061+0000] {dagbag.py:539} INFO - Filling up the DagBag from /opt/airflow/dags/customer_dim_generator_dag.py
[2025-02-06T16:08:21.383+0000] {processor.py:839} INFO - DAG(s) dict_keys(['customer_dim_generator']) retrieved from /opt/airflow/dags/customer_dim_generator_dag.py
[2025-02-06T16:08:21.405+0000] {logging_mixin.py:151} INFO - [2025-02-06T16:08:21.405+0000] {dag.py:2915} INFO - Sync 1 DAGs
[2025-02-06T16:08:21.428+0000] {logging_mixin.py:151} INFO - [2025-02-06T16:08:21.428+0000] {dag.py:3696} INFO - Setting next_dagrun for customer_dim_generator to 2025-01-15T17:00:00+00:00, run_after=2025-01-16T17:00:00+00:00
[2025-02-06T16:08:21.445+0000] {processor.py:179} INFO - Processing /opt/airflow/dags/customer_dim_generator_dag.py took 0.388 seconds
[2025-02-06T16:08:51.723+0000] {processor.py:157} INFO - Started process (PID=987) to work on /opt/airflow/dags/customer_dim_generator_dag.py
[2025-02-06T16:08:51.724+0000] {processor.py:829} INFO - Processing file /opt/airflow/dags/customer_dim_generator_dag.py for tasks to queue
[2025-02-06T16:08:51.725+0000] {logging_mixin.py:151} INFO - [2025-02-06T16:08:51.724+0000] {dagbag.py:539} INFO - Filling up the DagBag from /opt/airflow/dags/customer_dim_generator_dag.py
[2025-02-06T16:08:52.035+0000] {processor.py:839} INFO - DAG(s) dict_keys(['customer_dim_generator']) retrieved from /opt/airflow/dags/customer_dim_generator_dag.py
[2025-02-06T16:08:52.066+0000] {logging_mixin.py:151} INFO - [2025-02-06T16:08:52.065+0000] {dag.py:2915} INFO - Sync 1 DAGs
[2025-02-06T16:08:52.084+0000] {logging_mixin.py:151} INFO - [2025-02-06T16:08:52.084+0000] {dag.py:3696} INFO - Setting next_dagrun for customer_dim_generator to 2025-01-15T17:00:00+00:00, run_after=2025-01-16T17:00:00+00:00
[2025-02-06T16:08:52.098+0000] {processor.py:179} INFO - Processing /opt/airflow/dags/customer_dim_generator_dag.py took 0.378 seconds
[2025-02-06T16:09:22.936+0000] {processor.py:157} INFO - Started process (PID=1248) to work on /opt/airflow/dags/customer_dim_generator_dag.py
[2025-02-06T16:09:22.938+0000] {processor.py:829} INFO - Processing file /opt/airflow/dags/customer_dim_generator_dag.py for tasks to queue
[2025-02-06T16:09:22.938+0000] {logging_mixin.py:151} INFO - [2025-02-06T16:09:22.938+0000] {dagbag.py:539} INFO - Filling up the DagBag from /opt/airflow/dags/customer_dim_generator_dag.py
[2025-02-06T16:09:23.525+0000] {processor.py:839} INFO - DAG(s) dict_keys(['customer_dim_generator']) retrieved from /opt/airflow/dags/customer_dim_generator_dag.py
[2025-02-06T16:09:23.592+0000] {logging_mixin.py:151} INFO - [2025-02-06T16:09:23.591+0000] {dag.py:2915} INFO - Sync 1 DAGs
[2025-02-06T16:09:23.620+0000] {logging_mixin.py:151} INFO - [2025-02-06T16:09:23.619+0000] {dag.py:3696} INFO - Setting next_dagrun for customer_dim_generator to 2025-01-15T17:00:00+00:00, run_after=2025-01-16T17:00:00+00:00
[2025-02-06T16:09:23.644+0000] {processor.py:179} INFO - Processing /opt/airflow/dags/customer_dim_generator_dag.py took 0.711 seconds
[2025-02-06T16:09:54.512+0000] {processor.py:157} INFO - Started process (PID=1509) to work on /opt/airflow/dags/customer_dim_generator_dag.py
[2025-02-06T16:09:54.514+0000] {processor.py:829} INFO - Processing file /opt/airflow/dags/customer_dim_generator_dag.py for tasks to queue
[2025-02-06T16:09:54.514+0000] {logging_mixin.py:151} INFO - [2025-02-06T16:09:54.514+0000] {dagbag.py:539} INFO - Filling up the DagBag from /opt/airflow/dags/customer_dim_generator_dag.py
[2025-02-06T16:09:54.918+0000] {processor.py:839} INFO - DAG(s) dict_keys(['customer_dim_generator']) retrieved from /opt/airflow/dags/customer_dim_generator_dag.py
[2025-02-06T16:09:54.974+0000] {logging_mixin.py:151} INFO - [2025-02-06T16:09:54.973+0000] {dag.py:2915} INFO - Sync 1 DAGs
[2025-02-06T16:09:54.993+0000] {logging_mixin.py:151} INFO - [2025-02-06T16:09:54.993+0000] {dag.py:3696} INFO - Setting next_dagrun for customer_dim_generator to 2025-01-15T17:00:00+00:00, run_after=2025-01-16T17:00:00+00:00
[2025-02-06T16:09:55.008+0000] {processor.py:179} INFO - Processing /opt/airflow/dags/customer_dim_generator_dag.py took 0.499 seconds
[2025-02-06T16:10:25.869+0000] {processor.py:157} INFO - Started process (PID=1770) to work on /opt/airflow/dags/customer_dim_generator_dag.py
[2025-02-06T16:10:25.870+0000] {processor.py:829} INFO - Processing file /opt/airflow/dags/customer_dim_generator_dag.py for tasks to queue
[2025-02-06T16:10:25.872+0000] {logging_mixin.py:151} INFO - [2025-02-06T16:10:25.871+0000] {dagbag.py:539} INFO - Filling up the DagBag from /opt/airflow/dags/customer_dim_generator_dag.py
[2025-02-06T16:10:26.332+0000] {processor.py:839} INFO - DAG(s) dict_keys(['customer_dim_generator']) retrieved from /opt/airflow/dags/customer_dim_generator_dag.py
[2025-02-06T16:10:26.384+0000] {logging_mixin.py:151} INFO - [2025-02-06T16:10:26.384+0000] {dag.py:2915} INFO - Sync 1 DAGs
[2025-02-06T16:10:26.406+0000] {logging_mixin.py:151} INFO - [2025-02-06T16:10:26.406+0000] {dag.py:3696} INFO - Setting next_dagrun for customer_dim_generator to 2025-01-15T17:00:00+00:00, run_after=2025-01-16T17:00:00+00:00
[2025-02-06T16:10:26.425+0000] {processor.py:179} INFO - Processing /opt/airflow/dags/customer_dim_generator_dag.py took 0.562 seconds
[2025-02-06T16:10:57.078+0000] {processor.py:157} INFO - Started process (PID=2031) to work on /opt/airflow/dags/customer_dim_generator_dag.py
[2025-02-06T16:10:57.079+0000] {processor.py:829} INFO - Processing file /opt/airflow/dags/customer_dim_generator_dag.py for tasks to queue
[2025-02-06T16:10:57.079+0000] {logging_mixin.py:151} INFO - [2025-02-06T16:10:57.079+0000] {dagbag.py:539} INFO - Filling up the DagBag from /opt/airflow/dags/customer_dim_generator_dag.py
[2025-02-06T16:10:57.427+0000] {processor.py:839} INFO - DAG(s) dict_keys(['customer_dim_generator']) retrieved from /opt/airflow/dags/customer_dim_generator_dag.py
[2025-02-06T16:10:57.481+0000] {logging_mixin.py:151} INFO - [2025-02-06T16:10:57.480+0000] {dag.py:2915} INFO - Sync 1 DAGs
[2025-02-06T16:10:57.506+0000] {logging_mixin.py:151} INFO - [2025-02-06T16:10:57.505+0000] {dag.py:3696} INFO - Setting next_dagrun for customer_dim_generator to 2025-01-15T17:00:00+00:00, run_after=2025-01-16T17:00:00+00:00
[2025-02-06T16:10:57.524+0000] {processor.py:179} INFO - Processing /opt/airflow/dags/customer_dim_generator_dag.py took 0.449 seconds
[2025-02-06T16:11:28.205+0000] {processor.py:157} INFO - Started process (PID=2292) to work on /opt/airflow/dags/customer_dim_generator_dag.py
[2025-02-06T16:11:28.206+0000] {processor.py:829} INFO - Processing file /opt/airflow/dags/customer_dim_generator_dag.py for tasks to queue
[2025-02-06T16:11:28.207+0000] {logging_mixin.py:151} INFO - [2025-02-06T16:11:28.206+0000] {dagbag.py:539} INFO - Filling up the DagBag from /opt/airflow/dags/customer_dim_generator_dag.py
[2025-02-06T16:11:28.585+0000] {processor.py:839} INFO - DAG(s) dict_keys(['customer_dim_generator']) retrieved from /opt/airflow/dags/customer_dim_generator_dag.py
[2025-02-06T16:11:28.648+0000] {logging_mixin.py:151} INFO - [2025-02-06T16:11:28.648+0000] {dag.py:2915} INFO - Sync 1 DAGs
[2025-02-06T16:11:28.673+0000] {logging_mixin.py:151} INFO - [2025-02-06T16:11:28.672+0000] {dag.py:3696} INFO - Setting next_dagrun for customer_dim_generator to 2025-01-15T17:00:00+00:00, run_after=2025-01-16T17:00:00+00:00
[2025-02-06T16:11:28.690+0000] {processor.py:179} INFO - Processing /opt/airflow/dags/customer_dim_generator_dag.py took 0.488 seconds
[2025-02-06T16:11:59.658+0000] {processor.py:157} INFO - Started process (PID=2553) to work on /opt/airflow/dags/customer_dim_generator_dag.py
[2025-02-06T16:11:59.659+0000] {processor.py:829} INFO - Processing file /opt/airflow/dags/customer_dim_generator_dag.py for tasks to queue
[2025-02-06T16:11:59.660+0000] {logging_mixin.py:151} INFO - [2025-02-06T16:11:59.660+0000] {dagbag.py:539} INFO - Filling up the DagBag from /opt/airflow/dags/customer_dim_generator_dag.py
[2025-02-06T16:11:59.990+0000] {processor.py:839} INFO - DAG(s) dict_keys(['customer_dim_generator']) retrieved from /opt/airflow/dags/customer_dim_generator_dag.py
[2025-02-06T16:12:00.021+0000] {logging_mixin.py:151} INFO - [2025-02-06T16:12:00.021+0000] {dag.py:2915} INFO - Sync 1 DAGs
[2025-02-06T16:12:00.044+0000] {logging_mixin.py:151} INFO - [2025-02-06T16:12:00.044+0000] {dag.py:3696} INFO - Setting next_dagrun for customer_dim_generator to 2025-01-15T17:00:00+00:00, run_after=2025-01-16T17:00:00+00:00
[2025-02-06T16:12:00.061+0000] {processor.py:179} INFO - Processing /opt/airflow/dags/customer_dim_generator_dag.py took 0.405 seconds
[2025-02-06T16:12:30.588+0000] {processor.py:157} INFO - Started process (PID=2814) to work on /opt/airflow/dags/customer_dim_generator_dag.py
[2025-02-06T16:12:30.589+0000] {processor.py:829} INFO - Processing file /opt/airflow/dags/customer_dim_generator_dag.py for tasks to queue
[2025-02-06T16:12:30.590+0000] {logging_mixin.py:151} INFO - [2025-02-06T16:12:30.590+0000] {dagbag.py:539} INFO - Filling up the DagBag from /opt/airflow/dags/customer_dim_generator_dag.py
[2025-02-06T16:12:30.941+0000] {processor.py:839} INFO - DAG(s) dict_keys(['customer_dim_generator']) retrieved from /opt/airflow/dags/customer_dim_generator_dag.py
[2025-02-06T16:12:30.996+0000] {logging_mixin.py:151} INFO - [2025-02-06T16:12:30.995+0000] {dag.py:2915} INFO - Sync 1 DAGs
[2025-02-06T16:12:31.019+0000] {logging_mixin.py:151} INFO - [2025-02-06T16:12:31.019+0000] {dag.py:3696} INFO - Setting next_dagrun for customer_dim_generator to 2025-01-15T17:00:00+00:00, run_after=2025-01-16T17:00:00+00:00
[2025-02-06T16:12:31.037+0000] {processor.py:179} INFO - Processing /opt/airflow/dags/customer_dim_generator_dag.py took 0.451 seconds
[2025-02-06T16:13:01.194+0000] {processor.py:157} INFO - Started process (PID=3075) to work on /opt/airflow/dags/customer_dim_generator_dag.py
[2025-02-06T16:13:01.195+0000] {processor.py:829} INFO - Processing file /opt/airflow/dags/customer_dim_generator_dag.py for tasks to queue
[2025-02-06T16:13:01.195+0000] {logging_mixin.py:151} INFO - [2025-02-06T16:13:01.195+0000] {dagbag.py:539} INFO - Filling up the DagBag from /opt/airflow/dags/customer_dim_generator_dag.py
[2025-02-06T16:13:01.567+0000] {processor.py:839} INFO - DAG(s) dict_keys(['customer_dim_generator']) retrieved from /opt/airflow/dags/customer_dim_generator_dag.py
[2025-02-06T16:13:01.634+0000] {logging_mixin.py:151} INFO - [2025-02-06T16:13:01.633+0000] {dag.py:2915} INFO - Sync 1 DAGs
[2025-02-06T16:13:01.656+0000] {logging_mixin.py:151} INFO - [2025-02-06T16:13:01.655+0000] {dag.py:3696} INFO - Setting next_dagrun for customer_dim_generator to 2025-01-15T17:00:00+00:00, run_after=2025-01-16T17:00:00+00:00
[2025-02-06T16:13:01.673+0000] {processor.py:179} INFO - Processing /opt/airflow/dags/customer_dim_generator_dag.py took 0.482 seconds
[2025-02-06T16:13:31.892+0000] {processor.py:157} INFO - Started process (PID=3336) to work on /opt/airflow/dags/customer_dim_generator_dag.py
[2025-02-06T16:13:31.893+0000] {processor.py:829} INFO - Processing file /opt/airflow/dags/customer_dim_generator_dag.py for tasks to queue
[2025-02-06T16:13:31.894+0000] {logging_mixin.py:151} INFO - [2025-02-06T16:13:31.894+0000] {dagbag.py:539} INFO - Filling up the DagBag from /opt/airflow/dags/customer_dim_generator_dag.py
[2025-02-06T16:13:32.224+0000] {processor.py:839} INFO - DAG(s) dict_keys(['customer_dim_generator']) retrieved from /opt/airflow/dags/customer_dim_generator_dag.py
[2025-02-06T16:13:32.281+0000] {logging_mixin.py:151} INFO - [2025-02-06T16:13:32.281+0000] {dag.py:2915} INFO - Sync 1 DAGs
[2025-02-06T16:13:32.304+0000] {logging_mixin.py:151} INFO - [2025-02-06T16:13:32.304+0000] {dag.py:3696} INFO - Setting next_dagrun for customer_dim_generator to 2025-01-15T17:00:00+00:00, run_after=2025-01-16T17:00:00+00:00
[2025-02-06T16:13:32.321+0000] {processor.py:179} INFO - Processing /opt/airflow/dags/customer_dim_generator_dag.py took 0.433 seconds
[2025-02-06T16:14:02.564+0000] {processor.py:157} INFO - Started process (PID=3597) to work on /opt/airflow/dags/customer_dim_generator_dag.py
[2025-02-06T16:14:02.565+0000] {processor.py:829} INFO - Processing file /opt/airflow/dags/customer_dim_generator_dag.py for tasks to queue
[2025-02-06T16:14:02.566+0000] {logging_mixin.py:151} INFO - [2025-02-06T16:14:02.566+0000] {dagbag.py:539} INFO - Filling up the DagBag from /opt/airflow/dags/customer_dim_generator_dag.py
[2025-02-06T16:14:02.955+0000] {processor.py:839} INFO - DAG(s) dict_keys(['customer_dim_generator']) retrieved from /opt/airflow/dags/customer_dim_generator_dag.py
[2025-02-06T16:14:03.004+0000] {logging_mixin.py:151} INFO - [2025-02-06T16:14:03.003+0000] {dag.py:2915} INFO - Sync 1 DAGs
[2025-02-06T16:14:03.028+0000] {logging_mixin.py:151} INFO - [2025-02-06T16:14:03.028+0000] {dag.py:3696} INFO - Setting next_dagrun for customer_dim_generator to 2025-01-15T17:00:00+00:00, run_after=2025-01-16T17:00:00+00:00
[2025-02-06T16:14:03.048+0000] {processor.py:179} INFO - Processing /opt/airflow/dags/customer_dim_generator_dag.py took 0.487 seconds
[2025-02-06T16:14:33.234+0000] {processor.py:157} INFO - Started process (PID=3852) to work on /opt/airflow/dags/customer_dim_generator_dag.py
[2025-02-06T16:14:33.235+0000] {processor.py:829} INFO - Processing file /opt/airflow/dags/customer_dim_generator_dag.py for tasks to queue
[2025-02-06T16:14:33.236+0000] {logging_mixin.py:151} INFO - [2025-02-06T16:14:33.236+0000] {dagbag.py:539} INFO - Filling up the DagBag from /opt/airflow/dags/customer_dim_generator_dag.py
[2025-02-06T16:14:33.735+0000] {processor.py:839} INFO - DAG(s) dict_keys(['customer_dim_generator']) retrieved from /opt/airflow/dags/customer_dim_generator_dag.py
[2025-02-06T16:14:33.772+0000] {logging_mixin.py:151} INFO - [2025-02-06T16:14:33.771+0000] {dag.py:2915} INFO - Sync 1 DAGs
[2025-02-06T16:14:33.794+0000] {logging_mixin.py:151} INFO - [2025-02-06T16:14:33.794+0000] {dag.py:3696} INFO - Setting next_dagrun for customer_dim_generator to 2025-01-15T17:00:00+00:00, run_after=2025-01-16T17:00:00+00:00
[2025-02-06T16:14:33.811+0000] {processor.py:179} INFO - Processing /opt/airflow/dags/customer_dim_generator_dag.py took 0.580 seconds
[2025-02-06T16:15:04.424+0000] {processor.py:157} INFO - Started process (PID=3948) to work on /opt/airflow/dags/customer_dim_generator_dag.py
[2025-02-06T16:15:04.425+0000] {processor.py:829} INFO - Processing file /opt/airflow/dags/customer_dim_generator_dag.py for tasks to queue
[2025-02-06T16:15:04.426+0000] {logging_mixin.py:151} INFO - [2025-02-06T16:15:04.425+0000] {dagbag.py:539} INFO - Filling up the DagBag from /opt/airflow/dags/customer_dim_generator_dag.py
[2025-02-06T16:15:04.931+0000] {processor.py:839} INFO - DAG(s) dict_keys(['customer_dim_generator']) retrieved from /opt/airflow/dags/customer_dim_generator_dag.py
[2025-02-06T16:15:04.966+0000] {logging_mixin.py:151} INFO - [2025-02-06T16:15:04.965+0000] {dag.py:2915} INFO - Sync 1 DAGs
[2025-02-06T16:15:04.990+0000] {logging_mixin.py:151} INFO - [2025-02-06T16:15:04.990+0000] {dag.py:3696} INFO - Setting next_dagrun for customer_dim_generator to 2025-01-15T17:00:00+00:00, run_after=2025-01-16T17:00:00+00:00
[2025-02-06T16:15:05.011+0000] {processor.py:179} INFO - Processing /opt/airflow/dags/customer_dim_generator_dag.py took 0.591 seconds
[2025-02-06T16:15:37.114+0000] {processor.py:157} INFO - Started process (PID=4209) to work on /opt/airflow/dags/customer_dim_generator_dag.py
[2025-02-06T16:15:37.115+0000] {processor.py:829} INFO - Processing file /opt/airflow/dags/customer_dim_generator_dag.py for tasks to queue
[2025-02-06T16:15:37.116+0000] {logging_mixin.py:151} INFO - [2025-02-06T16:15:37.116+0000] {dagbag.py:539} INFO - Filling up the DagBag from /opt/airflow/dags/customer_dim_generator_dag.py
[2025-02-06T16:15:37.551+0000] {processor.py:839} INFO - DAG(s) dict_keys(['customer_dim_generator']) retrieved from /opt/airflow/dags/customer_dim_generator_dag.py
[2025-02-06T16:15:37.594+0000] {logging_mixin.py:151} INFO - [2025-02-06T16:15:37.593+0000] {dag.py:2915} INFO - Sync 1 DAGs
[2025-02-06T16:15:37.616+0000] {logging_mixin.py:151} INFO - [2025-02-06T16:15:37.616+0000] {dag.py:3696} INFO - Setting next_dagrun for customer_dim_generator to 2025-01-15T17:00:00+00:00, run_after=2025-01-16T17:00:00+00:00
[2025-02-06T16:15:37.637+0000] {processor.py:179} INFO - Processing /opt/airflow/dags/customer_dim_generator_dag.py took 0.525 seconds
[2025-02-06T16:16:09.736+0000] {processor.py:157} INFO - Started process (PID=4470) to work on /opt/airflow/dags/customer_dim_generator_dag.py
[2025-02-06T16:16:09.737+0000] {processor.py:829} INFO - Processing file /opt/airflow/dags/customer_dim_generator_dag.py for tasks to queue
[2025-02-06T16:16:09.738+0000] {logging_mixin.py:151} INFO - [2025-02-06T16:16:09.737+0000] {dagbag.py:539} INFO - Filling up the DagBag from /opt/airflow/dags/customer_dim_generator_dag.py
[2025-02-06T16:16:10.182+0000] {processor.py:839} INFO - DAG(s) dict_keys(['customer_dim_generator']) retrieved from /opt/airflow/dags/customer_dim_generator_dag.py
[2025-02-06T16:16:10.235+0000] {logging_mixin.py:151} INFO - [2025-02-06T16:16:10.234+0000] {dag.py:2915} INFO - Sync 1 DAGs
[2025-02-06T16:16:10.257+0000] {logging_mixin.py:151} INFO - [2025-02-06T16:16:10.256+0000] {dag.py:3696} INFO - Setting next_dagrun for customer_dim_generator to 2025-01-15T17:00:00+00:00, run_after=2025-01-16T17:00:00+00:00
[2025-02-06T16:16:10.273+0000] {processor.py:179} INFO - Processing /opt/airflow/dags/customer_dim_generator_dag.py took 0.540 seconds
[2025-02-06T16:16:43.142+0000] {processor.py:157} INFO - Started process (PID=4731) to work on /opt/airflow/dags/customer_dim_generator_dag.py
[2025-02-06T16:16:43.143+0000] {processor.py:829} INFO - Processing file /opt/airflow/dags/customer_dim_generator_dag.py for tasks to queue
[2025-02-06T16:16:43.144+0000] {logging_mixin.py:151} INFO - [2025-02-06T16:16:43.143+0000] {dagbag.py:539} INFO - Filling up the DagBag from /opt/airflow/dags/customer_dim_generator_dag.py
[2025-02-06T16:16:43.555+0000] {processor.py:839} INFO - DAG(s) dict_keys(['customer_dim_generator']) retrieved from /opt/airflow/dags/customer_dim_generator_dag.py
[2025-02-06T16:16:43.578+0000] {logging_mixin.py:151} INFO - [2025-02-06T16:16:43.578+0000] {dag.py:2915} INFO - Sync 1 DAGs
[2025-02-06T16:16:43.598+0000] {logging_mixin.py:151} INFO - [2025-02-06T16:16:43.598+0000] {dag.py:3696} INFO - Setting next_dagrun for customer_dim_generator to 2025-01-15T17:00:00+00:00, run_after=2025-01-16T17:00:00+00:00
[2025-02-06T16:16:43.615+0000] {processor.py:179} INFO - Processing /opt/airflow/dags/customer_dim_generator_dag.py took 0.476 seconds
[2025-02-06T16:17:15.278+0000] {processor.py:157} INFO - Started process (PID=4992) to work on /opt/airflow/dags/customer_dim_generator_dag.py
[2025-02-06T16:17:15.280+0000] {processor.py:829} INFO - Processing file /opt/airflow/dags/customer_dim_generator_dag.py for tasks to queue
[2025-02-06T16:17:15.280+0000] {logging_mixin.py:151} INFO - [2025-02-06T16:17:15.280+0000] {dagbag.py:539} INFO - Filling up the DagBag from /opt/airflow/dags/customer_dim_generator_dag.py
[2025-02-06T16:17:15.664+0000] {processor.py:839} INFO - DAG(s) dict_keys(['customer_dim_generator']) retrieved from /opt/airflow/dags/customer_dim_generator_dag.py
[2025-02-06T16:17:15.686+0000] {logging_mixin.py:151} INFO - [2025-02-06T16:17:15.685+0000] {dag.py:2915} INFO - Sync 1 DAGs
[2025-02-06T16:17:15.709+0000] {logging_mixin.py:151} INFO - [2025-02-06T16:17:15.709+0000] {dag.py:3696} INFO - Setting next_dagrun for customer_dim_generator to 2025-01-15T17:00:00+00:00, run_after=2025-01-16T17:00:00+00:00
[2025-02-06T16:17:15.733+0000] {processor.py:179} INFO - Processing /opt/airflow/dags/customer_dim_generator_dag.py took 0.458 seconds
[2025-02-06T16:17:48.222+0000] {processor.py:157} INFO - Started process (PID=5253) to work on /opt/airflow/dags/customer_dim_generator_dag.py
[2025-02-06T16:17:48.223+0000] {processor.py:829} INFO - Processing file /opt/airflow/dags/customer_dim_generator_dag.py for tasks to queue
[2025-02-06T16:17:48.224+0000] {logging_mixin.py:151} INFO - [2025-02-06T16:17:48.224+0000] {dagbag.py:539} INFO - Filling up the DagBag from /opt/airflow/dags/customer_dim_generator_dag.py
[2025-02-06T16:17:48.498+0000] {processor.py:839} INFO - DAG(s) dict_keys(['customer_dim_generator']) retrieved from /opt/airflow/dags/customer_dim_generator_dag.py
[2025-02-06T16:17:48.519+0000] {logging_mixin.py:151} INFO - [2025-02-06T16:17:48.519+0000] {dag.py:2915} INFO - Sync 1 DAGs
[2025-02-06T16:17:48.543+0000] {logging_mixin.py:151} INFO - [2025-02-06T16:17:48.542+0000] {dag.py:3696} INFO - Setting next_dagrun for customer_dim_generator to 2025-01-15T17:00:00+00:00, run_after=2025-01-16T17:00:00+00:00
[2025-02-06T16:17:48.565+0000] {processor.py:179} INFO - Processing /opt/airflow/dags/customer_dim_generator_dag.py took 0.346 seconds
[2025-02-06T16:18:20.987+0000] {processor.py:157} INFO - Started process (PID=5514) to work on /opt/airflow/dags/customer_dim_generator_dag.py
[2025-02-06T16:18:20.989+0000] {processor.py:829} INFO - Processing file /opt/airflow/dags/customer_dim_generator_dag.py for tasks to queue
[2025-02-06T16:18:20.989+0000] {logging_mixin.py:151} INFO - [2025-02-06T16:18:20.989+0000] {dagbag.py:539} INFO - Filling up the DagBag from /opt/airflow/dags/customer_dim_generator_dag.py
[2025-02-06T16:18:21.251+0000] {processor.py:839} INFO - DAG(s) dict_keys(['customer_dim_generator']) retrieved from /opt/airflow/dags/customer_dim_generator_dag.py
[2025-02-06T16:18:21.272+0000] {logging_mixin.py:151} INFO - [2025-02-06T16:18:21.271+0000] {dag.py:2915} INFO - Sync 1 DAGs
[2025-02-06T16:18:21.292+0000] {logging_mixin.py:151} INFO - [2025-02-06T16:18:21.292+0000] {dag.py:3696} INFO - Setting next_dagrun for customer_dim_generator to 2025-01-15T17:00:00+00:00, run_after=2025-01-16T17:00:00+00:00
[2025-02-06T16:18:21.310+0000] {processor.py:179} INFO - Processing /opt/airflow/dags/customer_dim_generator_dag.py took 0.325 seconds
[2025-02-06T16:18:53.774+0000] {processor.py:157} INFO - Started process (PID=5775) to work on /opt/airflow/dags/customer_dim_generator_dag.py
[2025-02-06T16:18:53.776+0000] {processor.py:829} INFO - Processing file /opt/airflow/dags/customer_dim_generator_dag.py for tasks to queue
[2025-02-06T16:18:53.776+0000] {logging_mixin.py:151} INFO - [2025-02-06T16:18:53.776+0000] {dagbag.py:539} INFO - Filling up the DagBag from /opt/airflow/dags/customer_dim_generator_dag.py
[2025-02-06T16:18:54.016+0000] {processor.py:839} INFO - DAG(s) dict_keys(['customer_dim_generator']) retrieved from /opt/airflow/dags/customer_dim_generator_dag.py
[2025-02-06T16:18:54.036+0000] {logging_mixin.py:151} INFO - [2025-02-06T16:18:54.035+0000] {dag.py:2915} INFO - Sync 1 DAGs
[2025-02-06T16:18:54.056+0000] {logging_mixin.py:151} INFO - [2025-02-06T16:18:54.055+0000] {dag.py:3696} INFO - Setting next_dagrun for customer_dim_generator to 2025-01-15T17:00:00+00:00, run_after=2025-01-16T17:00:00+00:00
[2025-02-06T16:18:54.070+0000] {processor.py:179} INFO - Processing /opt/airflow/dags/customer_dim_generator_dag.py took 0.300 seconds
