[2025-02-12T15:51:11.242+0000] {processor.py:157} INFO - Started process (PID=402) to work on /home/airflow/.local/lib/python3.8/site-packages/airflow/example_dags/example_datasets.py
[2025-02-12T15:51:11.243+0000] {processor.py:829} INFO - Processing file /home/airflow/.local/lib/python3.8/site-packages/airflow/example_dags/example_datasets.py for tasks to queue
[2025-02-12T15:51:11.244+0000] {logging_mixin.py:151} INFO - [2025-02-12T15:51:11.244+0000] {dagbag.py:539} INFO - Filling up the DagBag from /home/airflow/.local/lib/python3.8/site-packages/airflow/example_dags/example_datasets.py
[2025-02-12T15:51:11.380+0000] {processor.py:839} INFO - DAG(s) dict_keys(['dataset_consumes_unknown_never_scheduled', 'dataset_consumes_1_never_scheduled', 'dataset_consumes_1', 'dataset_produces_2', 'dataset_consumes_1_and_2', 'dataset_produces_1']) retrieved from /home/airflow/.local/lib/python3.8/site-packages/airflow/example_dags/example_datasets.py
[2025-02-12T15:51:11.392+0000] {logging_mixin.py:151} INFO - [2025-02-12T15:51:11.392+0000] {dag.py:2915} INFO - Sync 6 DAGs
[2025-02-12T15:51:11.411+0000] {logging_mixin.py:151} INFO - [2025-02-12T15:51:11.411+0000] {dag.py:3696} INFO - Setting next_dagrun for dataset_consumes_1 to None, run_after=None
[2025-02-12T15:51:11.414+0000] {logging_mixin.py:151} INFO - [2025-02-12T15:51:11.414+0000] {dag.py:3696} INFO - Setting next_dagrun for dataset_consumes_1_and_2 to None, run_after=None
[2025-02-12T15:51:11.416+0000] {logging_mixin.py:151} INFO - [2025-02-12T15:51:11.416+0000] {dag.py:3696} INFO - Setting next_dagrun for dataset_consumes_1_never_scheduled to None, run_after=None
[2025-02-12T15:51:11.417+0000] {logging_mixin.py:151} INFO - [2025-02-12T15:51:11.417+0000] {dag.py:3696} INFO - Setting next_dagrun for dataset_consumes_unknown_never_scheduled to None, run_after=None
[2025-02-12T15:51:11.419+0000] {logging_mixin.py:151} INFO - [2025-02-12T15:51:11.419+0000] {dag.py:3696} INFO - Setting next_dagrun for dataset_produces_1 to 2025-02-11T00:00:00+00:00, run_after=2025-02-12T00:00:00+00:00
[2025-02-12T15:51:11.421+0000] {logging_mixin.py:151} INFO - [2025-02-12T15:51:11.421+0000] {dag.py:3696} INFO - Setting next_dagrun for dataset_produces_2 to None, run_after=None
[2025-02-12T15:51:11.451+0000] {processor.py:179} INFO - Processing /home/airflow/.local/lib/python3.8/site-packages/airflow/example_dags/example_datasets.py took 0.211 seconds
[2025-02-12T15:51:41.604+0000] {processor.py:157} INFO - Started process (PID=658) to work on /home/airflow/.local/lib/python3.8/site-packages/airflow/example_dags/example_datasets.py
[2025-02-12T15:51:41.606+0000] {processor.py:829} INFO - Processing file /home/airflow/.local/lib/python3.8/site-packages/airflow/example_dags/example_datasets.py for tasks to queue
[2025-02-12T15:51:41.607+0000] {logging_mixin.py:151} INFO - [2025-02-12T15:51:41.606+0000] {dagbag.py:539} INFO - Filling up the DagBag from /home/airflow/.local/lib/python3.8/site-packages/airflow/example_dags/example_datasets.py
[2025-02-12T15:51:41.615+0000] {processor.py:839} INFO - DAG(s) dict_keys(['dataset_consumes_1_and_2', 'dataset_produces_1', 'dataset_produces_2', 'dataset_consumes_1_never_scheduled', 'dataset_consumes_unknown_never_scheduled', 'dataset_consumes_1']) retrieved from /home/airflow/.local/lib/python3.8/site-packages/airflow/example_dags/example_datasets.py
[2025-02-12T15:51:41.649+0000] {logging_mixin.py:151} INFO - [2025-02-12T15:51:41.649+0000] {dag.py:2915} INFO - Sync 6 DAGs
[2025-02-12T15:51:41.669+0000] {logging_mixin.py:151} INFO - [2025-02-12T15:51:41.669+0000] {dag.py:3696} INFO - Setting next_dagrun for dataset_consumes_1 to None, run_after=None
[2025-02-12T15:51:41.672+0000] {logging_mixin.py:151} INFO - [2025-02-12T15:51:41.672+0000] {dag.py:3696} INFO - Setting next_dagrun for dataset_consumes_1_and_2 to None, run_after=None
[2025-02-12T15:51:41.673+0000] {logging_mixin.py:151} INFO - [2025-02-12T15:51:41.673+0000] {dag.py:3696} INFO - Setting next_dagrun for dataset_consumes_1_never_scheduled to None, run_after=None
[2025-02-12T15:51:41.674+0000] {logging_mixin.py:151} INFO - [2025-02-12T15:51:41.673+0000] {dag.py:3696} INFO - Setting next_dagrun for dataset_consumes_unknown_never_scheduled to None, run_after=None
[2025-02-12T15:51:41.676+0000] {logging_mixin.py:151} INFO - [2025-02-12T15:51:41.676+0000] {dag.py:3696} INFO - Setting next_dagrun for dataset_produces_1 to 2025-02-11T00:00:00+00:00, run_after=2025-02-12T00:00:00+00:00
[2025-02-12T15:51:41.678+0000] {logging_mixin.py:151} INFO - [2025-02-12T15:51:41.678+0000] {dag.py:3696} INFO - Setting next_dagrun for dataset_produces_2 to None, run_after=None
[2025-02-12T15:51:41.705+0000] {processor.py:179} INFO - Processing /home/airflow/.local/lib/python3.8/site-packages/airflow/example_dags/example_datasets.py took 0.105 seconds
[2025-02-12T15:52:14.495+0000] {processor.py:157} INFO - Started process (PID=917) to work on /home/airflow/.local/lib/python3.8/site-packages/airflow/example_dags/example_datasets.py
[2025-02-12T15:52:14.496+0000] {processor.py:829} INFO - Processing file /home/airflow/.local/lib/python3.8/site-packages/airflow/example_dags/example_datasets.py for tasks to queue
[2025-02-12T15:52:14.497+0000] {logging_mixin.py:151} INFO - [2025-02-12T15:52:14.497+0000] {dagbag.py:539} INFO - Filling up the DagBag from /home/airflow/.local/lib/python3.8/site-packages/airflow/example_dags/example_datasets.py
[2025-02-12T15:52:14.505+0000] {processor.py:839} INFO - DAG(s) dict_keys(['dataset_produces_1', 'dataset_consumes_1_never_scheduled', 'dataset_consumes_1', 'dataset_consumes_unknown_never_scheduled', 'dataset_consumes_1_and_2', 'dataset_produces_2']) retrieved from /home/airflow/.local/lib/python3.8/site-packages/airflow/example_dags/example_datasets.py
[2025-02-12T15:52:14.539+0000] {logging_mixin.py:151} INFO - [2025-02-12T15:52:14.539+0000] {dag.py:2915} INFO - Sync 6 DAGs
[2025-02-12T15:52:14.560+0000] {logging_mixin.py:151} INFO - [2025-02-12T15:52:14.560+0000] {dag.py:3696} INFO - Setting next_dagrun for dataset_consumes_1 to None, run_after=None
[2025-02-12T15:52:14.564+0000] {logging_mixin.py:151} INFO - [2025-02-12T15:52:14.564+0000] {dag.py:3696} INFO - Setting next_dagrun for dataset_consumes_1_and_2 to None, run_after=None
[2025-02-12T15:52:14.565+0000] {logging_mixin.py:151} INFO - [2025-02-12T15:52:14.565+0000] {dag.py:3696} INFO - Setting next_dagrun for dataset_consumes_1_never_scheduled to None, run_after=None
[2025-02-12T15:52:14.566+0000] {logging_mixin.py:151} INFO - [2025-02-12T15:52:14.566+0000] {dag.py:3696} INFO - Setting next_dagrun for dataset_consumes_unknown_never_scheduled to None, run_after=None
[2025-02-12T15:52:14.568+0000] {logging_mixin.py:151} INFO - [2025-02-12T15:52:14.568+0000] {dag.py:3696} INFO - Setting next_dagrun for dataset_produces_1 to 2025-02-11T00:00:00+00:00, run_after=2025-02-12T00:00:00+00:00
[2025-02-12T15:52:14.569+0000] {logging_mixin.py:151} INFO - [2025-02-12T15:52:14.569+0000] {dag.py:3696} INFO - Setting next_dagrun for dataset_produces_2 to None, run_after=None
[2025-02-12T15:52:14.607+0000] {processor.py:179} INFO - Processing /home/airflow/.local/lib/python3.8/site-packages/airflow/example_dags/example_datasets.py took 0.114 seconds
[2025-02-12T15:52:45.350+0000] {processor.py:157} INFO - Started process (PID=1178) to work on /home/airflow/.local/lib/python3.8/site-packages/airflow/example_dags/example_datasets.py
[2025-02-12T15:52:45.352+0000] {processor.py:829} INFO - Processing file /home/airflow/.local/lib/python3.8/site-packages/airflow/example_dags/example_datasets.py for tasks to queue
[2025-02-12T15:52:45.353+0000] {logging_mixin.py:151} INFO - [2025-02-12T15:52:45.352+0000] {dagbag.py:539} INFO - Filling up the DagBag from /home/airflow/.local/lib/python3.8/site-packages/airflow/example_dags/example_datasets.py
[2025-02-12T15:52:45.361+0000] {processor.py:839} INFO - DAG(s) dict_keys(['dataset_produces_2', 'dataset_consumes_1', 'dataset_consumes_1_never_scheduled', 'dataset_consumes_1_and_2', 'dataset_consumes_unknown_never_scheduled', 'dataset_produces_1']) retrieved from /home/airflow/.local/lib/python3.8/site-packages/airflow/example_dags/example_datasets.py
[2025-02-12T15:52:45.394+0000] {logging_mixin.py:151} INFO - [2025-02-12T15:52:45.394+0000] {dag.py:2915} INFO - Sync 6 DAGs
[2025-02-12T15:52:45.413+0000] {logging_mixin.py:151} INFO - [2025-02-12T15:52:45.413+0000] {dag.py:3696} INFO - Setting next_dagrun for dataset_consumes_1 to None, run_after=None
[2025-02-12T15:52:45.416+0000] {logging_mixin.py:151} INFO - [2025-02-12T15:52:45.416+0000] {dag.py:3696} INFO - Setting next_dagrun for dataset_consumes_1_and_2 to None, run_after=None
[2025-02-12T15:52:45.418+0000] {logging_mixin.py:151} INFO - [2025-02-12T15:52:45.417+0000] {dag.py:3696} INFO - Setting next_dagrun for dataset_consumes_1_never_scheduled to None, run_after=None
[2025-02-12T15:52:45.419+0000] {logging_mixin.py:151} INFO - [2025-02-12T15:52:45.418+0000] {dag.py:3696} INFO - Setting next_dagrun for dataset_consumes_unknown_never_scheduled to None, run_after=None
[2025-02-12T15:52:45.421+0000] {logging_mixin.py:151} INFO - [2025-02-12T15:52:45.421+0000] {dag.py:3696} INFO - Setting next_dagrun for dataset_produces_1 to 2025-02-11T00:00:00+00:00, run_after=2025-02-12T00:00:00+00:00
[2025-02-12T15:52:45.422+0000] {logging_mixin.py:151} INFO - [2025-02-12T15:52:45.422+0000] {dag.py:3696} INFO - Setting next_dagrun for dataset_produces_2 to None, run_after=None
[2025-02-12T15:52:45.449+0000] {processor.py:179} INFO - Processing /home/airflow/.local/lib/python3.8/site-packages/airflow/example_dags/example_datasets.py took 0.101 seconds
[2025-02-12T15:53:16.496+0000] {processor.py:157} INFO - Started process (PID=1447) to work on /home/airflow/.local/lib/python3.8/site-packages/airflow/example_dags/example_datasets.py
[2025-02-12T15:53:16.497+0000] {processor.py:829} INFO - Processing file /home/airflow/.local/lib/python3.8/site-packages/airflow/example_dags/example_datasets.py for tasks to queue
[2025-02-12T15:53:16.498+0000] {logging_mixin.py:151} INFO - [2025-02-12T15:53:16.497+0000] {dagbag.py:539} INFO - Filling up the DagBag from /home/airflow/.local/lib/python3.8/site-packages/airflow/example_dags/example_datasets.py
[2025-02-12T15:53:16.506+0000] {processor.py:839} INFO - DAG(s) dict_keys(['dataset_consumes_1', 'dataset_consumes_1_never_scheduled', 'dataset_consumes_1_and_2', 'dataset_produces_1', 'dataset_consumes_unknown_never_scheduled', 'dataset_produces_2']) retrieved from /home/airflow/.local/lib/python3.8/site-packages/airflow/example_dags/example_datasets.py
[2025-02-12T15:53:16.543+0000] {logging_mixin.py:151} INFO - [2025-02-12T15:53:16.543+0000] {dag.py:2915} INFO - Sync 6 DAGs
[2025-02-12T15:53:16.567+0000] {logging_mixin.py:151} INFO - [2025-02-12T15:53:16.566+0000] {dag.py:3696} INFO - Setting next_dagrun for dataset_consumes_1 to None, run_after=None
[2025-02-12T15:53:16.571+0000] {logging_mixin.py:151} INFO - [2025-02-12T15:53:16.570+0000] {dag.py:3696} INFO - Setting next_dagrun for dataset_consumes_1_and_2 to None, run_after=None
[2025-02-12T15:53:16.572+0000] {logging_mixin.py:151} INFO - [2025-02-12T15:53:16.572+0000] {dag.py:3696} INFO - Setting next_dagrun for dataset_consumes_1_never_scheduled to None, run_after=None
[2025-02-12T15:53:16.573+0000] {logging_mixin.py:151} INFO - [2025-02-12T15:53:16.573+0000] {dag.py:3696} INFO - Setting next_dagrun for dataset_consumes_unknown_never_scheduled to None, run_after=None
[2025-02-12T15:53:16.576+0000] {logging_mixin.py:151} INFO - [2025-02-12T15:53:16.576+0000] {dag.py:3696} INFO - Setting next_dagrun for dataset_produces_1 to 2025-02-11T00:00:00+00:00, run_after=2025-02-12T00:00:00+00:00
[2025-02-12T15:53:16.577+0000] {logging_mixin.py:151} INFO - [2025-02-12T15:53:16.577+0000] {dag.py:3696} INFO - Setting next_dagrun for dataset_produces_2 to None, run_after=None
[2025-02-12T15:53:16.606+0000] {processor.py:179} INFO - Processing /home/airflow/.local/lib/python3.8/site-packages/airflow/example_dags/example_datasets.py took 0.112 seconds
[2025-02-12T15:53:47.616+0000] {processor.py:157} INFO - Started process (PID=1713) to work on /home/airflow/.local/lib/python3.8/site-packages/airflow/example_dags/example_datasets.py
[2025-02-12T15:53:47.617+0000] {processor.py:829} INFO - Processing file /home/airflow/.local/lib/python3.8/site-packages/airflow/example_dags/example_datasets.py for tasks to queue
[2025-02-12T15:53:47.617+0000] {logging_mixin.py:151} INFO - [2025-02-12T15:53:47.617+0000] {dagbag.py:539} INFO - Filling up the DagBag from /home/airflow/.local/lib/python3.8/site-packages/airflow/example_dags/example_datasets.py
[2025-02-12T15:53:47.629+0000] {processor.py:839} INFO - DAG(s) dict_keys(['dataset_consumes_1', 'dataset_consumes_unknown_never_scheduled', 'dataset_consumes_1_never_scheduled', 'dataset_produces_1', 'dataset_produces_2', 'dataset_consumes_1_and_2']) retrieved from /home/airflow/.local/lib/python3.8/site-packages/airflow/example_dags/example_datasets.py
[2025-02-12T15:53:47.665+0000] {logging_mixin.py:151} INFO - [2025-02-12T15:53:47.665+0000] {dag.py:2915} INFO - Sync 6 DAGs
[2025-02-12T15:53:47.685+0000] {logging_mixin.py:151} INFO - [2025-02-12T15:53:47.684+0000] {dag.py:3696} INFO - Setting next_dagrun for dataset_consumes_1 to None, run_after=None
[2025-02-12T15:53:47.688+0000] {logging_mixin.py:151} INFO - [2025-02-12T15:53:47.688+0000] {dag.py:3696} INFO - Setting next_dagrun for dataset_consumes_1_and_2 to None, run_after=None
[2025-02-12T15:53:47.689+0000] {logging_mixin.py:151} INFO - [2025-02-12T15:53:47.689+0000] {dag.py:3696} INFO - Setting next_dagrun for dataset_consumes_1_never_scheduled to None, run_after=None
[2025-02-12T15:53:47.690+0000] {logging_mixin.py:151} INFO - [2025-02-12T15:53:47.690+0000] {dag.py:3696} INFO - Setting next_dagrun for dataset_consumes_unknown_never_scheduled to None, run_after=None
[2025-02-12T15:53:47.693+0000] {logging_mixin.py:151} INFO - [2025-02-12T15:53:47.693+0000] {dag.py:3696} INFO - Setting next_dagrun for dataset_produces_1 to 2025-02-11T00:00:00+00:00, run_after=2025-02-12T00:00:00+00:00
[2025-02-12T15:53:47.694+0000] {logging_mixin.py:151} INFO - [2025-02-12T15:53:47.694+0000] {dag.py:3696} INFO - Setting next_dagrun for dataset_produces_2 to None, run_after=None
[2025-02-12T15:53:47.719+0000] {processor.py:179} INFO - Processing /home/airflow/.local/lib/python3.8/site-packages/airflow/example_dags/example_datasets.py took 0.107 seconds
[2025-02-12T15:55:33.840+0000] {processor.py:157} INFO - Started process (PID=404) to work on /home/airflow/.local/lib/python3.8/site-packages/airflow/example_dags/example_datasets.py
[2025-02-12T15:55:33.841+0000] {processor.py:829} INFO - Processing file /home/airflow/.local/lib/python3.8/site-packages/airflow/example_dags/example_datasets.py for tasks to queue
[2025-02-12T15:55:33.842+0000] {logging_mixin.py:151} INFO - [2025-02-12T15:55:33.842+0000] {dagbag.py:539} INFO - Filling up the DagBag from /home/airflow/.local/lib/python3.8/site-packages/airflow/example_dags/example_datasets.py
[2025-02-12T15:55:33.866+0000] {processor.py:839} INFO - DAG(s) dict_keys(['dataset_produces_2', 'dataset_consumes_1_never_scheduled', 'dataset_consumes_1_and_2', 'dataset_produces_1', 'dataset_consumes_1', 'dataset_consumes_unknown_never_scheduled']) retrieved from /home/airflow/.local/lib/python3.8/site-packages/airflow/example_dags/example_datasets.py
[2025-02-12T15:55:33.914+0000] {logging_mixin.py:151} INFO - [2025-02-12T15:55:33.914+0000] {dag.py:2915} INFO - Sync 6 DAGs
[2025-02-12T15:55:33.937+0000] {logging_mixin.py:151} INFO - [2025-02-12T15:55:33.936+0000] {dag.py:3696} INFO - Setting next_dagrun for dataset_consumes_1 to None, run_after=None
[2025-02-12T15:55:33.940+0000] {logging_mixin.py:151} INFO - [2025-02-12T15:55:33.940+0000] {dag.py:3696} INFO - Setting next_dagrun for dataset_consumes_1_and_2 to None, run_after=None
[2025-02-12T15:55:33.942+0000] {logging_mixin.py:151} INFO - [2025-02-12T15:55:33.942+0000] {dag.py:3696} INFO - Setting next_dagrun for dataset_consumes_1_never_scheduled to None, run_after=None
[2025-02-12T15:55:33.943+0000] {logging_mixin.py:151} INFO - [2025-02-12T15:55:33.943+0000] {dag.py:3696} INFO - Setting next_dagrun for dataset_consumes_unknown_never_scheduled to None, run_after=None
[2025-02-12T15:55:33.946+0000] {logging_mixin.py:151} INFO - [2025-02-12T15:55:33.946+0000] {dag.py:3696} INFO - Setting next_dagrun for dataset_produces_1 to 2025-02-11T00:00:00+00:00, run_after=2025-02-12T00:00:00+00:00
[2025-02-12T15:55:33.947+0000] {logging_mixin.py:151} INFO - [2025-02-12T15:55:33.947+0000] {dag.py:3696} INFO - Setting next_dagrun for dataset_produces_2 to None, run_after=None
[2025-02-12T15:55:33.985+0000] {processor.py:179} INFO - Processing /home/airflow/.local/lib/python3.8/site-packages/airflow/example_dags/example_datasets.py took 0.149 seconds
[2025-02-12T15:56:04.955+0000] {processor.py:157} INFO - Started process (PID=656) to work on /home/airflow/.local/lib/python3.8/site-packages/airflow/example_dags/example_datasets.py
[2025-02-12T15:56:04.956+0000] {processor.py:829} INFO - Processing file /home/airflow/.local/lib/python3.8/site-packages/airflow/example_dags/example_datasets.py for tasks to queue
[2025-02-12T15:56:04.957+0000] {logging_mixin.py:151} INFO - [2025-02-12T15:56:04.957+0000] {dagbag.py:539} INFO - Filling up the DagBag from /home/airflow/.local/lib/python3.8/site-packages/airflow/example_dags/example_datasets.py
[2025-02-12T15:56:04.966+0000] {processor.py:839} INFO - DAG(s) dict_keys(['dataset_produces_2', 'dataset_consumes_1', 'dataset_produces_1', 'dataset_consumes_1_and_2', 'dataset_consumes_1_never_scheduled', 'dataset_consumes_unknown_never_scheduled']) retrieved from /home/airflow/.local/lib/python3.8/site-packages/airflow/example_dags/example_datasets.py
[2025-02-12T15:56:05.010+0000] {logging_mixin.py:151} INFO - [2025-02-12T15:56:05.010+0000] {dag.py:2915} INFO - Sync 6 DAGs
[2025-02-12T15:56:05.037+0000] {logging_mixin.py:151} INFO - [2025-02-12T15:56:05.037+0000] {dag.py:3696} INFO - Setting next_dagrun for dataset_consumes_1 to None, run_after=None
[2025-02-12T15:56:05.042+0000] {logging_mixin.py:151} INFO - [2025-02-12T15:56:05.042+0000] {dag.py:3696} INFO - Setting next_dagrun for dataset_consumes_1_and_2 to None, run_after=None
[2025-02-12T15:56:05.043+0000] {logging_mixin.py:151} INFO - [2025-02-12T15:56:05.043+0000] {dag.py:3696} INFO - Setting next_dagrun for dataset_consumes_1_never_scheduled to None, run_after=None
[2025-02-12T15:56:05.045+0000] {logging_mixin.py:151} INFO - [2025-02-12T15:56:05.045+0000] {dag.py:3696} INFO - Setting next_dagrun for dataset_consumes_unknown_never_scheduled to None, run_after=None
[2025-02-12T15:56:05.048+0000] {logging_mixin.py:151} INFO - [2025-02-12T15:56:05.048+0000] {dag.py:3696} INFO - Setting next_dagrun for dataset_produces_1 to 2025-02-11T00:00:00+00:00, run_after=2025-02-12T00:00:00+00:00
[2025-02-12T15:56:05.050+0000] {logging_mixin.py:151} INFO - [2025-02-12T15:56:05.049+0000] {dag.py:3696} INFO - Setting next_dagrun for dataset_produces_2 to None, run_after=None
[2025-02-12T15:56:05.086+0000] {processor.py:179} INFO - Processing /home/airflow/.local/lib/python3.8/site-packages/airflow/example_dags/example_datasets.py took 0.133 seconds
[2025-02-12T15:56:35.560+0000] {processor.py:157} INFO - Started process (PID=918) to work on /home/airflow/.local/lib/python3.8/site-packages/airflow/example_dags/example_datasets.py
[2025-02-12T15:56:35.561+0000] {processor.py:829} INFO - Processing file /home/airflow/.local/lib/python3.8/site-packages/airflow/example_dags/example_datasets.py for tasks to queue
[2025-02-12T15:56:35.562+0000] {logging_mixin.py:151} INFO - [2025-02-12T15:56:35.562+0000] {dagbag.py:539} INFO - Filling up the DagBag from /home/airflow/.local/lib/python3.8/site-packages/airflow/example_dags/example_datasets.py
[2025-02-12T15:56:35.572+0000] {processor.py:839} INFO - DAG(s) dict_keys(['dataset_produces_1', 'dataset_consumes_1_never_scheduled', 'dataset_produces_2', 'dataset_consumes_1', 'dataset_consumes_1_and_2', 'dataset_consumes_unknown_never_scheduled']) retrieved from /home/airflow/.local/lib/python3.8/site-packages/airflow/example_dags/example_datasets.py
[2025-02-12T15:56:35.617+0000] {logging_mixin.py:151} INFO - [2025-02-12T15:56:35.616+0000] {dag.py:2915} INFO - Sync 6 DAGs
[2025-02-12T15:56:35.644+0000] {logging_mixin.py:151} INFO - [2025-02-12T15:56:35.644+0000] {dag.py:3696} INFO - Setting next_dagrun for dataset_consumes_1 to None, run_after=None
[2025-02-12T15:56:35.648+0000] {logging_mixin.py:151} INFO - [2025-02-12T15:56:35.648+0000] {dag.py:3696} INFO - Setting next_dagrun for dataset_consumes_1_and_2 to None, run_after=None
[2025-02-12T15:56:35.649+0000] {logging_mixin.py:151} INFO - [2025-02-12T15:56:35.649+0000] {dag.py:3696} INFO - Setting next_dagrun for dataset_consumes_1_never_scheduled to None, run_after=None
[2025-02-12T15:56:35.651+0000] {logging_mixin.py:151} INFO - [2025-02-12T15:56:35.650+0000] {dag.py:3696} INFO - Setting next_dagrun for dataset_consumes_unknown_never_scheduled to None, run_after=None
[2025-02-12T15:56:35.654+0000] {logging_mixin.py:151} INFO - [2025-02-12T15:56:35.654+0000] {dag.py:3696} INFO - Setting next_dagrun for dataset_produces_1 to 2025-02-11T00:00:00+00:00, run_after=2025-02-12T00:00:00+00:00
[2025-02-12T15:56:35.655+0000] {logging_mixin.py:151} INFO - [2025-02-12T15:56:35.655+0000] {dag.py:3696} INFO - Setting next_dagrun for dataset_produces_2 to None, run_after=None
[2025-02-12T15:56:35.699+0000] {processor.py:179} INFO - Processing /home/airflow/.local/lib/python3.8/site-packages/airflow/example_dags/example_datasets.py took 0.142 seconds
[2025-02-12T15:57:06.206+0000] {processor.py:157} INFO - Started process (PID=1178) to work on /home/airflow/.local/lib/python3.8/site-packages/airflow/example_dags/example_datasets.py
[2025-02-12T15:57:06.207+0000] {processor.py:829} INFO - Processing file /home/airflow/.local/lib/python3.8/site-packages/airflow/example_dags/example_datasets.py for tasks to queue
[2025-02-12T15:57:06.207+0000] {logging_mixin.py:151} INFO - [2025-02-12T15:57:06.207+0000] {dagbag.py:539} INFO - Filling up the DagBag from /home/airflow/.local/lib/python3.8/site-packages/airflow/example_dags/example_datasets.py
[2025-02-12T15:57:06.215+0000] {processor.py:839} INFO - DAG(s) dict_keys(['dataset_consumes_1_and_2', 'dataset_produces_2', 'dataset_consumes_1_never_scheduled', 'dataset_consumes_1', 'dataset_produces_1', 'dataset_consumes_unknown_never_scheduled']) retrieved from /home/airflow/.local/lib/python3.8/site-packages/airflow/example_dags/example_datasets.py
[2025-02-12T15:57:06.251+0000] {logging_mixin.py:151} INFO - [2025-02-12T15:57:06.250+0000] {dag.py:2915} INFO - Sync 6 DAGs
[2025-02-12T15:57:06.274+0000] {logging_mixin.py:151} INFO - [2025-02-12T15:57:06.273+0000] {dag.py:3696} INFO - Setting next_dagrun for dataset_consumes_1 to None, run_after=None
[2025-02-12T15:57:06.277+0000] {logging_mixin.py:151} INFO - [2025-02-12T15:57:06.277+0000] {dag.py:3696} INFO - Setting next_dagrun for dataset_consumes_1_and_2 to None, run_after=None
[2025-02-12T15:57:06.278+0000] {logging_mixin.py:151} INFO - [2025-02-12T15:57:06.278+0000] {dag.py:3696} INFO - Setting next_dagrun for dataset_consumes_1_never_scheduled to None, run_after=None
[2025-02-12T15:57:06.279+0000] {logging_mixin.py:151} INFO - [2025-02-12T15:57:06.279+0000] {dag.py:3696} INFO - Setting next_dagrun for dataset_consumes_unknown_never_scheduled to None, run_after=None
[2025-02-12T15:57:06.282+0000] {logging_mixin.py:151} INFO - [2025-02-12T15:57:06.282+0000] {dag.py:3696} INFO - Setting next_dagrun for dataset_produces_1 to 2025-02-11T00:00:00+00:00, run_after=2025-02-12T00:00:00+00:00
[2025-02-12T15:57:06.283+0000] {logging_mixin.py:151} INFO - [2025-02-12T15:57:06.283+0000] {dag.py:3696} INFO - Setting next_dagrun for dataset_produces_2 to None, run_after=None
[2025-02-12T15:57:06.313+0000] {processor.py:179} INFO - Processing /home/airflow/.local/lib/python3.8/site-packages/airflow/example_dags/example_datasets.py took 0.110 seconds
[2025-02-12T15:57:36.957+0000] {processor.py:157} INFO - Started process (PID=1439) to work on /home/airflow/.local/lib/python3.8/site-packages/airflow/example_dags/example_datasets.py
[2025-02-12T15:57:36.958+0000] {processor.py:829} INFO - Processing file /home/airflow/.local/lib/python3.8/site-packages/airflow/example_dags/example_datasets.py for tasks to queue
[2025-02-12T15:57:36.960+0000] {logging_mixin.py:151} INFO - [2025-02-12T15:57:36.959+0000] {dagbag.py:539} INFO - Filling up the DagBag from /home/airflow/.local/lib/python3.8/site-packages/airflow/example_dags/example_datasets.py
[2025-02-12T15:57:36.969+0000] {processor.py:839} INFO - DAG(s) dict_keys(['dataset_consumes_1_and_2', 'dataset_consumes_1', 'dataset_consumes_unknown_never_scheduled', 'dataset_produces_1', 'dataset_produces_2', 'dataset_consumes_1_never_scheduled']) retrieved from /home/airflow/.local/lib/python3.8/site-packages/airflow/example_dags/example_datasets.py
[2025-02-12T15:57:37.020+0000] {logging_mixin.py:151} INFO - [2025-02-12T15:57:37.020+0000] {dag.py:2915} INFO - Sync 6 DAGs
[2025-02-12T15:57:37.047+0000] {logging_mixin.py:151} INFO - [2025-02-12T15:57:37.047+0000] {dag.py:3696} INFO - Setting next_dagrun for dataset_consumes_1 to None, run_after=None
[2025-02-12T15:57:37.052+0000] {logging_mixin.py:151} INFO - [2025-02-12T15:57:37.052+0000] {dag.py:3696} INFO - Setting next_dagrun for dataset_consumes_1_and_2 to None, run_after=None
[2025-02-12T15:57:37.054+0000] {logging_mixin.py:151} INFO - [2025-02-12T15:57:37.053+0000] {dag.py:3696} INFO - Setting next_dagrun for dataset_consumes_1_never_scheduled to None, run_after=None
[2025-02-12T15:57:37.055+0000] {logging_mixin.py:151} INFO - [2025-02-12T15:57:37.055+0000] {dag.py:3696} INFO - Setting next_dagrun for dataset_consumes_unknown_never_scheduled to None, run_after=None
[2025-02-12T15:57:37.057+0000] {logging_mixin.py:151} INFO - [2025-02-12T15:57:37.057+0000] {dag.py:3696} INFO - Setting next_dagrun for dataset_produces_1 to 2025-02-11T00:00:00+00:00, run_after=2025-02-12T00:00:00+00:00
[2025-02-12T15:57:37.058+0000] {logging_mixin.py:151} INFO - [2025-02-12T15:57:37.058+0000] {dag.py:3696} INFO - Setting next_dagrun for dataset_produces_2 to None, run_after=None
[2025-02-12T15:57:37.088+0000] {processor.py:179} INFO - Processing /home/airflow/.local/lib/python3.8/site-packages/airflow/example_dags/example_datasets.py took 0.137 seconds
[2025-02-12T15:59:38.869+0000] {processor.py:157} INFO - Started process (PID=1753) to work on /home/airflow/.local/lib/python3.8/site-packages/airflow/example_dags/example_datasets.py
[2025-02-12T15:59:38.870+0000] {processor.py:829} INFO - Processing file /home/airflow/.local/lib/python3.8/site-packages/airflow/example_dags/example_datasets.py for tasks to queue
[2025-02-12T15:59:38.871+0000] {logging_mixin.py:151} INFO - [2025-02-12T15:59:38.871+0000] {dagbag.py:539} INFO - Filling up the DagBag from /home/airflow/.local/lib/python3.8/site-packages/airflow/example_dags/example_datasets.py
[2025-02-12T15:59:38.879+0000] {processor.py:839} INFO - DAG(s) dict_keys(['dataset_consumes_1_never_scheduled', 'dataset_consumes_unknown_never_scheduled', 'dataset_produces_1', 'dataset_consumes_1', 'dataset_consumes_1_and_2', 'dataset_produces_2']) retrieved from /home/airflow/.local/lib/python3.8/site-packages/airflow/example_dags/example_datasets.py
[2025-02-12T15:59:38.910+0000] {logging_mixin.py:151} INFO - [2025-02-12T15:59:38.910+0000] {dag.py:2915} INFO - Sync 6 DAGs
[2025-02-12T15:59:38.932+0000] {logging_mixin.py:151} INFO - [2025-02-12T15:59:38.931+0000] {dag.py:3696} INFO - Setting next_dagrun for dataset_consumes_1 to None, run_after=None
[2025-02-12T15:59:38.935+0000] {logging_mixin.py:151} INFO - [2025-02-12T15:59:38.935+0000] {dag.py:3696} INFO - Setting next_dagrun for dataset_consumes_1_and_2 to None, run_after=None
[2025-02-12T15:59:38.936+0000] {logging_mixin.py:151} INFO - [2025-02-12T15:59:38.936+0000] {dag.py:3696} INFO - Setting next_dagrun for dataset_consumes_1_never_scheduled to None, run_after=None
[2025-02-12T15:59:38.937+0000] {logging_mixin.py:151} INFO - [2025-02-12T15:59:38.937+0000] {dag.py:3696} INFO - Setting next_dagrun for dataset_consumes_unknown_never_scheduled to None, run_after=None
[2025-02-12T15:59:38.940+0000] {logging_mixin.py:151} INFO - [2025-02-12T15:59:38.940+0000] {dag.py:3696} INFO - Setting next_dagrun for dataset_produces_1 to 2025-02-11T00:00:00+00:00, run_after=2025-02-12T00:00:00+00:00
[2025-02-12T15:59:38.942+0000] {logging_mixin.py:151} INFO - [2025-02-12T15:59:38.941+0000] {dag.py:3696} INFO - Setting next_dagrun for dataset_produces_2 to None, run_after=None
[2025-02-12T15:59:38.975+0000] {processor.py:179} INFO - Processing /home/airflow/.local/lib/python3.8/site-packages/airflow/example_dags/example_datasets.py took 0.108 seconds
[2025-02-12T16:00:09.117+0000] {processor.py:157} INFO - Started process (PID=2038) to work on /home/airflow/.local/lib/python3.8/site-packages/airflow/example_dags/example_datasets.py
[2025-02-12T16:00:09.118+0000] {processor.py:829} INFO - Processing file /home/airflow/.local/lib/python3.8/site-packages/airflow/example_dags/example_datasets.py for tasks to queue
[2025-02-12T16:00:09.119+0000] {logging_mixin.py:151} INFO - [2025-02-12T16:00:09.118+0000] {dagbag.py:539} INFO - Filling up the DagBag from /home/airflow/.local/lib/python3.8/site-packages/airflow/example_dags/example_datasets.py
[2025-02-12T16:00:09.127+0000] {processor.py:839} INFO - DAG(s) dict_keys(['dataset_produces_2', 'dataset_consumes_unknown_never_scheduled', 'dataset_consumes_1', 'dataset_consumes_1_and_2', 'dataset_produces_1', 'dataset_consumes_1_never_scheduled']) retrieved from /home/airflow/.local/lib/python3.8/site-packages/airflow/example_dags/example_datasets.py
[2025-02-12T16:00:09.160+0000] {logging_mixin.py:151} INFO - [2025-02-12T16:00:09.160+0000] {dag.py:2915} INFO - Sync 6 DAGs
[2025-02-12T16:00:09.179+0000] {logging_mixin.py:151} INFO - [2025-02-12T16:00:09.179+0000] {dag.py:3696} INFO - Setting next_dagrun for dataset_consumes_1 to None, run_after=None
[2025-02-12T16:00:09.182+0000] {logging_mixin.py:151} INFO - [2025-02-12T16:00:09.181+0000] {dag.py:3696} INFO - Setting next_dagrun for dataset_consumes_1_and_2 to None, run_after=None
[2025-02-12T16:00:09.183+0000] {logging_mixin.py:151} INFO - [2025-02-12T16:00:09.182+0000] {dag.py:3696} INFO - Setting next_dagrun for dataset_consumes_1_never_scheduled to None, run_after=None
[2025-02-12T16:00:09.183+0000] {logging_mixin.py:151} INFO - [2025-02-12T16:00:09.183+0000] {dag.py:3696} INFO - Setting next_dagrun for dataset_consumes_unknown_never_scheduled to None, run_after=None
[2025-02-12T16:00:09.186+0000] {logging_mixin.py:151} INFO - [2025-02-12T16:00:09.186+0000] {dag.py:3696} INFO - Setting next_dagrun for dataset_produces_1 to 2025-02-11T00:00:00+00:00, run_after=2025-02-12T00:00:00+00:00
[2025-02-12T16:00:09.187+0000] {logging_mixin.py:151} INFO - [2025-02-12T16:00:09.187+0000] {dag.py:3696} INFO - Setting next_dagrun for dataset_produces_2 to None, run_after=None
[2025-02-12T16:00:09.213+0000] {processor.py:179} INFO - Processing /home/airflow/.local/lib/python3.8/site-packages/airflow/example_dags/example_datasets.py took 0.099 seconds
[2025-02-12T16:01:58.476+0000] {processor.py:157} INFO - Started process (PID=2349) to work on /home/airflow/.local/lib/python3.8/site-packages/airflow/example_dags/example_datasets.py
[2025-02-12T16:01:58.477+0000] {processor.py:829} INFO - Processing file /home/airflow/.local/lib/python3.8/site-packages/airflow/example_dags/example_datasets.py for tasks to queue
[2025-02-12T16:01:58.478+0000] {logging_mixin.py:151} INFO - [2025-02-12T16:01:58.478+0000] {dagbag.py:539} INFO - Filling up the DagBag from /home/airflow/.local/lib/python3.8/site-packages/airflow/example_dags/example_datasets.py
[2025-02-12T16:01:58.486+0000] {processor.py:839} INFO - DAG(s) dict_keys(['dataset_consumes_1_never_scheduled', 'dataset_consumes_unknown_never_scheduled', 'dataset_produces_1', 'dataset_consumes_1_and_2', 'dataset_produces_2', 'dataset_consumes_1']) retrieved from /home/airflow/.local/lib/python3.8/site-packages/airflow/example_dags/example_datasets.py
[2025-02-12T16:01:58.517+0000] {logging_mixin.py:151} INFO - [2025-02-12T16:01:58.517+0000] {dag.py:2915} INFO - Sync 6 DAGs
[2025-02-12T16:01:58.538+0000] {logging_mixin.py:151} INFO - [2025-02-12T16:01:58.538+0000] {dag.py:3696} INFO - Setting next_dagrun for dataset_consumes_1 to None, run_after=None
[2025-02-12T16:01:58.541+0000] {logging_mixin.py:151} INFO - [2025-02-12T16:01:58.541+0000] {dag.py:3696} INFO - Setting next_dagrun for dataset_consumes_1_and_2 to None, run_after=None
[2025-02-12T16:01:58.542+0000] {logging_mixin.py:151} INFO - [2025-02-12T16:01:58.542+0000] {dag.py:3696} INFO - Setting next_dagrun for dataset_consumes_1_never_scheduled to None, run_after=None
[2025-02-12T16:01:58.543+0000] {logging_mixin.py:151} INFO - [2025-02-12T16:01:58.543+0000] {dag.py:3696} INFO - Setting next_dagrun for dataset_consumes_unknown_never_scheduled to None, run_after=None
[2025-02-12T16:01:58.546+0000] {logging_mixin.py:151} INFO - [2025-02-12T16:01:58.545+0000] {dag.py:3696} INFO - Setting next_dagrun for dataset_produces_1 to 2025-02-11T00:00:00+00:00, run_after=2025-02-12T00:00:00+00:00
[2025-02-12T16:01:58.547+0000] {logging_mixin.py:151} INFO - [2025-02-12T16:01:58.546+0000] {dag.py:3696} INFO - Setting next_dagrun for dataset_produces_2 to None, run_after=None
[2025-02-12T16:01:58.574+0000] {processor.py:179} INFO - Processing /home/airflow/.local/lib/python3.8/site-packages/airflow/example_dags/example_datasets.py took 0.101 seconds
[2025-02-12T16:02:28.940+0000] {processor.py:157} INFO - Started process (PID=2649) to work on /home/airflow/.local/lib/python3.8/site-packages/airflow/example_dags/example_datasets.py
[2025-02-12T16:02:28.941+0000] {processor.py:829} INFO - Processing file /home/airflow/.local/lib/python3.8/site-packages/airflow/example_dags/example_datasets.py for tasks to queue
[2025-02-12T16:02:28.942+0000] {logging_mixin.py:151} INFO - [2025-02-12T16:02:28.942+0000] {dagbag.py:539} INFO - Filling up the DagBag from /home/airflow/.local/lib/python3.8/site-packages/airflow/example_dags/example_datasets.py
[2025-02-12T16:02:28.951+0000] {processor.py:839} INFO - DAG(s) dict_keys(['dataset_produces_2', 'dataset_consumes_unknown_never_scheduled', 'dataset_consumes_1', 'dataset_produces_1', 'dataset_consumes_1_and_2', 'dataset_consumes_1_never_scheduled']) retrieved from /home/airflow/.local/lib/python3.8/site-packages/airflow/example_dags/example_datasets.py
[2025-02-12T16:02:28.985+0000] {logging_mixin.py:151} INFO - [2025-02-12T16:02:28.985+0000] {dag.py:2915} INFO - Sync 6 DAGs
[2025-02-12T16:02:29.006+0000] {logging_mixin.py:151} INFO - [2025-02-12T16:02:29.005+0000] {dag.py:3696} INFO - Setting next_dagrun for dataset_consumes_1 to None, run_after=None
[2025-02-12T16:02:29.009+0000] {logging_mixin.py:151} INFO - [2025-02-12T16:02:29.009+0000] {dag.py:3696} INFO - Setting next_dagrun for dataset_consumes_1_and_2 to None, run_after=None
[2025-02-12T16:02:29.010+0000] {logging_mixin.py:151} INFO - [2025-02-12T16:02:29.010+0000] {dag.py:3696} INFO - Setting next_dagrun for dataset_consumes_1_never_scheduled to None, run_after=None
[2025-02-12T16:02:29.011+0000] {logging_mixin.py:151} INFO - [2025-02-12T16:02:29.011+0000] {dag.py:3696} INFO - Setting next_dagrun for dataset_consumes_unknown_never_scheduled to None, run_after=None
[2025-02-12T16:02:29.014+0000] {logging_mixin.py:151} INFO - [2025-02-12T16:02:29.013+0000] {dag.py:3696} INFO - Setting next_dagrun for dataset_produces_1 to 2025-02-11T00:00:00+00:00, run_after=2025-02-12T00:00:00+00:00
[2025-02-12T16:02:29.015+0000] {logging_mixin.py:151} INFO - [2025-02-12T16:02:29.015+0000] {dag.py:3696} INFO - Setting next_dagrun for dataset_produces_2 to None, run_after=None
[2025-02-12T16:02:29.045+0000] {processor.py:179} INFO - Processing /home/airflow/.local/lib/python3.8/site-packages/airflow/example_dags/example_datasets.py took 0.108 seconds
[2025-02-12T16:03:04.134+0000] {processor.py:157} INFO - Started process (PID=2946) to work on /home/airflow/.local/lib/python3.8/site-packages/airflow/example_dags/example_datasets.py
[2025-02-12T16:03:04.135+0000] {processor.py:829} INFO - Processing file /home/airflow/.local/lib/python3.8/site-packages/airflow/example_dags/example_datasets.py for tasks to queue
[2025-02-12T16:03:04.136+0000] {logging_mixin.py:151} INFO - [2025-02-12T16:03:04.136+0000] {dagbag.py:539} INFO - Filling up the DagBag from /home/airflow/.local/lib/python3.8/site-packages/airflow/example_dags/example_datasets.py
[2025-02-12T16:03:04.145+0000] {processor.py:839} INFO - DAG(s) dict_keys(['dataset_consumes_1_and_2', 'dataset_produces_1', 'dataset_consumes_1', 'dataset_consumes_1_never_scheduled', 'dataset_consumes_unknown_never_scheduled', 'dataset_produces_2']) retrieved from /home/airflow/.local/lib/python3.8/site-packages/airflow/example_dags/example_datasets.py
[2025-02-12T16:03:04.189+0000] {logging_mixin.py:151} INFO - [2025-02-12T16:03:04.188+0000] {dag.py:2915} INFO - Sync 6 DAGs
[2025-02-12T16:03:04.214+0000] {logging_mixin.py:151} INFO - [2025-02-12T16:03:04.214+0000] {dag.py:3696} INFO - Setting next_dagrun for dataset_consumes_1 to None, run_after=None
[2025-02-12T16:03:04.218+0000] {logging_mixin.py:151} INFO - [2025-02-12T16:03:04.218+0000] {dag.py:3696} INFO - Setting next_dagrun for dataset_consumes_1_and_2 to None, run_after=None
[2025-02-12T16:03:04.219+0000] {logging_mixin.py:151} INFO - [2025-02-12T16:03:04.219+0000] {dag.py:3696} INFO - Setting next_dagrun for dataset_consumes_1_never_scheduled to None, run_after=None
[2025-02-12T16:03:04.220+0000] {logging_mixin.py:151} INFO - [2025-02-12T16:03:04.220+0000] {dag.py:3696} INFO - Setting next_dagrun for dataset_consumes_unknown_never_scheduled to None, run_after=None
[2025-02-12T16:03:04.223+0000] {logging_mixin.py:151} INFO - [2025-02-12T16:03:04.223+0000] {dag.py:3696} INFO - Setting next_dagrun for dataset_produces_1 to 2025-02-11T00:00:00+00:00, run_after=2025-02-12T00:00:00+00:00
[2025-02-12T16:03:04.225+0000] {logging_mixin.py:151} INFO - [2025-02-12T16:03:04.225+0000] {dag.py:3696} INFO - Setting next_dagrun for dataset_produces_2 to None, run_after=None
[2025-02-12T16:03:04.258+0000] {processor.py:179} INFO - Processing /home/airflow/.local/lib/python3.8/site-packages/airflow/example_dags/example_datasets.py took 0.127 seconds
[2025-02-12T16:03:35.135+0000] {processor.py:157} INFO - Started process (PID=3253) to work on /home/airflow/.local/lib/python3.8/site-packages/airflow/example_dags/example_datasets.py
[2025-02-12T16:03:35.136+0000] {processor.py:829} INFO - Processing file /home/airflow/.local/lib/python3.8/site-packages/airflow/example_dags/example_datasets.py for tasks to queue
[2025-02-12T16:03:35.136+0000] {logging_mixin.py:151} INFO - [2025-02-12T16:03:35.136+0000] {dagbag.py:539} INFO - Filling up the DagBag from /home/airflow/.local/lib/python3.8/site-packages/airflow/example_dags/example_datasets.py
[2025-02-12T16:03:35.145+0000] {processor.py:839} INFO - DAG(s) dict_keys(['dataset_consumes_1', 'dataset_consumes_1_and_2', 'dataset_produces_1', 'dataset_consumes_1_never_scheduled', 'dataset_consumes_unknown_never_scheduled', 'dataset_produces_2']) retrieved from /home/airflow/.local/lib/python3.8/site-packages/airflow/example_dags/example_datasets.py
[2025-02-12T16:03:35.177+0000] {logging_mixin.py:151} INFO - [2025-02-12T16:03:35.177+0000] {dag.py:2915} INFO - Sync 6 DAGs
[2025-02-12T16:03:35.197+0000] {logging_mixin.py:151} INFO - [2025-02-12T16:03:35.196+0000] {dag.py:3696} INFO - Setting next_dagrun for dataset_consumes_1 to None, run_after=None
[2025-02-12T16:03:35.199+0000] {logging_mixin.py:151} INFO - [2025-02-12T16:03:35.199+0000] {dag.py:3696} INFO - Setting next_dagrun for dataset_consumes_1_and_2 to None, run_after=None
[2025-02-12T16:03:35.200+0000] {logging_mixin.py:151} INFO - [2025-02-12T16:03:35.200+0000] {dag.py:3696} INFO - Setting next_dagrun for dataset_consumes_1_never_scheduled to None, run_after=None
[2025-02-12T16:03:35.202+0000] {logging_mixin.py:151} INFO - [2025-02-12T16:03:35.202+0000] {dag.py:3696} INFO - Setting next_dagrun for dataset_consumes_unknown_never_scheduled to None, run_after=None
[2025-02-12T16:03:35.204+0000] {logging_mixin.py:151} INFO - [2025-02-12T16:03:35.204+0000] {dag.py:3696} INFO - Setting next_dagrun for dataset_produces_1 to 2025-02-11T00:00:00+00:00, run_after=2025-02-12T00:00:00+00:00
[2025-02-12T16:03:35.205+0000] {logging_mixin.py:151} INFO - [2025-02-12T16:03:35.205+0000] {dag.py:3696} INFO - Setting next_dagrun for dataset_produces_2 to None, run_after=None
[2025-02-12T16:03:35.234+0000] {processor.py:179} INFO - Processing /home/airflow/.local/lib/python3.8/site-packages/airflow/example_dags/example_datasets.py took 0.102 seconds
[2025-02-12T16:04:07.490+0000] {processor.py:157} INFO - Started process (PID=3514) to work on /home/airflow/.local/lib/python3.8/site-packages/airflow/example_dags/example_datasets.py
[2025-02-12T16:04:07.490+0000] {processor.py:829} INFO - Processing file /home/airflow/.local/lib/python3.8/site-packages/airflow/example_dags/example_datasets.py for tasks to queue
[2025-02-12T16:04:07.491+0000] {logging_mixin.py:151} INFO - [2025-02-12T16:04:07.491+0000] {dagbag.py:539} INFO - Filling up the DagBag from /home/airflow/.local/lib/python3.8/site-packages/airflow/example_dags/example_datasets.py
[2025-02-12T16:04:07.499+0000] {processor.py:839} INFO - DAG(s) dict_keys(['dataset_consumes_1_never_scheduled', 'dataset_consumes_1', 'dataset_consumes_1_and_2', 'dataset_produces_2', 'dataset_consumes_unknown_never_scheduled', 'dataset_produces_1']) retrieved from /home/airflow/.local/lib/python3.8/site-packages/airflow/example_dags/example_datasets.py
[2025-02-12T16:04:07.536+0000] {logging_mixin.py:151} INFO - [2025-02-12T16:04:07.536+0000] {dag.py:2915} INFO - Sync 6 DAGs
[2025-02-12T16:04:07.560+0000] {logging_mixin.py:151} INFO - [2025-02-12T16:04:07.560+0000] {dag.py:3696} INFO - Setting next_dagrun for dataset_consumes_1 to None, run_after=None
[2025-02-12T16:04:07.563+0000] {logging_mixin.py:151} INFO - [2025-02-12T16:04:07.563+0000] {dag.py:3696} INFO - Setting next_dagrun for dataset_consumes_1_and_2 to None, run_after=None
[2025-02-12T16:04:07.565+0000] {logging_mixin.py:151} INFO - [2025-02-12T16:04:07.565+0000] {dag.py:3696} INFO - Setting next_dagrun for dataset_consumes_1_never_scheduled to None, run_after=None
[2025-02-12T16:04:07.566+0000] {logging_mixin.py:151} INFO - [2025-02-12T16:04:07.566+0000] {dag.py:3696} INFO - Setting next_dagrun for dataset_consumes_unknown_never_scheduled to None, run_after=None
[2025-02-12T16:04:07.570+0000] {logging_mixin.py:151} INFO - [2025-02-12T16:04:07.570+0000] {dag.py:3696} INFO - Setting next_dagrun for dataset_produces_1 to 2025-02-11T00:00:00+00:00, run_after=2025-02-12T00:00:00+00:00
[2025-02-12T16:04:07.572+0000] {logging_mixin.py:151} INFO - [2025-02-12T16:04:07.572+0000] {dag.py:3696} INFO - Setting next_dagrun for dataset_produces_2 to None, run_after=None
[2025-02-12T16:04:07.609+0000] {processor.py:179} INFO - Processing /home/airflow/.local/lib/python3.8/site-packages/airflow/example_dags/example_datasets.py took 0.122 seconds
[2025-02-12T16:04:39.943+0000] {processor.py:157} INFO - Started process (PID=3781) to work on /home/airflow/.local/lib/python3.8/site-packages/airflow/example_dags/example_datasets.py
[2025-02-12T16:04:39.944+0000] {processor.py:829} INFO - Processing file /home/airflow/.local/lib/python3.8/site-packages/airflow/example_dags/example_datasets.py for tasks to queue
[2025-02-12T16:04:39.945+0000] {logging_mixin.py:151} INFO - [2025-02-12T16:04:39.945+0000] {dagbag.py:539} INFO - Filling up the DagBag from /home/airflow/.local/lib/python3.8/site-packages/airflow/example_dags/example_datasets.py
[2025-02-12T16:04:39.952+0000] {processor.py:839} INFO - DAG(s) dict_keys(['dataset_consumes_1_and_2', 'dataset_consumes_1_never_scheduled', 'dataset_consumes_1', 'dataset_produces_2', 'dataset_consumes_unknown_never_scheduled', 'dataset_produces_1']) retrieved from /home/airflow/.local/lib/python3.8/site-packages/airflow/example_dags/example_datasets.py
[2025-02-12T16:04:39.984+0000] {logging_mixin.py:151} INFO - [2025-02-12T16:04:39.984+0000] {dag.py:2915} INFO - Sync 6 DAGs
[2025-02-12T16:04:40.005+0000] {logging_mixin.py:151} INFO - [2025-02-12T16:04:40.004+0000] {dag.py:3696} INFO - Setting next_dagrun for dataset_consumes_1 to None, run_after=None
[2025-02-12T16:04:40.008+0000] {logging_mixin.py:151} INFO - [2025-02-12T16:04:40.008+0000] {dag.py:3696} INFO - Setting next_dagrun for dataset_consumes_1_and_2 to None, run_after=None
[2025-02-12T16:04:40.009+0000] {logging_mixin.py:151} INFO - [2025-02-12T16:04:40.009+0000] {dag.py:3696} INFO - Setting next_dagrun for dataset_consumes_1_never_scheduled to None, run_after=None
[2025-02-12T16:04:40.010+0000] {logging_mixin.py:151} INFO - [2025-02-12T16:04:40.010+0000] {dag.py:3696} INFO - Setting next_dagrun for dataset_consumes_unknown_never_scheduled to None, run_after=None
[2025-02-12T16:04:40.013+0000] {logging_mixin.py:151} INFO - [2025-02-12T16:04:40.013+0000] {dag.py:3696} INFO - Setting next_dagrun for dataset_produces_1 to 2025-02-11T00:00:00+00:00, run_after=2025-02-12T00:00:00+00:00
[2025-02-12T16:04:40.014+0000] {logging_mixin.py:151} INFO - [2025-02-12T16:04:40.014+0000] {dag.py:3696} INFO - Setting next_dagrun for dataset_produces_2 to None, run_after=None
[2025-02-12T16:04:40.044+0000] {processor.py:179} INFO - Processing /home/airflow/.local/lib/python3.8/site-packages/airflow/example_dags/example_datasets.py took 0.103 seconds
[2025-02-12T16:05:13.220+0000] {processor.py:157} INFO - Started process (PID=4042) to work on /home/airflow/.local/lib/python3.8/site-packages/airflow/example_dags/example_datasets.py
[2025-02-12T16:05:13.220+0000] {processor.py:829} INFO - Processing file /home/airflow/.local/lib/python3.8/site-packages/airflow/example_dags/example_datasets.py for tasks to queue
[2025-02-12T16:05:13.221+0000] {logging_mixin.py:151} INFO - [2025-02-12T16:05:13.221+0000] {dagbag.py:539} INFO - Filling up the DagBag from /home/airflow/.local/lib/python3.8/site-packages/airflow/example_dags/example_datasets.py
[2025-02-12T16:05:13.228+0000] {processor.py:839} INFO - DAG(s) dict_keys(['dataset_consumes_1_never_scheduled', 'dataset_produces_1', 'dataset_consumes_1_and_2', 'dataset_consumes_unknown_never_scheduled', 'dataset_consumes_1', 'dataset_produces_2']) retrieved from /home/airflow/.local/lib/python3.8/site-packages/airflow/example_dags/example_datasets.py
[2025-02-12T16:05:13.257+0000] {logging_mixin.py:151} INFO - [2025-02-12T16:05:13.257+0000] {dag.py:2915} INFO - Sync 6 DAGs
[2025-02-12T16:05:13.276+0000] {logging_mixin.py:151} INFO - [2025-02-12T16:05:13.276+0000] {dag.py:3696} INFO - Setting next_dagrun for dataset_consumes_1 to None, run_after=None
[2025-02-12T16:05:13.278+0000] {logging_mixin.py:151} INFO - [2025-02-12T16:05:13.278+0000] {dag.py:3696} INFO - Setting next_dagrun for dataset_consumes_1_and_2 to None, run_after=None
[2025-02-12T16:05:13.279+0000] {logging_mixin.py:151} INFO - [2025-02-12T16:05:13.279+0000] {dag.py:3696} INFO - Setting next_dagrun for dataset_consumes_1_never_scheduled to None, run_after=None
[2025-02-12T16:05:13.280+0000] {logging_mixin.py:151} INFO - [2025-02-12T16:05:13.280+0000] {dag.py:3696} INFO - Setting next_dagrun for dataset_consumes_unknown_never_scheduled to None, run_after=None
[2025-02-12T16:05:13.282+0000] {logging_mixin.py:151} INFO - [2025-02-12T16:05:13.282+0000] {dag.py:3696} INFO - Setting next_dagrun for dataset_produces_1 to 2025-02-11T00:00:00+00:00, run_after=2025-02-12T00:00:00+00:00
[2025-02-12T16:05:13.283+0000] {logging_mixin.py:151} INFO - [2025-02-12T16:05:13.283+0000] {dag.py:3696} INFO - Setting next_dagrun for dataset_produces_2 to None, run_after=None
[2025-02-12T16:05:13.307+0000] {processor.py:179} INFO - Processing /home/airflow/.local/lib/python3.8/site-packages/airflow/example_dags/example_datasets.py took 0.090 seconds
[2025-02-12T16:05:44.984+0000] {processor.py:157} INFO - Started process (PID=4303) to work on /home/airflow/.local/lib/python3.8/site-packages/airflow/example_dags/example_datasets.py
[2025-02-12T16:05:44.985+0000] {processor.py:829} INFO - Processing file /home/airflow/.local/lib/python3.8/site-packages/airflow/example_dags/example_datasets.py for tasks to queue
[2025-02-12T16:05:44.986+0000] {logging_mixin.py:151} INFO - [2025-02-12T16:05:44.986+0000] {dagbag.py:539} INFO - Filling up the DagBag from /home/airflow/.local/lib/python3.8/site-packages/airflow/example_dags/example_datasets.py
[2025-02-12T16:05:44.994+0000] {processor.py:839} INFO - DAG(s) dict_keys(['dataset_produces_2', 'dataset_consumes_1_never_scheduled', 'dataset_consumes_unknown_never_scheduled', 'dataset_produces_1', 'dataset_consumes_1_and_2', 'dataset_consumes_1']) retrieved from /home/airflow/.local/lib/python3.8/site-packages/airflow/example_dags/example_datasets.py
[2025-02-12T16:05:45.031+0000] {logging_mixin.py:151} INFO - [2025-02-12T16:05:45.031+0000] {dag.py:2915} INFO - Sync 6 DAGs
[2025-02-12T16:05:45.052+0000] {logging_mixin.py:151} INFO - [2025-02-12T16:05:45.052+0000] {dag.py:3696} INFO - Setting next_dagrun for dataset_consumes_1 to None, run_after=None
[2025-02-12T16:05:45.055+0000] {logging_mixin.py:151} INFO - [2025-02-12T16:05:45.055+0000] {dag.py:3696} INFO - Setting next_dagrun for dataset_consumes_1_and_2 to None, run_after=None
[2025-02-12T16:05:45.056+0000] {logging_mixin.py:151} INFO - [2025-02-12T16:05:45.056+0000] {dag.py:3696} INFO - Setting next_dagrun for dataset_consumes_1_never_scheduled to None, run_after=None
[2025-02-12T16:05:45.057+0000] {logging_mixin.py:151} INFO - [2025-02-12T16:05:45.057+0000] {dag.py:3696} INFO - Setting next_dagrun for dataset_consumes_unknown_never_scheduled to None, run_after=None
[2025-02-12T16:05:45.060+0000] {logging_mixin.py:151} INFO - [2025-02-12T16:05:45.060+0000] {dag.py:3696} INFO - Setting next_dagrun for dataset_produces_1 to 2025-02-11T00:00:00+00:00, run_after=2025-02-12T00:00:00+00:00
[2025-02-12T16:05:45.061+0000] {logging_mixin.py:151} INFO - [2025-02-12T16:05:45.061+0000] {dag.py:3696} INFO - Setting next_dagrun for dataset_produces_2 to None, run_after=None
[2025-02-12T16:05:45.089+0000] {processor.py:179} INFO - Processing /home/airflow/.local/lib/python3.8/site-packages/airflow/example_dags/example_datasets.py took 0.108 seconds
[2025-02-12T16:06:15.333+0000] {processor.py:157} INFO - Started process (PID=4570) to work on /home/airflow/.local/lib/python3.8/site-packages/airflow/example_dags/example_datasets.py
[2025-02-12T16:06:15.334+0000] {processor.py:829} INFO - Processing file /home/airflow/.local/lib/python3.8/site-packages/airflow/example_dags/example_datasets.py for tasks to queue
[2025-02-12T16:06:15.334+0000] {logging_mixin.py:151} INFO - [2025-02-12T16:06:15.334+0000] {dagbag.py:539} INFO - Filling up the DagBag from /home/airflow/.local/lib/python3.8/site-packages/airflow/example_dags/example_datasets.py
[2025-02-12T16:06:15.344+0000] {processor.py:839} INFO - DAG(s) dict_keys(['dataset_consumes_1', 'dataset_consumes_1_and_2', 'dataset_consumes_unknown_never_scheduled', 'dataset_produces_1', 'dataset_consumes_1_never_scheduled', 'dataset_produces_2']) retrieved from /home/airflow/.local/lib/python3.8/site-packages/airflow/example_dags/example_datasets.py
[2025-02-12T16:06:15.388+0000] {logging_mixin.py:151} INFO - [2025-02-12T16:06:15.387+0000] {dag.py:2915} INFO - Sync 6 DAGs
[2025-02-12T16:06:15.414+0000] {logging_mixin.py:151} INFO - [2025-02-12T16:06:15.414+0000] {dag.py:3696} INFO - Setting next_dagrun for dataset_consumes_1 to None, run_after=None
[2025-02-12T16:06:15.417+0000] {logging_mixin.py:151} INFO - [2025-02-12T16:06:15.417+0000] {dag.py:3696} INFO - Setting next_dagrun for dataset_consumes_1_and_2 to None, run_after=None
[2025-02-12T16:06:15.418+0000] {logging_mixin.py:151} INFO - [2025-02-12T16:06:15.418+0000] {dag.py:3696} INFO - Setting next_dagrun for dataset_consumes_1_never_scheduled to None, run_after=None
[2025-02-12T16:06:15.419+0000] {logging_mixin.py:151} INFO - [2025-02-12T16:06:15.419+0000] {dag.py:3696} INFO - Setting next_dagrun for dataset_consumes_unknown_never_scheduled to None, run_after=None
[2025-02-12T16:06:15.422+0000] {logging_mixin.py:151} INFO - [2025-02-12T16:06:15.422+0000] {dag.py:3696} INFO - Setting next_dagrun for dataset_produces_1 to 2025-02-11T00:00:00+00:00, run_after=2025-02-12T00:00:00+00:00
[2025-02-12T16:06:15.423+0000] {logging_mixin.py:151} INFO - [2025-02-12T16:06:15.423+0000] {dag.py:3696} INFO - Setting next_dagrun for dataset_produces_2 to None, run_after=None
[2025-02-12T16:06:15.461+0000] {processor.py:179} INFO - Processing /home/airflow/.local/lib/python3.8/site-packages/airflow/example_dags/example_datasets.py took 0.131 seconds
[2025-02-12T16:06:45.921+0000] {processor.py:157} INFO - Started process (PID=4824) to work on /home/airflow/.local/lib/python3.8/site-packages/airflow/example_dags/example_datasets.py
[2025-02-12T16:06:45.923+0000] {processor.py:829} INFO - Processing file /home/airflow/.local/lib/python3.8/site-packages/airflow/example_dags/example_datasets.py for tasks to queue
[2025-02-12T16:06:45.924+0000] {logging_mixin.py:151} INFO - [2025-02-12T16:06:45.924+0000] {dagbag.py:539} INFO - Filling up the DagBag from /home/airflow/.local/lib/python3.8/site-packages/airflow/example_dags/example_datasets.py
[2025-02-12T16:06:45.935+0000] {processor.py:839} INFO - DAG(s) dict_keys(['dataset_consumes_1_never_scheduled', 'dataset_produces_1', 'dataset_consumes_1', 'dataset_consumes_unknown_never_scheduled', 'dataset_produces_2', 'dataset_consumes_1_and_2']) retrieved from /home/airflow/.local/lib/python3.8/site-packages/airflow/example_dags/example_datasets.py
[2025-02-12T16:06:45.988+0000] {logging_mixin.py:151} INFO - [2025-02-12T16:06:45.988+0000] {dag.py:2915} INFO - Sync 6 DAGs
[2025-02-12T16:06:46.018+0000] {logging_mixin.py:151} INFO - [2025-02-12T16:06:46.017+0000] {dag.py:3696} INFO - Setting next_dagrun for dataset_consumes_1 to None, run_after=None
[2025-02-12T16:06:46.022+0000] {logging_mixin.py:151} INFO - [2025-02-12T16:06:46.022+0000] {dag.py:3696} INFO - Setting next_dagrun for dataset_consumes_1_and_2 to None, run_after=None
[2025-02-12T16:06:46.025+0000] {logging_mixin.py:151} INFO - [2025-02-12T16:06:46.024+0000] {dag.py:3696} INFO - Setting next_dagrun for dataset_consumes_1_never_scheduled to None, run_after=None
[2025-02-12T16:06:46.029+0000] {logging_mixin.py:151} INFO - [2025-02-12T16:06:46.028+0000] {dag.py:3696} INFO - Setting next_dagrun for dataset_consumes_unknown_never_scheduled to None, run_after=None
[2025-02-12T16:06:46.033+0000] {logging_mixin.py:151} INFO - [2025-02-12T16:06:46.033+0000] {dag.py:3696} INFO - Setting next_dagrun for dataset_produces_1 to 2025-02-11T00:00:00+00:00, run_after=2025-02-12T00:00:00+00:00
[2025-02-12T16:06:46.036+0000] {logging_mixin.py:151} INFO - [2025-02-12T16:06:46.035+0000] {dag.py:3696} INFO - Setting next_dagrun for dataset_produces_2 to None, run_after=None
[2025-02-12T16:06:40.712+0000] {processor.py:179} INFO - Processing /home/airflow/.local/lib/python3.8/site-packages/airflow/example_dags/example_datasets.py took 0.159 seconds
[2025-02-12T16:07:11.107+0000] {processor.py:157} INFO - Started process (PID=4909) to work on /home/airflow/.local/lib/python3.8/site-packages/airflow/example_dags/example_datasets.py
[2025-02-12T16:07:11.109+0000] {processor.py:829} INFO - Processing file /home/airflow/.local/lib/python3.8/site-packages/airflow/example_dags/example_datasets.py for tasks to queue
[2025-02-12T16:07:11.110+0000] {logging_mixin.py:151} INFO - [2025-02-12T16:07:11.110+0000] {dagbag.py:539} INFO - Filling up the DagBag from /home/airflow/.local/lib/python3.8/site-packages/airflow/example_dags/example_datasets.py
[2025-02-12T16:07:11.119+0000] {processor.py:839} INFO - DAG(s) dict_keys(['dataset_produces_1', 'dataset_consumes_unknown_never_scheduled', 'dataset_consumes_1_and_2', 'dataset_produces_2', 'dataset_consumes_1_never_scheduled', 'dataset_consumes_1']) retrieved from /home/airflow/.local/lib/python3.8/site-packages/airflow/example_dags/example_datasets.py
[2025-02-12T16:07:11.152+0000] {logging_mixin.py:151} INFO - [2025-02-12T16:07:11.151+0000] {dag.py:2915} INFO - Sync 6 DAGs
[2025-02-12T16:07:11.172+0000] {logging_mixin.py:151} INFO - [2025-02-12T16:07:11.172+0000] {dag.py:3696} INFO - Setting next_dagrun for dataset_consumes_1 to None, run_after=None
[2025-02-12T16:07:11.176+0000] {logging_mixin.py:151} INFO - [2025-02-12T16:07:11.175+0000] {dag.py:3696} INFO - Setting next_dagrun for dataset_consumes_1_and_2 to None, run_after=None
[2025-02-12T16:07:11.177+0000] {logging_mixin.py:151} INFO - [2025-02-12T16:07:11.177+0000] {dag.py:3696} INFO - Setting next_dagrun for dataset_consumes_1_never_scheduled to None, run_after=None
[2025-02-12T16:07:11.178+0000] {logging_mixin.py:151} INFO - [2025-02-12T16:07:11.178+0000] {dag.py:3696} INFO - Setting next_dagrun for dataset_consumes_unknown_never_scheduled to None, run_after=None
[2025-02-12T16:07:11.180+0000] {logging_mixin.py:151} INFO - [2025-02-12T16:07:11.180+0000] {dag.py:3696} INFO - Setting next_dagrun for dataset_produces_1 to 2025-02-11T00:00:00+00:00, run_after=2025-02-12T00:00:00+00:00
[2025-02-12T16:07:11.181+0000] {logging_mixin.py:151} INFO - [2025-02-12T16:07:11.181+0000] {dag.py:3696} INFO - Setting next_dagrun for dataset_produces_2 to None, run_after=None
[2025-02-12T16:07:11.209+0000] {processor.py:179} INFO - Processing /home/airflow/.local/lib/python3.8/site-packages/airflow/example_dags/example_datasets.py took 0.105 seconds
[2025-02-12T16:07:41.850+0000] {processor.py:157} INFO - Started process (PID=5173) to work on /home/airflow/.local/lib/python3.8/site-packages/airflow/example_dags/example_datasets.py
[2025-02-12T16:07:41.853+0000] {processor.py:829} INFO - Processing file /home/airflow/.local/lib/python3.8/site-packages/airflow/example_dags/example_datasets.py for tasks to queue
[2025-02-12T16:07:41.854+0000] {logging_mixin.py:151} INFO - [2025-02-12T16:07:41.853+0000] {dagbag.py:539} INFO - Filling up the DagBag from /home/airflow/.local/lib/python3.8/site-packages/airflow/example_dags/example_datasets.py
[2025-02-12T16:07:41.861+0000] {processor.py:839} INFO - DAG(s) dict_keys(['dataset_produces_1', 'dataset_produces_2', 'dataset_consumes_1_and_2', 'dataset_consumes_unknown_never_scheduled', 'dataset_consumes_1', 'dataset_consumes_1_never_scheduled']) retrieved from /home/airflow/.local/lib/python3.8/site-packages/airflow/example_dags/example_datasets.py
[2025-02-12T16:07:41.896+0000] {logging_mixin.py:151} INFO - [2025-02-12T16:07:41.896+0000] {dag.py:2915} INFO - Sync 6 DAGs
[2025-02-12T16:07:41.917+0000] {logging_mixin.py:151} INFO - [2025-02-12T16:07:41.917+0000] {dag.py:3696} INFO - Setting next_dagrun for dataset_consumes_1 to None, run_after=None
[2025-02-12T16:07:41.920+0000] {logging_mixin.py:151} INFO - [2025-02-12T16:07:41.920+0000] {dag.py:3696} INFO - Setting next_dagrun for dataset_consumes_1_and_2 to None, run_after=None
[2025-02-12T16:07:41.929+0000] {logging_mixin.py:151} INFO - [2025-02-12T16:07:41.929+0000] {dag.py:3696} INFO - Setting next_dagrun for dataset_consumes_1_never_scheduled to None, run_after=None
[2025-02-12T16:07:41.935+0000] {logging_mixin.py:151} INFO - [2025-02-12T16:07:41.934+0000] {dag.py:3696} INFO - Setting next_dagrun for dataset_consumes_unknown_never_scheduled to None, run_after=None
[2025-02-12T16:07:41.939+0000] {logging_mixin.py:151} INFO - [2025-02-12T16:07:41.939+0000] {dag.py:3696} INFO - Setting next_dagrun for dataset_produces_1 to 2025-02-11T00:00:00+00:00, run_after=2025-02-12T00:00:00+00:00
[2025-02-12T16:07:41.940+0000] {logging_mixin.py:151} INFO - [2025-02-12T16:07:41.940+0000] {dag.py:3696} INFO - Setting next_dagrun for dataset_produces_2 to None, run_after=None
[2025-02-12T16:07:41.968+0000] {processor.py:179} INFO - Processing /home/airflow/.local/lib/python3.8/site-packages/airflow/example_dags/example_datasets.py took 0.120 seconds
[2025-02-12T16:08:12.312+0000] {processor.py:157} INFO - Started process (PID=5435) to work on /home/airflow/.local/lib/python3.8/site-packages/airflow/example_dags/example_datasets.py
[2025-02-12T16:08:12.314+0000] {processor.py:829} INFO - Processing file /home/airflow/.local/lib/python3.8/site-packages/airflow/example_dags/example_datasets.py for tasks to queue
[2025-02-12T16:08:12.315+0000] {logging_mixin.py:151} INFO - [2025-02-12T16:08:12.315+0000] {dagbag.py:539} INFO - Filling up the DagBag from /home/airflow/.local/lib/python3.8/site-packages/airflow/example_dags/example_datasets.py
[2025-02-12T16:08:12.322+0000] {processor.py:839} INFO - DAG(s) dict_keys(['dataset_consumes_unknown_never_scheduled', 'dataset_consumes_1_never_scheduled', 'dataset_produces_2', 'dataset_consumes_1', 'dataset_consumes_1_and_2', 'dataset_produces_1']) retrieved from /home/airflow/.local/lib/python3.8/site-packages/airflow/example_dags/example_datasets.py
[2025-02-12T16:08:12.352+0000] {logging_mixin.py:151} INFO - [2025-02-12T16:08:12.352+0000] {dag.py:2915} INFO - Sync 6 DAGs
[2025-02-12T16:08:12.370+0000] {logging_mixin.py:151} INFO - [2025-02-12T16:08:12.370+0000] {dag.py:3696} INFO - Setting next_dagrun for dataset_consumes_1 to None, run_after=None
[2025-02-12T16:08:12.373+0000] {logging_mixin.py:151} INFO - [2025-02-12T16:08:12.373+0000] {dag.py:3696} INFO - Setting next_dagrun for dataset_consumes_1_and_2 to None, run_after=None
[2025-02-12T16:08:12.374+0000] {logging_mixin.py:151} INFO - [2025-02-12T16:08:12.374+0000] {dag.py:3696} INFO - Setting next_dagrun for dataset_consumes_1_never_scheduled to None, run_after=None
[2025-02-12T16:08:12.375+0000] {logging_mixin.py:151} INFO - [2025-02-12T16:08:12.374+0000] {dag.py:3696} INFO - Setting next_dagrun for dataset_consumes_unknown_never_scheduled to None, run_after=None
[2025-02-12T16:08:12.377+0000] {logging_mixin.py:151} INFO - [2025-02-12T16:08:12.377+0000] {dag.py:3696} INFO - Setting next_dagrun for dataset_produces_1 to 2025-02-11T00:00:00+00:00, run_after=2025-02-12T00:00:00+00:00
[2025-02-12T16:08:12.378+0000] {logging_mixin.py:151} INFO - [2025-02-12T16:08:12.378+0000] {dag.py:3696} INFO - Setting next_dagrun for dataset_produces_2 to None, run_after=None
[2025-02-12T16:08:12.402+0000] {processor.py:179} INFO - Processing /home/airflow/.local/lib/python3.8/site-packages/airflow/example_dags/example_datasets.py took 0.092 seconds
[2025-02-12T16:08:57.707+0000] {processor.py:157} INFO - Started process (PID=5901) to work on /home/airflow/.local/lib/python3.8/site-packages/airflow/example_dags/example_datasets.py
[2025-02-12T16:08:57.710+0000] {processor.py:829} INFO - Processing file /home/airflow/.local/lib/python3.8/site-packages/airflow/example_dags/example_datasets.py for tasks to queue
[2025-02-12T16:08:57.711+0000] {logging_mixin.py:151} INFO - [2025-02-12T16:08:57.711+0000] {dagbag.py:539} INFO - Filling up the DagBag from /home/airflow/.local/lib/python3.8/site-packages/airflow/example_dags/example_datasets.py
[2025-02-12T16:08:57.730+0000] {processor.py:839} INFO - DAG(s) dict_keys(['dataset_produces_2', 'dataset_consumes_1', 'dataset_produces_1', 'dataset_consumes_1_and_2', 'dataset_consumes_unknown_never_scheduled', 'dataset_consumes_1_never_scheduled']) retrieved from /home/airflow/.local/lib/python3.8/site-packages/airflow/example_dags/example_datasets.py
[2025-02-12T16:08:57.852+0000] {logging_mixin.py:151} INFO - [2025-02-12T16:08:57.851+0000] {dag.py:2915} INFO - Sync 6 DAGs
[2025-02-12T16:08:57.913+0000] {logging_mixin.py:151} INFO - [2025-02-12T16:08:57.912+0000] {dag.py:3696} INFO - Setting next_dagrun for dataset_consumes_1 to None, run_after=None
[2025-02-12T16:08:57.919+0000] {logging_mixin.py:151} INFO - [2025-02-12T16:08:57.919+0000] {dag.py:3696} INFO - Setting next_dagrun for dataset_consumes_1_and_2 to None, run_after=None
[2025-02-12T16:08:57.922+0000] {logging_mixin.py:151} INFO - [2025-02-12T16:08:57.922+0000] {dag.py:3696} INFO - Setting next_dagrun for dataset_consumes_1_never_scheduled to None, run_after=None
[2025-02-12T16:08:57.925+0000] {logging_mixin.py:151} INFO - [2025-02-12T16:08:57.925+0000] {dag.py:3696} INFO - Setting next_dagrun for dataset_consumes_unknown_never_scheduled to None, run_after=None
[2025-02-12T16:08:57.931+0000] {logging_mixin.py:151} INFO - [2025-02-12T16:08:57.931+0000] {dag.py:3696} INFO - Setting next_dagrun for dataset_produces_1 to 2025-02-11T00:00:00+00:00, run_after=2025-02-12T00:00:00+00:00
[2025-02-12T16:08:57.934+0000] {logging_mixin.py:151} INFO - [2025-02-12T16:08:57.933+0000] {dag.py:3696} INFO - Setting next_dagrun for dataset_produces_2 to None, run_after=None
[2025-02-12T16:08:58.016+0000] {processor.py:179} INFO - Processing /home/airflow/.local/lib/python3.8/site-packages/airflow/example_dags/example_datasets.py took 0.314 seconds
[2025-02-12T16:10:29.855+0000] {processor.py:157} INFO - Started process (PID=6245) to work on /home/airflow/.local/lib/python3.8/site-packages/airflow/example_dags/example_datasets.py
[2025-02-12T16:10:29.857+0000] {processor.py:829} INFO - Processing file /home/airflow/.local/lib/python3.8/site-packages/airflow/example_dags/example_datasets.py for tasks to queue
[2025-02-12T16:10:29.858+0000] {logging_mixin.py:151} INFO - [2025-02-12T16:10:29.858+0000] {dagbag.py:539} INFO - Filling up the DagBag from /home/airflow/.local/lib/python3.8/site-packages/airflow/example_dags/example_datasets.py
[2025-02-12T16:10:29.870+0000] {processor.py:839} INFO - DAG(s) dict_keys(['dataset_produces_1', 'dataset_consumes_1_never_scheduled', 'dataset_consumes_unknown_never_scheduled', 'dataset_produces_2', 'dataset_consumes_1_and_2', 'dataset_consumes_1']) retrieved from /home/airflow/.local/lib/python3.8/site-packages/airflow/example_dags/example_datasets.py
[2025-02-12T16:10:29.930+0000] {logging_mixin.py:151} INFO - [2025-02-12T16:10:29.930+0000] {dag.py:2915} INFO - Sync 6 DAGs
[2025-02-12T16:10:29.958+0000] {logging_mixin.py:151} INFO - [2025-02-12T16:10:29.958+0000] {dag.py:3696} INFO - Setting next_dagrun for dataset_consumes_1 to None, run_after=None
[2025-02-12T16:10:29.962+0000] {logging_mixin.py:151} INFO - [2025-02-12T16:10:29.962+0000] {dag.py:3696} INFO - Setting next_dagrun for dataset_consumes_1_and_2 to None, run_after=None
[2025-02-12T16:10:29.964+0000] {logging_mixin.py:151} INFO - [2025-02-12T16:10:29.964+0000] {dag.py:3696} INFO - Setting next_dagrun for dataset_consumes_1_never_scheduled to None, run_after=None
[2025-02-12T16:10:29.965+0000] {logging_mixin.py:151} INFO - [2025-02-12T16:10:29.965+0000] {dag.py:3696} INFO - Setting next_dagrun for dataset_consumes_unknown_never_scheduled to None, run_after=None
[2025-02-12T16:10:29.967+0000] {logging_mixin.py:151} INFO - [2025-02-12T16:10:29.967+0000] {dag.py:3696} INFO - Setting next_dagrun for dataset_produces_1 to 2025-02-11T00:00:00+00:00, run_after=2025-02-12T00:00:00+00:00
[2025-02-12T16:10:29.969+0000] {logging_mixin.py:151} INFO - [2025-02-12T16:10:29.969+0000] {dag.py:3696} INFO - Setting next_dagrun for dataset_produces_2 to None, run_after=None
[2025-02-12T16:10:30.008+0000] {processor.py:179} INFO - Processing /home/airflow/.local/lib/python3.8/site-packages/airflow/example_dags/example_datasets.py took 0.158 seconds
[2025-02-12T16:11:00.258+0000] {processor.py:157} INFO - Started process (PID=6517) to work on /home/airflow/.local/lib/python3.8/site-packages/airflow/example_dags/example_datasets.py
[2025-02-12T16:11:00.259+0000] {processor.py:829} INFO - Processing file /home/airflow/.local/lib/python3.8/site-packages/airflow/example_dags/example_datasets.py for tasks to queue
[2025-02-12T16:11:00.259+0000] {logging_mixin.py:151} INFO - [2025-02-12T16:11:00.259+0000] {dagbag.py:539} INFO - Filling up the DagBag from /home/airflow/.local/lib/python3.8/site-packages/airflow/example_dags/example_datasets.py
[2025-02-12T16:11:00.268+0000] {processor.py:839} INFO - DAG(s) dict_keys(['dataset_consumes_1_never_scheduled', 'dataset_consumes_1_and_2', 'dataset_consumes_unknown_never_scheduled', 'dataset_consumes_1', 'dataset_produces_1', 'dataset_produces_2']) retrieved from /home/airflow/.local/lib/python3.8/site-packages/airflow/example_dags/example_datasets.py
[2025-02-12T16:11:00.308+0000] {logging_mixin.py:151} INFO - [2025-02-12T16:11:00.308+0000] {dag.py:2915} INFO - Sync 6 DAGs
[2025-02-12T16:11:00.331+0000] {logging_mixin.py:151} INFO - [2025-02-12T16:11:00.331+0000] {dag.py:3696} INFO - Setting next_dagrun for dataset_consumes_1 to None, run_after=None
[2025-02-12T16:11:00.334+0000] {logging_mixin.py:151} INFO - [2025-02-12T16:11:00.334+0000] {dag.py:3696} INFO - Setting next_dagrun for dataset_consumes_1_and_2 to None, run_after=None
[2025-02-12T16:11:00.335+0000] {logging_mixin.py:151} INFO - [2025-02-12T16:11:00.335+0000] {dag.py:3696} INFO - Setting next_dagrun for dataset_consumes_1_never_scheduled to None, run_after=None
[2025-02-12T16:11:00.336+0000] {logging_mixin.py:151} INFO - [2025-02-12T16:11:00.336+0000] {dag.py:3696} INFO - Setting next_dagrun for dataset_consumes_unknown_never_scheduled to None, run_after=None
[2025-02-12T16:11:00.339+0000] {logging_mixin.py:151} INFO - [2025-02-12T16:11:00.339+0000] {dag.py:3696} INFO - Setting next_dagrun for dataset_produces_1 to 2025-02-11T00:00:00+00:00, run_after=2025-02-12T00:00:00+00:00
[2025-02-12T16:11:00.340+0000] {logging_mixin.py:151} INFO - [2025-02-12T16:11:00.340+0000] {dag.py:3696} INFO - Setting next_dagrun for dataset_produces_2 to None, run_after=None
[2025-02-12T16:11:00.375+0000] {processor.py:179} INFO - Processing /home/airflow/.local/lib/python3.8/site-packages/airflow/example_dags/example_datasets.py took 0.120 seconds
[2025-02-12T16:11:30.914+0000] {processor.py:157} INFO - Started process (PID=6782) to work on /home/airflow/.local/lib/python3.8/site-packages/airflow/example_dags/example_datasets.py
[2025-02-12T16:11:30.915+0000] {processor.py:829} INFO - Processing file /home/airflow/.local/lib/python3.8/site-packages/airflow/example_dags/example_datasets.py for tasks to queue
[2025-02-12T16:11:30.916+0000] {logging_mixin.py:151} INFO - [2025-02-12T16:11:30.916+0000] {dagbag.py:539} INFO - Filling up the DagBag from /home/airflow/.local/lib/python3.8/site-packages/airflow/example_dags/example_datasets.py
[2025-02-12T16:11:30.923+0000] {processor.py:839} INFO - DAG(s) dict_keys(['dataset_consumes_1', 'dataset_consumes_1_never_scheduled', 'dataset_consumes_1_and_2', 'dataset_produces_1', 'dataset_consumes_unknown_never_scheduled', 'dataset_produces_2']) retrieved from /home/airflow/.local/lib/python3.8/site-packages/airflow/example_dags/example_datasets.py
[2025-02-12T16:11:30.953+0000] {logging_mixin.py:151} INFO - [2025-02-12T16:11:30.952+0000] {dag.py:2915} INFO - Sync 6 DAGs
[2025-02-12T16:11:30.971+0000] {logging_mixin.py:151} INFO - [2025-02-12T16:11:30.970+0000] {dag.py:3696} INFO - Setting next_dagrun for dataset_consumes_1 to None, run_after=None
[2025-02-12T16:11:30.973+0000] {logging_mixin.py:151} INFO - [2025-02-12T16:11:30.973+0000] {dag.py:3696} INFO - Setting next_dagrun for dataset_consumes_1_and_2 to None, run_after=None
[2025-02-12T16:11:30.974+0000] {logging_mixin.py:151} INFO - [2025-02-12T16:11:30.974+0000] {dag.py:3696} INFO - Setting next_dagrun for dataset_consumes_1_never_scheduled to None, run_after=None
[2025-02-12T16:11:30.975+0000] {logging_mixin.py:151} INFO - [2025-02-12T16:11:30.975+0000] {dag.py:3696} INFO - Setting next_dagrun for dataset_consumes_unknown_never_scheduled to None, run_after=None
[2025-02-12T16:11:30.977+0000] {logging_mixin.py:151} INFO - [2025-02-12T16:11:30.977+0000] {dag.py:3696} INFO - Setting next_dagrun for dataset_produces_1 to 2025-02-11T00:00:00+00:00, run_after=2025-02-12T00:00:00+00:00
[2025-02-12T16:11:30.978+0000] {logging_mixin.py:151} INFO - [2025-02-12T16:11:30.978+0000] {dag.py:3696} INFO - Setting next_dagrun for dataset_produces_2 to None, run_after=None
[2025-02-12T16:11:31.001+0000] {processor.py:179} INFO - Processing /home/airflow/.local/lib/python3.8/site-packages/airflow/example_dags/example_datasets.py took 0.090 seconds
