[2025-02-12T15:51:06.776+0000] {processor.py:157} INFO - Started process (PID=277) to work on /home/airflow/.local/lib/python3.8/site-packages/airflow/example_dags/example_kubernetes_executor.py
[2025-02-12T15:51:06.777+0000] {processor.py:829} INFO - Processing file /home/airflow/.local/lib/python3.8/site-packages/airflow/example_dags/example_kubernetes_executor.py for tasks to queue
[2025-02-12T15:51:06.777+0000] {logging_mixin.py:151} INFO - [2025-02-12T15:51:06.777+0000] {dagbag.py:539} INFO - Filling up the DagBag from /home/airflow/.local/lib/python3.8/site-packages/airflow/example_dags/example_kubernetes_executor.py
[2025-02-12T15:51:07.515+0000] {processor.py:839} INFO - DAG(s) dict_keys(['example_kubernetes_executor']) retrieved from /home/airflow/.local/lib/python3.8/site-packages/airflow/example_dags/example_kubernetes_executor.py
[2025-02-12T15:51:07.525+0000] {logging_mixin.py:151} INFO - [2025-02-12T15:51:07.524+0000] {dag.py:2915} INFO - Sync 1 DAGs
[2025-02-12T15:51:07.535+0000] {logging_mixin.py:151} INFO - [2025-02-12T15:51:07.535+0000] {dag.py:3696} INFO - Setting next_dagrun for example_kubernetes_executor to None, run_after=None
[2025-02-12T15:51:07.551+0000] {processor.py:179} INFO - Processing /home/airflow/.local/lib/python3.8/site-packages/airflow/example_dags/example_kubernetes_executor.py took 0.778 seconds
[2025-02-12T15:51:37.943+0000] {processor.py:157} INFO - Started process (PID=531) to work on /home/airflow/.local/lib/python3.8/site-packages/airflow/example_dags/example_kubernetes_executor.py
[2025-02-12T15:51:37.944+0000] {processor.py:829} INFO - Processing file /home/airflow/.local/lib/python3.8/site-packages/airflow/example_dags/example_kubernetes_executor.py for tasks to queue
[2025-02-12T15:51:37.944+0000] {logging_mixin.py:151} INFO - [2025-02-12T15:51:37.944+0000] {dagbag.py:539} INFO - Filling up the DagBag from /home/airflow/.local/lib/python3.8/site-packages/airflow/example_dags/example_kubernetes_executor.py
[2025-02-12T15:51:38.428+0000] {processor.py:839} INFO - DAG(s) dict_keys(['example_kubernetes_executor']) retrieved from /home/airflow/.local/lib/python3.8/site-packages/airflow/example_dags/example_kubernetes_executor.py
[2025-02-12T15:51:38.466+0000] {logging_mixin.py:151} INFO - [2025-02-12T15:51:38.466+0000] {dag.py:2915} INFO - Sync 1 DAGs
[2025-02-12T15:51:38.477+0000] {logging_mixin.py:151} INFO - [2025-02-12T15:51:38.476+0000] {dag.py:3696} INFO - Setting next_dagrun for example_kubernetes_executor to None, run_after=None
[2025-02-12T15:51:38.492+0000] {processor.py:179} INFO - Processing /home/airflow/.local/lib/python3.8/site-packages/airflow/example_dags/example_kubernetes_executor.py took 0.552 seconds
[2025-02-12T15:52:12.953+0000] {processor.py:157} INFO - Started process (PID=792) to work on /home/airflow/.local/lib/python3.8/site-packages/airflow/example_dags/example_kubernetes_executor.py
[2025-02-12T15:52:12.955+0000] {processor.py:829} INFO - Processing file /home/airflow/.local/lib/python3.8/site-packages/airflow/example_dags/example_kubernetes_executor.py for tasks to queue
[2025-02-12T15:52:12.955+0000] {logging_mixin.py:151} INFO - [2025-02-12T15:52:12.955+0000] {dagbag.py:539} INFO - Filling up the DagBag from /home/airflow/.local/lib/python3.8/site-packages/airflow/example_dags/example_kubernetes_executor.py
[2025-02-12T15:52:13.202+0000] {processor.py:839} INFO - DAG(s) dict_keys(['example_kubernetes_executor']) retrieved from /home/airflow/.local/lib/python3.8/site-packages/airflow/example_dags/example_kubernetes_executor.py
[2025-02-12T15:52:13.236+0000] {logging_mixin.py:151} INFO - [2025-02-12T15:52:13.235+0000] {dag.py:2915} INFO - Sync 1 DAGs
[2025-02-12T15:52:13.249+0000] {logging_mixin.py:151} INFO - [2025-02-12T15:52:13.249+0000] {dag.py:3696} INFO - Setting next_dagrun for example_kubernetes_executor to None, run_after=None
[2025-02-12T15:52:13.268+0000] {processor.py:179} INFO - Processing /home/airflow/.local/lib/python3.8/site-packages/airflow/example_dags/example_kubernetes_executor.py took 0.317 seconds
[2025-02-12T15:52:43.919+0000] {processor.py:157} INFO - Started process (PID=1053) to work on /home/airflow/.local/lib/python3.8/site-packages/airflow/example_dags/example_kubernetes_executor.py
[2025-02-12T15:52:43.920+0000] {processor.py:829} INFO - Processing file /home/airflow/.local/lib/python3.8/site-packages/airflow/example_dags/example_kubernetes_executor.py for tasks to queue
[2025-02-12T15:52:43.921+0000] {logging_mixin.py:151} INFO - [2025-02-12T15:52:43.920+0000] {dagbag.py:539} INFO - Filling up the DagBag from /home/airflow/.local/lib/python3.8/site-packages/airflow/example_dags/example_kubernetes_executor.py
[2025-02-12T15:52:44.143+0000] {processor.py:839} INFO - DAG(s) dict_keys(['example_kubernetes_executor']) retrieved from /home/airflow/.local/lib/python3.8/site-packages/airflow/example_dags/example_kubernetes_executor.py
[2025-02-12T15:52:44.176+0000] {logging_mixin.py:151} INFO - [2025-02-12T15:52:44.176+0000] {dag.py:2915} INFO - Sync 1 DAGs
[2025-02-12T15:52:44.187+0000] {logging_mixin.py:151} INFO - [2025-02-12T15:52:44.187+0000] {dag.py:3696} INFO - Setting next_dagrun for example_kubernetes_executor to None, run_after=None
[2025-02-12T15:52:44.208+0000] {processor.py:179} INFO - Processing /home/airflow/.local/lib/python3.8/site-packages/airflow/example_dags/example_kubernetes_executor.py took 0.292 seconds
[2025-02-12T15:53:15.123+0000] {processor.py:157} INFO - Started process (PID=1320) to work on /home/airflow/.local/lib/python3.8/site-packages/airflow/example_dags/example_kubernetes_executor.py
[2025-02-12T15:53:15.124+0000] {processor.py:829} INFO - Processing file /home/airflow/.local/lib/python3.8/site-packages/airflow/example_dags/example_kubernetes_executor.py for tasks to queue
[2025-02-12T15:53:15.125+0000] {logging_mixin.py:151} INFO - [2025-02-12T15:53:15.124+0000] {dagbag.py:539} INFO - Filling up the DagBag from /home/airflow/.local/lib/python3.8/site-packages/airflow/example_dags/example_kubernetes_executor.py
[2025-02-12T15:53:15.348+0000] {processor.py:839} INFO - DAG(s) dict_keys(['example_kubernetes_executor']) retrieved from /home/airflow/.local/lib/python3.8/site-packages/airflow/example_dags/example_kubernetes_executor.py
[2025-02-12T15:53:15.378+0000] {logging_mixin.py:151} INFO - [2025-02-12T15:53:15.378+0000] {dag.py:2915} INFO - Sync 1 DAGs
[2025-02-12T15:53:15.388+0000] {logging_mixin.py:151} INFO - [2025-02-12T15:53:15.388+0000] {dag.py:3696} INFO - Setting next_dagrun for example_kubernetes_executor to None, run_after=None
[2025-02-12T15:53:15.403+0000] {processor.py:179} INFO - Processing /home/airflow/.local/lib/python3.8/site-packages/airflow/example_dags/example_kubernetes_executor.py took 0.283 seconds
[2025-02-12T15:53:46.155+0000] {processor.py:157} INFO - Started process (PID=1586) to work on /home/airflow/.local/lib/python3.8/site-packages/airflow/example_dags/example_kubernetes_executor.py
[2025-02-12T15:53:46.156+0000] {processor.py:829} INFO - Processing file /home/airflow/.local/lib/python3.8/site-packages/airflow/example_dags/example_kubernetes_executor.py for tasks to queue
[2025-02-12T15:53:46.157+0000] {logging_mixin.py:151} INFO - [2025-02-12T15:53:46.156+0000] {dagbag.py:539} INFO - Filling up the DagBag from /home/airflow/.local/lib/python3.8/site-packages/airflow/example_dags/example_kubernetes_executor.py
[2025-02-12T15:53:46.378+0000] {processor.py:839} INFO - DAG(s) dict_keys(['example_kubernetes_executor']) retrieved from /home/airflow/.local/lib/python3.8/site-packages/airflow/example_dags/example_kubernetes_executor.py
[2025-02-12T15:53:46.410+0000] {logging_mixin.py:151} INFO - [2025-02-12T15:53:46.410+0000] {dag.py:2915} INFO - Sync 1 DAGs
[2025-02-12T15:53:46.421+0000] {logging_mixin.py:151} INFO - [2025-02-12T15:53:46.421+0000] {dag.py:3696} INFO - Setting next_dagrun for example_kubernetes_executor to None, run_after=None
[2025-02-12T15:53:46.438+0000] {processor.py:179} INFO - Processing /home/airflow/.local/lib/python3.8/site-packages/airflow/example_dags/example_kubernetes_executor.py took 0.286 seconds
[2025-02-12T15:55:30.938+0000] {processor.py:157} INFO - Started process (PID=270) to work on /home/airflow/.local/lib/python3.8/site-packages/airflow/example_dags/example_kubernetes_executor.py
[2025-02-12T15:55:30.939+0000] {processor.py:829} INFO - Processing file /home/airflow/.local/lib/python3.8/site-packages/airflow/example_dags/example_kubernetes_executor.py for tasks to queue
[2025-02-12T15:55:30.940+0000] {logging_mixin.py:151} INFO - [2025-02-12T15:55:30.940+0000] {dagbag.py:539} INFO - Filling up the DagBag from /home/airflow/.local/lib/python3.8/site-packages/airflow/example_dags/example_kubernetes_executor.py
[2025-02-12T15:55:31.325+0000] {processor.py:839} INFO - DAG(s) dict_keys(['example_kubernetes_executor']) retrieved from /home/airflow/.local/lib/python3.8/site-packages/airflow/example_dags/example_kubernetes_executor.py
[2025-02-12T15:55:31.365+0000] {logging_mixin.py:151} INFO - [2025-02-12T15:55:31.364+0000] {dag.py:2915} INFO - Sync 1 DAGs
[2025-02-12T15:55:31.378+0000] {logging_mixin.py:151} INFO - [2025-02-12T15:55:31.378+0000] {dag.py:3696} INFO - Setting next_dagrun for example_kubernetes_executor to None, run_after=None
[2025-02-12T15:55:31.400+0000] {processor.py:179} INFO - Processing /home/airflow/.local/lib/python3.8/site-packages/airflow/example_dags/example_kubernetes_executor.py took 0.465 seconds
[2025-02-12T15:56:03.111+0000] {processor.py:157} INFO - Started process (PID=531) to work on /home/airflow/.local/lib/python3.8/site-packages/airflow/example_dags/example_kubernetes_executor.py
[2025-02-12T15:56:03.112+0000] {processor.py:829} INFO - Processing file /home/airflow/.local/lib/python3.8/site-packages/airflow/example_dags/example_kubernetes_executor.py for tasks to queue
[2025-02-12T15:56:03.113+0000] {logging_mixin.py:151} INFO - [2025-02-12T15:56:03.113+0000] {dagbag.py:539} INFO - Filling up the DagBag from /home/airflow/.local/lib/python3.8/site-packages/airflow/example_dags/example_kubernetes_executor.py
[2025-02-12T15:56:03.420+0000] {processor.py:839} INFO - DAG(s) dict_keys(['example_kubernetes_executor']) retrieved from /home/airflow/.local/lib/python3.8/site-packages/airflow/example_dags/example_kubernetes_executor.py
[2025-02-12T15:56:03.456+0000] {logging_mixin.py:151} INFO - [2025-02-12T15:56:03.455+0000] {dag.py:2915} INFO - Sync 1 DAGs
[2025-02-12T15:56:03.468+0000] {logging_mixin.py:151} INFO - [2025-02-12T15:56:03.468+0000] {dag.py:3696} INFO - Setting next_dagrun for example_kubernetes_executor to None, run_after=None
[2025-02-12T15:56:03.496+0000] {processor.py:179} INFO - Processing /home/airflow/.local/lib/python3.8/site-packages/airflow/example_dags/example_kubernetes_executor.py took 0.387 seconds
[2025-02-12T15:56:33.991+0000] {processor.py:157} INFO - Started process (PID=792) to work on /home/airflow/.local/lib/python3.8/site-packages/airflow/example_dags/example_kubernetes_executor.py
[2025-02-12T15:56:33.992+0000] {processor.py:829} INFO - Processing file /home/airflow/.local/lib/python3.8/site-packages/airflow/example_dags/example_kubernetes_executor.py for tasks to queue
[2025-02-12T15:56:33.993+0000] {logging_mixin.py:151} INFO - [2025-02-12T15:56:33.993+0000] {dagbag.py:539} INFO - Filling up the DagBag from /home/airflow/.local/lib/python3.8/site-packages/airflow/example_dags/example_kubernetes_executor.py
[2025-02-12T15:56:34.218+0000] {processor.py:839} INFO - DAG(s) dict_keys(['example_kubernetes_executor']) retrieved from /home/airflow/.local/lib/python3.8/site-packages/airflow/example_dags/example_kubernetes_executor.py
[2025-02-12T15:56:34.257+0000] {logging_mixin.py:151} INFO - [2025-02-12T15:56:34.257+0000] {dag.py:2915} INFO - Sync 1 DAGs
[2025-02-12T15:56:34.268+0000] {logging_mixin.py:151} INFO - [2025-02-12T15:56:34.268+0000] {dag.py:3696} INFO - Setting next_dagrun for example_kubernetes_executor to None, run_after=None
[2025-02-12T15:56:34.288+0000] {processor.py:179} INFO - Processing /home/airflow/.local/lib/python3.8/site-packages/airflow/example_dags/example_kubernetes_executor.py took 0.300 seconds
[2025-02-12T15:57:04.642+0000] {processor.py:157} INFO - Started process (PID=1060) to work on /home/airflow/.local/lib/python3.8/site-packages/airflow/example_dags/example_kubernetes_executor.py
[2025-02-12T15:57:04.643+0000] {processor.py:829} INFO - Processing file /home/airflow/.local/lib/python3.8/site-packages/airflow/example_dags/example_kubernetes_executor.py for tasks to queue
[2025-02-12T15:57:04.644+0000] {logging_mixin.py:151} INFO - [2025-02-12T15:57:04.643+0000] {dagbag.py:539} INFO - Filling up the DagBag from /home/airflow/.local/lib/python3.8/site-packages/airflow/example_dags/example_kubernetes_executor.py
[2025-02-12T15:57:04.858+0000] {processor.py:839} INFO - DAG(s) dict_keys(['example_kubernetes_executor']) retrieved from /home/airflow/.local/lib/python3.8/site-packages/airflow/example_dags/example_kubernetes_executor.py
[2025-02-12T15:57:04.890+0000] {logging_mixin.py:151} INFO - [2025-02-12T15:57:04.890+0000] {dag.py:2915} INFO - Sync 1 DAGs
[2025-02-12T15:57:04.901+0000] {logging_mixin.py:151} INFO - [2025-02-12T15:57:04.901+0000] {dag.py:3696} INFO - Setting next_dagrun for example_kubernetes_executor to None, run_after=None
[2025-02-12T15:57:04.920+0000] {processor.py:179} INFO - Processing /home/airflow/.local/lib/python3.8/site-packages/airflow/example_dags/example_kubernetes_executor.py took 0.281 seconds
[2025-02-12T15:57:35.649+0000] {processor.py:157} INFO - Started process (PID=1314) to work on /home/airflow/.local/lib/python3.8/site-packages/airflow/example_dags/example_kubernetes_executor.py
[2025-02-12T15:57:35.650+0000] {processor.py:829} INFO - Processing file /home/airflow/.local/lib/python3.8/site-packages/airflow/example_dags/example_kubernetes_executor.py for tasks to queue
[2025-02-12T15:57:35.651+0000] {logging_mixin.py:151} INFO - [2025-02-12T15:57:35.650+0000] {dagbag.py:539} INFO - Filling up the DagBag from /home/airflow/.local/lib/python3.8/site-packages/airflow/example_dags/example_kubernetes_executor.py
[2025-02-12T15:57:35.861+0000] {processor.py:839} INFO - DAG(s) dict_keys(['example_kubernetes_executor']) retrieved from /home/airflow/.local/lib/python3.8/site-packages/airflow/example_dags/example_kubernetes_executor.py
[2025-02-12T15:57:35.892+0000] {logging_mixin.py:151} INFO - [2025-02-12T15:57:35.891+0000] {dag.py:2915} INFO - Sync 1 DAGs
[2025-02-12T15:57:35.904+0000] {logging_mixin.py:151} INFO - [2025-02-12T15:57:35.904+0000] {dag.py:3696} INFO - Setting next_dagrun for example_kubernetes_executor to None, run_after=None
[2025-02-12T15:57:35.918+0000] {processor.py:179} INFO - Processing /home/airflow/.local/lib/python3.8/site-packages/airflow/example_dags/example_kubernetes_executor.py took 0.272 seconds
[2025-02-12T15:59:37.269+0000] {processor.py:157} INFO - Started process (PID=1626) to work on /home/airflow/.local/lib/python3.8/site-packages/airflow/example_dags/example_kubernetes_executor.py
[2025-02-12T15:59:37.270+0000] {processor.py:829} INFO - Processing file /home/airflow/.local/lib/python3.8/site-packages/airflow/example_dags/example_kubernetes_executor.py for tasks to queue
[2025-02-12T15:59:37.272+0000] {logging_mixin.py:151} INFO - [2025-02-12T15:59:37.271+0000] {dagbag.py:539} INFO - Filling up the DagBag from /home/airflow/.local/lib/python3.8/site-packages/airflow/example_dags/example_kubernetes_executor.py
[2025-02-12T15:59:37.537+0000] {processor.py:839} INFO - DAG(s) dict_keys(['example_kubernetes_executor']) retrieved from /home/airflow/.local/lib/python3.8/site-packages/airflow/example_dags/example_kubernetes_executor.py
[2025-02-12T15:59:37.569+0000] {logging_mixin.py:151} INFO - [2025-02-12T15:59:37.568+0000] {dag.py:2915} INFO - Sync 1 DAGs
[2025-02-12T15:59:37.580+0000] {logging_mixin.py:151} INFO - [2025-02-12T15:59:37.579+0000] {dag.py:3696} INFO - Setting next_dagrun for example_kubernetes_executor to None, run_after=None
[2025-02-12T15:59:37.599+0000] {processor.py:179} INFO - Processing /home/airflow/.local/lib/python3.8/site-packages/airflow/example_dags/example_kubernetes_executor.py took 0.333 seconds
[2025-02-12T16:00:07.790+0000] {processor.py:157} INFO - Started process (PID=1928) to work on /home/airflow/.local/lib/python3.8/site-packages/airflow/example_dags/example_kubernetes_executor.py
[2025-02-12T16:00:07.791+0000] {processor.py:829} INFO - Processing file /home/airflow/.local/lib/python3.8/site-packages/airflow/example_dags/example_kubernetes_executor.py for tasks to queue
[2025-02-12T16:00:07.792+0000] {logging_mixin.py:151} INFO - [2025-02-12T16:00:07.792+0000] {dagbag.py:539} INFO - Filling up the DagBag from /home/airflow/.local/lib/python3.8/site-packages/airflow/example_dags/example_kubernetes_executor.py
[2025-02-12T16:00:08.049+0000] {processor.py:839} INFO - DAG(s) dict_keys(['example_kubernetes_executor']) retrieved from /home/airflow/.local/lib/python3.8/site-packages/airflow/example_dags/example_kubernetes_executor.py
[2025-02-12T16:00:08.086+0000] {logging_mixin.py:151} INFO - [2025-02-12T16:00:08.085+0000] {dag.py:2915} INFO - Sync 1 DAGs
[2025-02-12T16:00:08.098+0000] {logging_mixin.py:151} INFO - [2025-02-12T16:00:08.097+0000] {dag.py:3696} INFO - Setting next_dagrun for example_kubernetes_executor to None, run_after=None
[2025-02-12T16:00:08.115+0000] {processor.py:179} INFO - Processing /home/airflow/.local/lib/python3.8/site-packages/airflow/example_dags/example_kubernetes_executor.py took 0.328 seconds
[2025-02-12T16:01:56.867+0000] {processor.py:157} INFO - Started process (PID=2222) to work on /home/airflow/.local/lib/python3.8/site-packages/airflow/example_dags/example_kubernetes_executor.py
[2025-02-12T16:01:56.868+0000] {processor.py:829} INFO - Processing file /home/airflow/.local/lib/python3.8/site-packages/airflow/example_dags/example_kubernetes_executor.py for tasks to queue
[2025-02-12T16:01:56.869+0000] {logging_mixin.py:151} INFO - [2025-02-12T16:01:56.869+0000] {dagbag.py:539} INFO - Filling up the DagBag from /home/airflow/.local/lib/python3.8/site-packages/airflow/example_dags/example_kubernetes_executor.py
[2025-02-12T16:01:57.139+0000] {processor.py:839} INFO - DAG(s) dict_keys(['example_kubernetes_executor']) retrieved from /home/airflow/.local/lib/python3.8/site-packages/airflow/example_dags/example_kubernetes_executor.py
[2025-02-12T16:01:57.186+0000] {logging_mixin.py:151} INFO - [2025-02-12T16:01:57.185+0000] {dag.py:2915} INFO - Sync 1 DAGs
[2025-02-12T16:01:57.202+0000] {logging_mixin.py:151} INFO - [2025-02-12T16:01:57.202+0000] {dag.py:3696} INFO - Setting next_dagrun for example_kubernetes_executor to None, run_after=None
[2025-02-12T16:01:57.229+0000] {processor.py:179} INFO - Processing /home/airflow/.local/lib/python3.8/site-packages/airflow/example_dags/example_kubernetes_executor.py took 0.365 seconds
[2025-02-12T16:02:27.548+0000] {processor.py:157} INFO - Started process (PID=2517) to work on /home/airflow/.local/lib/python3.8/site-packages/airflow/example_dags/example_kubernetes_executor.py
[2025-02-12T16:02:27.549+0000] {processor.py:829} INFO - Processing file /home/airflow/.local/lib/python3.8/site-packages/airflow/example_dags/example_kubernetes_executor.py for tasks to queue
[2025-02-12T16:02:27.549+0000] {logging_mixin.py:151} INFO - [2025-02-12T16:02:27.549+0000] {dagbag.py:539} INFO - Filling up the DagBag from /home/airflow/.local/lib/python3.8/site-packages/airflow/example_dags/example_kubernetes_executor.py
[2025-02-12T16:02:27.767+0000] {processor.py:839} INFO - DAG(s) dict_keys(['example_kubernetes_executor']) retrieved from /home/airflow/.local/lib/python3.8/site-packages/airflow/example_dags/example_kubernetes_executor.py
[2025-02-12T16:02:27.800+0000] {logging_mixin.py:151} INFO - [2025-02-12T16:02:27.799+0000] {dag.py:2915} INFO - Sync 1 DAGs
[2025-02-12T16:02:27.811+0000] {logging_mixin.py:151} INFO - [2025-02-12T16:02:27.811+0000] {dag.py:3696} INFO - Setting next_dagrun for example_kubernetes_executor to None, run_after=None
[2025-02-12T16:02:27.832+0000] {processor.py:179} INFO - Processing /home/airflow/.local/lib/python3.8/site-packages/airflow/example_dags/example_kubernetes_executor.py took 0.287 seconds
[2025-02-12T16:03:02.134+0000] {processor.py:157} INFO - Started process (PID=2816) to work on /home/airflow/.local/lib/python3.8/site-packages/airflow/example_dags/example_kubernetes_executor.py
[2025-02-12T16:03:02.142+0000] {processor.py:829} INFO - Processing file /home/airflow/.local/lib/python3.8/site-packages/airflow/example_dags/example_kubernetes_executor.py for tasks to queue
[2025-02-12T16:03:02.145+0000] {logging_mixin.py:151} INFO - [2025-02-12T16:03:02.144+0000] {dagbag.py:539} INFO - Filling up the DagBag from /home/airflow/.local/lib/python3.8/site-packages/airflow/example_dags/example_kubernetes_executor.py
[2025-02-12T16:03:02.486+0000] {processor.py:839} INFO - DAG(s) dict_keys(['example_kubernetes_executor']) retrieved from /home/airflow/.local/lib/python3.8/site-packages/airflow/example_dags/example_kubernetes_executor.py
[2025-02-12T16:03:02.538+0000] {logging_mixin.py:151} INFO - [2025-02-12T16:03:02.538+0000] {dag.py:2915} INFO - Sync 1 DAGs
[2025-02-12T16:03:02.556+0000] {logging_mixin.py:151} INFO - [2025-02-12T16:03:02.555+0000] {dag.py:3696} INFO - Setting next_dagrun for example_kubernetes_executor to None, run_after=None
[2025-02-12T16:03:02.583+0000] {processor.py:179} INFO - Processing /home/airflow/.local/lib/python3.8/site-packages/airflow/example_dags/example_kubernetes_executor.py took 0.454 seconds
[2025-02-12T16:03:33.736+0000] {processor.py:157} INFO - Started process (PID=3121) to work on /home/airflow/.local/lib/python3.8/site-packages/airflow/example_dags/example_kubernetes_executor.py
[2025-02-12T16:03:33.737+0000] {processor.py:829} INFO - Processing file /home/airflow/.local/lib/python3.8/site-packages/airflow/example_dags/example_kubernetes_executor.py for tasks to queue
[2025-02-12T16:03:33.738+0000] {logging_mixin.py:151} INFO - [2025-02-12T16:03:33.738+0000] {dagbag.py:539} INFO - Filling up the DagBag from /home/airflow/.local/lib/python3.8/site-packages/airflow/example_dags/example_kubernetes_executor.py
[2025-02-12T16:03:33.978+0000] {processor.py:839} INFO - DAG(s) dict_keys(['example_kubernetes_executor']) retrieved from /home/airflow/.local/lib/python3.8/site-packages/airflow/example_dags/example_kubernetes_executor.py
[2025-02-12T16:03:34.013+0000] {logging_mixin.py:151} INFO - [2025-02-12T16:03:34.012+0000] {dag.py:2915} INFO - Sync 1 DAGs
[2025-02-12T16:03:34.023+0000] {logging_mixin.py:151} INFO - [2025-02-12T16:03:34.023+0000] {dag.py:3696} INFO - Setting next_dagrun for example_kubernetes_executor to None, run_after=None
[2025-02-12T16:03:34.041+0000] {processor.py:179} INFO - Processing /home/airflow/.local/lib/python3.8/site-packages/airflow/example_dags/example_kubernetes_executor.py took 0.307 seconds
[2025-02-12T16:04:06.082+0000] {processor.py:157} INFO - Started process (PID=3384) to work on /home/airflow/.local/lib/python3.8/site-packages/airflow/example_dags/example_kubernetes_executor.py
[2025-02-12T16:04:06.083+0000] {processor.py:829} INFO - Processing file /home/airflow/.local/lib/python3.8/site-packages/airflow/example_dags/example_kubernetes_executor.py for tasks to queue
[2025-02-12T16:04:06.084+0000] {logging_mixin.py:151} INFO - [2025-02-12T16:04:06.084+0000] {dagbag.py:539} INFO - Filling up the DagBag from /home/airflow/.local/lib/python3.8/site-packages/airflow/example_dags/example_kubernetes_executor.py
[2025-02-12T16:04:06.340+0000] {processor.py:839} INFO - DAG(s) dict_keys(['example_kubernetes_executor']) retrieved from /home/airflow/.local/lib/python3.8/site-packages/airflow/example_dags/example_kubernetes_executor.py
[2025-02-12T16:04:06.378+0000] {logging_mixin.py:151} INFO - [2025-02-12T16:04:06.378+0000] {dag.py:2915} INFO - Sync 1 DAGs
[2025-02-12T16:04:06.390+0000] {logging_mixin.py:151} INFO - [2025-02-12T16:04:06.390+0000] {dag.py:3696} INFO - Setting next_dagrun for example_kubernetes_executor to None, run_after=None
[2025-02-12T16:04:06.410+0000] {processor.py:179} INFO - Processing /home/airflow/.local/lib/python3.8/site-packages/airflow/example_dags/example_kubernetes_executor.py took 0.331 seconds
[2025-02-12T16:04:38.597+0000] {processor.py:157} INFO - Started process (PID=3649) to work on /home/airflow/.local/lib/python3.8/site-packages/airflow/example_dags/example_kubernetes_executor.py
[2025-02-12T16:04:38.598+0000] {processor.py:829} INFO - Processing file /home/airflow/.local/lib/python3.8/site-packages/airflow/example_dags/example_kubernetes_executor.py for tasks to queue
[2025-02-12T16:04:38.599+0000] {logging_mixin.py:151} INFO - [2025-02-12T16:04:38.599+0000] {dagbag.py:539} INFO - Filling up the DagBag from /home/airflow/.local/lib/python3.8/site-packages/airflow/example_dags/example_kubernetes_executor.py
[2025-02-12T16:04:38.855+0000] {processor.py:839} INFO - DAG(s) dict_keys(['example_kubernetes_executor']) retrieved from /home/airflow/.local/lib/python3.8/site-packages/airflow/example_dags/example_kubernetes_executor.py
[2025-02-12T16:04:38.888+0000] {logging_mixin.py:151} INFO - [2025-02-12T16:04:38.888+0000] {dag.py:2915} INFO - Sync 1 DAGs
[2025-02-12T16:04:38.900+0000] {logging_mixin.py:151} INFO - [2025-02-12T16:04:38.899+0000] {dag.py:3696} INFO - Setting next_dagrun for example_kubernetes_executor to None, run_after=None
[2025-02-12T16:04:38.922+0000] {processor.py:179} INFO - Processing /home/airflow/.local/lib/python3.8/site-packages/airflow/example_dags/example_kubernetes_executor.py took 0.327 seconds
[2025-02-12T16:05:12.017+0000] {processor.py:157} INFO - Started process (PID=3917) to work on /home/airflow/.local/lib/python3.8/site-packages/airflow/example_dags/example_kubernetes_executor.py
[2025-02-12T16:05:12.017+0000] {processor.py:829} INFO - Processing file /home/airflow/.local/lib/python3.8/site-packages/airflow/example_dags/example_kubernetes_executor.py for tasks to queue
[2025-02-12T16:05:12.018+0000] {logging_mixin.py:151} INFO - [2025-02-12T16:05:12.018+0000] {dagbag.py:539} INFO - Filling up the DagBag from /home/airflow/.local/lib/python3.8/site-packages/airflow/example_dags/example_kubernetes_executor.py
[2025-02-12T16:05:12.214+0000] {processor.py:839} INFO - DAG(s) dict_keys(['example_kubernetes_executor']) retrieved from /home/airflow/.local/lib/python3.8/site-packages/airflow/example_dags/example_kubernetes_executor.py
[2025-02-12T16:05:12.244+0000] {logging_mixin.py:151} INFO - [2025-02-12T16:05:12.243+0000] {dag.py:2915} INFO - Sync 1 DAGs
[2025-02-12T16:05:12.254+0000] {logging_mixin.py:151} INFO - [2025-02-12T16:05:12.254+0000] {dag.py:3696} INFO - Setting next_dagrun for example_kubernetes_executor to None, run_after=None
[2025-02-12T16:05:12.272+0000] {processor.py:179} INFO - Processing /home/airflow/.local/lib/python3.8/site-packages/airflow/example_dags/example_kubernetes_executor.py took 0.258 seconds
[2025-02-12T16:05:43.357+0000] {processor.py:157} INFO - Started process (PID=4180) to work on /home/airflow/.local/lib/python3.8/site-packages/airflow/example_dags/example_kubernetes_executor.py
[2025-02-12T16:05:43.358+0000] {processor.py:829} INFO - Processing file /home/airflow/.local/lib/python3.8/site-packages/airflow/example_dags/example_kubernetes_executor.py for tasks to queue
[2025-02-12T16:05:43.359+0000] {logging_mixin.py:151} INFO - [2025-02-12T16:05:43.358+0000] {dagbag.py:539} INFO - Filling up the DagBag from /home/airflow/.local/lib/python3.8/site-packages/airflow/example_dags/example_kubernetes_executor.py
[2025-02-12T16:05:43.606+0000] {processor.py:839} INFO - DAG(s) dict_keys(['example_kubernetes_executor']) retrieved from /home/airflow/.local/lib/python3.8/site-packages/airflow/example_dags/example_kubernetes_executor.py
[2025-02-12T16:05:43.649+0000] {logging_mixin.py:151} INFO - [2025-02-12T16:05:43.644+0000] {dag.py:2915} INFO - Sync 1 DAGs
[2025-02-12T16:05:43.668+0000] {logging_mixin.py:151} INFO - [2025-02-12T16:05:43.668+0000] {dag.py:3696} INFO - Setting next_dagrun for example_kubernetes_executor to None, run_after=None
[2025-02-12T16:05:43.695+0000] {processor.py:179} INFO - Processing /home/airflow/.local/lib/python3.8/site-packages/airflow/example_dags/example_kubernetes_executor.py took 0.341 seconds
[2025-02-12T16:06:13.803+0000] {processor.py:157} INFO - Started process (PID=4462) to work on /home/airflow/.local/lib/python3.8/site-packages/airflow/example_dags/example_kubernetes_executor.py
[2025-02-12T16:06:13.804+0000] {processor.py:829} INFO - Processing file /home/airflow/.local/lib/python3.8/site-packages/airflow/example_dags/example_kubernetes_executor.py for tasks to queue
[2025-02-12T16:06:13.804+0000] {logging_mixin.py:151} INFO - [2025-02-12T16:06:13.804+0000] {dagbag.py:539} INFO - Filling up the DagBag from /home/airflow/.local/lib/python3.8/site-packages/airflow/example_dags/example_kubernetes_executor.py
[2025-02-12T16:06:14.036+0000] {processor.py:839} INFO - DAG(s) dict_keys(['example_kubernetes_executor']) retrieved from /home/airflow/.local/lib/python3.8/site-packages/airflow/example_dags/example_kubernetes_executor.py
[2025-02-12T16:06:14.072+0000] {logging_mixin.py:151} INFO - [2025-02-12T16:06:14.071+0000] {dag.py:2915} INFO - Sync 1 DAGs
[2025-02-12T16:06:14.082+0000] {logging_mixin.py:151} INFO - [2025-02-12T16:06:14.082+0000] {dag.py:3696} INFO - Setting next_dagrun for example_kubernetes_executor to None, run_after=None
[2025-02-12T16:06:14.101+0000] {processor.py:179} INFO - Processing /home/airflow/.local/lib/python3.8/site-packages/airflow/example_dags/example_kubernetes_executor.py took 0.300 seconds
[2025-02-12T16:06:44.351+0000] {processor.py:157} INFO - Started process (PID=4699) to work on /home/airflow/.local/lib/python3.8/site-packages/airflow/example_dags/example_kubernetes_executor.py
[2025-02-12T16:06:44.352+0000] {processor.py:829} INFO - Processing file /home/airflow/.local/lib/python3.8/site-packages/airflow/example_dags/example_kubernetes_executor.py for tasks to queue
[2025-02-12T16:06:44.353+0000] {logging_mixin.py:151} INFO - [2025-02-12T16:06:44.353+0000] {dagbag.py:539} INFO - Filling up the DagBag from /home/airflow/.local/lib/python3.8/site-packages/airflow/example_dags/example_kubernetes_executor.py
[2025-02-12T16:06:44.585+0000] {processor.py:839} INFO - DAG(s) dict_keys(['example_kubernetes_executor']) retrieved from /home/airflow/.local/lib/python3.8/site-packages/airflow/example_dags/example_kubernetes_executor.py
[2025-02-12T16:06:44.624+0000] {logging_mixin.py:151} INFO - [2025-02-12T16:06:44.623+0000] {dag.py:2915} INFO - Sync 1 DAGs
[2025-02-12T16:06:44.635+0000] {logging_mixin.py:151} INFO - [2025-02-12T16:06:44.634+0000] {dag.py:3696} INFO - Setting next_dagrun for example_kubernetes_executor to None, run_after=None
[2025-02-12T16:06:44.656+0000] {processor.py:179} INFO - Processing /home/airflow/.local/lib/python3.8/site-packages/airflow/example_dags/example_kubernetes_executor.py took 0.307 seconds
[2025-02-12T16:07:15.309+0000] {processor.py:157} INFO - Started process (PID=5015) to work on /home/airflow/.local/lib/python3.8/site-packages/airflow/example_dags/example_kubernetes_executor.py
[2025-02-12T16:07:15.310+0000] {processor.py:829} INFO - Processing file /home/airflow/.local/lib/python3.8/site-packages/airflow/example_dags/example_kubernetes_executor.py for tasks to queue
[2025-02-12T16:07:15.311+0000] {logging_mixin.py:151} INFO - [2025-02-12T16:07:15.311+0000] {dagbag.py:539} INFO - Filling up the DagBag from /home/airflow/.local/lib/python3.8/site-packages/airflow/example_dags/example_kubernetes_executor.py
[2025-02-12T16:07:15.550+0000] {processor.py:839} INFO - DAG(s) dict_keys(['example_kubernetes_executor']) retrieved from /home/airflow/.local/lib/python3.8/site-packages/airflow/example_dags/example_kubernetes_executor.py
[2025-02-12T16:07:15.583+0000] {logging_mixin.py:151} INFO - [2025-02-12T16:07:15.582+0000] {dag.py:2915} INFO - Sync 1 DAGs
[2025-02-12T16:07:15.598+0000] {logging_mixin.py:151} INFO - [2025-02-12T16:07:15.598+0000] {dag.py:3696} INFO - Setting next_dagrun for example_kubernetes_executor to None, run_after=None
[2025-02-12T16:07:15.621+0000] {processor.py:179} INFO - Processing /home/airflow/.local/lib/python3.8/site-packages/airflow/example_dags/example_kubernetes_executor.py took 0.315 seconds
[2025-02-12T16:07:46.029+0000] {processor.py:157} INFO - Started process (PID=5277) to work on /home/airflow/.local/lib/python3.8/site-packages/airflow/example_dags/example_kubernetes_executor.py
[2025-02-12T16:07:46.030+0000] {processor.py:829} INFO - Processing file /home/airflow/.local/lib/python3.8/site-packages/airflow/example_dags/example_kubernetes_executor.py for tasks to queue
[2025-02-12T16:07:46.031+0000] {logging_mixin.py:151} INFO - [2025-02-12T16:07:46.031+0000] {dagbag.py:539} INFO - Filling up the DagBag from /home/airflow/.local/lib/python3.8/site-packages/airflow/example_dags/example_kubernetes_executor.py
[2025-02-12T16:07:46.255+0000] {processor.py:839} INFO - DAG(s) dict_keys(['example_kubernetes_executor']) retrieved from /home/airflow/.local/lib/python3.8/site-packages/airflow/example_dags/example_kubernetes_executor.py
[2025-02-12T16:07:46.288+0000] {logging_mixin.py:151} INFO - [2025-02-12T16:07:46.288+0000] {dag.py:2915} INFO - Sync 1 DAGs
[2025-02-12T16:07:46.299+0000] {logging_mixin.py:151} INFO - [2025-02-12T16:07:46.299+0000] {dag.py:3696} INFO - Setting next_dagrun for example_kubernetes_executor to None, run_after=None
[2025-02-12T16:07:46.316+0000] {processor.py:179} INFO - Processing /home/airflow/.local/lib/python3.8/site-packages/airflow/example_dags/example_kubernetes_executor.py took 0.289 seconds
[2025-02-12T16:08:16.582+0000] {processor.py:157} INFO - Started process (PID=5548) to work on /home/airflow/.local/lib/python3.8/site-packages/airflow/example_dags/example_kubernetes_executor.py
[2025-02-12T16:08:16.583+0000] {processor.py:829} INFO - Processing file /home/airflow/.local/lib/python3.8/site-packages/airflow/example_dags/example_kubernetes_executor.py for tasks to queue
[2025-02-12T16:08:16.584+0000] {logging_mixin.py:151} INFO - [2025-02-12T16:08:16.584+0000] {dagbag.py:539} INFO - Filling up the DagBag from /home/airflow/.local/lib/python3.8/site-packages/airflow/example_dags/example_kubernetes_executor.py
[2025-02-12T16:08:16.891+0000] {processor.py:839} INFO - DAG(s) dict_keys(['example_kubernetes_executor']) retrieved from /home/airflow/.local/lib/python3.8/site-packages/airflow/example_dags/example_kubernetes_executor.py
[2025-02-12T16:08:16.947+0000] {logging_mixin.py:151} INFO - [2025-02-12T16:08:16.946+0000] {dag.py:2915} INFO - Sync 1 DAGs
[2025-02-12T16:08:16.969+0000] {logging_mixin.py:151} INFO - [2025-02-12T16:08:16.969+0000] {dag.py:3696} INFO - Setting next_dagrun for example_kubernetes_executor to None, run_after=None
[2025-02-12T16:08:17.016+0000] {processor.py:179} INFO - Processing /home/airflow/.local/lib/python3.8/site-packages/airflow/example_dags/example_kubernetes_executor.py took 0.438 seconds
[2025-02-12T16:08:55.737+0000] {processor.py:157} INFO - Started process (PID=5824) to work on /home/airflow/.local/lib/python3.8/site-packages/airflow/example_dags/example_kubernetes_executor.py
[2025-02-12T16:08:55.739+0000] {processor.py:829} INFO - Processing file /home/airflow/.local/lib/python3.8/site-packages/airflow/example_dags/example_kubernetes_executor.py for tasks to queue
[2025-02-12T16:08:55.740+0000] {logging_mixin.py:151} INFO - [2025-02-12T16:08:55.740+0000] {dagbag.py:539} INFO - Filling up the DagBag from /home/airflow/.local/lib/python3.8/site-packages/airflow/example_dags/example_kubernetes_executor.py
[2025-02-12T16:08:56.216+0000] {processor.py:839} INFO - DAG(s) dict_keys(['example_kubernetes_executor']) retrieved from /home/airflow/.local/lib/python3.8/site-packages/airflow/example_dags/example_kubernetes_executor.py
[2025-02-12T16:08:56.290+0000] {logging_mixin.py:151} INFO - [2025-02-12T16:08:56.288+0000] {dag.py:2915} INFO - Sync 1 DAGs
[2025-02-12T16:08:56.318+0000] {logging_mixin.py:151} INFO - [2025-02-12T16:08:56.317+0000] {dag.py:3696} INFO - Setting next_dagrun for example_kubernetes_executor to None, run_after=None
[2025-02-12T16:08:56.382+0000] {processor.py:179} INFO - Processing /home/airflow/.local/lib/python3.8/site-packages/airflow/example_dags/example_kubernetes_executor.py took 0.649 seconds
[2025-02-12T16:10:27.353+0000] {processor.py:157} INFO - Started process (PID=6120) to work on /home/airflow/.local/lib/python3.8/site-packages/airflow/example_dags/example_kubernetes_executor.py
[2025-02-12T16:10:27.355+0000] {processor.py:829} INFO - Processing file /home/airflow/.local/lib/python3.8/site-packages/airflow/example_dags/example_kubernetes_executor.py for tasks to queue
[2025-02-12T16:10:27.357+0000] {logging_mixin.py:151} INFO - [2025-02-12T16:10:27.356+0000] {dagbag.py:539} INFO - Filling up the DagBag from /home/airflow/.local/lib/python3.8/site-packages/airflow/example_dags/example_kubernetes_executor.py
[2025-02-12T16:10:27.762+0000] {processor.py:839} INFO - DAG(s) dict_keys(['example_kubernetes_executor']) retrieved from /home/airflow/.local/lib/python3.8/site-packages/airflow/example_dags/example_kubernetes_executor.py
[2025-02-12T16:10:27.818+0000] {logging_mixin.py:151} INFO - [2025-02-12T16:10:27.817+0000] {dag.py:2915} INFO - Sync 1 DAGs
[2025-02-12T16:10:27.836+0000] {logging_mixin.py:151} INFO - [2025-02-12T16:10:27.836+0000] {dag.py:3696} INFO - Setting next_dagrun for example_kubernetes_executor to None, run_after=None
[2025-02-12T16:10:27.868+0000] {processor.py:179} INFO - Processing /home/airflow/.local/lib/python3.8/site-packages/airflow/example_dags/example_kubernetes_executor.py took 0.534 seconds
[2025-02-12T16:10:58.319+0000] {processor.py:157} INFO - Started process (PID=6392) to work on /home/airflow/.local/lib/python3.8/site-packages/airflow/example_dags/example_kubernetes_executor.py
[2025-02-12T16:10:58.320+0000] {processor.py:829} INFO - Processing file /home/airflow/.local/lib/python3.8/site-packages/airflow/example_dags/example_kubernetes_executor.py for tasks to queue
[2025-02-12T16:10:58.321+0000] {logging_mixin.py:151} INFO - [2025-02-12T16:10:58.321+0000] {dagbag.py:539} INFO - Filling up the DagBag from /home/airflow/.local/lib/python3.8/site-packages/airflow/example_dags/example_kubernetes_executor.py
[2025-02-12T16:10:58.564+0000] {processor.py:839} INFO - DAG(s) dict_keys(['example_kubernetes_executor']) retrieved from /home/airflow/.local/lib/python3.8/site-packages/airflow/example_dags/example_kubernetes_executor.py
[2025-02-12T16:10:58.601+0000] {logging_mixin.py:151} INFO - [2025-02-12T16:10:58.601+0000] {dag.py:2915} INFO - Sync 1 DAGs
[2025-02-12T16:10:58.614+0000] {logging_mixin.py:151} INFO - [2025-02-12T16:10:58.614+0000] {dag.py:3696} INFO - Setting next_dagrun for example_kubernetes_executor to None, run_after=None
[2025-02-12T16:10:58.633+0000] {processor.py:179} INFO - Processing /home/airflow/.local/lib/python3.8/site-packages/airflow/example_dags/example_kubernetes_executor.py took 0.317 seconds
[2025-02-12T16:11:29.635+0000] {processor.py:157} INFO - Started process (PID=6654) to work on /home/airflow/.local/lib/python3.8/site-packages/airflow/example_dags/example_kubernetes_executor.py
[2025-02-12T16:11:29.638+0000] {processor.py:829} INFO - Processing file /home/airflow/.local/lib/python3.8/site-packages/airflow/example_dags/example_kubernetes_executor.py for tasks to queue
[2025-02-12T16:11:29.639+0000] {logging_mixin.py:151} INFO - [2025-02-12T16:11:29.638+0000] {dagbag.py:539} INFO - Filling up the DagBag from /home/airflow/.local/lib/python3.8/site-packages/airflow/example_dags/example_kubernetes_executor.py
[2025-02-12T16:11:29.865+0000] {processor.py:839} INFO - DAG(s) dict_keys(['example_kubernetes_executor']) retrieved from /home/airflow/.local/lib/python3.8/site-packages/airflow/example_dags/example_kubernetes_executor.py
[2025-02-12T16:11:29.902+0000] {logging_mixin.py:151} INFO - [2025-02-12T16:11:29.901+0000] {dag.py:2915} INFO - Sync 1 DAGs
[2025-02-12T16:11:29.913+0000] {logging_mixin.py:151} INFO - [2025-02-12T16:11:29.913+0000] {dag.py:3696} INFO - Setting next_dagrun for example_kubernetes_executor to None, run_after=None
[2025-02-12T16:11:29.932+0000] {processor.py:179} INFO - Processing /home/airflow/.local/lib/python3.8/site-packages/airflow/example_dags/example_kubernetes_executor.py took 0.300 seconds
