[2025-02-12T15:51:06.091+0000] {processor.py:157} INFO - Started process (PID=252) to work on /home/airflow/.local/lib/python3.8/site-packages/airflow/example_dags/example_complex.py
[2025-02-12T15:51:06.091+0000] {processor.py:829} INFO - Processing file /home/airflow/.local/lib/python3.8/site-packages/airflow/example_dags/example_complex.py for tasks to queue
[2025-02-12T15:51:06.092+0000] {logging_mixin.py:151} INFO - [2025-02-12T15:51:06.092+0000] {dagbag.py:539} INFO - Filling up the DagBag from /home/airflow/.local/lib/python3.8/site-packages/airflow/example_dags/example_complex.py
[2025-02-12T15:51:06.104+0000] {processor.py:839} INFO - DAG(s) dict_keys(['example_complex']) retrieved from /home/airflow/.local/lib/python3.8/site-packages/airflow/example_dags/example_complex.py
[2025-02-12T15:51:06.116+0000] {logging_mixin.py:151} INFO - [2025-02-12T15:51:06.115+0000] {dag.py:2915} INFO - Sync 1 DAGs
[2025-02-12T15:51:06.128+0000] {logging_mixin.py:151} INFO - [2025-02-12T15:51:06.128+0000] {dag.py:3696} INFO - Setting next_dagrun for example_complex to None, run_after=None
[2025-02-12T15:51:06.146+0000] {processor.py:179} INFO - Processing /home/airflow/.local/lib/python3.8/site-packages/airflow/example_dags/example_complex.py took 0.058 seconds
[2025-02-12T15:51:36.674+0000] {processor.py:157} INFO - Started process (PID=501) to work on /home/airflow/.local/lib/python3.8/site-packages/airflow/example_dags/example_complex.py
[2025-02-12T15:51:36.675+0000] {processor.py:829} INFO - Processing file /home/airflow/.local/lib/python3.8/site-packages/airflow/example_dags/example_complex.py for tasks to queue
[2025-02-12T15:51:36.676+0000] {logging_mixin.py:151} INFO - [2025-02-12T15:51:36.676+0000] {dagbag.py:539} INFO - Filling up the DagBag from /home/airflow/.local/lib/python3.8/site-packages/airflow/example_dags/example_complex.py
[2025-02-12T15:51:36.685+0000] {processor.py:839} INFO - DAG(s) dict_keys(['example_complex']) retrieved from /home/airflow/.local/lib/python3.8/site-packages/airflow/example_dags/example_complex.py
[2025-02-12T15:51:36.712+0000] {logging_mixin.py:151} INFO - [2025-02-12T15:51:36.712+0000] {dag.py:2915} INFO - Sync 1 DAGs
[2025-02-12T15:51:36.722+0000] {logging_mixin.py:151} INFO - [2025-02-12T15:51:36.721+0000] {dag.py:3696} INFO - Setting next_dagrun for example_complex to None, run_after=None
[2025-02-12T15:51:36.738+0000] {processor.py:179} INFO - Processing /home/airflow/.local/lib/python3.8/site-packages/airflow/example_dags/example_complex.py took 0.066 seconds
[2025-02-12T15:52:12.606+0000] {processor.py:157} INFO - Started process (PID=767) to work on /home/airflow/.local/lib/python3.8/site-packages/airflow/example_dags/example_complex.py
[2025-02-12T15:52:12.607+0000] {processor.py:829} INFO - Processing file /home/airflow/.local/lib/python3.8/site-packages/airflow/example_dags/example_complex.py for tasks to queue
[2025-02-12T15:52:12.609+0000] {logging_mixin.py:151} INFO - [2025-02-12T15:52:12.608+0000] {dagbag.py:539} INFO - Filling up the DagBag from /home/airflow/.local/lib/python3.8/site-packages/airflow/example_dags/example_complex.py
[2025-02-12T15:52:12.622+0000] {processor.py:839} INFO - DAG(s) dict_keys(['example_complex']) retrieved from /home/airflow/.local/lib/python3.8/site-packages/airflow/example_dags/example_complex.py
[2025-02-12T15:52:12.659+0000] {logging_mixin.py:151} INFO - [2025-02-12T15:52:12.659+0000] {dag.py:2915} INFO - Sync 1 DAGs
[2025-02-12T15:52:12.674+0000] {logging_mixin.py:151} INFO - [2025-02-12T15:52:12.673+0000] {dag.py:3696} INFO - Setting next_dagrun for example_complex to None, run_after=None
[2025-02-12T15:52:12.703+0000] {processor.py:179} INFO - Processing /home/airflow/.local/lib/python3.8/site-packages/airflow/example_dags/example_complex.py took 0.100 seconds
[2025-02-12T15:52:43.613+0000] {processor.py:157} INFO - Started process (PID=1028) to work on /home/airflow/.local/lib/python3.8/site-packages/airflow/example_dags/example_complex.py
[2025-02-12T15:52:43.614+0000] {processor.py:829} INFO - Processing file /home/airflow/.local/lib/python3.8/site-packages/airflow/example_dags/example_complex.py for tasks to queue
[2025-02-12T15:52:43.614+0000] {logging_mixin.py:151} INFO - [2025-02-12T15:52:43.614+0000] {dagbag.py:539} INFO - Filling up the DagBag from /home/airflow/.local/lib/python3.8/site-packages/airflow/example_dags/example_complex.py
[2025-02-12T15:52:43.624+0000] {processor.py:839} INFO - DAG(s) dict_keys(['example_complex']) retrieved from /home/airflow/.local/lib/python3.8/site-packages/airflow/example_dags/example_complex.py
[2025-02-12T15:52:43.655+0000] {logging_mixin.py:151} INFO - [2025-02-12T15:52:43.655+0000] {dag.py:2915} INFO - Sync 1 DAGs
[2025-02-12T15:52:43.666+0000] {logging_mixin.py:151} INFO - [2025-02-12T15:52:43.666+0000] {dag.py:3696} INFO - Setting next_dagrun for example_complex to None, run_after=None
[2025-02-12T15:52:43.683+0000] {processor.py:179} INFO - Processing /home/airflow/.local/lib/python3.8/site-packages/airflow/example_dags/example_complex.py took 0.073 seconds
[2025-02-12T15:53:14.758+0000] {processor.py:157} INFO - Started process (PID=1295) to work on /home/airflow/.local/lib/python3.8/site-packages/airflow/example_dags/example_complex.py
[2025-02-12T15:53:14.759+0000] {processor.py:829} INFO - Processing file /home/airflow/.local/lib/python3.8/site-packages/airflow/example_dags/example_complex.py for tasks to queue
[2025-02-12T15:53:14.760+0000] {logging_mixin.py:151} INFO - [2025-02-12T15:53:14.760+0000] {dagbag.py:539} INFO - Filling up the DagBag from /home/airflow/.local/lib/python3.8/site-packages/airflow/example_dags/example_complex.py
[2025-02-12T15:53:14.769+0000] {processor.py:839} INFO - DAG(s) dict_keys(['example_complex']) retrieved from /home/airflow/.local/lib/python3.8/site-packages/airflow/example_dags/example_complex.py
[2025-02-12T15:53:14.800+0000] {logging_mixin.py:151} INFO - [2025-02-12T15:53:14.800+0000] {dag.py:2915} INFO - Sync 1 DAGs
[2025-02-12T15:53:14.812+0000] {logging_mixin.py:151} INFO - [2025-02-12T15:53:14.812+0000] {dag.py:3696} INFO - Setting next_dagrun for example_complex to None, run_after=None
[2025-02-12T15:53:14.832+0000] {processor.py:179} INFO - Processing /home/airflow/.local/lib/python3.8/site-packages/airflow/example_dags/example_complex.py took 0.076 seconds
[2025-02-12T15:53:45.847+0000] {processor.py:157} INFO - Started process (PID=1561) to work on /home/airflow/.local/lib/python3.8/site-packages/airflow/example_dags/example_complex.py
[2025-02-12T15:53:45.849+0000] {processor.py:829} INFO - Processing file /home/airflow/.local/lib/python3.8/site-packages/airflow/example_dags/example_complex.py for tasks to queue
[2025-02-12T15:53:45.850+0000] {logging_mixin.py:151} INFO - [2025-02-12T15:53:45.850+0000] {dagbag.py:539} INFO - Filling up the DagBag from /home/airflow/.local/lib/python3.8/site-packages/airflow/example_dags/example_complex.py
[2025-02-12T15:53:45.867+0000] {processor.py:839} INFO - DAG(s) dict_keys(['example_complex']) retrieved from /home/airflow/.local/lib/python3.8/site-packages/airflow/example_dags/example_complex.py
[2025-02-12T15:53:45.909+0000] {logging_mixin.py:151} INFO - [2025-02-12T15:53:45.908+0000] {dag.py:2915} INFO - Sync 1 DAGs
[2025-02-12T15:53:45.922+0000] {logging_mixin.py:151} INFO - [2025-02-12T15:53:45.921+0000] {dag.py:3696} INFO - Setting next_dagrun for example_complex to None, run_after=None
[2025-02-12T15:53:45.941+0000] {processor.py:179} INFO - Processing /home/airflow/.local/lib/python3.8/site-packages/airflow/example_dags/example_complex.py took 0.098 seconds
[2025-02-12T15:55:30.263+0000] {processor.py:157} INFO - Started process (PID=245) to work on /home/airflow/.local/lib/python3.8/site-packages/airflow/example_dags/example_complex.py
[2025-02-12T15:55:30.264+0000] {processor.py:829} INFO - Processing file /home/airflow/.local/lib/python3.8/site-packages/airflow/example_dags/example_complex.py for tasks to queue
[2025-02-12T15:55:30.265+0000] {logging_mixin.py:151} INFO - [2025-02-12T15:55:30.265+0000] {dagbag.py:539} INFO - Filling up the DagBag from /home/airflow/.local/lib/python3.8/site-packages/airflow/example_dags/example_complex.py
[2025-02-12T15:55:30.277+0000] {processor.py:839} INFO - DAG(s) dict_keys(['example_complex']) retrieved from /home/airflow/.local/lib/python3.8/site-packages/airflow/example_dags/example_complex.py
[2025-02-12T15:55:30.431+0000] {logging_mixin.py:151} INFO - [2025-02-12T15:55:30.430+0000] {dag.py:2915} INFO - Sync 1 DAGs
[2025-02-12T15:55:30.444+0000] {logging_mixin.py:151} INFO - [2025-02-12T15:55:30.444+0000] {dag.py:3696} INFO - Setting next_dagrun for example_complex to None, run_after=None
[2025-02-12T15:55:30.461+0000] {processor.py:179} INFO - Processing /home/airflow/.local/lib/python3.8/site-packages/airflow/example_dags/example_complex.py took 0.200 seconds
[2025-02-12T15:56:02.813+0000] {processor.py:157} INFO - Started process (PID=506) to work on /home/airflow/.local/lib/python3.8/site-packages/airflow/example_dags/example_complex.py
[2025-02-12T15:56:02.814+0000] {processor.py:829} INFO - Processing file /home/airflow/.local/lib/python3.8/site-packages/airflow/example_dags/example_complex.py for tasks to queue
[2025-02-12T15:56:02.815+0000] {logging_mixin.py:151} INFO - [2025-02-12T15:56:02.815+0000] {dagbag.py:539} INFO - Filling up the DagBag from /home/airflow/.local/lib/python3.8/site-packages/airflow/example_dags/example_complex.py
[2025-02-12T15:56:02.825+0000] {processor.py:839} INFO - DAG(s) dict_keys(['example_complex']) retrieved from /home/airflow/.local/lib/python3.8/site-packages/airflow/example_dags/example_complex.py
[2025-02-12T15:56:02.854+0000] {logging_mixin.py:151} INFO - [2025-02-12T15:56:02.854+0000] {dag.py:2915} INFO - Sync 1 DAGs
[2025-02-12T15:56:02.865+0000] {logging_mixin.py:151} INFO - [2025-02-12T15:56:02.865+0000] {dag.py:3696} INFO - Setting next_dagrun for example_complex to None, run_after=None
[2025-02-12T15:56:02.882+0000] {processor.py:179} INFO - Processing /home/airflow/.local/lib/python3.8/site-packages/airflow/example_dags/example_complex.py took 0.072 seconds
[2025-02-12T15:56:33.744+0000] {processor.py:157} INFO - Started process (PID=767) to work on /home/airflow/.local/lib/python3.8/site-packages/airflow/example_dags/example_complex.py
[2025-02-12T15:56:33.745+0000] {processor.py:829} INFO - Processing file /home/airflow/.local/lib/python3.8/site-packages/airflow/example_dags/example_complex.py for tasks to queue
[2025-02-12T15:56:33.745+0000] {logging_mixin.py:151} INFO - [2025-02-12T15:56:33.745+0000] {dagbag.py:539} INFO - Filling up the DagBag from /home/airflow/.local/lib/python3.8/site-packages/airflow/example_dags/example_complex.py
[2025-02-12T15:56:33.754+0000] {processor.py:839} INFO - DAG(s) dict_keys(['example_complex']) retrieved from /home/airflow/.local/lib/python3.8/site-packages/airflow/example_dags/example_complex.py
[2025-02-12T15:56:33.783+0000] {logging_mixin.py:151} INFO - [2025-02-12T15:56:33.782+0000] {dag.py:2915} INFO - Sync 1 DAGs
[2025-02-12T15:56:33.795+0000] {logging_mixin.py:151} INFO - [2025-02-12T15:56:33.795+0000] {dag.py:3696} INFO - Setting next_dagrun for example_complex to None, run_after=None
[2025-02-12T15:56:33.811+0000] {processor.py:179} INFO - Processing /home/airflow/.local/lib/python3.8/site-packages/airflow/example_dags/example_complex.py took 0.070 seconds
[2025-02-12T15:57:04.267+0000] {processor.py:157} INFO - Started process (PID=1028) to work on /home/airflow/.local/lib/python3.8/site-packages/airflow/example_dags/example_complex.py
[2025-02-12T15:57:04.268+0000] {processor.py:829} INFO - Processing file /home/airflow/.local/lib/python3.8/site-packages/airflow/example_dags/example_complex.py for tasks to queue
[2025-02-12T15:57:04.269+0000] {logging_mixin.py:151} INFO - [2025-02-12T15:57:04.268+0000] {dagbag.py:539} INFO - Filling up the DagBag from /home/airflow/.local/lib/python3.8/site-packages/airflow/example_dags/example_complex.py
[2025-02-12T15:57:04.279+0000] {processor.py:839} INFO - DAG(s) dict_keys(['example_complex']) retrieved from /home/airflow/.local/lib/python3.8/site-packages/airflow/example_dags/example_complex.py
[2025-02-12T15:57:04.308+0000] {logging_mixin.py:151} INFO - [2025-02-12T15:57:04.308+0000] {dag.py:2915} INFO - Sync 1 DAGs
[2025-02-12T15:57:04.320+0000] {logging_mixin.py:151} INFO - [2025-02-12T15:57:04.319+0000] {dag.py:3696} INFO - Setting next_dagrun for example_complex to None, run_after=None
[2025-02-12T15:57:04.335+0000] {processor.py:179} INFO - Processing /home/airflow/.local/lib/python3.8/site-packages/airflow/example_dags/example_complex.py took 0.071 seconds
[2025-02-12T15:57:35.417+0000] {processor.py:157} INFO - Started process (PID=1289) to work on /home/airflow/.local/lib/python3.8/site-packages/airflow/example_dags/example_complex.py
[2025-02-12T15:57:35.417+0000] {processor.py:829} INFO - Processing file /home/airflow/.local/lib/python3.8/site-packages/airflow/example_dags/example_complex.py for tasks to queue
[2025-02-12T15:57:35.418+0000] {logging_mixin.py:151} INFO - [2025-02-12T15:57:35.418+0000] {dagbag.py:539} INFO - Filling up the DagBag from /home/airflow/.local/lib/python3.8/site-packages/airflow/example_dags/example_complex.py
[2025-02-12T15:57:35.426+0000] {processor.py:839} INFO - DAG(s) dict_keys(['example_complex']) retrieved from /home/airflow/.local/lib/python3.8/site-packages/airflow/example_dags/example_complex.py
[2025-02-12T15:57:35.455+0000] {logging_mixin.py:151} INFO - [2025-02-12T15:57:35.455+0000] {dag.py:2915} INFO - Sync 1 DAGs
[2025-02-12T15:57:35.465+0000] {logging_mixin.py:151} INFO - [2025-02-12T15:57:35.464+0000] {dag.py:3696} INFO - Setting next_dagrun for example_complex to None, run_after=None
[2025-02-12T15:57:35.479+0000] {processor.py:179} INFO - Processing /home/airflow/.local/lib/python3.8/site-packages/airflow/example_dags/example_complex.py took 0.065 seconds
[2025-02-12T15:59:36.733+0000] {processor.py:157} INFO - Started process (PID=1595) to work on /home/airflow/.local/lib/python3.8/site-packages/airflow/example_dags/example_complex.py
[2025-02-12T15:59:36.734+0000] {processor.py:829} INFO - Processing file /home/airflow/.local/lib/python3.8/site-packages/airflow/example_dags/example_complex.py for tasks to queue
[2025-02-12T15:59:36.735+0000] {logging_mixin.py:151} INFO - [2025-02-12T15:59:36.735+0000] {dagbag.py:539} INFO - Filling up the DagBag from /home/airflow/.local/lib/python3.8/site-packages/airflow/example_dags/example_complex.py
[2025-02-12T15:59:36.750+0000] {processor.py:839} INFO - DAG(s) dict_keys(['example_complex']) retrieved from /home/airflow/.local/lib/python3.8/site-packages/airflow/example_dags/example_complex.py
[2025-02-12T15:59:36.795+0000] {logging_mixin.py:151} INFO - [2025-02-12T15:59:36.795+0000] {dag.py:2915} INFO - Sync 1 DAGs
[2025-02-12T15:59:36.812+0000] {logging_mixin.py:151} INFO - [2025-02-12T15:59:36.812+0000] {dag.py:3696} INFO - Setting next_dagrun for example_complex to None, run_after=None
[2025-02-12T15:59:36.842+0000] {processor.py:179} INFO - Processing /home/airflow/.local/lib/python3.8/site-packages/airflow/example_dags/example_complex.py took 0.113 seconds
[2025-02-12T16:00:07.274+0000] {processor.py:157} INFO - Started process (PID=1888) to work on /home/airflow/.local/lib/python3.8/site-packages/airflow/example_dags/example_complex.py
[2025-02-12T16:00:07.275+0000] {processor.py:829} INFO - Processing file /home/airflow/.local/lib/python3.8/site-packages/airflow/example_dags/example_complex.py for tasks to queue
[2025-02-12T16:00:07.276+0000] {logging_mixin.py:151} INFO - [2025-02-12T16:00:07.276+0000] {dagbag.py:539} INFO - Filling up the DagBag from /home/airflow/.local/lib/python3.8/site-packages/airflow/example_dags/example_complex.py
[2025-02-12T16:00:07.286+0000] {processor.py:839} INFO - DAG(s) dict_keys(['example_complex']) retrieved from /home/airflow/.local/lib/python3.8/site-packages/airflow/example_dags/example_complex.py
[2025-02-12T16:00:07.316+0000] {logging_mixin.py:151} INFO - [2025-02-12T16:00:07.315+0000] {dag.py:2915} INFO - Sync 1 DAGs
[2025-02-12T16:00:07.328+0000] {logging_mixin.py:151} INFO - [2025-02-12T16:00:07.328+0000] {dag.py:3696} INFO - Setting next_dagrun for example_complex to None, run_after=None
[2025-02-12T16:00:07.347+0000] {processor.py:179} INFO - Processing /home/airflow/.local/lib/python3.8/site-packages/airflow/example_dags/example_complex.py took 0.076 seconds
[2025-02-12T16:01:56.359+0000] {processor.py:157} INFO - Started process (PID=2189) to work on /home/airflow/.local/lib/python3.8/site-packages/airflow/example_dags/example_complex.py
[2025-02-12T16:01:56.361+0000] {processor.py:829} INFO - Processing file /home/airflow/.local/lib/python3.8/site-packages/airflow/example_dags/example_complex.py for tasks to queue
[2025-02-12T16:01:56.362+0000] {logging_mixin.py:151} INFO - [2025-02-12T16:01:56.361+0000] {dagbag.py:539} INFO - Filling up the DagBag from /home/airflow/.local/lib/python3.8/site-packages/airflow/example_dags/example_complex.py
[2025-02-12T16:01:56.374+0000] {processor.py:839} INFO - DAG(s) dict_keys(['example_complex']) retrieved from /home/airflow/.local/lib/python3.8/site-packages/airflow/example_dags/example_complex.py
[2025-02-12T16:01:56.421+0000] {logging_mixin.py:151} INFO - [2025-02-12T16:01:56.420+0000] {dag.py:2915} INFO - Sync 1 DAGs
[2025-02-12T16:01:56.439+0000] {logging_mixin.py:151} INFO - [2025-02-12T16:01:56.439+0000] {dag.py:3696} INFO - Setting next_dagrun for example_complex to None, run_after=None
[2025-02-12T16:01:56.469+0000] {processor.py:179} INFO - Processing /home/airflow/.local/lib/python3.8/site-packages/airflow/example_dags/example_complex.py took 0.114 seconds
[2025-02-12T16:02:27.296+0000] {processor.py:157} INFO - Started process (PID=2492) to work on /home/airflow/.local/lib/python3.8/site-packages/airflow/example_dags/example_complex.py
[2025-02-12T16:02:27.297+0000] {processor.py:829} INFO - Processing file /home/airflow/.local/lib/python3.8/site-packages/airflow/example_dags/example_complex.py for tasks to queue
[2025-02-12T16:02:27.298+0000] {logging_mixin.py:151} INFO - [2025-02-12T16:02:27.298+0000] {dagbag.py:539} INFO - Filling up the DagBag from /home/airflow/.local/lib/python3.8/site-packages/airflow/example_dags/example_complex.py
[2025-02-12T16:02:27.308+0000] {processor.py:839} INFO - DAG(s) dict_keys(['example_complex']) retrieved from /home/airflow/.local/lib/python3.8/site-packages/airflow/example_dags/example_complex.py
[2025-02-12T16:02:27.339+0000] {logging_mixin.py:151} INFO - [2025-02-12T16:02:27.338+0000] {dag.py:2915} INFO - Sync 1 DAGs
[2025-02-12T16:02:27.350+0000] {logging_mixin.py:151} INFO - [2025-02-12T16:02:27.349+0000] {dag.py:3696} INFO - Setting next_dagrun for example_complex to None, run_after=None
[2025-02-12T16:02:27.367+0000] {processor.py:179} INFO - Processing /home/airflow/.local/lib/python3.8/site-packages/airflow/example_dags/example_complex.py took 0.075 seconds
[2025-02-12T16:03:01.441+0000] {processor.py:157} INFO - Started process (PID=2787) to work on /home/airflow/.local/lib/python3.8/site-packages/airflow/example_dags/example_complex.py
[2025-02-12T16:03:01.444+0000] {processor.py:829} INFO - Processing file /home/airflow/.local/lib/python3.8/site-packages/airflow/example_dags/example_complex.py for tasks to queue
[2025-02-12T16:03:01.447+0000] {logging_mixin.py:151} INFO - [2025-02-12T16:03:01.446+0000] {dagbag.py:539} INFO - Filling up the DagBag from /home/airflow/.local/lib/python3.8/site-packages/airflow/example_dags/example_complex.py
[2025-02-12T16:03:01.475+0000] {processor.py:839} INFO - DAG(s) dict_keys(['example_complex']) retrieved from /home/airflow/.local/lib/python3.8/site-packages/airflow/example_dags/example_complex.py
[2025-02-12T16:03:01.530+0000] {logging_mixin.py:151} INFO - [2025-02-12T16:03:01.529+0000] {dag.py:2915} INFO - Sync 1 DAGs
[2025-02-12T16:03:01.551+0000] {logging_mixin.py:151} INFO - [2025-02-12T16:03:01.550+0000] {dag.py:3696} INFO - Setting next_dagrun for example_complex to None, run_after=None
[2025-02-12T16:03:01.581+0000] {processor.py:179} INFO - Processing /home/airflow/.local/lib/python3.8/site-packages/airflow/example_dags/example_complex.py took 0.147 seconds
[2025-02-12T16:03:33.475+0000] {processor.py:157} INFO - Started process (PID=3096) to work on /home/airflow/.local/lib/python3.8/site-packages/airflow/example_dags/example_complex.py
[2025-02-12T16:03:33.476+0000] {processor.py:829} INFO - Processing file /home/airflow/.local/lib/python3.8/site-packages/airflow/example_dags/example_complex.py for tasks to queue
[2025-02-12T16:03:33.477+0000] {logging_mixin.py:151} INFO - [2025-02-12T16:03:33.477+0000] {dagbag.py:539} INFO - Filling up the DagBag from /home/airflow/.local/lib/python3.8/site-packages/airflow/example_dags/example_complex.py
[2025-02-12T16:03:33.486+0000] {processor.py:839} INFO - DAG(s) dict_keys(['example_complex']) retrieved from /home/airflow/.local/lib/python3.8/site-packages/airflow/example_dags/example_complex.py
[2025-02-12T16:03:33.515+0000] {logging_mixin.py:151} INFO - [2025-02-12T16:03:33.514+0000] {dag.py:2915} INFO - Sync 1 DAGs
[2025-02-12T16:03:33.526+0000] {logging_mixin.py:151} INFO - [2025-02-12T16:03:33.526+0000] {dag.py:3696} INFO - Setting next_dagrun for example_complex to None, run_after=None
[2025-02-12T16:03:33.544+0000] {processor.py:179} INFO - Processing /home/airflow/.local/lib/python3.8/site-packages/airflow/example_dags/example_complex.py took 0.071 seconds
[2025-02-12T16:04:05.740+0000] {processor.py:157} INFO - Started process (PID=3357) to work on /home/airflow/.local/lib/python3.8/site-packages/airflow/example_dags/example_complex.py
[2025-02-12T16:04:05.741+0000] {processor.py:829} INFO - Processing file /home/airflow/.local/lib/python3.8/site-packages/airflow/example_dags/example_complex.py for tasks to queue
[2025-02-12T16:04:05.741+0000] {logging_mixin.py:151} INFO - [2025-02-12T16:04:05.741+0000] {dagbag.py:539} INFO - Filling up the DagBag from /home/airflow/.local/lib/python3.8/site-packages/airflow/example_dags/example_complex.py
[2025-02-12T16:04:05.750+0000] {processor.py:839} INFO - DAG(s) dict_keys(['example_complex']) retrieved from /home/airflow/.local/lib/python3.8/site-packages/airflow/example_dags/example_complex.py
[2025-02-12T16:04:05.780+0000] {logging_mixin.py:151} INFO - [2025-02-12T16:04:05.780+0000] {dag.py:2915} INFO - Sync 1 DAGs
[2025-02-12T16:04:05.793+0000] {logging_mixin.py:151} INFO - [2025-02-12T16:04:05.792+0000] {dag.py:3696} INFO - Setting next_dagrun for example_complex to None, run_after=None
[2025-02-12T16:04:05.811+0000] {processor.py:179} INFO - Processing /home/airflow/.local/lib/python3.8/site-packages/airflow/example_dags/example_complex.py took 0.074 seconds
[2025-02-12T16:04:38.129+0000] {processor.py:157} INFO - Started process (PID=3620) to work on /home/airflow/.local/lib/python3.8/site-packages/airflow/example_dags/example_complex.py
[2025-02-12T16:04:38.130+0000] {processor.py:829} INFO - Processing file /home/airflow/.local/lib/python3.8/site-packages/airflow/example_dags/example_complex.py for tasks to queue
[2025-02-12T16:04:38.131+0000] {logging_mixin.py:151} INFO - [2025-02-12T16:04:38.131+0000] {dagbag.py:539} INFO - Filling up the DagBag from /home/airflow/.local/lib/python3.8/site-packages/airflow/example_dags/example_complex.py
[2025-02-12T16:04:38.144+0000] {processor.py:839} INFO - DAG(s) dict_keys(['example_complex']) retrieved from /home/airflow/.local/lib/python3.8/site-packages/airflow/example_dags/example_complex.py
[2025-02-12T16:04:38.174+0000] {logging_mixin.py:151} INFO - [2025-02-12T16:04:38.174+0000] {dag.py:2915} INFO - Sync 1 DAGs
[2025-02-12T16:04:38.188+0000] {logging_mixin.py:151} INFO - [2025-02-12T16:04:38.187+0000] {dag.py:3696} INFO - Setting next_dagrun for example_complex to None, run_after=None
[2025-02-12T16:04:38.222+0000] {processor.py:179} INFO - Processing /home/airflow/.local/lib/python3.8/site-packages/airflow/example_dags/example_complex.py took 0.095 seconds
[2025-02-12T16:05:11.783+0000] {processor.py:157} INFO - Started process (PID=3885) to work on /home/airflow/.local/lib/python3.8/site-packages/airflow/example_dags/example_complex.py
[2025-02-12T16:05:11.783+0000] {processor.py:829} INFO - Processing file /home/airflow/.local/lib/python3.8/site-packages/airflow/example_dags/example_complex.py for tasks to queue
[2025-02-12T16:05:11.784+0000] {logging_mixin.py:151} INFO - [2025-02-12T16:05:11.784+0000] {dagbag.py:539} INFO - Filling up the DagBag from /home/airflow/.local/lib/python3.8/site-packages/airflow/example_dags/example_complex.py
[2025-02-12T16:05:11.792+0000] {processor.py:839} INFO - DAG(s) dict_keys(['example_complex']) retrieved from /home/airflow/.local/lib/python3.8/site-packages/airflow/example_dags/example_complex.py
[2025-02-12T16:05:11.819+0000] {logging_mixin.py:151} INFO - [2025-02-12T16:05:11.818+0000] {dag.py:2915} INFO - Sync 1 DAGs
[2025-02-12T16:05:11.828+0000] {logging_mixin.py:151} INFO - [2025-02-12T16:05:11.828+0000] {dag.py:3696} INFO - Setting next_dagrun for example_complex to None, run_after=None
[2025-02-12T16:05:11.843+0000] {processor.py:179} INFO - Processing /home/airflow/.local/lib/python3.8/site-packages/airflow/example_dags/example_complex.py took 0.062 seconds
[2025-02-12T16:05:42.864+0000] {processor.py:157} INFO - Started process (PID=4153) to work on /home/airflow/.local/lib/python3.8/site-packages/airflow/example_dags/example_complex.py
[2025-02-12T16:05:42.865+0000] {processor.py:829} INFO - Processing file /home/airflow/.local/lib/python3.8/site-packages/airflow/example_dags/example_complex.py for tasks to queue
[2025-02-12T16:05:42.865+0000] {logging_mixin.py:151} INFO - [2025-02-12T16:05:42.865+0000] {dagbag.py:539} INFO - Filling up the DagBag from /home/airflow/.local/lib/python3.8/site-packages/airflow/example_dags/example_complex.py
[2025-02-12T16:05:42.875+0000] {processor.py:839} INFO - DAG(s) dict_keys(['example_complex']) retrieved from /home/airflow/.local/lib/python3.8/site-packages/airflow/example_dags/example_complex.py
[2025-02-12T16:05:42.904+0000] {logging_mixin.py:151} INFO - [2025-02-12T16:05:42.904+0000] {dag.py:2915} INFO - Sync 1 DAGs
[2025-02-12T16:05:42.916+0000] {logging_mixin.py:151} INFO - [2025-02-12T16:05:42.916+0000] {dag.py:3696} INFO - Setting next_dagrun for example_complex to None, run_after=None
[2025-02-12T16:05:42.937+0000] {processor.py:179} INFO - Processing /home/airflow/.local/lib/python3.8/site-packages/airflow/example_dags/example_complex.py took 0.076 seconds
[2025-02-12T16:06:13.069+0000] {processor.py:157} INFO - Started process (PID=4416) to work on /home/airflow/.local/lib/python3.8/site-packages/airflow/example_dags/example_complex.py
[2025-02-12T16:06:13.069+0000] {processor.py:829} INFO - Processing file /home/airflow/.local/lib/python3.8/site-packages/airflow/example_dags/example_complex.py for tasks to queue
[2025-02-12T16:06:13.070+0000] {logging_mixin.py:151} INFO - [2025-02-12T16:06:13.070+0000] {dagbag.py:539} INFO - Filling up the DagBag from /home/airflow/.local/lib/python3.8/site-packages/airflow/example_dags/example_complex.py
[2025-02-12T16:06:13.078+0000] {processor.py:839} INFO - DAG(s) dict_keys(['example_complex']) retrieved from /home/airflow/.local/lib/python3.8/site-packages/airflow/example_dags/example_complex.py
[2025-02-12T16:06:13.106+0000] {logging_mixin.py:151} INFO - [2025-02-12T16:06:13.106+0000] {dag.py:2915} INFO - Sync 1 DAGs
[2025-02-12T16:06:13.116+0000] {logging_mixin.py:151} INFO - [2025-02-12T16:06:13.116+0000] {dag.py:3696} INFO - Setting next_dagrun for example_complex to None, run_after=None
[2025-02-12T16:06:13.134+0000] {processor.py:179} INFO - Processing /home/airflow/.local/lib/python3.8/site-packages/airflow/example_dags/example_complex.py took 0.068 seconds
[2025-02-12T16:06:44.106+0000] {processor.py:157} INFO - Started process (PID=4674) to work on /home/airflow/.local/lib/python3.8/site-packages/airflow/example_dags/example_complex.py
[2025-02-12T16:06:44.107+0000] {processor.py:829} INFO - Processing file /home/airflow/.local/lib/python3.8/site-packages/airflow/example_dags/example_complex.py for tasks to queue
[2025-02-12T16:06:44.107+0000] {logging_mixin.py:151} INFO - [2025-02-12T16:06:44.107+0000] {dagbag.py:539} INFO - Filling up the DagBag from /home/airflow/.local/lib/python3.8/site-packages/airflow/example_dags/example_complex.py
[2025-02-12T16:06:44.116+0000] {processor.py:839} INFO - DAG(s) dict_keys(['example_complex']) retrieved from /home/airflow/.local/lib/python3.8/site-packages/airflow/example_dags/example_complex.py
[2025-02-12T16:06:44.143+0000] {logging_mixin.py:151} INFO - [2025-02-12T16:06:44.143+0000] {dag.py:2915} INFO - Sync 1 DAGs
[2025-02-12T16:06:44.156+0000] {logging_mixin.py:151} INFO - [2025-02-12T16:06:44.155+0000] {dag.py:3696} INFO - Setting next_dagrun for example_complex to None, run_after=None
[2025-02-12T16:06:44.171+0000] {processor.py:179} INFO - Processing /home/airflow/.local/lib/python3.8/site-packages/airflow/example_dags/example_complex.py took 0.067 seconds
[2025-02-12T16:07:15.035+0000] {processor.py:157} INFO - Started process (PID=4989) to work on /home/airflow/.local/lib/python3.8/site-packages/airflow/example_dags/example_complex.py
[2025-02-12T16:07:15.036+0000] {processor.py:829} INFO - Processing file /home/airflow/.local/lib/python3.8/site-packages/airflow/example_dags/example_complex.py for tasks to queue
[2025-02-12T16:07:15.037+0000] {logging_mixin.py:151} INFO - [2025-02-12T16:07:15.037+0000] {dagbag.py:539} INFO - Filling up the DagBag from /home/airflow/.local/lib/python3.8/site-packages/airflow/example_dags/example_complex.py
[2025-02-12T16:07:15.050+0000] {processor.py:839} INFO - DAG(s) dict_keys(['example_complex']) retrieved from /home/airflow/.local/lib/python3.8/site-packages/airflow/example_dags/example_complex.py
[2025-02-12T16:07:15.078+0000] {logging_mixin.py:151} INFO - [2025-02-12T16:07:15.078+0000] {dag.py:2915} INFO - Sync 1 DAGs
[2025-02-12T16:07:15.089+0000] {logging_mixin.py:151} INFO - [2025-02-12T16:07:15.089+0000] {dag.py:3696} INFO - Setting next_dagrun for example_complex to None, run_after=None
[2025-02-12T16:07:15.105+0000] {processor.py:179} INFO - Processing /home/airflow/.local/lib/python3.8/site-packages/airflow/example_dags/example_complex.py took 0.073 seconds
[2025-02-12T16:07:45.613+0000] {processor.py:157} INFO - Started process (PID=5249) to work on /home/airflow/.local/lib/python3.8/site-packages/airflow/example_dags/example_complex.py
[2025-02-12T16:07:45.614+0000] {processor.py:829} INFO - Processing file /home/airflow/.local/lib/python3.8/site-packages/airflow/example_dags/example_complex.py for tasks to queue
[2025-02-12T16:07:45.615+0000] {logging_mixin.py:151} INFO - [2025-02-12T16:07:45.615+0000] {dagbag.py:539} INFO - Filling up the DagBag from /home/airflow/.local/lib/python3.8/site-packages/airflow/example_dags/example_complex.py
[2025-02-12T16:07:45.623+0000] {processor.py:839} INFO - DAG(s) dict_keys(['example_complex']) retrieved from /home/airflow/.local/lib/python3.8/site-packages/airflow/example_dags/example_complex.py
[2025-02-12T16:07:45.649+0000] {logging_mixin.py:151} INFO - [2025-02-12T16:07:45.649+0000] {dag.py:2915} INFO - Sync 1 DAGs
[2025-02-12T16:07:45.659+0000] {logging_mixin.py:151} INFO - [2025-02-12T16:07:45.659+0000] {dag.py:3696} INFO - Setting next_dagrun for example_complex to None, run_after=None
[2025-02-12T16:07:45.676+0000] {processor.py:179} INFO - Processing /home/airflow/.local/lib/python3.8/site-packages/airflow/example_dags/example_complex.py took 0.065 seconds
[2025-02-12T16:08:16.080+0000] {processor.py:157} INFO - Started process (PID=5509) to work on /home/airflow/.local/lib/python3.8/site-packages/airflow/example_dags/example_complex.py
[2025-02-12T16:08:16.081+0000] {processor.py:829} INFO - Processing file /home/airflow/.local/lib/python3.8/site-packages/airflow/example_dags/example_complex.py for tasks to queue
[2025-02-12T16:08:16.082+0000] {logging_mixin.py:151} INFO - [2025-02-12T16:08:16.082+0000] {dagbag.py:539} INFO - Filling up the DagBag from /home/airflow/.local/lib/python3.8/site-packages/airflow/example_dags/example_complex.py
[2025-02-12T16:08:16.091+0000] {processor.py:839} INFO - DAG(s) dict_keys(['example_complex']) retrieved from /home/airflow/.local/lib/python3.8/site-packages/airflow/example_dags/example_complex.py
[2025-02-12T16:08:16.119+0000] {logging_mixin.py:151} INFO - [2025-02-12T16:08:16.119+0000] {dag.py:2915} INFO - Sync 1 DAGs
[2025-02-12T16:08:16.130+0000] {logging_mixin.py:151} INFO - [2025-02-12T16:08:16.130+0000] {dag.py:3696} INFO - Setting next_dagrun for example_complex to None, run_after=None
[2025-02-12T16:08:16.147+0000] {processor.py:179} INFO - Processing /home/airflow/.local/lib/python3.8/site-packages/airflow/example_dags/example_complex.py took 0.070 seconds
[2025-02-12T16:08:55.191+0000] {processor.py:157} INFO - Started process (PID=5799) to work on /home/airflow/.local/lib/python3.8/site-packages/airflow/example_dags/example_complex.py
[2025-02-12T16:08:55.192+0000] {processor.py:829} INFO - Processing file /home/airflow/.local/lib/python3.8/site-packages/airflow/example_dags/example_complex.py for tasks to queue
[2025-02-12T16:08:55.193+0000] {logging_mixin.py:151} INFO - [2025-02-12T16:08:55.193+0000] {dagbag.py:539} INFO - Filling up the DagBag from /home/airflow/.local/lib/python3.8/site-packages/airflow/example_dags/example_complex.py
[2025-02-12T16:08:55.205+0000] {processor.py:839} INFO - DAG(s) dict_keys(['example_complex']) retrieved from /home/airflow/.local/lib/python3.8/site-packages/airflow/example_dags/example_complex.py
[2025-02-12T16:08:55.253+0000] {logging_mixin.py:151} INFO - [2025-02-12T16:08:55.253+0000] {dag.py:2915} INFO - Sync 1 DAGs
[2025-02-12T16:08:55.273+0000] {logging_mixin.py:151} INFO - [2025-02-12T16:08:55.273+0000] {dag.py:3696} INFO - Setting next_dagrun for example_complex to None, run_after=None
[2025-02-12T16:08:55.302+0000] {processor.py:179} INFO - Processing /home/airflow/.local/lib/python3.8/site-packages/airflow/example_dags/example_complex.py took 0.114 seconds
[2025-02-12T16:10:26.630+0000] {processor.py:157} INFO - Started process (PID=6095) to work on /home/airflow/.local/lib/python3.8/site-packages/airflow/example_dags/example_complex.py
[2025-02-12T16:10:26.632+0000] {processor.py:829} INFO - Processing file /home/airflow/.local/lib/python3.8/site-packages/airflow/example_dags/example_complex.py for tasks to queue
[2025-02-12T16:10:26.633+0000] {logging_mixin.py:151} INFO - [2025-02-12T16:10:26.632+0000] {dagbag.py:539} INFO - Filling up the DagBag from /home/airflow/.local/lib/python3.8/site-packages/airflow/example_dags/example_complex.py
[2025-02-12T16:10:26.650+0000] {processor.py:839} INFO - DAG(s) dict_keys(['example_complex']) retrieved from /home/airflow/.local/lib/python3.8/site-packages/airflow/example_dags/example_complex.py
[2025-02-12T16:10:26.700+0000] {logging_mixin.py:151} INFO - [2025-02-12T16:10:26.699+0000] {dag.py:2915} INFO - Sync 1 DAGs
[2025-02-12T16:10:26.720+0000] {logging_mixin.py:151} INFO - [2025-02-12T16:10:26.720+0000] {dag.py:3696} INFO - Setting next_dagrun for example_complex to None, run_after=None
[2025-02-12T16:10:26.755+0000] {processor.py:179} INFO - Processing /home/airflow/.local/lib/python3.8/site-packages/airflow/example_dags/example_complex.py took 0.130 seconds
[2025-02-12T16:10:56.851+0000] {processor.py:157} INFO - Started process (PID=6362) to work on /home/airflow/.local/lib/python3.8/site-packages/airflow/example_dags/example_complex.py
[2025-02-12T16:10:56.852+0000] {processor.py:829} INFO - Processing file /home/airflow/.local/lib/python3.8/site-packages/airflow/example_dags/example_complex.py for tasks to queue
[2025-02-12T16:10:56.853+0000] {logging_mixin.py:151} INFO - [2025-02-12T16:10:56.853+0000] {dagbag.py:539} INFO - Filling up the DagBag from /home/airflow/.local/lib/python3.8/site-packages/airflow/example_dags/example_complex.py
[2025-02-12T16:10:56.864+0000] {processor.py:839} INFO - DAG(s) dict_keys(['example_complex']) retrieved from /home/airflow/.local/lib/python3.8/site-packages/airflow/example_dags/example_complex.py
[2025-02-12T16:10:56.897+0000] {logging_mixin.py:151} INFO - [2025-02-12T16:10:56.897+0000] {dag.py:2915} INFO - Sync 1 DAGs
[2025-02-12T16:10:56.910+0000] {logging_mixin.py:151} INFO - [2025-02-12T16:10:56.910+0000] {dag.py:3696} INFO - Setting next_dagrun for example_complex to None, run_after=None
[2025-02-12T16:10:56.937+0000] {processor.py:179} INFO - Processing /home/airflow/.local/lib/python3.8/site-packages/airflow/example_dags/example_complex.py took 0.089 seconds
[2025-02-12T16:11:28.252+0000] {processor.py:157} INFO - Started process (PID=6622) to work on /home/airflow/.local/lib/python3.8/site-packages/airflow/example_dags/example_complex.py
[2025-02-12T16:11:28.252+0000] {processor.py:829} INFO - Processing file /home/airflow/.local/lib/python3.8/site-packages/airflow/example_dags/example_complex.py for tasks to queue
[2025-02-12T16:11:28.253+0000] {logging_mixin.py:151} INFO - [2025-02-12T16:11:28.253+0000] {dagbag.py:539} INFO - Filling up the DagBag from /home/airflow/.local/lib/python3.8/site-packages/airflow/example_dags/example_complex.py
[2025-02-12T16:11:28.261+0000] {processor.py:839} INFO - DAG(s) dict_keys(['example_complex']) retrieved from /home/airflow/.local/lib/python3.8/site-packages/airflow/example_dags/example_complex.py
[2025-02-12T16:11:28.287+0000] {logging_mixin.py:151} INFO - [2025-02-12T16:11:28.287+0000] {dag.py:2915} INFO - Sync 1 DAGs
[2025-02-12T16:11:28.297+0000] {logging_mixin.py:151} INFO - [2025-02-12T16:11:28.297+0000] {dag.py:3696} INFO - Setting next_dagrun for example_complex to None, run_after=None
[2025-02-12T16:11:28.313+0000] {processor.py:179} INFO - Processing /home/airflow/.local/lib/python3.8/site-packages/airflow/example_dags/example_complex.py took 0.064 seconds
