[2025-02-12T15:51:06.242+0000] {processor.py:157} INFO - Started process (PID=262) to work on /home/airflow/.local/lib/python3.8/site-packages/airflow/example_dags/example_subdag_operator.py
[2025-02-12T15:51:06.243+0000] {processor.py:829} INFO - Processing file /home/airflow/.local/lib/python3.8/site-packages/airflow/example_dags/example_subdag_operator.py for tasks to queue
[2025-02-12T15:51:06.244+0000] {logging_mixin.py:151} INFO - [2025-02-12T15:51:06.243+0000] {dagbag.py:539} INFO - Filling up the DagBag from /home/airflow/.local/lib/python3.8/site-packages/airflow/example_dags/example_subdag_operator.py
[2025-02-12T15:51:06.275+0000] {processor.py:839} INFO - DAG(s) dict_keys(['example_subdag_operator.section-1', 'example_subdag_operator.section-2', 'example_subdag_operator']) retrieved from /home/airflow/.local/lib/python3.8/site-packages/airflow/example_dags/example_subdag_operator.py
[2025-02-12T15:51:06.278+0000] {logging_mixin.py:151} INFO - [2025-02-12T15:51:06.278+0000] {dag.py:2915} INFO - Sync 3 DAGs
[2025-02-12T15:51:06.299+0000] {logging_mixin.py:151} INFO - [2025-02-12T15:51:06.298+0000] {dag.py:3696} INFO - Setting next_dagrun for example_subdag_operator to 2022-01-01T00:00:00+00:00, run_after=2022-01-01T00:00:00+00:00
[2025-02-12T15:51:06.419+0000] {logging_mixin.py:151} INFO - [2025-02-12T15:51:06.419+0000] {dag.py:3696} INFO - Setting next_dagrun for example_subdag_operator.section-1 to None, run_after=None
[2025-02-12T15:51:06.420+0000] {logging_mixin.py:151} INFO - [2025-02-12T15:51:06.420+0000] {dag.py:3696} INFO - Setting next_dagrun for example_subdag_operator.section-2 to None, run_after=None
[2025-02-12T15:51:06.427+0000] {logging_mixin.py:151} INFO - [2025-02-12T15:51:06.426+0000] {dag.py:2915} INFO - Sync 2 DAGs
[2025-02-12T15:51:06.432+0000] {logging_mixin.py:151} INFO - [2025-02-12T15:51:06.432+0000] {dag.py:3696} INFO - Setting next_dagrun for example_subdag_operator.section-1 to None, run_after=None
[2025-02-12T15:51:06.433+0000] {logging_mixin.py:151} INFO - [2025-02-12T15:51:06.433+0000] {dag.py:3696} INFO - Setting next_dagrun for example_subdag_operator.section-2 to None, run_after=None
[2025-02-12T15:51:06.445+0000] {processor.py:179} INFO - Processing /home/airflow/.local/lib/python3.8/site-packages/airflow/example_dags/example_subdag_operator.py took 0.205 seconds
[2025-02-12T15:51:36.761+0000] {processor.py:157} INFO - Started process (PID=511) to work on /home/airflow/.local/lib/python3.8/site-packages/airflow/example_dags/example_subdag_operator.py
[2025-02-12T15:51:36.762+0000] {processor.py:829} INFO - Processing file /home/airflow/.local/lib/python3.8/site-packages/airflow/example_dags/example_subdag_operator.py for tasks to queue
[2025-02-12T15:51:36.763+0000] {logging_mixin.py:151} INFO - [2025-02-12T15:51:36.763+0000] {dagbag.py:539} INFO - Filling up the DagBag from /home/airflow/.local/lib/python3.8/site-packages/airflow/example_dags/example_subdag_operator.py
[2025-02-12T15:51:36.789+0000] {processor.py:839} INFO - DAG(s) dict_keys(['example_subdag_operator.section-1', 'example_subdag_operator.section-2', 'example_subdag_operator']) retrieved from /home/airflow/.local/lib/python3.8/site-packages/airflow/example_dags/example_subdag_operator.py
[2025-02-12T15:51:36.811+0000] {logging_mixin.py:151} INFO - [2025-02-12T15:51:36.811+0000] {dag.py:2915} INFO - Sync 3 DAGs
[2025-02-12T15:51:36.843+0000] {logging_mixin.py:151} INFO - [2025-02-12T15:51:36.843+0000] {dag.py:3696} INFO - Setting next_dagrun for example_subdag_operator to 2022-01-01T00:00:00+00:00, run_after=2022-01-01T00:00:00+00:00
[2025-02-12T15:51:36.848+0000] {logging_mixin.py:151} INFO - [2025-02-12T15:51:36.848+0000] {dag.py:3696} INFO - Setting next_dagrun for example_subdag_operator.section-1 to None, run_after=None
[2025-02-12T15:51:36.849+0000] {logging_mixin.py:151} INFO - [2025-02-12T15:51:36.849+0000] {dag.py:3696} INFO - Setting next_dagrun for example_subdag_operator.section-2 to None, run_after=None
[2025-02-12T15:51:36.856+0000] {logging_mixin.py:151} INFO - [2025-02-12T15:51:36.856+0000] {dag.py:2915} INFO - Sync 2 DAGs
[2025-02-12T15:51:36.862+0000] {logging_mixin.py:151} INFO - [2025-02-12T15:51:36.862+0000] {dag.py:3696} INFO - Setting next_dagrun for example_subdag_operator.section-1 to None, run_after=None
[2025-02-12T15:51:36.863+0000] {logging_mixin.py:151} INFO - [2025-02-12T15:51:36.863+0000] {dag.py:3696} INFO - Setting next_dagrun for example_subdag_operator.section-2 to None, run_after=None
[2025-02-12T15:51:36.873+0000] {processor.py:179} INFO - Processing /home/airflow/.local/lib/python3.8/site-packages/airflow/example_dags/example_subdag_operator.py took 0.114 seconds
[2025-02-12T15:52:12.824+0000] {processor.py:157} INFO - Started process (PID=779) to work on /home/airflow/.local/lib/python3.8/site-packages/airflow/example_dags/example_subdag_operator.py
[2025-02-12T15:52:12.825+0000] {processor.py:829} INFO - Processing file /home/airflow/.local/lib/python3.8/site-packages/airflow/example_dags/example_subdag_operator.py for tasks to queue
[2025-02-12T15:52:12.826+0000] {logging_mixin.py:151} INFO - [2025-02-12T15:52:12.826+0000] {dagbag.py:539} INFO - Filling up the DagBag from /home/airflow/.local/lib/python3.8/site-packages/airflow/example_dags/example_subdag_operator.py
[2025-02-12T15:52:12.852+0000] {processor.py:839} INFO - DAG(s) dict_keys(['example_subdag_operator.section-1', 'example_subdag_operator.section-2', 'example_subdag_operator']) retrieved from /home/airflow/.local/lib/python3.8/site-packages/airflow/example_dags/example_subdag_operator.py
[2025-02-12T15:52:12.870+0000] {logging_mixin.py:151} INFO - [2025-02-12T15:52:12.870+0000] {dag.py:2915} INFO - Sync 3 DAGs
[2025-02-12T15:52:12.890+0000] {logging_mixin.py:151} INFO - [2025-02-12T15:52:12.890+0000] {dag.py:3696} INFO - Setting next_dagrun for example_subdag_operator to 2022-01-01T00:00:00+00:00, run_after=2022-01-01T00:00:00+00:00
[2025-02-12T15:52:12.895+0000] {logging_mixin.py:151} INFO - [2025-02-12T15:52:12.895+0000] {dag.py:3696} INFO - Setting next_dagrun for example_subdag_operator.section-1 to None, run_after=None
[2025-02-12T15:52:12.896+0000] {logging_mixin.py:151} INFO - [2025-02-12T15:52:12.896+0000] {dag.py:3696} INFO - Setting next_dagrun for example_subdag_operator.section-2 to None, run_after=None
[2025-02-12T15:52:12.904+0000] {logging_mixin.py:151} INFO - [2025-02-12T15:52:12.903+0000] {dag.py:2915} INFO - Sync 2 DAGs
[2025-02-12T15:52:12.909+0000] {logging_mixin.py:151} INFO - [2025-02-12T15:52:12.909+0000] {dag.py:3696} INFO - Setting next_dagrun for example_subdag_operator.section-1 to None, run_after=None
[2025-02-12T15:52:12.909+0000] {logging_mixin.py:151} INFO - [2025-02-12T15:52:12.909+0000] {dag.py:3696} INFO - Setting next_dagrun for example_subdag_operator.section-2 to None, run_after=None
[2025-02-12T15:52:12.921+0000] {processor.py:179} INFO - Processing /home/airflow/.local/lib/python3.8/site-packages/airflow/example_dags/example_subdag_operator.py took 0.100 seconds
[2025-02-12T15:52:43.786+0000] {processor.py:157} INFO - Started process (PID=1038) to work on /home/airflow/.local/lib/python3.8/site-packages/airflow/example_dags/example_subdag_operator.py
[2025-02-12T15:52:43.787+0000] {processor.py:829} INFO - Processing file /home/airflow/.local/lib/python3.8/site-packages/airflow/example_dags/example_subdag_operator.py for tasks to queue
[2025-02-12T15:52:43.788+0000] {logging_mixin.py:151} INFO - [2025-02-12T15:52:43.787+0000] {dagbag.py:539} INFO - Filling up the DagBag from /home/airflow/.local/lib/python3.8/site-packages/airflow/example_dags/example_subdag_operator.py
[2025-02-12T15:52:43.810+0000] {processor.py:839} INFO - DAG(s) dict_keys(['example_subdag_operator.section-1', 'example_subdag_operator.section-2', 'example_subdag_operator']) retrieved from /home/airflow/.local/lib/python3.8/site-packages/airflow/example_dags/example_subdag_operator.py
[2025-02-12T15:52:43.824+0000] {logging_mixin.py:151} INFO - [2025-02-12T15:52:43.823+0000] {dag.py:2915} INFO - Sync 3 DAGs
[2025-02-12T15:52:43.842+0000] {logging_mixin.py:151} INFO - [2025-02-12T15:52:43.842+0000] {dag.py:3696} INFO - Setting next_dagrun for example_subdag_operator to 2022-01-01T00:00:00+00:00, run_after=2022-01-01T00:00:00+00:00
[2025-02-12T15:52:43.846+0000] {logging_mixin.py:151} INFO - [2025-02-12T15:52:43.845+0000] {dag.py:3696} INFO - Setting next_dagrun for example_subdag_operator.section-1 to None, run_after=None
[2025-02-12T15:52:43.847+0000] {logging_mixin.py:151} INFO - [2025-02-12T15:52:43.847+0000] {dag.py:3696} INFO - Setting next_dagrun for example_subdag_operator.section-2 to None, run_after=None
[2025-02-12T15:52:43.854+0000] {logging_mixin.py:151} INFO - [2025-02-12T15:52:43.854+0000] {dag.py:2915} INFO - Sync 2 DAGs
[2025-02-12T15:52:43.859+0000] {logging_mixin.py:151} INFO - [2025-02-12T15:52:43.858+0000] {dag.py:3696} INFO - Setting next_dagrun for example_subdag_operator.section-1 to None, run_after=None
[2025-02-12T15:52:43.859+0000] {logging_mixin.py:151} INFO - [2025-02-12T15:52:43.859+0000] {dag.py:3696} INFO - Setting next_dagrun for example_subdag_operator.section-2 to None, run_after=None
[2025-02-12T15:52:43.868+0000] {processor.py:179} INFO - Processing /home/airflow/.local/lib/python3.8/site-packages/airflow/example_dags/example_subdag_operator.py took 0.085 seconds
[2025-02-12T15:53:14.939+0000] {processor.py:157} INFO - Started process (PID=1305) to work on /home/airflow/.local/lib/python3.8/site-packages/airflow/example_dags/example_subdag_operator.py
[2025-02-12T15:53:14.941+0000] {processor.py:829} INFO - Processing file /home/airflow/.local/lib/python3.8/site-packages/airflow/example_dags/example_subdag_operator.py for tasks to queue
[2025-02-12T15:53:14.941+0000] {logging_mixin.py:151} INFO - [2025-02-12T15:53:14.941+0000] {dagbag.py:539} INFO - Filling up the DagBag from /home/airflow/.local/lib/python3.8/site-packages/airflow/example_dags/example_subdag_operator.py
[2025-02-12T15:53:14.968+0000] {processor.py:839} INFO - DAG(s) dict_keys(['example_subdag_operator.section-1', 'example_subdag_operator.section-2', 'example_subdag_operator']) retrieved from /home/airflow/.local/lib/python3.8/site-packages/airflow/example_dags/example_subdag_operator.py
[2025-02-12T15:53:14.990+0000] {logging_mixin.py:151} INFO - [2025-02-12T15:53:14.989+0000] {dag.py:2915} INFO - Sync 3 DAGs
[2025-02-12T15:53:15.012+0000] {logging_mixin.py:151} INFO - [2025-02-12T15:53:15.012+0000] {dag.py:3696} INFO - Setting next_dagrun for example_subdag_operator to 2022-01-01T00:00:00+00:00, run_after=2022-01-01T00:00:00+00:00
[2025-02-12T15:53:15.015+0000] {logging_mixin.py:151} INFO - [2025-02-12T15:53:15.015+0000] {dag.py:3696} INFO - Setting next_dagrun for example_subdag_operator.section-1 to None, run_after=None
[2025-02-12T15:53:15.016+0000] {logging_mixin.py:151} INFO - [2025-02-12T15:53:15.016+0000] {dag.py:3696} INFO - Setting next_dagrun for example_subdag_operator.section-2 to None, run_after=None
[2025-02-12T15:53:15.021+0000] {logging_mixin.py:151} INFO - [2025-02-12T15:53:15.021+0000] {dag.py:2915} INFO - Sync 2 DAGs
[2025-02-12T15:53:15.025+0000] {logging_mixin.py:151} INFO - [2025-02-12T15:53:15.025+0000] {dag.py:3696} INFO - Setting next_dagrun for example_subdag_operator.section-1 to None, run_after=None
[2025-02-12T15:53:15.026+0000] {logging_mixin.py:151} INFO - [2025-02-12T15:53:15.026+0000] {dag.py:3696} INFO - Setting next_dagrun for example_subdag_operator.section-2 to None, run_after=None
[2025-02-12T15:53:15.035+0000] {processor.py:179} INFO - Processing /home/airflow/.local/lib/python3.8/site-packages/airflow/example_dags/example_subdag_operator.py took 0.098 seconds
[2025-02-12T15:53:46.047+0000] {processor.py:157} INFO - Started process (PID=1573) to work on /home/airflow/.local/lib/python3.8/site-packages/airflow/example_dags/example_subdag_operator.py
[2025-02-12T15:53:46.048+0000] {processor.py:829} INFO - Processing file /home/airflow/.local/lib/python3.8/site-packages/airflow/example_dags/example_subdag_operator.py for tasks to queue
[2025-02-12T15:53:46.049+0000] {logging_mixin.py:151} INFO - [2025-02-12T15:53:46.049+0000] {dagbag.py:539} INFO - Filling up the DagBag from /home/airflow/.local/lib/python3.8/site-packages/airflow/example_dags/example_subdag_operator.py
[2025-02-12T15:53:46.070+0000] {processor.py:839} INFO - DAG(s) dict_keys(['example_subdag_operator.section-1', 'example_subdag_operator.section-2', 'example_subdag_operator']) retrieved from /home/airflow/.local/lib/python3.8/site-packages/airflow/example_dags/example_subdag_operator.py
[2025-02-12T15:53:46.083+0000] {logging_mixin.py:151} INFO - [2025-02-12T15:53:46.083+0000] {dag.py:2915} INFO - Sync 3 DAGs
[2025-02-12T15:53:46.102+0000] {logging_mixin.py:151} INFO - [2025-02-12T15:53:46.102+0000] {dag.py:3696} INFO - Setting next_dagrun for example_subdag_operator to 2022-01-01T00:00:00+00:00, run_after=2022-01-01T00:00:00+00:00
[2025-02-12T15:53:46.105+0000] {logging_mixin.py:151} INFO - [2025-02-12T15:53:46.105+0000] {dag.py:3696} INFO - Setting next_dagrun for example_subdag_operator.section-1 to None, run_after=None
[2025-02-12T15:53:46.106+0000] {logging_mixin.py:151} INFO - [2025-02-12T15:53:46.106+0000] {dag.py:3696} INFO - Setting next_dagrun for example_subdag_operator.section-2 to None, run_after=None
[2025-02-12T15:53:46.112+0000] {logging_mixin.py:151} INFO - [2025-02-12T15:53:46.112+0000] {dag.py:2915} INFO - Sync 2 DAGs
[2025-02-12T15:53:46.117+0000] {logging_mixin.py:151} INFO - [2025-02-12T15:53:46.117+0000] {dag.py:3696} INFO - Setting next_dagrun for example_subdag_operator.section-1 to None, run_after=None
[2025-02-12T15:53:46.117+0000] {logging_mixin.py:151} INFO - [2025-02-12T15:53:46.117+0000] {dag.py:3696} INFO - Setting next_dagrun for example_subdag_operator.section-2 to None, run_after=None
[2025-02-12T15:53:46.128+0000] {processor.py:179} INFO - Processing /home/airflow/.local/lib/python3.8/site-packages/airflow/example_dags/example_subdag_operator.py took 0.083 seconds
[2025-02-12T15:55:30.528+0000] {processor.py:157} INFO - Started process (PID=255) to work on /home/airflow/.local/lib/python3.8/site-packages/airflow/example_dags/example_subdag_operator.py
[2025-02-12T15:55:30.529+0000] {processor.py:829} INFO - Processing file /home/airflow/.local/lib/python3.8/site-packages/airflow/example_dags/example_subdag_operator.py for tasks to queue
[2025-02-12T15:55:30.530+0000] {logging_mixin.py:151} INFO - [2025-02-12T15:55:30.529+0000] {dagbag.py:539} INFO - Filling up the DagBag from /home/airflow/.local/lib/python3.8/site-packages/airflow/example_dags/example_subdag_operator.py
[2025-02-12T15:55:30.551+0000] {processor.py:839} INFO - DAG(s) dict_keys(['example_subdag_operator.section-1', 'example_subdag_operator.section-2', 'example_subdag_operator']) retrieved from /home/airflow/.local/lib/python3.8/site-packages/airflow/example_dags/example_subdag_operator.py
[2025-02-12T15:55:30.693+0000] {logging_mixin.py:151} INFO - [2025-02-12T15:55:30.693+0000] {dag.py:2915} INFO - Sync 3 DAGs
[2025-02-12T15:55:30.710+0000] {logging_mixin.py:151} INFO - [2025-02-12T15:55:30.710+0000] {dag.py:3696} INFO - Setting next_dagrun for example_subdag_operator to 2022-01-01T00:00:00+00:00, run_after=2022-01-01T00:00:00+00:00
[2025-02-12T15:55:30.713+0000] {logging_mixin.py:151} INFO - [2025-02-12T15:55:30.713+0000] {dag.py:3696} INFO - Setting next_dagrun for example_subdag_operator.section-1 to None, run_after=None
[2025-02-12T15:55:30.714+0000] {logging_mixin.py:151} INFO - [2025-02-12T15:55:30.714+0000] {dag.py:3696} INFO - Setting next_dagrun for example_subdag_operator.section-2 to None, run_after=None
[2025-02-12T15:55:30.720+0000] {logging_mixin.py:151} INFO - [2025-02-12T15:55:30.720+0000] {dag.py:2915} INFO - Sync 2 DAGs
[2025-02-12T15:55:30.725+0000] {logging_mixin.py:151} INFO - [2025-02-12T15:55:30.725+0000] {dag.py:3696} INFO - Setting next_dagrun for example_subdag_operator.section-1 to None, run_after=None
[2025-02-12T15:55:30.725+0000] {logging_mixin.py:151} INFO - [2025-02-12T15:55:30.725+0000] {dag.py:3696} INFO - Setting next_dagrun for example_subdag_operator.section-2 to None, run_after=None
[2025-02-12T15:55:30.735+0000] {processor.py:179} INFO - Processing /home/airflow/.local/lib/python3.8/site-packages/airflow/example_dags/example_subdag_operator.py took 0.210 seconds
[2025-02-12T15:56:02.988+0000] {processor.py:157} INFO - Started process (PID=516) to work on /home/airflow/.local/lib/python3.8/site-packages/airflow/example_dags/example_subdag_operator.py
[2025-02-12T15:56:02.989+0000] {processor.py:829} INFO - Processing file /home/airflow/.local/lib/python3.8/site-packages/airflow/example_dags/example_subdag_operator.py for tasks to queue
[2025-02-12T15:56:02.990+0000] {logging_mixin.py:151} INFO - [2025-02-12T15:56:02.990+0000] {dagbag.py:539} INFO - Filling up the DagBag from /home/airflow/.local/lib/python3.8/site-packages/airflow/example_dags/example_subdag_operator.py
[2025-02-12T15:56:03.013+0000] {processor.py:839} INFO - DAG(s) dict_keys(['example_subdag_operator.section-1', 'example_subdag_operator.section-2', 'example_subdag_operator']) retrieved from /home/airflow/.local/lib/python3.8/site-packages/airflow/example_dags/example_subdag_operator.py
[2025-02-12T15:56:03.028+0000] {logging_mixin.py:151} INFO - [2025-02-12T15:56:03.028+0000] {dag.py:2915} INFO - Sync 3 DAGs
[2025-02-12T15:56:03.049+0000] {logging_mixin.py:151} INFO - [2025-02-12T15:56:03.049+0000] {dag.py:3696} INFO - Setting next_dagrun for example_subdag_operator to 2022-01-01T00:00:00+00:00, run_after=2022-01-01T00:00:00+00:00
[2025-02-12T15:56:03.052+0000] {logging_mixin.py:151} INFO - [2025-02-12T15:56:03.052+0000] {dag.py:3696} INFO - Setting next_dagrun for example_subdag_operator.section-1 to None, run_after=None
[2025-02-12T15:56:03.053+0000] {logging_mixin.py:151} INFO - [2025-02-12T15:56:03.053+0000] {dag.py:3696} INFO - Setting next_dagrun for example_subdag_operator.section-2 to None, run_after=None
[2025-02-12T15:56:03.061+0000] {logging_mixin.py:151} INFO - [2025-02-12T15:56:03.060+0000] {dag.py:2915} INFO - Sync 2 DAGs
[2025-02-12T15:56:03.067+0000] {logging_mixin.py:151} INFO - [2025-02-12T15:56:03.066+0000] {dag.py:3696} INFO - Setting next_dagrun for example_subdag_operator.section-1 to None, run_after=None
[2025-02-12T15:56:03.067+0000] {logging_mixin.py:151} INFO - [2025-02-12T15:56:03.067+0000] {dag.py:3696} INFO - Setting next_dagrun for example_subdag_operator.section-2 to None, run_after=None
[2025-02-12T15:56:03.081+0000] {processor.py:179} INFO - Processing /home/airflow/.local/lib/python3.8/site-packages/airflow/example_dags/example_subdag_operator.py took 0.096 seconds
[2025-02-12T15:56:33.838+0000] {processor.py:157} INFO - Started process (PID=777) to work on /home/airflow/.local/lib/python3.8/site-packages/airflow/example_dags/example_subdag_operator.py
[2025-02-12T15:56:33.839+0000] {processor.py:829} INFO - Processing file /home/airflow/.local/lib/python3.8/site-packages/airflow/example_dags/example_subdag_operator.py for tasks to queue
[2025-02-12T15:56:33.840+0000] {logging_mixin.py:151} INFO - [2025-02-12T15:56:33.840+0000] {dagbag.py:539} INFO - Filling up the DagBag from /home/airflow/.local/lib/python3.8/site-packages/airflow/example_dags/example_subdag_operator.py
[2025-02-12T15:56:33.861+0000] {processor.py:839} INFO - DAG(s) dict_keys(['example_subdag_operator.section-1', 'example_subdag_operator.section-2', 'example_subdag_operator']) retrieved from /home/airflow/.local/lib/python3.8/site-packages/airflow/example_dags/example_subdag_operator.py
[2025-02-12T15:56:33.878+0000] {logging_mixin.py:151} INFO - [2025-02-12T15:56:33.877+0000] {dag.py:2915} INFO - Sync 3 DAGs
[2025-02-12T15:56:33.901+0000] {logging_mixin.py:151} INFO - [2025-02-12T15:56:33.901+0000] {dag.py:3696} INFO - Setting next_dagrun for example_subdag_operator to 2022-01-01T00:00:00+00:00, run_after=2022-01-01T00:00:00+00:00
[2025-02-12T15:56:33.904+0000] {logging_mixin.py:151} INFO - [2025-02-12T15:56:33.904+0000] {dag.py:3696} INFO - Setting next_dagrun for example_subdag_operator.section-1 to None, run_after=None
[2025-02-12T15:56:33.905+0000] {logging_mixin.py:151} INFO - [2025-02-12T15:56:33.905+0000] {dag.py:3696} INFO - Setting next_dagrun for example_subdag_operator.section-2 to None, run_after=None
[2025-02-12T15:56:33.911+0000] {logging_mixin.py:151} INFO - [2025-02-12T15:56:33.911+0000] {dag.py:2915} INFO - Sync 2 DAGs
[2025-02-12T15:56:33.917+0000] {logging_mixin.py:151} INFO - [2025-02-12T15:56:33.917+0000] {dag.py:3696} INFO - Setting next_dagrun for example_subdag_operator.section-1 to None, run_after=None
[2025-02-12T15:56:33.917+0000] {logging_mixin.py:151} INFO - [2025-02-12T15:56:33.917+0000] {dag.py:3696} INFO - Setting next_dagrun for example_subdag_operator.section-2 to None, run_after=None
[2025-02-12T15:56:33.927+0000] {processor.py:179} INFO - Processing /home/airflow/.local/lib/python3.8/site-packages/airflow/example_dags/example_subdag_operator.py took 0.091 seconds
[2025-02-12T15:57:04.440+0000] {processor.py:157} INFO - Started process (PID=1038) to work on /home/airflow/.local/lib/python3.8/site-packages/airflow/example_dags/example_subdag_operator.py
[2025-02-12T15:57:04.441+0000] {processor.py:829} INFO - Processing file /home/airflow/.local/lib/python3.8/site-packages/airflow/example_dags/example_subdag_operator.py for tasks to queue
[2025-02-12T15:57:04.441+0000] {logging_mixin.py:151} INFO - [2025-02-12T15:57:04.441+0000] {dagbag.py:539} INFO - Filling up the DagBag from /home/airflow/.local/lib/python3.8/site-packages/airflow/example_dags/example_subdag_operator.py
[2025-02-12T15:57:04.464+0000] {processor.py:839} INFO - DAG(s) dict_keys(['example_subdag_operator.section-1', 'example_subdag_operator.section-2', 'example_subdag_operator']) retrieved from /home/airflow/.local/lib/python3.8/site-packages/airflow/example_dags/example_subdag_operator.py
[2025-02-12T15:57:04.478+0000] {logging_mixin.py:151} INFO - [2025-02-12T15:57:04.478+0000] {dag.py:2915} INFO - Sync 3 DAGs
[2025-02-12T15:57:04.498+0000] {logging_mixin.py:151} INFO - [2025-02-12T15:57:04.497+0000] {dag.py:3696} INFO - Setting next_dagrun for example_subdag_operator to 2022-01-01T00:00:00+00:00, run_after=2022-01-01T00:00:00+00:00
[2025-02-12T15:57:04.500+0000] {logging_mixin.py:151} INFO - [2025-02-12T15:57:04.500+0000] {dag.py:3696} INFO - Setting next_dagrun for example_subdag_operator.section-1 to None, run_after=None
[2025-02-12T15:57:04.501+0000] {logging_mixin.py:151} INFO - [2025-02-12T15:57:04.501+0000] {dag.py:3696} INFO - Setting next_dagrun for example_subdag_operator.section-2 to None, run_after=None
[2025-02-12T15:57:04.508+0000] {logging_mixin.py:151} INFO - [2025-02-12T15:57:04.508+0000] {dag.py:2915} INFO - Sync 2 DAGs
[2025-02-12T15:57:04.513+0000] {logging_mixin.py:151} INFO - [2025-02-12T15:57:04.513+0000] {dag.py:3696} INFO - Setting next_dagrun for example_subdag_operator.section-1 to None, run_after=None
[2025-02-12T15:57:04.513+0000] {logging_mixin.py:151} INFO - [2025-02-12T15:57:04.513+0000] {dag.py:3696} INFO - Setting next_dagrun for example_subdag_operator.section-2 to None, run_after=None
[2025-02-12T15:57:04.523+0000] {processor.py:179} INFO - Processing /home/airflow/.local/lib/python3.8/site-packages/airflow/example_dags/example_subdag_operator.py took 0.086 seconds
[2025-02-12T15:57:35.526+0000] {processor.py:157} INFO - Started process (PID=1299) to work on /home/airflow/.local/lib/python3.8/site-packages/airflow/example_dags/example_subdag_operator.py
[2025-02-12T15:57:35.527+0000] {processor.py:829} INFO - Processing file /home/airflow/.local/lib/python3.8/site-packages/airflow/example_dags/example_subdag_operator.py for tasks to queue
[2025-02-12T15:57:35.528+0000] {logging_mixin.py:151} INFO - [2025-02-12T15:57:35.527+0000] {dagbag.py:539} INFO - Filling up the DagBag from /home/airflow/.local/lib/python3.8/site-packages/airflow/example_dags/example_subdag_operator.py
[2025-02-12T15:57:35.548+0000] {processor.py:839} INFO - DAG(s) dict_keys(['example_subdag_operator.section-1', 'example_subdag_operator.section-2', 'example_subdag_operator']) retrieved from /home/airflow/.local/lib/python3.8/site-packages/airflow/example_dags/example_subdag_operator.py
[2025-02-12T15:57:35.560+0000] {logging_mixin.py:151} INFO - [2025-02-12T15:57:35.560+0000] {dag.py:2915} INFO - Sync 3 DAGs
[2025-02-12T15:57:35.578+0000] {logging_mixin.py:151} INFO - [2025-02-12T15:57:35.577+0000] {dag.py:3696} INFO - Setting next_dagrun for example_subdag_operator to 2022-01-01T00:00:00+00:00, run_after=2022-01-01T00:00:00+00:00
[2025-02-12T15:57:35.580+0000] {logging_mixin.py:151} INFO - [2025-02-12T15:57:35.580+0000] {dag.py:3696} INFO - Setting next_dagrun for example_subdag_operator.section-1 to None, run_after=None
[2025-02-12T15:57:35.581+0000] {logging_mixin.py:151} INFO - [2025-02-12T15:57:35.581+0000] {dag.py:3696} INFO - Setting next_dagrun for example_subdag_operator.section-2 to None, run_after=None
[2025-02-12T15:57:35.587+0000] {logging_mixin.py:151} INFO - [2025-02-12T15:57:35.586+0000] {dag.py:2915} INFO - Sync 2 DAGs
[2025-02-12T15:57:35.591+0000] {logging_mixin.py:151} INFO - [2025-02-12T15:57:35.591+0000] {dag.py:3696} INFO - Setting next_dagrun for example_subdag_operator.section-1 to None, run_after=None
[2025-02-12T15:57:35.591+0000] {logging_mixin.py:151} INFO - [2025-02-12T15:57:35.591+0000] {dag.py:3696} INFO - Setting next_dagrun for example_subdag_operator.section-2 to None, run_after=None
[2025-02-12T15:57:35.601+0000] {processor.py:179} INFO - Processing /home/airflow/.local/lib/python3.8/site-packages/airflow/example_dags/example_subdag_operator.py took 0.077 seconds
[2025-02-12T15:59:36.959+0000] {processor.py:157} INFO - Started process (PID=1605) to work on /home/airflow/.local/lib/python3.8/site-packages/airflow/example_dags/example_subdag_operator.py
[2025-02-12T15:59:36.961+0000] {processor.py:829} INFO - Processing file /home/airflow/.local/lib/python3.8/site-packages/airflow/example_dags/example_subdag_operator.py for tasks to queue
[2025-02-12T15:59:36.963+0000] {logging_mixin.py:151} INFO - [2025-02-12T15:59:36.962+0000] {dagbag.py:539} INFO - Filling up the DagBag from /home/airflow/.local/lib/python3.8/site-packages/airflow/example_dags/example_subdag_operator.py
[2025-02-12T15:59:36.996+0000] {processor.py:839} INFO - DAG(s) dict_keys(['example_subdag_operator.section-1', 'example_subdag_operator.section-2', 'example_subdag_operator']) retrieved from /home/airflow/.local/lib/python3.8/site-packages/airflow/example_dags/example_subdag_operator.py
[2025-02-12T15:59:37.021+0000] {logging_mixin.py:151} INFO - [2025-02-12T15:59:37.021+0000] {dag.py:2915} INFO - Sync 3 DAGs
[2025-02-12T15:59:37.055+0000] {logging_mixin.py:151} INFO - [2025-02-12T15:59:37.054+0000] {dag.py:3696} INFO - Setting next_dagrun for example_subdag_operator to 2022-01-01T00:00:00+00:00, run_after=2022-01-01T00:00:00+00:00
[2025-02-12T15:59:37.061+0000] {logging_mixin.py:151} INFO - [2025-02-12T15:59:37.060+0000] {dag.py:3696} INFO - Setting next_dagrun for example_subdag_operator.section-1 to None, run_after=None
[2025-02-12T15:59:37.064+0000] {logging_mixin.py:151} INFO - [2025-02-12T15:59:37.063+0000] {dag.py:3696} INFO - Setting next_dagrun for example_subdag_operator.section-2 to None, run_after=None
[2025-02-12T15:59:37.076+0000] {logging_mixin.py:151} INFO - [2025-02-12T15:59:37.076+0000] {dag.py:2915} INFO - Sync 2 DAGs
[2025-02-12T15:59:37.085+0000] {logging_mixin.py:151} INFO - [2025-02-12T15:59:37.085+0000] {dag.py:3696} INFO - Setting next_dagrun for example_subdag_operator.section-1 to None, run_after=None
[2025-02-12T15:59:37.086+0000] {logging_mixin.py:151} INFO - [2025-02-12T15:59:37.086+0000] {dag.py:3696} INFO - Setting next_dagrun for example_subdag_operator.section-2 to None, run_after=None
[2025-02-12T15:59:37.106+0000] {processor.py:179} INFO - Processing /home/airflow/.local/lib/python3.8/site-packages/airflow/example_dags/example_subdag_operator.py took 0.151 seconds
[2025-02-12T16:00:07.454+0000] {processor.py:157} INFO - Started process (PID=1898) to work on /home/airflow/.local/lib/python3.8/site-packages/airflow/example_dags/example_subdag_operator.py
[2025-02-12T16:00:07.456+0000] {processor.py:829} INFO - Processing file /home/airflow/.local/lib/python3.8/site-packages/airflow/example_dags/example_subdag_operator.py for tasks to queue
[2025-02-12T16:00:07.456+0000] {logging_mixin.py:151} INFO - [2025-02-12T16:00:07.456+0000] {dagbag.py:539} INFO - Filling up the DagBag from /home/airflow/.local/lib/python3.8/site-packages/airflow/example_dags/example_subdag_operator.py
[2025-02-12T16:00:07.479+0000] {processor.py:839} INFO - DAG(s) dict_keys(['example_subdag_operator.section-1', 'example_subdag_operator.section-2', 'example_subdag_operator']) retrieved from /home/airflow/.local/lib/python3.8/site-packages/airflow/example_dags/example_subdag_operator.py
[2025-02-12T16:00:07.494+0000] {logging_mixin.py:151} INFO - [2025-02-12T16:00:07.493+0000] {dag.py:2915} INFO - Sync 3 DAGs
[2025-02-12T16:00:07.513+0000] {logging_mixin.py:151} INFO - [2025-02-12T16:00:07.512+0000] {dag.py:3696} INFO - Setting next_dagrun for example_subdag_operator to 2022-01-01T00:00:00+00:00, run_after=2022-01-01T00:00:00+00:00
[2025-02-12T16:00:07.516+0000] {logging_mixin.py:151} INFO - [2025-02-12T16:00:07.516+0000] {dag.py:3696} INFO - Setting next_dagrun for example_subdag_operator.section-1 to None, run_after=None
[2025-02-12T16:00:07.517+0000] {logging_mixin.py:151} INFO - [2025-02-12T16:00:07.517+0000] {dag.py:3696} INFO - Setting next_dagrun for example_subdag_operator.section-2 to None, run_after=None
[2025-02-12T16:00:07.523+0000] {logging_mixin.py:151} INFO - [2025-02-12T16:00:07.523+0000] {dag.py:2915} INFO - Sync 2 DAGs
[2025-02-12T16:00:07.527+0000] {logging_mixin.py:151} INFO - [2025-02-12T16:00:07.527+0000] {dag.py:3696} INFO - Setting next_dagrun for example_subdag_operator.section-1 to None, run_after=None
[2025-02-12T16:00:07.527+0000] {logging_mixin.py:151} INFO - [2025-02-12T16:00:07.527+0000] {dag.py:3696} INFO - Setting next_dagrun for example_subdag_operator.section-2 to None, run_after=None
[2025-02-12T16:00:07.538+0000] {processor.py:179} INFO - Processing /home/airflow/.local/lib/python3.8/site-packages/airflow/example_dags/example_subdag_operator.py took 0.086 seconds
[2025-02-12T16:01:56.612+0000] {processor.py:157} INFO - Started process (PID=2205) to work on /home/airflow/.local/lib/python3.8/site-packages/airflow/example_dags/example_subdag_operator.py
[2025-02-12T16:01:56.613+0000] {processor.py:829} INFO - Processing file /home/airflow/.local/lib/python3.8/site-packages/airflow/example_dags/example_subdag_operator.py for tasks to queue
[2025-02-12T16:01:56.614+0000] {logging_mixin.py:151} INFO - [2025-02-12T16:01:56.614+0000] {dagbag.py:539} INFO - Filling up the DagBag from /home/airflow/.local/lib/python3.8/site-packages/airflow/example_dags/example_subdag_operator.py
[2025-02-12T16:01:56.645+0000] {processor.py:839} INFO - DAG(s) dict_keys(['example_subdag_operator.section-1', 'example_subdag_operator.section-2', 'example_subdag_operator']) retrieved from /home/airflow/.local/lib/python3.8/site-packages/airflow/example_dags/example_subdag_operator.py
[2025-02-12T16:01:56.663+0000] {logging_mixin.py:151} INFO - [2025-02-12T16:01:56.662+0000] {dag.py:2915} INFO - Sync 3 DAGs
[2025-02-12T16:01:56.693+0000] {logging_mixin.py:151} INFO - [2025-02-12T16:01:56.692+0000] {dag.py:3696} INFO - Setting next_dagrun for example_subdag_operator to 2022-01-01T00:00:00+00:00, run_after=2022-01-01T00:00:00+00:00
[2025-02-12T16:01:56.697+0000] {logging_mixin.py:151} INFO - [2025-02-12T16:01:56.697+0000] {dag.py:3696} INFO - Setting next_dagrun for example_subdag_operator.section-1 to None, run_after=None
[2025-02-12T16:01:56.699+0000] {logging_mixin.py:151} INFO - [2025-02-12T16:01:56.699+0000] {dag.py:3696} INFO - Setting next_dagrun for example_subdag_operator.section-2 to None, run_after=None
[2025-02-12T16:01:56.708+0000] {logging_mixin.py:151} INFO - [2025-02-12T16:01:56.708+0000] {dag.py:2915} INFO - Sync 2 DAGs
[2025-02-12T16:01:56.717+0000] {logging_mixin.py:151} INFO - [2025-02-12T16:01:56.717+0000] {dag.py:3696} INFO - Setting next_dagrun for example_subdag_operator.section-1 to None, run_after=None
[2025-02-12T16:01:56.718+0000] {logging_mixin.py:151} INFO - [2025-02-12T16:01:56.718+0000] {dag.py:3696} INFO - Setting next_dagrun for example_subdag_operator.section-2 to None, run_after=None
[2025-02-12T16:01:56.733+0000] {processor.py:179} INFO - Processing /home/airflow/.local/lib/python3.8/site-packages/airflow/example_dags/example_subdag_operator.py took 0.126 seconds
[2025-02-12T16:02:27.426+0000] {processor.py:157} INFO - Started process (PID=2502) to work on /home/airflow/.local/lib/python3.8/site-packages/airflow/example_dags/example_subdag_operator.py
[2025-02-12T16:02:27.427+0000] {processor.py:829} INFO - Processing file /home/airflow/.local/lib/python3.8/site-packages/airflow/example_dags/example_subdag_operator.py for tasks to queue
[2025-02-12T16:02:27.428+0000] {logging_mixin.py:151} INFO - [2025-02-12T16:02:27.427+0000] {dagbag.py:539} INFO - Filling up the DagBag from /home/airflow/.local/lib/python3.8/site-packages/airflow/example_dags/example_subdag_operator.py
[2025-02-12T16:02:27.449+0000] {processor.py:839} INFO - DAG(s) dict_keys(['example_subdag_operator.section-1', 'example_subdag_operator.section-2', 'example_subdag_operator']) retrieved from /home/airflow/.local/lib/python3.8/site-packages/airflow/example_dags/example_subdag_operator.py
[2025-02-12T16:02:27.463+0000] {logging_mixin.py:151} INFO - [2025-02-12T16:02:27.462+0000] {dag.py:2915} INFO - Sync 3 DAGs
[2025-02-12T16:02:27.481+0000] {logging_mixin.py:151} INFO - [2025-02-12T16:02:27.481+0000] {dag.py:3696} INFO - Setting next_dagrun for example_subdag_operator to 2022-01-01T00:00:00+00:00, run_after=2022-01-01T00:00:00+00:00
[2025-02-12T16:02:27.484+0000] {logging_mixin.py:151} INFO - [2025-02-12T16:02:27.484+0000] {dag.py:3696} INFO - Setting next_dagrun for example_subdag_operator.section-1 to None, run_after=None
[2025-02-12T16:02:27.485+0000] {logging_mixin.py:151} INFO - [2025-02-12T16:02:27.485+0000] {dag.py:3696} INFO - Setting next_dagrun for example_subdag_operator.section-2 to None, run_after=None
[2025-02-12T16:02:27.491+0000] {logging_mixin.py:151} INFO - [2025-02-12T16:02:27.491+0000] {dag.py:2915} INFO - Sync 2 DAGs
[2025-02-12T16:02:27.495+0000] {logging_mixin.py:151} INFO - [2025-02-12T16:02:27.495+0000] {dag.py:3696} INFO - Setting next_dagrun for example_subdag_operator.section-1 to None, run_after=None
[2025-02-12T16:02:27.496+0000] {logging_mixin.py:151} INFO - [2025-02-12T16:02:27.496+0000] {dag.py:3696} INFO - Setting next_dagrun for example_subdag_operator.section-2 to None, run_after=None
[2025-02-12T16:02:27.506+0000] {processor.py:179} INFO - Processing /home/airflow/.local/lib/python3.8/site-packages/airflow/example_dags/example_subdag_operator.py took 0.082 seconds
[2025-02-12T16:03:01.733+0000] {processor.py:157} INFO - Started process (PID=2800) to work on /home/airflow/.local/lib/python3.8/site-packages/airflow/example_dags/example_subdag_operator.py
[2025-02-12T16:03:01.734+0000] {processor.py:829} INFO - Processing file /home/airflow/.local/lib/python3.8/site-packages/airflow/example_dags/example_subdag_operator.py for tasks to queue
[2025-02-12T16:03:01.735+0000] {logging_mixin.py:151} INFO - [2025-02-12T16:03:01.735+0000] {dagbag.py:539} INFO - Filling up the DagBag from /home/airflow/.local/lib/python3.8/site-packages/airflow/example_dags/example_subdag_operator.py
[2025-02-12T16:03:01.769+0000] {processor.py:839} INFO - DAG(s) dict_keys(['example_subdag_operator.section-1', 'example_subdag_operator.section-2', 'example_subdag_operator']) retrieved from /home/airflow/.local/lib/python3.8/site-packages/airflow/example_dags/example_subdag_operator.py
[2025-02-12T16:03:01.802+0000] {logging_mixin.py:151} INFO - [2025-02-12T16:03:01.802+0000] {dag.py:2915} INFO - Sync 3 DAGs
[2025-02-12T16:03:01.838+0000] {logging_mixin.py:151} INFO - [2025-02-12T16:03:01.837+0000] {dag.py:3696} INFO - Setting next_dagrun for example_subdag_operator to 2022-01-01T00:00:00+00:00, run_after=2022-01-01T00:00:00+00:00
[2025-02-12T16:03:01.845+0000] {logging_mixin.py:151} INFO - [2025-02-12T16:03:01.844+0000] {dag.py:3696} INFO - Setting next_dagrun for example_subdag_operator.section-1 to None, run_after=None
[2025-02-12T16:03:01.848+0000] {logging_mixin.py:151} INFO - [2025-02-12T16:03:01.848+0000] {dag.py:3696} INFO - Setting next_dagrun for example_subdag_operator.section-2 to None, run_after=None
[2025-02-12T16:03:01.866+0000] {logging_mixin.py:151} INFO - [2025-02-12T16:03:01.866+0000] {dag.py:2915} INFO - Sync 2 DAGs
[2025-02-12T16:03:01.877+0000] {logging_mixin.py:151} INFO - [2025-02-12T16:03:01.877+0000] {dag.py:3696} INFO - Setting next_dagrun for example_subdag_operator.section-1 to None, run_after=None
[2025-02-12T16:03:01.878+0000] {logging_mixin.py:151} INFO - [2025-02-12T16:03:01.878+0000] {dag.py:3696} INFO - Setting next_dagrun for example_subdag_operator.section-2 to None, run_after=None
[2025-02-12T16:03:01.899+0000] {processor.py:179} INFO - Processing /home/airflow/.local/lib/python3.8/site-packages/airflow/example_dags/example_subdag_operator.py took 0.169 seconds
[2025-02-12T16:03:33.604+0000] {processor.py:157} INFO - Started process (PID=3106) to work on /home/airflow/.local/lib/python3.8/site-packages/airflow/example_dags/example_subdag_operator.py
[2025-02-12T16:03:33.605+0000] {processor.py:829} INFO - Processing file /home/airflow/.local/lib/python3.8/site-packages/airflow/example_dags/example_subdag_operator.py for tasks to queue
[2025-02-12T16:03:33.605+0000] {logging_mixin.py:151} INFO - [2025-02-12T16:03:33.605+0000] {dagbag.py:539} INFO - Filling up the DagBag from /home/airflow/.local/lib/python3.8/site-packages/airflow/example_dags/example_subdag_operator.py
[2025-02-12T16:03:33.630+0000] {processor.py:839} INFO - DAG(s) dict_keys(['example_subdag_operator.section-1', 'example_subdag_operator.section-2', 'example_subdag_operator']) retrieved from /home/airflow/.local/lib/python3.8/site-packages/airflow/example_dags/example_subdag_operator.py
[2025-02-12T16:03:33.645+0000] {logging_mixin.py:151} INFO - [2025-02-12T16:03:33.644+0000] {dag.py:2915} INFO - Sync 3 DAGs
[2025-02-12T16:03:33.665+0000] {logging_mixin.py:151} INFO - [2025-02-12T16:03:33.664+0000] {dag.py:3696} INFO - Setting next_dagrun for example_subdag_operator to 2022-01-01T00:00:00+00:00, run_after=2022-01-01T00:00:00+00:00
[2025-02-12T16:03:33.668+0000] {logging_mixin.py:151} INFO - [2025-02-12T16:03:33.668+0000] {dag.py:3696} INFO - Setting next_dagrun for example_subdag_operator.section-1 to None, run_after=None
[2025-02-12T16:03:33.669+0000] {logging_mixin.py:151} INFO - [2025-02-12T16:03:33.669+0000] {dag.py:3696} INFO - Setting next_dagrun for example_subdag_operator.section-2 to None, run_after=None
[2025-02-12T16:03:33.676+0000] {logging_mixin.py:151} INFO - [2025-02-12T16:03:33.676+0000] {dag.py:2915} INFO - Sync 2 DAGs
[2025-02-12T16:03:33.683+0000] {logging_mixin.py:151} INFO - [2025-02-12T16:03:33.682+0000] {dag.py:3696} INFO - Setting next_dagrun for example_subdag_operator.section-1 to None, run_after=None
[2025-02-12T16:03:33.683+0000] {logging_mixin.py:151} INFO - [2025-02-12T16:03:33.683+0000] {dag.py:3696} INFO - Setting next_dagrun for example_subdag_operator.section-2 to None, run_after=None
[2025-02-12T16:03:33.694+0000] {processor.py:179} INFO - Processing /home/airflow/.local/lib/python3.8/site-packages/airflow/example_dags/example_subdag_operator.py took 0.093 seconds
[2025-02-12T16:04:05.874+0000] {processor.py:157} INFO - Started process (PID=3367) to work on /home/airflow/.local/lib/python3.8/site-packages/airflow/example_dags/example_subdag_operator.py
[2025-02-12T16:04:05.874+0000] {processor.py:829} INFO - Processing file /home/airflow/.local/lib/python3.8/site-packages/airflow/example_dags/example_subdag_operator.py for tasks to queue
[2025-02-12T16:04:05.875+0000] {logging_mixin.py:151} INFO - [2025-02-12T16:04:05.875+0000] {dagbag.py:539} INFO - Filling up the DagBag from /home/airflow/.local/lib/python3.8/site-packages/airflow/example_dags/example_subdag_operator.py
[2025-02-12T16:04:05.898+0000] {processor.py:839} INFO - DAG(s) dict_keys(['example_subdag_operator.section-1', 'example_subdag_operator.section-2', 'example_subdag_operator']) retrieved from /home/airflow/.local/lib/python3.8/site-packages/airflow/example_dags/example_subdag_operator.py
[2025-02-12T16:04:05.911+0000] {logging_mixin.py:151} INFO - [2025-02-12T16:04:05.911+0000] {dag.py:2915} INFO - Sync 3 DAGs
[2025-02-12T16:04:05.932+0000] {logging_mixin.py:151} INFO - [2025-02-12T16:04:05.932+0000] {dag.py:3696} INFO - Setting next_dagrun for example_subdag_operator to 2022-01-01T00:00:00+00:00, run_after=2022-01-01T00:00:00+00:00
[2025-02-12T16:04:05.935+0000] {logging_mixin.py:151} INFO - [2025-02-12T16:04:05.935+0000] {dag.py:3696} INFO - Setting next_dagrun for example_subdag_operator.section-1 to None, run_after=None
[2025-02-12T16:04:05.936+0000] {logging_mixin.py:151} INFO - [2025-02-12T16:04:05.936+0000] {dag.py:3696} INFO - Setting next_dagrun for example_subdag_operator.section-2 to None, run_after=None
[2025-02-12T16:04:05.942+0000] {logging_mixin.py:151} INFO - [2025-02-12T16:04:05.942+0000] {dag.py:2915} INFO - Sync 2 DAGs
[2025-02-12T16:04:05.947+0000] {logging_mixin.py:151} INFO - [2025-02-12T16:04:05.947+0000] {dag.py:3696} INFO - Setting next_dagrun for example_subdag_operator.section-1 to None, run_after=None
[2025-02-12T16:04:05.947+0000] {logging_mixin.py:151} INFO - [2025-02-12T16:04:05.947+0000] {dag.py:3696} INFO - Setting next_dagrun for example_subdag_operator.section-2 to None, run_after=None
[2025-02-12T16:04:05.957+0000] {processor.py:179} INFO - Processing /home/airflow/.local/lib/python3.8/site-packages/airflow/example_dags/example_subdag_operator.py took 0.086 seconds
[2025-02-12T16:04:38.385+0000] {processor.py:157} INFO - Started process (PID=3632) to work on /home/airflow/.local/lib/python3.8/site-packages/airflow/example_dags/example_subdag_operator.py
[2025-02-12T16:04:38.386+0000] {processor.py:829} INFO - Processing file /home/airflow/.local/lib/python3.8/site-packages/airflow/example_dags/example_subdag_operator.py for tasks to queue
[2025-02-12T16:04:38.386+0000] {logging_mixin.py:151} INFO - [2025-02-12T16:04:38.386+0000] {dagbag.py:539} INFO - Filling up the DagBag from /home/airflow/.local/lib/python3.8/site-packages/airflow/example_dags/example_subdag_operator.py
[2025-02-12T16:04:38.413+0000] {processor.py:839} INFO - DAG(s) dict_keys(['example_subdag_operator.section-1', 'example_subdag_operator.section-2', 'example_subdag_operator']) retrieved from /home/airflow/.local/lib/python3.8/site-packages/airflow/example_dags/example_subdag_operator.py
[2025-02-12T16:04:38.429+0000] {logging_mixin.py:151} INFO - [2025-02-12T16:04:38.428+0000] {dag.py:2915} INFO - Sync 3 DAGs
[2025-02-12T16:04:38.451+0000] {logging_mixin.py:151} INFO - [2025-02-12T16:04:38.451+0000] {dag.py:3696} INFO - Setting next_dagrun for example_subdag_operator to 2022-01-01T00:00:00+00:00, run_after=2022-01-01T00:00:00+00:00
[2025-02-12T16:04:38.454+0000] {logging_mixin.py:151} INFO - [2025-02-12T16:04:38.454+0000] {dag.py:3696} INFO - Setting next_dagrun for example_subdag_operator.section-1 to None, run_after=None
[2025-02-12T16:04:38.455+0000] {logging_mixin.py:151} INFO - [2025-02-12T16:04:38.455+0000] {dag.py:3696} INFO - Setting next_dagrun for example_subdag_operator.section-2 to None, run_after=None
[2025-02-12T16:04:38.461+0000] {logging_mixin.py:151} INFO - [2025-02-12T16:04:38.461+0000] {dag.py:2915} INFO - Sync 2 DAGs
[2025-02-12T16:04:38.467+0000] {logging_mixin.py:151} INFO - [2025-02-12T16:04:38.466+0000] {dag.py:3696} INFO - Setting next_dagrun for example_subdag_operator.section-1 to None, run_after=None
[2025-02-12T16:04:38.467+0000] {logging_mixin.py:151} INFO - [2025-02-12T16:04:38.467+0000] {dag.py:3696} INFO - Setting next_dagrun for example_subdag_operator.section-2 to None, run_after=None
[2025-02-12T16:04:38.477+0000] {processor.py:179} INFO - Processing /home/airflow/.local/lib/python3.8/site-packages/airflow/example_dags/example_subdag_operator.py took 0.096 seconds
[2025-02-12T16:05:11.896+0000] {processor.py:157} INFO - Started process (PID=3895) to work on /home/airflow/.local/lib/python3.8/site-packages/airflow/example_dags/example_subdag_operator.py
[2025-02-12T16:05:11.897+0000] {processor.py:829} INFO - Processing file /home/airflow/.local/lib/python3.8/site-packages/airflow/example_dags/example_subdag_operator.py for tasks to queue
[2025-02-12T16:05:11.897+0000] {logging_mixin.py:151} INFO - [2025-02-12T16:05:11.897+0000] {dagbag.py:539} INFO - Filling up the DagBag from /home/airflow/.local/lib/python3.8/site-packages/airflow/example_dags/example_subdag_operator.py
[2025-02-12T16:05:11.921+0000] {processor.py:839} INFO - DAG(s) dict_keys(['example_subdag_operator.section-1', 'example_subdag_operator.section-2', 'example_subdag_operator']) retrieved from /home/airflow/.local/lib/python3.8/site-packages/airflow/example_dags/example_subdag_operator.py
[2025-02-12T16:05:11.937+0000] {logging_mixin.py:151} INFO - [2025-02-12T16:05:11.937+0000] {dag.py:2915} INFO - Sync 3 DAGs
[2025-02-12T16:05:11.957+0000] {logging_mixin.py:151} INFO - [2025-02-12T16:05:11.957+0000] {dag.py:3696} INFO - Setting next_dagrun for example_subdag_operator to 2022-01-01T00:00:00+00:00, run_after=2022-01-01T00:00:00+00:00
[2025-02-12T16:05:11.960+0000] {logging_mixin.py:151} INFO - [2025-02-12T16:05:11.960+0000] {dag.py:3696} INFO - Setting next_dagrun for example_subdag_operator.section-1 to None, run_after=None
[2025-02-12T16:05:11.961+0000] {logging_mixin.py:151} INFO - [2025-02-12T16:05:11.961+0000] {dag.py:3696} INFO - Setting next_dagrun for example_subdag_operator.section-2 to None, run_after=None
[2025-02-12T16:05:11.967+0000] {logging_mixin.py:151} INFO - [2025-02-12T16:05:11.967+0000] {dag.py:2915} INFO - Sync 2 DAGs
[2025-02-12T16:05:11.972+0000] {logging_mixin.py:151} INFO - [2025-02-12T16:05:11.972+0000] {dag.py:3696} INFO - Setting next_dagrun for example_subdag_operator.section-1 to None, run_after=None
[2025-02-12T16:05:11.972+0000] {logging_mixin.py:151} INFO - [2025-02-12T16:05:11.972+0000] {dag.py:3696} INFO - Setting next_dagrun for example_subdag_operator.section-2 to None, run_after=None
[2025-02-12T16:05:11.982+0000] {processor.py:179} INFO - Processing /home/airflow/.local/lib/python3.8/site-packages/airflow/example_dags/example_subdag_operator.py took 0.088 seconds
[2025-02-12T16:05:43.087+0000] {processor.py:157} INFO - Started process (PID=4163) to work on /home/airflow/.local/lib/python3.8/site-packages/airflow/example_dags/example_subdag_operator.py
[2025-02-12T16:05:43.088+0000] {processor.py:829} INFO - Processing file /home/airflow/.local/lib/python3.8/site-packages/airflow/example_dags/example_subdag_operator.py for tasks to queue
[2025-02-12T16:05:43.089+0000] {logging_mixin.py:151} INFO - [2025-02-12T16:05:43.089+0000] {dagbag.py:539} INFO - Filling up the DagBag from /home/airflow/.local/lib/python3.8/site-packages/airflow/example_dags/example_subdag_operator.py
[2025-02-12T16:05:43.114+0000] {processor.py:839} INFO - DAG(s) dict_keys(['example_subdag_operator.section-1', 'example_subdag_operator.section-2', 'example_subdag_operator']) retrieved from /home/airflow/.local/lib/python3.8/site-packages/airflow/example_dags/example_subdag_operator.py
[2025-02-12T16:05:43.129+0000] {logging_mixin.py:151} INFO - [2025-02-12T16:05:43.129+0000] {dag.py:2915} INFO - Sync 3 DAGs
[2025-02-12T16:05:43.153+0000] {logging_mixin.py:151} INFO - [2025-02-12T16:05:43.153+0000] {dag.py:3696} INFO - Setting next_dagrun for example_subdag_operator to 2022-01-01T00:00:00+00:00, run_after=2022-01-01T00:00:00+00:00
[2025-02-12T16:05:43.158+0000] {logging_mixin.py:151} INFO - [2025-02-12T16:05:43.157+0000] {dag.py:3696} INFO - Setting next_dagrun for example_subdag_operator.section-1 to None, run_after=None
[2025-02-12T16:05:43.159+0000] {logging_mixin.py:151} INFO - [2025-02-12T16:05:43.159+0000] {dag.py:3696} INFO - Setting next_dagrun for example_subdag_operator.section-2 to None, run_after=None
[2025-02-12T16:05:43.167+0000] {logging_mixin.py:151} INFO - [2025-02-12T16:05:43.167+0000] {dag.py:2915} INFO - Sync 2 DAGs
[2025-02-12T16:05:43.175+0000] {logging_mixin.py:151} INFO - [2025-02-12T16:05:43.175+0000] {dag.py:3696} INFO - Setting next_dagrun for example_subdag_operator.section-1 to None, run_after=None
[2025-02-12T16:05:43.175+0000] {logging_mixin.py:151} INFO - [2025-02-12T16:05:43.175+0000] {dag.py:3696} INFO - Setting next_dagrun for example_subdag_operator.section-2 to None, run_after=None
[2025-02-12T16:05:43.190+0000] {processor.py:179} INFO - Processing /home/airflow/.local/lib/python3.8/site-packages/airflow/example_dags/example_subdag_operator.py took 0.106 seconds
[2025-02-12T16:06:13.450+0000] {processor.py:157} INFO - Started process (PID=4432) to work on /home/airflow/.local/lib/python3.8/site-packages/airflow/example_dags/example_subdag_operator.py
[2025-02-12T16:06:13.451+0000] {processor.py:829} INFO - Processing file /home/airflow/.local/lib/python3.8/site-packages/airflow/example_dags/example_subdag_operator.py for tasks to queue
[2025-02-12T16:06:13.451+0000] {logging_mixin.py:151} INFO - [2025-02-12T16:06:13.451+0000] {dagbag.py:539} INFO - Filling up the DagBag from /home/airflow/.local/lib/python3.8/site-packages/airflow/example_dags/example_subdag_operator.py
[2025-02-12T16:06:13.473+0000] {processor.py:839} INFO - DAG(s) dict_keys(['example_subdag_operator.section-1', 'example_subdag_operator.section-2', 'example_subdag_operator']) retrieved from /home/airflow/.local/lib/python3.8/site-packages/airflow/example_dags/example_subdag_operator.py
[2025-02-12T16:06:13.486+0000] {logging_mixin.py:151} INFO - [2025-02-12T16:06:13.486+0000] {dag.py:2915} INFO - Sync 3 DAGs
[2025-02-12T16:06:13.504+0000] {logging_mixin.py:151} INFO - [2025-02-12T16:06:13.504+0000] {dag.py:3696} INFO - Setting next_dagrun for example_subdag_operator to 2022-01-01T00:00:00+00:00, run_after=2022-01-01T00:00:00+00:00
[2025-02-12T16:06:13.508+0000] {logging_mixin.py:151} INFO - [2025-02-12T16:06:13.507+0000] {dag.py:3696} INFO - Setting next_dagrun for example_subdag_operator.section-1 to None, run_after=None
[2025-02-12T16:06:13.509+0000] {logging_mixin.py:151} INFO - [2025-02-12T16:06:13.508+0000] {dag.py:3696} INFO - Setting next_dagrun for example_subdag_operator.section-2 to None, run_after=None
[2025-02-12T16:06:13.514+0000] {logging_mixin.py:151} INFO - [2025-02-12T16:06:13.514+0000] {dag.py:2915} INFO - Sync 2 DAGs
[2025-02-12T16:06:13.519+0000] {logging_mixin.py:151} INFO - [2025-02-12T16:06:13.519+0000] {dag.py:3696} INFO - Setting next_dagrun for example_subdag_operator.section-1 to None, run_after=None
[2025-02-12T16:06:13.519+0000] {logging_mixin.py:151} INFO - [2025-02-12T16:06:13.519+0000] {dag.py:3696} INFO - Setting next_dagrun for example_subdag_operator.section-2 to None, run_after=None
[2025-02-12T16:06:13.532+0000] {processor.py:179} INFO - Processing /home/airflow/.local/lib/python3.8/site-packages/airflow/example_dags/example_subdag_operator.py took 0.084 seconds
[2025-02-12T16:06:44.239+0000] {processor.py:157} INFO - Started process (PID=4684) to work on /home/airflow/.local/lib/python3.8/site-packages/airflow/example_dags/example_subdag_operator.py
[2025-02-12T16:06:44.240+0000] {processor.py:829} INFO - Processing file /home/airflow/.local/lib/python3.8/site-packages/airflow/example_dags/example_subdag_operator.py for tasks to queue
[2025-02-12T16:06:44.241+0000] {logging_mixin.py:151} INFO - [2025-02-12T16:06:44.241+0000] {dagbag.py:539} INFO - Filling up the DagBag from /home/airflow/.local/lib/python3.8/site-packages/airflow/example_dags/example_subdag_operator.py
[2025-02-12T16:06:44.262+0000] {processor.py:839} INFO - DAG(s) dict_keys(['example_subdag_operator.section-1', 'example_subdag_operator.section-2', 'example_subdag_operator']) retrieved from /home/airflow/.local/lib/python3.8/site-packages/airflow/example_dags/example_subdag_operator.py
[2025-02-12T16:06:44.278+0000] {logging_mixin.py:151} INFO - [2025-02-12T16:06:44.277+0000] {dag.py:2915} INFO - Sync 3 DAGs
[2025-02-12T16:06:44.295+0000] {logging_mixin.py:151} INFO - [2025-02-12T16:06:44.294+0000] {dag.py:3696} INFO - Setting next_dagrun for example_subdag_operator to 2022-01-01T00:00:00+00:00, run_after=2022-01-01T00:00:00+00:00
[2025-02-12T16:06:44.298+0000] {logging_mixin.py:151} INFO - [2025-02-12T16:06:44.297+0000] {dag.py:3696} INFO - Setting next_dagrun for example_subdag_operator.section-1 to None, run_after=None
[2025-02-12T16:06:44.298+0000] {logging_mixin.py:151} INFO - [2025-02-12T16:06:44.298+0000] {dag.py:3696} INFO - Setting next_dagrun for example_subdag_operator.section-2 to None, run_after=None
[2025-02-12T16:06:44.305+0000] {logging_mixin.py:151} INFO - [2025-02-12T16:06:44.305+0000] {dag.py:2915} INFO - Sync 2 DAGs
[2025-02-12T16:06:44.310+0000] {logging_mixin.py:151} INFO - [2025-02-12T16:06:44.310+0000] {dag.py:3696} INFO - Setting next_dagrun for example_subdag_operator.section-1 to None, run_after=None
[2025-02-12T16:06:44.310+0000] {logging_mixin.py:151} INFO - [2025-02-12T16:06:44.310+0000] {dag.py:3696} INFO - Setting next_dagrun for example_subdag_operator.section-2 to None, run_after=None
[2025-02-12T16:06:44.320+0000] {processor.py:179} INFO - Processing /home/airflow/.local/lib/python3.8/site-packages/airflow/example_dags/example_subdag_operator.py took 0.083 seconds
[2025-02-12T16:07:15.173+0000] {processor.py:157} INFO - Started process (PID=4999) to work on /home/airflow/.local/lib/python3.8/site-packages/airflow/example_dags/example_subdag_operator.py
[2025-02-12T16:07:15.174+0000] {processor.py:829} INFO - Processing file /home/airflow/.local/lib/python3.8/site-packages/airflow/example_dags/example_subdag_operator.py for tasks to queue
[2025-02-12T16:07:15.174+0000] {logging_mixin.py:151} INFO - [2025-02-12T16:07:15.174+0000] {dagbag.py:539} INFO - Filling up the DagBag from /home/airflow/.local/lib/python3.8/site-packages/airflow/example_dags/example_subdag_operator.py
[2025-02-12T16:07:15.203+0000] {processor.py:839} INFO - DAG(s) dict_keys(['example_subdag_operator.section-1', 'example_subdag_operator.section-2', 'example_subdag_operator']) retrieved from /home/airflow/.local/lib/python3.8/site-packages/airflow/example_dags/example_subdag_operator.py
[2025-02-12T16:07:15.218+0000] {logging_mixin.py:151} INFO - [2025-02-12T16:07:15.218+0000] {dag.py:2915} INFO - Sync 3 DAGs
[2025-02-12T16:07:15.239+0000] {logging_mixin.py:151} INFO - [2025-02-12T16:07:15.239+0000] {dag.py:3696} INFO - Setting next_dagrun for example_subdag_operator to 2022-01-01T00:00:00+00:00, run_after=2022-01-01T00:00:00+00:00
[2025-02-12T16:07:15.243+0000] {logging_mixin.py:151} INFO - [2025-02-12T16:07:15.243+0000] {dag.py:3696} INFO - Setting next_dagrun for example_subdag_operator.section-1 to None, run_after=None
[2025-02-12T16:07:15.245+0000] {logging_mixin.py:151} INFO - [2025-02-12T16:07:15.245+0000] {dag.py:3696} INFO - Setting next_dagrun for example_subdag_operator.section-2 to None, run_after=None
[2025-02-12T16:07:15.251+0000] {logging_mixin.py:151} INFO - [2025-02-12T16:07:15.251+0000] {dag.py:2915} INFO - Sync 2 DAGs
[2025-02-12T16:07:15.256+0000] {logging_mixin.py:151} INFO - [2025-02-12T16:07:15.256+0000] {dag.py:3696} INFO - Setting next_dagrun for example_subdag_operator.section-1 to None, run_after=None
[2025-02-12T16:07:15.257+0000] {logging_mixin.py:151} INFO - [2025-02-12T16:07:15.256+0000] {dag.py:3696} INFO - Setting next_dagrun for example_subdag_operator.section-2 to None, run_after=None
[2025-02-12T16:07:15.268+0000] {processor.py:179} INFO - Processing /home/airflow/.local/lib/python3.8/site-packages/airflow/example_dags/example_subdag_operator.py took 0.098 seconds
[2025-02-12T16:07:45.791+0000] {processor.py:157} INFO - Started process (PID=5262) to work on /home/airflow/.local/lib/python3.8/site-packages/airflow/example_dags/example_subdag_operator.py
[2025-02-12T16:07:45.792+0000] {processor.py:829} INFO - Processing file /home/airflow/.local/lib/python3.8/site-packages/airflow/example_dags/example_subdag_operator.py for tasks to queue
[2025-02-12T16:07:45.792+0000] {logging_mixin.py:151} INFO - [2025-02-12T16:07:45.792+0000] {dagbag.py:539} INFO - Filling up the DagBag from /home/airflow/.local/lib/python3.8/site-packages/airflow/example_dags/example_subdag_operator.py
[2025-02-12T16:07:45.815+0000] {processor.py:839} INFO - DAG(s) dict_keys(['example_subdag_operator.section-1', 'example_subdag_operator.section-2', 'example_subdag_operator']) retrieved from /home/airflow/.local/lib/python3.8/site-packages/airflow/example_dags/example_subdag_operator.py
[2025-02-12T16:07:45.829+0000] {logging_mixin.py:151} INFO - [2025-02-12T16:07:45.829+0000] {dag.py:2915} INFO - Sync 3 DAGs
[2025-02-12T16:07:45.848+0000] {logging_mixin.py:151} INFO - [2025-02-12T16:07:45.848+0000] {dag.py:3696} INFO - Setting next_dagrun for example_subdag_operator to 2022-01-01T00:00:00+00:00, run_after=2022-01-01T00:00:00+00:00
[2025-02-12T16:07:45.852+0000] {logging_mixin.py:151} INFO - [2025-02-12T16:07:45.851+0000] {dag.py:3696} INFO - Setting next_dagrun for example_subdag_operator.section-1 to None, run_after=None
[2025-02-12T16:07:45.853+0000] {logging_mixin.py:151} INFO - [2025-02-12T16:07:45.853+0000] {dag.py:3696} INFO - Setting next_dagrun for example_subdag_operator.section-2 to None, run_after=None
[2025-02-12T16:07:45.859+0000] {logging_mixin.py:151} INFO - [2025-02-12T16:07:45.859+0000] {dag.py:2915} INFO - Sync 2 DAGs
[2025-02-12T16:07:45.864+0000] {logging_mixin.py:151} INFO - [2025-02-12T16:07:45.864+0000] {dag.py:3696} INFO - Setting next_dagrun for example_subdag_operator.section-1 to None, run_after=None
[2025-02-12T16:07:45.865+0000] {logging_mixin.py:151} INFO - [2025-02-12T16:07:45.864+0000] {dag.py:3696} INFO - Setting next_dagrun for example_subdag_operator.section-2 to None, run_after=None
[2025-02-12T16:07:45.875+0000] {processor.py:179} INFO - Processing /home/airflow/.local/lib/python3.8/site-packages/airflow/example_dags/example_subdag_operator.py took 0.087 seconds
[2025-02-12T16:08:16.173+0000] {processor.py:157} INFO - Started process (PID=5519) to work on /home/airflow/.local/lib/python3.8/site-packages/airflow/example_dags/example_subdag_operator.py
[2025-02-12T16:08:16.174+0000] {processor.py:829} INFO - Processing file /home/airflow/.local/lib/python3.8/site-packages/airflow/example_dags/example_subdag_operator.py for tasks to queue
[2025-02-12T16:08:16.175+0000] {logging_mixin.py:151} INFO - [2025-02-12T16:08:16.174+0000] {dagbag.py:539} INFO - Filling up the DagBag from /home/airflow/.local/lib/python3.8/site-packages/airflow/example_dags/example_subdag_operator.py
[2025-02-12T16:08:16.199+0000] {processor.py:839} INFO - DAG(s) dict_keys(['example_subdag_operator.section-1', 'example_subdag_operator.section-2', 'example_subdag_operator']) retrieved from /home/airflow/.local/lib/python3.8/site-packages/airflow/example_dags/example_subdag_operator.py
[2025-02-12T16:08:16.215+0000] {logging_mixin.py:151} INFO - [2025-02-12T16:08:16.214+0000] {dag.py:2915} INFO - Sync 3 DAGs
[2025-02-12T16:08:16.235+0000] {logging_mixin.py:151} INFO - [2025-02-12T16:08:16.234+0000] {dag.py:3696} INFO - Setting next_dagrun for example_subdag_operator to 2022-01-01T00:00:00+00:00, run_after=2022-01-01T00:00:00+00:00
[2025-02-12T16:08:16.239+0000] {logging_mixin.py:151} INFO - [2025-02-12T16:08:16.239+0000] {dag.py:3696} INFO - Setting next_dagrun for example_subdag_operator.section-1 to None, run_after=None
[2025-02-12T16:08:16.240+0000] {logging_mixin.py:151} INFO - [2025-02-12T16:08:16.240+0000] {dag.py:3696} INFO - Setting next_dagrun for example_subdag_operator.section-2 to None, run_after=None
[2025-02-12T16:08:16.246+0000] {logging_mixin.py:151} INFO - [2025-02-12T16:08:16.246+0000] {dag.py:2915} INFO - Sync 2 DAGs
[2025-02-12T16:08:16.251+0000] {logging_mixin.py:151} INFO - [2025-02-12T16:08:16.251+0000] {dag.py:3696} INFO - Setting next_dagrun for example_subdag_operator.section-1 to None, run_after=None
[2025-02-12T16:08:16.252+0000] {logging_mixin.py:151} INFO - [2025-02-12T16:08:16.252+0000] {dag.py:3696} INFO - Setting next_dagrun for example_subdag_operator.section-2 to None, run_after=None
[2025-02-12T16:08:16.262+0000] {processor.py:179} INFO - Processing /home/airflow/.local/lib/python3.8/site-packages/airflow/example_dags/example_subdag_operator.py took 0.091 seconds
[2025-02-12T16:08:55.458+0000] {processor.py:157} INFO - Started process (PID=5809) to work on /home/airflow/.local/lib/python3.8/site-packages/airflow/example_dags/example_subdag_operator.py
[2025-02-12T16:08:55.459+0000] {processor.py:829} INFO - Processing file /home/airflow/.local/lib/python3.8/site-packages/airflow/example_dags/example_subdag_operator.py for tasks to queue
[2025-02-12T16:08:55.460+0000] {logging_mixin.py:151} INFO - [2025-02-12T16:08:55.460+0000] {dagbag.py:539} INFO - Filling up the DagBag from /home/airflow/.local/lib/python3.8/site-packages/airflow/example_dags/example_subdag_operator.py
[2025-02-12T16:08:55.488+0000] {processor.py:839} INFO - DAG(s) dict_keys(['example_subdag_operator.section-1', 'example_subdag_operator.section-2', 'example_subdag_operator']) retrieved from /home/airflow/.local/lib/python3.8/site-packages/airflow/example_dags/example_subdag_operator.py
[2025-02-12T16:08:55.507+0000] {logging_mixin.py:151} INFO - [2025-02-12T16:08:55.507+0000] {dag.py:2915} INFO - Sync 3 DAGs
[2025-02-12T16:08:55.534+0000] {logging_mixin.py:151} INFO - [2025-02-12T16:08:55.534+0000] {dag.py:3696} INFO - Setting next_dagrun for example_subdag_operator to 2022-01-01T00:00:00+00:00, run_after=2022-01-01T00:00:00+00:00
[2025-02-12T16:08:55.538+0000] {logging_mixin.py:151} INFO - [2025-02-12T16:08:55.537+0000] {dag.py:3696} INFO - Setting next_dagrun for example_subdag_operator.section-1 to None, run_after=None
[2025-02-12T16:08:55.539+0000] {logging_mixin.py:151} INFO - [2025-02-12T16:08:55.539+0000] {dag.py:3696} INFO - Setting next_dagrun for example_subdag_operator.section-2 to None, run_after=None
[2025-02-12T16:08:55.546+0000] {logging_mixin.py:151} INFO - [2025-02-12T16:08:55.546+0000] {dag.py:2915} INFO - Sync 2 DAGs
[2025-02-12T16:08:55.555+0000] {logging_mixin.py:151} INFO - [2025-02-12T16:08:55.554+0000] {dag.py:3696} INFO - Setting next_dagrun for example_subdag_operator.section-1 to None, run_after=None
[2025-02-12T16:08:55.555+0000] {logging_mixin.py:151} INFO - [2025-02-12T16:08:55.555+0000] {dag.py:3696} INFO - Setting next_dagrun for example_subdag_operator.section-2 to None, run_after=None
[2025-02-12T16:08:55.570+0000] {processor.py:179} INFO - Processing /home/airflow/.local/lib/python3.8/site-packages/airflow/example_dags/example_subdag_operator.py took 0.116 seconds
[2025-02-12T16:10:26.950+0000] {processor.py:157} INFO - Started process (PID=6105) to work on /home/airflow/.local/lib/python3.8/site-packages/airflow/example_dags/example_subdag_operator.py
[2025-02-12T16:10:26.952+0000] {processor.py:829} INFO - Processing file /home/airflow/.local/lib/python3.8/site-packages/airflow/example_dags/example_subdag_operator.py for tasks to queue
[2025-02-12T16:10:26.953+0000] {logging_mixin.py:151} INFO - [2025-02-12T16:10:26.952+0000] {dagbag.py:539} INFO - Filling up the DagBag from /home/airflow/.local/lib/python3.8/site-packages/airflow/example_dags/example_subdag_operator.py
[2025-02-12T16:10:26.993+0000] {processor.py:839} INFO - DAG(s) dict_keys(['example_subdag_operator.section-1', 'example_subdag_operator.section-2', 'example_subdag_operator']) retrieved from /home/airflow/.local/lib/python3.8/site-packages/airflow/example_dags/example_subdag_operator.py
[2025-02-12T16:10:27.021+0000] {logging_mixin.py:151} INFO - [2025-02-12T16:10:27.020+0000] {dag.py:2915} INFO - Sync 3 DAGs
[2025-02-12T16:10:27.069+0000] {logging_mixin.py:151} INFO - [2025-02-12T16:10:27.069+0000] {dag.py:3696} INFO - Setting next_dagrun for example_subdag_operator to 2022-01-01T00:00:00+00:00, run_after=2022-01-01T00:00:00+00:00
[2025-02-12T16:10:27.075+0000] {logging_mixin.py:151} INFO - [2025-02-12T16:10:27.075+0000] {dag.py:3696} INFO - Setting next_dagrun for example_subdag_operator.section-1 to None, run_after=None
[2025-02-12T16:10:27.078+0000] {logging_mixin.py:151} INFO - [2025-02-12T16:10:27.078+0000] {dag.py:3696} INFO - Setting next_dagrun for example_subdag_operator.section-2 to None, run_after=None
[2025-02-12T16:10:27.093+0000] {logging_mixin.py:151} INFO - [2025-02-12T16:10:27.092+0000] {dag.py:2915} INFO - Sync 2 DAGs
[2025-02-12T16:10:27.104+0000] {logging_mixin.py:151} INFO - [2025-02-12T16:10:27.104+0000] {dag.py:3696} INFO - Setting next_dagrun for example_subdag_operator.section-1 to None, run_after=None
[2025-02-12T16:10:27.105+0000] {logging_mixin.py:151} INFO - [2025-02-12T16:10:27.104+0000] {dag.py:3696} INFO - Setting next_dagrun for example_subdag_operator.section-2 to None, run_after=None
[2025-02-12T16:10:27.125+0000] {processor.py:179} INFO - Processing /home/airflow/.local/lib/python3.8/site-packages/airflow/example_dags/example_subdag_operator.py took 0.179 seconds
[2025-02-12T16:10:57.986+0000] {processor.py:157} INFO - Started process (PID=6375) to work on /home/airflow/.local/lib/python3.8/site-packages/airflow/example_dags/example_subdag_operator.py
[2025-02-12T16:10:57.987+0000] {processor.py:829} INFO - Processing file /home/airflow/.local/lib/python3.8/site-packages/airflow/example_dags/example_subdag_operator.py for tasks to queue
[2025-02-12T16:10:57.988+0000] {logging_mixin.py:151} INFO - [2025-02-12T16:10:57.988+0000] {dagbag.py:539} INFO - Filling up the DagBag from /home/airflow/.local/lib/python3.8/site-packages/airflow/example_dags/example_subdag_operator.py
[2025-02-12T16:10:58.014+0000] {processor.py:839} INFO - DAG(s) dict_keys(['example_subdag_operator.section-1', 'example_subdag_operator.section-2', 'example_subdag_operator']) retrieved from /home/airflow/.local/lib/python3.8/site-packages/airflow/example_dags/example_subdag_operator.py
[2025-02-12T16:10:58.028+0000] {logging_mixin.py:151} INFO - [2025-02-12T16:10:58.028+0000] {dag.py:2915} INFO - Sync 3 DAGs
[2025-02-12T16:10:58.049+0000] {logging_mixin.py:151} INFO - [2025-02-12T16:10:58.049+0000] {dag.py:3696} INFO - Setting next_dagrun for example_subdag_operator to 2022-01-01T00:00:00+00:00, run_after=2022-01-01T00:00:00+00:00
[2025-02-12T16:10:58.053+0000] {logging_mixin.py:151} INFO - [2025-02-12T16:10:58.053+0000] {dag.py:3696} INFO - Setting next_dagrun for example_subdag_operator.section-1 to None, run_after=None
[2025-02-12T16:10:58.054+0000] {logging_mixin.py:151} INFO - [2025-02-12T16:10:58.054+0000] {dag.py:3696} INFO - Setting next_dagrun for example_subdag_operator.section-2 to None, run_after=None
[2025-02-12T16:10:58.063+0000] {logging_mixin.py:151} INFO - [2025-02-12T16:10:58.063+0000] {dag.py:2915} INFO - Sync 2 DAGs
[2025-02-12T16:10:58.069+0000] {logging_mixin.py:151} INFO - [2025-02-12T16:10:58.069+0000] {dag.py:3696} INFO - Setting next_dagrun for example_subdag_operator.section-1 to None, run_after=None
[2025-02-12T16:10:58.069+0000] {logging_mixin.py:151} INFO - [2025-02-12T16:10:58.069+0000] {dag.py:3696} INFO - Setting next_dagrun for example_subdag_operator.section-2 to None, run_after=None
[2025-02-12T16:10:58.088+0000] {processor.py:179} INFO - Processing /home/airflow/.local/lib/python3.8/site-packages/airflow/example_dags/example_subdag_operator.py took 0.105 seconds
[2025-02-12T16:11:28.371+0000] {processor.py:157} INFO - Started process (PID=6637) to work on /home/airflow/.local/lib/python3.8/site-packages/airflow/example_dags/example_subdag_operator.py
[2025-02-12T16:11:28.372+0000] {processor.py:829} INFO - Processing file /home/airflow/.local/lib/python3.8/site-packages/airflow/example_dags/example_subdag_operator.py for tasks to queue
[2025-02-12T16:11:28.373+0000] {logging_mixin.py:151} INFO - [2025-02-12T16:11:28.373+0000] {dagbag.py:539} INFO - Filling up the DagBag from /home/airflow/.local/lib/python3.8/site-packages/airflow/example_dags/example_subdag_operator.py
[2025-02-12T16:11:28.393+0000] {processor.py:839} INFO - DAG(s) dict_keys(['example_subdag_operator.section-1', 'example_subdag_operator.section-2', 'example_subdag_operator']) retrieved from /home/airflow/.local/lib/python3.8/site-packages/airflow/example_dags/example_subdag_operator.py
[2025-02-12T16:11:28.406+0000] {logging_mixin.py:151} INFO - [2025-02-12T16:11:28.406+0000] {dag.py:2915} INFO - Sync 3 DAGs
[2025-02-12T16:11:28.424+0000] {logging_mixin.py:151} INFO - [2025-02-12T16:11:28.424+0000] {dag.py:3696} INFO - Setting next_dagrun for example_subdag_operator to 2022-01-01T00:00:00+00:00, run_after=2022-01-01T00:00:00+00:00
[2025-02-12T16:11:28.426+0000] {logging_mixin.py:151} INFO - [2025-02-12T16:11:28.426+0000] {dag.py:3696} INFO - Setting next_dagrun for example_subdag_operator.section-1 to None, run_after=None
[2025-02-12T16:11:28.427+0000] {logging_mixin.py:151} INFO - [2025-02-12T16:11:28.427+0000] {dag.py:3696} INFO - Setting next_dagrun for example_subdag_operator.section-2 to None, run_after=None
[2025-02-12T16:11:28.433+0000] {logging_mixin.py:151} INFO - [2025-02-12T16:11:28.432+0000] {dag.py:2915} INFO - Sync 2 DAGs
[2025-02-12T16:11:28.437+0000] {logging_mixin.py:151} INFO - [2025-02-12T16:11:28.437+0000] {dag.py:3696} INFO - Setting next_dagrun for example_subdag_operator.section-1 to None, run_after=None
[2025-02-12T16:11:28.437+0000] {logging_mixin.py:151} INFO - [2025-02-12T16:11:28.437+0000] {dag.py:3696} INFO - Setting next_dagrun for example_subdag_operator.section-2 to None, run_after=None
[2025-02-12T16:11:28.447+0000] {processor.py:179} INFO - Processing /home/airflow/.local/lib/python3.8/site-packages/airflow/example_dags/example_subdag_operator.py took 0.078 seconds
