[2025-02-12T15:51:08.509+0000] {processor.py:157} INFO - Started process (PID=319) to work on /home/airflow/.local/lib/python3.8/site-packages/airflow/example_dags/example_short_circuit_operator.py
[2025-02-12T15:51:08.510+0000] {processor.py:829} INFO - Processing file /home/airflow/.local/lib/python3.8/site-packages/airflow/example_dags/example_short_circuit_operator.py for tasks to queue
[2025-02-12T15:51:08.510+0000] {logging_mixin.py:151} INFO - [2025-02-12T15:51:08.510+0000] {dagbag.py:539} INFO - Filling up the DagBag from /home/airflow/.local/lib/python3.8/site-packages/airflow/example_dags/example_short_circuit_operator.py
[2025-02-12T15:51:08.517+0000] {processor.py:839} INFO - DAG(s) dict_keys(['example_short_circuit_operator']) retrieved from /home/airflow/.local/lib/python3.8/site-packages/airflow/example_dags/example_short_circuit_operator.py
[2025-02-12T15:51:08.528+0000] {logging_mixin.py:151} INFO - [2025-02-12T15:51:08.527+0000] {dag.py:2915} INFO - Sync 1 DAGs
[2025-02-12T15:51:08.678+0000] {logging_mixin.py:151} INFO - [2025-02-12T15:51:08.677+0000] {dag.py:3696} INFO - Setting next_dagrun for example_short_circuit_operator to 2025-02-11T15:51:08.677657+00:00, run_after=2025-02-12T15:51:08.677657+00:00
[2025-02-12T15:51:08.693+0000] {processor.py:179} INFO - Processing /home/airflow/.local/lib/python3.8/site-packages/airflow/example_dags/example_short_circuit_operator.py took 0.187 seconds
[2025-02-12T15:51:39.091+0000] {processor.py:157} INFO - Started process (PID=571) to work on /home/airflow/.local/lib/python3.8/site-packages/airflow/example_dags/example_short_circuit_operator.py
[2025-02-12T15:51:39.092+0000] {processor.py:829} INFO - Processing file /home/airflow/.local/lib/python3.8/site-packages/airflow/example_dags/example_short_circuit_operator.py for tasks to queue
[2025-02-12T15:51:39.093+0000] {logging_mixin.py:151} INFO - [2025-02-12T15:51:39.092+0000] {dagbag.py:539} INFO - Filling up the DagBag from /home/airflow/.local/lib/python3.8/site-packages/airflow/example_dags/example_short_circuit_operator.py
[2025-02-12T15:51:39.100+0000] {processor.py:839} INFO - DAG(s) dict_keys(['example_short_circuit_operator']) retrieved from /home/airflow/.local/lib/python3.8/site-packages/airflow/example_dags/example_short_circuit_operator.py
[2025-02-12T15:51:39.121+0000] {logging_mixin.py:151} INFO - [2025-02-12T15:51:39.121+0000] {dag.py:2915} INFO - Sync 1 DAGs
[2025-02-12T15:51:39.144+0000] {logging_mixin.py:151} INFO - [2025-02-12T15:51:39.143+0000] {dag.py:3696} INFO - Setting next_dagrun for example_short_circuit_operator to 2025-02-11T15:51:39.143674+00:00, run_after=2025-02-12T15:51:39.143674+00:00
[2025-02-12T15:51:39.165+0000] {processor.py:179} INFO - Processing /home/airflow/.local/lib/python3.8/site-packages/airflow/example_dags/example_short_circuit_operator.py took 0.076 seconds
[2025-02-12T15:52:13.510+0000] {processor.py:157} INFO - Started process (PID=832) to work on /home/airflow/.local/lib/python3.8/site-packages/airflow/example_dags/example_short_circuit_operator.py
[2025-02-12T15:52:13.512+0000] {processor.py:829} INFO - Processing file /home/airflow/.local/lib/python3.8/site-packages/airflow/example_dags/example_short_circuit_operator.py for tasks to queue
[2025-02-12T15:52:13.512+0000] {logging_mixin.py:151} INFO - [2025-02-12T15:52:13.512+0000] {dagbag.py:539} INFO - Filling up the DagBag from /home/airflow/.local/lib/python3.8/site-packages/airflow/example_dags/example_short_circuit_operator.py
[2025-02-12T15:52:13.520+0000] {processor.py:839} INFO - DAG(s) dict_keys(['example_short_circuit_operator']) retrieved from /home/airflow/.local/lib/python3.8/site-packages/airflow/example_dags/example_short_circuit_operator.py
[2025-02-12T15:52:13.555+0000] {logging_mixin.py:151} INFO - [2025-02-12T15:52:13.554+0000] {dag.py:2915} INFO - Sync 1 DAGs
[2025-02-12T15:52:13.583+0000] {logging_mixin.py:151} INFO - [2025-02-12T15:52:13.582+0000] {dag.py:3696} INFO - Setting next_dagrun for example_short_circuit_operator to 2025-02-11T15:52:13.582338+00:00, run_after=2025-02-12T15:52:13.582338+00:00
[2025-02-12T15:52:13.607+0000] {processor.py:179} INFO - Processing /home/airflow/.local/lib/python3.8/site-packages/airflow/example_dags/example_short_circuit_operator.py took 0.100 seconds
[2025-02-12T15:52:44.414+0000] {processor.py:157} INFO - Started process (PID=1093) to work on /home/airflow/.local/lib/python3.8/site-packages/airflow/example_dags/example_short_circuit_operator.py
[2025-02-12T15:52:44.415+0000] {processor.py:829} INFO - Processing file /home/airflow/.local/lib/python3.8/site-packages/airflow/example_dags/example_short_circuit_operator.py for tasks to queue
[2025-02-12T15:52:44.416+0000] {logging_mixin.py:151} INFO - [2025-02-12T15:52:44.415+0000] {dagbag.py:539} INFO - Filling up the DagBag from /home/airflow/.local/lib/python3.8/site-packages/airflow/example_dags/example_short_circuit_operator.py
[2025-02-12T15:52:44.423+0000] {processor.py:839} INFO - DAG(s) dict_keys(['example_short_circuit_operator']) retrieved from /home/airflow/.local/lib/python3.8/site-packages/airflow/example_dags/example_short_circuit_operator.py
[2025-02-12T15:52:44.446+0000] {logging_mixin.py:151} INFO - [2025-02-12T15:52:44.446+0000] {dag.py:2915} INFO - Sync 1 DAGs
[2025-02-12T15:52:44.466+0000] {logging_mixin.py:151} INFO - [2025-02-12T15:52:44.466+0000] {dag.py:3696} INFO - Setting next_dagrun for example_short_circuit_operator to 2025-02-11T15:52:44.466576+00:00, run_after=2025-02-12T15:52:44.466576+00:00
[2025-02-12T15:52:44.483+0000] {processor.py:179} INFO - Processing /home/airflow/.local/lib/python3.8/site-packages/airflow/example_dags/example_short_circuit_operator.py took 0.072 seconds
[2025-02-12T15:53:15.590+0000] {processor.py:157} INFO - Started process (PID=1360) to work on /home/airflow/.local/lib/python3.8/site-packages/airflow/example_dags/example_short_circuit_operator.py
[2025-02-12T15:53:15.591+0000] {processor.py:829} INFO - Processing file /home/airflow/.local/lib/python3.8/site-packages/airflow/example_dags/example_short_circuit_operator.py for tasks to queue
[2025-02-12T15:53:15.592+0000] {logging_mixin.py:151} INFO - [2025-02-12T15:53:15.592+0000] {dagbag.py:539} INFO - Filling up the DagBag from /home/airflow/.local/lib/python3.8/site-packages/airflow/example_dags/example_short_circuit_operator.py
[2025-02-12T15:53:15.599+0000] {processor.py:839} INFO - DAG(s) dict_keys(['example_short_circuit_operator']) retrieved from /home/airflow/.local/lib/python3.8/site-packages/airflow/example_dags/example_short_circuit_operator.py
[2025-02-12T15:53:15.621+0000] {logging_mixin.py:151} INFO - [2025-02-12T15:53:15.621+0000] {dag.py:2915} INFO - Sync 1 DAGs
[2025-02-12T15:53:15.642+0000] {logging_mixin.py:151} INFO - [2025-02-12T15:53:15.642+0000] {dag.py:3696} INFO - Setting next_dagrun for example_short_circuit_operator to 2025-02-11T15:53:15.642049+00:00, run_after=2025-02-12T15:53:15.642049+00:00
[2025-02-12T15:53:15.661+0000] {processor.py:179} INFO - Processing /home/airflow/.local/lib/python3.8/site-packages/airflow/example_dags/example_short_circuit_operator.py took 0.073 seconds
[2025-02-12T15:53:46.641+0000] {processor.py:157} INFO - Started process (PID=1626) to work on /home/airflow/.local/lib/python3.8/site-packages/airflow/example_dags/example_short_circuit_operator.py
[2025-02-12T15:53:46.642+0000] {processor.py:829} INFO - Processing file /home/airflow/.local/lib/python3.8/site-packages/airflow/example_dags/example_short_circuit_operator.py for tasks to queue
[2025-02-12T15:53:46.643+0000] {logging_mixin.py:151} INFO - [2025-02-12T15:53:46.643+0000] {dagbag.py:539} INFO - Filling up the DagBag from /home/airflow/.local/lib/python3.8/site-packages/airflow/example_dags/example_short_circuit_operator.py
[2025-02-12T15:53:46.649+0000] {processor.py:839} INFO - DAG(s) dict_keys(['example_short_circuit_operator']) retrieved from /home/airflow/.local/lib/python3.8/site-packages/airflow/example_dags/example_short_circuit_operator.py
[2025-02-12T15:53:46.672+0000] {logging_mixin.py:151} INFO - [2025-02-12T15:53:46.671+0000] {dag.py:2915} INFO - Sync 1 DAGs
[2025-02-12T15:53:46.693+0000] {logging_mixin.py:151} INFO - [2025-02-12T15:53:46.692+0000] {dag.py:3696} INFO - Setting next_dagrun for example_short_circuit_operator to 2025-02-11T15:53:46.692683+00:00, run_after=2025-02-12T15:53:46.692683+00:00
[2025-02-12T15:53:46.708+0000] {processor.py:179} INFO - Processing /home/airflow/.local/lib/python3.8/site-packages/airflow/example_dags/example_short_circuit_operator.py took 0.070 seconds
[2025-02-12T15:55:32.005+0000] {processor.py:157} INFO - Started process (PID=317) to work on /home/airflow/.local/lib/python3.8/site-packages/airflow/example_dags/example_short_circuit_operator.py
[2025-02-12T15:55:32.006+0000] {processor.py:829} INFO - Processing file /home/airflow/.local/lib/python3.8/site-packages/airflow/example_dags/example_short_circuit_operator.py for tasks to queue
[2025-02-12T15:55:32.008+0000] {logging_mixin.py:151} INFO - [2025-02-12T15:55:32.007+0000] {dagbag.py:539} INFO - Filling up the DagBag from /home/airflow/.local/lib/python3.8/site-packages/airflow/example_dags/example_short_circuit_operator.py
[2025-02-12T15:55:32.174+0000] {processor.py:839} INFO - DAG(s) dict_keys(['example_short_circuit_operator']) retrieved from /home/airflow/.local/lib/python3.8/site-packages/airflow/example_dags/example_short_circuit_operator.py
[2025-02-12T15:55:32.207+0000] {logging_mixin.py:151} INFO - [2025-02-12T15:55:32.207+0000] {dag.py:2915} INFO - Sync 1 DAGs
[2025-02-12T15:55:32.228+0000] {logging_mixin.py:151} INFO - [2025-02-12T15:55:32.228+0000] {dag.py:3696} INFO - Setting next_dagrun for example_short_circuit_operator to 2025-02-11T15:55:32.228106+00:00, run_after=2025-02-12T15:55:32.228106+00:00
[2025-02-12T15:55:32.251+0000] {processor.py:179} INFO - Processing /home/airflow/.local/lib/python3.8/site-packages/airflow/example_dags/example_short_circuit_operator.py took 0.250 seconds
[2025-02-12T15:56:03.767+0000] {processor.py:157} INFO - Started process (PID=571) to work on /home/airflow/.local/lib/python3.8/site-packages/airflow/example_dags/example_short_circuit_operator.py
[2025-02-12T15:56:03.768+0000] {processor.py:829} INFO - Processing file /home/airflow/.local/lib/python3.8/site-packages/airflow/example_dags/example_short_circuit_operator.py for tasks to queue
[2025-02-12T15:56:03.769+0000] {logging_mixin.py:151} INFO - [2025-02-12T15:56:03.769+0000] {dagbag.py:539} INFO - Filling up the DagBag from /home/airflow/.local/lib/python3.8/site-packages/airflow/example_dags/example_short_circuit_operator.py
[2025-02-12T15:56:03.777+0000] {processor.py:839} INFO - DAG(s) dict_keys(['example_short_circuit_operator']) retrieved from /home/airflow/.local/lib/python3.8/site-packages/airflow/example_dags/example_short_circuit_operator.py
[2025-02-12T15:56:03.802+0000] {logging_mixin.py:151} INFO - [2025-02-12T15:56:03.802+0000] {dag.py:2915} INFO - Sync 1 DAGs
[2025-02-12T15:56:03.827+0000] {logging_mixin.py:151} INFO - [2025-02-12T15:56:03.826+0000] {dag.py:3696} INFO - Setting next_dagrun for example_short_circuit_operator to 2025-02-11T15:56:03.826488+00:00, run_after=2025-02-12T15:56:03.826488+00:00
[2025-02-12T15:56:03.848+0000] {processor.py:179} INFO - Processing /home/airflow/.local/lib/python3.8/site-packages/airflow/example_dags/example_short_circuit_operator.py took 0.084 seconds
[2025-02-12T15:56:34.517+0000] {processor.py:157} INFO - Started process (PID=832) to work on /home/airflow/.local/lib/python3.8/site-packages/airflow/example_dags/example_short_circuit_operator.py
[2025-02-12T15:56:34.518+0000] {processor.py:829} INFO - Processing file /home/airflow/.local/lib/python3.8/site-packages/airflow/example_dags/example_short_circuit_operator.py for tasks to queue
[2025-02-12T15:56:34.519+0000] {logging_mixin.py:151} INFO - [2025-02-12T15:56:34.519+0000] {dagbag.py:539} INFO - Filling up the DagBag from /home/airflow/.local/lib/python3.8/site-packages/airflow/example_dags/example_short_circuit_operator.py
[2025-02-12T15:56:34.526+0000] {processor.py:839} INFO - DAG(s) dict_keys(['example_short_circuit_operator']) retrieved from /home/airflow/.local/lib/python3.8/site-packages/airflow/example_dags/example_short_circuit_operator.py
[2025-02-12T15:56:34.548+0000] {logging_mixin.py:151} INFO - [2025-02-12T15:56:34.548+0000] {dag.py:2915} INFO - Sync 1 DAGs
[2025-02-12T15:56:34.571+0000] {logging_mixin.py:151} INFO - [2025-02-12T15:56:34.571+0000] {dag.py:3696} INFO - Setting next_dagrun for example_short_circuit_operator to 2025-02-11T15:56:34.571214+00:00, run_after=2025-02-12T15:56:34.571214+00:00
[2025-02-12T15:56:34.590+0000] {processor.py:179} INFO - Processing /home/airflow/.local/lib/python3.8/site-packages/airflow/example_dags/example_short_circuit_operator.py took 0.075 seconds
[2025-02-12T15:57:05.249+0000] {processor.py:157} INFO - Started process (PID=1093) to work on /home/airflow/.local/lib/python3.8/site-packages/airflow/example_dags/example_short_circuit_operator.py
[2025-02-12T15:57:05.250+0000] {processor.py:829} INFO - Processing file /home/airflow/.local/lib/python3.8/site-packages/airflow/example_dags/example_short_circuit_operator.py for tasks to queue
[2025-02-12T15:57:05.250+0000] {logging_mixin.py:151} INFO - [2025-02-12T15:57:05.250+0000] {dagbag.py:539} INFO - Filling up the DagBag from /home/airflow/.local/lib/python3.8/site-packages/airflow/example_dags/example_short_circuit_operator.py
[2025-02-12T15:57:05.257+0000] {processor.py:839} INFO - DAG(s) dict_keys(['example_short_circuit_operator']) retrieved from /home/airflow/.local/lib/python3.8/site-packages/airflow/example_dags/example_short_circuit_operator.py
[2025-02-12T15:57:05.280+0000] {logging_mixin.py:151} INFO - [2025-02-12T15:57:05.280+0000] {dag.py:2915} INFO - Sync 1 DAGs
[2025-02-12T15:57:05.300+0000] {logging_mixin.py:151} INFO - [2025-02-12T15:57:05.300+0000] {dag.py:3696} INFO - Setting next_dagrun for example_short_circuit_operator to 2025-02-11T15:57:05.299885+00:00, run_after=2025-02-12T15:57:05.299885+00:00
[2025-02-12T15:57:05.322+0000] {processor.py:179} INFO - Processing /home/airflow/.local/lib/python3.8/site-packages/airflow/example_dags/example_short_circuit_operator.py took 0.076 seconds
[2025-02-12T15:57:36.115+0000] {processor.py:157} INFO - Started process (PID=1354) to work on /home/airflow/.local/lib/python3.8/site-packages/airflow/example_dags/example_short_circuit_operator.py
[2025-02-12T15:57:36.117+0000] {processor.py:829} INFO - Processing file /home/airflow/.local/lib/python3.8/site-packages/airflow/example_dags/example_short_circuit_operator.py for tasks to queue
[2025-02-12T15:57:36.117+0000] {logging_mixin.py:151} INFO - [2025-02-12T15:57:36.117+0000] {dagbag.py:539} INFO - Filling up the DagBag from /home/airflow/.local/lib/python3.8/site-packages/airflow/example_dags/example_short_circuit_operator.py
[2025-02-12T15:57:36.123+0000] {processor.py:839} INFO - DAG(s) dict_keys(['example_short_circuit_operator']) retrieved from /home/airflow/.local/lib/python3.8/site-packages/airflow/example_dags/example_short_circuit_operator.py
[2025-02-12T15:57:36.143+0000] {logging_mixin.py:151} INFO - [2025-02-12T15:57:36.142+0000] {dag.py:2915} INFO - Sync 1 DAGs
[2025-02-12T15:57:36.160+0000] {logging_mixin.py:151} INFO - [2025-02-12T15:57:36.160+0000] {dag.py:3696} INFO - Setting next_dagrun for example_short_circuit_operator to 2025-02-11T15:57:36.159871+00:00, run_after=2025-02-12T15:57:36.159871+00:00
[2025-02-12T15:57:36.176+0000] {processor.py:179} INFO - Processing /home/airflow/.local/lib/python3.8/site-packages/airflow/example_dags/example_short_circuit_operator.py took 0.063 seconds
[2025-02-12T15:59:37.857+0000] {processor.py:157} INFO - Started process (PID=1668) to work on /home/airflow/.local/lib/python3.8/site-packages/airflow/example_dags/example_short_circuit_operator.py
[2025-02-12T15:59:37.858+0000] {processor.py:829} INFO - Processing file /home/airflow/.local/lib/python3.8/site-packages/airflow/example_dags/example_short_circuit_operator.py for tasks to queue
[2025-02-12T15:59:37.859+0000] {logging_mixin.py:151} INFO - [2025-02-12T15:59:37.859+0000] {dagbag.py:539} INFO - Filling up the DagBag from /home/airflow/.local/lib/python3.8/site-packages/airflow/example_dags/example_short_circuit_operator.py
[2025-02-12T15:59:37.867+0000] {processor.py:839} INFO - DAG(s) dict_keys(['example_short_circuit_operator']) retrieved from /home/airflow/.local/lib/python3.8/site-packages/airflow/example_dags/example_short_circuit_operator.py
[2025-02-12T15:59:37.891+0000] {logging_mixin.py:151} INFO - [2025-02-12T15:59:37.891+0000] {dag.py:2915} INFO - Sync 1 DAGs
[2025-02-12T15:59:37.913+0000] {logging_mixin.py:151} INFO - [2025-02-12T15:59:37.913+0000] {dag.py:3696} INFO - Setting next_dagrun for example_short_circuit_operator to 2025-02-11T15:59:37.913394+00:00, run_after=2025-02-12T15:59:37.913394+00:00
[2025-02-12T15:59:37.933+0000] {processor.py:179} INFO - Processing /home/airflow/.local/lib/python3.8/site-packages/airflow/example_dags/example_short_circuit_operator.py took 0.080 seconds
[2025-02-12T16:00:08.238+0000] {processor.py:157} INFO - Started process (PID=1955) to work on /home/airflow/.local/lib/python3.8/site-packages/airflow/example_dags/example_short_circuit_operator.py
[2025-02-12T16:00:08.239+0000] {processor.py:829} INFO - Processing file /home/airflow/.local/lib/python3.8/site-packages/airflow/example_dags/example_short_circuit_operator.py for tasks to queue
[2025-02-12T16:00:08.240+0000] {logging_mixin.py:151} INFO - [2025-02-12T16:00:08.240+0000] {dagbag.py:539} INFO - Filling up the DagBag from /home/airflow/.local/lib/python3.8/site-packages/airflow/example_dags/example_short_circuit_operator.py
[2025-02-12T16:00:08.248+0000] {processor.py:839} INFO - DAG(s) dict_keys(['example_short_circuit_operator']) retrieved from /home/airflow/.local/lib/python3.8/site-packages/airflow/example_dags/example_short_circuit_operator.py
[2025-02-12T16:00:08.270+0000] {logging_mixin.py:151} INFO - [2025-02-12T16:00:08.269+0000] {dag.py:2915} INFO - Sync 1 DAGs
[2025-02-12T16:00:08.290+0000] {logging_mixin.py:151} INFO - [2025-02-12T16:00:08.290+0000] {dag.py:3696} INFO - Setting next_dagrun for example_short_circuit_operator to 2025-02-11T16:00:08.290032+00:00, run_after=2025-02-12T16:00:08.290032+00:00
[2025-02-12T16:00:08.308+0000] {processor.py:179} INFO - Processing /home/airflow/.local/lib/python3.8/site-packages/airflow/example_dags/example_short_circuit_operator.py took 0.073 seconds
[2025-02-12T16:01:57.421+0000] {processor.py:157} INFO - Started process (PID=2260) to work on /home/airflow/.local/lib/python3.8/site-packages/airflow/example_dags/example_short_circuit_operator.py
[2025-02-12T16:01:57.423+0000] {processor.py:829} INFO - Processing file /home/airflow/.local/lib/python3.8/site-packages/airflow/example_dags/example_short_circuit_operator.py for tasks to queue
[2025-02-12T16:01:57.423+0000] {logging_mixin.py:151} INFO - [2025-02-12T16:01:57.423+0000] {dagbag.py:539} INFO - Filling up the DagBag from /home/airflow/.local/lib/python3.8/site-packages/airflow/example_dags/example_short_circuit_operator.py
[2025-02-12T16:01:57.431+0000] {processor.py:839} INFO - DAG(s) dict_keys(['example_short_circuit_operator']) retrieved from /home/airflow/.local/lib/python3.8/site-packages/airflow/example_dags/example_short_circuit_operator.py
[2025-02-12T16:01:57.459+0000] {logging_mixin.py:151} INFO - [2025-02-12T16:01:57.459+0000] {dag.py:2915} INFO - Sync 1 DAGs
[2025-02-12T16:01:57.489+0000] {logging_mixin.py:151} INFO - [2025-02-12T16:01:57.488+0000] {dag.py:3696} INFO - Setting next_dagrun for example_short_circuit_operator to 2025-02-11T16:01:57.488439+00:00, run_after=2025-02-12T16:01:57.488439+00:00
[2025-02-12T16:01:57.513+0000] {processor.py:179} INFO - Processing /home/airflow/.local/lib/python3.8/site-packages/airflow/example_dags/example_short_circuit_operator.py took 0.095 seconds
[2025-02-12T16:02:28.049+0000] {processor.py:157} INFO - Started process (PID=2557) to work on /home/airflow/.local/lib/python3.8/site-packages/airflow/example_dags/example_short_circuit_operator.py
[2025-02-12T16:02:28.050+0000] {processor.py:829} INFO - Processing file /home/airflow/.local/lib/python3.8/site-packages/airflow/example_dags/example_short_circuit_operator.py for tasks to queue
[2025-02-12T16:02:28.050+0000] {logging_mixin.py:151} INFO - [2025-02-12T16:02:28.050+0000] {dagbag.py:539} INFO - Filling up the DagBag from /home/airflow/.local/lib/python3.8/site-packages/airflow/example_dags/example_short_circuit_operator.py
[2025-02-12T16:02:28.057+0000] {processor.py:839} INFO - DAG(s) dict_keys(['example_short_circuit_operator']) retrieved from /home/airflow/.local/lib/python3.8/site-packages/airflow/example_dags/example_short_circuit_operator.py
[2025-02-12T16:02:28.079+0000] {logging_mixin.py:151} INFO - [2025-02-12T16:02:28.079+0000] {dag.py:2915} INFO - Sync 1 DAGs
[2025-02-12T16:02:28.100+0000] {logging_mixin.py:151} INFO - [2025-02-12T16:02:28.100+0000] {dag.py:3696} INFO - Setting next_dagrun for example_short_circuit_operator to 2025-02-11T16:02:28.099858+00:00, run_after=2025-02-12T16:02:28.099858+00:00
[2025-02-12T16:02:28.117+0000] {processor.py:179} INFO - Processing /home/airflow/.local/lib/python3.8/site-packages/airflow/example_dags/example_short_circuit_operator.py took 0.071 seconds
[2025-02-12T16:03:02.871+0000] {processor.py:157} INFO - Started process (PID=2859) to work on /home/airflow/.local/lib/python3.8/site-packages/airflow/example_dags/example_short_circuit_operator.py
[2025-02-12T16:03:02.874+0000] {processor.py:829} INFO - Processing file /home/airflow/.local/lib/python3.8/site-packages/airflow/example_dags/example_short_circuit_operator.py for tasks to queue
[2025-02-12T16:03:02.876+0000] {logging_mixin.py:151} INFO - [2025-02-12T16:03:02.875+0000] {dagbag.py:539} INFO - Filling up the DagBag from /home/airflow/.local/lib/python3.8/site-packages/airflow/example_dags/example_short_circuit_operator.py
[2025-02-12T16:03:02.892+0000] {processor.py:839} INFO - DAG(s) dict_keys(['example_short_circuit_operator']) retrieved from /home/airflow/.local/lib/python3.8/site-packages/airflow/example_dags/example_short_circuit_operator.py
[2025-02-12T16:03:02.930+0000] {logging_mixin.py:151} INFO - [2025-02-12T16:03:02.929+0000] {dag.py:2915} INFO - Sync 1 DAGs
[2025-02-12T16:03:02.968+0000] {logging_mixin.py:151} INFO - [2025-02-12T16:03:02.968+0000] {dag.py:3696} INFO - Setting next_dagrun for example_short_circuit_operator to 2025-02-11T16:03:02.967520+00:00, run_after=2025-02-12T16:03:02.967520+00:00
[2025-02-12T16:03:02.998+0000] {processor.py:179} INFO - Processing /home/airflow/.local/lib/python3.8/site-packages/airflow/example_dags/example_short_circuit_operator.py took 0.135 seconds
[2025-02-12T16:03:34.258+0000] {processor.py:157} INFO - Started process (PID=3168) to work on /home/airflow/.local/lib/python3.8/site-packages/airflow/example_dags/example_short_circuit_operator.py
[2025-02-12T16:03:34.259+0000] {processor.py:829} INFO - Processing file /home/airflow/.local/lib/python3.8/site-packages/airflow/example_dags/example_short_circuit_operator.py for tasks to queue
[2025-02-12T16:03:34.259+0000] {logging_mixin.py:151} INFO - [2025-02-12T16:03:34.259+0000] {dagbag.py:539} INFO - Filling up the DagBag from /home/airflow/.local/lib/python3.8/site-packages/airflow/example_dags/example_short_circuit_operator.py
[2025-02-12T16:03:34.266+0000] {processor.py:839} INFO - DAG(s) dict_keys(['example_short_circuit_operator']) retrieved from /home/airflow/.local/lib/python3.8/site-packages/airflow/example_dags/example_short_circuit_operator.py
[2025-02-12T16:03:34.287+0000] {logging_mixin.py:151} INFO - [2025-02-12T16:03:34.287+0000] {dag.py:2915} INFO - Sync 1 DAGs
[2025-02-12T16:03:34.308+0000] {logging_mixin.py:151} INFO - [2025-02-12T16:03:34.308+0000] {dag.py:3696} INFO - Setting next_dagrun for example_short_circuit_operator to 2025-02-11T16:03:34.308463+00:00, run_after=2025-02-12T16:03:34.308463+00:00
[2025-02-12T16:03:34.325+0000] {processor.py:179} INFO - Processing /home/airflow/.local/lib/python3.8/site-packages/airflow/example_dags/example_short_circuit_operator.py took 0.070 seconds
[2025-02-12T16:04:06.601+0000] {processor.py:157} INFO - Started process (PID=3422) to work on /home/airflow/.local/lib/python3.8/site-packages/airflow/example_dags/example_short_circuit_operator.py
[2025-02-12T16:04:06.602+0000] {processor.py:829} INFO - Processing file /home/airflow/.local/lib/python3.8/site-packages/airflow/example_dags/example_short_circuit_operator.py for tasks to queue
[2025-02-12T16:04:06.603+0000] {logging_mixin.py:151} INFO - [2025-02-12T16:04:06.602+0000] {dagbag.py:539} INFO - Filling up the DagBag from /home/airflow/.local/lib/python3.8/site-packages/airflow/example_dags/example_short_circuit_operator.py
[2025-02-12T16:04:06.610+0000] {processor.py:839} INFO - DAG(s) dict_keys(['example_short_circuit_operator']) retrieved from /home/airflow/.local/lib/python3.8/site-packages/airflow/example_dags/example_short_circuit_operator.py
[2025-02-12T16:04:06.631+0000] {logging_mixin.py:151} INFO - [2025-02-12T16:04:06.630+0000] {dag.py:2915} INFO - Sync 1 DAGs
[2025-02-12T16:04:06.650+0000] {logging_mixin.py:151} INFO - [2025-02-12T16:04:06.650+0000] {dag.py:3696} INFO - Setting next_dagrun for example_short_circuit_operator to 2025-02-11T16:04:06.649982+00:00, run_after=2025-02-12T16:04:06.649982+00:00
[2025-02-12T16:04:06.669+0000] {processor.py:179} INFO - Processing /home/airflow/.local/lib/python3.8/site-packages/airflow/example_dags/example_short_circuit_operator.py took 0.070 seconds
[2025-02-12T16:04:39.082+0000] {processor.py:157} INFO - Started process (PID=3689) to work on /home/airflow/.local/lib/python3.8/site-packages/airflow/example_dags/example_short_circuit_operator.py
[2025-02-12T16:04:39.083+0000] {processor.py:829} INFO - Processing file /home/airflow/.local/lib/python3.8/site-packages/airflow/example_dags/example_short_circuit_operator.py for tasks to queue
[2025-02-12T16:04:39.084+0000] {logging_mixin.py:151} INFO - [2025-02-12T16:04:39.084+0000] {dagbag.py:539} INFO - Filling up the DagBag from /home/airflow/.local/lib/python3.8/site-packages/airflow/example_dags/example_short_circuit_operator.py
[2025-02-12T16:04:39.094+0000] {processor.py:839} INFO - DAG(s) dict_keys(['example_short_circuit_operator']) retrieved from /home/airflow/.local/lib/python3.8/site-packages/airflow/example_dags/example_short_circuit_operator.py
[2025-02-12T16:04:39.113+0000] {logging_mixin.py:151} INFO - [2025-02-12T16:04:39.113+0000] {dag.py:2915} INFO - Sync 1 DAGs
[2025-02-12T16:04:39.134+0000] {logging_mixin.py:151} INFO - [2025-02-12T16:04:39.133+0000] {dag.py:3696} INFO - Setting next_dagrun for example_short_circuit_operator to 2025-02-11T16:04:39.133752+00:00, run_after=2025-02-12T16:04:39.133752+00:00
[2025-02-12T16:04:39.150+0000] {processor.py:179} INFO - Processing /home/airflow/.local/lib/python3.8/site-packages/airflow/example_dags/example_short_circuit_operator.py took 0.070 seconds
[2025-02-12T16:05:12.457+0000] {processor.py:157} INFO - Started process (PID=3957) to work on /home/airflow/.local/lib/python3.8/site-packages/airflow/example_dags/example_short_circuit_operator.py
[2025-02-12T16:05:12.457+0000] {processor.py:829} INFO - Processing file /home/airflow/.local/lib/python3.8/site-packages/airflow/example_dags/example_short_circuit_operator.py for tasks to queue
[2025-02-12T16:05:12.458+0000] {logging_mixin.py:151} INFO - [2025-02-12T16:05:12.458+0000] {dagbag.py:539} INFO - Filling up the DagBag from /home/airflow/.local/lib/python3.8/site-packages/airflow/example_dags/example_short_circuit_operator.py
[2025-02-12T16:05:12.464+0000] {processor.py:839} INFO - DAG(s) dict_keys(['example_short_circuit_operator']) retrieved from /home/airflow/.local/lib/python3.8/site-packages/airflow/example_dags/example_short_circuit_operator.py
[2025-02-12T16:05:12.483+0000] {logging_mixin.py:151} INFO - [2025-02-12T16:05:12.483+0000] {dag.py:2915} INFO - Sync 1 DAGs
[2025-02-12T16:05:12.501+0000] {logging_mixin.py:151} INFO - [2025-02-12T16:05:12.500+0000] {dag.py:3696} INFO - Setting next_dagrun for example_short_circuit_operator to 2025-02-11T16:05:12.500607+00:00, run_after=2025-02-12T16:05:12.500607+00:00
[2025-02-12T16:05:12.515+0000] {processor.py:179} INFO - Processing /home/airflow/.local/lib/python3.8/site-packages/airflow/example_dags/example_short_circuit_operator.py took 0.061 seconds
[2025-02-12T16:05:43.911+0000] {processor.py:157} INFO - Started process (PID=4218) to work on /home/airflow/.local/lib/python3.8/site-packages/airflow/example_dags/example_short_circuit_operator.py
[2025-02-12T16:05:43.912+0000] {processor.py:829} INFO - Processing file /home/airflow/.local/lib/python3.8/site-packages/airflow/example_dags/example_short_circuit_operator.py for tasks to queue
[2025-02-12T16:05:43.913+0000] {logging_mixin.py:151} INFO - [2025-02-12T16:05:43.913+0000] {dagbag.py:539} INFO - Filling up the DagBag from /home/airflow/.local/lib/python3.8/site-packages/airflow/example_dags/example_short_circuit_operator.py
[2025-02-12T16:05:43.921+0000] {processor.py:839} INFO - DAG(s) dict_keys(['example_short_circuit_operator']) retrieved from /home/airflow/.local/lib/python3.8/site-packages/airflow/example_dags/example_short_circuit_operator.py
[2025-02-12T16:05:43.954+0000] {logging_mixin.py:151} INFO - [2025-02-12T16:05:43.948+0000] {dag.py:2915} INFO - Sync 1 DAGs
[2025-02-12T16:05:43.979+0000] {logging_mixin.py:151} INFO - [2025-02-12T16:05:43.978+0000] {dag.py:3696} INFO - Setting next_dagrun for example_short_circuit_operator to 2025-02-11T16:05:43.978638+00:00, run_after=2025-02-12T16:05:43.978638+00:00
[2025-02-12T16:05:43.997+0000] {processor.py:179} INFO - Processing /home/airflow/.local/lib/python3.8/site-packages/airflow/example_dags/example_short_circuit_operator.py took 0.089 seconds
[2025-02-12T16:06:14.324+0000] {processor.py:157} INFO - Started process (PID=4485) to work on /home/airflow/.local/lib/python3.8/site-packages/airflow/example_dags/example_short_circuit_operator.py
[2025-02-12T16:06:14.325+0000] {processor.py:829} INFO - Processing file /home/airflow/.local/lib/python3.8/site-packages/airflow/example_dags/example_short_circuit_operator.py for tasks to queue
[2025-02-12T16:06:14.326+0000] {logging_mixin.py:151} INFO - [2025-02-12T16:06:14.326+0000] {dagbag.py:539} INFO - Filling up the DagBag from /home/airflow/.local/lib/python3.8/site-packages/airflow/example_dags/example_short_circuit_operator.py
[2025-02-12T16:06:14.333+0000] {processor.py:839} INFO - DAG(s) dict_keys(['example_short_circuit_operator']) retrieved from /home/airflow/.local/lib/python3.8/site-packages/airflow/example_dags/example_short_circuit_operator.py
[2025-02-12T16:06:14.355+0000] {logging_mixin.py:151} INFO - [2025-02-12T16:06:14.355+0000] {dag.py:2915} INFO - Sync 1 DAGs
[2025-02-12T16:06:14.376+0000] {logging_mixin.py:151} INFO - [2025-02-12T16:06:14.376+0000] {dag.py:3696} INFO - Setting next_dagrun for example_short_circuit_operator to 2025-02-11T16:06:14.376435+00:00, run_after=2025-02-12T16:06:14.376435+00:00
[2025-02-12T16:06:14.395+0000] {processor.py:179} INFO - Processing /home/airflow/.local/lib/python3.8/site-packages/airflow/example_dags/example_short_circuit_operator.py took 0.075 seconds
[2025-02-12T16:06:44.883+0000] {processor.py:157} INFO - Started process (PID=4739) to work on /home/airflow/.local/lib/python3.8/site-packages/airflow/example_dags/example_short_circuit_operator.py
[2025-02-12T16:06:44.885+0000] {processor.py:829} INFO - Processing file /home/airflow/.local/lib/python3.8/site-packages/airflow/example_dags/example_short_circuit_operator.py for tasks to queue
[2025-02-12T16:06:44.886+0000] {logging_mixin.py:151} INFO - [2025-02-12T16:06:44.886+0000] {dagbag.py:539} INFO - Filling up the DagBag from /home/airflow/.local/lib/python3.8/site-packages/airflow/example_dags/example_short_circuit_operator.py
[2025-02-12T16:06:44.895+0000] {processor.py:839} INFO - DAG(s) dict_keys(['example_short_circuit_operator']) retrieved from /home/airflow/.local/lib/python3.8/site-packages/airflow/example_dags/example_short_circuit_operator.py
[2025-02-12T16:06:44.927+0000] {logging_mixin.py:151} INFO - [2025-02-12T16:06:44.926+0000] {dag.py:2915} INFO - Sync 1 DAGs
[2025-02-12T16:06:44.950+0000] {logging_mixin.py:151} INFO - [2025-02-12T16:06:44.949+0000] {dag.py:3696} INFO - Setting next_dagrun for example_short_circuit_operator to 2025-02-11T16:06:44.949636+00:00, run_after=2025-02-12T16:06:44.949636+00:00
[2025-02-12T16:06:44.972+0000] {processor.py:179} INFO - Processing /home/airflow/.local/lib/python3.8/site-packages/airflow/example_dags/example_short_circuit_operator.py took 0.095 seconds
[2025-02-12T16:07:15.848+0000] {processor.py:157} INFO - Started process (PID=5055) to work on /home/airflow/.local/lib/python3.8/site-packages/airflow/example_dags/example_short_circuit_operator.py
[2025-02-12T16:07:15.849+0000] {processor.py:829} INFO - Processing file /home/airflow/.local/lib/python3.8/site-packages/airflow/example_dags/example_short_circuit_operator.py for tasks to queue
[2025-02-12T16:07:15.850+0000] {logging_mixin.py:151} INFO - [2025-02-12T16:07:15.849+0000] {dagbag.py:539} INFO - Filling up the DagBag from /home/airflow/.local/lib/python3.8/site-packages/airflow/example_dags/example_short_circuit_operator.py
[2025-02-12T16:07:15.856+0000] {processor.py:839} INFO - DAG(s) dict_keys(['example_short_circuit_operator']) retrieved from /home/airflow/.local/lib/python3.8/site-packages/airflow/example_dags/example_short_circuit_operator.py
[2025-02-12T16:07:15.875+0000] {logging_mixin.py:151} INFO - [2025-02-12T16:07:15.875+0000] {dag.py:2915} INFO - Sync 1 DAGs
[2025-02-12T16:07:15.896+0000] {logging_mixin.py:151} INFO - [2025-02-12T16:07:15.895+0000] {dag.py:3696} INFO - Setting next_dagrun for example_short_circuit_operator to 2025-02-11T16:07:15.895656+00:00, run_after=2025-02-12T16:07:15.895656+00:00
[2025-02-12T16:07:15.913+0000] {processor.py:179} INFO - Processing /home/airflow/.local/lib/python3.8/site-packages/airflow/example_dags/example_short_circuit_operator.py took 0.068 seconds
[2025-02-12T16:07:46.538+0000] {processor.py:157} INFO - Started process (PID=5317) to work on /home/airflow/.local/lib/python3.8/site-packages/airflow/example_dags/example_short_circuit_operator.py
[2025-02-12T16:07:46.540+0000] {processor.py:829} INFO - Processing file /home/airflow/.local/lib/python3.8/site-packages/airflow/example_dags/example_short_circuit_operator.py for tasks to queue
[2025-02-12T16:07:46.540+0000] {logging_mixin.py:151} INFO - [2025-02-12T16:07:46.540+0000] {dagbag.py:539} INFO - Filling up the DagBag from /home/airflow/.local/lib/python3.8/site-packages/airflow/example_dags/example_short_circuit_operator.py
[2025-02-12T16:07:46.548+0000] {processor.py:839} INFO - DAG(s) dict_keys(['example_short_circuit_operator']) retrieved from /home/airflow/.local/lib/python3.8/site-packages/airflow/example_dags/example_short_circuit_operator.py
[2025-02-12T16:07:46.570+0000] {logging_mixin.py:151} INFO - [2025-02-12T16:07:46.570+0000] {dag.py:2915} INFO - Sync 1 DAGs
[2025-02-12T16:07:46.592+0000] {logging_mixin.py:151} INFO - [2025-02-12T16:07:46.591+0000] {dag.py:3696} INFO - Setting next_dagrun for example_short_circuit_operator to 2025-02-11T16:07:46.591586+00:00, run_after=2025-02-12T16:07:46.591586+00:00
[2025-02-12T16:07:46.611+0000] {processor.py:179} INFO - Processing /home/airflow/.local/lib/python3.8/site-packages/airflow/example_dags/example_short_circuit_operator.py took 0.075 seconds
[2025-02-12T16:08:17.252+0000] {processor.py:157} INFO - Started process (PID=5588) to work on /home/airflow/.local/lib/python3.8/site-packages/airflow/example_dags/example_short_circuit_operator.py
[2025-02-12T16:08:17.253+0000] {processor.py:829} INFO - Processing file /home/airflow/.local/lib/python3.8/site-packages/airflow/example_dags/example_short_circuit_operator.py for tasks to queue
[2025-02-12T16:08:17.254+0000] {logging_mixin.py:151} INFO - [2025-02-12T16:08:17.254+0000] {dagbag.py:539} INFO - Filling up the DagBag from /home/airflow/.local/lib/python3.8/site-packages/airflow/example_dags/example_short_circuit_operator.py
[2025-02-12T16:08:17.265+0000] {processor.py:839} INFO - DAG(s) dict_keys(['example_short_circuit_operator']) retrieved from /home/airflow/.local/lib/python3.8/site-packages/airflow/example_dags/example_short_circuit_operator.py
[2025-02-12T16:08:17.308+0000] {logging_mixin.py:151} INFO - [2025-02-12T16:08:17.308+0000] {dag.py:2915} INFO - Sync 1 DAGs
[2025-02-12T16:08:17.347+0000] {logging_mixin.py:151} INFO - [2025-02-12T16:08:17.346+0000] {dag.py:3696} INFO - Setting next_dagrun for example_short_circuit_operator to 2025-02-11T16:08:17.345963+00:00, run_after=2025-02-12T16:08:17.345963+00:00
[2025-02-12T16:08:17.379+0000] {processor.py:179} INFO - Processing /home/airflow/.local/lib/python3.8/site-packages/airflow/example_dags/example_short_circuit_operator.py took 0.131 seconds
[2025-02-12T16:08:56.860+0000] {processor.py:157} INFO - Started process (PID=5864) to work on /home/airflow/.local/lib/python3.8/site-packages/airflow/example_dags/example_short_circuit_operator.py
[2025-02-12T16:08:56.862+0000] {processor.py:829} INFO - Processing file /home/airflow/.local/lib/python3.8/site-packages/airflow/example_dags/example_short_circuit_operator.py for tasks to queue
[2025-02-12T16:08:56.864+0000] {logging_mixin.py:151} INFO - [2025-02-12T16:08:56.863+0000] {dagbag.py:539} INFO - Filling up the DagBag from /home/airflow/.local/lib/python3.8/site-packages/airflow/example_dags/example_short_circuit_operator.py
[2025-02-12T16:08:56.885+0000] {processor.py:839} INFO - DAG(s) dict_keys(['example_short_circuit_operator']) retrieved from /home/airflow/.local/lib/python3.8/site-packages/airflow/example_dags/example_short_circuit_operator.py
[2025-02-12T16:08:56.932+0000] {logging_mixin.py:151} INFO - [2025-02-12T16:08:56.932+0000] {dag.py:2915} INFO - Sync 1 DAGs
[2025-02-12T16:08:56.984+0000] {logging_mixin.py:151} INFO - [2025-02-12T16:08:56.980+0000] {dag.py:3696} INFO - Setting next_dagrun for example_short_circuit_operator to 2025-02-11T16:08:56.979938+00:00, run_after=2025-02-12T16:08:56.979938+00:00
[2025-02-12T16:08:57.025+0000] {processor.py:179} INFO - Processing /home/airflow/.local/lib/python3.8/site-packages/airflow/example_dags/example_short_circuit_operator.py took 0.171 seconds
[2025-02-12T16:10:28.283+0000] {processor.py:157} INFO - Started process (PID=6160) to work on /home/airflow/.local/lib/python3.8/site-packages/airflow/example_dags/example_short_circuit_operator.py
[2025-02-12T16:10:28.285+0000] {processor.py:829} INFO - Processing file /home/airflow/.local/lib/python3.8/site-packages/airflow/example_dags/example_short_circuit_operator.py for tasks to queue
[2025-02-12T16:10:28.287+0000] {logging_mixin.py:151} INFO - [2025-02-12T16:10:28.286+0000] {dagbag.py:539} INFO - Filling up the DagBag from /home/airflow/.local/lib/python3.8/site-packages/airflow/example_dags/example_short_circuit_operator.py
[2025-02-12T16:10:28.308+0000] {processor.py:839} INFO - DAG(s) dict_keys(['example_short_circuit_operator']) retrieved from /home/airflow/.local/lib/python3.8/site-packages/airflow/example_dags/example_short_circuit_operator.py
[2025-02-12T16:10:28.353+0000] {logging_mixin.py:151} INFO - [2025-02-12T16:10:28.353+0000] {dag.py:2915} INFO - Sync 1 DAGs
[2025-02-12T16:10:28.405+0000] {logging_mixin.py:151} INFO - [2025-02-12T16:10:28.404+0000] {dag.py:3696} INFO - Setting next_dagrun for example_short_circuit_operator to 2025-02-11T16:10:28.404135+00:00, run_after=2025-02-12T16:10:28.404135+00:00
[2025-02-12T16:10:28.448+0000] {processor.py:179} INFO - Processing /home/airflow/.local/lib/python3.8/site-packages/airflow/example_dags/example_short_circuit_operator.py took 0.170 seconds
[2025-02-12T16:10:59.086+0000] {processor.py:157} INFO - Started process (PID=6430) to work on /home/airflow/.local/lib/python3.8/site-packages/airflow/example_dags/example_short_circuit_operator.py
[2025-02-12T16:10:59.087+0000] {processor.py:829} INFO - Processing file /home/airflow/.local/lib/python3.8/site-packages/airflow/example_dags/example_short_circuit_operator.py for tasks to queue
[2025-02-12T16:10:59.088+0000] {logging_mixin.py:151} INFO - [2025-02-12T16:10:59.087+0000] {dagbag.py:539} INFO - Filling up the DagBag from /home/airflow/.local/lib/python3.8/site-packages/airflow/example_dags/example_short_circuit_operator.py
[2025-02-12T16:10:59.095+0000] {processor.py:839} INFO - DAG(s) dict_keys(['example_short_circuit_operator']) retrieved from /home/airflow/.local/lib/python3.8/site-packages/airflow/example_dags/example_short_circuit_operator.py
[2025-02-12T16:10:59.123+0000] {logging_mixin.py:151} INFO - [2025-02-12T16:10:59.122+0000] {dag.py:2915} INFO - Sync 1 DAGs
[2025-02-12T16:10:59.145+0000] {logging_mixin.py:151} INFO - [2025-02-12T16:10:59.144+0000] {dag.py:3696} INFO - Setting next_dagrun for example_short_circuit_operator to 2025-02-11T16:10:59.144712+00:00, run_after=2025-02-12T16:10:59.144712+00:00
[2025-02-12T16:10:59.166+0000] {processor.py:179} INFO - Processing /home/airflow/.local/lib/python3.8/site-packages/airflow/example_dags/example_short_circuit_operator.py took 0.083 seconds
[2025-02-12T16:11:30.105+0000] {processor.py:157} INFO - Started process (PID=6692) to work on /home/airflow/.local/lib/python3.8/site-packages/airflow/example_dags/example_short_circuit_operator.py
[2025-02-12T16:11:30.106+0000] {processor.py:829} INFO - Processing file /home/airflow/.local/lib/python3.8/site-packages/airflow/example_dags/example_short_circuit_operator.py for tasks to queue
[2025-02-12T16:11:30.107+0000] {logging_mixin.py:151} INFO - [2025-02-12T16:11:30.107+0000] {dagbag.py:539} INFO - Filling up the DagBag from /home/airflow/.local/lib/python3.8/site-packages/airflow/example_dags/example_short_circuit_operator.py
[2025-02-12T16:11:30.113+0000] {processor.py:839} INFO - DAG(s) dict_keys(['example_short_circuit_operator']) retrieved from /home/airflow/.local/lib/python3.8/site-packages/airflow/example_dags/example_short_circuit_operator.py
[2025-02-12T16:11:30.132+0000] {logging_mixin.py:151} INFO - [2025-02-12T16:11:30.131+0000] {dag.py:2915} INFO - Sync 1 DAGs
[2025-02-12T16:11:30.150+0000] {logging_mixin.py:151} INFO - [2025-02-12T16:11:30.149+0000] {dag.py:3696} INFO - Setting next_dagrun for example_short_circuit_operator to 2025-02-11T16:11:30.149682+00:00, run_after=2025-02-12T16:11:30.149682+00:00
[2025-02-12T16:11:30.164+0000] {processor.py:179} INFO - Processing /home/airflow/.local/lib/python3.8/site-packages/airflow/example_dags/example_short_circuit_operator.py took 0.062 seconds
