[2025-02-12T15:51:10.390+0000] {processor.py:157} INFO - Started process (PID=379) to work on /home/airflow/.local/lib/python3.8/site-packages/airflow/example_dags/example_dag_decorator.py
[2025-02-12T15:51:10.390+0000] {processor.py:829} INFO - Processing file /home/airflow/.local/lib/python3.8/site-packages/airflow/example_dags/example_dag_decorator.py for tasks to queue
[2025-02-12T15:51:10.391+0000] {logging_mixin.py:151} INFO - [2025-02-12T15:51:10.391+0000] {dagbag.py:539} INFO - Filling up the DagBag from /home/airflow/.local/lib/python3.8/site-packages/airflow/example_dags/example_dag_decorator.py
[2025-02-12T15:51:10.688+0000] {processor.py:839} INFO - DAG(s) dict_keys(['example_dag_decorator']) retrieved from /home/airflow/.local/lib/python3.8/site-packages/airflow/example_dags/example_dag_decorator.py
[2025-02-12T15:51:10.698+0000] {logging_mixin.py:151} INFO - [2025-02-12T15:51:10.698+0000] {dag.py:2915} INFO - Sync 1 DAGs
[2025-02-12T15:51:10.709+0000] {logging_mixin.py:151} INFO - [2025-02-12T15:51:10.709+0000] {dag.py:3696} INFO - Setting next_dagrun for example_dag_decorator to None, run_after=None
[2025-02-12T15:51:10.726+0000] {processor.py:179} INFO - Processing /home/airflow/.local/lib/python3.8/site-packages/airflow/example_dags/example_dag_decorator.py took 0.339 seconds
[2025-02-12T15:51:40.978+0000] {processor.py:157} INFO - Started process (PID=633) to work on /home/airflow/.local/lib/python3.8/site-packages/airflow/example_dags/example_dag_decorator.py
[2025-02-12T15:51:40.979+0000] {processor.py:829} INFO - Processing file /home/airflow/.local/lib/python3.8/site-packages/airflow/example_dags/example_dag_decorator.py for tasks to queue
[2025-02-12T15:51:40.980+0000] {logging_mixin.py:151} INFO - [2025-02-12T15:51:40.980+0000] {dagbag.py:539} INFO - Filling up the DagBag from /home/airflow/.local/lib/python3.8/site-packages/airflow/example_dags/example_dag_decorator.py
[2025-02-12T15:51:41.041+0000] {processor.py:839} INFO - DAG(s) dict_keys(['example_dag_decorator']) retrieved from /home/airflow/.local/lib/python3.8/site-packages/airflow/example_dags/example_dag_decorator.py
[2025-02-12T15:51:41.144+0000] {logging_mixin.py:151} INFO - [2025-02-12T15:51:41.144+0000] {security.py:708} INFO - Not syncing DAG-level permissions for DAG 'DAG:example_dag_decorator' as access control is unset.
[2025-02-12T15:51:41.145+0000] {logging_mixin.py:151} INFO - [2025-02-12T15:51:41.145+0000] {dag.py:2915} INFO - Sync 1 DAGs
[2025-02-12T15:51:41.156+0000] {logging_mixin.py:151} INFO - [2025-02-12T15:51:41.156+0000] {dag.py:3696} INFO - Setting next_dagrun for example_dag_decorator to None, run_after=None
[2025-02-12T15:51:41.180+0000] {processor.py:179} INFO - Processing /home/airflow/.local/lib/python3.8/site-packages/airflow/example_dags/example_dag_decorator.py took 0.205 seconds
[2025-02-12T15:52:14.173+0000] {processor.py:157} INFO - Started process (PID=892) to work on /home/airflow/.local/lib/python3.8/site-packages/airflow/example_dags/example_dag_decorator.py
[2025-02-12T15:52:14.174+0000] {processor.py:829} INFO - Processing file /home/airflow/.local/lib/python3.8/site-packages/airflow/example_dags/example_dag_decorator.py for tasks to queue
[2025-02-12T15:52:14.175+0000] {logging_mixin.py:151} INFO - [2025-02-12T15:52:14.175+0000] {dagbag.py:539} INFO - Filling up the DagBag from /home/airflow/.local/lib/python3.8/site-packages/airflow/example_dags/example_dag_decorator.py
[2025-02-12T15:52:14.241+0000] {processor.py:839} INFO - DAG(s) dict_keys(['example_dag_decorator']) retrieved from /home/airflow/.local/lib/python3.8/site-packages/airflow/example_dags/example_dag_decorator.py
[2025-02-12T15:52:14.343+0000] {logging_mixin.py:151} INFO - [2025-02-12T15:52:14.342+0000] {security.py:708} INFO - Not syncing DAG-level permissions for DAG 'DAG:example_dag_decorator' as access control is unset.
[2025-02-12T15:52:14.343+0000] {logging_mixin.py:151} INFO - [2025-02-12T15:52:14.343+0000] {dag.py:2915} INFO - Sync 1 DAGs
[2025-02-12T15:52:14.353+0000] {logging_mixin.py:151} INFO - [2025-02-12T15:52:14.352+0000] {dag.py:3696} INFO - Setting next_dagrun for example_dag_decorator to None, run_after=None
[2025-02-12T15:52:14.370+0000] {processor.py:179} INFO - Processing /home/airflow/.local/lib/python3.8/site-packages/airflow/example_dags/example_dag_decorator.py took 0.199 seconds
[2025-02-12T15:52:45.138+0000] {processor.py:157} INFO - Started process (PID=1160) to work on /home/airflow/.local/lib/python3.8/site-packages/airflow/example_dags/example_dag_decorator.py
[2025-02-12T15:52:45.139+0000] {processor.py:829} INFO - Processing file /home/airflow/.local/lib/python3.8/site-packages/airflow/example_dags/example_dag_decorator.py for tasks to queue
[2025-02-12T15:52:45.140+0000] {logging_mixin.py:151} INFO - [2025-02-12T15:52:45.140+0000] {dagbag.py:539} INFO - Filling up the DagBag from /home/airflow/.local/lib/python3.8/site-packages/airflow/example_dags/example_dag_decorator.py
[2025-02-12T15:52:45.202+0000] {processor.py:839} INFO - DAG(s) dict_keys(['example_dag_decorator']) retrieved from /home/airflow/.local/lib/python3.8/site-packages/airflow/example_dags/example_dag_decorator.py
[2025-02-12T15:52:45.292+0000] {logging_mixin.py:151} INFO - [2025-02-12T15:52:45.292+0000] {security.py:708} INFO - Not syncing DAG-level permissions for DAG 'DAG:example_dag_decorator' as access control is unset.
[2025-02-12T15:52:45.292+0000] {logging_mixin.py:151} INFO - [2025-02-12T15:52:45.292+0000] {dag.py:2915} INFO - Sync 1 DAGs
[2025-02-12T15:52:45.302+0000] {logging_mixin.py:151} INFO - [2025-02-12T15:52:45.302+0000] {dag.py:3696} INFO - Setting next_dagrun for example_dag_decorator to None, run_after=None
[2025-02-12T15:52:45.321+0000] {processor.py:179} INFO - Processing /home/airflow/.local/lib/python3.8/site-packages/airflow/example_dags/example_dag_decorator.py took 0.185 seconds
[2025-02-12T15:53:16.253+0000] {processor.py:157} INFO - Started process (PID=1424) to work on /home/airflow/.local/lib/python3.8/site-packages/airflow/example_dags/example_dag_decorator.py
[2025-02-12T15:53:16.254+0000] {processor.py:829} INFO - Processing file /home/airflow/.local/lib/python3.8/site-packages/airflow/example_dags/example_dag_decorator.py for tasks to queue
[2025-02-12T15:53:16.255+0000] {logging_mixin.py:151} INFO - [2025-02-12T15:53:16.255+0000] {dagbag.py:539} INFO - Filling up the DagBag from /home/airflow/.local/lib/python3.8/site-packages/airflow/example_dags/example_dag_decorator.py
[2025-02-12T15:53:16.316+0000] {processor.py:839} INFO - DAG(s) dict_keys(['example_dag_decorator']) retrieved from /home/airflow/.local/lib/python3.8/site-packages/airflow/example_dags/example_dag_decorator.py
[2025-02-12T15:53:16.340+0000] {logging_mixin.py:151} INFO - [2025-02-12T15:53:16.339+0000] {dag.py:2915} INFO - Sync 1 DAGs
[2025-02-12T15:53:16.350+0000] {logging_mixin.py:151} INFO - [2025-02-12T15:53:16.350+0000] {dag.py:3696} INFO - Setting next_dagrun for example_dag_decorator to None, run_after=None
[2025-02-12T15:53:16.367+0000] {processor.py:179} INFO - Processing /home/airflow/.local/lib/python3.8/site-packages/airflow/example_dags/example_dag_decorator.py took 0.117 seconds
[2025-02-12T15:53:47.239+0000] {processor.py:157} INFO - Started process (PID=1688) to work on /home/airflow/.local/lib/python3.8/site-packages/airflow/example_dags/example_dag_decorator.py
[2025-02-12T15:53:47.240+0000] {processor.py:829} INFO - Processing file /home/airflow/.local/lib/python3.8/site-packages/airflow/example_dags/example_dag_decorator.py for tasks to queue
[2025-02-12T15:53:47.240+0000] {logging_mixin.py:151} INFO - [2025-02-12T15:53:47.240+0000] {dagbag.py:539} INFO - Filling up the DagBag from /home/airflow/.local/lib/python3.8/site-packages/airflow/example_dags/example_dag_decorator.py
[2025-02-12T15:53:47.300+0000] {processor.py:839} INFO - DAG(s) dict_keys(['example_dag_decorator']) retrieved from /home/airflow/.local/lib/python3.8/site-packages/airflow/example_dags/example_dag_decorator.py
[2025-02-12T15:53:47.386+0000] {logging_mixin.py:151} INFO - [2025-02-12T15:53:47.386+0000] {security.py:708} INFO - Not syncing DAG-level permissions for DAG 'DAG:example_dag_decorator' as access control is unset.
[2025-02-12T15:53:47.386+0000] {logging_mixin.py:151} INFO - [2025-02-12T15:53:47.386+0000] {dag.py:2915} INFO - Sync 1 DAGs
[2025-02-12T15:53:47.394+0000] {logging_mixin.py:151} INFO - [2025-02-12T15:53:47.394+0000] {dag.py:3696} INFO - Setting next_dagrun for example_dag_decorator to None, run_after=None
[2025-02-12T15:53:47.411+0000] {processor.py:179} INFO - Processing /home/airflow/.local/lib/python3.8/site-packages/airflow/example_dags/example_dag_decorator.py took 0.175 seconds
[2025-02-12T15:55:33.341+0000] {processor.py:157} INFO - Started process (PID=377) to work on /home/airflow/.local/lib/python3.8/site-packages/airflow/example_dags/example_dag_decorator.py
[2025-02-12T15:55:33.342+0000] {processor.py:829} INFO - Processing file /home/airflow/.local/lib/python3.8/site-packages/airflow/example_dags/example_dag_decorator.py for tasks to queue
[2025-02-12T15:55:33.343+0000] {logging_mixin.py:151} INFO - [2025-02-12T15:55:33.343+0000] {dagbag.py:539} INFO - Filling up the DagBag from /home/airflow/.local/lib/python3.8/site-packages/airflow/example_dags/example_dag_decorator.py
[2025-02-12T15:55:33.458+0000] {processor.py:839} INFO - DAG(s) dict_keys(['example_dag_decorator']) retrieved from /home/airflow/.local/lib/python3.8/site-packages/airflow/example_dags/example_dag_decorator.py
[2025-02-12T15:55:33.576+0000] {logging_mixin.py:151} INFO - [2025-02-12T15:55:33.575+0000] {security.py:708} INFO - Not syncing DAG-level permissions for DAG 'DAG:example_dag_decorator' as access control is unset.
[2025-02-12T15:55:33.576+0000] {logging_mixin.py:151} INFO - [2025-02-12T15:55:33.576+0000] {dag.py:2915} INFO - Sync 1 DAGs
[2025-02-12T15:55:33.586+0000] {logging_mixin.py:151} INFO - [2025-02-12T15:55:33.586+0000] {dag.py:3696} INFO - Setting next_dagrun for example_dag_decorator to None, run_after=None
[2025-02-12T15:55:33.615+0000] {processor.py:179} INFO - Processing /home/airflow/.local/lib/python3.8/site-packages/airflow/example_dags/example_dag_decorator.py took 0.277 seconds
[2025-02-12T15:56:04.691+0000] {processor.py:157} INFO - Started process (PID=638) to work on /home/airflow/.local/lib/python3.8/site-packages/airflow/example_dags/example_dag_decorator.py
[2025-02-12T15:56:04.692+0000] {processor.py:829} INFO - Processing file /home/airflow/.local/lib/python3.8/site-packages/airflow/example_dags/example_dag_decorator.py for tasks to queue
[2025-02-12T15:56:04.693+0000] {logging_mixin.py:151} INFO - [2025-02-12T15:56:04.693+0000] {dagbag.py:539} INFO - Filling up the DagBag from /home/airflow/.local/lib/python3.8/site-packages/airflow/example_dags/example_dag_decorator.py
[2025-02-12T15:56:04.762+0000] {processor.py:839} INFO - DAG(s) dict_keys(['example_dag_decorator']) retrieved from /home/airflow/.local/lib/python3.8/site-packages/airflow/example_dags/example_dag_decorator.py
[2025-02-12T15:56:04.886+0000] {logging_mixin.py:151} INFO - [2025-02-12T15:56:04.886+0000] {security.py:708} INFO - Not syncing DAG-level permissions for DAG 'DAG:example_dag_decorator' as access control is unset.
[2025-02-12T15:56:04.886+0000] {logging_mixin.py:151} INFO - [2025-02-12T15:56:04.886+0000] {dag.py:2915} INFO - Sync 1 DAGs
[2025-02-12T15:56:04.899+0000] {logging_mixin.py:151} INFO - [2025-02-12T15:56:04.899+0000] {dag.py:3696} INFO - Setting next_dagrun for example_dag_decorator to None, run_after=None
[2025-02-12T15:56:04.922+0000] {processor.py:179} INFO - Processing /home/airflow/.local/lib/python3.8/site-packages/airflow/example_dags/example_dag_decorator.py took 0.234 seconds
[2025-02-12T15:56:35.153+0000] {processor.py:157} INFO - Started process (PID=892) to work on /home/airflow/.local/lib/python3.8/site-packages/airflow/example_dags/example_dag_decorator.py
[2025-02-12T15:56:35.154+0000] {processor.py:829} INFO - Processing file /home/airflow/.local/lib/python3.8/site-packages/airflow/example_dags/example_dag_decorator.py for tasks to queue
[2025-02-12T15:56:35.155+0000] {logging_mixin.py:151} INFO - [2025-02-12T15:56:35.155+0000] {dagbag.py:539} INFO - Filling up the DagBag from /home/airflow/.local/lib/python3.8/site-packages/airflow/example_dags/example_dag_decorator.py
[2025-02-12T15:56:35.237+0000] {processor.py:839} INFO - DAG(s) dict_keys(['example_dag_decorator']) retrieved from /home/airflow/.local/lib/python3.8/site-packages/airflow/example_dags/example_dag_decorator.py
[2025-02-12T15:56:35.361+0000] {logging_mixin.py:151} INFO - [2025-02-12T15:56:35.361+0000] {security.py:708} INFO - Not syncing DAG-level permissions for DAG 'DAG:example_dag_decorator' as access control is unset.
[2025-02-12T15:56:35.362+0000] {logging_mixin.py:151} INFO - [2025-02-12T15:56:35.362+0000] {dag.py:2915} INFO - Sync 1 DAGs
[2025-02-12T15:56:35.377+0000] {logging_mixin.py:151} INFO - [2025-02-12T15:56:35.376+0000] {dag.py:3696} INFO - Setting next_dagrun for example_dag_decorator to None, run_after=None
[2025-02-12T15:56:35.403+0000] {processor.py:179} INFO - Processing /home/airflow/.local/lib/python3.8/site-packages/airflow/example_dags/example_dag_decorator.py took 0.253 seconds
[2025-02-12T15:57:05.903+0000] {processor.py:157} INFO - Started process (PID=1155) to work on /home/airflow/.local/lib/python3.8/site-packages/airflow/example_dags/example_dag_decorator.py
[2025-02-12T15:57:05.904+0000] {processor.py:829} INFO - Processing file /home/airflow/.local/lib/python3.8/site-packages/airflow/example_dags/example_dag_decorator.py for tasks to queue
[2025-02-12T15:57:05.904+0000] {logging_mixin.py:151} INFO - [2025-02-12T15:57:05.904+0000] {dagbag.py:539} INFO - Filling up the DagBag from /home/airflow/.local/lib/python3.8/site-packages/airflow/example_dags/example_dag_decorator.py
[2025-02-12T15:57:05.968+0000] {processor.py:839} INFO - DAG(s) dict_keys(['example_dag_decorator']) retrieved from /home/airflow/.local/lib/python3.8/site-packages/airflow/example_dags/example_dag_decorator.py
[2025-02-12T15:57:06.055+0000] {logging_mixin.py:151} INFO - [2025-02-12T15:57:06.055+0000] {security.py:708} INFO - Not syncing DAG-level permissions for DAG 'DAG:example_dag_decorator' as access control is unset.
[2025-02-12T15:57:06.055+0000] {logging_mixin.py:151} INFO - [2025-02-12T15:57:06.055+0000] {dag.py:2915} INFO - Sync 1 DAGs
[2025-02-12T15:57:06.066+0000] {logging_mixin.py:151} INFO - [2025-02-12T15:57:06.066+0000] {dag.py:3696} INFO - Setting next_dagrun for example_dag_decorator to None, run_after=None
[2025-02-12T15:57:06.084+0000] {processor.py:179} INFO - Processing /home/airflow/.local/lib/python3.8/site-packages/airflow/example_dags/example_dag_decorator.py took 0.184 seconds
[2025-02-12T15:57:36.624+0000] {processor.py:157} INFO - Started process (PID=1414) to work on /home/airflow/.local/lib/python3.8/site-packages/airflow/example_dags/example_dag_decorator.py
[2025-02-12T15:57:36.625+0000] {processor.py:829} INFO - Processing file /home/airflow/.local/lib/python3.8/site-packages/airflow/example_dags/example_dag_decorator.py for tasks to queue
[2025-02-12T15:57:36.626+0000] {logging_mixin.py:151} INFO - [2025-02-12T15:57:36.626+0000] {dagbag.py:539} INFO - Filling up the DagBag from /home/airflow/.local/lib/python3.8/site-packages/airflow/example_dags/example_dag_decorator.py
[2025-02-12T15:57:36.682+0000] {processor.py:839} INFO - DAG(s) dict_keys(['example_dag_decorator']) retrieved from /home/airflow/.local/lib/python3.8/site-packages/airflow/example_dags/example_dag_decorator.py
[2025-02-12T15:57:36.765+0000] {logging_mixin.py:151} INFO - [2025-02-12T15:57:36.765+0000] {security.py:708} INFO - Not syncing DAG-level permissions for DAG 'DAG:example_dag_decorator' as access control is unset.
[2025-02-12T15:57:36.766+0000] {logging_mixin.py:151} INFO - [2025-02-12T15:57:36.765+0000] {dag.py:2915} INFO - Sync 1 DAGs
[2025-02-12T15:57:36.775+0000] {logging_mixin.py:151} INFO - [2025-02-12T15:57:36.774+0000] {dag.py:3696} INFO - Setting next_dagrun for example_dag_decorator to None, run_after=None
[2025-02-12T15:57:36.793+0000] {processor.py:179} INFO - Processing /home/airflow/.local/lib/python3.8/site-packages/airflow/example_dags/example_dag_decorator.py took 0.172 seconds
[2025-02-12T15:59:38.516+0000] {processor.py:157} INFO - Started process (PID=1726) to work on /home/airflow/.local/lib/python3.8/site-packages/airflow/example_dags/example_dag_decorator.py
[2025-02-12T15:59:38.518+0000] {processor.py:829} INFO - Processing file /home/airflow/.local/lib/python3.8/site-packages/airflow/example_dags/example_dag_decorator.py for tasks to queue
[2025-02-12T15:59:38.519+0000] {logging_mixin.py:151} INFO - [2025-02-12T15:59:38.519+0000] {dagbag.py:539} INFO - Filling up the DagBag from /home/airflow/.local/lib/python3.8/site-packages/airflow/example_dags/example_dag_decorator.py
[2025-02-12T15:59:38.582+0000] {processor.py:839} INFO - DAG(s) dict_keys(['example_dag_decorator']) retrieved from /home/airflow/.local/lib/python3.8/site-packages/airflow/example_dags/example_dag_decorator.py
[2025-02-12T15:59:38.725+0000] {logging_mixin.py:151} INFO - [2025-02-12T15:59:38.725+0000] {security.py:708} INFO - Not syncing DAG-level permissions for DAG 'DAG:example_dag_decorator' as access control is unset.
[2025-02-12T15:59:38.726+0000] {logging_mixin.py:151} INFO - [2025-02-12T15:59:38.725+0000] {dag.py:2915} INFO - Sync 1 DAGs
[2025-02-12T15:59:38.736+0000] {logging_mixin.py:151} INFO - [2025-02-12T15:59:38.735+0000] {dag.py:3696} INFO - Setting next_dagrun for example_dag_decorator to None, run_after=None
[2025-02-12T15:59:38.758+0000] {processor.py:179} INFO - Processing /home/airflow/.local/lib/python3.8/site-packages/airflow/example_dags/example_dag_decorator.py took 0.244 seconds
[2025-02-12T16:00:08.825+0000] {processor.py:157} INFO - Started process (PID=2013) to work on /home/airflow/.local/lib/python3.8/site-packages/airflow/example_dags/example_dag_decorator.py
[2025-02-12T16:00:08.826+0000] {processor.py:829} INFO - Processing file /home/airflow/.local/lib/python3.8/site-packages/airflow/example_dags/example_dag_decorator.py for tasks to queue
[2025-02-12T16:00:08.827+0000] {logging_mixin.py:151} INFO - [2025-02-12T16:00:08.827+0000] {dagbag.py:539} INFO - Filling up the DagBag from /home/airflow/.local/lib/python3.8/site-packages/airflow/example_dags/example_dag_decorator.py
[2025-02-12T16:00:08.884+0000] {processor.py:839} INFO - DAG(s) dict_keys(['example_dag_decorator']) retrieved from /home/airflow/.local/lib/python3.8/site-packages/airflow/example_dags/example_dag_decorator.py
[2025-02-12T16:00:08.971+0000] {logging_mixin.py:151} INFO - [2025-02-12T16:00:08.970+0000] {security.py:708} INFO - Not syncing DAG-level permissions for DAG 'DAG:example_dag_decorator' as access control is unset.
[2025-02-12T16:00:08.971+0000] {logging_mixin.py:151} INFO - [2025-02-12T16:00:08.971+0000] {dag.py:2915} INFO - Sync 1 DAGs
[2025-02-12T16:00:08.982+0000] {logging_mixin.py:151} INFO - [2025-02-12T16:00:08.981+0000] {dag.py:3696} INFO - Setting next_dagrun for example_dag_decorator to None, run_after=None
[2025-02-12T16:00:08.998+0000] {processor.py:179} INFO - Processing /home/airflow/.local/lib/python3.8/site-packages/airflow/example_dags/example_dag_decorator.py took 0.176 seconds
[2025-02-12T16:01:58.179+0000] {processor.py:157} INFO - Started process (PID=2326) to work on /home/airflow/.local/lib/python3.8/site-packages/airflow/example_dags/example_dag_decorator.py
[2025-02-12T16:01:58.180+0000] {processor.py:829} INFO - Processing file /home/airflow/.local/lib/python3.8/site-packages/airflow/example_dags/example_dag_decorator.py for tasks to queue
[2025-02-12T16:01:58.181+0000] {logging_mixin.py:151} INFO - [2025-02-12T16:01:58.181+0000] {dagbag.py:539} INFO - Filling up the DagBag from /home/airflow/.local/lib/python3.8/site-packages/airflow/example_dags/example_dag_decorator.py
[2025-02-12T16:01:58.242+0000] {processor.py:839} INFO - DAG(s) dict_keys(['example_dag_decorator']) retrieved from /home/airflow/.local/lib/python3.8/site-packages/airflow/example_dags/example_dag_decorator.py
[2025-02-12T16:01:58.389+0000] {logging_mixin.py:151} INFO - [2025-02-12T16:01:58.388+0000] {security.py:708} INFO - Not syncing DAG-level permissions for DAG 'DAG:example_dag_decorator' as access control is unset.
[2025-02-12T16:01:58.389+0000] {logging_mixin.py:151} INFO - [2025-02-12T16:01:58.389+0000] {dag.py:2915} INFO - Sync 1 DAGs
[2025-02-12T16:01:58.400+0000] {logging_mixin.py:151} INFO - [2025-02-12T16:01:58.400+0000] {dag.py:3696} INFO - Setting next_dagrun for example_dag_decorator to None, run_after=None
[2025-02-12T16:01:58.419+0000] {processor.py:179} INFO - Processing /home/airflow/.local/lib/python3.8/site-packages/airflow/example_dags/example_dag_decorator.py took 0.242 seconds
[2025-02-12T16:02:28.644+0000] {processor.py:157} INFO - Started process (PID=2624) to work on /home/airflow/.local/lib/python3.8/site-packages/airflow/example_dags/example_dag_decorator.py
[2025-02-12T16:02:28.645+0000] {processor.py:829} INFO - Processing file /home/airflow/.local/lib/python3.8/site-packages/airflow/example_dags/example_dag_decorator.py for tasks to queue
[2025-02-12T16:02:28.645+0000] {logging_mixin.py:151} INFO - [2025-02-12T16:02:28.645+0000] {dagbag.py:539} INFO - Filling up the DagBag from /home/airflow/.local/lib/python3.8/site-packages/airflow/example_dags/example_dag_decorator.py
[2025-02-12T16:02:28.703+0000] {processor.py:839} INFO - DAG(s) dict_keys(['example_dag_decorator']) retrieved from /home/airflow/.local/lib/python3.8/site-packages/airflow/example_dags/example_dag_decorator.py
[2025-02-12T16:02:28.791+0000] {logging_mixin.py:151} INFO - [2025-02-12T16:02:28.791+0000] {security.py:708} INFO - Not syncing DAG-level permissions for DAG 'DAG:example_dag_decorator' as access control is unset.
[2025-02-12T16:02:28.791+0000] {logging_mixin.py:151} INFO - [2025-02-12T16:02:28.791+0000] {dag.py:2915} INFO - Sync 1 DAGs
[2025-02-12T16:02:28.800+0000] {logging_mixin.py:151} INFO - [2025-02-12T16:02:28.800+0000] {dag.py:3696} INFO - Setting next_dagrun for example_dag_decorator to None, run_after=None
[2025-02-12T16:02:28.819+0000] {processor.py:179} INFO - Processing /home/airflow/.local/lib/python3.8/site-packages/airflow/example_dags/example_dag_decorator.py took 0.178 seconds
[2025-02-12T16:03:03.679+0000] {processor.py:157} INFO - Started process (PID=2921) to work on /home/airflow/.local/lib/python3.8/site-packages/airflow/example_dags/example_dag_decorator.py
[2025-02-12T16:03:03.681+0000] {processor.py:829} INFO - Processing file /home/airflow/.local/lib/python3.8/site-packages/airflow/example_dags/example_dag_decorator.py for tasks to queue
[2025-02-12T16:03:03.682+0000] {logging_mixin.py:151} INFO - [2025-02-12T16:03:03.681+0000] {dagbag.py:539} INFO - Filling up the DagBag from /home/airflow/.local/lib/python3.8/site-packages/airflow/example_dags/example_dag_decorator.py
[2025-02-12T16:03:03.756+0000] {processor.py:839} INFO - DAG(s) dict_keys(['example_dag_decorator']) retrieved from /home/airflow/.local/lib/python3.8/site-packages/airflow/example_dags/example_dag_decorator.py
[2025-02-12T16:03:03.943+0000] {logging_mixin.py:151} INFO - [2025-02-12T16:03:03.943+0000] {security.py:708} INFO - Not syncing DAG-level permissions for DAG 'DAG:example_dag_decorator' as access control is unset.
[2025-02-12T16:03:03.943+0000] {logging_mixin.py:151} INFO - [2025-02-12T16:03:03.943+0000] {dag.py:2915} INFO - Sync 1 DAGs
[2025-02-12T16:03:03.956+0000] {logging_mixin.py:151} INFO - [2025-02-12T16:03:03.956+0000] {dag.py:3696} INFO - Setting next_dagrun for example_dag_decorator to None, run_after=None
[2025-02-12T16:03:03.981+0000] {processor.py:179} INFO - Processing /home/airflow/.local/lib/python3.8/site-packages/airflow/example_dags/example_dag_decorator.py took 0.306 seconds
[2025-02-12T16:03:34.816+0000] {processor.py:157} INFO - Started process (PID=3228) to work on /home/airflow/.local/lib/python3.8/site-packages/airflow/example_dags/example_dag_decorator.py
[2025-02-12T16:03:34.817+0000] {processor.py:829} INFO - Processing file /home/airflow/.local/lib/python3.8/site-packages/airflow/example_dags/example_dag_decorator.py for tasks to queue
[2025-02-12T16:03:34.818+0000] {logging_mixin.py:151} INFO - [2025-02-12T16:03:34.817+0000] {dagbag.py:539} INFO - Filling up the DagBag from /home/airflow/.local/lib/python3.8/site-packages/airflow/example_dags/example_dag_decorator.py
[2025-02-12T16:03:34.878+0000] {processor.py:839} INFO - DAG(s) dict_keys(['example_dag_decorator']) retrieved from /home/airflow/.local/lib/python3.8/site-packages/airflow/example_dags/example_dag_decorator.py
[2025-02-12T16:03:34.983+0000] {logging_mixin.py:151} INFO - [2025-02-12T16:03:34.982+0000] {security.py:708} INFO - Not syncing DAG-level permissions for DAG 'DAG:example_dag_decorator' as access control is unset.
[2025-02-12T16:03:34.983+0000] {logging_mixin.py:151} INFO - [2025-02-12T16:03:34.983+0000] {dag.py:2915} INFO - Sync 1 DAGs
[2025-02-12T16:03:34.993+0000] {logging_mixin.py:151} INFO - [2025-02-12T16:03:34.993+0000] {dag.py:3696} INFO - Setting next_dagrun for example_dag_decorator to None, run_after=None
[2025-02-12T16:03:35.012+0000] {processor.py:179} INFO - Processing /home/airflow/.local/lib/python3.8/site-packages/airflow/example_dags/example_dag_decorator.py took 0.199 seconds
[2025-02-12T16:04:07.184+0000] {processor.py:157} INFO - Started process (PID=3489) to work on /home/airflow/.local/lib/python3.8/site-packages/airflow/example_dags/example_dag_decorator.py
[2025-02-12T16:04:07.185+0000] {processor.py:829} INFO - Processing file /home/airflow/.local/lib/python3.8/site-packages/airflow/example_dags/example_dag_decorator.py for tasks to queue
[2025-02-12T16:04:07.186+0000] {logging_mixin.py:151} INFO - [2025-02-12T16:04:07.185+0000] {dagbag.py:539} INFO - Filling up the DagBag from /home/airflow/.local/lib/python3.8/site-packages/airflow/example_dags/example_dag_decorator.py
[2025-02-12T16:04:07.247+0000] {processor.py:839} INFO - DAG(s) dict_keys(['example_dag_decorator']) retrieved from /home/airflow/.local/lib/python3.8/site-packages/airflow/example_dags/example_dag_decorator.py
[2025-02-12T16:04:07.332+0000] {logging_mixin.py:151} INFO - [2025-02-12T16:04:07.331+0000] {security.py:708} INFO - Not syncing DAG-level permissions for DAG 'DAG:example_dag_decorator' as access control is unset.
[2025-02-12T16:04:07.332+0000] {logging_mixin.py:151} INFO - [2025-02-12T16:04:07.332+0000] {dag.py:2915} INFO - Sync 1 DAGs
[2025-02-12T16:04:07.341+0000] {logging_mixin.py:151} INFO - [2025-02-12T16:04:07.341+0000] {dag.py:3696} INFO - Setting next_dagrun for example_dag_decorator to None, run_after=None
[2025-02-12T16:04:07.361+0000] {processor.py:179} INFO - Processing /home/airflow/.local/lib/python3.8/site-packages/airflow/example_dags/example_dag_decorator.py took 0.179 seconds
[2025-02-12T16:04:39.650+0000] {processor.py:157} INFO - Started process (PID=3756) to work on /home/airflow/.local/lib/python3.8/site-packages/airflow/example_dags/example_dag_decorator.py
[2025-02-12T16:04:39.651+0000] {processor.py:829} INFO - Processing file /home/airflow/.local/lib/python3.8/site-packages/airflow/example_dags/example_dag_decorator.py for tasks to queue
[2025-02-12T16:04:39.652+0000] {logging_mixin.py:151} INFO - [2025-02-12T16:04:39.652+0000] {dagbag.py:539} INFO - Filling up the DagBag from /home/airflow/.local/lib/python3.8/site-packages/airflow/example_dags/example_dag_decorator.py
[2025-02-12T16:04:39.707+0000] {processor.py:839} INFO - DAG(s) dict_keys(['example_dag_decorator']) retrieved from /home/airflow/.local/lib/python3.8/site-packages/airflow/example_dags/example_dag_decorator.py
[2025-02-12T16:04:39.796+0000] {logging_mixin.py:151} INFO - [2025-02-12T16:04:39.796+0000] {security.py:708} INFO - Not syncing DAG-level permissions for DAG 'DAG:example_dag_decorator' as access control is unset.
[2025-02-12T16:04:39.797+0000] {logging_mixin.py:151} INFO - [2025-02-12T16:04:39.797+0000] {dag.py:2915} INFO - Sync 1 DAGs
[2025-02-12T16:04:39.805+0000] {logging_mixin.py:151} INFO - [2025-02-12T16:04:39.805+0000] {dag.py:3696} INFO - Setting next_dagrun for example_dag_decorator to None, run_after=None
[2025-02-12T16:04:39.823+0000] {processor.py:179} INFO - Processing /home/airflow/.local/lib/python3.8/site-packages/airflow/example_dags/example_dag_decorator.py took 0.176 seconds
[2025-02-12T16:05:12.952+0000] {processor.py:157} INFO - Started process (PID=4017) to work on /home/airflow/.local/lib/python3.8/site-packages/airflow/example_dags/example_dag_decorator.py
[2025-02-12T16:05:12.953+0000] {processor.py:829} INFO - Processing file /home/airflow/.local/lib/python3.8/site-packages/airflow/example_dags/example_dag_decorator.py for tasks to queue
[2025-02-12T16:05:12.954+0000] {logging_mixin.py:151} INFO - [2025-02-12T16:05:12.953+0000] {dagbag.py:539} INFO - Filling up the DagBag from /home/airflow/.local/lib/python3.8/site-packages/airflow/example_dags/example_dag_decorator.py
[2025-02-12T16:05:13.008+0000] {processor.py:839} INFO - DAG(s) dict_keys(['example_dag_decorator']) retrieved from /home/airflow/.local/lib/python3.8/site-packages/airflow/example_dags/example_dag_decorator.py
[2025-02-12T16:05:13.090+0000] {logging_mixin.py:151} INFO - [2025-02-12T16:05:13.090+0000] {security.py:708} INFO - Not syncing DAG-level permissions for DAG 'DAG:example_dag_decorator' as access control is unset.
[2025-02-12T16:05:13.091+0000] {logging_mixin.py:151} INFO - [2025-02-12T16:05:13.090+0000] {dag.py:2915} INFO - Sync 1 DAGs
[2025-02-12T16:05:13.100+0000] {logging_mixin.py:151} INFO - [2025-02-12T16:05:13.099+0000] {dag.py:3696} INFO - Setting next_dagrun for example_dag_decorator to None, run_after=None
[2025-02-12T16:05:13.115+0000] {processor.py:179} INFO - Processing /home/airflow/.local/lib/python3.8/site-packages/airflow/example_dags/example_dag_decorator.py took 0.165 seconds
[2025-02-12T16:05:44.640+0000] {processor.py:157} INFO - Started process (PID=4280) to work on /home/airflow/.local/lib/python3.8/site-packages/airflow/example_dags/example_dag_decorator.py
[2025-02-12T16:05:44.641+0000] {processor.py:829} INFO - Processing file /home/airflow/.local/lib/python3.8/site-packages/airflow/example_dags/example_dag_decorator.py for tasks to queue
[2025-02-12T16:05:44.642+0000] {logging_mixin.py:151} INFO - [2025-02-12T16:05:44.641+0000] {dagbag.py:539} INFO - Filling up the DagBag from /home/airflow/.local/lib/python3.8/site-packages/airflow/example_dags/example_dag_decorator.py
[2025-02-12T16:05:44.718+0000] {processor.py:839} INFO - DAG(s) dict_keys(['example_dag_decorator']) retrieved from /home/airflow/.local/lib/python3.8/site-packages/airflow/example_dags/example_dag_decorator.py
[2025-02-12T16:05:44.808+0000] {logging_mixin.py:151} INFO - [2025-02-12T16:05:44.808+0000] {security.py:708} INFO - Not syncing DAG-level permissions for DAG 'DAG:example_dag_decorator' as access control is unset.
[2025-02-12T16:05:44.809+0000] {logging_mixin.py:151} INFO - [2025-02-12T16:05:44.808+0000] {dag.py:2915} INFO - Sync 1 DAGs
[2025-02-12T16:05:44.818+0000] {logging_mixin.py:151} INFO - [2025-02-12T16:05:44.817+0000] {dag.py:3696} INFO - Setting next_dagrun for example_dag_decorator to None, run_after=None
[2025-02-12T16:05:44.837+0000] {processor.py:179} INFO - Processing /home/airflow/.local/lib/python3.8/site-packages/airflow/example_dags/example_dag_decorator.py took 0.200 seconds
[2025-02-12T16:06:14.954+0000] {processor.py:157} INFO - Started process (PID=4545) to work on /home/airflow/.local/lib/python3.8/site-packages/airflow/example_dags/example_dag_decorator.py
[2025-02-12T16:06:14.955+0000] {processor.py:829} INFO - Processing file /home/airflow/.local/lib/python3.8/site-packages/airflow/example_dags/example_dag_decorator.py for tasks to queue
[2025-02-12T16:06:14.955+0000] {logging_mixin.py:151} INFO - [2025-02-12T16:06:14.955+0000] {dagbag.py:539} INFO - Filling up the DagBag from /home/airflow/.local/lib/python3.8/site-packages/airflow/example_dags/example_dag_decorator.py
[2025-02-12T16:06:15.036+0000] {processor.py:839} INFO - DAG(s) dict_keys(['example_dag_decorator']) retrieved from /home/airflow/.local/lib/python3.8/site-packages/airflow/example_dags/example_dag_decorator.py
[2025-02-12T16:06:15.151+0000] {logging_mixin.py:151} INFO - [2025-02-12T16:06:15.151+0000] {security.py:708} INFO - Not syncing DAG-level permissions for DAG 'DAG:example_dag_decorator' as access control is unset.
[2025-02-12T16:06:15.151+0000] {logging_mixin.py:151} INFO - [2025-02-12T16:06:15.151+0000] {dag.py:2915} INFO - Sync 1 DAGs
[2025-02-12T16:06:15.164+0000] {logging_mixin.py:151} INFO - [2025-02-12T16:06:15.163+0000] {dag.py:3696} INFO - Setting next_dagrun for example_dag_decorator to None, run_after=None
[2025-02-12T16:06:15.183+0000] {processor.py:179} INFO - Processing /home/airflow/.local/lib/python3.8/site-packages/airflow/example_dags/example_dag_decorator.py took 0.232 seconds
[2025-02-12T16:06:45.548+0000] {processor.py:157} INFO - Started process (PID=4799) to work on /home/airflow/.local/lib/python3.8/site-packages/airflow/example_dags/example_dag_decorator.py
[2025-02-12T16:06:45.549+0000] {processor.py:829} INFO - Processing file /home/airflow/.local/lib/python3.8/site-packages/airflow/example_dags/example_dag_decorator.py for tasks to queue
[2025-02-12T16:06:45.550+0000] {logging_mixin.py:151} INFO - [2025-02-12T16:06:45.550+0000] {dagbag.py:539} INFO - Filling up the DagBag from /home/airflow/.local/lib/python3.8/site-packages/airflow/example_dags/example_dag_decorator.py
[2025-02-12T16:06:45.615+0000] {processor.py:839} INFO - DAG(s) dict_keys(['example_dag_decorator']) retrieved from /home/airflow/.local/lib/python3.8/site-packages/airflow/example_dags/example_dag_decorator.py
[2025-02-12T16:06:45.717+0000] {logging_mixin.py:151} INFO - [2025-02-12T16:06:45.717+0000] {security.py:708} INFO - Not syncing DAG-level permissions for DAG 'DAG:example_dag_decorator' as access control is unset.
[2025-02-12T16:06:45.718+0000] {logging_mixin.py:151} INFO - [2025-02-12T16:06:45.718+0000] {dag.py:2915} INFO - Sync 1 DAGs
[2025-02-12T16:06:45.729+0000] {logging_mixin.py:151} INFO - [2025-02-12T16:06:45.728+0000] {dag.py:3696} INFO - Setting next_dagrun for example_dag_decorator to None, run_after=None
[2025-02-12T16:06:45.755+0000] {processor.py:179} INFO - Processing /home/airflow/.local/lib/python3.8/site-packages/airflow/example_dags/example_dag_decorator.py took 0.209 seconds
[2025-02-12T16:07:16.538+0000] {processor.py:157} INFO - Started process (PID=5118) to work on /home/airflow/.local/lib/python3.8/site-packages/airflow/example_dags/example_dag_decorator.py
[2025-02-12T16:07:16.539+0000] {processor.py:829} INFO - Processing file /home/airflow/.local/lib/python3.8/site-packages/airflow/example_dags/example_dag_decorator.py for tasks to queue
[2025-02-12T16:07:16.539+0000] {logging_mixin.py:151} INFO - [2025-02-12T16:07:16.539+0000] {dagbag.py:539} INFO - Filling up the DagBag from /home/airflow/.local/lib/python3.8/site-packages/airflow/example_dags/example_dag_decorator.py
[2025-02-12T16:07:16.602+0000] {processor.py:839} INFO - DAG(s) dict_keys(['example_dag_decorator']) retrieved from /home/airflow/.local/lib/python3.8/site-packages/airflow/example_dags/example_dag_decorator.py
[2025-02-12T16:07:16.686+0000] {logging_mixin.py:151} INFO - [2025-02-12T16:07:16.686+0000] {security.py:708} INFO - Not syncing DAG-level permissions for DAG 'DAG:example_dag_decorator' as access control is unset.
[2025-02-12T16:07:16.686+0000] {logging_mixin.py:151} INFO - [2025-02-12T16:07:16.686+0000] {dag.py:2915} INFO - Sync 1 DAGs
[2025-02-12T16:07:16.694+0000] {logging_mixin.py:151} INFO - [2025-02-12T16:07:16.694+0000] {dag.py:3696} INFO - Setting next_dagrun for example_dag_decorator to None, run_after=None
[2025-02-12T16:07:16.713+0000] {processor.py:179} INFO - Processing /home/airflow/.local/lib/python3.8/site-packages/airflow/example_dags/example_dag_decorator.py took 0.179 seconds
[2025-02-12T16:07:47.276+0000] {processor.py:157} INFO - Started process (PID=5377) to work on /home/airflow/.local/lib/python3.8/site-packages/airflow/example_dags/example_dag_decorator.py
[2025-02-12T16:07:47.277+0000] {processor.py:829} INFO - Processing file /home/airflow/.local/lib/python3.8/site-packages/airflow/example_dags/example_dag_decorator.py for tasks to queue
[2025-02-12T16:07:47.278+0000] {logging_mixin.py:151} INFO - [2025-02-12T16:07:47.278+0000] {dagbag.py:539} INFO - Filling up the DagBag from /home/airflow/.local/lib/python3.8/site-packages/airflow/example_dags/example_dag_decorator.py
[2025-02-12T16:07:47.346+0000] {processor.py:839} INFO - DAG(s) dict_keys(['example_dag_decorator']) retrieved from /home/airflow/.local/lib/python3.8/site-packages/airflow/example_dags/example_dag_decorator.py
[2025-02-12T16:07:47.453+0000] {logging_mixin.py:151} INFO - [2025-02-12T16:07:47.453+0000] {security.py:708} INFO - Not syncing DAG-level permissions for DAG 'DAG:example_dag_decorator' as access control is unset.
[2025-02-12T16:07:47.453+0000] {logging_mixin.py:151} INFO - [2025-02-12T16:07:47.453+0000] {dag.py:2915} INFO - Sync 1 DAGs
[2025-02-12T16:07:47.464+0000] {logging_mixin.py:151} INFO - [2025-02-12T16:07:47.464+0000] {dag.py:3696} INFO - Setting next_dagrun for example_dag_decorator to None, run_after=None
[2025-02-12T16:07:47.486+0000] {processor.py:179} INFO - Processing /home/airflow/.local/lib/python3.8/site-packages/airflow/example_dags/example_dag_decorator.py took 0.214 seconds
[2025-02-12T16:08:24.489+0000] {processor.py:157} INFO - Started process (PID=5675) to work on /home/airflow/.local/lib/python3.8/site-packages/airflow/example_dags/example_dag_decorator.py
[2025-02-12T16:08:24.497+0000] {processor.py:829} INFO - Processing file /home/airflow/.local/lib/python3.8/site-packages/airflow/example_dags/example_dag_decorator.py for tasks to queue
[2025-02-12T16:08:24.499+0000] {logging_mixin.py:151} INFO - [2025-02-12T16:08:24.498+0000] {dagbag.py:539} INFO - Filling up the DagBag from /home/airflow/.local/lib/python3.8/site-packages/airflow/example_dags/example_dag_decorator.py
[2025-02-12T16:08:31.531+0000] {processor.py:839} INFO - DAG(s) dict_keys(['example_dag_decorator']) retrieved from /home/airflow/.local/lib/python3.8/site-packages/airflow/example_dags/example_dag_decorator.py
[2025-02-12T16:08:32.036+0000] {logging_mixin.py:151} INFO - [2025-02-12T16:08:32.036+0000] {security.py:708} INFO - Not syncing DAG-level permissions for DAG 'DAG:example_dag_decorator' as access control is unset.
[2025-02-12T16:08:32.037+0000] {logging_mixin.py:151} INFO - [2025-02-12T16:08:32.036+0000] {dag.py:2915} INFO - Sync 1 DAGs
[2025-02-12T16:08:32.063+0000] {logging_mixin.py:151} INFO - [2025-02-12T16:08:32.063+0000] {dag.py:3696} INFO - Setting next_dagrun for example_dag_decorator to None, run_after=None
[2025-02-12T16:08:32.116+0000] {processor.py:179} INFO - Processing /home/airflow/.local/lib/python3.8/site-packages/airflow/example_dags/example_dag_decorator.py took 0.815 seconds
[2025-02-12T16:09:02.702+0000] {processor.py:157} INFO - Started process (PID=5968) to work on /home/airflow/.local/lib/python3.8/site-packages/airflow/example_dags/example_dag_decorator.py
[2025-02-12T16:09:02.703+0000] {processor.py:829} INFO - Processing file /home/airflow/.local/lib/python3.8/site-packages/airflow/example_dags/example_dag_decorator.py for tasks to queue
[2025-02-12T16:09:02.704+0000] {logging_mixin.py:151} INFO - [2025-02-12T16:09:02.704+0000] {dagbag.py:539} INFO - Filling up the DagBag from /home/airflow/.local/lib/python3.8/site-packages/airflow/example_dags/example_dag_decorator.py
[2025-02-12T16:09:02.828+0000] {processor.py:839} INFO - DAG(s) dict_keys(['example_dag_decorator']) retrieved from /home/airflow/.local/lib/python3.8/site-packages/airflow/example_dags/example_dag_decorator.py
[2025-02-12T16:09:03.044+0000] {logging_mixin.py:151} INFO - [2025-02-12T16:09:03.043+0000] {security.py:708} INFO - Not syncing DAG-level permissions for DAG 'DAG:example_dag_decorator' as access control is unset.
[2025-02-12T16:09:03.044+0000] {logging_mixin.py:151} INFO - [2025-02-12T16:09:03.044+0000] {dag.py:2915} INFO - Sync 1 DAGs
[2025-02-12T16:09:03.059+0000] {logging_mixin.py:151} INFO - [2025-02-12T16:09:03.058+0000] {dag.py:3696} INFO - Setting next_dagrun for example_dag_decorator to None, run_after=None
[2025-02-12T16:09:03.094+0000] {processor.py:179} INFO - Processing /home/airflow/.local/lib/python3.8/site-packages/airflow/example_dags/example_dag_decorator.py took 0.402 seconds
[2025-02-12T16:10:29.336+0000] {processor.py:157} INFO - Started process (PID=6220) to work on /home/airflow/.local/lib/python3.8/site-packages/airflow/example_dags/example_dag_decorator.py
[2025-02-12T16:10:29.338+0000] {processor.py:829} INFO - Processing file /home/airflow/.local/lib/python3.8/site-packages/airflow/example_dags/example_dag_decorator.py for tasks to queue
[2025-02-12T16:10:29.339+0000] {logging_mixin.py:151} INFO - [2025-02-12T16:10:29.338+0000] {dagbag.py:539} INFO - Filling up the DagBag from /home/airflow/.local/lib/python3.8/site-packages/airflow/example_dags/example_dag_decorator.py
[2025-02-12T16:10:29.438+0000] {processor.py:839} INFO - DAG(s) dict_keys(['example_dag_decorator']) retrieved from /home/airflow/.local/lib/python3.8/site-packages/airflow/example_dags/example_dag_decorator.py
[2025-02-12T16:10:29.639+0000] {logging_mixin.py:151} INFO - [2025-02-12T16:10:29.639+0000] {security.py:708} INFO - Not syncing DAG-level permissions for DAG 'DAG:example_dag_decorator' as access control is unset.
[2025-02-12T16:10:29.639+0000] {logging_mixin.py:151} INFO - [2025-02-12T16:10:29.639+0000] {dag.py:2915} INFO - Sync 1 DAGs
[2025-02-12T16:10:29.653+0000] {logging_mixin.py:151} INFO - [2025-02-12T16:10:29.653+0000] {dag.py:3696} INFO - Setting next_dagrun for example_dag_decorator to None, run_after=None
[2025-02-12T16:10:29.679+0000] {processor.py:179} INFO - Processing /home/airflow/.local/lib/python3.8/site-packages/airflow/example_dags/example_dag_decorator.py took 0.346 seconds
[2025-02-12T16:10:59.895+0000] {processor.py:157} INFO - Started process (PID=6490) to work on /home/airflow/.local/lib/python3.8/site-packages/airflow/example_dags/example_dag_decorator.py
[2025-02-12T16:10:59.897+0000] {processor.py:829} INFO - Processing file /home/airflow/.local/lib/python3.8/site-packages/airflow/example_dags/example_dag_decorator.py for tasks to queue
[2025-02-12T16:10:59.898+0000] {logging_mixin.py:151} INFO - [2025-02-12T16:10:59.897+0000] {dagbag.py:539} INFO - Filling up the DagBag from /home/airflow/.local/lib/python3.8/site-packages/airflow/example_dags/example_dag_decorator.py
[2025-02-12T16:10:59.967+0000] {processor.py:839} INFO - DAG(s) dict_keys(['example_dag_decorator']) retrieved from /home/airflow/.local/lib/python3.8/site-packages/airflow/example_dags/example_dag_decorator.py
[2025-02-12T16:10:59.990+0000] {logging_mixin.py:151} INFO - [2025-02-12T16:10:59.990+0000] {dag.py:2915} INFO - Sync 1 DAGs
[2025-02-12T16:11:00.004+0000] {logging_mixin.py:151} INFO - [2025-02-12T16:11:00.003+0000] {dag.py:3696} INFO - Setting next_dagrun for example_dag_decorator to None, run_after=None
[2025-02-12T16:11:00.021+0000] {processor.py:179} INFO - Processing /home/airflow/.local/lib/python3.8/site-packages/airflow/example_dags/example_dag_decorator.py took 0.129 seconds
[2025-02-12T16:11:30.605+0000] {processor.py:157} INFO - Started process (PID=6752) to work on /home/airflow/.local/lib/python3.8/site-packages/airflow/example_dags/example_dag_decorator.py
[2025-02-12T16:11:30.606+0000] {processor.py:829} INFO - Processing file /home/airflow/.local/lib/python3.8/site-packages/airflow/example_dags/example_dag_decorator.py for tasks to queue
[2025-02-12T16:11:30.607+0000] {logging_mixin.py:151} INFO - [2025-02-12T16:11:30.606+0000] {dagbag.py:539} INFO - Filling up the DagBag from /home/airflow/.local/lib/python3.8/site-packages/airflow/example_dags/example_dag_decorator.py
[2025-02-12T16:11:30.659+0000] {processor.py:839} INFO - DAG(s) dict_keys(['example_dag_decorator']) retrieved from /home/airflow/.local/lib/python3.8/site-packages/airflow/example_dags/example_dag_decorator.py
[2025-02-12T16:11:30.739+0000] {logging_mixin.py:151} INFO - [2025-02-12T16:11:30.739+0000] {security.py:708} INFO - Not syncing DAG-level permissions for DAG 'DAG:example_dag_decorator' as access control is unset.
[2025-02-12T16:11:30.740+0000] {logging_mixin.py:151} INFO - [2025-02-12T16:11:30.740+0000] {dag.py:2915} INFO - Sync 1 DAGs
[2025-02-12T16:11:30.748+0000] {logging_mixin.py:151} INFO - [2025-02-12T16:11:30.748+0000] {dag.py:3696} INFO - Setting next_dagrun for example_dag_decorator to None, run_after=None
[2025-02-12T16:11:30.765+0000] {processor.py:179} INFO - Processing /home/airflow/.local/lib/python3.8/site-packages/airflow/example_dags/example_dag_decorator.py took 0.162 seconds
