[2025-02-12T15:51:05.885+0000] {processor.py:157} INFO - Started process (PID=237) to work on /home/airflow/.local/lib/python3.8/site-packages/airflow/example_dags/example_task_group_decorator.py
[2025-02-12T15:51:05.886+0000] {processor.py:829} INFO - Processing file /home/airflow/.local/lib/python3.8/site-packages/airflow/example_dags/example_task_group_decorator.py for tasks to queue
[2025-02-12T15:51:05.886+0000] {logging_mixin.py:151} INFO - [2025-02-12T15:51:05.886+0000] {dagbag.py:539} INFO - Filling up the DagBag from /home/airflow/.local/lib/python3.8/site-packages/airflow/example_dags/example_task_group_decorator.py
[2025-02-12T15:51:05.902+0000] {processor.py:839} INFO - DAG(s) dict_keys(['example_task_group_decorator']) retrieved from /home/airflow/.local/lib/python3.8/site-packages/airflow/example_dags/example_task_group_decorator.py
[2025-02-12T15:51:05.913+0000] {logging_mixin.py:151} INFO - [2025-02-12T15:51:05.913+0000] {dag.py:2915} INFO - Sync 1 DAGs
[2025-02-12T15:51:05.936+0000] {logging_mixin.py:151} INFO - [2025-02-12T15:51:05.936+0000] {dag.py:3696} INFO - Setting next_dagrun for example_task_group_decorator to 2025-02-11T15:51:05.936293+00:00, run_after=2025-02-12T15:51:05.936293+00:00
[2025-02-12T15:51:05.957+0000] {processor.py:179} INFO - Processing /home/airflow/.local/lib/python3.8/site-packages/airflow/example_dags/example_task_group_decorator.py took 0.075 seconds
[2025-02-12T15:51:36.568+0000] {processor.py:157} INFO - Started process (PID=493) to work on /home/airflow/.local/lib/python3.8/site-packages/airflow/example_dags/example_task_group_decorator.py
[2025-02-12T15:51:36.569+0000] {processor.py:829} INFO - Processing file /home/airflow/.local/lib/python3.8/site-packages/airflow/example_dags/example_task_group_decorator.py for tasks to queue
[2025-02-12T15:51:36.570+0000] {logging_mixin.py:151} INFO - [2025-02-12T15:51:36.570+0000] {dagbag.py:539} INFO - Filling up the DagBag from /home/airflow/.local/lib/python3.8/site-packages/airflow/example_dags/example_task_group_decorator.py
[2025-02-12T15:51:36.582+0000] {processor.py:839} INFO - DAG(s) dict_keys(['example_task_group_decorator']) retrieved from /home/airflow/.local/lib/python3.8/site-packages/airflow/example_dags/example_task_group_decorator.py
[2025-02-12T15:51:36.603+0000] {logging_mixin.py:151} INFO - [2025-02-12T15:51:36.602+0000] {dag.py:2915} INFO - Sync 1 DAGs
[2025-02-12T15:51:36.619+0000] {logging_mixin.py:151} INFO - [2025-02-12T15:51:36.618+0000] {dag.py:3696} INFO - Setting next_dagrun for example_task_group_decorator to 2025-02-11T15:51:36.618624+00:00, run_after=2025-02-12T15:51:36.618624+00:00
[2025-02-12T15:51:36.633+0000] {processor.py:179} INFO - Processing /home/airflow/.local/lib/python3.8/site-packages/airflow/example_dags/example_task_group_decorator.py took 0.067 seconds
[2025-02-12T15:52:12.351+0000] {processor.py:157} INFO - Started process (PID=752) to work on /home/airflow/.local/lib/python3.8/site-packages/airflow/example_dags/example_task_group_decorator.py
[2025-02-12T15:52:12.353+0000] {processor.py:829} INFO - Processing file /home/airflow/.local/lib/python3.8/site-packages/airflow/example_dags/example_task_group_decorator.py for tasks to queue
[2025-02-12T15:52:12.354+0000] {logging_mixin.py:151} INFO - [2025-02-12T15:52:12.353+0000] {dagbag.py:539} INFO - Filling up the DagBag from /home/airflow/.local/lib/python3.8/site-packages/airflow/example_dags/example_task_group_decorator.py
[2025-02-12T15:52:12.373+0000] {processor.py:839} INFO - DAG(s) dict_keys(['example_task_group_decorator']) retrieved from /home/airflow/.local/lib/python3.8/site-packages/airflow/example_dags/example_task_group_decorator.py
[2025-02-12T15:52:12.401+0000] {logging_mixin.py:151} INFO - [2025-02-12T15:52:12.400+0000] {dag.py:2915} INFO - Sync 1 DAGs
[2025-02-12T15:52:12.427+0000] {logging_mixin.py:151} INFO - [2025-02-12T15:52:12.426+0000] {dag.py:3696} INFO - Setting next_dagrun for example_task_group_decorator to 2025-02-11T15:52:12.426647+00:00, run_after=2025-02-12T15:52:12.426647+00:00
[2025-02-12T15:52:12.448+0000] {processor.py:179} INFO - Processing /home/airflow/.local/lib/python3.8/site-packages/airflow/example_dags/example_task_group_decorator.py took 0.100 seconds
[2025-02-12T15:52:43.414+0000] {processor.py:157} INFO - Started process (PID=1015) to work on /home/airflow/.local/lib/python3.8/site-packages/airflow/example_dags/example_task_group_decorator.py
[2025-02-12T15:52:43.415+0000] {processor.py:829} INFO - Processing file /home/airflow/.local/lib/python3.8/site-packages/airflow/example_dags/example_task_group_decorator.py for tasks to queue
[2025-02-12T15:52:43.415+0000] {logging_mixin.py:151} INFO - [2025-02-12T15:52:43.415+0000] {dagbag.py:539} INFO - Filling up the DagBag from /home/airflow/.local/lib/python3.8/site-packages/airflow/example_dags/example_task_group_decorator.py
[2025-02-12T15:52:43.430+0000] {processor.py:839} INFO - DAG(s) dict_keys(['example_task_group_decorator']) retrieved from /home/airflow/.local/lib/python3.8/site-packages/airflow/example_dags/example_task_group_decorator.py
[2025-02-12T15:52:43.455+0000] {logging_mixin.py:151} INFO - [2025-02-12T15:52:43.454+0000] {dag.py:2915} INFO - Sync 1 DAGs
[2025-02-12T15:52:43.472+0000] {logging_mixin.py:151} INFO - [2025-02-12T15:52:43.472+0000] {dag.py:3696} INFO - Setting next_dagrun for example_task_group_decorator to 2025-02-11T15:52:43.472616+00:00, run_after=2025-02-12T15:52:43.472616+00:00
[2025-02-12T15:52:43.488+0000] {processor.py:179} INFO - Processing /home/airflow/.local/lib/python3.8/site-packages/airflow/example_dags/example_task_group_decorator.py took 0.076 seconds
[2025-02-12T15:53:14.596+0000] {processor.py:157} INFO - Started process (PID=1280) to work on /home/airflow/.local/lib/python3.8/site-packages/airflow/example_dags/example_task_group_decorator.py
[2025-02-12T15:53:14.597+0000] {processor.py:829} INFO - Processing file /home/airflow/.local/lib/python3.8/site-packages/airflow/example_dags/example_task_group_decorator.py for tasks to queue
[2025-02-12T15:53:14.598+0000] {logging_mixin.py:151} INFO - [2025-02-12T15:53:14.598+0000] {dagbag.py:539} INFO - Filling up the DagBag from /home/airflow/.local/lib/python3.8/site-packages/airflow/example_dags/example_task_group_decorator.py
[2025-02-12T15:53:14.610+0000] {processor.py:839} INFO - DAG(s) dict_keys(['example_task_group_decorator']) retrieved from /home/airflow/.local/lib/python3.8/site-packages/airflow/example_dags/example_task_group_decorator.py
[2025-02-12T15:53:14.636+0000] {logging_mixin.py:151} INFO - [2025-02-12T15:53:14.636+0000] {dag.py:2915} INFO - Sync 1 DAGs
[2025-02-12T15:53:14.659+0000] {logging_mixin.py:151} INFO - [2025-02-12T15:53:14.658+0000] {dag.py:3696} INFO - Setting next_dagrun for example_task_group_decorator to 2025-02-11T15:53:14.658575+00:00, run_after=2025-02-12T15:53:14.658575+00:00
[2025-02-12T15:53:14.677+0000] {processor.py:179} INFO - Processing /home/airflow/.local/lib/python3.8/site-packages/airflow/example_dags/example_task_group_decorator.py took 0.084 seconds
[2025-02-12T15:53:45.571+0000] {processor.py:157} INFO - Started process (PID=1546) to work on /home/airflow/.local/lib/python3.8/site-packages/airflow/example_dags/example_task_group_decorator.py
[2025-02-12T15:53:45.572+0000] {processor.py:829} INFO - Processing file /home/airflow/.local/lib/python3.8/site-packages/airflow/example_dags/example_task_group_decorator.py for tasks to queue
[2025-02-12T15:53:45.573+0000] {logging_mixin.py:151} INFO - [2025-02-12T15:53:45.573+0000] {dagbag.py:539} INFO - Filling up the DagBag from /home/airflow/.local/lib/python3.8/site-packages/airflow/example_dags/example_task_group_decorator.py
[2025-02-12T15:53:45.588+0000] {processor.py:839} INFO - DAG(s) dict_keys(['example_task_group_decorator']) retrieved from /home/airflow/.local/lib/python3.8/site-packages/airflow/example_dags/example_task_group_decorator.py
[2025-02-12T15:53:45.614+0000] {logging_mixin.py:151} INFO - [2025-02-12T15:53:45.613+0000] {dag.py:2915} INFO - Sync 1 DAGs
[2025-02-12T15:53:45.636+0000] {logging_mixin.py:151} INFO - [2025-02-12T15:53:45.636+0000] {dag.py:3696} INFO - Setting next_dagrun for example_task_group_decorator to 2025-02-11T15:53:45.636136+00:00, run_after=2025-02-12T15:53:45.636136+00:00
[2025-02-12T15:53:45.658+0000] {processor.py:179} INFO - Processing /home/airflow/.local/lib/python3.8/site-packages/airflow/example_dags/example_task_group_decorator.py took 0.090 seconds
[2025-02-12T15:55:29.787+0000] {processor.py:157} INFO - Started process (PID=230) to work on /home/airflow/.local/lib/python3.8/site-packages/airflow/example_dags/example_task_group_decorator.py
[2025-02-12T15:55:29.788+0000] {processor.py:829} INFO - Processing file /home/airflow/.local/lib/python3.8/site-packages/airflow/example_dags/example_task_group_decorator.py for tasks to queue
[2025-02-12T15:55:29.789+0000] {logging_mixin.py:151} INFO - [2025-02-12T15:55:29.789+0000] {dagbag.py:539} INFO - Filling up the DagBag from /home/airflow/.local/lib/python3.8/site-packages/airflow/example_dags/example_task_group_decorator.py
[2025-02-12T15:55:29.804+0000] {processor.py:839} INFO - DAG(s) dict_keys(['example_task_group_decorator']) retrieved from /home/airflow/.local/lib/python3.8/site-packages/airflow/example_dags/example_task_group_decorator.py
[2025-02-12T15:55:29.833+0000] {logging_mixin.py:151} INFO - [2025-02-12T15:55:29.833+0000] {dag.py:2915} INFO - Sync 1 DAGs
[2025-02-12T15:55:29.989+0000] {logging_mixin.py:151} INFO - [2025-02-12T15:55:29.989+0000] {dag.py:3696} INFO - Setting next_dagrun for example_task_group_decorator to 2025-02-11T15:55:29.989054+00:00, run_after=2025-02-12T15:55:29.989054+00:00
[2025-02-12T15:55:30.010+0000] {processor.py:179} INFO - Processing /home/airflow/.local/lib/python3.8/site-packages/airflow/example_dags/example_task_group_decorator.py took 0.225 seconds
[2025-02-12T15:56:02.619+0000] {processor.py:157} INFO - Started process (PID=491) to work on /home/airflow/.local/lib/python3.8/site-packages/airflow/example_dags/example_task_group_decorator.py
[2025-02-12T15:56:02.620+0000] {processor.py:829} INFO - Processing file /home/airflow/.local/lib/python3.8/site-packages/airflow/example_dags/example_task_group_decorator.py for tasks to queue
[2025-02-12T15:56:02.621+0000] {logging_mixin.py:151} INFO - [2025-02-12T15:56:02.621+0000] {dagbag.py:539} INFO - Filling up the DagBag from /home/airflow/.local/lib/python3.8/site-packages/airflow/example_dags/example_task_group_decorator.py
[2025-02-12T15:56:02.634+0000] {processor.py:839} INFO - DAG(s) dict_keys(['example_task_group_decorator']) retrieved from /home/airflow/.local/lib/python3.8/site-packages/airflow/example_dags/example_task_group_decorator.py
[2025-02-12T15:56:02.658+0000] {logging_mixin.py:151} INFO - [2025-02-12T15:56:02.658+0000] {dag.py:2915} INFO - Sync 1 DAGs
[2025-02-12T15:56:02.679+0000] {logging_mixin.py:151} INFO - [2025-02-12T15:56:02.679+0000] {dag.py:3696} INFO - Setting next_dagrun for example_task_group_decorator to 2025-02-11T15:56:02.679295+00:00, run_after=2025-02-12T15:56:02.679295+00:00
[2025-02-12T15:56:02.697+0000] {processor.py:179} INFO - Processing /home/airflow/.local/lib/python3.8/site-packages/airflow/example_dags/example_task_group_decorator.py took 0.081 seconds
[2025-02-12T15:56:33.341+0000] {processor.py:157} INFO - Started process (PID=752) to work on /home/airflow/.local/lib/python3.8/site-packages/airflow/example_dags/example_task_group_decorator.py
[2025-02-12T15:56:33.342+0000] {processor.py:829} INFO - Processing file /home/airflow/.local/lib/python3.8/site-packages/airflow/example_dags/example_task_group_decorator.py for tasks to queue
[2025-02-12T15:56:33.343+0000] {logging_mixin.py:151} INFO - [2025-02-12T15:56:33.342+0000] {dagbag.py:539} INFO - Filling up the DagBag from /home/airflow/.local/lib/python3.8/site-packages/airflow/example_dags/example_task_group_decorator.py
[2025-02-12T15:56:33.358+0000] {processor.py:839} INFO - DAG(s) dict_keys(['example_task_group_decorator']) retrieved from /home/airflow/.local/lib/python3.8/site-packages/airflow/example_dags/example_task_group_decorator.py
[2025-02-12T15:56:33.379+0000] {logging_mixin.py:151} INFO - [2025-02-12T15:56:33.379+0000] {dag.py:2915} INFO - Sync 1 DAGs
[2025-02-12T15:56:33.398+0000] {logging_mixin.py:151} INFO - [2025-02-12T15:56:33.398+0000] {dag.py:3696} INFO - Setting next_dagrun for example_task_group_decorator to 2025-02-11T15:56:33.398208+00:00, run_after=2025-02-12T15:56:33.398208+00:00
[2025-02-12T15:56:33.415+0000] {processor.py:179} INFO - Processing /home/airflow/.local/lib/python3.8/site-packages/airflow/example_dags/example_task_group_decorator.py took 0.076 seconds
[2025-02-12T15:57:04.071+0000] {processor.py:157} INFO - Started process (PID=1013) to work on /home/airflow/.local/lib/python3.8/site-packages/airflow/example_dags/example_task_group_decorator.py
[2025-02-12T15:57:04.072+0000] {processor.py:829} INFO - Processing file /home/airflow/.local/lib/python3.8/site-packages/airflow/example_dags/example_task_group_decorator.py for tasks to queue
[2025-02-12T15:57:04.073+0000] {logging_mixin.py:151} INFO - [2025-02-12T15:57:04.073+0000] {dagbag.py:539} INFO - Filling up the DagBag from /home/airflow/.local/lib/python3.8/site-packages/airflow/example_dags/example_task_group_decorator.py
[2025-02-12T15:57:04.085+0000] {processor.py:839} INFO - DAG(s) dict_keys(['example_task_group_decorator']) retrieved from /home/airflow/.local/lib/python3.8/site-packages/airflow/example_dags/example_task_group_decorator.py
[2025-02-12T15:57:04.108+0000] {logging_mixin.py:151} INFO - [2025-02-12T15:57:04.108+0000] {dag.py:2915} INFO - Sync 1 DAGs
[2025-02-12T15:57:04.127+0000] {logging_mixin.py:151} INFO - [2025-02-12T15:57:04.127+0000] {dag.py:3696} INFO - Setting next_dagrun for example_task_group_decorator to 2025-02-11T15:57:04.127163+00:00, run_after=2025-02-12T15:57:04.127163+00:00
[2025-02-12T15:57:04.147+0000] {processor.py:179} INFO - Processing /home/airflow/.local/lib/python3.8/site-packages/airflow/example_dags/example_task_group_decorator.py took 0.079 seconds
[2025-02-12T15:57:35.240+0000] {processor.py:157} INFO - Started process (PID=1276) to work on /home/airflow/.local/lib/python3.8/site-packages/airflow/example_dags/example_task_group_decorator.py
[2025-02-12T15:57:35.241+0000] {processor.py:829} INFO - Processing file /home/airflow/.local/lib/python3.8/site-packages/airflow/example_dags/example_task_group_decorator.py for tasks to queue
[2025-02-12T15:57:35.242+0000] {logging_mixin.py:151} INFO - [2025-02-12T15:57:35.242+0000] {dagbag.py:539} INFO - Filling up the DagBag from /home/airflow/.local/lib/python3.8/site-packages/airflow/example_dags/example_task_group_decorator.py
[2025-02-12T15:57:35.253+0000] {processor.py:839} INFO - DAG(s) dict_keys(['example_task_group_decorator']) retrieved from /home/airflow/.local/lib/python3.8/site-packages/airflow/example_dags/example_task_group_decorator.py
[2025-02-12T15:57:35.275+0000] {logging_mixin.py:151} INFO - [2025-02-12T15:57:35.274+0000] {dag.py:2915} INFO - Sync 1 DAGs
[2025-02-12T15:57:35.291+0000] {logging_mixin.py:151} INFO - [2025-02-12T15:57:35.291+0000] {dag.py:3696} INFO - Setting next_dagrun for example_task_group_decorator to 2025-02-11T15:57:35.291023+00:00, run_after=2025-02-12T15:57:35.291023+00:00
[2025-02-12T15:57:35.305+0000] {processor.py:179} INFO - Processing /home/airflow/.local/lib/python3.8/site-packages/airflow/example_dags/example_task_group_decorator.py took 0.068 seconds
[2025-02-12T15:59:36.317+0000] {processor.py:157} INFO - Started process (PID=1579) to work on /home/airflow/.local/lib/python3.8/site-packages/airflow/example_dags/example_task_group_decorator.py
[2025-02-12T15:59:36.319+0000] {processor.py:829} INFO - Processing file /home/airflow/.local/lib/python3.8/site-packages/airflow/example_dags/example_task_group_decorator.py for tasks to queue
[2025-02-12T15:59:36.320+0000] {logging_mixin.py:151} INFO - [2025-02-12T15:59:36.319+0000] {dagbag.py:539} INFO - Filling up the DagBag from /home/airflow/.local/lib/python3.8/site-packages/airflow/example_dags/example_task_group_decorator.py
[2025-02-12T15:59:36.344+0000] {processor.py:839} INFO - DAG(s) dict_keys(['example_task_group_decorator']) retrieved from /home/airflow/.local/lib/python3.8/site-packages/airflow/example_dags/example_task_group_decorator.py
[2025-02-12T15:59:36.386+0000] {logging_mixin.py:151} INFO - [2025-02-12T15:59:36.386+0000] {dag.py:2915} INFO - Sync 1 DAGs
[2025-02-12T15:59:36.433+0000] {logging_mixin.py:151} INFO - [2025-02-12T15:59:36.432+0000] {dag.py:3696} INFO - Setting next_dagrun for example_task_group_decorator to 2025-02-11T15:59:36.432345+00:00, run_after=2025-02-12T15:59:36.432345+00:00
[2025-02-12T15:59:36.481+0000] {processor.py:179} INFO - Processing /home/airflow/.local/lib/python3.8/site-packages/airflow/example_dags/example_task_group_decorator.py took 0.170 seconds
[2025-02-12T16:00:07.147+0000] {processor.py:157} INFO - Started process (PID=1873) to work on /home/airflow/.local/lib/python3.8/site-packages/airflow/example_dags/example_task_group_decorator.py
[2025-02-12T16:00:07.148+0000] {processor.py:829} INFO - Processing file /home/airflow/.local/lib/python3.8/site-packages/airflow/example_dags/example_task_group_decorator.py for tasks to queue
[2025-02-12T16:00:07.149+0000] {logging_mixin.py:151} INFO - [2025-02-12T16:00:07.148+0000] {dagbag.py:539} INFO - Filling up the DagBag from /home/airflow/.local/lib/python3.8/site-packages/airflow/example_dags/example_task_group_decorator.py
[2025-02-12T16:00:07.162+0000] {processor.py:839} INFO - DAG(s) dict_keys(['example_task_group_decorator']) retrieved from /home/airflow/.local/lib/python3.8/site-packages/airflow/example_dags/example_task_group_decorator.py
[2025-02-12T16:00:07.186+0000] {logging_mixin.py:151} INFO - [2025-02-12T16:00:07.186+0000] {dag.py:2915} INFO - Sync 1 DAGs
[2025-02-12T16:00:07.208+0000] {logging_mixin.py:151} INFO - [2025-02-12T16:00:07.208+0000] {dag.py:3696} INFO - Setting next_dagrun for example_task_group_decorator to 2025-02-11T16:00:07.207771+00:00, run_after=2025-02-12T16:00:07.207771+00:00
[2025-02-12T16:00:07.225+0000] {processor.py:179} INFO - Processing /home/airflow/.local/lib/python3.8/site-packages/airflow/example_dags/example_task_group_decorator.py took 0.083 seconds
[2025-02-12T16:01:56.008+0000] {processor.py:157} INFO - Started process (PID=2161) to work on /home/airflow/.local/lib/python3.8/site-packages/airflow/example_dags/example_task_group_decorator.py
[2025-02-12T16:01:56.009+0000] {processor.py:829} INFO - Processing file /home/airflow/.local/lib/python3.8/site-packages/airflow/example_dags/example_task_group_decorator.py for tasks to queue
[2025-02-12T16:01:56.011+0000] {logging_mixin.py:151} INFO - [2025-02-12T16:01:56.010+0000] {dagbag.py:539} INFO - Filling up the DagBag from /home/airflow/.local/lib/python3.8/site-packages/airflow/example_dags/example_task_group_decorator.py
[2025-02-12T16:01:56.040+0000] {processor.py:839} INFO - DAG(s) dict_keys(['example_task_group_decorator']) retrieved from /home/airflow/.local/lib/python3.8/site-packages/airflow/example_dags/example_task_group_decorator.py
[2025-02-12T16:01:56.090+0000] {logging_mixin.py:151} INFO - [2025-02-12T16:01:56.090+0000] {dag.py:2915} INFO - Sync 1 DAGs
[2025-02-12T16:01:56.138+0000] {logging_mixin.py:151} INFO - [2025-02-12T16:01:56.138+0000] {dag.py:3696} INFO - Setting next_dagrun for example_task_group_decorator to 2025-02-11T16:01:56.137698+00:00, run_after=2025-02-12T16:01:56.137698+00:00
[2025-02-12T16:01:56.174+0000] {processor.py:179} INFO - Processing /home/airflow/.local/lib/python3.8/site-packages/airflow/example_dags/example_task_group_decorator.py took 0.171 seconds
[2025-02-12T16:02:27.085+0000] {processor.py:157} INFO - Started process (PID=2479) to work on /home/airflow/.local/lib/python3.8/site-packages/airflow/example_dags/example_task_group_decorator.py
[2025-02-12T16:02:27.086+0000] {processor.py:829} INFO - Processing file /home/airflow/.local/lib/python3.8/site-packages/airflow/example_dags/example_task_group_decorator.py for tasks to queue
[2025-02-12T16:02:27.087+0000] {logging_mixin.py:151} INFO - [2025-02-12T16:02:27.086+0000] {dagbag.py:539} INFO - Filling up the DagBag from /home/airflow/.local/lib/python3.8/site-packages/airflow/example_dags/example_task_group_decorator.py
[2025-02-12T16:02:27.100+0000] {processor.py:839} INFO - DAG(s) dict_keys(['example_task_group_decorator']) retrieved from /home/airflow/.local/lib/python3.8/site-packages/airflow/example_dags/example_task_group_decorator.py
[2025-02-12T16:02:27.125+0000] {logging_mixin.py:151} INFO - [2025-02-12T16:02:27.125+0000] {dag.py:2915} INFO - Sync 1 DAGs
[2025-02-12T16:02:27.147+0000] {logging_mixin.py:151} INFO - [2025-02-12T16:02:27.147+0000] {dag.py:3696} INFO - Setting next_dagrun for example_task_group_decorator to 2025-02-11T16:02:27.146879+00:00, run_after=2025-02-12T16:02:27.146879+00:00
[2025-02-12T16:02:27.167+0000] {processor.py:179} INFO - Processing /home/airflow/.local/lib/python3.8/site-packages/airflow/example_dags/example_task_group_decorator.py took 0.085 seconds
[2025-02-12T16:03:01.071+0000] {processor.py:157} INFO - Started process (PID=2768) to work on /home/airflow/.local/lib/python3.8/site-packages/airflow/example_dags/example_task_group_decorator.py
[2025-02-12T16:03:01.073+0000] {processor.py:829} INFO - Processing file /home/airflow/.local/lib/python3.8/site-packages/airflow/example_dags/example_task_group_decorator.py for tasks to queue
[2025-02-12T16:03:01.074+0000] {logging_mixin.py:151} INFO - [2025-02-12T16:03:01.073+0000] {dagbag.py:539} INFO - Filling up the DagBag from /home/airflow/.local/lib/python3.8/site-packages/airflow/example_dags/example_task_group_decorator.py
[2025-02-12T16:03:01.096+0000] {processor.py:839} INFO - DAG(s) dict_keys(['example_task_group_decorator']) retrieved from /home/airflow/.local/lib/python3.8/site-packages/airflow/example_dags/example_task_group_decorator.py
[2025-02-12T16:03:01.133+0000] {logging_mixin.py:151} INFO - [2025-02-12T16:03:01.133+0000] {dag.py:2915} INFO - Sync 1 DAGs
[2025-02-12T16:03:01.165+0000] {logging_mixin.py:151} INFO - [2025-02-12T16:03:01.164+0000] {dag.py:3696} INFO - Setting next_dagrun for example_task_group_decorator to 2025-02-11T16:03:01.164438+00:00, run_after=2025-02-12T16:03:01.164438+00:00
[2025-02-12T16:03:01.196+0000] {processor.py:179} INFO - Processing /home/airflow/.local/lib/python3.8/site-packages/airflow/example_dags/example_task_group_decorator.py took 0.127 seconds
[2025-02-12T16:03:33.287+0000] {processor.py:157} INFO - Started process (PID=3083) to work on /home/airflow/.local/lib/python3.8/site-packages/airflow/example_dags/example_task_group_decorator.py
[2025-02-12T16:03:33.288+0000] {processor.py:829} INFO - Processing file /home/airflow/.local/lib/python3.8/site-packages/airflow/example_dags/example_task_group_decorator.py for tasks to queue
[2025-02-12T16:03:33.289+0000] {logging_mixin.py:151} INFO - [2025-02-12T16:03:33.289+0000] {dagbag.py:539} INFO - Filling up the DagBag from /home/airflow/.local/lib/python3.8/site-packages/airflow/example_dags/example_task_group_decorator.py
[2025-02-12T16:03:33.301+0000] {processor.py:839} INFO - DAG(s) dict_keys(['example_task_group_decorator']) retrieved from /home/airflow/.local/lib/python3.8/site-packages/airflow/example_dags/example_task_group_decorator.py
[2025-02-12T16:03:33.324+0000] {logging_mixin.py:151} INFO - [2025-02-12T16:03:33.324+0000] {dag.py:2915} INFO - Sync 1 DAGs
[2025-02-12T16:03:33.344+0000] {logging_mixin.py:151} INFO - [2025-02-12T16:03:33.344+0000] {dag.py:3696} INFO - Setting next_dagrun for example_task_group_decorator to 2025-02-11T16:03:33.344232+00:00, run_after=2025-02-12T16:03:33.344232+00:00
[2025-02-12T16:03:33.362+0000] {processor.py:179} INFO - Processing /home/airflow/.local/lib/python3.8/site-packages/airflow/example_dags/example_task_group_decorator.py took 0.077 seconds
[2025-02-12T16:04:05.552+0000] {processor.py:157} INFO - Started process (PID=3344) to work on /home/airflow/.local/lib/python3.8/site-packages/airflow/example_dags/example_task_group_decorator.py
[2025-02-12T16:04:05.553+0000] {processor.py:829} INFO - Processing file /home/airflow/.local/lib/python3.8/site-packages/airflow/example_dags/example_task_group_decorator.py for tasks to queue
[2025-02-12T16:04:05.554+0000] {logging_mixin.py:151} INFO - [2025-02-12T16:04:05.553+0000] {dagbag.py:539} INFO - Filling up the DagBag from /home/airflow/.local/lib/python3.8/site-packages/airflow/example_dags/example_task_group_decorator.py
[2025-02-12T16:04:05.566+0000] {processor.py:839} INFO - DAG(s) dict_keys(['example_task_group_decorator']) retrieved from /home/airflow/.local/lib/python3.8/site-packages/airflow/example_dags/example_task_group_decorator.py
[2025-02-12T16:04:05.588+0000] {logging_mixin.py:151} INFO - [2025-02-12T16:04:05.588+0000] {dag.py:2915} INFO - Sync 1 DAGs
[2025-02-12T16:04:05.606+0000] {logging_mixin.py:151} INFO - [2025-02-12T16:04:05.606+0000] {dag.py:3696} INFO - Setting next_dagrun for example_task_group_decorator to 2025-02-11T16:04:05.606382+00:00, run_after=2025-02-12T16:04:05.606382+00:00
[2025-02-12T16:04:05.621+0000] {processor.py:179} INFO - Processing /home/airflow/.local/lib/python3.8/site-packages/airflow/example_dags/example_task_group_decorator.py took 0.072 seconds
[2025-02-12T16:04:37.937+0000] {processor.py:157} INFO - Started process (PID=3605) to work on /home/airflow/.local/lib/python3.8/site-packages/airflow/example_dags/example_task_group_decorator.py
[2025-02-12T16:04:37.938+0000] {processor.py:829} INFO - Processing file /home/airflow/.local/lib/python3.8/site-packages/airflow/example_dags/example_task_group_decorator.py for tasks to queue
[2025-02-12T16:04:37.938+0000] {logging_mixin.py:151} INFO - [2025-02-12T16:04:37.938+0000] {dagbag.py:539} INFO - Filling up the DagBag from /home/airflow/.local/lib/python3.8/site-packages/airflow/example_dags/example_task_group_decorator.py
[2025-02-12T16:04:37.953+0000] {processor.py:839} INFO - DAG(s) dict_keys(['example_task_group_decorator']) retrieved from /home/airflow/.local/lib/python3.8/site-packages/airflow/example_dags/example_task_group_decorator.py
[2025-02-12T16:04:37.975+0000] {logging_mixin.py:151} INFO - [2025-02-12T16:04:37.975+0000] {dag.py:2915} INFO - Sync 1 DAGs
[2025-02-12T16:04:37.995+0000] {logging_mixin.py:151} INFO - [2025-02-12T16:04:37.995+0000] {dag.py:3696} INFO - Setting next_dagrun for example_task_group_decorator to 2025-02-11T16:04:37.995407+00:00, run_after=2025-02-12T16:04:37.995407+00:00
[2025-02-12T16:04:38.012+0000] {processor.py:179} INFO - Processing /home/airflow/.local/lib/python3.8/site-packages/airflow/example_dags/example_task_group_decorator.py took 0.078 seconds
[2025-02-12T16:05:11.615+0000] {processor.py:157} INFO - Started process (PID=3872) to work on /home/airflow/.local/lib/python3.8/site-packages/airflow/example_dags/example_task_group_decorator.py
[2025-02-12T16:05:11.616+0000] {processor.py:829} INFO - Processing file /home/airflow/.local/lib/python3.8/site-packages/airflow/example_dags/example_task_group_decorator.py for tasks to queue
[2025-02-12T16:05:11.616+0000] {logging_mixin.py:151} INFO - [2025-02-12T16:05:11.616+0000] {dagbag.py:539} INFO - Filling up the DagBag from /home/airflow/.local/lib/python3.8/site-packages/airflow/example_dags/example_task_group_decorator.py
[2025-02-12T16:05:11.628+0000] {processor.py:839} INFO - DAG(s) dict_keys(['example_task_group_decorator']) retrieved from /home/airflow/.local/lib/python3.8/site-packages/airflow/example_dags/example_task_group_decorator.py
[2025-02-12T16:05:11.649+0000] {logging_mixin.py:151} INFO - [2025-02-12T16:05:11.648+0000] {dag.py:2915} INFO - Sync 1 DAGs
[2025-02-12T16:05:11.667+0000] {logging_mixin.py:151} INFO - [2025-02-12T16:05:11.667+0000] {dag.py:3696} INFO - Setting next_dagrun for example_task_group_decorator to 2025-02-11T16:05:11.667482+00:00, run_after=2025-02-12T16:05:11.667482+00:00
[2025-02-12T16:05:11.682+0000] {processor.py:179} INFO - Processing /home/airflow/.local/lib/python3.8/site-packages/airflow/example_dags/example_task_group_decorator.py took 0.070 seconds
[2025-02-12T16:05:42.664+0000] {processor.py:157} INFO - Started process (PID=4140) to work on /home/airflow/.local/lib/python3.8/site-packages/airflow/example_dags/example_task_group_decorator.py
[2025-02-12T16:05:42.665+0000] {processor.py:829} INFO - Processing file /home/airflow/.local/lib/python3.8/site-packages/airflow/example_dags/example_task_group_decorator.py for tasks to queue
[2025-02-12T16:05:42.666+0000] {logging_mixin.py:151} INFO - [2025-02-12T16:05:42.666+0000] {dagbag.py:539} INFO - Filling up the DagBag from /home/airflow/.local/lib/python3.8/site-packages/airflow/example_dags/example_task_group_decorator.py
[2025-02-12T16:05:42.678+0000] {processor.py:839} INFO - DAG(s) dict_keys(['example_task_group_decorator']) retrieved from /home/airflow/.local/lib/python3.8/site-packages/airflow/example_dags/example_task_group_decorator.py
[2025-02-12T16:05:42.700+0000] {logging_mixin.py:151} INFO - [2025-02-12T16:05:42.699+0000] {dag.py:2915} INFO - Sync 1 DAGs
[2025-02-12T16:05:42.720+0000] {logging_mixin.py:151} INFO - [2025-02-12T16:05:42.719+0000] {dag.py:3696} INFO - Setting next_dagrun for example_task_group_decorator to 2025-02-11T16:05:42.719704+00:00, run_after=2025-02-12T16:05:42.719704+00:00
[2025-02-12T16:05:42.737+0000] {processor.py:179} INFO - Processing /home/airflow/.local/lib/python3.8/site-packages/airflow/example_dags/example_task_group_decorator.py took 0.077 seconds
[2025-02-12T16:06:12.878+0000] {processor.py:157} INFO - Started process (PID=4405) to work on /home/airflow/.local/lib/python3.8/site-packages/airflow/example_dags/example_task_group_decorator.py
[2025-02-12T16:06:12.879+0000] {processor.py:829} INFO - Processing file /home/airflow/.local/lib/python3.8/site-packages/airflow/example_dags/example_task_group_decorator.py for tasks to queue
[2025-02-12T16:06:12.880+0000] {logging_mixin.py:151} INFO - [2025-02-12T16:06:12.879+0000] {dagbag.py:539} INFO - Filling up the DagBag from /home/airflow/.local/lib/python3.8/site-packages/airflow/example_dags/example_task_group_decorator.py
[2025-02-12T16:06:12.893+0000] {processor.py:839} INFO - DAG(s) dict_keys(['example_task_group_decorator']) retrieved from /home/airflow/.local/lib/python3.8/site-packages/airflow/example_dags/example_task_group_decorator.py
[2025-02-12T16:06:12.918+0000] {logging_mixin.py:151} INFO - [2025-02-12T16:06:12.918+0000] {dag.py:2915} INFO - Sync 1 DAGs
[2025-02-12T16:06:12.944+0000] {logging_mixin.py:151} INFO - [2025-02-12T16:06:12.943+0000] {dag.py:3696} INFO - Setting next_dagrun for example_task_group_decorator to 2025-02-11T16:06:12.943446+00:00, run_after=2025-02-12T16:06:12.943446+00:00
[2025-02-12T16:06:12.961+0000] {processor.py:179} INFO - Processing /home/airflow/.local/lib/python3.8/site-packages/airflow/example_dags/example_task_group_decorator.py took 0.087 seconds
[2025-02-12T16:06:43.923+0000] {processor.py:157} INFO - Started process (PID=4661) to work on /home/airflow/.local/lib/python3.8/site-packages/airflow/example_dags/example_task_group_decorator.py
[2025-02-12T16:06:43.924+0000] {processor.py:829} INFO - Processing file /home/airflow/.local/lib/python3.8/site-packages/airflow/example_dags/example_task_group_decorator.py for tasks to queue
[2025-02-12T16:06:43.925+0000] {logging_mixin.py:151} INFO - [2025-02-12T16:06:43.925+0000] {dagbag.py:539} INFO - Filling up the DagBag from /home/airflow/.local/lib/python3.8/site-packages/airflow/example_dags/example_task_group_decorator.py
[2025-02-12T16:06:43.941+0000] {processor.py:839} INFO - DAG(s) dict_keys(['example_task_group_decorator']) retrieved from /home/airflow/.local/lib/python3.8/site-packages/airflow/example_dags/example_task_group_decorator.py
[2025-02-12T16:06:43.961+0000] {logging_mixin.py:151} INFO - [2025-02-12T16:06:43.961+0000] {dag.py:2915} INFO - Sync 1 DAGs
[2025-02-12T16:06:43.979+0000] {logging_mixin.py:151} INFO - [2025-02-12T16:06:43.979+0000] {dag.py:3696} INFO - Setting next_dagrun for example_task_group_decorator to 2025-02-11T16:06:43.979560+00:00, run_after=2025-02-12T16:06:43.979560+00:00
[2025-02-12T16:06:43.995+0000] {processor.py:179} INFO - Processing /home/airflow/.local/lib/python3.8/site-packages/airflow/example_dags/example_task_group_decorator.py took 0.074 seconds
[2025-02-12T16:07:14.823+0000] {processor.py:157} INFO - Started process (PID=4975) to work on /home/airflow/.local/lib/python3.8/site-packages/airflow/example_dags/example_task_group_decorator.py
[2025-02-12T16:07:14.825+0000] {processor.py:829} INFO - Processing file /home/airflow/.local/lib/python3.8/site-packages/airflow/example_dags/example_task_group_decorator.py for tasks to queue
[2025-02-12T16:07:14.825+0000] {logging_mixin.py:151} INFO - [2025-02-12T16:07:14.825+0000] {dagbag.py:539} INFO - Filling up the DagBag from /home/airflow/.local/lib/python3.8/site-packages/airflow/example_dags/example_task_group_decorator.py
[2025-02-12T16:07:14.839+0000] {processor.py:839} INFO - DAG(s) dict_keys(['example_task_group_decorator']) retrieved from /home/airflow/.local/lib/python3.8/site-packages/airflow/example_dags/example_task_group_decorator.py
[2025-02-12T16:07:14.862+0000] {logging_mixin.py:151} INFO - [2025-02-12T16:07:14.862+0000] {dag.py:2915} INFO - Sync 1 DAGs
[2025-02-12T16:07:14.885+0000] {logging_mixin.py:151} INFO - [2025-02-12T16:07:14.885+0000] {dag.py:3696} INFO - Setting next_dagrun for example_task_group_decorator to 2025-02-11T16:07:14.884632+00:00, run_after=2025-02-12T16:07:14.884632+00:00
[2025-02-12T16:07:14.907+0000] {processor.py:179} INFO - Processing /home/airflow/.local/lib/python3.8/site-packages/airflow/example_dags/example_task_group_decorator.py took 0.089 seconds
[2025-02-12T16:07:45.515+0000] {processor.py:157} INFO - Started process (PID=5239) to work on /home/airflow/.local/lib/python3.8/site-packages/airflow/example_dags/example_task_group_decorator.py
[2025-02-12T16:07:45.516+0000] {processor.py:829} INFO - Processing file /home/airflow/.local/lib/python3.8/site-packages/airflow/example_dags/example_task_group_decorator.py for tasks to queue
[2025-02-12T16:07:45.517+0000] {logging_mixin.py:151} INFO - [2025-02-12T16:07:45.517+0000] {dagbag.py:539} INFO - Filling up the DagBag from /home/airflow/.local/lib/python3.8/site-packages/airflow/example_dags/example_task_group_decorator.py
[2025-02-12T16:07:45.529+0000] {processor.py:839} INFO - DAG(s) dict_keys(['example_task_group_decorator']) retrieved from /home/airflow/.local/lib/python3.8/site-packages/airflow/example_dags/example_task_group_decorator.py
[2025-02-12T16:07:45.551+0000] {logging_mixin.py:151} INFO - [2025-02-12T16:07:45.551+0000] {dag.py:2915} INFO - Sync 1 DAGs
[2025-02-12T16:07:45.572+0000] {logging_mixin.py:151} INFO - [2025-02-12T16:07:45.571+0000] {dag.py:3696} INFO - Setting next_dagrun for example_task_group_decorator to 2025-02-11T16:07:45.571540+00:00, run_after=2025-02-12T16:07:45.571540+00:00
[2025-02-12T16:07:45.589+0000] {processor.py:179} INFO - Processing /home/airflow/.local/lib/python3.8/site-packages/airflow/example_dags/example_task_group_decorator.py took 0.076 seconds
[2025-02-12T16:08:15.965+0000] {processor.py:157} INFO - Started process (PID=5501) to work on /home/airflow/.local/lib/python3.8/site-packages/airflow/example_dags/example_task_group_decorator.py
[2025-02-12T16:08:15.966+0000] {processor.py:829} INFO - Processing file /home/airflow/.local/lib/python3.8/site-packages/airflow/example_dags/example_task_group_decorator.py for tasks to queue
[2025-02-12T16:08:15.966+0000] {logging_mixin.py:151} INFO - [2025-02-12T16:08:15.966+0000] {dagbag.py:539} INFO - Filling up the DagBag from /home/airflow/.local/lib/python3.8/site-packages/airflow/example_dags/example_task_group_decorator.py
[2025-02-12T16:08:15.979+0000] {processor.py:839} INFO - DAG(s) dict_keys(['example_task_group_decorator']) retrieved from /home/airflow/.local/lib/python3.8/site-packages/airflow/example_dags/example_task_group_decorator.py
[2025-02-12T16:08:16.003+0000] {logging_mixin.py:151} INFO - [2025-02-12T16:08:16.002+0000] {dag.py:2915} INFO - Sync 1 DAGs
[2025-02-12T16:08:16.025+0000] {logging_mixin.py:151} INFO - [2025-02-12T16:08:16.025+0000] {dag.py:3696} INFO - Setting next_dagrun for example_task_group_decorator to 2025-02-11T16:08:16.025089+00:00, run_after=2025-02-12T16:08:16.025089+00:00
[2025-02-12T16:08:16.045+0000] {processor.py:179} INFO - Processing /home/airflow/.local/lib/python3.8/site-packages/airflow/example_dags/example_task_group_decorator.py took 0.083 seconds
[2025-02-12T16:08:54.928+0000] {processor.py:157} INFO - Started process (PID=5786) to work on /home/airflow/.local/lib/python3.8/site-packages/airflow/example_dags/example_task_group_decorator.py
[2025-02-12T16:08:54.930+0000] {processor.py:829} INFO - Processing file /home/airflow/.local/lib/python3.8/site-packages/airflow/example_dags/example_task_group_decorator.py for tasks to queue
[2025-02-12T16:08:54.932+0000] {logging_mixin.py:151} INFO - [2025-02-12T16:08:54.931+0000] {dagbag.py:539} INFO - Filling up the DagBag from /home/airflow/.local/lib/python3.8/site-packages/airflow/example_dags/example_task_group_decorator.py
[2025-02-12T16:08:54.950+0000] {processor.py:839} INFO - DAG(s) dict_keys(['example_task_group_decorator']) retrieved from /home/airflow/.local/lib/python3.8/site-packages/airflow/example_dags/example_task_group_decorator.py
[2025-02-12T16:08:54.980+0000] {logging_mixin.py:151} INFO - [2025-02-12T16:08:54.980+0000] {dag.py:2915} INFO - Sync 1 DAGs
[2025-02-12T16:08:55.006+0000] {logging_mixin.py:151} INFO - [2025-02-12T16:08:55.006+0000] {dag.py:3696} INFO - Setting next_dagrun for example_task_group_decorator to 2025-02-11T16:08:55.006346+00:00, run_after=2025-02-12T16:08:55.006346+00:00
[2025-02-12T16:08:55.029+0000] {processor.py:179} INFO - Processing /home/airflow/.local/lib/python3.8/site-packages/airflow/example_dags/example_task_group_decorator.py took 0.109 seconds
[2025-02-12T16:10:26.234+0000] {processor.py:157} INFO - Started process (PID=6077) to work on /home/airflow/.local/lib/python3.8/site-packages/airflow/example_dags/example_task_group_decorator.py
[2025-02-12T16:10:26.236+0000] {processor.py:829} INFO - Processing file /home/airflow/.local/lib/python3.8/site-packages/airflow/example_dags/example_task_group_decorator.py for tasks to queue
[2025-02-12T16:10:26.237+0000] {logging_mixin.py:151} INFO - [2025-02-12T16:10:26.237+0000] {dagbag.py:539} INFO - Filling up the DagBag from /home/airflow/.local/lib/python3.8/site-packages/airflow/example_dags/example_task_group_decorator.py
[2025-02-12T16:10:26.266+0000] {processor.py:839} INFO - DAG(s) dict_keys(['example_task_group_decorator']) retrieved from /home/airflow/.local/lib/python3.8/site-packages/airflow/example_dags/example_task_group_decorator.py
[2025-02-12T16:10:26.310+0000] {logging_mixin.py:151} INFO - [2025-02-12T16:10:26.309+0000] {dag.py:2915} INFO - Sync 1 DAGs
[2025-02-12T16:10:26.368+0000] {logging_mixin.py:151} INFO - [2025-02-12T16:10:26.368+0000] {dag.py:3696} INFO - Setting next_dagrun for example_task_group_decorator to 2025-02-11T16:10:26.367934+00:00, run_after=2025-02-12T16:10:26.367934+00:00
[2025-02-12T16:10:26.414+0000] {processor.py:179} INFO - Processing /home/airflow/.local/lib/python3.8/site-packages/airflow/example_dags/example_task_group_decorator.py took 0.185 seconds
[2025-02-12T16:10:56.733+0000] {processor.py:157} INFO - Started process (PID=6350) to work on /home/airflow/.local/lib/python3.8/site-packages/airflow/example_dags/example_task_group_decorator.py
[2025-02-12T16:10:56.735+0000] {processor.py:829} INFO - Processing file /home/airflow/.local/lib/python3.8/site-packages/airflow/example_dags/example_task_group_decorator.py for tasks to queue
[2025-02-12T16:10:56.735+0000] {logging_mixin.py:151} INFO - [2025-02-12T16:10:56.735+0000] {dagbag.py:539} INFO - Filling up the DagBag from /home/airflow/.local/lib/python3.8/site-packages/airflow/example_dags/example_task_group_decorator.py
[2025-02-12T16:10:56.750+0000] {processor.py:839} INFO - DAG(s) dict_keys(['example_task_group_decorator']) retrieved from /home/airflow/.local/lib/python3.8/site-packages/airflow/example_dags/example_task_group_decorator.py
[2025-02-12T16:10:56.775+0000] {logging_mixin.py:151} INFO - [2025-02-12T16:10:56.774+0000] {dag.py:2915} INFO - Sync 1 DAGs
[2025-02-12T16:10:56.802+0000] {logging_mixin.py:151} INFO - [2025-02-12T16:10:56.802+0000] {dag.py:3696} INFO - Setting next_dagrun for example_task_group_decorator to 2025-02-11T16:10:56.801767+00:00, run_after=2025-02-12T16:10:56.801767+00:00
[2025-02-12T16:10:56.822+0000] {processor.py:179} INFO - Processing /home/airflow/.local/lib/python3.8/site-packages/airflow/example_dags/example_task_group_decorator.py took 0.091 seconds
[2025-02-12T16:11:28.159+0000] {processor.py:157} INFO - Started process (PID=6612) to work on /home/airflow/.local/lib/python3.8/site-packages/airflow/example_dags/example_task_group_decorator.py
[2025-02-12T16:11:28.160+0000] {processor.py:829} INFO - Processing file /home/airflow/.local/lib/python3.8/site-packages/airflow/example_dags/example_task_group_decorator.py for tasks to queue
[2025-02-12T16:11:28.161+0000] {logging_mixin.py:151} INFO - [2025-02-12T16:11:28.161+0000] {dagbag.py:539} INFO - Filling up the DagBag from /home/airflow/.local/lib/python3.8/site-packages/airflow/example_dags/example_task_group_decorator.py
[2025-02-12T16:11:28.172+0000] {processor.py:839} INFO - DAG(s) dict_keys(['example_task_group_decorator']) retrieved from /home/airflow/.local/lib/python3.8/site-packages/airflow/example_dags/example_task_group_decorator.py
[2025-02-12T16:11:28.193+0000] {logging_mixin.py:151} INFO - [2025-02-12T16:11:28.193+0000] {dag.py:2915} INFO - Sync 1 DAGs
[2025-02-12T16:11:28.210+0000] {logging_mixin.py:151} INFO - [2025-02-12T16:11:28.210+0000] {dag.py:3696} INFO - Setting next_dagrun for example_task_group_decorator to 2025-02-11T16:11:28.210359+00:00, run_after=2025-02-12T16:11:28.210359+00:00
[2025-02-12T16:11:28.227+0000] {processor.py:179} INFO - Processing /home/airflow/.local/lib/python3.8/site-packages/airflow/example_dags/example_task_group_decorator.py took 0.070 seconds
