[2025-02-12T15:51:08.294+0000] {processor.py:157} INFO - Started process (PID=312) to work on /home/airflow/.local/lib/python3.8/site-packages/airflow/example_dags/example_setup_teardown_taskflow.py
[2025-02-12T15:51:08.295+0000] {processor.py:829} INFO - Processing file /home/airflow/.local/lib/python3.8/site-packages/airflow/example_dags/example_setup_teardown_taskflow.py for tasks to queue
[2025-02-12T15:51:08.295+0000] {logging_mixin.py:151} INFO - [2025-02-12T15:51:08.295+0000] {dagbag.py:539} INFO - Filling up the DagBag from /home/airflow/.local/lib/python3.8/site-packages/airflow/example_dags/example_setup_teardown_taskflow.py
[2025-02-12T15:51:08.305+0000] {processor.py:839} INFO - DAG(s) dict_keys(['example_setup_teardown_taskflow']) retrieved from /home/airflow/.local/lib/python3.8/site-packages/airflow/example_dags/example_setup_teardown_taskflow.py
[2025-02-12T15:51:08.316+0000] {logging_mixin.py:151} INFO - [2025-02-12T15:51:08.316+0000] {dag.py:2915} INFO - Sync 1 DAGs
[2025-02-12T15:51:08.478+0000] {logging_mixin.py:151} INFO - [2025-02-12T15:51:08.478+0000] {dag.py:3696} INFO - Setting next_dagrun for example_setup_teardown_taskflow to 2025-02-11T15:51:08.477798+00:00, run_after=2025-02-12T15:51:08.477798+00:00
[2025-02-12T15:51:08.494+0000] {processor.py:179} INFO - Processing /home/airflow/.local/lib/python3.8/site-packages/airflow/example_dags/example_setup_teardown_taskflow.py took 0.203 seconds
[2025-02-12T15:51:39.061+0000] {processor.py:157} INFO - Started process (PID=566) to work on /home/airflow/.local/lib/python3.8/site-packages/airflow/example_dags/example_setup_teardown_taskflow.py
[2025-02-12T15:51:39.062+0000] {processor.py:829} INFO - Processing file /home/airflow/.local/lib/python3.8/site-packages/airflow/example_dags/example_setup_teardown_taskflow.py for tasks to queue
[2025-02-12T15:51:39.063+0000] {logging_mixin.py:151} INFO - [2025-02-12T15:51:39.063+0000] {dagbag.py:539} INFO - Filling up the DagBag from /home/airflow/.local/lib/python3.8/site-packages/airflow/example_dags/example_setup_teardown_taskflow.py
[2025-02-12T15:51:39.072+0000] {processor.py:839} INFO - DAG(s) dict_keys(['example_setup_teardown_taskflow']) retrieved from /home/airflow/.local/lib/python3.8/site-packages/airflow/example_dags/example_setup_teardown_taskflow.py
[2025-02-12T15:51:39.094+0000] {logging_mixin.py:151} INFO - [2025-02-12T15:51:39.093+0000] {dag.py:2915} INFO - Sync 1 DAGs
[2025-02-12T15:51:39.116+0000] {logging_mixin.py:151} INFO - [2025-02-12T15:51:39.116+0000] {dag.py:3696} INFO - Setting next_dagrun for example_setup_teardown_taskflow to 2025-02-11T15:51:39.115769+00:00, run_after=2025-02-12T15:51:39.115769+00:00
[2025-02-12T15:51:39.134+0000] {processor.py:179} INFO - Processing /home/airflow/.local/lib/python3.8/site-packages/airflow/example_dags/example_setup_teardown_taskflow.py took 0.076 seconds
[2025-02-12T15:52:13.474+0000] {processor.py:157} INFO - Started process (PID=827) to work on /home/airflow/.local/lib/python3.8/site-packages/airflow/example_dags/example_setup_teardown_taskflow.py
[2025-02-12T15:52:13.475+0000] {processor.py:829} INFO - Processing file /home/airflow/.local/lib/python3.8/site-packages/airflow/example_dags/example_setup_teardown_taskflow.py for tasks to queue
[2025-02-12T15:52:13.476+0000] {logging_mixin.py:151} INFO - [2025-02-12T15:52:13.475+0000] {dagbag.py:539} INFO - Filling up the DagBag from /home/airflow/.local/lib/python3.8/site-packages/airflow/example_dags/example_setup_teardown_taskflow.py
[2025-02-12T15:52:13.485+0000] {processor.py:839} INFO - DAG(s) dict_keys(['example_setup_teardown_taskflow']) retrieved from /home/airflow/.local/lib/python3.8/site-packages/airflow/example_dags/example_setup_teardown_taskflow.py
[2025-02-12T15:52:13.510+0000] {logging_mixin.py:151} INFO - [2025-02-12T15:52:13.509+0000] {dag.py:2915} INFO - Sync 1 DAGs
[2025-02-12T15:52:13.538+0000] {logging_mixin.py:151} INFO - [2025-02-12T15:52:13.537+0000] {dag.py:3696} INFO - Setting next_dagrun for example_setup_teardown_taskflow to 2025-02-11T15:52:13.537360+00:00, run_after=2025-02-12T15:52:13.537360+00:00
[2025-02-12T15:52:13.571+0000] {processor.py:179} INFO - Processing /home/airflow/.local/lib/python3.8/site-packages/airflow/example_dags/example_setup_teardown_taskflow.py took 0.101 seconds
[2025-02-12T15:52:44.381+0000] {processor.py:157} INFO - Started process (PID=1088) to work on /home/airflow/.local/lib/python3.8/site-packages/airflow/example_dags/example_setup_teardown_taskflow.py
[2025-02-12T15:52:44.382+0000] {processor.py:829} INFO - Processing file /home/airflow/.local/lib/python3.8/site-packages/airflow/example_dags/example_setup_teardown_taskflow.py for tasks to queue
[2025-02-12T15:52:44.382+0000] {logging_mixin.py:151} INFO - [2025-02-12T15:52:44.382+0000] {dagbag.py:539} INFO - Filling up the DagBag from /home/airflow/.local/lib/python3.8/site-packages/airflow/example_dags/example_setup_teardown_taskflow.py
[2025-02-12T15:52:44.391+0000] {processor.py:839} INFO - DAG(s) dict_keys(['example_setup_teardown_taskflow']) retrieved from /home/airflow/.local/lib/python3.8/site-packages/airflow/example_dags/example_setup_teardown_taskflow.py
[2025-02-12T15:52:44.412+0000] {logging_mixin.py:151} INFO - [2025-02-12T15:52:44.411+0000] {dag.py:2915} INFO - Sync 1 DAGs
[2025-02-12T15:52:44.431+0000] {logging_mixin.py:151} INFO - [2025-02-12T15:52:44.431+0000] {dag.py:3696} INFO - Setting next_dagrun for example_setup_teardown_taskflow to 2025-02-11T15:52:44.431261+00:00, run_after=2025-02-12T15:52:44.431261+00:00
[2025-02-12T15:52:44.451+0000] {processor.py:179} INFO - Processing /home/airflow/.local/lib/python3.8/site-packages/airflow/example_dags/example_setup_teardown_taskflow.py took 0.074 seconds
[2025-02-12T15:53:15.552+0000] {processor.py:157} INFO - Started process (PID=1355) to work on /home/airflow/.local/lib/python3.8/site-packages/airflow/example_dags/example_setup_teardown_taskflow.py
[2025-02-12T15:53:15.553+0000] {processor.py:829} INFO - Processing file /home/airflow/.local/lib/python3.8/site-packages/airflow/example_dags/example_setup_teardown_taskflow.py for tasks to queue
[2025-02-12T15:53:15.554+0000] {logging_mixin.py:151} INFO - [2025-02-12T15:53:15.554+0000] {dagbag.py:539} INFO - Filling up the DagBag from /home/airflow/.local/lib/python3.8/site-packages/airflow/example_dags/example_setup_teardown_taskflow.py
[2025-02-12T15:53:15.563+0000] {processor.py:839} INFO - DAG(s) dict_keys(['example_setup_teardown_taskflow']) retrieved from /home/airflow/.local/lib/python3.8/site-packages/airflow/example_dags/example_setup_teardown_taskflow.py
[2025-02-12T15:53:15.583+0000] {logging_mixin.py:151} INFO - [2025-02-12T15:53:15.583+0000] {dag.py:2915} INFO - Sync 1 DAGs
[2025-02-12T15:53:15.604+0000] {logging_mixin.py:151} INFO - [2025-02-12T15:53:15.604+0000] {dag.py:3696} INFO - Setting next_dagrun for example_setup_teardown_taskflow to 2025-02-11T15:53:15.604415+00:00, run_after=2025-02-12T15:53:15.604415+00:00
[2025-02-12T15:53:15.621+0000] {processor.py:179} INFO - Processing /home/airflow/.local/lib/python3.8/site-packages/airflow/example_dags/example_setup_teardown_taskflow.py took 0.072 seconds
[2025-02-12T15:53:46.608+0000] {processor.py:157} INFO - Started process (PID=1621) to work on /home/airflow/.local/lib/python3.8/site-packages/airflow/example_dags/example_setup_teardown_taskflow.py
[2025-02-12T15:53:46.610+0000] {processor.py:829} INFO - Processing file /home/airflow/.local/lib/python3.8/site-packages/airflow/example_dags/example_setup_teardown_taskflow.py for tasks to queue
[2025-02-12T15:53:46.610+0000] {logging_mixin.py:151} INFO - [2025-02-12T15:53:46.610+0000] {dagbag.py:539} INFO - Filling up the DagBag from /home/airflow/.local/lib/python3.8/site-packages/airflow/example_dags/example_setup_teardown_taskflow.py
[2025-02-12T15:53:46.620+0000] {processor.py:839} INFO - DAG(s) dict_keys(['example_setup_teardown_taskflow']) retrieved from /home/airflow/.local/lib/python3.8/site-packages/airflow/example_dags/example_setup_teardown_taskflow.py
[2025-02-12T15:53:46.644+0000] {logging_mixin.py:151} INFO - [2025-02-12T15:53:46.644+0000] {dag.py:2915} INFO - Sync 1 DAGs
[2025-02-12T15:53:46.664+0000] {logging_mixin.py:151} INFO - [2025-02-12T15:53:46.663+0000] {dag.py:3696} INFO - Setting next_dagrun for example_setup_teardown_taskflow to 2025-02-11T15:53:46.663750+00:00, run_after=2025-02-12T15:53:46.663750+00:00
[2025-02-12T15:53:46.682+0000] {processor.py:179} INFO - Processing /home/airflow/.local/lib/python3.8/site-packages/airflow/example_dags/example_setup_teardown_taskflow.py took 0.077 seconds
[2025-02-12T15:55:31.973+0000] {processor.py:157} INFO - Started process (PID=312) to work on /home/airflow/.local/lib/python3.8/site-packages/airflow/example_dags/example_setup_teardown_taskflow.py
[2025-02-12T15:55:31.974+0000] {processor.py:829} INFO - Processing file /home/airflow/.local/lib/python3.8/site-packages/airflow/example_dags/example_setup_teardown_taskflow.py for tasks to queue
[2025-02-12T15:55:31.975+0000] {logging_mixin.py:151} INFO - [2025-02-12T15:55:31.975+0000] {dagbag.py:539} INFO - Filling up the DagBag from /home/airflow/.local/lib/python3.8/site-packages/airflow/example_dags/example_setup_teardown_taskflow.py
[2025-02-12T15:55:32.152+0000] {processor.py:839} INFO - DAG(s) dict_keys(['example_setup_teardown_taskflow']) retrieved from /home/airflow/.local/lib/python3.8/site-packages/airflow/example_dags/example_setup_teardown_taskflow.py
[2025-02-12T15:55:32.183+0000] {logging_mixin.py:151} INFO - [2025-02-12T15:55:32.183+0000] {dag.py:2915} INFO - Sync 1 DAGs
[2025-02-12T15:55:32.209+0000] {logging_mixin.py:151} INFO - [2025-02-12T15:55:32.208+0000] {dag.py:3696} INFO - Setting next_dagrun for example_setup_teardown_taskflow to 2025-02-11T15:55:32.208705+00:00, run_after=2025-02-12T15:55:32.208705+00:00
[2025-02-12T15:55:32.230+0000] {processor.py:179} INFO - Processing /home/airflow/.local/lib/python3.8/site-packages/airflow/example_dags/example_setup_teardown_taskflow.py took 0.261 seconds
[2025-02-12T15:56:03.741+0000] {processor.py:157} INFO - Started process (PID=566) to work on /home/airflow/.local/lib/python3.8/site-packages/airflow/example_dags/example_setup_teardown_taskflow.py
[2025-02-12T15:56:03.742+0000] {processor.py:829} INFO - Processing file /home/airflow/.local/lib/python3.8/site-packages/airflow/example_dags/example_setup_teardown_taskflow.py for tasks to queue
[2025-02-12T15:56:03.743+0000] {logging_mixin.py:151} INFO - [2025-02-12T15:56:03.743+0000] {dagbag.py:539} INFO - Filling up the DagBag from /home/airflow/.local/lib/python3.8/site-packages/airflow/example_dags/example_setup_teardown_taskflow.py
[2025-02-12T15:56:03.753+0000] {processor.py:839} INFO - DAG(s) dict_keys(['example_setup_teardown_taskflow']) retrieved from /home/airflow/.local/lib/python3.8/site-packages/airflow/example_dags/example_setup_teardown_taskflow.py
[2025-02-12T15:56:03.777+0000] {logging_mixin.py:151} INFO - [2025-02-12T15:56:03.776+0000] {dag.py:2915} INFO - Sync 1 DAGs
[2025-02-12T15:56:03.800+0000] {logging_mixin.py:151} INFO - [2025-02-12T15:56:03.800+0000] {dag.py:3696} INFO - Setting next_dagrun for example_setup_teardown_taskflow to 2025-02-11T15:56:03.800314+00:00, run_after=2025-02-12T15:56:03.800314+00:00
[2025-02-12T15:56:03.823+0000] {processor.py:179} INFO - Processing /home/airflow/.local/lib/python3.8/site-packages/airflow/example_dags/example_setup_teardown_taskflow.py took 0.086 seconds
[2025-02-12T15:56:34.466+0000] {processor.py:157} INFO - Started process (PID=827) to work on /home/airflow/.local/lib/python3.8/site-packages/airflow/example_dags/example_setup_teardown_taskflow.py
[2025-02-12T15:56:34.467+0000] {processor.py:829} INFO - Processing file /home/airflow/.local/lib/python3.8/site-packages/airflow/example_dags/example_setup_teardown_taskflow.py for tasks to queue
[2025-02-12T15:56:34.468+0000] {logging_mixin.py:151} INFO - [2025-02-12T15:56:34.467+0000] {dagbag.py:539} INFO - Filling up the DagBag from /home/airflow/.local/lib/python3.8/site-packages/airflow/example_dags/example_setup_teardown_taskflow.py
[2025-02-12T15:56:34.479+0000] {processor.py:839} INFO - DAG(s) dict_keys(['example_setup_teardown_taskflow']) retrieved from /home/airflow/.local/lib/python3.8/site-packages/airflow/example_dags/example_setup_teardown_taskflow.py
[2025-02-12T15:56:34.501+0000] {logging_mixin.py:151} INFO - [2025-02-12T15:56:34.501+0000] {dag.py:2915} INFO - Sync 1 DAGs
[2025-02-12T15:56:34.523+0000] {logging_mixin.py:151} INFO - [2025-02-12T15:56:34.523+0000] {dag.py:3696} INFO - Setting next_dagrun for example_setup_teardown_taskflow to 2025-02-11T15:56:34.522950+00:00, run_after=2025-02-12T15:56:34.522950+00:00
[2025-02-12T15:56:34.541+0000] {processor.py:179} INFO - Processing /home/airflow/.local/lib/python3.8/site-packages/airflow/example_dags/example_setup_teardown_taskflow.py took 0.077 seconds
[2025-02-12T15:57:05.224+0000] {processor.py:157} INFO - Started process (PID=1088) to work on /home/airflow/.local/lib/python3.8/site-packages/airflow/example_dags/example_setup_teardown_taskflow.py
[2025-02-12T15:57:05.225+0000] {processor.py:829} INFO - Processing file /home/airflow/.local/lib/python3.8/site-packages/airflow/example_dags/example_setup_teardown_taskflow.py for tasks to queue
[2025-02-12T15:57:05.225+0000] {logging_mixin.py:151} INFO - [2025-02-12T15:57:05.225+0000] {dagbag.py:539} INFO - Filling up the DagBag from /home/airflow/.local/lib/python3.8/site-packages/airflow/example_dags/example_setup_teardown_taskflow.py
[2025-02-12T15:57:05.238+0000] {processor.py:839} INFO - DAG(s) dict_keys(['example_setup_teardown_taskflow']) retrieved from /home/airflow/.local/lib/python3.8/site-packages/airflow/example_dags/example_setup_teardown_taskflow.py
[2025-02-12T15:57:05.259+0000] {logging_mixin.py:151} INFO - [2025-02-12T15:57:05.259+0000] {dag.py:2915} INFO - Sync 1 DAGs
[2025-02-12T15:57:05.283+0000] {logging_mixin.py:151} INFO - [2025-02-12T15:57:05.283+0000] {dag.py:3696} INFO - Setting next_dagrun for example_setup_teardown_taskflow to 2025-02-11T15:57:05.283008+00:00, run_after=2025-02-12T15:57:05.283008+00:00
[2025-02-12T15:57:05.301+0000] {processor.py:179} INFO - Processing /home/airflow/.local/lib/python3.8/site-packages/airflow/example_dags/example_setup_teardown_taskflow.py took 0.080 seconds
[2025-02-12T15:57:36.073+0000] {processor.py:157} INFO - Started process (PID=1349) to work on /home/airflow/.local/lib/python3.8/site-packages/airflow/example_dags/example_setup_teardown_taskflow.py
[2025-02-12T15:57:36.074+0000] {processor.py:829} INFO - Processing file /home/airflow/.local/lib/python3.8/site-packages/airflow/example_dags/example_setup_teardown_taskflow.py for tasks to queue
[2025-02-12T15:57:36.075+0000] {logging_mixin.py:151} INFO - [2025-02-12T15:57:36.075+0000] {dagbag.py:539} INFO - Filling up the DagBag from /home/airflow/.local/lib/python3.8/site-packages/airflow/example_dags/example_setup_teardown_taskflow.py
[2025-02-12T15:57:36.083+0000] {processor.py:839} INFO - DAG(s) dict_keys(['example_setup_teardown_taskflow']) retrieved from /home/airflow/.local/lib/python3.8/site-packages/airflow/example_dags/example_setup_teardown_taskflow.py
[2025-02-12T15:57:36.100+0000] {logging_mixin.py:151} INFO - [2025-02-12T15:57:36.100+0000] {dag.py:2915} INFO - Sync 1 DAGs
[2025-02-12T15:57:36.122+0000] {logging_mixin.py:151} INFO - [2025-02-12T15:57:36.122+0000] {dag.py:3696} INFO - Setting next_dagrun for example_setup_teardown_taskflow to 2025-02-11T15:57:36.122179+00:00, run_after=2025-02-12T15:57:36.122179+00:00
[2025-02-12T15:57:36.136+0000] {processor.py:179} INFO - Processing /home/airflow/.local/lib/python3.8/site-packages/airflow/example_dags/example_setup_teardown_taskflow.py took 0.065 seconds
[2025-02-12T15:59:37.758+0000] {processor.py:157} INFO - Started process (PID=1663) to work on /home/airflow/.local/lib/python3.8/site-packages/airflow/example_dags/example_setup_teardown_taskflow.py
[2025-02-12T15:59:37.759+0000] {processor.py:829} INFO - Processing file /home/airflow/.local/lib/python3.8/site-packages/airflow/example_dags/example_setup_teardown_taskflow.py for tasks to queue
[2025-02-12T15:59:37.759+0000] {logging_mixin.py:151} INFO - [2025-02-12T15:59:37.759+0000] {dagbag.py:539} INFO - Filling up the DagBag from /home/airflow/.local/lib/python3.8/site-packages/airflow/example_dags/example_setup_teardown_taskflow.py
[2025-02-12T15:59:37.767+0000] {processor.py:839} INFO - DAG(s) dict_keys(['example_setup_teardown_taskflow']) retrieved from /home/airflow/.local/lib/python3.8/site-packages/airflow/example_dags/example_setup_teardown_taskflow.py
[2025-02-12T15:59:37.788+0000] {logging_mixin.py:151} INFO - [2025-02-12T15:59:37.788+0000] {dag.py:2915} INFO - Sync 1 DAGs
[2025-02-12T15:59:37.807+0000] {logging_mixin.py:151} INFO - [2025-02-12T15:59:37.807+0000] {dag.py:3696} INFO - Setting next_dagrun for example_setup_teardown_taskflow to 2025-02-11T15:59:37.807334+00:00, run_after=2025-02-12T15:59:37.807334+00:00
[2025-02-12T15:59:37.828+0000] {processor.py:179} INFO - Processing /home/airflow/.local/lib/python3.8/site-packages/airflow/example_dags/example_setup_teardown_taskflow.py took 0.073 seconds
[2025-02-12T16:00:08.142+0000] {processor.py:157} INFO - Started process (PID=1950) to work on /home/airflow/.local/lib/python3.8/site-packages/airflow/example_dags/example_setup_teardown_taskflow.py
[2025-02-12T16:00:08.143+0000] {processor.py:829} INFO - Processing file /home/airflow/.local/lib/python3.8/site-packages/airflow/example_dags/example_setup_teardown_taskflow.py for tasks to queue
[2025-02-12T16:00:08.144+0000] {logging_mixin.py:151} INFO - [2025-02-12T16:00:08.144+0000] {dagbag.py:539} INFO - Filling up the DagBag from /home/airflow/.local/lib/python3.8/site-packages/airflow/example_dags/example_setup_teardown_taskflow.py
[2025-02-12T16:00:08.152+0000] {processor.py:839} INFO - DAG(s) dict_keys(['example_setup_teardown_taskflow']) retrieved from /home/airflow/.local/lib/python3.8/site-packages/airflow/example_dags/example_setup_teardown_taskflow.py
[2025-02-12T16:00:08.174+0000] {logging_mixin.py:151} INFO - [2025-02-12T16:00:08.173+0000] {dag.py:2915} INFO - Sync 1 DAGs
[2025-02-12T16:00:08.194+0000] {logging_mixin.py:151} INFO - [2025-02-12T16:00:08.194+0000] {dag.py:3696} INFO - Setting next_dagrun for example_setup_teardown_taskflow to 2025-02-11T16:00:08.194327+00:00, run_after=2025-02-12T16:00:08.194327+00:00
[2025-02-12T16:00:08.211+0000] {processor.py:179} INFO - Processing /home/airflow/.local/lib/python3.8/site-packages/airflow/example_dags/example_setup_teardown_taskflow.py took 0.072 seconds
[2025-02-12T16:01:57.397+0000] {processor.py:157} INFO - Started process (PID=2255) to work on /home/airflow/.local/lib/python3.8/site-packages/airflow/example_dags/example_setup_teardown_taskflow.py
[2025-02-12T16:01:57.399+0000] {processor.py:829} INFO - Processing file /home/airflow/.local/lib/python3.8/site-packages/airflow/example_dags/example_setup_teardown_taskflow.py for tasks to queue
[2025-02-12T16:01:57.400+0000] {logging_mixin.py:151} INFO - [2025-02-12T16:01:57.400+0000] {dagbag.py:539} INFO - Filling up the DagBag from /home/airflow/.local/lib/python3.8/site-packages/airflow/example_dags/example_setup_teardown_taskflow.py
[2025-02-12T16:01:57.410+0000] {processor.py:839} INFO - DAG(s) dict_keys(['example_setup_teardown_taskflow']) retrieved from /home/airflow/.local/lib/python3.8/site-packages/airflow/example_dags/example_setup_teardown_taskflow.py
[2025-02-12T16:01:57.434+0000] {logging_mixin.py:151} INFO - [2025-02-12T16:01:57.434+0000] {dag.py:2915} INFO - Sync 1 DAGs
[2025-02-12T16:01:57.461+0000] {logging_mixin.py:151} INFO - [2025-02-12T16:01:57.460+0000] {dag.py:3696} INFO - Setting next_dagrun for example_setup_teardown_taskflow to 2025-02-11T16:01:57.460278+00:00, run_after=2025-02-12T16:01:57.460278+00:00
[2025-02-12T16:01:57.487+0000] {processor.py:179} INFO - Processing /home/airflow/.local/lib/python3.8/site-packages/airflow/example_dags/example_setup_teardown_taskflow.py took 0.093 seconds
[2025-02-12T16:02:28.009+0000] {processor.py:157} INFO - Started process (PID=2552) to work on /home/airflow/.local/lib/python3.8/site-packages/airflow/example_dags/example_setup_teardown_taskflow.py
[2025-02-12T16:02:28.010+0000] {processor.py:829} INFO - Processing file /home/airflow/.local/lib/python3.8/site-packages/airflow/example_dags/example_setup_teardown_taskflow.py for tasks to queue
[2025-02-12T16:02:28.011+0000] {logging_mixin.py:151} INFO - [2025-02-12T16:02:28.010+0000] {dagbag.py:539} INFO - Filling up the DagBag from /home/airflow/.local/lib/python3.8/site-packages/airflow/example_dags/example_setup_teardown_taskflow.py
[2025-02-12T16:02:28.019+0000] {processor.py:839} INFO - DAG(s) dict_keys(['example_setup_teardown_taskflow']) retrieved from /home/airflow/.local/lib/python3.8/site-packages/airflow/example_dags/example_setup_teardown_taskflow.py
[2025-02-12T16:02:28.039+0000] {logging_mixin.py:151} INFO - [2025-02-12T16:02:28.039+0000] {dag.py:2915} INFO - Sync 1 DAGs
[2025-02-12T16:02:28.060+0000] {logging_mixin.py:151} INFO - [2025-02-12T16:02:28.060+0000] {dag.py:3696} INFO - Setting next_dagrun for example_setup_teardown_taskflow to 2025-02-11T16:02:28.059795+00:00, run_after=2025-02-12T16:02:28.059795+00:00
[2025-02-12T16:02:28.077+0000] {processor.py:179} INFO - Processing /home/airflow/.local/lib/python3.8/site-packages/airflow/example_dags/example_setup_teardown_taskflow.py took 0.071 seconds
[2025-02-12T16:03:02.782+0000] {processor.py:157} INFO - Started process (PID=2853) to work on /home/airflow/.local/lib/python3.8/site-packages/airflow/example_dags/example_setup_teardown_taskflow.py
[2025-02-12T16:03:02.784+0000] {processor.py:829} INFO - Processing file /home/airflow/.local/lib/python3.8/site-packages/airflow/example_dags/example_setup_teardown_taskflow.py for tasks to queue
[2025-02-12T16:03:02.785+0000] {logging_mixin.py:151} INFO - [2025-02-12T16:03:02.785+0000] {dagbag.py:539} INFO - Filling up the DagBag from /home/airflow/.local/lib/python3.8/site-packages/airflow/example_dags/example_setup_teardown_taskflow.py
[2025-02-12T16:03:02.803+0000] {processor.py:839} INFO - DAG(s) dict_keys(['example_setup_teardown_taskflow']) retrieved from /home/airflow/.local/lib/python3.8/site-packages/airflow/example_dags/example_setup_teardown_taskflow.py
[2025-02-12T16:03:02.841+0000] {logging_mixin.py:151} INFO - [2025-02-12T16:03:02.840+0000] {dag.py:2915} INFO - Sync 1 DAGs
[2025-02-12T16:03:02.888+0000] {logging_mixin.py:151} INFO - [2025-02-12T16:03:02.888+0000] {dag.py:3696} INFO - Setting next_dagrun for example_setup_teardown_taskflow to 2025-02-11T16:03:02.888019+00:00, run_after=2025-02-12T16:03:02.888019+00:00
[2025-02-12T16:03:02.926+0000] {processor.py:179} INFO - Processing /home/airflow/.local/lib/python3.8/site-packages/airflow/example_dags/example_setup_teardown_taskflow.py took 0.150 seconds
[2025-02-12T16:03:34.224+0000] {processor.py:157} INFO - Started process (PID=3163) to work on /home/airflow/.local/lib/python3.8/site-packages/airflow/example_dags/example_setup_teardown_taskflow.py
[2025-02-12T16:03:34.225+0000] {processor.py:829} INFO - Processing file /home/airflow/.local/lib/python3.8/site-packages/airflow/example_dags/example_setup_teardown_taskflow.py for tasks to queue
[2025-02-12T16:03:34.225+0000] {logging_mixin.py:151} INFO - [2025-02-12T16:03:34.225+0000] {dagbag.py:539} INFO - Filling up the DagBag from /home/airflow/.local/lib/python3.8/site-packages/airflow/example_dags/example_setup_teardown_taskflow.py
[2025-02-12T16:03:34.234+0000] {processor.py:839} INFO - DAG(s) dict_keys(['example_setup_teardown_taskflow']) retrieved from /home/airflow/.local/lib/python3.8/site-packages/airflow/example_dags/example_setup_teardown_taskflow.py
[2025-02-12T16:03:34.253+0000] {logging_mixin.py:151} INFO - [2025-02-12T16:03:34.253+0000] {dag.py:2915} INFO - Sync 1 DAGs
[2025-02-12T16:03:34.273+0000] {logging_mixin.py:151} INFO - [2025-02-12T16:03:34.273+0000] {dag.py:3696} INFO - Setting next_dagrun for example_setup_teardown_taskflow to 2025-02-11T16:03:34.273343+00:00, run_after=2025-02-12T16:03:34.273343+00:00
[2025-02-12T16:03:34.289+0000] {processor.py:179} INFO - Processing /home/airflow/.local/lib/python3.8/site-packages/airflow/example_dags/example_setup_teardown_taskflow.py took 0.069 seconds
[2025-02-12T16:04:06.563+0000] {processor.py:157} INFO - Started process (PID=3417) to work on /home/airflow/.local/lib/python3.8/site-packages/airflow/example_dags/example_setup_teardown_taskflow.py
[2025-02-12T16:04:06.564+0000] {processor.py:829} INFO - Processing file /home/airflow/.local/lib/python3.8/site-packages/airflow/example_dags/example_setup_teardown_taskflow.py for tasks to queue
[2025-02-12T16:04:06.564+0000] {logging_mixin.py:151} INFO - [2025-02-12T16:04:06.564+0000] {dagbag.py:539} INFO - Filling up the DagBag from /home/airflow/.local/lib/python3.8/site-packages/airflow/example_dags/example_setup_teardown_taskflow.py
[2025-02-12T16:04:06.573+0000] {processor.py:839} INFO - DAG(s) dict_keys(['example_setup_teardown_taskflow']) retrieved from /home/airflow/.local/lib/python3.8/site-packages/airflow/example_dags/example_setup_teardown_taskflow.py
[2025-02-12T16:04:06.595+0000] {logging_mixin.py:151} INFO - [2025-02-12T16:04:06.595+0000] {dag.py:2915} INFO - Sync 1 DAGs
[2025-02-12T16:04:06.617+0000] {logging_mixin.py:151} INFO - [2025-02-12T16:04:06.617+0000] {dag.py:3696} INFO - Setting next_dagrun for example_setup_teardown_taskflow to 2025-02-11T16:04:06.616907+00:00, run_after=2025-02-12T16:04:06.616907+00:00
[2025-02-12T16:04:06.635+0000] {processor.py:179} INFO - Processing /home/airflow/.local/lib/python3.8/site-packages/airflow/example_dags/example_setup_teardown_taskflow.py took 0.075 seconds
[2025-02-12T16:04:39.069+0000] {processor.py:157} INFO - Started process (PID=3686) to work on /home/airflow/.local/lib/python3.8/site-packages/airflow/example_dags/example_setup_teardown_taskflow.py
[2025-02-12T16:04:39.070+0000] {processor.py:829} INFO - Processing file /home/airflow/.local/lib/python3.8/site-packages/airflow/example_dags/example_setup_teardown_taskflow.py for tasks to queue
[2025-02-12T16:04:39.071+0000] {logging_mixin.py:151} INFO - [2025-02-12T16:04:39.071+0000] {dagbag.py:539} INFO - Filling up the DagBag from /home/airflow/.local/lib/python3.8/site-packages/airflow/example_dags/example_setup_teardown_taskflow.py
[2025-02-12T16:04:39.079+0000] {processor.py:839} INFO - DAG(s) dict_keys(['example_setup_teardown_taskflow']) retrieved from /home/airflow/.local/lib/python3.8/site-packages/airflow/example_dags/example_setup_teardown_taskflow.py
[2025-02-12T16:04:39.100+0000] {logging_mixin.py:151} INFO - [2025-02-12T16:04:39.099+0000] {dag.py:2915} INFO - Sync 1 DAGs
[2025-02-12T16:04:39.118+0000] {logging_mixin.py:151} INFO - [2025-02-12T16:04:39.117+0000] {dag.py:3696} INFO - Setting next_dagrun for example_setup_teardown_taskflow to 2025-02-11T16:04:39.117802+00:00, run_after=2025-02-12T16:04:39.117802+00:00
[2025-02-12T16:04:39.136+0000] {processor.py:179} INFO - Processing /home/airflow/.local/lib/python3.8/site-packages/airflow/example_dags/example_setup_teardown_taskflow.py took 0.069 seconds
[2025-02-12T16:05:12.424+0000] {processor.py:157} INFO - Started process (PID=3952) to work on /home/airflow/.local/lib/python3.8/site-packages/airflow/example_dags/example_setup_teardown_taskflow.py
[2025-02-12T16:05:12.424+0000] {processor.py:829} INFO - Processing file /home/airflow/.local/lib/python3.8/site-packages/airflow/example_dags/example_setup_teardown_taskflow.py for tasks to queue
[2025-02-12T16:05:12.425+0000] {logging_mixin.py:151} INFO - [2025-02-12T16:05:12.424+0000] {dagbag.py:539} INFO - Filling up the DagBag from /home/airflow/.local/lib/python3.8/site-packages/airflow/example_dags/example_setup_teardown_taskflow.py
[2025-02-12T16:05:12.432+0000] {processor.py:839} INFO - DAG(s) dict_keys(['example_setup_teardown_taskflow']) retrieved from /home/airflow/.local/lib/python3.8/site-packages/airflow/example_dags/example_setup_teardown_taskflow.py
[2025-02-12T16:05:12.450+0000] {logging_mixin.py:151} INFO - [2025-02-12T16:05:12.449+0000] {dag.py:2915} INFO - Sync 1 DAGs
[2025-02-12T16:05:12.467+0000] {logging_mixin.py:151} INFO - [2025-02-12T16:05:12.467+0000] {dag.py:3696} INFO - Setting next_dagrun for example_setup_teardown_taskflow to 2025-02-11T16:05:12.467254+00:00, run_after=2025-02-12T16:05:12.467254+00:00
[2025-02-12T16:05:12.481+0000] {processor.py:179} INFO - Processing /home/airflow/.local/lib/python3.8/site-packages/airflow/example_dags/example_setup_teardown_taskflow.py took 0.060 seconds
[2025-02-12T16:05:43.863+0000] {processor.py:157} INFO - Started process (PID=4213) to work on /home/airflow/.local/lib/python3.8/site-packages/airflow/example_dags/example_setup_teardown_taskflow.py
[2025-02-12T16:05:43.864+0000] {processor.py:829} INFO - Processing file /home/airflow/.local/lib/python3.8/site-packages/airflow/example_dags/example_setup_teardown_taskflow.py for tasks to queue
[2025-02-12T16:05:43.865+0000] {logging_mixin.py:151} INFO - [2025-02-12T16:05:43.864+0000] {dagbag.py:539} INFO - Filling up the DagBag from /home/airflow/.local/lib/python3.8/site-packages/airflow/example_dags/example_setup_teardown_taskflow.py
[2025-02-12T16:05:43.874+0000] {processor.py:839} INFO - DAG(s) dict_keys(['example_setup_teardown_taskflow']) retrieved from /home/airflow/.local/lib/python3.8/site-packages/airflow/example_dags/example_setup_teardown_taskflow.py
[2025-02-12T16:05:43.894+0000] {logging_mixin.py:151} INFO - [2025-02-12T16:05:43.894+0000] {dag.py:2915} INFO - Sync 1 DAGs
[2025-02-12T16:05:43.919+0000] {logging_mixin.py:151} INFO - [2025-02-12T16:05:43.919+0000] {dag.py:3696} INFO - Setting next_dagrun for example_setup_teardown_taskflow to 2025-02-11T16:05:43.918800+00:00, run_after=2025-02-12T16:05:43.918800+00:00
[2025-02-12T16:05:43.939+0000] {processor.py:179} INFO - Processing /home/airflow/.local/lib/python3.8/site-packages/airflow/example_dags/example_setup_teardown_taskflow.py took 0.079 seconds
[2025-02-12T16:06:14.263+0000] {processor.py:157} INFO - Started process (PID=4480) to work on /home/airflow/.local/lib/python3.8/site-packages/airflow/example_dags/example_setup_teardown_taskflow.py
[2025-02-12T16:06:14.264+0000] {processor.py:829} INFO - Processing file /home/airflow/.local/lib/python3.8/site-packages/airflow/example_dags/example_setup_teardown_taskflow.py for tasks to queue
[2025-02-12T16:06:14.265+0000] {logging_mixin.py:151} INFO - [2025-02-12T16:06:14.265+0000] {dagbag.py:539} INFO - Filling up the DagBag from /home/airflow/.local/lib/python3.8/site-packages/airflow/example_dags/example_setup_teardown_taskflow.py
[2025-02-12T16:06:14.273+0000] {processor.py:839} INFO - DAG(s) dict_keys(['example_setup_teardown_taskflow']) retrieved from /home/airflow/.local/lib/python3.8/site-packages/airflow/example_dags/example_setup_teardown_taskflow.py
[2025-02-12T16:06:14.293+0000] {logging_mixin.py:151} INFO - [2025-02-12T16:06:14.293+0000] {dag.py:2915} INFO - Sync 1 DAGs
[2025-02-12T16:06:14.314+0000] {logging_mixin.py:151} INFO - [2025-02-12T16:06:14.314+0000] {dag.py:3696} INFO - Setting next_dagrun for example_setup_teardown_taskflow to 2025-02-11T16:06:14.313701+00:00, run_after=2025-02-12T16:06:14.313701+00:00
[2025-02-12T16:06:14.334+0000] {processor.py:179} INFO - Processing /home/airflow/.local/lib/python3.8/site-packages/airflow/example_dags/example_setup_teardown_taskflow.py took 0.074 seconds
[2025-02-12T16:06:44.844+0000] {processor.py:157} INFO - Started process (PID=4734) to work on /home/airflow/.local/lib/python3.8/site-packages/airflow/example_dags/example_setup_teardown_taskflow.py
[2025-02-12T16:06:44.845+0000] {processor.py:829} INFO - Processing file /home/airflow/.local/lib/python3.8/site-packages/airflow/example_dags/example_setup_teardown_taskflow.py for tasks to queue
[2025-02-12T16:06:44.845+0000] {logging_mixin.py:151} INFO - [2025-02-12T16:06:44.845+0000] {dagbag.py:539} INFO - Filling up the DagBag from /home/airflow/.local/lib/python3.8/site-packages/airflow/example_dags/example_setup_teardown_taskflow.py
[2025-02-12T16:06:44.855+0000] {processor.py:839} INFO - DAG(s) dict_keys(['example_setup_teardown_taskflow']) retrieved from /home/airflow/.local/lib/python3.8/site-packages/airflow/example_dags/example_setup_teardown_taskflow.py
[2025-02-12T16:06:44.879+0000] {logging_mixin.py:151} INFO - [2025-02-12T16:06:44.879+0000] {dag.py:2915} INFO - Sync 1 DAGs
[2025-02-12T16:06:44.906+0000] {logging_mixin.py:151} INFO - [2025-02-12T16:06:44.906+0000] {dag.py:3696} INFO - Setting next_dagrun for example_setup_teardown_taskflow to 2025-02-11T16:06:44.905740+00:00, run_after=2025-02-12T16:06:44.905740+00:00
[2025-02-12T16:06:44.935+0000] {processor.py:179} INFO - Processing /home/airflow/.local/lib/python3.8/site-packages/airflow/example_dags/example_setup_teardown_taskflow.py took 0.094 seconds
[2025-02-12T16:07:15.828+0000] {processor.py:157} INFO - Started process (PID=5050) to work on /home/airflow/.local/lib/python3.8/site-packages/airflow/example_dags/example_setup_teardown_taskflow.py
[2025-02-12T16:07:15.829+0000] {processor.py:829} INFO - Processing file /home/airflow/.local/lib/python3.8/site-packages/airflow/example_dags/example_setup_teardown_taskflow.py for tasks to queue
[2025-02-12T16:07:15.829+0000] {logging_mixin.py:151} INFO - [2025-02-12T16:07:15.829+0000] {dagbag.py:539} INFO - Filling up the DagBag from /home/airflow/.local/lib/python3.8/site-packages/airflow/example_dags/example_setup_teardown_taskflow.py
[2025-02-12T16:07:15.838+0000] {processor.py:839} INFO - DAG(s) dict_keys(['example_setup_teardown_taskflow']) retrieved from /home/airflow/.local/lib/python3.8/site-packages/airflow/example_dags/example_setup_teardown_taskflow.py
[2025-02-12T16:07:15.858+0000] {logging_mixin.py:151} INFO - [2025-02-12T16:07:15.858+0000] {dag.py:2915} INFO - Sync 1 DAGs
[2025-02-12T16:07:15.876+0000] {logging_mixin.py:151} INFO - [2025-02-12T16:07:15.875+0000] {dag.py:3696} INFO - Setting next_dagrun for example_setup_teardown_taskflow to 2025-02-11T16:07:15.875611+00:00, run_after=2025-02-12T16:07:15.875611+00:00
[2025-02-12T16:07:15.894+0000] {processor.py:179} INFO - Processing /home/airflow/.local/lib/python3.8/site-packages/airflow/example_dags/example_setup_teardown_taskflow.py took 0.070 seconds
[2025-02-12T16:07:46.491+0000] {processor.py:157} INFO - Started process (PID=5312) to work on /home/airflow/.local/lib/python3.8/site-packages/airflow/example_dags/example_setup_teardown_taskflow.py
[2025-02-12T16:07:46.492+0000] {processor.py:829} INFO - Processing file /home/airflow/.local/lib/python3.8/site-packages/airflow/example_dags/example_setup_teardown_taskflow.py for tasks to queue
[2025-02-12T16:07:46.492+0000] {logging_mixin.py:151} INFO - [2025-02-12T16:07:46.492+0000] {dagbag.py:539} INFO - Filling up the DagBag from /home/airflow/.local/lib/python3.8/site-packages/airflow/example_dags/example_setup_teardown_taskflow.py
[2025-02-12T16:07:46.501+0000] {processor.py:839} INFO - DAG(s) dict_keys(['example_setup_teardown_taskflow']) retrieved from /home/airflow/.local/lib/python3.8/site-packages/airflow/example_dags/example_setup_teardown_taskflow.py
[2025-02-12T16:07:46.521+0000] {logging_mixin.py:151} INFO - [2025-02-12T16:07:46.521+0000] {dag.py:2915} INFO - Sync 1 DAGs
[2025-02-12T16:07:46.543+0000] {logging_mixin.py:151} INFO - [2025-02-12T16:07:46.543+0000] {dag.py:3696} INFO - Setting next_dagrun for example_setup_teardown_taskflow to 2025-02-11T16:07:46.543078+00:00, run_after=2025-02-12T16:07:46.543078+00:00
[2025-02-12T16:07:46.563+0000] {processor.py:179} INFO - Processing /home/airflow/.local/lib/python3.8/site-packages/airflow/example_dags/example_setup_teardown_taskflow.py took 0.075 seconds
[2025-02-12T16:08:17.230+0000] {processor.py:157} INFO - Started process (PID=5585) to work on /home/airflow/.local/lib/python3.8/site-packages/airflow/example_dags/example_setup_teardown_taskflow.py
[2025-02-12T16:08:17.232+0000] {processor.py:829} INFO - Processing file /home/airflow/.local/lib/python3.8/site-packages/airflow/example_dags/example_setup_teardown_taskflow.py for tasks to queue
[2025-02-12T16:08:17.233+0000] {logging_mixin.py:151} INFO - [2025-02-12T16:08:17.233+0000] {dagbag.py:539} INFO - Filling up the DagBag from /home/airflow/.local/lib/python3.8/site-packages/airflow/example_dags/example_setup_teardown_taskflow.py
[2025-02-12T16:08:17.249+0000] {processor.py:839} INFO - DAG(s) dict_keys(['example_setup_teardown_taskflow']) retrieved from /home/airflow/.local/lib/python3.8/site-packages/airflow/example_dags/example_setup_teardown_taskflow.py
[2025-02-12T16:08:17.295+0000] {logging_mixin.py:151} INFO - [2025-02-12T16:08:17.295+0000] {dag.py:2915} INFO - Sync 1 DAGs
[2025-02-12T16:08:17.335+0000] {logging_mixin.py:151} INFO - [2025-02-12T16:08:17.335+0000] {dag.py:3696} INFO - Setting next_dagrun for example_setup_teardown_taskflow to 2025-02-11T16:08:17.335226+00:00, run_after=2025-02-12T16:08:17.335226+00:00
[2025-02-12T16:08:17.369+0000] {processor.py:179} INFO - Processing /home/airflow/.local/lib/python3.8/site-packages/airflow/example_dags/example_setup_teardown_taskflow.py took 0.143 seconds
[2025-02-12T16:08:56.771+0000] {processor.py:157} INFO - Started process (PID=5859) to work on /home/airflow/.local/lib/python3.8/site-packages/airflow/example_dags/example_setup_teardown_taskflow.py
[2025-02-12T16:08:56.773+0000] {processor.py:829} INFO - Processing file /home/airflow/.local/lib/python3.8/site-packages/airflow/example_dags/example_setup_teardown_taskflow.py for tasks to queue
[2025-02-12T16:08:56.774+0000] {logging_mixin.py:151} INFO - [2025-02-12T16:08:56.773+0000] {dagbag.py:539} INFO - Filling up the DagBag from /home/airflow/.local/lib/python3.8/site-packages/airflow/example_dags/example_setup_teardown_taskflow.py
[2025-02-12T16:08:56.787+0000] {processor.py:839} INFO - DAG(s) dict_keys(['example_setup_teardown_taskflow']) retrieved from /home/airflow/.local/lib/python3.8/site-packages/airflow/example_dags/example_setup_teardown_taskflow.py
[2025-02-12T16:08:56.821+0000] {logging_mixin.py:151} INFO - [2025-02-12T16:08:56.820+0000] {dag.py:2915} INFO - Sync 1 DAGs
[2025-02-12T16:08:56.866+0000] {logging_mixin.py:151} INFO - [2025-02-12T16:08:56.865+0000] {dag.py:3696} INFO - Setting next_dagrun for example_setup_teardown_taskflow to 2025-02-11T16:08:56.865263+00:00, run_after=2025-02-12T16:08:56.865263+00:00
[2025-02-12T16:08:56.918+0000] {processor.py:179} INFO - Processing /home/airflow/.local/lib/python3.8/site-packages/airflow/example_dags/example_setup_teardown_taskflow.py took 0.151 seconds
[2025-02-12T16:10:28.198+0000] {processor.py:157} INFO - Started process (PID=6155) to work on /home/airflow/.local/lib/python3.8/site-packages/airflow/example_dags/example_setup_teardown_taskflow.py
[2025-02-12T16:10:28.200+0000] {processor.py:829} INFO - Processing file /home/airflow/.local/lib/python3.8/site-packages/airflow/example_dags/example_setup_teardown_taskflow.py for tasks to queue
[2025-02-12T16:10:28.201+0000] {logging_mixin.py:151} INFO - [2025-02-12T16:10:28.201+0000] {dagbag.py:539} INFO - Filling up the DagBag from /home/airflow/.local/lib/python3.8/site-packages/airflow/example_dags/example_setup_teardown_taskflow.py
[2025-02-12T16:10:28.215+0000] {processor.py:839} INFO - DAG(s) dict_keys(['example_setup_teardown_taskflow']) retrieved from /home/airflow/.local/lib/python3.8/site-packages/airflow/example_dags/example_setup_teardown_taskflow.py
[2025-02-12T16:10:28.255+0000] {logging_mixin.py:151} INFO - [2025-02-12T16:10:28.254+0000] {dag.py:2915} INFO - Sync 1 DAGs
[2025-02-12T16:10:28.304+0000] {logging_mixin.py:151} INFO - [2025-02-12T16:10:28.303+0000] {dag.py:3696} INFO - Setting next_dagrun for example_setup_teardown_taskflow to 2025-02-11T16:10:28.303488+00:00, run_after=2025-02-12T16:10:28.303488+00:00
[2025-02-12T16:10:28.342+0000] {processor.py:179} INFO - Processing /home/airflow/.local/lib/python3.8/site-packages/airflow/example_dags/example_setup_teardown_taskflow.py took 0.149 seconds
[2025-02-12T16:10:59.015+0000] {processor.py:157} INFO - Started process (PID=6425) to work on /home/airflow/.local/lib/python3.8/site-packages/airflow/example_dags/example_setup_teardown_taskflow.py
[2025-02-12T16:10:59.016+0000] {processor.py:829} INFO - Processing file /home/airflow/.local/lib/python3.8/site-packages/airflow/example_dags/example_setup_teardown_taskflow.py for tasks to queue
[2025-02-12T16:10:59.017+0000] {logging_mixin.py:151} INFO - [2025-02-12T16:10:59.017+0000] {dagbag.py:539} INFO - Filling up the DagBag from /home/airflow/.local/lib/python3.8/site-packages/airflow/example_dags/example_setup_teardown_taskflow.py
[2025-02-12T16:10:59.026+0000] {processor.py:839} INFO - DAG(s) dict_keys(['example_setup_teardown_taskflow']) retrieved from /home/airflow/.local/lib/python3.8/site-packages/airflow/example_dags/example_setup_teardown_taskflow.py
[2025-02-12T16:10:59.048+0000] {logging_mixin.py:151} INFO - [2025-02-12T16:10:59.047+0000] {dag.py:2915} INFO - Sync 1 DAGs
[2025-02-12T16:10:59.070+0000] {logging_mixin.py:151} INFO - [2025-02-12T16:10:59.070+0000] {dag.py:3696} INFO - Setting next_dagrun for example_setup_teardown_taskflow to 2025-02-11T16:10:59.070106+00:00, run_after=2025-02-12T16:10:59.070106+00:00
[2025-02-12T16:10:59.091+0000] {processor.py:179} INFO - Processing /home/airflow/.local/lib/python3.8/site-packages/airflow/example_dags/example_setup_teardown_taskflow.py took 0.078 seconds
[2025-02-12T16:11:30.069+0000] {processor.py:157} INFO - Started process (PID=6687) to work on /home/airflow/.local/lib/python3.8/site-packages/airflow/example_dags/example_setup_teardown_taskflow.py
[2025-02-12T16:11:30.070+0000] {processor.py:829} INFO - Processing file /home/airflow/.local/lib/python3.8/site-packages/airflow/example_dags/example_setup_teardown_taskflow.py for tasks to queue
[2025-02-12T16:11:30.071+0000] {logging_mixin.py:151} INFO - [2025-02-12T16:11:30.070+0000] {dagbag.py:539} INFO - Filling up the DagBag from /home/airflow/.local/lib/python3.8/site-packages/airflow/example_dags/example_setup_teardown_taskflow.py
[2025-02-12T16:11:30.078+0000] {processor.py:839} INFO - DAG(s) dict_keys(['example_setup_teardown_taskflow']) retrieved from /home/airflow/.local/lib/python3.8/site-packages/airflow/example_dags/example_setup_teardown_taskflow.py
[2025-02-12T16:11:30.095+0000] {logging_mixin.py:151} INFO - [2025-02-12T16:11:30.095+0000] {dag.py:2915} INFO - Sync 1 DAGs
[2025-02-12T16:11:30.112+0000] {logging_mixin.py:151} INFO - [2025-02-12T16:11:30.112+0000] {dag.py:3696} INFO - Setting next_dagrun for example_setup_teardown_taskflow to 2025-02-11T16:11:30.112320+00:00, run_after=2025-02-12T16:11:30.112320+00:00
[2025-02-12T16:11:30.126+0000] {processor.py:179} INFO - Processing /home/airflow/.local/lib/python3.8/site-packages/airflow/example_dags/example_setup_teardown_taskflow.py took 0.059 seconds
