[2025-02-12T15:51:06.554+0000] {processor.py:157} INFO - Started process (PID=272) to work on /home/airflow/.local/lib/python3.8/site-packages/airflow/example_dags/example_branch_operator_decorator.py
[2025-02-12T15:51:06.555+0000] {processor.py:829} INFO - Processing file /home/airflow/.local/lib/python3.8/site-packages/airflow/example_dags/example_branch_operator_decorator.py for tasks to queue
[2025-02-12T15:51:06.556+0000] {logging_mixin.py:151} INFO - [2025-02-12T15:51:06.555+0000] {dagbag.py:539} INFO - Filling up the DagBag from /home/airflow/.local/lib/python3.8/site-packages/airflow/example_dags/example_branch_operator_decorator.py
[2025-02-12T15:51:06.564+0000] {processor.py:839} INFO - DAG(s) dict_keys(['example_branch_python_operator_decorator']) retrieved from /home/airflow/.local/lib/python3.8/site-packages/airflow/example_dags/example_branch_operator_decorator.py
[2025-02-12T15:51:06.574+0000] {logging_mixin.py:151} INFO - [2025-02-12T15:51:06.574+0000] {dag.py:2915} INFO - Sync 1 DAGs
[2025-02-12T15:51:06.599+0000] {logging_mixin.py:151} INFO - [2025-02-12T15:51:06.599+0000] {dag.py:3696} INFO - Setting next_dagrun for example_branch_python_operator_decorator to 2025-02-11T00:00:00+00:00, run_after=2025-02-12T00:00:00+00:00
[2025-02-12T15:51:06.747+0000] {processor.py:179} INFO - Processing /home/airflow/.local/lib/python3.8/site-packages/airflow/example_dags/example_branch_operator_decorator.py took 0.195 seconds
[2025-02-12T15:51:36.905+0000] {processor.py:157} INFO - Started process (PID=521) to work on /home/airflow/.local/lib/python3.8/site-packages/airflow/example_dags/example_branch_operator_decorator.py
[2025-02-12T15:51:36.906+0000] {processor.py:829} INFO - Processing file /home/airflow/.local/lib/python3.8/site-packages/airflow/example_dags/example_branch_operator_decorator.py for tasks to queue
[2025-02-12T15:51:36.907+0000] {logging_mixin.py:151} INFO - [2025-02-12T15:51:36.907+0000] {dagbag.py:539} INFO - Filling up the DagBag from /home/airflow/.local/lib/python3.8/site-packages/airflow/example_dags/example_branch_operator_decorator.py
[2025-02-12T15:51:36.917+0000] {processor.py:839} INFO - DAG(s) dict_keys(['example_branch_python_operator_decorator']) retrieved from /home/airflow/.local/lib/python3.8/site-packages/airflow/example_dags/example_branch_operator_decorator.py
[2025-02-12T15:51:36.940+0000] {logging_mixin.py:151} INFO - [2025-02-12T15:51:36.940+0000] {dag.py:2915} INFO - Sync 1 DAGs
[2025-02-12T15:51:36.968+0000] {logging_mixin.py:151} INFO - [2025-02-12T15:51:36.968+0000] {dag.py:3696} INFO - Setting next_dagrun for example_branch_python_operator_decorator to 2025-02-11T00:00:00+00:00, run_after=2025-02-12T00:00:00+00:00
[2025-02-12T15:51:36.987+0000] {processor.py:179} INFO - Processing /home/airflow/.local/lib/python3.8/site-packages/airflow/example_dags/example_branch_operator_decorator.py took 0.084 seconds
[2025-02-12T15:52:12.935+0000] {processor.py:157} INFO - Started process (PID=789) to work on /home/airflow/.local/lib/python3.8/site-packages/airflow/example_dags/example_branch_operator_decorator.py
[2025-02-12T15:52:12.936+0000] {processor.py:829} INFO - Processing file /home/airflow/.local/lib/python3.8/site-packages/airflow/example_dags/example_branch_operator_decorator.py for tasks to queue
[2025-02-12T15:52:12.937+0000] {logging_mixin.py:151} INFO - [2025-02-12T15:52:12.937+0000] {dagbag.py:539} INFO - Filling up the DagBag from /home/airflow/.local/lib/python3.8/site-packages/airflow/example_dags/example_branch_operator_decorator.py
[2025-02-12T15:52:12.946+0000] {processor.py:839} INFO - DAG(s) dict_keys(['example_branch_python_operator_decorator']) retrieved from /home/airflow/.local/lib/python3.8/site-packages/airflow/example_dags/example_branch_operator_decorator.py
[2025-02-12T15:52:12.968+0000] {logging_mixin.py:151} INFO - [2025-02-12T15:52:12.968+0000] {dag.py:2915} INFO - Sync 1 DAGs
[2025-02-12T15:52:12.990+0000] {logging_mixin.py:151} INFO - [2025-02-12T15:52:12.990+0000] {dag.py:3696} INFO - Setting next_dagrun for example_branch_python_operator_decorator to 2025-02-11T00:00:00+00:00, run_after=2025-02-12T00:00:00+00:00
[2025-02-12T15:52:13.008+0000] {processor.py:179} INFO - Processing /home/airflow/.local/lib/python3.8/site-packages/airflow/example_dags/example_branch_operator_decorator.py took 0.076 seconds
[2025-02-12T15:52:43.894+0000] {processor.py:157} INFO - Started process (PID=1048) to work on /home/airflow/.local/lib/python3.8/site-packages/airflow/example_dags/example_branch_operator_decorator.py
[2025-02-12T15:52:43.895+0000] {processor.py:829} INFO - Processing file /home/airflow/.local/lib/python3.8/site-packages/airflow/example_dags/example_branch_operator_decorator.py for tasks to queue
[2025-02-12T15:52:43.896+0000] {logging_mixin.py:151} INFO - [2025-02-12T15:52:43.895+0000] {dagbag.py:539} INFO - Filling up the DagBag from /home/airflow/.local/lib/python3.8/site-packages/airflow/example_dags/example_branch_operator_decorator.py
[2025-02-12T15:52:43.904+0000] {processor.py:839} INFO - DAG(s) dict_keys(['example_branch_python_operator_decorator']) retrieved from /home/airflow/.local/lib/python3.8/site-packages/airflow/example_dags/example_branch_operator_decorator.py
[2025-02-12T15:52:43.927+0000] {logging_mixin.py:151} INFO - [2025-02-12T15:52:43.927+0000] {dag.py:2915} INFO - Sync 1 DAGs
[2025-02-12T15:52:43.948+0000] {logging_mixin.py:151} INFO - [2025-02-12T15:52:43.948+0000] {dag.py:3696} INFO - Setting next_dagrun for example_branch_python_operator_decorator to 2025-02-11T00:00:00+00:00, run_after=2025-02-12T00:00:00+00:00
[2025-02-12T15:52:43.964+0000] {processor.py:179} INFO - Processing /home/airflow/.local/lib/python3.8/site-packages/airflow/example_dags/example_branch_operator_decorator.py took 0.073 seconds
[2025-02-12T15:53:15.061+0000] {processor.py:157} INFO - Started process (PID=1315) to work on /home/airflow/.local/lib/python3.8/site-packages/airflow/example_dags/example_branch_operator_decorator.py
[2025-02-12T15:53:15.062+0000] {processor.py:829} INFO - Processing file /home/airflow/.local/lib/python3.8/site-packages/airflow/example_dags/example_branch_operator_decorator.py for tasks to queue
[2025-02-12T15:53:15.062+0000] {logging_mixin.py:151} INFO - [2025-02-12T15:53:15.062+0000] {dagbag.py:539} INFO - Filling up the DagBag from /home/airflow/.local/lib/python3.8/site-packages/airflow/example_dags/example_branch_operator_decorator.py
[2025-02-12T15:53:15.071+0000] {processor.py:839} INFO - DAG(s) dict_keys(['example_branch_python_operator_decorator']) retrieved from /home/airflow/.local/lib/python3.8/site-packages/airflow/example_dags/example_branch_operator_decorator.py
[2025-02-12T15:53:15.092+0000] {logging_mixin.py:151} INFO - [2025-02-12T15:53:15.092+0000] {dag.py:2915} INFO - Sync 1 DAGs
[2025-02-12T15:53:15.112+0000] {logging_mixin.py:151} INFO - [2025-02-12T15:53:15.112+0000] {dag.py:3696} INFO - Setting next_dagrun for example_branch_python_operator_decorator to 2025-02-11T00:00:00+00:00, run_after=2025-02-12T00:00:00+00:00
[2025-02-12T15:53:15.128+0000] {processor.py:179} INFO - Processing /home/airflow/.local/lib/python3.8/site-packages/airflow/example_dags/example_branch_operator_decorator.py took 0.070 seconds
[2025-02-12T15:53:46.142+0000] {processor.py:157} INFO - Started process (PID=1583) to work on /home/airflow/.local/lib/python3.8/site-packages/airflow/example_dags/example_branch_operator_decorator.py
[2025-02-12T15:53:46.143+0000] {processor.py:829} INFO - Processing file /home/airflow/.local/lib/python3.8/site-packages/airflow/example_dags/example_branch_operator_decorator.py for tasks to queue
[2025-02-12T15:53:46.143+0000] {logging_mixin.py:151} INFO - [2025-02-12T15:53:46.143+0000] {dagbag.py:539} INFO - Filling up the DagBag from /home/airflow/.local/lib/python3.8/site-packages/airflow/example_dags/example_branch_operator_decorator.py
[2025-02-12T15:53:46.151+0000] {processor.py:839} INFO - DAG(s) dict_keys(['example_branch_python_operator_decorator']) retrieved from /home/airflow/.local/lib/python3.8/site-packages/airflow/example_dags/example_branch_operator_decorator.py
[2025-02-12T15:53:46.172+0000] {logging_mixin.py:151} INFO - [2025-02-12T15:53:46.172+0000] {dag.py:2915} INFO - Sync 1 DAGs
[2025-02-12T15:53:46.193+0000] {logging_mixin.py:151} INFO - [2025-02-12T15:53:46.193+0000] {dag.py:3696} INFO - Setting next_dagrun for example_branch_python_operator_decorator to 2025-02-11T00:00:00+00:00, run_after=2025-02-12T00:00:00+00:00
[2025-02-12T15:53:46.209+0000] {processor.py:179} INFO - Processing /home/airflow/.local/lib/python3.8/site-packages/airflow/example_dags/example_branch_operator_decorator.py took 0.070 seconds
[2025-02-12T15:55:30.767+0000] {processor.py:157} INFO - Started process (PID=265) to work on /home/airflow/.local/lib/python3.8/site-packages/airflow/example_dags/example_branch_operator_decorator.py
[2025-02-12T15:55:30.769+0000] {processor.py:829} INFO - Processing file /home/airflow/.local/lib/python3.8/site-packages/airflow/example_dags/example_branch_operator_decorator.py for tasks to queue
[2025-02-12T15:55:30.769+0000] {logging_mixin.py:151} INFO - [2025-02-12T15:55:30.769+0000] {dagbag.py:539} INFO - Filling up the DagBag from /home/airflow/.local/lib/python3.8/site-packages/airflow/example_dags/example_branch_operator_decorator.py
[2025-02-12T15:55:30.778+0000] {processor.py:839} INFO - DAG(s) dict_keys(['example_branch_python_operator_decorator']) retrieved from /home/airflow/.local/lib/python3.8/site-packages/airflow/example_dags/example_branch_operator_decorator.py
[2025-02-12T15:55:30.935+0000] {logging_mixin.py:151} INFO - [2025-02-12T15:55:30.935+0000] {dag.py:2915} INFO - Sync 1 DAGs
[2025-02-12T15:55:30.956+0000] {logging_mixin.py:151} INFO - [2025-02-12T15:55:30.956+0000] {dag.py:3696} INFO - Setting next_dagrun for example_branch_python_operator_decorator to 2025-02-11T00:00:00+00:00, run_after=2025-02-12T00:00:00+00:00
[2025-02-12T15:55:30.980+0000] {processor.py:179} INFO - Processing /home/airflow/.local/lib/python3.8/site-packages/airflow/example_dags/example_branch_operator_decorator.py took 0.215 seconds
[2025-02-12T15:56:03.097+0000] {processor.py:157} INFO - Started process (PID=528) to work on /home/airflow/.local/lib/python3.8/site-packages/airflow/example_dags/example_branch_operator_decorator.py
[2025-02-12T15:56:03.098+0000] {processor.py:829} INFO - Processing file /home/airflow/.local/lib/python3.8/site-packages/airflow/example_dags/example_branch_operator_decorator.py for tasks to queue
[2025-02-12T15:56:03.099+0000] {logging_mixin.py:151} INFO - [2025-02-12T15:56:03.099+0000] {dagbag.py:539} INFO - Filling up the DagBag from /home/airflow/.local/lib/python3.8/site-packages/airflow/example_dags/example_branch_operator_decorator.py
[2025-02-12T15:56:03.107+0000] {processor.py:839} INFO - DAG(s) dict_keys(['example_branch_python_operator_decorator']) retrieved from /home/airflow/.local/lib/python3.8/site-packages/airflow/example_dags/example_branch_operator_decorator.py
[2025-02-12T15:56:03.131+0000] {logging_mixin.py:151} INFO - [2025-02-12T15:56:03.131+0000] {dag.py:2915} INFO - Sync 1 DAGs
[2025-02-12T15:56:03.154+0000] {logging_mixin.py:151} INFO - [2025-02-12T15:56:03.153+0000] {dag.py:3696} INFO - Setting next_dagrun for example_branch_python_operator_decorator to 2025-02-11T00:00:00+00:00, run_after=2025-02-12T00:00:00+00:00
[2025-02-12T15:56:03.221+0000] {processor.py:179} INFO - Processing /home/airflow/.local/lib/python3.8/site-packages/airflow/example_dags/example_branch_operator_decorator.py took 0.127 seconds
[2025-02-12T15:56:33.954+0000] {processor.py:157} INFO - Started process (PID=787) to work on /home/airflow/.local/lib/python3.8/site-packages/airflow/example_dags/example_branch_operator_decorator.py
[2025-02-12T15:56:33.955+0000] {processor.py:829} INFO - Processing file /home/airflow/.local/lib/python3.8/site-packages/airflow/example_dags/example_branch_operator_decorator.py for tasks to queue
[2025-02-12T15:56:33.955+0000] {logging_mixin.py:151} INFO - [2025-02-12T15:56:33.955+0000] {dagbag.py:539} INFO - Filling up the DagBag from /home/airflow/.local/lib/python3.8/site-packages/airflow/example_dags/example_branch_operator_decorator.py
[2025-02-12T15:56:33.965+0000] {processor.py:839} INFO - DAG(s) dict_keys(['example_branch_python_operator_decorator']) retrieved from /home/airflow/.local/lib/python3.8/site-packages/airflow/example_dags/example_branch_operator_decorator.py
[2025-02-12T15:56:33.987+0000] {logging_mixin.py:151} INFO - [2025-02-12T15:56:33.987+0000] {dag.py:2915} INFO - Sync 1 DAGs
[2025-02-12T15:56:34.010+0000] {logging_mixin.py:151} INFO - [2025-02-12T15:56:34.010+0000] {dag.py:3696} INFO - Setting next_dagrun for example_branch_python_operator_decorator to 2025-02-11T00:00:00+00:00, run_after=2025-02-12T00:00:00+00:00
[2025-02-12T15:56:34.026+0000] {processor.py:179} INFO - Processing /home/airflow/.local/lib/python3.8/site-packages/airflow/example_dags/example_branch_operator_decorator.py took 0.075 seconds
[2025-02-12T15:57:04.549+0000] {processor.py:157} INFO - Started process (PID=1050) to work on /home/airflow/.local/lib/python3.8/site-packages/airflow/example_dags/example_branch_operator_decorator.py
[2025-02-12T15:57:04.550+0000] {processor.py:829} INFO - Processing file /home/airflow/.local/lib/python3.8/site-packages/airflow/example_dags/example_branch_operator_decorator.py for tasks to queue
[2025-02-12T15:57:04.550+0000] {logging_mixin.py:151} INFO - [2025-02-12T15:57:04.550+0000] {dagbag.py:539} INFO - Filling up the DagBag from /home/airflow/.local/lib/python3.8/site-packages/airflow/example_dags/example_branch_operator_decorator.py
[2025-02-12T15:57:04.559+0000] {processor.py:839} INFO - DAG(s) dict_keys(['example_branch_python_operator_decorator']) retrieved from /home/airflow/.local/lib/python3.8/site-packages/airflow/example_dags/example_branch_operator_decorator.py
[2025-02-12T15:57:04.579+0000] {logging_mixin.py:151} INFO - [2025-02-12T15:57:04.579+0000] {dag.py:2915} INFO - Sync 1 DAGs
[2025-02-12T15:57:04.598+0000] {logging_mixin.py:151} INFO - [2025-02-12T15:57:04.598+0000] {dag.py:3696} INFO - Setting next_dagrun for example_branch_python_operator_decorator to 2025-02-11T00:00:00+00:00, run_after=2025-02-12T00:00:00+00:00
[2025-02-12T15:57:04.614+0000] {processor.py:179} INFO - Processing /home/airflow/.local/lib/python3.8/site-packages/airflow/example_dags/example_branch_operator_decorator.py took 0.068 seconds
[2025-02-12T15:57:35.623+0000] {processor.py:157} INFO - Started process (PID=1309) to work on /home/airflow/.local/lib/python3.8/site-packages/airflow/example_dags/example_branch_operator_decorator.py
[2025-02-12T15:57:35.624+0000] {processor.py:829} INFO - Processing file /home/airflow/.local/lib/python3.8/site-packages/airflow/example_dags/example_branch_operator_decorator.py for tasks to queue
[2025-02-12T15:57:35.625+0000] {logging_mixin.py:151} INFO - [2025-02-12T15:57:35.624+0000] {dagbag.py:539} INFO - Filling up the DagBag from /home/airflow/.local/lib/python3.8/site-packages/airflow/example_dags/example_branch_operator_decorator.py
[2025-02-12T15:57:35.635+0000] {processor.py:839} INFO - DAG(s) dict_keys(['example_branch_python_operator_decorator']) retrieved from /home/airflow/.local/lib/python3.8/site-packages/airflow/example_dags/example_branch_operator_decorator.py
[2025-02-12T15:57:35.655+0000] {logging_mixin.py:151} INFO - [2025-02-12T15:57:35.654+0000] {dag.py:2915} INFO - Sync 1 DAGs
[2025-02-12T15:57:35.676+0000] {logging_mixin.py:151} INFO - [2025-02-12T15:57:35.676+0000] {dag.py:3696} INFO - Setting next_dagrun for example_branch_python_operator_decorator to 2025-02-11T00:00:00+00:00, run_after=2025-02-12T00:00:00+00:00
[2025-02-12T15:57:35.691+0000] {processor.py:179} INFO - Processing /home/airflow/.local/lib/python3.8/site-packages/airflow/example_dags/example_branch_operator_decorator.py took 0.070 seconds
[2025-02-12T15:59:37.144+0000] {processor.py:157} INFO - Started process (PID=1621) to work on /home/airflow/.local/lib/python3.8/site-packages/airflow/example_dags/example_branch_operator_decorator.py
[2025-02-12T15:59:37.145+0000] {processor.py:829} INFO - Processing file /home/airflow/.local/lib/python3.8/site-packages/airflow/example_dags/example_branch_operator_decorator.py for tasks to queue
[2025-02-12T15:59:37.147+0000] {logging_mixin.py:151} INFO - [2025-02-12T15:59:37.146+0000] {dagbag.py:539} INFO - Filling up the DagBag from /home/airflow/.local/lib/python3.8/site-packages/airflow/example_dags/example_branch_operator_decorator.py
[2025-02-12T15:59:37.160+0000] {processor.py:839} INFO - DAG(s) dict_keys(['example_branch_python_operator_decorator']) retrieved from /home/airflow/.local/lib/python3.8/site-packages/airflow/example_dags/example_branch_operator_decorator.py
[2025-02-12T15:59:37.190+0000] {logging_mixin.py:151} INFO - [2025-02-12T15:59:37.189+0000] {dag.py:2915} INFO - Sync 1 DAGs
[2025-02-12T15:59:37.219+0000] {logging_mixin.py:151} INFO - [2025-02-12T15:59:37.219+0000] {dag.py:3696} INFO - Setting next_dagrun for example_branch_python_operator_decorator to 2025-02-11T00:00:00+00:00, run_after=2025-02-12T00:00:00+00:00
[2025-02-12T15:59:37.241+0000] {processor.py:179} INFO - Processing /home/airflow/.local/lib/python3.8/site-packages/airflow/example_dags/example_branch_operator_decorator.py took 0.101 seconds
[2025-02-12T16:00:07.600+0000] {processor.py:157} INFO - Started process (PID=1908) to work on /home/airflow/.local/lib/python3.8/site-packages/airflow/example_dags/example_branch_operator_decorator.py
[2025-02-12T16:00:07.602+0000] {processor.py:829} INFO - Processing file /home/airflow/.local/lib/python3.8/site-packages/airflow/example_dags/example_branch_operator_decorator.py for tasks to queue
[2025-02-12T16:00:07.602+0000] {logging_mixin.py:151} INFO - [2025-02-12T16:00:07.602+0000] {dagbag.py:539} INFO - Filling up the DagBag from /home/airflow/.local/lib/python3.8/site-packages/airflow/example_dags/example_branch_operator_decorator.py
[2025-02-12T16:00:07.611+0000] {processor.py:839} INFO - DAG(s) dict_keys(['example_branch_python_operator_decorator']) retrieved from /home/airflow/.local/lib/python3.8/site-packages/airflow/example_dags/example_branch_operator_decorator.py
[2025-02-12T16:00:07.633+0000] {logging_mixin.py:151} INFO - [2025-02-12T16:00:07.633+0000] {dag.py:2915} INFO - Sync 1 DAGs
[2025-02-12T16:00:07.654+0000] {logging_mixin.py:151} INFO - [2025-02-12T16:00:07.654+0000] {dag.py:3696} INFO - Setting next_dagrun for example_branch_python_operator_decorator to 2025-02-11T00:00:00+00:00, run_after=2025-02-12T00:00:00+00:00
[2025-02-12T16:00:07.671+0000] {processor.py:179} INFO - Processing /home/airflow/.local/lib/python3.8/site-packages/airflow/example_dags/example_branch_operator_decorator.py took 0.073 seconds
[2025-02-12T16:01:56.756+0000] {processor.py:157} INFO - Started process (PID=2217) to work on /home/airflow/.local/lib/python3.8/site-packages/airflow/example_dags/example_branch_operator_decorator.py
[2025-02-12T16:01:56.758+0000] {processor.py:829} INFO - Processing file /home/airflow/.local/lib/python3.8/site-packages/airflow/example_dags/example_branch_operator_decorator.py for tasks to queue
[2025-02-12T16:01:56.758+0000] {logging_mixin.py:151} INFO - [2025-02-12T16:01:56.758+0000] {dagbag.py:539} INFO - Filling up the DagBag from /home/airflow/.local/lib/python3.8/site-packages/airflow/example_dags/example_branch_operator_decorator.py
[2025-02-12T16:01:56.768+0000] {processor.py:839} INFO - DAG(s) dict_keys(['example_branch_python_operator_decorator']) retrieved from /home/airflow/.local/lib/python3.8/site-packages/airflow/example_dags/example_branch_operator_decorator.py
[2025-02-12T16:01:56.794+0000] {logging_mixin.py:151} INFO - [2025-02-12T16:01:56.794+0000] {dag.py:2915} INFO - Sync 1 DAGs
[2025-02-12T16:01:56.818+0000] {logging_mixin.py:151} INFO - [2025-02-12T16:01:56.818+0000] {dag.py:3696} INFO - Setting next_dagrun for example_branch_python_operator_decorator to 2025-02-11T00:00:00+00:00, run_after=2025-02-12T00:00:00+00:00
[2025-02-12T16:01:56.839+0000] {processor.py:179} INFO - Processing /home/airflow/.local/lib/python3.8/site-packages/airflow/example_dags/example_branch_operator_decorator.py took 0.085 seconds
[2025-02-12T16:02:27.530+0000] {processor.py:157} INFO - Started process (PID=2514) to work on /home/airflow/.local/lib/python3.8/site-packages/airflow/example_dags/example_branch_operator_decorator.py
[2025-02-12T16:02:27.531+0000] {processor.py:829} INFO - Processing file /home/airflow/.local/lib/python3.8/site-packages/airflow/example_dags/example_branch_operator_decorator.py for tasks to queue
[2025-02-12T16:02:27.531+0000] {logging_mixin.py:151} INFO - [2025-02-12T16:02:27.531+0000] {dagbag.py:539} INFO - Filling up the DagBag from /home/airflow/.local/lib/python3.8/site-packages/airflow/example_dags/example_branch_operator_decorator.py
[2025-02-12T16:02:27.539+0000] {processor.py:839} INFO - DAG(s) dict_keys(['example_branch_python_operator_decorator']) retrieved from /home/airflow/.local/lib/python3.8/site-packages/airflow/example_dags/example_branch_operator_decorator.py
[2025-02-12T16:02:27.558+0000] {logging_mixin.py:151} INFO - [2025-02-12T16:02:27.558+0000] {dag.py:2915} INFO - Sync 1 DAGs
[2025-02-12T16:02:27.578+0000] {logging_mixin.py:151} INFO - [2025-02-12T16:02:27.578+0000] {dag.py:3696} INFO - Setting next_dagrun for example_branch_python_operator_decorator to 2025-02-11T00:00:00+00:00, run_after=2025-02-12T00:00:00+00:00
[2025-02-12T16:02:27.594+0000] {processor.py:179} INFO - Processing /home/airflow/.local/lib/python3.8/site-packages/airflow/example_dags/example_branch_operator_decorator.py took 0.066 seconds
[2025-02-12T16:03:01.959+0000] {processor.py:157} INFO - Started process (PID=2810) to work on /home/airflow/.local/lib/python3.8/site-packages/airflow/example_dags/example_branch_operator_decorator.py
[2025-02-12T16:03:01.961+0000] {processor.py:829} INFO - Processing file /home/airflow/.local/lib/python3.8/site-packages/airflow/example_dags/example_branch_operator_decorator.py for tasks to queue
[2025-02-12T16:03:01.962+0000] {logging_mixin.py:151} INFO - [2025-02-12T16:03:01.962+0000] {dagbag.py:539} INFO - Filling up the DagBag from /home/airflow/.local/lib/python3.8/site-packages/airflow/example_dags/example_branch_operator_decorator.py
[2025-02-12T16:03:01.979+0000] {processor.py:839} INFO - DAG(s) dict_keys(['example_branch_python_operator_decorator']) retrieved from /home/airflow/.local/lib/python3.8/site-packages/airflow/example_dags/example_branch_operator_decorator.py
[2025-02-12T16:03:02.039+0000] {logging_mixin.py:151} INFO - [2025-02-12T16:03:02.038+0000] {dag.py:2915} INFO - Sync 1 DAGs
[2025-02-12T16:03:02.079+0000] {logging_mixin.py:151} INFO - [2025-02-12T16:03:02.079+0000] {dag.py:3696} INFO - Setting next_dagrun for example_branch_python_operator_decorator to 2025-02-11T00:00:00+00:00, run_after=2025-02-12T00:00:00+00:00
[2025-02-12T16:03:02.129+0000] {processor.py:179} INFO - Processing /home/airflow/.local/lib/python3.8/site-packages/airflow/example_dags/example_branch_operator_decorator.py took 0.175 seconds
[2025-02-12T16:03:33.721+0000] {processor.py:157} INFO - Started process (PID=3118) to work on /home/airflow/.local/lib/python3.8/site-packages/airflow/example_dags/example_branch_operator_decorator.py
[2025-02-12T16:03:33.722+0000] {processor.py:829} INFO - Processing file /home/airflow/.local/lib/python3.8/site-packages/airflow/example_dags/example_branch_operator_decorator.py for tasks to queue
[2025-02-12T16:03:33.723+0000] {logging_mixin.py:151} INFO - [2025-02-12T16:03:33.722+0000] {dagbag.py:539} INFO - Filling up the DagBag from /home/airflow/.local/lib/python3.8/site-packages/airflow/example_dags/example_branch_operator_decorator.py
[2025-02-12T16:03:33.731+0000] {processor.py:839} INFO - DAG(s) dict_keys(['example_branch_python_operator_decorator']) retrieved from /home/airflow/.local/lib/python3.8/site-packages/airflow/example_dags/example_branch_operator_decorator.py
[2025-02-12T16:03:33.752+0000] {logging_mixin.py:151} INFO - [2025-02-12T16:03:33.752+0000] {dag.py:2915} INFO - Sync 1 DAGs
[2025-02-12T16:03:33.773+0000] {logging_mixin.py:151} INFO - [2025-02-12T16:03:33.773+0000] {dag.py:3696} INFO - Setting next_dagrun for example_branch_python_operator_decorator to 2025-02-11T00:00:00+00:00, run_after=2025-02-12T00:00:00+00:00
[2025-02-12T16:03:33.789+0000] {processor.py:179} INFO - Processing /home/airflow/.local/lib/python3.8/site-packages/airflow/example_dags/example_branch_operator_decorator.py took 0.071 seconds
[2025-02-12T16:04:05.979+0000] {processor.py:157} INFO - Started process (PID=3379) to work on /home/airflow/.local/lib/python3.8/site-packages/airflow/example_dags/example_branch_operator_decorator.py
[2025-02-12T16:04:05.980+0000] {processor.py:829} INFO - Processing file /home/airflow/.local/lib/python3.8/site-packages/airflow/example_dags/example_branch_operator_decorator.py for tasks to queue
[2025-02-12T16:04:05.980+0000] {logging_mixin.py:151} INFO - [2025-02-12T16:04:05.980+0000] {dagbag.py:539} INFO - Filling up the DagBag from /home/airflow/.local/lib/python3.8/site-packages/airflow/example_dags/example_branch_operator_decorator.py
[2025-02-12T16:04:05.988+0000] {processor.py:839} INFO - DAG(s) dict_keys(['example_branch_python_operator_decorator']) retrieved from /home/airflow/.local/lib/python3.8/site-packages/airflow/example_dags/example_branch_operator_decorator.py
[2025-02-12T16:04:06.008+0000] {logging_mixin.py:151} INFO - [2025-02-12T16:04:06.008+0000] {dag.py:2915} INFO - Sync 1 DAGs
[2025-02-12T16:04:06.026+0000] {logging_mixin.py:151} INFO - [2025-02-12T16:04:06.026+0000] {dag.py:3696} INFO - Setting next_dagrun for example_branch_python_operator_decorator to 2025-02-11T00:00:00+00:00, run_after=2025-02-12T00:00:00+00:00
[2025-02-12T16:04:06.048+0000] {processor.py:179} INFO - Processing /home/airflow/.local/lib/python3.8/site-packages/airflow/example_dags/example_branch_operator_decorator.py took 0.072 seconds
[2025-02-12T16:04:38.495+0000] {processor.py:157} INFO - Started process (PID=3644) to work on /home/airflow/.local/lib/python3.8/site-packages/airflow/example_dags/example_branch_operator_decorator.py
[2025-02-12T16:04:38.496+0000] {processor.py:829} INFO - Processing file /home/airflow/.local/lib/python3.8/site-packages/airflow/example_dags/example_branch_operator_decorator.py for tasks to queue
[2025-02-12T16:04:38.497+0000] {logging_mixin.py:151} INFO - [2025-02-12T16:04:38.497+0000] {dagbag.py:539} INFO - Filling up the DagBag from /home/airflow/.local/lib/python3.8/site-packages/airflow/example_dags/example_branch_operator_decorator.py
[2025-02-12T16:04:38.507+0000] {processor.py:839} INFO - DAG(s) dict_keys(['example_branch_python_operator_decorator']) retrieved from /home/airflow/.local/lib/python3.8/site-packages/airflow/example_dags/example_branch_operator_decorator.py
[2025-02-12T16:04:38.529+0000] {logging_mixin.py:151} INFO - [2025-02-12T16:04:38.529+0000] {dag.py:2915} INFO - Sync 1 DAGs
[2025-02-12T16:04:38.554+0000] {logging_mixin.py:151} INFO - [2025-02-12T16:04:38.554+0000] {dag.py:3696} INFO - Setting next_dagrun for example_branch_python_operator_decorator to 2025-02-11T00:00:00+00:00, run_after=2025-02-12T00:00:00+00:00
[2025-02-12T16:04:38.571+0000] {processor.py:179} INFO - Processing /home/airflow/.local/lib/python3.8/site-packages/airflow/example_dags/example_branch_operator_decorator.py took 0.079 seconds
[2025-02-12T16:05:12.005+0000] {processor.py:157} INFO - Started process (PID=3914) to work on /home/airflow/.local/lib/python3.8/site-packages/airflow/example_dags/example_branch_operator_decorator.py
[2025-02-12T16:05:12.005+0000] {processor.py:829} INFO - Processing file /home/airflow/.local/lib/python3.8/site-packages/airflow/example_dags/example_branch_operator_decorator.py for tasks to queue
[2025-02-12T16:05:12.006+0000] {logging_mixin.py:151} INFO - [2025-02-12T16:05:12.005+0000] {dagbag.py:539} INFO - Filling up the DagBag from /home/airflow/.local/lib/python3.8/site-packages/airflow/example_dags/example_branch_operator_decorator.py
[2025-02-12T16:05:12.013+0000] {processor.py:839} INFO - DAG(s) dict_keys(['example_branch_python_operator_decorator']) retrieved from /home/airflow/.local/lib/python3.8/site-packages/airflow/example_dags/example_branch_operator_decorator.py
[2025-02-12T16:05:12.033+0000] {logging_mixin.py:151} INFO - [2025-02-12T16:05:12.032+0000] {dag.py:2915} INFO - Sync 1 DAGs
[2025-02-12T16:05:12.051+0000] {logging_mixin.py:151} INFO - [2025-02-12T16:05:12.051+0000] {dag.py:3696} INFO - Setting next_dagrun for example_branch_python_operator_decorator to 2025-02-11T00:00:00+00:00, run_after=2025-02-12T00:00:00+00:00
[2025-02-12T16:05:12.065+0000] {processor.py:179} INFO - Processing /home/airflow/.local/lib/python3.8/site-packages/airflow/example_dags/example_branch_operator_decorator.py took 0.062 seconds
[2025-02-12T16:05:43.217+0000] {processor.py:157} INFO - Started process (PID=4175) to work on /home/airflow/.local/lib/python3.8/site-packages/airflow/example_dags/example_branch_operator_decorator.py
[2025-02-12T16:05:43.219+0000] {processor.py:829} INFO - Processing file /home/airflow/.local/lib/python3.8/site-packages/airflow/example_dags/example_branch_operator_decorator.py for tasks to queue
[2025-02-12T16:05:43.219+0000] {logging_mixin.py:151} INFO - [2025-02-12T16:05:43.219+0000] {dagbag.py:539} INFO - Filling up the DagBag from /home/airflow/.local/lib/python3.8/site-packages/airflow/example_dags/example_branch_operator_decorator.py
[2025-02-12T16:05:43.228+0000] {processor.py:839} INFO - DAG(s) dict_keys(['example_branch_python_operator_decorator']) retrieved from /home/airflow/.local/lib/python3.8/site-packages/airflow/example_dags/example_branch_operator_decorator.py
[2025-02-12T16:05:43.271+0000] {logging_mixin.py:151} INFO - [2025-02-12T16:05:43.271+0000] {dag.py:2915} INFO - Sync 1 DAGs
[2025-02-12T16:05:43.301+0000] {logging_mixin.py:151} INFO - [2025-02-12T16:05:43.300+0000] {dag.py:3696} INFO - Setting next_dagrun for example_branch_python_operator_decorator to 2025-02-11T00:00:00+00:00, run_after=2025-02-12T00:00:00+00:00
[2025-02-12T16:05:43.327+0000] {processor.py:179} INFO - Processing /home/airflow/.local/lib/python3.8/site-packages/airflow/example_dags/example_branch_operator_decorator.py took 0.112 seconds
[2025-02-12T16:06:13.534+0000] {processor.py:157} INFO - Started process (PID=4440) to work on /home/airflow/.local/lib/python3.8/site-packages/airflow/example_dags/example_branch_operator_decorator.py
[2025-02-12T16:06:13.535+0000] {processor.py:829} INFO - Processing file /home/airflow/.local/lib/python3.8/site-packages/airflow/example_dags/example_branch_operator_decorator.py for tasks to queue
[2025-02-12T16:06:13.536+0000] {logging_mixin.py:151} INFO - [2025-02-12T16:06:13.536+0000] {dagbag.py:539} INFO - Filling up the DagBag from /home/airflow/.local/lib/python3.8/site-packages/airflow/example_dags/example_branch_operator_decorator.py
[2025-02-12T16:06:13.544+0000] {processor.py:839} INFO - DAG(s) dict_keys(['example_branch_python_operator_decorator']) retrieved from /home/airflow/.local/lib/python3.8/site-packages/airflow/example_dags/example_branch_operator_decorator.py
[2025-02-12T16:06:13.564+0000] {logging_mixin.py:151} INFO - [2025-02-12T16:06:13.564+0000] {dag.py:2915} INFO - Sync 1 DAGs
[2025-02-12T16:06:13.583+0000] {logging_mixin.py:151} INFO - [2025-02-12T16:06:13.583+0000] {dag.py:3696} INFO - Setting next_dagrun for example_branch_python_operator_decorator to 2025-02-11T00:00:00+00:00, run_after=2025-02-12T00:00:00+00:00
[2025-02-12T16:06:13.601+0000] {processor.py:179} INFO - Processing /home/airflow/.local/lib/python3.8/site-packages/airflow/example_dags/example_branch_operator_decorator.py took 0.069 seconds
[2025-02-12T16:06:44.344+0000] {processor.py:157} INFO - Started process (PID=4696) to work on /home/airflow/.local/lib/python3.8/site-packages/airflow/example_dags/example_branch_operator_decorator.py
[2025-02-12T16:06:44.345+0000] {processor.py:829} INFO - Processing file /home/airflow/.local/lib/python3.8/site-packages/airflow/example_dags/example_branch_operator_decorator.py for tasks to queue
[2025-02-12T16:06:44.345+0000] {logging_mixin.py:151} INFO - [2025-02-12T16:06:44.345+0000] {dagbag.py:539} INFO - Filling up the DagBag from /home/airflow/.local/lib/python3.8/site-packages/airflow/example_dags/example_branch_operator_decorator.py
[2025-02-12T16:06:44.353+0000] {processor.py:839} INFO - DAG(s) dict_keys(['example_branch_python_operator_decorator']) retrieved from /home/airflow/.local/lib/python3.8/site-packages/airflow/example_dags/example_branch_operator_decorator.py
[2025-02-12T16:06:44.373+0000] {logging_mixin.py:151} INFO - [2025-02-12T16:06:44.373+0000] {dag.py:2915} INFO - Sync 1 DAGs
[2025-02-12T16:06:44.391+0000] {logging_mixin.py:151} INFO - [2025-02-12T16:06:44.391+0000] {dag.py:3696} INFO - Setting next_dagrun for example_branch_python_operator_decorator to 2025-02-11T00:00:00+00:00, run_after=2025-02-12T00:00:00+00:00
[2025-02-12T16:06:44.408+0000] {processor.py:179} INFO - Processing /home/airflow/.local/lib/python3.8/site-packages/airflow/example_dags/example_branch_operator_decorator.py took 0.067 seconds
[2025-02-12T16:07:15.292+0000] {processor.py:157} INFO - Started process (PID=5012) to work on /home/airflow/.local/lib/python3.8/site-packages/airflow/example_dags/example_branch_operator_decorator.py
[2025-02-12T16:07:15.293+0000] {processor.py:829} INFO - Processing file /home/airflow/.local/lib/python3.8/site-packages/airflow/example_dags/example_branch_operator_decorator.py for tasks to queue
[2025-02-12T16:07:15.294+0000] {logging_mixin.py:151} INFO - [2025-02-12T16:07:15.294+0000] {dagbag.py:539} INFO - Filling up the DagBag from /home/airflow/.local/lib/python3.8/site-packages/airflow/example_dags/example_branch_operator_decorator.py
[2025-02-12T16:07:15.308+0000] {processor.py:839} INFO - DAG(s) dict_keys(['example_branch_python_operator_decorator']) retrieved from /home/airflow/.local/lib/python3.8/site-packages/airflow/example_dags/example_branch_operator_decorator.py
[2025-02-12T16:07:15.331+0000] {logging_mixin.py:151} INFO - [2025-02-12T16:07:15.330+0000] {dag.py:2915} INFO - Sync 1 DAGs
[2025-02-12T16:07:15.353+0000] {logging_mixin.py:151} INFO - [2025-02-12T16:07:15.352+0000] {dag.py:3696} INFO - Setting next_dagrun for example_branch_python_operator_decorator to 2025-02-11T00:00:00+00:00, run_after=2025-02-12T00:00:00+00:00
[2025-02-12T16:07:15.370+0000] {processor.py:179} INFO - Processing /home/airflow/.local/lib/python3.8/site-packages/airflow/example_dags/example_branch_operator_decorator.py took 0.081 seconds
[2025-02-12T16:07:45.996+0000] {processor.py:157} INFO - Started process (PID=5272) to work on /home/airflow/.local/lib/python3.8/site-packages/airflow/example_dags/example_branch_operator_decorator.py
[2025-02-12T16:07:45.997+0000] {processor.py:829} INFO - Processing file /home/airflow/.local/lib/python3.8/site-packages/airflow/example_dags/example_branch_operator_decorator.py for tasks to queue
[2025-02-12T16:07:45.998+0000] {logging_mixin.py:151} INFO - [2025-02-12T16:07:45.998+0000] {dagbag.py:539} INFO - Filling up the DagBag from /home/airflow/.local/lib/python3.8/site-packages/airflow/example_dags/example_branch_operator_decorator.py
[2025-02-12T16:07:46.007+0000] {processor.py:839} INFO - DAG(s) dict_keys(['example_branch_python_operator_decorator']) retrieved from /home/airflow/.local/lib/python3.8/site-packages/airflow/example_dags/example_branch_operator_decorator.py
[2025-02-12T16:07:46.029+0000] {logging_mixin.py:151} INFO - [2025-02-12T16:07:46.028+0000] {dag.py:2915} INFO - Sync 1 DAGs
[2025-02-12T16:07:46.049+0000] {logging_mixin.py:151} INFO - [2025-02-12T16:07:46.049+0000] {dag.py:3696} INFO - Setting next_dagrun for example_branch_python_operator_decorator to 2025-02-11T00:00:00+00:00, run_after=2025-02-12T00:00:00+00:00
[2025-02-12T16:07:46.067+0000] {processor.py:179} INFO - Processing /home/airflow/.local/lib/python3.8/site-packages/airflow/example_dags/example_branch_operator_decorator.py took 0.074 seconds
[2025-02-12T16:08:16.388+0000] {processor.py:157} INFO - Started process (PID=5536) to work on /home/airflow/.local/lib/python3.8/site-packages/airflow/example_dags/example_branch_operator_decorator.py
[2025-02-12T16:08:16.389+0000] {processor.py:829} INFO - Processing file /home/airflow/.local/lib/python3.8/site-packages/airflow/example_dags/example_branch_operator_decorator.py for tasks to queue
[2025-02-12T16:08:16.389+0000] {logging_mixin.py:151} INFO - [2025-02-12T16:08:16.389+0000] {dagbag.py:539} INFO - Filling up the DagBag from /home/airflow/.local/lib/python3.8/site-packages/airflow/example_dags/example_branch_operator_decorator.py
[2025-02-12T16:08:16.399+0000] {processor.py:839} INFO - DAG(s) dict_keys(['example_branch_python_operator_decorator']) retrieved from /home/airflow/.local/lib/python3.8/site-packages/airflow/example_dags/example_branch_operator_decorator.py
[2025-02-12T16:08:16.423+0000] {logging_mixin.py:151} INFO - [2025-02-12T16:08:16.423+0000] {dag.py:2915} INFO - Sync 1 DAGs
[2025-02-12T16:08:16.447+0000] {logging_mixin.py:151} INFO - [2025-02-12T16:08:16.447+0000] {dag.py:3696} INFO - Setting next_dagrun for example_branch_python_operator_decorator to 2025-02-11T00:00:00+00:00, run_after=2025-02-12T00:00:00+00:00
[2025-02-12T16:08:16.467+0000] {processor.py:179} INFO - Processing /home/airflow/.local/lib/python3.8/site-packages/airflow/example_dags/example_branch_operator_decorator.py took 0.083 seconds
[2025-02-12T16:08:55.626+0000] {processor.py:157} INFO - Started process (PID=5819) to work on /home/airflow/.local/lib/python3.8/site-packages/airflow/example_dags/example_branch_operator_decorator.py
[2025-02-12T16:08:55.628+0000] {processor.py:829} INFO - Processing file /home/airflow/.local/lib/python3.8/site-packages/airflow/example_dags/example_branch_operator_decorator.py for tasks to queue
[2025-02-12T16:08:55.629+0000] {logging_mixin.py:151} INFO - [2025-02-12T16:08:55.628+0000] {dagbag.py:539} INFO - Filling up the DagBag from /home/airflow/.local/lib/python3.8/site-packages/airflow/example_dags/example_branch_operator_decorator.py
[2025-02-12T16:08:55.643+0000] {processor.py:839} INFO - DAG(s) dict_keys(['example_branch_python_operator_decorator']) retrieved from /home/airflow/.local/lib/python3.8/site-packages/airflow/example_dags/example_branch_operator_decorator.py
[2025-02-12T16:08:55.681+0000] {logging_mixin.py:151} INFO - [2025-02-12T16:08:55.680+0000] {dag.py:2915} INFO - Sync 1 DAGs
[2025-02-12T16:08:55.721+0000] {logging_mixin.py:151} INFO - [2025-02-12T16:08:55.720+0000] {dag.py:3696} INFO - Setting next_dagrun for example_branch_python_operator_decorator to 2025-02-11T00:00:00+00:00, run_after=2025-02-12T00:00:00+00:00
[2025-02-12T16:08:55.765+0000] {processor.py:179} INFO - Processing /home/airflow/.local/lib/python3.8/site-packages/airflow/example_dags/example_branch_operator_decorator.py took 0.144 seconds
[2025-02-12T16:10:27.293+0000] {processor.py:157} INFO - Started process (PID=6115) to work on /home/airflow/.local/lib/python3.8/site-packages/airflow/example_dags/example_branch_operator_decorator.py
[2025-02-12T16:10:27.295+0000] {processor.py:829} INFO - Processing file /home/airflow/.local/lib/python3.8/site-packages/airflow/example_dags/example_branch_operator_decorator.py for tasks to queue
[2025-02-12T16:10:27.297+0000] {logging_mixin.py:151} INFO - [2025-02-12T16:10:27.296+0000] {dagbag.py:539} INFO - Filling up the DagBag from /home/airflow/.local/lib/python3.8/site-packages/airflow/example_dags/example_branch_operator_decorator.py
[2025-02-12T16:10:27.314+0000] {processor.py:839} INFO - DAG(s) dict_keys(['example_branch_python_operator_decorator']) retrieved from /home/airflow/.local/lib/python3.8/site-packages/airflow/example_dags/example_branch_operator_decorator.py
[2025-02-12T16:10:27.362+0000] {logging_mixin.py:151} INFO - [2025-02-12T16:10:27.362+0000] {dag.py:2915} INFO - Sync 1 DAGs
[2025-02-12T16:10:27.403+0000] {logging_mixin.py:151} INFO - [2025-02-12T16:10:27.403+0000] {dag.py:3696} INFO - Setting next_dagrun for example_branch_python_operator_decorator to 2025-02-11T00:00:00+00:00, run_after=2025-02-12T00:00:00+00:00
[2025-02-12T16:10:27.436+0000] {processor.py:179} INFO - Processing /home/airflow/.local/lib/python3.8/site-packages/airflow/example_dags/example_branch_operator_decorator.py took 0.149 seconds
[2025-02-12T16:10:58.210+0000] {processor.py:157} INFO - Started process (PID=6385) to work on /home/airflow/.local/lib/python3.8/site-packages/airflow/example_dags/example_branch_operator_decorator.py
[2025-02-12T16:10:58.211+0000] {processor.py:829} INFO - Processing file /home/airflow/.local/lib/python3.8/site-packages/airflow/example_dags/example_branch_operator_decorator.py for tasks to queue
[2025-02-12T16:10:58.212+0000] {logging_mixin.py:151} INFO - [2025-02-12T16:10:58.212+0000] {dagbag.py:539} INFO - Filling up the DagBag from /home/airflow/.local/lib/python3.8/site-packages/airflow/example_dags/example_branch_operator_decorator.py
[2025-02-12T16:10:58.221+0000] {processor.py:839} INFO - DAG(s) dict_keys(['example_branch_python_operator_decorator']) retrieved from /home/airflow/.local/lib/python3.8/site-packages/airflow/example_dags/example_branch_operator_decorator.py
[2025-02-12T16:10:58.243+0000] {logging_mixin.py:151} INFO - [2025-02-12T16:10:58.243+0000] {dag.py:2915} INFO - Sync 1 DAGs
[2025-02-12T16:10:58.267+0000] {logging_mixin.py:151} INFO - [2025-02-12T16:10:58.267+0000] {dag.py:3696} INFO - Setting next_dagrun for example_branch_python_operator_decorator to 2025-02-11T00:00:00+00:00, run_after=2025-02-12T00:00:00+00:00
[2025-02-12T16:10:58.292+0000] {processor.py:179} INFO - Processing /home/airflow/.local/lib/python3.8/site-packages/airflow/example_dags/example_branch_operator_decorator.py took 0.084 seconds
[2025-02-12T16:11:28.547+0000] {processor.py:157} INFO - Started process (PID=6647) to work on /home/airflow/.local/lib/python3.8/site-packages/airflow/example_dags/example_branch_operator_decorator.py
[2025-02-12T16:11:28.548+0000] {processor.py:829} INFO - Processing file /home/airflow/.local/lib/python3.8/site-packages/airflow/example_dags/example_branch_operator_decorator.py for tasks to queue
[2025-02-12T16:11:28.548+0000] {logging_mixin.py:151} INFO - [2025-02-12T16:11:28.548+0000] {dagbag.py:539} INFO - Filling up the DagBag from /home/airflow/.local/lib/python3.8/site-packages/airflow/example_dags/example_branch_operator_decorator.py
[2025-02-12T16:11:28.556+0000] {processor.py:839} INFO - DAG(s) dict_keys(['example_branch_python_operator_decorator']) retrieved from /home/airflow/.local/lib/python3.8/site-packages/airflow/example_dags/example_branch_operator_decorator.py
[2025-02-12T16:11:28.579+0000] {logging_mixin.py:151} INFO - [2025-02-12T16:11:28.579+0000] {dag.py:2915} INFO - Sync 1 DAGs
[2025-02-12T16:11:28.601+0000] {logging_mixin.py:151} INFO - [2025-02-12T16:11:28.600+0000] {dag.py:3696} INFO - Setting next_dagrun for example_branch_python_operator_decorator to 2025-02-11T00:00:00+00:00, run_after=2025-02-12T00:00:00+00:00
[2025-02-12T16:11:28.616+0000] {processor.py:179} INFO - Processing /home/airflow/.local/lib/python3.8/site-packages/airflow/example_dags/example_branch_operator_decorator.py took 0.072 seconds
