[2025-02-12T15:51:10.755+0000] {processor.py:157} INFO - Started process (PID=384) to work on /home/airflow/.local/lib/python3.8/site-packages/airflow/example_dags/example_bash_operator.py
[2025-02-12T15:51:10.756+0000] {processor.py:829} INFO - Processing file /home/airflow/.local/lib/python3.8/site-packages/airflow/example_dags/example_bash_operator.py for tasks to queue
[2025-02-12T15:51:10.757+0000] {logging_mixin.py:151} INFO - [2025-02-12T15:51:10.756+0000] {dagbag.py:539} INFO - Filling up the DagBag from /home/airflow/.local/lib/python3.8/site-packages/airflow/example_dags/example_bash_operator.py
[2025-02-12T15:51:10.773+0000] {processor.py:839} INFO - DAG(s) dict_keys(['example_bash_operator']) retrieved from /home/airflow/.local/lib/python3.8/site-packages/airflow/example_dags/example_bash_operator.py
[2025-02-12T15:51:10.945+0000] {logging_mixin.py:151} INFO - [2025-02-12T15:51:10.945+0000] {dag.py:2915} INFO - Sync 1 DAGs
[2025-02-12T15:51:10.969+0000] {logging_mixin.py:151} INFO - [2025-02-12T15:51:10.968+0000] {dag.py:3696} INFO - Setting next_dagrun for example_bash_operator to 2025-02-11T00:00:00+00:00, run_after=2025-02-12T00:00:00+00:00
[2025-02-12T15:51:10.990+0000] {processor.py:179} INFO - Processing /home/airflow/.local/lib/python3.8/site-packages/airflow/example_dags/example_bash_operator.py took 0.238 seconds
[2025-02-12T15:51:41.208+0000] {processor.py:157} INFO - Started process (PID=638) to work on /home/airflow/.local/lib/python3.8/site-packages/airflow/example_dags/example_bash_operator.py
[2025-02-12T15:51:41.209+0000] {processor.py:829} INFO - Processing file /home/airflow/.local/lib/python3.8/site-packages/airflow/example_dags/example_bash_operator.py for tasks to queue
[2025-02-12T15:51:41.210+0000] {logging_mixin.py:151} INFO - [2025-02-12T15:51:41.210+0000] {dagbag.py:539} INFO - Filling up the DagBag from /home/airflow/.local/lib/python3.8/site-packages/airflow/example_dags/example_bash_operator.py
[2025-02-12T15:51:41.220+0000] {processor.py:839} INFO - DAG(s) dict_keys(['example_bash_operator']) retrieved from /home/airflow/.local/lib/python3.8/site-packages/airflow/example_dags/example_bash_operator.py
[2025-02-12T15:51:41.257+0000] {logging_mixin.py:151} INFO - [2025-02-12T15:51:41.257+0000] {dag.py:2915} INFO - Sync 1 DAGs
[2025-02-12T15:51:41.284+0000] {logging_mixin.py:151} INFO - [2025-02-12T15:51:41.284+0000] {dag.py:3696} INFO - Setting next_dagrun for example_bash_operator to 2025-02-11T00:00:00+00:00, run_after=2025-02-12T00:00:00+00:00
[2025-02-12T15:51:41.306+0000] {processor.py:179} INFO - Processing /home/airflow/.local/lib/python3.8/site-packages/airflow/example_dags/example_bash_operator.py took 0.101 seconds
[2025-02-12T15:52:14.255+0000] {processor.py:157} INFO - Started process (PID=897) to work on /home/airflow/.local/lib/python3.8/site-packages/airflow/example_dags/example_bash_operator.py
[2025-02-12T15:52:14.257+0000] {processor.py:829} INFO - Processing file /home/airflow/.local/lib/python3.8/site-packages/airflow/example_dags/example_bash_operator.py for tasks to queue
[2025-02-12T15:52:14.257+0000] {logging_mixin.py:151} INFO - [2025-02-12T15:52:14.257+0000] {dagbag.py:539} INFO - Filling up the DagBag from /home/airflow/.local/lib/python3.8/site-packages/airflow/example_dags/example_bash_operator.py
[2025-02-12T15:52:14.267+0000] {processor.py:839} INFO - DAG(s) dict_keys(['example_bash_operator']) retrieved from /home/airflow/.local/lib/python3.8/site-packages/airflow/example_dags/example_bash_operator.py
[2025-02-12T15:52:14.296+0000] {logging_mixin.py:151} INFO - [2025-02-12T15:52:14.296+0000] {dag.py:2915} INFO - Sync 1 DAGs
[2025-02-12T15:52:14.317+0000] {logging_mixin.py:151} INFO - [2025-02-12T15:52:14.317+0000] {dag.py:3696} INFO - Setting next_dagrun for example_bash_operator to 2025-02-11T00:00:00+00:00, run_after=2025-02-12T00:00:00+00:00
[2025-02-12T15:52:14.344+0000] {processor.py:179} INFO - Processing /home/airflow/.local/lib/python3.8/site-packages/airflow/example_dags/example_bash_operator.py took 0.092 seconds
[2025-02-12T15:52:45.038+0000] {processor.py:157} INFO - Started process (PID=1155) to work on /home/airflow/.local/lib/python3.8/site-packages/airflow/example_dags/example_bash_operator.py
[2025-02-12T15:52:45.039+0000] {processor.py:829} INFO - Processing file /home/airflow/.local/lib/python3.8/site-packages/airflow/example_dags/example_bash_operator.py for tasks to queue
[2025-02-12T15:52:45.039+0000] {logging_mixin.py:151} INFO - [2025-02-12T15:52:45.039+0000] {dagbag.py:539} INFO - Filling up the DagBag from /home/airflow/.local/lib/python3.8/site-packages/airflow/example_dags/example_bash_operator.py
[2025-02-12T15:52:45.049+0000] {processor.py:839} INFO - DAG(s) dict_keys(['example_bash_operator']) retrieved from /home/airflow/.local/lib/python3.8/site-packages/airflow/example_dags/example_bash_operator.py
[2025-02-12T15:52:45.078+0000] {logging_mixin.py:151} INFO - [2025-02-12T15:52:45.077+0000] {dag.py:2915} INFO - Sync 1 DAGs
[2025-02-12T15:52:45.098+0000] {logging_mixin.py:151} INFO - [2025-02-12T15:52:45.098+0000] {dag.py:3696} INFO - Setting next_dagrun for example_bash_operator to 2025-02-11T00:00:00+00:00, run_after=2025-02-12T00:00:00+00:00
[2025-02-12T15:52:45.113+0000] {processor.py:179} INFO - Processing /home/airflow/.local/lib/python3.8/site-packages/airflow/example_dags/example_bash_operator.py took 0.078 seconds
[2025-02-12T15:53:16.261+0000] {processor.py:157} INFO - Started process (PID=1427) to work on /home/airflow/.local/lib/python3.8/site-packages/airflow/example_dags/example_bash_operator.py
[2025-02-12T15:53:16.262+0000] {processor.py:829} INFO - Processing file /home/airflow/.local/lib/python3.8/site-packages/airflow/example_dags/example_bash_operator.py for tasks to queue
[2025-02-12T15:53:16.263+0000] {logging_mixin.py:151} INFO - [2025-02-12T15:53:16.263+0000] {dagbag.py:539} INFO - Filling up the DagBag from /home/airflow/.local/lib/python3.8/site-packages/airflow/example_dags/example_bash_operator.py
[2025-02-12T15:53:16.274+0000] {processor.py:839} INFO - DAG(s) dict_keys(['example_bash_operator']) retrieved from /home/airflow/.local/lib/python3.8/site-packages/airflow/example_dags/example_bash_operator.py
[2025-02-12T15:53:16.303+0000] {logging_mixin.py:151} INFO - [2025-02-12T15:53:16.303+0000] {dag.py:2915} INFO - Sync 1 DAGs
[2025-02-12T15:53:16.324+0000] {logging_mixin.py:151} INFO - [2025-02-12T15:53:16.324+0000] {dag.py:3696} INFO - Setting next_dagrun for example_bash_operator to 2025-02-11T00:00:00+00:00, run_after=2025-02-12T00:00:00+00:00
[2025-02-12T15:53:16.340+0000] {processor.py:179} INFO - Processing /home/airflow/.local/lib/python3.8/site-packages/airflow/example_dags/example_bash_operator.py took 0.082 seconds
[2025-02-12T15:53:47.244+0000] {processor.py:157} INFO - Started process (PID=1691) to work on /home/airflow/.local/lib/python3.8/site-packages/airflow/example_dags/example_bash_operator.py
[2025-02-12T15:53:47.245+0000] {processor.py:829} INFO - Processing file /home/airflow/.local/lib/python3.8/site-packages/airflow/example_dags/example_bash_operator.py for tasks to queue
[2025-02-12T15:53:47.246+0000] {logging_mixin.py:151} INFO - [2025-02-12T15:53:47.245+0000] {dagbag.py:539} INFO - Filling up the DagBag from /home/airflow/.local/lib/python3.8/site-packages/airflow/example_dags/example_bash_operator.py
[2025-02-12T15:53:47.254+0000] {processor.py:839} INFO - DAG(s) dict_keys(['example_bash_operator']) retrieved from /home/airflow/.local/lib/python3.8/site-packages/airflow/example_dags/example_bash_operator.py
[2025-02-12T15:53:47.287+0000] {logging_mixin.py:151} INFO - [2025-02-12T15:53:47.286+0000] {dag.py:2915} INFO - Sync 1 DAGs
[2025-02-12T15:53:47.307+0000] {logging_mixin.py:151} INFO - [2025-02-12T15:53:47.307+0000] {dag.py:3696} INFO - Setting next_dagrun for example_bash_operator to 2025-02-11T00:00:00+00:00, run_after=2025-02-12T00:00:00+00:00
[2025-02-12T15:53:47.323+0000] {processor.py:179} INFO - Processing /home/airflow/.local/lib/python3.8/site-packages/airflow/example_dags/example_bash_operator.py took 0.082 seconds
[2025-02-12T15:55:33.404+0000] {processor.py:157} INFO - Started process (PID=382) to work on /home/airflow/.local/lib/python3.8/site-packages/airflow/example_dags/example_bash_operator.py
[2025-02-12T15:55:33.406+0000] {processor.py:829} INFO - Processing file /home/airflow/.local/lib/python3.8/site-packages/airflow/example_dags/example_bash_operator.py for tasks to queue
[2025-02-12T15:55:33.407+0000] {logging_mixin.py:151} INFO - [2025-02-12T15:55:33.407+0000] {dagbag.py:539} INFO - Filling up the DagBag from /home/airflow/.local/lib/python3.8/site-packages/airflow/example_dags/example_bash_operator.py
[2025-02-12T15:55:33.435+0000] {processor.py:839} INFO - DAG(s) dict_keys(['example_bash_operator']) retrieved from /home/airflow/.local/lib/python3.8/site-packages/airflow/example_dags/example_bash_operator.py
[2025-02-12T15:55:33.481+0000] {logging_mixin.py:151} INFO - [2025-02-12T15:55:33.481+0000] {dag.py:2915} INFO - Sync 1 DAGs
[2025-02-12T15:55:33.508+0000] {logging_mixin.py:151} INFO - [2025-02-12T15:55:33.507+0000] {dag.py:3696} INFO - Setting next_dagrun for example_bash_operator to 2025-02-11T00:00:00+00:00, run_after=2025-02-12T00:00:00+00:00
[2025-02-12T15:55:33.530+0000] {processor.py:179} INFO - Processing /home/airflow/.local/lib/python3.8/site-packages/airflow/example_dags/example_bash_operator.py took 0.130 seconds
[2025-02-12T15:56:04.567+0000] {processor.py:157} INFO - Started process (PID=633) to work on /home/airflow/.local/lib/python3.8/site-packages/airflow/example_dags/example_bash_operator.py
[2025-02-12T15:56:04.568+0000] {processor.py:829} INFO - Processing file /home/airflow/.local/lib/python3.8/site-packages/airflow/example_dags/example_bash_operator.py for tasks to queue
[2025-02-12T15:56:04.568+0000] {logging_mixin.py:151} INFO - [2025-02-12T15:56:04.568+0000] {dagbag.py:539} INFO - Filling up the DagBag from /home/airflow/.local/lib/python3.8/site-packages/airflow/example_dags/example_bash_operator.py
[2025-02-12T15:56:04.579+0000] {processor.py:839} INFO - DAG(s) dict_keys(['example_bash_operator']) retrieved from /home/airflow/.local/lib/python3.8/site-packages/airflow/example_dags/example_bash_operator.py
[2025-02-12T15:56:04.612+0000] {logging_mixin.py:151} INFO - [2025-02-12T15:56:04.612+0000] {dag.py:2915} INFO - Sync 1 DAGs
[2025-02-12T15:56:04.638+0000] {logging_mixin.py:151} INFO - [2025-02-12T15:56:04.637+0000] {dag.py:3696} INFO - Setting next_dagrun for example_bash_operator to 2025-02-11T00:00:00+00:00, run_after=2025-02-12T00:00:00+00:00
[2025-02-12T15:56:04.662+0000] {processor.py:179} INFO - Processing /home/airflow/.local/lib/python3.8/site-packages/airflow/example_dags/example_bash_operator.py took 0.098 seconds
[2025-02-12T15:56:35.208+0000] {processor.py:157} INFO - Started process (PID=897) to work on /home/airflow/.local/lib/python3.8/site-packages/airflow/example_dags/example_bash_operator.py
[2025-02-12T15:56:35.209+0000] {processor.py:829} INFO - Processing file /home/airflow/.local/lib/python3.8/site-packages/airflow/example_dags/example_bash_operator.py for tasks to queue
[2025-02-12T15:56:35.209+0000] {logging_mixin.py:151} INFO - [2025-02-12T15:56:35.209+0000] {dagbag.py:539} INFO - Filling up the DagBag from /home/airflow/.local/lib/python3.8/site-packages/airflow/example_dags/example_bash_operator.py
[2025-02-12T15:56:35.221+0000] {processor.py:839} INFO - DAG(s) dict_keys(['example_bash_operator']) retrieved from /home/airflow/.local/lib/python3.8/site-packages/airflow/example_dags/example_bash_operator.py
[2025-02-12T15:56:35.261+0000] {logging_mixin.py:151} INFO - [2025-02-12T15:56:35.261+0000] {dag.py:2915} INFO - Sync 1 DAGs
[2025-02-12T15:56:35.291+0000] {logging_mixin.py:151} INFO - [2025-02-12T15:56:35.290+0000] {dag.py:3696} INFO - Setting next_dagrun for example_bash_operator to 2025-02-11T00:00:00+00:00, run_after=2025-02-12T00:00:00+00:00
[2025-02-12T15:56:35.314+0000] {processor.py:179} INFO - Processing /home/airflow/.local/lib/python3.8/site-packages/airflow/example_dags/example_bash_operator.py took 0.109 seconds
[2025-02-12T15:57:05.910+0000] {processor.py:157} INFO - Started process (PID=1158) to work on /home/airflow/.local/lib/python3.8/site-packages/airflow/example_dags/example_bash_operator.py
[2025-02-12T15:57:05.912+0000] {processor.py:829} INFO - Processing file /home/airflow/.local/lib/python3.8/site-packages/airflow/example_dags/example_bash_operator.py for tasks to queue
[2025-02-12T15:57:05.912+0000] {logging_mixin.py:151} INFO - [2025-02-12T15:57:05.912+0000] {dagbag.py:539} INFO - Filling up the DagBag from /home/airflow/.local/lib/python3.8/site-packages/airflow/example_dags/example_bash_operator.py
[2025-02-12T15:57:05.922+0000] {processor.py:839} INFO - DAG(s) dict_keys(['example_bash_operator']) retrieved from /home/airflow/.local/lib/python3.8/site-packages/airflow/example_dags/example_bash_operator.py
[2025-02-12T15:57:05.953+0000] {logging_mixin.py:151} INFO - [2025-02-12T15:57:05.953+0000] {dag.py:2915} INFO - Sync 1 DAGs
[2025-02-12T15:57:05.973+0000] {logging_mixin.py:151} INFO - [2025-02-12T15:57:05.973+0000] {dag.py:3696} INFO - Setting next_dagrun for example_bash_operator to 2025-02-11T00:00:00+00:00, run_after=2025-02-12T00:00:00+00:00
[2025-02-12T15:57:05.989+0000] {processor.py:179} INFO - Processing /home/airflow/.local/lib/python3.8/site-packages/airflow/example_dags/example_bash_operator.py took 0.081 seconds
[2025-02-12T15:57:36.687+0000] {processor.py:157} INFO - Started process (PID=1419) to work on /home/airflow/.local/lib/python3.8/site-packages/airflow/example_dags/example_bash_operator.py
[2025-02-12T15:57:36.688+0000] {processor.py:829} INFO - Processing file /home/airflow/.local/lib/python3.8/site-packages/airflow/example_dags/example_bash_operator.py for tasks to queue
[2025-02-12T15:57:36.688+0000] {logging_mixin.py:151} INFO - [2025-02-12T15:57:36.688+0000] {dagbag.py:539} INFO - Filling up the DagBag from /home/airflow/.local/lib/python3.8/site-packages/airflow/example_dags/example_bash_operator.py
[2025-02-12T15:57:36.700+0000] {processor.py:839} INFO - DAG(s) dict_keys(['example_bash_operator']) retrieved from /home/airflow/.local/lib/python3.8/site-packages/airflow/example_dags/example_bash_operator.py
[2025-02-12T15:57:36.725+0000] {logging_mixin.py:151} INFO - [2025-02-12T15:57:36.725+0000] {dag.py:2915} INFO - Sync 1 DAGs
[2025-02-12T15:57:36.744+0000] {logging_mixin.py:151} INFO - [2025-02-12T15:57:36.744+0000] {dag.py:3696} INFO - Setting next_dagrun for example_bash_operator to 2025-02-11T00:00:00+00:00, run_after=2025-02-12T00:00:00+00:00
[2025-02-12T15:57:36.760+0000] {processor.py:179} INFO - Processing /home/airflow/.local/lib/python3.8/site-packages/airflow/example_dags/example_bash_operator.py took 0.076 seconds
[2025-02-12T15:59:38.565+0000] {processor.py:157} INFO - Started process (PID=1731) to work on /home/airflow/.local/lib/python3.8/site-packages/airflow/example_dags/example_bash_operator.py
[2025-02-12T15:59:38.567+0000] {processor.py:829} INFO - Processing file /home/airflow/.local/lib/python3.8/site-packages/airflow/example_dags/example_bash_operator.py for tasks to queue
[2025-02-12T15:59:38.568+0000] {logging_mixin.py:151} INFO - [2025-02-12T15:59:38.567+0000] {dagbag.py:539} INFO - Filling up the DagBag from /home/airflow/.local/lib/python3.8/site-packages/airflow/example_dags/example_bash_operator.py
[2025-02-12T15:59:38.578+0000] {processor.py:839} INFO - DAG(s) dict_keys(['example_bash_operator']) retrieved from /home/airflow/.local/lib/python3.8/site-packages/airflow/example_dags/example_bash_operator.py
[2025-02-12T15:59:38.607+0000] {logging_mixin.py:151} INFO - [2025-02-12T15:59:38.607+0000] {dag.py:2915} INFO - Sync 1 DAGs
[2025-02-12T15:59:38.628+0000] {logging_mixin.py:151} INFO - [2025-02-12T15:59:38.627+0000] {dag.py:3696} INFO - Setting next_dagrun for example_bash_operator to 2025-02-11T00:00:00+00:00, run_after=2025-02-12T00:00:00+00:00
[2025-02-12T15:59:38.645+0000] {processor.py:179} INFO - Processing /home/airflow/.local/lib/python3.8/site-packages/airflow/example_dags/example_bash_operator.py took 0.082 seconds
[2025-02-12T16:00:08.877+0000] {processor.py:157} INFO - Started process (PID=2018) to work on /home/airflow/.local/lib/python3.8/site-packages/airflow/example_dags/example_bash_operator.py
[2025-02-12T16:00:08.878+0000] {processor.py:829} INFO - Processing file /home/airflow/.local/lib/python3.8/site-packages/airflow/example_dags/example_bash_operator.py for tasks to queue
[2025-02-12T16:00:08.879+0000] {logging_mixin.py:151} INFO - [2025-02-12T16:00:08.878+0000] {dagbag.py:539} INFO - Filling up the DagBag from /home/airflow/.local/lib/python3.8/site-packages/airflow/example_dags/example_bash_operator.py
[2025-02-12T16:00:08.888+0000] {processor.py:839} INFO - DAG(s) dict_keys(['example_bash_operator']) retrieved from /home/airflow/.local/lib/python3.8/site-packages/airflow/example_dags/example_bash_operator.py
[2025-02-12T16:00:08.913+0000] {logging_mixin.py:151} INFO - [2025-02-12T16:00:08.912+0000] {dag.py:2915} INFO - Sync 1 DAGs
[2025-02-12T16:00:08.932+0000] {logging_mixin.py:151} INFO - [2025-02-12T16:00:08.932+0000] {dag.py:3696} INFO - Setting next_dagrun for example_bash_operator to 2025-02-11T00:00:00+00:00, run_after=2025-02-12T00:00:00+00:00
[2025-02-12T16:00:08.947+0000] {processor.py:179} INFO - Processing /home/airflow/.local/lib/python3.8/site-packages/airflow/example_dags/example_bash_operator.py took 0.073 seconds
[2025-02-12T16:01:58.185+0000] {processor.py:157} INFO - Started process (PID=2329) to work on /home/airflow/.local/lib/python3.8/site-packages/airflow/example_dags/example_bash_operator.py
[2025-02-12T16:01:58.186+0000] {processor.py:829} INFO - Processing file /home/airflow/.local/lib/python3.8/site-packages/airflow/example_dags/example_bash_operator.py for tasks to queue
[2025-02-12T16:01:58.187+0000] {logging_mixin.py:151} INFO - [2025-02-12T16:01:58.187+0000] {dagbag.py:539} INFO - Filling up the DagBag from /home/airflow/.local/lib/python3.8/site-packages/airflow/example_dags/example_bash_operator.py
[2025-02-12T16:01:58.196+0000] {processor.py:839} INFO - DAG(s) dict_keys(['example_bash_operator']) retrieved from /home/airflow/.local/lib/python3.8/site-packages/airflow/example_dags/example_bash_operator.py
[2025-02-12T16:01:58.224+0000] {logging_mixin.py:151} INFO - [2025-02-12T16:01:58.223+0000] {dag.py:2915} INFO - Sync 1 DAGs
[2025-02-12T16:01:58.245+0000] {logging_mixin.py:151} INFO - [2025-02-12T16:01:58.245+0000] {dag.py:3696} INFO - Setting next_dagrun for example_bash_operator to 2025-02-11T00:00:00+00:00, run_after=2025-02-12T00:00:00+00:00
[2025-02-12T16:01:58.262+0000] {processor.py:179} INFO - Processing /home/airflow/.local/lib/python3.8/site-packages/airflow/example_dags/example_bash_operator.py took 0.080 seconds
[2025-02-12T16:02:28.709+0000] {processor.py:157} INFO - Started process (PID=2629) to work on /home/airflow/.local/lib/python3.8/site-packages/airflow/example_dags/example_bash_operator.py
[2025-02-12T16:02:28.710+0000] {processor.py:829} INFO - Processing file /home/airflow/.local/lib/python3.8/site-packages/airflow/example_dags/example_bash_operator.py for tasks to queue
[2025-02-12T16:02:28.711+0000] {logging_mixin.py:151} INFO - [2025-02-12T16:02:28.710+0000] {dagbag.py:539} INFO - Filling up the DagBag from /home/airflow/.local/lib/python3.8/site-packages/airflow/example_dags/example_bash_operator.py
[2025-02-12T16:02:28.720+0000] {processor.py:839} INFO - DAG(s) dict_keys(['example_bash_operator']) retrieved from /home/airflow/.local/lib/python3.8/site-packages/airflow/example_dags/example_bash_operator.py
[2025-02-12T16:02:28.747+0000] {logging_mixin.py:151} INFO - [2025-02-12T16:02:28.747+0000] {dag.py:2915} INFO - Sync 1 DAGs
[2025-02-12T16:02:28.767+0000] {logging_mixin.py:151} INFO - [2025-02-12T16:02:28.767+0000] {dag.py:3696} INFO - Setting next_dagrun for example_bash_operator to 2025-02-11T00:00:00+00:00, run_after=2025-02-12T00:00:00+00:00
[2025-02-12T16:02:28.787+0000] {processor.py:179} INFO - Processing /home/airflow/.local/lib/python3.8/site-packages/airflow/example_dags/example_bash_operator.py took 0.081 seconds
[2025-02-12T16:03:03.760+0000] {processor.py:157} INFO - Started process (PID=2926) to work on /home/airflow/.local/lib/python3.8/site-packages/airflow/example_dags/example_bash_operator.py
[2025-02-12T16:03:03.762+0000] {processor.py:829} INFO - Processing file /home/airflow/.local/lib/python3.8/site-packages/airflow/example_dags/example_bash_operator.py for tasks to queue
[2025-02-12T16:03:03.764+0000] {logging_mixin.py:151} INFO - [2025-02-12T16:03:03.763+0000] {dagbag.py:539} INFO - Filling up the DagBag from /home/airflow/.local/lib/python3.8/site-packages/airflow/example_dags/example_bash_operator.py
[2025-02-12T16:03:03.779+0000] {processor.py:839} INFO - DAG(s) dict_keys(['example_bash_operator']) retrieved from /home/airflow/.local/lib/python3.8/site-packages/airflow/example_dags/example_bash_operator.py
[2025-02-12T16:03:03.816+0000] {logging_mixin.py:151} INFO - [2025-02-12T16:03:03.816+0000] {dag.py:2915} INFO - Sync 1 DAGs
[2025-02-12T16:03:03.846+0000] {logging_mixin.py:151} INFO - [2025-02-12T16:03:03.846+0000] {dag.py:3696} INFO - Setting next_dagrun for example_bash_operator to 2025-02-11T00:00:00+00:00, run_after=2025-02-12T00:00:00+00:00
[2025-02-12T16:03:03.870+0000] {processor.py:179} INFO - Processing /home/airflow/.local/lib/python3.8/site-packages/airflow/example_dags/example_bash_operator.py took 0.114 seconds
[2025-02-12T16:03:34.884+0000] {processor.py:157} INFO - Started process (PID=3233) to work on /home/airflow/.local/lib/python3.8/site-packages/airflow/example_dags/example_bash_operator.py
[2025-02-12T16:03:34.885+0000] {processor.py:829} INFO - Processing file /home/airflow/.local/lib/python3.8/site-packages/airflow/example_dags/example_bash_operator.py for tasks to queue
[2025-02-12T16:03:34.886+0000] {logging_mixin.py:151} INFO - [2025-02-12T16:03:34.886+0000] {dagbag.py:539} INFO - Filling up the DagBag from /home/airflow/.local/lib/python3.8/site-packages/airflow/example_dags/example_bash_operator.py
[2025-02-12T16:03:34.895+0000] {processor.py:839} INFO - DAG(s) dict_keys(['example_bash_operator']) retrieved from /home/airflow/.local/lib/python3.8/site-packages/airflow/example_dags/example_bash_operator.py
[2025-02-12T16:03:34.922+0000] {logging_mixin.py:151} INFO - [2025-02-12T16:03:34.922+0000] {dag.py:2915} INFO - Sync 1 DAGs
[2025-02-12T16:03:34.942+0000] {logging_mixin.py:151} INFO - [2025-02-12T16:03:34.942+0000] {dag.py:3696} INFO - Setting next_dagrun for example_bash_operator to 2025-02-11T00:00:00+00:00, run_after=2025-02-12T00:00:00+00:00
[2025-02-12T16:03:34.959+0000] {processor.py:179} INFO - Processing /home/airflow/.local/lib/python3.8/site-packages/airflow/example_dags/example_bash_operator.py took 0.078 seconds
[2025-02-12T16:04:07.247+0000] {processor.py:157} INFO - Started process (PID=3494) to work on /home/airflow/.local/lib/python3.8/site-packages/airflow/example_dags/example_bash_operator.py
[2025-02-12T16:04:07.248+0000] {processor.py:829} INFO - Processing file /home/airflow/.local/lib/python3.8/site-packages/airflow/example_dags/example_bash_operator.py for tasks to queue
[2025-02-12T16:04:07.248+0000] {logging_mixin.py:151} INFO - [2025-02-12T16:04:07.248+0000] {dagbag.py:539} INFO - Filling up the DagBag from /home/airflow/.local/lib/python3.8/site-packages/airflow/example_dags/example_bash_operator.py
[2025-02-12T16:04:07.258+0000] {processor.py:839} INFO - DAG(s) dict_keys(['example_bash_operator']) retrieved from /home/airflow/.local/lib/python3.8/site-packages/airflow/example_dags/example_bash_operator.py
[2025-02-12T16:04:07.286+0000] {logging_mixin.py:151} INFO - [2025-02-12T16:04:07.286+0000] {dag.py:2915} INFO - Sync 1 DAGs
[2025-02-12T16:04:07.307+0000] {logging_mixin.py:151} INFO - [2025-02-12T16:04:07.307+0000] {dag.py:3696} INFO - Setting next_dagrun for example_bash_operator to 2025-02-11T00:00:00+00:00, run_after=2025-02-12T00:00:00+00:00
[2025-02-12T16:04:07.323+0000] {processor.py:179} INFO - Processing /home/airflow/.local/lib/python3.8/site-packages/airflow/example_dags/example_bash_operator.py took 0.079 seconds
[2025-02-12T16:04:39.716+0000] {processor.py:157} INFO - Started process (PID=3761) to work on /home/airflow/.local/lib/python3.8/site-packages/airflow/example_dags/example_bash_operator.py
[2025-02-12T16:04:39.717+0000] {processor.py:829} INFO - Processing file /home/airflow/.local/lib/python3.8/site-packages/airflow/example_dags/example_bash_operator.py for tasks to queue
[2025-02-12T16:04:39.718+0000] {logging_mixin.py:151} INFO - [2025-02-12T16:04:39.718+0000] {dagbag.py:539} INFO - Filling up the DagBag from /home/airflow/.local/lib/python3.8/site-packages/airflow/example_dags/example_bash_operator.py
[2025-02-12T16:04:39.726+0000] {processor.py:839} INFO - DAG(s) dict_keys(['example_bash_operator']) retrieved from /home/airflow/.local/lib/python3.8/site-packages/airflow/example_dags/example_bash_operator.py
[2025-02-12T16:04:39.755+0000] {logging_mixin.py:151} INFO - [2025-02-12T16:04:39.755+0000] {dag.py:2915} INFO - Sync 1 DAGs
[2025-02-12T16:04:39.775+0000] {logging_mixin.py:151} INFO - [2025-02-12T16:04:39.775+0000] {dag.py:3696} INFO - Setting next_dagrun for example_bash_operator to 2025-02-11T00:00:00+00:00, run_after=2025-02-12T00:00:00+00:00
[2025-02-12T16:04:39.793+0000] {processor.py:179} INFO - Processing /home/airflow/.local/lib/python3.8/site-packages/airflow/example_dags/example_bash_operator.py took 0.080 seconds
[2025-02-12T16:05:13.011+0000] {processor.py:157} INFO - Started process (PID=4022) to work on /home/airflow/.local/lib/python3.8/site-packages/airflow/example_dags/example_bash_operator.py
[2025-02-12T16:05:13.011+0000] {processor.py:829} INFO - Processing file /home/airflow/.local/lib/python3.8/site-packages/airflow/example_dags/example_bash_operator.py for tasks to queue
[2025-02-12T16:05:13.012+0000] {logging_mixin.py:151} INFO - [2025-02-12T16:05:13.012+0000] {dagbag.py:539} INFO - Filling up the DagBag from /home/airflow/.local/lib/python3.8/site-packages/airflow/example_dags/example_bash_operator.py
[2025-02-12T16:05:13.020+0000] {processor.py:839} INFO - DAG(s) dict_keys(['example_bash_operator']) retrieved from /home/airflow/.local/lib/python3.8/site-packages/airflow/example_dags/example_bash_operator.py
[2025-02-12T16:05:13.045+0000] {logging_mixin.py:151} INFO - [2025-02-12T16:05:13.045+0000] {dag.py:2915} INFO - Sync 1 DAGs
[2025-02-12T16:05:13.063+0000] {logging_mixin.py:151} INFO - [2025-02-12T16:05:13.063+0000] {dag.py:3696} INFO - Setting next_dagrun for example_bash_operator to 2025-02-11T00:00:00+00:00, run_after=2025-02-12T00:00:00+00:00
[2025-02-12T16:05:13.077+0000] {processor.py:179} INFO - Processing /home/airflow/.local/lib/python3.8/site-packages/airflow/example_dags/example_bash_operator.py took 0.069 seconds
[2025-02-12T16:05:44.659+0000] {processor.py:157} INFO - Started process (PID=4283) to work on /home/airflow/.local/lib/python3.8/site-packages/airflow/example_dags/example_bash_operator.py
[2025-02-12T16:05:44.662+0000] {processor.py:829} INFO - Processing file /home/airflow/.local/lib/python3.8/site-packages/airflow/example_dags/example_bash_operator.py for tasks to queue
[2025-02-12T16:05:44.663+0000] {logging_mixin.py:151} INFO - [2025-02-12T16:05:44.662+0000] {dagbag.py:539} INFO - Filling up the DagBag from /home/airflow/.local/lib/python3.8/site-packages/airflow/example_dags/example_bash_operator.py
[2025-02-12T16:05:44.671+0000] {processor.py:839} INFO - DAG(s) dict_keys(['example_bash_operator']) retrieved from /home/airflow/.local/lib/python3.8/site-packages/airflow/example_dags/example_bash_operator.py
[2025-02-12T16:05:44.704+0000] {logging_mixin.py:151} INFO - [2025-02-12T16:05:44.704+0000] {dag.py:2915} INFO - Sync 1 DAGs
[2025-02-12T16:05:44.727+0000] {logging_mixin.py:151} INFO - [2025-02-12T16:05:44.726+0000] {dag.py:3696} INFO - Setting next_dagrun for example_bash_operator to 2025-02-11T00:00:00+00:00, run_after=2025-02-12T00:00:00+00:00
[2025-02-12T16:05:44.745+0000] {processor.py:179} INFO - Processing /home/airflow/.local/lib/python3.8/site-packages/airflow/example_dags/example_bash_operator.py took 0.101 seconds
[2025-02-12T16:06:15.023+0000] {processor.py:157} INFO - Started process (PID=4550) to work on /home/airflow/.local/lib/python3.8/site-packages/airflow/example_dags/example_bash_operator.py
[2025-02-12T16:06:15.024+0000] {processor.py:829} INFO - Processing file /home/airflow/.local/lib/python3.8/site-packages/airflow/example_dags/example_bash_operator.py for tasks to queue
[2025-02-12T16:06:15.025+0000] {logging_mixin.py:151} INFO - [2025-02-12T16:06:15.025+0000] {dagbag.py:539} INFO - Filling up the DagBag from /home/airflow/.local/lib/python3.8/site-packages/airflow/example_dags/example_bash_operator.py
[2025-02-12T16:06:15.037+0000] {processor.py:839} INFO - DAG(s) dict_keys(['example_bash_operator']) retrieved from /home/airflow/.local/lib/python3.8/site-packages/airflow/example_dags/example_bash_operator.py
[2025-02-12T16:06:15.069+0000] {logging_mixin.py:151} INFO - [2025-02-12T16:06:15.069+0000] {dag.py:2915} INFO - Sync 1 DAGs
[2025-02-12T16:06:15.100+0000] {logging_mixin.py:151} INFO - [2025-02-12T16:06:15.099+0000] {dag.py:3696} INFO - Setting next_dagrun for example_bash_operator to 2025-02-11T00:00:00+00:00, run_after=2025-02-12T00:00:00+00:00
[2025-02-12T16:06:15.121+0000] {processor.py:179} INFO - Processing /home/airflow/.local/lib/python3.8/site-packages/airflow/example_dags/example_bash_operator.py took 0.101 seconds
[2025-02-12T16:06:45.623+0000] {processor.py:157} INFO - Started process (PID=4804) to work on /home/airflow/.local/lib/python3.8/site-packages/airflow/example_dags/example_bash_operator.py
[2025-02-12T16:06:45.624+0000] {processor.py:829} INFO - Processing file /home/airflow/.local/lib/python3.8/site-packages/airflow/example_dags/example_bash_operator.py for tasks to queue
[2025-02-12T16:06:45.625+0000] {logging_mixin.py:151} INFO - [2025-02-12T16:06:45.625+0000] {dagbag.py:539} INFO - Filling up the DagBag from /home/airflow/.local/lib/python3.8/site-packages/airflow/example_dags/example_bash_operator.py
[2025-02-12T16:06:45.634+0000] {processor.py:839} INFO - DAG(s) dict_keys(['example_bash_operator']) retrieved from /home/airflow/.local/lib/python3.8/site-packages/airflow/example_dags/example_bash_operator.py
[2025-02-12T16:06:45.667+0000] {logging_mixin.py:151} INFO - [2025-02-12T16:06:45.666+0000] {dag.py:2915} INFO - Sync 1 DAGs
[2025-02-12T16:06:45.689+0000] {logging_mixin.py:151} INFO - [2025-02-12T16:06:45.689+0000] {dag.py:3696} INFO - Setting next_dagrun for example_bash_operator to 2025-02-11T00:00:00+00:00, run_after=2025-02-12T00:00:00+00:00
[2025-02-12T16:06:45.711+0000] {processor.py:179} INFO - Processing /home/airflow/.local/lib/python3.8/site-packages/airflow/example_dags/example_bash_operator.py took 0.091 seconds
[2025-02-12T16:07:16.545+0000] {processor.py:157} INFO - Started process (PID=5121) to work on /home/airflow/.local/lib/python3.8/site-packages/airflow/example_dags/example_bash_operator.py
[2025-02-12T16:07:16.546+0000] {processor.py:829} INFO - Processing file /home/airflow/.local/lib/python3.8/site-packages/airflow/example_dags/example_bash_operator.py for tasks to queue
[2025-02-12T16:07:16.546+0000] {logging_mixin.py:151} INFO - [2025-02-12T16:07:16.546+0000] {dagbag.py:539} INFO - Filling up the DagBag from /home/airflow/.local/lib/python3.8/site-packages/airflow/example_dags/example_bash_operator.py
[2025-02-12T16:07:16.557+0000] {processor.py:839} INFO - DAG(s) dict_keys(['example_bash_operator']) retrieved from /home/airflow/.local/lib/python3.8/site-packages/airflow/example_dags/example_bash_operator.py
[2025-02-12T16:07:16.583+0000] {logging_mixin.py:151} INFO - [2025-02-12T16:07:16.583+0000] {dag.py:2915} INFO - Sync 1 DAGs
[2025-02-12T16:07:16.609+0000] {logging_mixin.py:151} INFO - [2025-02-12T16:07:16.608+0000] {dag.py:3696} INFO - Setting next_dagrun for example_bash_operator to 2025-02-11T00:00:00+00:00, run_after=2025-02-12T00:00:00+00:00
[2025-02-12T16:07:16.625+0000] {processor.py:179} INFO - Processing /home/airflow/.local/lib/python3.8/site-packages/airflow/example_dags/example_bash_operator.py took 0.083 seconds
[2025-02-12T16:07:47.334+0000] {processor.py:157} INFO - Started process (PID=5382) to work on /home/airflow/.local/lib/python3.8/site-packages/airflow/example_dags/example_bash_operator.py
[2025-02-12T16:07:47.335+0000] {processor.py:829} INFO - Processing file /home/airflow/.local/lib/python3.8/site-packages/airflow/example_dags/example_bash_operator.py for tasks to queue
[2025-02-12T16:07:47.336+0000] {logging_mixin.py:151} INFO - [2025-02-12T16:07:47.336+0000] {dagbag.py:539} INFO - Filling up the DagBag from /home/airflow/.local/lib/python3.8/site-packages/airflow/example_dags/example_bash_operator.py
[2025-02-12T16:07:47.347+0000] {processor.py:839} INFO - DAG(s) dict_keys(['example_bash_operator']) retrieved from /home/airflow/.local/lib/python3.8/site-packages/airflow/example_dags/example_bash_operator.py
[2025-02-12T16:07:47.374+0000] {logging_mixin.py:151} INFO - [2025-02-12T16:07:47.374+0000] {dag.py:2915} INFO - Sync 1 DAGs
[2025-02-12T16:07:47.398+0000] {logging_mixin.py:151} INFO - [2025-02-12T16:07:47.398+0000] {dag.py:3696} INFO - Setting next_dagrun for example_bash_operator to 2025-02-11T00:00:00+00:00, run_after=2025-02-12T00:00:00+00:00
[2025-02-12T16:07:47.424+0000] {processor.py:179} INFO - Processing /home/airflow/.local/lib/python3.8/site-packages/airflow/example_dags/example_bash_operator.py took 0.093 seconds
[2025-02-12T16:08:31.554+0000] {processor.py:157} INFO - Started process (PID=5686) to work on /home/airflow/.local/lib/python3.8/site-packages/airflow/example_dags/example_bash_operator.py
[2025-02-12T16:08:31.556+0000] {processor.py:829} INFO - Processing file /home/airflow/.local/lib/python3.8/site-packages/airflow/example_dags/example_bash_operator.py for tasks to queue
[2025-02-12T16:08:31.559+0000] {logging_mixin.py:151} INFO - [2025-02-12T16:08:31.558+0000] {dagbag.py:539} INFO - Filling up the DagBag from /home/airflow/.local/lib/python3.8/site-packages/airflow/example_dags/example_bash_operator.py
[2025-02-12T16:08:31.606+0000] {processor.py:839} INFO - DAG(s) dict_keys(['example_bash_operator']) retrieved from /home/airflow/.local/lib/python3.8/site-packages/airflow/example_dags/example_bash_operator.py
[2025-02-12T16:08:31.702+0000] {logging_mixin.py:151} INFO - [2025-02-12T16:08:31.701+0000] {dag.py:2915} INFO - Sync 1 DAGs
[2025-02-12T16:08:31.774+0000] {logging_mixin.py:151} INFO - [2025-02-12T16:08:31.773+0000] {dag.py:3696} INFO - Setting next_dagrun for example_bash_operator to 2025-02-11T00:00:00+00:00, run_after=2025-02-12T00:00:00+00:00
[2025-02-12T16:08:31.825+0000] {processor.py:179} INFO - Processing /home/airflow/.local/lib/python3.8/site-packages/airflow/example_dags/example_bash_operator.py took 0.281 seconds
[2025-02-12T16:09:02.711+0000] {processor.py:157} INFO - Started process (PID=5971) to work on /home/airflow/.local/lib/python3.8/site-packages/airflow/example_dags/example_bash_operator.py
[2025-02-12T16:09:02.713+0000] {processor.py:829} INFO - Processing file /home/airflow/.local/lib/python3.8/site-packages/airflow/example_dags/example_bash_operator.py for tasks to queue
[2025-02-12T16:09:02.714+0000] {logging_mixin.py:151} INFO - [2025-02-12T16:09:02.714+0000] {dagbag.py:539} INFO - Filling up the DagBag from /home/airflow/.local/lib/python3.8/site-packages/airflow/example_dags/example_bash_operator.py
[2025-02-12T16:09:02.733+0000] {processor.py:839} INFO - DAG(s) dict_keys(['example_bash_operator']) retrieved from /home/airflow/.local/lib/python3.8/site-packages/airflow/example_dags/example_bash_operator.py
[2025-02-12T16:09:02.776+0000] {logging_mixin.py:151} INFO - [2025-02-12T16:09:02.775+0000] {dag.py:2915} INFO - Sync 1 DAGs
[2025-02-12T16:09:02.817+0000] {logging_mixin.py:151} INFO - [2025-02-12T16:09:02.817+0000] {dag.py:3696} INFO - Setting next_dagrun for example_bash_operator to 2025-02-11T00:00:00+00:00, run_after=2025-02-12T00:00:00+00:00
[2025-02-12T16:09:02.849+0000] {processor.py:179} INFO - Processing /home/airflow/.local/lib/python3.8/site-packages/airflow/example_dags/example_bash_operator.py took 0.142 seconds
[2025-02-12T16:10:29.425+0000] {processor.py:157} INFO - Started process (PID=6225) to work on /home/airflow/.local/lib/python3.8/site-packages/airflow/example_dags/example_bash_operator.py
[2025-02-12T16:10:29.427+0000] {processor.py:829} INFO - Processing file /home/airflow/.local/lib/python3.8/site-packages/airflow/example_dags/example_bash_operator.py for tasks to queue
[2025-02-12T16:10:29.428+0000] {logging_mixin.py:151} INFO - [2025-02-12T16:10:29.427+0000] {dagbag.py:539} INFO - Filling up the DagBag from /home/airflow/.local/lib/python3.8/site-packages/airflow/example_dags/example_bash_operator.py
[2025-02-12T16:10:29.440+0000] {processor.py:839} INFO - DAG(s) dict_keys(['example_bash_operator']) retrieved from /home/airflow/.local/lib/python3.8/site-packages/airflow/example_dags/example_bash_operator.py
[2025-02-12T16:10:29.478+0000] {logging_mixin.py:151} INFO - [2025-02-12T16:10:29.478+0000] {dag.py:2915} INFO - Sync 1 DAGs
[2025-02-12T16:10:29.508+0000] {logging_mixin.py:151} INFO - [2025-02-12T16:10:29.508+0000] {dag.py:3696} INFO - Setting next_dagrun for example_bash_operator to 2025-02-11T00:00:00+00:00, run_after=2025-02-12T00:00:00+00:00
[2025-02-12T16:10:29.540+0000] {processor.py:179} INFO - Processing /home/airflow/.local/lib/python3.8/site-packages/airflow/example_dags/example_bash_operator.py took 0.120 seconds
[2025-02-12T16:10:59.940+0000] {processor.py:157} INFO - Started process (PID=6495) to work on /home/airflow/.local/lib/python3.8/site-packages/airflow/example_dags/example_bash_operator.py
[2025-02-12T16:10:59.942+0000] {processor.py:829} INFO - Processing file /home/airflow/.local/lib/python3.8/site-packages/airflow/example_dags/example_bash_operator.py for tasks to queue
[2025-02-12T16:10:59.942+0000] {logging_mixin.py:151} INFO - [2025-02-12T16:10:59.942+0000] {dagbag.py:539} INFO - Filling up the DagBag from /home/airflow/.local/lib/python3.8/site-packages/airflow/example_dags/example_bash_operator.py
[2025-02-12T16:10:59.954+0000] {processor.py:839} INFO - DAG(s) dict_keys(['example_bash_operator']) retrieved from /home/airflow/.local/lib/python3.8/site-packages/airflow/example_dags/example_bash_operator.py
[2025-02-12T16:10:59.982+0000] {logging_mixin.py:151} INFO - [2025-02-12T16:10:59.982+0000] {dag.py:2915} INFO - Sync 1 DAGs
[2025-02-12T16:11:00.006+0000] {logging_mixin.py:151} INFO - [2025-02-12T16:11:00.006+0000] {dag.py:3696} INFO - Setting next_dagrun for example_bash_operator to 2025-02-11T00:00:00+00:00, run_after=2025-02-12T00:00:00+00:00
[2025-02-12T16:11:00.023+0000] {processor.py:179} INFO - Processing /home/airflow/.local/lib/python3.8/site-packages/airflow/example_dags/example_bash_operator.py took 0.086 seconds
[2025-02-12T16:11:30.665+0000] {processor.py:157} INFO - Started process (PID=6757) to work on /home/airflow/.local/lib/python3.8/site-packages/airflow/example_dags/example_bash_operator.py
[2025-02-12T16:11:30.666+0000] {processor.py:829} INFO - Processing file /home/airflow/.local/lib/python3.8/site-packages/airflow/example_dags/example_bash_operator.py for tasks to queue
[2025-02-12T16:11:30.666+0000] {logging_mixin.py:151} INFO - [2025-02-12T16:11:30.666+0000] {dagbag.py:539} INFO - Filling up the DagBag from /home/airflow/.local/lib/python3.8/site-packages/airflow/example_dags/example_bash_operator.py
[2025-02-12T16:11:30.675+0000] {processor.py:839} INFO - DAG(s) dict_keys(['example_bash_operator']) retrieved from /home/airflow/.local/lib/python3.8/site-packages/airflow/example_dags/example_bash_operator.py
[2025-02-12T16:11:30.699+0000] {logging_mixin.py:151} INFO - [2025-02-12T16:11:30.698+0000] {dag.py:2915} INFO - Sync 1 DAGs
[2025-02-12T16:11:30.717+0000] {logging_mixin.py:151} INFO - [2025-02-12T16:11:30.716+0000] {dag.py:3696} INFO - Setting next_dagrun for example_bash_operator to 2025-02-11T00:00:00+00:00, run_after=2025-02-12T00:00:00+00:00
[2025-02-12T16:11:30.731+0000] {processor.py:179} INFO - Processing /home/airflow/.local/lib/python3.8/site-packages/airflow/example_dags/example_bash_operator.py took 0.069 seconds
