[2025-02-12T15:51:05.812+0000] {processor.py:157} INFO - Started process (PID=227) to work on /home/airflow/.local/lib/python3.8/site-packages/airflow/example_dags/example_sensor_decorator.py
[2025-02-12T15:51:05.813+0000] {processor.py:829} INFO - Processing file /home/airflow/.local/lib/python3.8/site-packages/airflow/example_dags/example_sensor_decorator.py for tasks to queue
[2025-02-12T15:51:05.814+0000] {logging_mixin.py:151} INFO - [2025-02-12T15:51:05.813+0000] {dagbag.py:539} INFO - Filling up the DagBag from /home/airflow/.local/lib/python3.8/site-packages/airflow/example_dags/example_sensor_decorator.py
[2025-02-12T15:51:05.821+0000] {processor.py:839} INFO - DAG(s) dict_keys(['example_sensor_decorator']) retrieved from /home/airflow/.local/lib/python3.8/site-packages/airflow/example_dags/example_sensor_decorator.py
[2025-02-12T15:51:05.832+0000] {logging_mixin.py:151} INFO - [2025-02-12T15:51:05.831+0000] {dag.py:2915} INFO - Sync 1 DAGs
[2025-02-12T15:51:05.843+0000] {logging_mixin.py:151} INFO - [2025-02-12T15:51:05.843+0000] {dag.py:3696} INFO - Setting next_dagrun for example_sensor_decorator to None, run_after=None
[2025-02-12T15:51:05.860+0000] {processor.py:179} INFO - Processing /home/airflow/.local/lib/python3.8/site-packages/airflow/example_dags/example_sensor_decorator.py took 0.050 seconds
[2025-02-12T15:51:36.434+0000] {processor.py:157} INFO - Started process (PID=481) to work on /home/airflow/.local/lib/python3.8/site-packages/airflow/example_dags/example_sensor_decorator.py
[2025-02-12T15:51:36.435+0000] {processor.py:829} INFO - Processing file /home/airflow/.local/lib/python3.8/site-packages/airflow/example_dags/example_sensor_decorator.py for tasks to queue
[2025-02-12T15:51:36.436+0000] {logging_mixin.py:151} INFO - [2025-02-12T15:51:36.436+0000] {dagbag.py:539} INFO - Filling up the DagBag from /home/airflow/.local/lib/python3.8/site-packages/airflow/example_dags/example_sensor_decorator.py
[2025-02-12T15:51:36.441+0000] {processor.py:839} INFO - DAG(s) dict_keys(['example_sensor_decorator']) retrieved from /home/airflow/.local/lib/python3.8/site-packages/airflow/example_dags/example_sensor_decorator.py
[2025-02-12T15:51:36.458+0000] {logging_mixin.py:151} INFO - [2025-02-12T15:51:36.458+0000] {dag.py:2915} INFO - Sync 1 DAGs
[2025-02-12T15:51:36.469+0000] {logging_mixin.py:151} INFO - [2025-02-12T15:51:36.469+0000] {dag.py:3696} INFO - Setting next_dagrun for example_sensor_decorator to None, run_after=None
[2025-02-12T15:51:36.484+0000] {processor.py:179} INFO - Processing /home/airflow/.local/lib/python3.8/site-packages/airflow/example_dags/example_sensor_decorator.py took 0.056 seconds
[2025-02-12T15:52:12.251+0000] {processor.py:157} INFO - Started process (PID=742) to work on /home/airflow/.local/lib/python3.8/site-packages/airflow/example_dags/example_sensor_decorator.py
[2025-02-12T15:52:12.252+0000] {processor.py:829} INFO - Processing file /home/airflow/.local/lib/python3.8/site-packages/airflow/example_dags/example_sensor_decorator.py for tasks to queue
[2025-02-12T15:52:12.253+0000] {logging_mixin.py:151} INFO - [2025-02-12T15:52:12.253+0000] {dagbag.py:539} INFO - Filling up the DagBag from /home/airflow/.local/lib/python3.8/site-packages/airflow/example_dags/example_sensor_decorator.py
[2025-02-12T15:52:12.260+0000] {processor.py:839} INFO - DAG(s) dict_keys(['example_sensor_decorator']) retrieved from /home/airflow/.local/lib/python3.8/site-packages/airflow/example_dags/example_sensor_decorator.py
[2025-02-12T15:52:12.282+0000] {logging_mixin.py:151} INFO - [2025-02-12T15:52:12.281+0000] {dag.py:2915} INFO - Sync 1 DAGs
[2025-02-12T15:52:12.295+0000] {logging_mixin.py:151} INFO - [2025-02-12T15:52:12.295+0000] {dag.py:3696} INFO - Setting next_dagrun for example_sensor_decorator to None, run_after=None
[2025-02-12T15:52:12.318+0000] {processor.py:179} INFO - Processing /home/airflow/.local/lib/python3.8/site-packages/airflow/example_dags/example_sensor_decorator.py took 0.071 seconds
[2025-02-12T15:52:43.256+0000] {processor.py:157} INFO - Started process (PID=1003) to work on /home/airflow/.local/lib/python3.8/site-packages/airflow/example_dags/example_sensor_decorator.py
[2025-02-12T15:52:43.257+0000] {processor.py:829} INFO - Processing file /home/airflow/.local/lib/python3.8/site-packages/airflow/example_dags/example_sensor_decorator.py for tasks to queue
[2025-02-12T15:52:43.257+0000] {logging_mixin.py:151} INFO - [2025-02-12T15:52:43.257+0000] {dagbag.py:539} INFO - Filling up the DagBag from /home/airflow/.local/lib/python3.8/site-packages/airflow/example_dags/example_sensor_decorator.py
[2025-02-12T15:52:43.263+0000] {processor.py:839} INFO - DAG(s) dict_keys(['example_sensor_decorator']) retrieved from /home/airflow/.local/lib/python3.8/site-packages/airflow/example_dags/example_sensor_decorator.py
[2025-02-12T15:52:43.283+0000] {logging_mixin.py:151} INFO - [2025-02-12T15:52:43.283+0000] {dag.py:2915} INFO - Sync 1 DAGs
[2025-02-12T15:52:43.296+0000] {logging_mixin.py:151} INFO - [2025-02-12T15:52:43.296+0000] {dag.py:3696} INFO - Setting next_dagrun for example_sensor_decorator to None, run_after=None
[2025-02-12T15:52:43.316+0000] {processor.py:179} INFO - Processing /home/airflow/.local/lib/python3.8/site-packages/airflow/example_dags/example_sensor_decorator.py took 0.063 seconds
[2025-02-12T15:53:14.512+0000] {processor.py:157} INFO - Started process (PID=1270) to work on /home/airflow/.local/lib/python3.8/site-packages/airflow/example_dags/example_sensor_decorator.py
[2025-02-12T15:53:14.513+0000] {processor.py:829} INFO - Processing file /home/airflow/.local/lib/python3.8/site-packages/airflow/example_dags/example_sensor_decorator.py for tasks to queue
[2025-02-12T15:53:14.514+0000] {logging_mixin.py:151} INFO - [2025-02-12T15:53:14.514+0000] {dagbag.py:539} INFO - Filling up the DagBag from /home/airflow/.local/lib/python3.8/site-packages/airflow/example_dags/example_sensor_decorator.py
[2025-02-12T15:53:14.519+0000] {processor.py:839} INFO - DAG(s) dict_keys(['example_sensor_decorator']) retrieved from /home/airflow/.local/lib/python3.8/site-packages/airflow/example_dags/example_sensor_decorator.py
[2025-02-12T15:53:14.538+0000] {logging_mixin.py:151} INFO - [2025-02-12T15:53:14.538+0000] {dag.py:2915} INFO - Sync 1 DAGs
[2025-02-12T15:53:14.551+0000] {logging_mixin.py:151} INFO - [2025-02-12T15:53:14.550+0000] {dag.py:3696} INFO - Setting next_dagrun for example_sensor_decorator to None, run_after=None
[2025-02-12T15:53:14.569+0000] {processor.py:179} INFO - Processing /home/airflow/.local/lib/python3.8/site-packages/airflow/example_dags/example_sensor_decorator.py took 0.060 seconds
[2025-02-12T15:53:45.486+0000] {processor.py:157} INFO - Started process (PID=1536) to work on /home/airflow/.local/lib/python3.8/site-packages/airflow/example_dags/example_sensor_decorator.py
[2025-02-12T15:53:45.487+0000] {processor.py:829} INFO - Processing file /home/airflow/.local/lib/python3.8/site-packages/airflow/example_dags/example_sensor_decorator.py for tasks to queue
[2025-02-12T15:53:45.487+0000] {logging_mixin.py:151} INFO - [2025-02-12T15:53:45.487+0000] {dagbag.py:539} INFO - Filling up the DagBag from /home/airflow/.local/lib/python3.8/site-packages/airflow/example_dags/example_sensor_decorator.py
[2025-02-12T15:53:45.492+0000] {processor.py:839} INFO - DAG(s) dict_keys(['example_sensor_decorator']) retrieved from /home/airflow/.local/lib/python3.8/site-packages/airflow/example_dags/example_sensor_decorator.py
[2025-02-12T15:53:45.512+0000] {logging_mixin.py:151} INFO - [2025-02-12T15:53:45.512+0000] {dag.py:2915} INFO - Sync 1 DAGs
[2025-02-12T15:53:45.524+0000] {logging_mixin.py:151} INFO - [2025-02-12T15:53:45.524+0000] {dag.py:3696} INFO - Setting next_dagrun for example_sensor_decorator to None, run_after=None
[2025-02-12T15:53:45.543+0000] {processor.py:179} INFO - Processing /home/airflow/.local/lib/python3.8/site-packages/airflow/example_dags/example_sensor_decorator.py took 0.060 seconds
[2025-02-12T15:55:29.574+0000] {processor.py:157} INFO - Started process (PID=220) to work on /home/airflow/.local/lib/python3.8/site-packages/airflow/example_dags/example_sensor_decorator.py
[2025-02-12T15:55:29.575+0000] {processor.py:829} INFO - Processing file /home/airflow/.local/lib/python3.8/site-packages/airflow/example_dags/example_sensor_decorator.py for tasks to queue
[2025-02-12T15:55:29.575+0000] {logging_mixin.py:151} INFO - [2025-02-12T15:55:29.575+0000] {dagbag.py:539} INFO - Filling up the DagBag from /home/airflow/.local/lib/python3.8/site-packages/airflow/example_dags/example_sensor_decorator.py
[2025-02-12T15:55:29.583+0000] {processor.py:839} INFO - DAG(s) dict_keys(['example_sensor_decorator']) retrieved from /home/airflow/.local/lib/python3.8/site-packages/airflow/example_dags/example_sensor_decorator.py
[2025-02-12T15:55:29.611+0000] {logging_mixin.py:151} INFO - [2025-02-12T15:55:29.611+0000] {dag.py:2915} INFO - Sync 1 DAGs
[2025-02-12T15:55:29.746+0000] {logging_mixin.py:151} INFO - [2025-02-12T15:55:29.746+0000] {dag.py:3696} INFO - Setting next_dagrun for example_sensor_decorator to None, run_after=None
[2025-02-12T15:55:29.761+0000] {processor.py:179} INFO - Processing /home/airflow/.local/lib/python3.8/site-packages/airflow/example_dags/example_sensor_decorator.py took 0.190 seconds
[2025-02-12T15:56:02.521+0000] {processor.py:157} INFO - Started process (PID=483) to work on /home/airflow/.local/lib/python3.8/site-packages/airflow/example_dags/example_sensor_decorator.py
[2025-02-12T15:56:02.522+0000] {processor.py:829} INFO - Processing file /home/airflow/.local/lib/python3.8/site-packages/airflow/example_dags/example_sensor_decorator.py for tasks to queue
[2025-02-12T15:56:02.523+0000] {logging_mixin.py:151} INFO - [2025-02-12T15:56:02.523+0000] {dagbag.py:539} INFO - Filling up the DagBag from /home/airflow/.local/lib/python3.8/site-packages/airflow/example_dags/example_sensor_decorator.py
[2025-02-12T15:56:02.529+0000] {processor.py:839} INFO - DAG(s) dict_keys(['example_sensor_decorator']) retrieved from /home/airflow/.local/lib/python3.8/site-packages/airflow/example_dags/example_sensor_decorator.py
[2025-02-12T15:56:02.550+0000] {logging_mixin.py:151} INFO - [2025-02-12T15:56:02.550+0000] {dag.py:2915} INFO - Sync 1 DAGs
[2025-02-12T15:56:02.563+0000] {logging_mixin.py:151} INFO - [2025-02-12T15:56:02.562+0000] {dag.py:3696} INFO - Setting next_dagrun for example_sensor_decorator to None, run_after=None
[2025-02-12T15:56:02.583+0000] {processor.py:179} INFO - Processing /home/airflow/.local/lib/python3.8/site-packages/airflow/example_dags/example_sensor_decorator.py took 0.064 seconds
[2025-02-12T15:56:33.183+0000] {processor.py:157} INFO - Started process (PID=742) to work on /home/airflow/.local/lib/python3.8/site-packages/airflow/example_dags/example_sensor_decorator.py
[2025-02-12T15:56:33.184+0000] {processor.py:829} INFO - Processing file /home/airflow/.local/lib/python3.8/site-packages/airflow/example_dags/example_sensor_decorator.py for tasks to queue
[2025-02-12T15:56:33.184+0000] {logging_mixin.py:151} INFO - [2025-02-12T15:56:33.184+0000] {dagbag.py:539} INFO - Filling up the DagBag from /home/airflow/.local/lib/python3.8/site-packages/airflow/example_dags/example_sensor_decorator.py
[2025-02-12T15:56:33.189+0000] {processor.py:839} INFO - DAG(s) dict_keys(['example_sensor_decorator']) retrieved from /home/airflow/.local/lib/python3.8/site-packages/airflow/example_dags/example_sensor_decorator.py
[2025-02-12T15:56:33.208+0000] {logging_mixin.py:151} INFO - [2025-02-12T15:56:33.208+0000] {dag.py:2915} INFO - Sync 1 DAGs
[2025-02-12T15:56:33.219+0000] {logging_mixin.py:151} INFO - [2025-02-12T15:56:33.219+0000] {dag.py:3696} INFO - Setting next_dagrun for example_sensor_decorator to None, run_after=None
[2025-02-12T15:56:33.239+0000] {processor.py:179} INFO - Processing /home/airflow/.local/lib/python3.8/site-packages/airflow/example_dags/example_sensor_decorator.py took 0.059 seconds
[2025-02-12T15:57:03.913+0000] {processor.py:157} INFO - Started process (PID=1003) to work on /home/airflow/.local/lib/python3.8/site-packages/airflow/example_dags/example_sensor_decorator.py
[2025-02-12T15:57:03.914+0000] {processor.py:829} INFO - Processing file /home/airflow/.local/lib/python3.8/site-packages/airflow/example_dags/example_sensor_decorator.py for tasks to queue
[2025-02-12T15:57:03.915+0000] {logging_mixin.py:151} INFO - [2025-02-12T15:57:03.915+0000] {dagbag.py:539} INFO - Filling up the DagBag from /home/airflow/.local/lib/python3.8/site-packages/airflow/example_dags/example_sensor_decorator.py
[2025-02-12T15:57:03.920+0000] {processor.py:839} INFO - DAG(s) dict_keys(['example_sensor_decorator']) retrieved from /home/airflow/.local/lib/python3.8/site-packages/airflow/example_dags/example_sensor_decorator.py
[2025-02-12T15:57:03.938+0000] {logging_mixin.py:151} INFO - [2025-02-12T15:57:03.938+0000] {dag.py:2915} INFO - Sync 1 DAGs
[2025-02-12T15:57:03.949+0000] {logging_mixin.py:151} INFO - [2025-02-12T15:57:03.948+0000] {dag.py:3696} INFO - Setting next_dagrun for example_sensor_decorator to None, run_after=None
[2025-02-12T15:57:03.965+0000] {processor.py:179} INFO - Processing /home/airflow/.local/lib/python3.8/site-packages/airflow/example_dags/example_sensor_decorator.py took 0.055 seconds
[2025-02-12T15:57:35.097+0000] {processor.py:157} INFO - Started process (PID=1264) to work on /home/airflow/.local/lib/python3.8/site-packages/airflow/example_dags/example_sensor_decorator.py
[2025-02-12T15:57:35.097+0000] {processor.py:829} INFO - Processing file /home/airflow/.local/lib/python3.8/site-packages/airflow/example_dags/example_sensor_decorator.py for tasks to queue
[2025-02-12T15:57:35.098+0000] {logging_mixin.py:151} INFO - [2025-02-12T15:57:35.098+0000] {dagbag.py:539} INFO - Filling up the DagBag from /home/airflow/.local/lib/python3.8/site-packages/airflow/example_dags/example_sensor_decorator.py
[2025-02-12T15:57:35.102+0000] {processor.py:839} INFO - DAG(s) dict_keys(['example_sensor_decorator']) retrieved from /home/airflow/.local/lib/python3.8/site-packages/airflow/example_dags/example_sensor_decorator.py
[2025-02-12T15:57:35.120+0000] {logging_mixin.py:151} INFO - [2025-02-12T15:57:35.120+0000] {dag.py:2915} INFO - Sync 1 DAGs
[2025-02-12T15:57:35.129+0000] {logging_mixin.py:151} INFO - [2025-02-12T15:57:35.129+0000] {dag.py:3696} INFO - Setting next_dagrun for example_sensor_decorator to None, run_after=None
[2025-02-12T15:57:35.143+0000] {processor.py:179} INFO - Processing /home/airflow/.local/lib/python3.8/site-packages/airflow/example_dags/example_sensor_decorator.py took 0.049 seconds
[2025-02-12T15:59:36.137+0000] {processor.py:157} INFO - Started process (PID=1566) to work on /home/airflow/.local/lib/python3.8/site-packages/airflow/example_dags/example_sensor_decorator.py
[2025-02-12T15:59:36.142+0000] {processor.py:829} INFO - Processing file /home/airflow/.local/lib/python3.8/site-packages/airflow/example_dags/example_sensor_decorator.py for tasks to queue
[2025-02-12T15:59:36.143+0000] {logging_mixin.py:151} INFO - [2025-02-12T15:59:36.143+0000] {dagbag.py:539} INFO - Filling up the DagBag from /home/airflow/.local/lib/python3.8/site-packages/airflow/example_dags/example_sensor_decorator.py
[2025-02-12T15:59:36.158+0000] {processor.py:839} INFO - DAG(s) dict_keys(['example_sensor_decorator']) retrieved from /home/airflow/.local/lib/python3.8/site-packages/airflow/example_dags/example_sensor_decorator.py
[2025-02-12T15:59:36.205+0000] {logging_mixin.py:151} INFO - [2025-02-12T15:59:36.203+0000] {dag.py:2915} INFO - Sync 1 DAGs
[2025-02-12T15:59:36.234+0000] {logging_mixin.py:151} INFO - [2025-02-12T15:59:36.234+0000] {dag.py:3696} INFO - Setting next_dagrun for example_sensor_decorator to None, run_after=None
[2025-02-12T15:59:36.270+0000] {processor.py:179} INFO - Processing /home/airflow/.local/lib/python3.8/site-packages/airflow/example_dags/example_sensor_decorator.py took 0.138 seconds
[2025-02-12T16:00:07.012+0000] {processor.py:157} INFO - Started process (PID=1863) to work on /home/airflow/.local/lib/python3.8/site-packages/airflow/example_dags/example_sensor_decorator.py
[2025-02-12T16:00:07.013+0000] {processor.py:829} INFO - Processing file /home/airflow/.local/lib/python3.8/site-packages/airflow/example_dags/example_sensor_decorator.py for tasks to queue
[2025-02-12T16:00:07.014+0000] {logging_mixin.py:151} INFO - [2025-02-12T16:00:07.013+0000] {dagbag.py:539} INFO - Filling up the DagBag from /home/airflow/.local/lib/python3.8/site-packages/airflow/example_dags/example_sensor_decorator.py
[2025-02-12T16:00:07.020+0000] {processor.py:839} INFO - DAG(s) dict_keys(['example_sensor_decorator']) retrieved from /home/airflow/.local/lib/python3.8/site-packages/airflow/example_dags/example_sensor_decorator.py
[2025-02-12T16:00:07.042+0000] {logging_mixin.py:151} INFO - [2025-02-12T16:00:07.042+0000] {dag.py:2915} INFO - Sync 1 DAGs
[2025-02-12T16:00:07.055+0000] {logging_mixin.py:151} INFO - [2025-02-12T16:00:07.055+0000] {dag.py:3696} INFO - Setting next_dagrun for example_sensor_decorator to None, run_after=None
[2025-02-12T16:00:07.074+0000] {processor.py:179} INFO - Processing /home/airflow/.local/lib/python3.8/site-packages/airflow/example_dags/example_sensor_decorator.py took 0.065 seconds
[2025-02-12T16:01:55.830+0000] {processor.py:157} INFO - Started process (PID=2153) to work on /home/airflow/.local/lib/python3.8/site-packages/airflow/example_dags/example_sensor_decorator.py
[2025-02-12T16:01:55.832+0000] {processor.py:829} INFO - Processing file /home/airflow/.local/lib/python3.8/site-packages/airflow/example_dags/example_sensor_decorator.py for tasks to queue
[2025-02-12T16:01:55.833+0000] {logging_mixin.py:151} INFO - [2025-02-12T16:01:55.833+0000] {dagbag.py:539} INFO - Filling up the DagBag from /home/airflow/.local/lib/python3.8/site-packages/airflow/example_dags/example_sensor_decorator.py
[2025-02-12T16:01:55.844+0000] {processor.py:839} INFO - DAG(s) dict_keys(['example_sensor_decorator']) retrieved from /home/airflow/.local/lib/python3.8/site-packages/airflow/example_dags/example_sensor_decorator.py
[2025-02-12T16:01:55.885+0000] {logging_mixin.py:151} INFO - [2025-02-12T16:01:55.884+0000] {dag.py:2915} INFO - Sync 1 DAGs
[2025-02-12T16:01:55.911+0000] {logging_mixin.py:151} INFO - [2025-02-12T16:01:55.910+0000] {dag.py:3696} INFO - Setting next_dagrun for example_sensor_decorator to None, run_after=None
[2025-02-12T16:01:55.956+0000] {processor.py:179} INFO - Processing /home/airflow/.local/lib/python3.8/site-packages/airflow/example_dags/example_sensor_decorator.py took 0.132 seconds
[2025-02-12T16:02:26.919+0000] {processor.py:157} INFO - Started process (PID=2467) to work on /home/airflow/.local/lib/python3.8/site-packages/airflow/example_dags/example_sensor_decorator.py
[2025-02-12T16:02:26.920+0000] {processor.py:829} INFO - Processing file /home/airflow/.local/lib/python3.8/site-packages/airflow/example_dags/example_sensor_decorator.py for tasks to queue
[2025-02-12T16:02:26.920+0000] {logging_mixin.py:151} INFO - [2025-02-12T16:02:26.920+0000] {dagbag.py:539} INFO - Filling up the DagBag from /home/airflow/.local/lib/python3.8/site-packages/airflow/example_dags/example_sensor_decorator.py
[2025-02-12T16:02:26.926+0000] {processor.py:839} INFO - DAG(s) dict_keys(['example_sensor_decorator']) retrieved from /home/airflow/.local/lib/python3.8/site-packages/airflow/example_dags/example_sensor_decorator.py
[2025-02-12T16:02:26.946+0000] {logging_mixin.py:151} INFO - [2025-02-12T16:02:26.946+0000] {dag.py:2915} INFO - Sync 1 DAGs
[2025-02-12T16:02:26.957+0000] {logging_mixin.py:151} INFO - [2025-02-12T16:02:26.957+0000] {dag.py:3696} INFO - Setting next_dagrun for example_sensor_decorator to None, run_after=None
[2025-02-12T16:02:26.976+0000] {processor.py:179} INFO - Processing /home/airflow/.local/lib/python3.8/site-packages/airflow/example_dags/example_sensor_decorator.py took 0.059 seconds
[2025-02-12T16:03:00.831+0000] {processor.py:157} INFO - Started process (PID=2751) to work on /home/airflow/.local/lib/python3.8/site-packages/airflow/example_dags/example_sensor_decorator.py
[2025-02-12T16:03:00.833+0000] {processor.py:829} INFO - Processing file /home/airflow/.local/lib/python3.8/site-packages/airflow/example_dags/example_sensor_decorator.py for tasks to queue
[2025-02-12T16:03:00.835+0000] {logging_mixin.py:151} INFO - [2025-02-12T16:03:00.834+0000] {dagbag.py:539} INFO - Filling up the DagBag from /home/airflow/.local/lib/python3.8/site-packages/airflow/example_dags/example_sensor_decorator.py
[2025-02-12T16:03:00.845+0000] {processor.py:839} INFO - DAG(s) dict_keys(['example_sensor_decorator']) retrieved from /home/airflow/.local/lib/python3.8/site-packages/airflow/example_dags/example_sensor_decorator.py
[2025-02-12T16:03:00.881+0000] {logging_mixin.py:151} INFO - [2025-02-12T16:03:00.880+0000] {dag.py:2915} INFO - Sync 1 DAGs
[2025-02-12T16:03:00.901+0000] {logging_mixin.py:151} INFO - [2025-02-12T16:03:00.900+0000] {dag.py:3696} INFO - Setting next_dagrun for example_sensor_decorator to None, run_after=None
[2025-02-12T16:03:00.928+0000] {processor.py:179} INFO - Processing /home/airflow/.local/lib/python3.8/site-packages/airflow/example_dags/example_sensor_decorator.py took 0.104 seconds
[2025-02-12T16:03:33.135+0000] {processor.py:157} INFO - Started process (PID=3071) to work on /home/airflow/.local/lib/python3.8/site-packages/airflow/example_dags/example_sensor_decorator.py
[2025-02-12T16:03:33.136+0000] {processor.py:829} INFO - Processing file /home/airflow/.local/lib/python3.8/site-packages/airflow/example_dags/example_sensor_decorator.py for tasks to queue
[2025-02-12T16:03:33.137+0000] {logging_mixin.py:151} INFO - [2025-02-12T16:03:33.136+0000] {dagbag.py:539} INFO - Filling up the DagBag from /home/airflow/.local/lib/python3.8/site-packages/airflow/example_dags/example_sensor_decorator.py
[2025-02-12T16:03:33.141+0000] {processor.py:839} INFO - DAG(s) dict_keys(['example_sensor_decorator']) retrieved from /home/airflow/.local/lib/python3.8/site-packages/airflow/example_dags/example_sensor_decorator.py
[2025-02-12T16:03:33.160+0000] {logging_mixin.py:151} INFO - [2025-02-12T16:03:33.160+0000] {dag.py:2915} INFO - Sync 1 DAGs
[2025-02-12T16:03:33.171+0000] {logging_mixin.py:151} INFO - [2025-02-12T16:03:33.171+0000] {dag.py:3696} INFO - Setting next_dagrun for example_sensor_decorator to None, run_after=None
[2025-02-12T16:03:33.188+0000] {processor.py:179} INFO - Processing /home/airflow/.local/lib/python3.8/site-packages/airflow/example_dags/example_sensor_decorator.py took 0.056 seconds
[2025-02-12T16:04:05.406+0000] {processor.py:157} INFO - Started process (PID=3332) to work on /home/airflow/.local/lib/python3.8/site-packages/airflow/example_dags/example_sensor_decorator.py
[2025-02-12T16:04:05.407+0000] {processor.py:829} INFO - Processing file /home/airflow/.local/lib/python3.8/site-packages/airflow/example_dags/example_sensor_decorator.py for tasks to queue
[2025-02-12T16:04:05.408+0000] {logging_mixin.py:151} INFO - [2025-02-12T16:04:05.407+0000] {dagbag.py:539} INFO - Filling up the DagBag from /home/airflow/.local/lib/python3.8/site-packages/airflow/example_dags/example_sensor_decorator.py
[2025-02-12T16:04:05.413+0000] {processor.py:839} INFO - DAG(s) dict_keys(['example_sensor_decorator']) retrieved from /home/airflow/.local/lib/python3.8/site-packages/airflow/example_dags/example_sensor_decorator.py
[2025-02-12T16:04:05.431+0000] {logging_mixin.py:151} INFO - [2025-02-12T16:04:05.430+0000] {dag.py:2915} INFO - Sync 1 DAGs
[2025-02-12T16:04:05.441+0000] {logging_mixin.py:151} INFO - [2025-02-12T16:04:05.441+0000] {dag.py:3696} INFO - Setting next_dagrun for example_sensor_decorator to None, run_after=None
[2025-02-12T16:04:05.457+0000] {processor.py:179} INFO - Processing /home/airflow/.local/lib/python3.8/site-packages/airflow/example_dags/example_sensor_decorator.py took 0.054 seconds
[2025-02-12T16:04:37.846+0000] {processor.py:157} INFO - Started process (PID=3595) to work on /home/airflow/.local/lib/python3.8/site-packages/airflow/example_dags/example_sensor_decorator.py
[2025-02-12T16:04:37.848+0000] {processor.py:829} INFO - Processing file /home/airflow/.local/lib/python3.8/site-packages/airflow/example_dags/example_sensor_decorator.py for tasks to queue
[2025-02-12T16:04:37.848+0000] {logging_mixin.py:151} INFO - [2025-02-12T16:04:37.848+0000] {dagbag.py:539} INFO - Filling up the DagBag from /home/airflow/.local/lib/python3.8/site-packages/airflow/example_dags/example_sensor_decorator.py
[2025-02-12T16:04:37.853+0000] {processor.py:839} INFO - DAG(s) dict_keys(['example_sensor_decorator']) retrieved from /home/airflow/.local/lib/python3.8/site-packages/airflow/example_dags/example_sensor_decorator.py
[2025-02-12T16:04:37.873+0000] {logging_mixin.py:151} INFO - [2025-02-12T16:04:37.873+0000] {dag.py:2915} INFO - Sync 1 DAGs
[2025-02-12T16:04:37.885+0000] {logging_mixin.py:151} INFO - [2025-02-12T16:04:37.884+0000] {dag.py:3696} INFO - Setting next_dagrun for example_sensor_decorator to None, run_after=None
[2025-02-12T16:04:37.905+0000] {processor.py:179} INFO - Processing /home/airflow/.local/lib/python3.8/site-packages/airflow/example_dags/example_sensor_decorator.py took 0.062 seconds
[2025-02-12T16:05:11.474+0000] {processor.py:157} INFO - Started process (PID=3860) to work on /home/airflow/.local/lib/python3.8/site-packages/airflow/example_dags/example_sensor_decorator.py
[2025-02-12T16:05:11.475+0000] {processor.py:829} INFO - Processing file /home/airflow/.local/lib/python3.8/site-packages/airflow/example_dags/example_sensor_decorator.py for tasks to queue
[2025-02-12T16:05:11.476+0000] {logging_mixin.py:151} INFO - [2025-02-12T16:05:11.475+0000] {dagbag.py:539} INFO - Filling up the DagBag from /home/airflow/.local/lib/python3.8/site-packages/airflow/example_dags/example_sensor_decorator.py
[2025-02-12T16:05:11.480+0000] {processor.py:839} INFO - DAG(s) dict_keys(['example_sensor_decorator']) retrieved from /home/airflow/.local/lib/python3.8/site-packages/airflow/example_dags/example_sensor_decorator.py
[2025-02-12T16:05:11.498+0000] {logging_mixin.py:151} INFO - [2025-02-12T16:05:11.498+0000] {dag.py:2915} INFO - Sync 1 DAGs
[2025-02-12T16:05:11.508+0000] {logging_mixin.py:151} INFO - [2025-02-12T16:05:11.508+0000] {dag.py:3696} INFO - Setting next_dagrun for example_sensor_decorator to None, run_after=None
[2025-02-12T16:05:11.523+0000] {processor.py:179} INFO - Processing /home/airflow/.local/lib/python3.8/site-packages/airflow/example_dags/example_sensor_decorator.py took 0.051 seconds
[2025-02-12T16:05:42.502+0000] {processor.py:157} INFO - Started process (PID=4128) to work on /home/airflow/.local/lib/python3.8/site-packages/airflow/example_dags/example_sensor_decorator.py
[2025-02-12T16:05:42.503+0000] {processor.py:829} INFO - Processing file /home/airflow/.local/lib/python3.8/site-packages/airflow/example_dags/example_sensor_decorator.py for tasks to queue
[2025-02-12T16:05:42.503+0000] {logging_mixin.py:151} INFO - [2025-02-12T16:05:42.503+0000] {dagbag.py:539} INFO - Filling up the DagBag from /home/airflow/.local/lib/python3.8/site-packages/airflow/example_dags/example_sensor_decorator.py
[2025-02-12T16:05:42.508+0000] {processor.py:839} INFO - DAG(s) dict_keys(['example_sensor_decorator']) retrieved from /home/airflow/.local/lib/python3.8/site-packages/airflow/example_dags/example_sensor_decorator.py
[2025-02-12T16:05:42.536+0000] {logging_mixin.py:151} INFO - [2025-02-12T16:05:42.535+0000] {dag.py:2915} INFO - Sync 1 DAGs
[2025-02-12T16:05:42.548+0000] {logging_mixin.py:151} INFO - [2025-02-12T16:05:42.547+0000] {dag.py:3696} INFO - Setting next_dagrun for example_sensor_decorator to None, run_after=None
[2025-02-12T16:05:42.567+0000] {processor.py:179} INFO - Processing /home/airflow/.local/lib/python3.8/site-packages/airflow/example_dags/example_sensor_decorator.py took 0.068 seconds
[2025-02-12T16:06:12.692+0000] {processor.py:157} INFO - Started process (PID=4391) to work on /home/airflow/.local/lib/python3.8/site-packages/airflow/example_dags/example_sensor_decorator.py
[2025-02-12T16:06:12.693+0000] {processor.py:829} INFO - Processing file /home/airflow/.local/lib/python3.8/site-packages/airflow/example_dags/example_sensor_decorator.py for tasks to queue
[2025-02-12T16:06:12.693+0000] {logging_mixin.py:151} INFO - [2025-02-12T16:06:12.693+0000] {dagbag.py:539} INFO - Filling up the DagBag from /home/airflow/.local/lib/python3.8/site-packages/airflow/example_dags/example_sensor_decorator.py
[2025-02-12T16:06:12.698+0000] {processor.py:839} INFO - DAG(s) dict_keys(['example_sensor_decorator']) retrieved from /home/airflow/.local/lib/python3.8/site-packages/airflow/example_dags/example_sensor_decorator.py
[2025-02-12T16:06:12.716+0000] {logging_mixin.py:151} INFO - [2025-02-12T16:06:12.715+0000] {dag.py:2915} INFO - Sync 1 DAGs
[2025-02-12T16:06:12.726+0000] {logging_mixin.py:151} INFO - [2025-02-12T16:06:12.726+0000] {dag.py:3696} INFO - Setting next_dagrun for example_sensor_decorator to None, run_after=None
[2025-02-12T16:06:12.740+0000] {processor.py:179} INFO - Processing /home/airflow/.local/lib/python3.8/site-packages/airflow/example_dags/example_sensor_decorator.py took 0.051 seconds
[2025-02-12T16:06:43.776+0000] {processor.py:157} INFO - Started process (PID=4649) to work on /home/airflow/.local/lib/python3.8/site-packages/airflow/example_dags/example_sensor_decorator.py
[2025-02-12T16:06:43.777+0000] {processor.py:829} INFO - Processing file /home/airflow/.local/lib/python3.8/site-packages/airflow/example_dags/example_sensor_decorator.py for tasks to queue
[2025-02-12T16:06:43.778+0000] {logging_mixin.py:151} INFO - [2025-02-12T16:06:43.778+0000] {dagbag.py:539} INFO - Filling up the DagBag from /home/airflow/.local/lib/python3.8/site-packages/airflow/example_dags/example_sensor_decorator.py
[2025-02-12T16:06:43.788+0000] {processor.py:839} INFO - DAG(s) dict_keys(['example_sensor_decorator']) retrieved from /home/airflow/.local/lib/python3.8/site-packages/airflow/example_dags/example_sensor_decorator.py
[2025-02-12T16:06:43.807+0000] {logging_mixin.py:151} INFO - [2025-02-12T16:06:43.807+0000] {dag.py:2915} INFO - Sync 1 DAGs
[2025-02-12T16:06:43.819+0000] {logging_mixin.py:151} INFO - [2025-02-12T16:06:43.818+0000] {dag.py:3696} INFO - Setting next_dagrun for example_sensor_decorator to None, run_after=None
[2025-02-12T16:06:43.835+0000] {processor.py:179} INFO - Processing /home/airflow/.local/lib/python3.8/site-packages/airflow/example_dags/example_sensor_decorator.py took 0.062 seconds
[2025-02-12T16:07:14.640+0000] {processor.py:157} INFO - Started process (PID=4963) to work on /home/airflow/.local/lib/python3.8/site-packages/airflow/example_dags/example_sensor_decorator.py
[2025-02-12T16:07:14.641+0000] {processor.py:829} INFO - Processing file /home/airflow/.local/lib/python3.8/site-packages/airflow/example_dags/example_sensor_decorator.py for tasks to queue
[2025-02-12T16:07:14.642+0000] {logging_mixin.py:151} INFO - [2025-02-12T16:07:14.642+0000] {dagbag.py:539} INFO - Filling up the DagBag from /home/airflow/.local/lib/python3.8/site-packages/airflow/example_dags/example_sensor_decorator.py
[2025-02-12T16:07:14.648+0000] {processor.py:839} INFO - DAG(s) dict_keys(['example_sensor_decorator']) retrieved from /home/airflow/.local/lib/python3.8/site-packages/airflow/example_dags/example_sensor_decorator.py
[2025-02-12T16:07:14.672+0000] {logging_mixin.py:151} INFO - [2025-02-12T16:07:14.671+0000] {dag.py:2915} INFO - Sync 1 DAGs
[2025-02-12T16:07:14.686+0000] {logging_mixin.py:151} INFO - [2025-02-12T16:07:14.685+0000] {dag.py:3696} INFO - Setting next_dagrun for example_sensor_decorator to None, run_after=None
[2025-02-12T16:07:14.710+0000] {processor.py:179} INFO - Processing /home/airflow/.local/lib/python3.8/site-packages/airflow/example_dags/example_sensor_decorator.py took 0.076 seconds
[2025-02-12T16:07:45.365+0000] {processor.py:157} INFO - Started process (PID=5227) to work on /home/airflow/.local/lib/python3.8/site-packages/airflow/example_dags/example_sensor_decorator.py
[2025-02-12T16:07:45.366+0000] {processor.py:829} INFO - Processing file /home/airflow/.local/lib/python3.8/site-packages/airflow/example_dags/example_sensor_decorator.py for tasks to queue
[2025-02-12T16:07:45.366+0000] {logging_mixin.py:151} INFO - [2025-02-12T16:07:45.366+0000] {dagbag.py:539} INFO - Filling up the DagBag from /home/airflow/.local/lib/python3.8/site-packages/airflow/example_dags/example_sensor_decorator.py
[2025-02-12T16:07:45.371+0000] {processor.py:839} INFO - DAG(s) dict_keys(['example_sensor_decorator']) retrieved from /home/airflow/.local/lib/python3.8/site-packages/airflow/example_dags/example_sensor_decorator.py
[2025-02-12T16:07:45.388+0000] {logging_mixin.py:151} INFO - [2025-02-12T16:07:45.388+0000] {dag.py:2915} INFO - Sync 1 DAGs
[2025-02-12T16:07:45.399+0000] {logging_mixin.py:151} INFO - [2025-02-12T16:07:45.398+0000] {dag.py:3696} INFO - Setting next_dagrun for example_sensor_decorator to None, run_after=None
[2025-02-12T16:07:45.415+0000] {processor.py:179} INFO - Processing /home/airflow/.local/lib/python3.8/site-packages/airflow/example_dags/example_sensor_decorator.py took 0.052 seconds
[2025-02-12T16:08:15.804+0000] {processor.py:157} INFO - Started process (PID=5489) to work on /home/airflow/.local/lib/python3.8/site-packages/airflow/example_dags/example_sensor_decorator.py
[2025-02-12T16:08:15.805+0000] {processor.py:829} INFO - Processing file /home/airflow/.local/lib/python3.8/site-packages/airflow/example_dags/example_sensor_decorator.py for tasks to queue
[2025-02-12T16:08:15.806+0000] {logging_mixin.py:151} INFO - [2025-02-12T16:08:15.806+0000] {dagbag.py:539} INFO - Filling up the DagBag from /home/airflow/.local/lib/python3.8/site-packages/airflow/example_dags/example_sensor_decorator.py
[2025-02-12T16:08:15.811+0000] {processor.py:839} INFO - DAG(s) dict_keys(['example_sensor_decorator']) retrieved from /home/airflow/.local/lib/python3.8/site-packages/airflow/example_dags/example_sensor_decorator.py
[2025-02-12T16:08:15.831+0000] {logging_mixin.py:151} INFO - [2025-02-12T16:08:15.831+0000] {dag.py:2915} INFO - Sync 1 DAGs
[2025-02-12T16:08:15.844+0000] {logging_mixin.py:151} INFO - [2025-02-12T16:08:15.844+0000] {dag.py:3696} INFO - Setting next_dagrun for example_sensor_decorator to None, run_after=None
[2025-02-12T16:08:15.862+0000] {processor.py:179} INFO - Processing /home/airflow/.local/lib/python3.8/site-packages/airflow/example_dags/example_sensor_decorator.py took 0.062 seconds
[2025-02-12T16:08:54.778+0000] {processor.py:157} INFO - Started process (PID=5776) to work on /home/airflow/.local/lib/python3.8/site-packages/airflow/example_dags/example_sensor_decorator.py
[2025-02-12T16:08:54.781+0000] {processor.py:829} INFO - Processing file /home/airflow/.local/lib/python3.8/site-packages/airflow/example_dags/example_sensor_decorator.py for tasks to queue
[2025-02-12T16:08:54.782+0000] {logging_mixin.py:151} INFO - [2025-02-12T16:08:54.782+0000] {dagbag.py:539} INFO - Filling up the DagBag from /home/airflow/.local/lib/python3.8/site-packages/airflow/example_dags/example_sensor_decorator.py
[2025-02-12T16:08:54.793+0000] {processor.py:839} INFO - DAG(s) dict_keys(['example_sensor_decorator']) retrieved from /home/airflow/.local/lib/python3.8/site-packages/airflow/example_dags/example_sensor_decorator.py
[2025-02-12T16:08:54.821+0000] {logging_mixin.py:151} INFO - [2025-02-12T16:08:54.821+0000] {dag.py:2915} INFO - Sync 1 DAGs
[2025-02-12T16:08:54.840+0000] {logging_mixin.py:151} INFO - [2025-02-12T16:08:54.840+0000] {dag.py:3696} INFO - Setting next_dagrun for example_sensor_decorator to None, run_after=None
[2025-02-12T16:08:54.877+0000] {processor.py:179} INFO - Processing /home/airflow/.local/lib/python3.8/site-packages/airflow/example_dags/example_sensor_decorator.py took 0.105 seconds
[2025-02-12T16:10:26.055+0000] {processor.py:157} INFO - Started process (PID=6068) to work on /home/airflow/.local/lib/python3.8/site-packages/airflow/example_dags/example_sensor_decorator.py
[2025-02-12T16:10:26.056+0000] {processor.py:829} INFO - Processing file /home/airflow/.local/lib/python3.8/site-packages/airflow/example_dags/example_sensor_decorator.py for tasks to queue
[2025-02-12T16:10:26.057+0000] {logging_mixin.py:151} INFO - [2025-02-12T16:10:26.057+0000] {dagbag.py:539} INFO - Filling up the DagBag from /home/airflow/.local/lib/python3.8/site-packages/airflow/example_dags/example_sensor_decorator.py
[2025-02-12T16:10:26.068+0000] {processor.py:839} INFO - DAG(s) dict_keys(['example_sensor_decorator']) retrieved from /home/airflow/.local/lib/python3.8/site-packages/airflow/example_dags/example_sensor_decorator.py
[2025-02-12T16:10:26.111+0000] {logging_mixin.py:151} INFO - [2025-02-12T16:10:26.110+0000] {dag.py:2915} INFO - Sync 1 DAGs
[2025-02-12T16:10:26.139+0000] {logging_mixin.py:151} INFO - [2025-02-12T16:10:26.139+0000] {dag.py:3696} INFO - Setting next_dagrun for example_sensor_decorator to None, run_after=None
[2025-02-12T16:10:26.182+0000] {processor.py:179} INFO - Processing /home/airflow/.local/lib/python3.8/site-packages/airflow/example_dags/example_sensor_decorator.py took 0.133 seconds
[2025-02-12T16:10:56.637+0000] {processor.py:157} INFO - Started process (PID=6342) to work on /home/airflow/.local/lib/python3.8/site-packages/airflow/example_dags/example_sensor_decorator.py
[2025-02-12T16:10:56.638+0000] {processor.py:829} INFO - Processing file /home/airflow/.local/lib/python3.8/site-packages/airflow/example_dags/example_sensor_decorator.py for tasks to queue
[2025-02-12T16:10:56.639+0000] {logging_mixin.py:151} INFO - [2025-02-12T16:10:56.639+0000] {dagbag.py:539} INFO - Filling up the DagBag from /home/airflow/.local/lib/python3.8/site-packages/airflow/example_dags/example_sensor_decorator.py
[2025-02-12T16:10:56.645+0000] {processor.py:839} INFO - DAG(s) dict_keys(['example_sensor_decorator']) retrieved from /home/airflow/.local/lib/python3.8/site-packages/airflow/example_dags/example_sensor_decorator.py
[2025-02-12T16:10:56.669+0000] {logging_mixin.py:151} INFO - [2025-02-12T16:10:56.669+0000] {dag.py:2915} INFO - Sync 1 DAGs
[2025-02-12T16:10:56.686+0000] {logging_mixin.py:151} INFO - [2025-02-12T16:10:56.685+0000] {dag.py:3696} INFO - Setting next_dagrun for example_sensor_decorator to None, run_after=None
[2025-02-12T16:10:56.704+0000] {processor.py:179} INFO - Processing /home/airflow/.local/lib/python3.8/site-packages/airflow/example_dags/example_sensor_decorator.py took 0.072 seconds
[2025-02-12T16:11:28.087+0000] {processor.py:157} INFO - Started process (PID=6602) to work on /home/airflow/.local/lib/python3.8/site-packages/airflow/example_dags/example_sensor_decorator.py
[2025-02-12T16:11:28.088+0000] {processor.py:829} INFO - Processing file /home/airflow/.local/lib/python3.8/site-packages/airflow/example_dags/example_sensor_decorator.py for tasks to queue
[2025-02-12T16:11:28.089+0000] {logging_mixin.py:151} INFO - [2025-02-12T16:11:28.088+0000] {dagbag.py:539} INFO - Filling up the DagBag from /home/airflow/.local/lib/python3.8/site-packages/airflow/example_dags/example_sensor_decorator.py
[2025-02-12T16:11:28.093+0000] {processor.py:839} INFO - DAG(s) dict_keys(['example_sensor_decorator']) retrieved from /home/airflow/.local/lib/python3.8/site-packages/airflow/example_dags/example_sensor_decorator.py
[2025-02-12T16:11:28.110+0000] {logging_mixin.py:151} INFO - [2025-02-12T16:11:28.110+0000] {dag.py:2915} INFO - Sync 1 DAGs
[2025-02-12T16:11:28.119+0000] {logging_mixin.py:151} INFO - [2025-02-12T16:11:28.119+0000] {dag.py:3696} INFO - Setting next_dagrun for example_sensor_decorator to None, run_after=None
[2025-02-12T16:11:28.134+0000] {processor.py:179} INFO - Processing /home/airflow/.local/lib/python3.8/site-packages/airflow/example_dags/example_sensor_decorator.py took 0.049 seconds
