[2025-02-12T15:51:05.921+0000] {processor.py:157} INFO - Started process (PID=242) to work on /home/airflow/.local/lib/python3.8/site-packages/airflow/example_dags/example_local_kubernetes_executor.py
[2025-02-12T15:51:05.922+0000] {processor.py:829} INFO - Processing file /home/airflow/.local/lib/python3.8/site-packages/airflow/example_dags/example_local_kubernetes_executor.py for tasks to queue
[2025-02-12T15:51:05.923+0000] {logging_mixin.py:151} INFO - [2025-02-12T15:51:05.922+0000] {dagbag.py:539} INFO - Filling up the DagBag from /home/airflow/.local/lib/python3.8/site-packages/airflow/example_dags/example_local_kubernetes_executor.py
[2025-02-12T15:51:07.512+0000] {processor.py:839} INFO - DAG(s) dict_keys(['example_local_kubernetes_executor']) retrieved from /home/airflow/.local/lib/python3.8/site-packages/airflow/example_dags/example_local_kubernetes_executor.py
[2025-02-12T15:51:07.524+0000] {logging_mixin.py:151} INFO - [2025-02-12T15:51:07.524+0000] {dag.py:2915} INFO - Sync 1 DAGs
[2025-02-12T15:51:07.535+0000] {logging_mixin.py:151} INFO - [2025-02-12T15:51:07.534+0000] {dag.py:3696} INFO - Setting next_dagrun for example_local_kubernetes_executor to None, run_after=None
[2025-02-12T15:51:07.551+0000] {processor.py:179} INFO - Processing /home/airflow/.local/lib/python3.8/site-packages/airflow/example_dags/example_local_kubernetes_executor.py took 1.633 seconds
[2025-02-12T15:51:37.934+0000] {processor.py:157} INFO - Started process (PID=528) to work on /home/airflow/.local/lib/python3.8/site-packages/airflow/example_dags/example_local_kubernetes_executor.py
[2025-02-12T15:51:37.935+0000] {processor.py:829} INFO - Processing file /home/airflow/.local/lib/python3.8/site-packages/airflow/example_dags/example_local_kubernetes_executor.py for tasks to queue
[2025-02-12T15:51:37.936+0000] {logging_mixin.py:151} INFO - [2025-02-12T15:51:37.935+0000] {dagbag.py:539} INFO - Filling up the DagBag from /home/airflow/.local/lib/python3.8/site-packages/airflow/example_dags/example_local_kubernetes_executor.py
[2025-02-12T15:51:38.423+0000] {processor.py:839} INFO - DAG(s) dict_keys(['example_local_kubernetes_executor']) retrieved from /home/airflow/.local/lib/python3.8/site-packages/airflow/example_dags/example_local_kubernetes_executor.py
[2025-02-12T15:51:38.463+0000] {logging_mixin.py:151} INFO - [2025-02-12T15:51:38.463+0000] {dag.py:2915} INFO - Sync 1 DAGs
[2025-02-12T15:51:38.474+0000] {logging_mixin.py:151} INFO - [2025-02-12T15:51:38.474+0000] {dag.py:3696} INFO - Setting next_dagrun for example_local_kubernetes_executor to None, run_after=None
[2025-02-12T15:51:38.490+0000] {processor.py:179} INFO - Processing /home/airflow/.local/lib/python3.8/site-packages/airflow/example_dags/example_local_kubernetes_executor.py took 0.559 seconds
[2025-02-12T15:52:12.421+0000] {processor.py:157} INFO - Started process (PID=757) to work on /home/airflow/.local/lib/python3.8/site-packages/airflow/example_dags/example_local_kubernetes_executor.py
[2025-02-12T15:52:12.422+0000] {processor.py:829} INFO - Processing file /home/airflow/.local/lib/python3.8/site-packages/airflow/example_dags/example_local_kubernetes_executor.py for tasks to queue
[2025-02-12T15:52:12.423+0000] {logging_mixin.py:151} INFO - [2025-02-12T15:52:12.422+0000] {dagbag.py:539} INFO - Filling up the DagBag from /home/airflow/.local/lib/python3.8/site-packages/airflow/example_dags/example_local_kubernetes_executor.py
[2025-02-12T15:52:12.706+0000] {processor.py:839} INFO - DAG(s) dict_keys(['example_local_kubernetes_executor']) retrieved from /home/airflow/.local/lib/python3.8/site-packages/airflow/example_dags/example_local_kubernetes_executor.py
[2025-02-12T15:52:12.750+0000] {logging_mixin.py:151} INFO - [2025-02-12T15:52:12.749+0000] {dag.py:2915} INFO - Sync 1 DAGs
[2025-02-12T15:52:12.763+0000] {logging_mixin.py:151} INFO - [2025-02-12T15:52:12.763+0000] {dag.py:3696} INFO - Setting next_dagrun for example_local_kubernetes_executor to None, run_after=None
[2025-02-12T15:52:12.788+0000] {processor.py:179} INFO - Processing /home/airflow/.local/lib/python3.8/site-packages/airflow/example_dags/example_local_kubernetes_executor.py took 0.370 seconds
[2025-02-12T15:52:43.514+0000] {processor.py:157} INFO - Started process (PID=1020) to work on /home/airflow/.local/lib/python3.8/site-packages/airflow/example_dags/example_local_kubernetes_executor.py
[2025-02-12T15:52:43.516+0000] {processor.py:829} INFO - Processing file /home/airflow/.local/lib/python3.8/site-packages/airflow/example_dags/example_local_kubernetes_executor.py for tasks to queue
[2025-02-12T15:52:43.517+0000] {logging_mixin.py:151} INFO - [2025-02-12T15:52:43.516+0000] {dagbag.py:539} INFO - Filling up the DagBag from /home/airflow/.local/lib/python3.8/site-packages/airflow/example_dags/example_local_kubernetes_executor.py
[2025-02-12T15:52:43.746+0000] {processor.py:839} INFO - DAG(s) dict_keys(['example_local_kubernetes_executor']) retrieved from /home/airflow/.local/lib/python3.8/site-packages/airflow/example_dags/example_local_kubernetes_executor.py
[2025-02-12T15:52:43.777+0000] {logging_mixin.py:151} INFO - [2025-02-12T15:52:43.776+0000] {dag.py:2915} INFO - Sync 1 DAGs
[2025-02-12T15:52:43.788+0000] {logging_mixin.py:151} INFO - [2025-02-12T15:52:43.788+0000] {dag.py:3696} INFO - Setting next_dagrun for example_local_kubernetes_executor to None, run_after=None
[2025-02-12T15:52:43.805+0000] {processor.py:179} INFO - Processing /home/airflow/.local/lib/python3.8/site-packages/airflow/example_dags/example_local_kubernetes_executor.py took 0.293 seconds
[2025-02-12T15:53:14.704+0000] {processor.py:157} INFO - Started process (PID=1290) to work on /home/airflow/.local/lib/python3.8/site-packages/airflow/example_dags/example_local_kubernetes_executor.py
[2025-02-12T15:53:14.705+0000] {processor.py:829} INFO - Processing file /home/airflow/.local/lib/python3.8/site-packages/airflow/example_dags/example_local_kubernetes_executor.py for tasks to queue
[2025-02-12T15:53:14.706+0000] {logging_mixin.py:151} INFO - [2025-02-12T15:53:14.706+0000] {dagbag.py:539} INFO - Filling up the DagBag from /home/airflow/.local/lib/python3.8/site-packages/airflow/example_dags/example_local_kubernetes_executor.py
[2025-02-12T15:53:14.951+0000] {processor.py:839} INFO - DAG(s) dict_keys(['example_local_kubernetes_executor']) retrieved from /home/airflow/.local/lib/python3.8/site-packages/airflow/example_dags/example_local_kubernetes_executor.py
[2025-02-12T15:53:14.991+0000] {logging_mixin.py:151} INFO - [2025-02-12T15:53:14.990+0000] {dag.py:2915} INFO - Sync 1 DAGs
[2025-02-12T15:53:15.004+0000] {logging_mixin.py:151} INFO - [2025-02-12T15:53:15.004+0000] {dag.py:3696} INFO - Setting next_dagrun for example_local_kubernetes_executor to None, run_after=None
[2025-02-12T15:53:15.019+0000] {processor.py:179} INFO - Processing /home/airflow/.local/lib/python3.8/site-packages/airflow/example_dags/example_local_kubernetes_executor.py took 0.318 seconds
[2025-02-12T15:53:45.635+0000] {processor.py:157} INFO - Started process (PID=1551) to work on /home/airflow/.local/lib/python3.8/site-packages/airflow/example_dags/example_local_kubernetes_executor.py
[2025-02-12T15:53:45.636+0000] {processor.py:829} INFO - Processing file /home/airflow/.local/lib/python3.8/site-packages/airflow/example_dags/example_local_kubernetes_executor.py for tasks to queue
[2025-02-12T15:53:45.637+0000] {logging_mixin.py:151} INFO - [2025-02-12T15:53:45.637+0000] {dagbag.py:539} INFO - Filling up the DagBag from /home/airflow/.local/lib/python3.8/site-packages/airflow/example_dags/example_local_kubernetes_executor.py
[2025-02-12T15:53:45.978+0000] {processor.py:839} INFO - DAG(s) dict_keys(['example_local_kubernetes_executor']) retrieved from /home/airflow/.local/lib/python3.8/site-packages/airflow/example_dags/example_local_kubernetes_executor.py
[2025-02-12T15:53:46.008+0000] {logging_mixin.py:151} INFO - [2025-02-12T15:53:46.008+0000] {dag.py:2915} INFO - Sync 1 DAGs
[2025-02-12T15:53:46.021+0000] {logging_mixin.py:151} INFO - [2025-02-12T15:53:46.021+0000] {dag.py:3696} INFO - Setting next_dagrun for example_local_kubernetes_executor to None, run_after=None
[2025-02-12T15:53:46.038+0000] {processor.py:179} INFO - Processing /home/airflow/.local/lib/python3.8/site-packages/airflow/example_dags/example_local_kubernetes_executor.py took 0.405 seconds
[2025-02-12T15:55:29.844+0000] {processor.py:157} INFO - Started process (PID=235) to work on /home/airflow/.local/lib/python3.8/site-packages/airflow/example_dags/example_local_kubernetes_executor.py
[2025-02-12T15:55:29.845+0000] {processor.py:829} INFO - Processing file /home/airflow/.local/lib/python3.8/site-packages/airflow/example_dags/example_local_kubernetes_executor.py for tasks to queue
[2025-02-12T15:55:29.846+0000] {logging_mixin.py:151} INFO - [2025-02-12T15:55:29.845+0000] {dagbag.py:539} INFO - Filling up the DagBag from /home/airflow/.local/lib/python3.8/site-packages/airflow/example_dags/example_local_kubernetes_executor.py
[2025-02-12T15:55:30.428+0000] {processor.py:839} INFO - DAG(s) dict_keys(['example_local_kubernetes_executor']) retrieved from /home/airflow/.local/lib/python3.8/site-packages/airflow/example_dags/example_local_kubernetes_executor.py
[2025-02-12T15:55:30.468+0000] {logging_mixin.py:151} INFO - [2025-02-12T15:55:30.468+0000] {dag.py:2915} INFO - Sync 1 DAGs
[2025-02-12T15:55:30.481+0000] {logging_mixin.py:151} INFO - [2025-02-12T15:55:30.480+0000] {dag.py:3696} INFO - Setting next_dagrun for example_local_kubernetes_executor to None, run_after=None
[2025-02-12T15:55:30.496+0000] {processor.py:179} INFO - Processing /home/airflow/.local/lib/python3.8/site-packages/airflow/example_dags/example_local_kubernetes_executor.py took 0.655 seconds
[2025-02-12T15:56:02.695+0000] {processor.py:157} INFO - Started process (PID=496) to work on /home/airflow/.local/lib/python3.8/site-packages/airflow/example_dags/example_local_kubernetes_executor.py
[2025-02-12T15:56:02.696+0000] {processor.py:829} INFO - Processing file /home/airflow/.local/lib/python3.8/site-packages/airflow/example_dags/example_local_kubernetes_executor.py for tasks to queue
[2025-02-12T15:56:02.697+0000] {logging_mixin.py:151} INFO - [2025-02-12T15:56:02.696+0000] {dagbag.py:539} INFO - Filling up the DagBag from /home/airflow/.local/lib/python3.8/site-packages/airflow/example_dags/example_local_kubernetes_executor.py
[2025-02-12T15:56:02.920+0000] {processor.py:839} INFO - DAG(s) dict_keys(['example_local_kubernetes_executor']) retrieved from /home/airflow/.local/lib/python3.8/site-packages/airflow/example_dags/example_local_kubernetes_executor.py
[2025-02-12T15:56:02.952+0000] {logging_mixin.py:151} INFO - [2025-02-12T15:56:02.951+0000] {dag.py:2915} INFO - Sync 1 DAGs
[2025-02-12T15:56:02.964+0000] {logging_mixin.py:151} INFO - [2025-02-12T15:56:02.964+0000] {dag.py:3696} INFO - Setting next_dagrun for example_local_kubernetes_executor to None, run_after=None
[2025-02-12T15:56:02.983+0000] {processor.py:179} INFO - Processing /home/airflow/.local/lib/python3.8/site-packages/airflow/example_dags/example_local_kubernetes_executor.py took 0.291 seconds
[2025-02-12T15:56:33.435+0000] {processor.py:157} INFO - Started process (PID=759) to work on /home/airflow/.local/lib/python3.8/site-packages/airflow/example_dags/example_local_kubernetes_executor.py
[2025-02-12T15:56:33.436+0000] {processor.py:829} INFO - Processing file /home/airflow/.local/lib/python3.8/site-packages/airflow/example_dags/example_local_kubernetes_executor.py for tasks to queue
[2025-02-12T15:56:33.437+0000] {logging_mixin.py:151} INFO - [2025-02-12T15:56:33.437+0000] {dagbag.py:539} INFO - Filling up the DagBag from /home/airflow/.local/lib/python3.8/site-packages/airflow/example_dags/example_local_kubernetes_executor.py
[2025-02-12T15:56:33.649+0000] {processor.py:839} INFO - DAG(s) dict_keys(['example_local_kubernetes_executor']) retrieved from /home/airflow/.local/lib/python3.8/site-packages/airflow/example_dags/example_local_kubernetes_executor.py
[2025-02-12T15:56:33.680+0000] {logging_mixin.py:151} INFO - [2025-02-12T15:56:33.679+0000] {dag.py:2915} INFO - Sync 1 DAGs
[2025-02-12T15:56:33.691+0000] {logging_mixin.py:151} INFO - [2025-02-12T15:56:33.691+0000] {dag.py:3696} INFO - Setting next_dagrun for example_local_kubernetes_executor to None, run_after=None
[2025-02-12T15:56:33.706+0000] {processor.py:179} INFO - Processing /home/airflow/.local/lib/python3.8/site-packages/airflow/example_dags/example_local_kubernetes_executor.py took 0.274 seconds
[2025-02-12T15:57:04.161+0000] {processor.py:157} INFO - Started process (PID=1020) to work on /home/airflow/.local/lib/python3.8/site-packages/airflow/example_dags/example_local_kubernetes_executor.py
[2025-02-12T15:57:04.162+0000] {processor.py:829} INFO - Processing file /home/airflow/.local/lib/python3.8/site-packages/airflow/example_dags/example_local_kubernetes_executor.py for tasks to queue
[2025-02-12T15:57:04.163+0000] {logging_mixin.py:151} INFO - [2025-02-12T15:57:04.163+0000] {dagbag.py:539} INFO - Filling up the DagBag from /home/airflow/.local/lib/python3.8/site-packages/airflow/example_dags/example_local_kubernetes_executor.py
[2025-02-12T15:57:04.385+0000] {processor.py:839} INFO - DAG(s) dict_keys(['example_local_kubernetes_executor']) retrieved from /home/airflow/.local/lib/python3.8/site-packages/airflow/example_dags/example_local_kubernetes_executor.py
[2025-02-12T15:57:04.416+0000] {logging_mixin.py:151} INFO - [2025-02-12T15:57:04.416+0000] {dag.py:2915} INFO - Sync 1 DAGs
[2025-02-12T15:57:04.427+0000] {logging_mixin.py:151} INFO - [2025-02-12T15:57:04.427+0000] {dag.py:3696} INFO - Setting next_dagrun for example_local_kubernetes_executor to None, run_after=None
[2025-02-12T15:57:04.449+0000] {processor.py:179} INFO - Processing /home/airflow/.local/lib/python3.8/site-packages/airflow/example_dags/example_local_kubernetes_executor.py took 0.291 seconds
[2025-02-12T15:57:35.246+0000] {processor.py:157} INFO - Started process (PID=1279) to work on /home/airflow/.local/lib/python3.8/site-packages/airflow/example_dags/example_local_kubernetes_executor.py
[2025-02-12T15:57:35.247+0000] {processor.py:829} INFO - Processing file /home/airflow/.local/lib/python3.8/site-packages/airflow/example_dags/example_local_kubernetes_executor.py for tasks to queue
[2025-02-12T15:57:35.247+0000] {logging_mixin.py:151} INFO - [2025-02-12T15:57:35.247+0000] {dagbag.py:539} INFO - Filling up the DagBag from /home/airflow/.local/lib/python3.8/site-packages/airflow/example_dags/example_local_kubernetes_executor.py
[2025-02-12T15:57:35.443+0000] {processor.py:839} INFO - DAG(s) dict_keys(['example_local_kubernetes_executor']) retrieved from /home/airflow/.local/lib/python3.8/site-packages/airflow/example_dags/example_local_kubernetes_executor.py
[2025-02-12T15:57:35.471+0000] {logging_mixin.py:151} INFO - [2025-02-12T15:57:35.471+0000] {dag.py:2915} INFO - Sync 1 DAGs
[2025-02-12T15:57:35.481+0000] {logging_mixin.py:151} INFO - [2025-02-12T15:57:35.481+0000] {dag.py:3696} INFO - Setting next_dagrun for example_local_kubernetes_executor to None, run_after=None
[2025-02-12T15:57:35.497+0000] {processor.py:179} INFO - Processing /home/airflow/.local/lib/python3.8/site-packages/airflow/example_dags/example_local_kubernetes_executor.py took 0.253 seconds
[2025-02-12T15:59:36.375+0000] {processor.py:157} INFO - Started process (PID=1584) to work on /home/airflow/.local/lib/python3.8/site-packages/airflow/example_dags/example_local_kubernetes_executor.py
[2025-02-12T15:59:36.378+0000] {processor.py:829} INFO - Processing file /home/airflow/.local/lib/python3.8/site-packages/airflow/example_dags/example_local_kubernetes_executor.py for tasks to queue
[2025-02-12T15:59:36.379+0000] {logging_mixin.py:151} INFO - [2025-02-12T15:59:36.379+0000] {dagbag.py:539} INFO - Filling up the DagBag from /home/airflow/.local/lib/python3.8/site-packages/airflow/example_dags/example_local_kubernetes_executor.py
[2025-02-12T15:59:36.802+0000] {processor.py:839} INFO - DAG(s) dict_keys(['example_local_kubernetes_executor']) retrieved from /home/airflow/.local/lib/python3.8/site-packages/airflow/example_dags/example_local_kubernetes_executor.py
[2025-02-12T15:59:36.868+0000] {logging_mixin.py:151} INFO - [2025-02-12T15:59:36.866+0000] {dag.py:2915} INFO - Sync 1 DAGs
[2025-02-12T15:59:36.885+0000] {logging_mixin.py:151} INFO - [2025-02-12T15:59:36.884+0000] {dag.py:3696} INFO - Setting next_dagrun for example_local_kubernetes_executor to None, run_after=None
[2025-02-12T15:59:36.914+0000] {processor.py:179} INFO - Processing /home/airflow/.local/lib/python3.8/site-packages/airflow/example_dags/example_local_kubernetes_executor.py took 0.545 seconds
[2025-02-12T16:00:07.253+0000] {processor.py:157} INFO - Started process (PID=1883) to work on /home/airflow/.local/lib/python3.8/site-packages/airflow/example_dags/example_local_kubernetes_executor.py
[2025-02-12T16:00:07.254+0000] {processor.py:829} INFO - Processing file /home/airflow/.local/lib/python3.8/site-packages/airflow/example_dags/example_local_kubernetes_executor.py for tasks to queue
[2025-02-12T16:00:07.255+0000] {logging_mixin.py:151} INFO - [2025-02-12T16:00:07.255+0000] {dagbag.py:539} INFO - Filling up the DagBag from /home/airflow/.local/lib/python3.8/site-packages/airflow/example_dags/example_local_kubernetes_executor.py
[2025-02-12T16:00:07.497+0000] {processor.py:839} INFO - DAG(s) dict_keys(['example_local_kubernetes_executor']) retrieved from /home/airflow/.local/lib/python3.8/site-packages/airflow/example_dags/example_local_kubernetes_executor.py
[2025-02-12T16:00:07.544+0000] {logging_mixin.py:151} INFO - [2025-02-12T16:00:07.543+0000] {dag.py:2915} INFO - Sync 1 DAGs
[2025-02-12T16:00:07.554+0000] {logging_mixin.py:151} INFO - [2025-02-12T16:00:07.554+0000] {dag.py:3696} INFO - Setting next_dagrun for example_local_kubernetes_executor to None, run_after=None
[2025-02-12T16:00:07.571+0000] {processor.py:179} INFO - Processing /home/airflow/.local/lib/python3.8/site-packages/airflow/example_dags/example_local_kubernetes_executor.py took 0.321 seconds
[2025-02-12T16:01:56.045+0000] {processor.py:157} INFO - Started process (PID=2166) to work on /home/airflow/.local/lib/python3.8/site-packages/airflow/example_dags/example_local_kubernetes_executor.py
[2025-02-12T16:01:56.049+0000] {processor.py:829} INFO - Processing file /home/airflow/.local/lib/python3.8/site-packages/airflow/example_dags/example_local_kubernetes_executor.py for tasks to queue
[2025-02-12T16:01:56.052+0000] {logging_mixin.py:151} INFO - [2025-02-12T16:01:56.051+0000] {dagbag.py:539} INFO - Filling up the DagBag from /home/airflow/.local/lib/python3.8/site-packages/airflow/example_dags/example_local_kubernetes_executor.py
[2025-02-12T16:01:56.506+0000] {processor.py:839} INFO - DAG(s) dict_keys(['example_local_kubernetes_executor']) retrieved from /home/airflow/.local/lib/python3.8/site-packages/airflow/example_dags/example_local_kubernetes_executor.py
[2025-02-12T16:01:56.565+0000] {logging_mixin.py:151} INFO - [2025-02-12T16:01:56.564+0000] {dag.py:2915} INFO - Sync 1 DAGs
[2025-02-12T16:01:56.579+0000] {logging_mixin.py:151} INFO - [2025-02-12T16:01:56.578+0000] {dag.py:3696} INFO - Setting next_dagrun for example_local_kubernetes_executor to None, run_after=None
[2025-02-12T16:01:56.608+0000] {processor.py:179} INFO - Processing /home/airflow/.local/lib/python3.8/site-packages/airflow/example_dags/example_local_kubernetes_executor.py took 0.570 seconds
[2025-02-12T16:02:27.092+0000] {processor.py:157} INFO - Started process (PID=2482) to work on /home/airflow/.local/lib/python3.8/site-packages/airflow/example_dags/example_local_kubernetes_executor.py
[2025-02-12T16:02:27.093+0000] {processor.py:829} INFO - Processing file /home/airflow/.local/lib/python3.8/site-packages/airflow/example_dags/example_local_kubernetes_executor.py for tasks to queue
[2025-02-12T16:02:27.094+0000] {logging_mixin.py:151} INFO - [2025-02-12T16:02:27.093+0000] {dagbag.py:539} INFO - Filling up the DagBag from /home/airflow/.local/lib/python3.8/site-packages/airflow/example_dags/example_local_kubernetes_executor.py
[2025-02-12T16:02:27.340+0000] {processor.py:839} INFO - DAG(s) dict_keys(['example_local_kubernetes_executor']) retrieved from /home/airflow/.local/lib/python3.8/site-packages/airflow/example_dags/example_local_kubernetes_executor.py
[2025-02-12T16:02:27.370+0000] {logging_mixin.py:151} INFO - [2025-02-12T16:02:27.370+0000] {dag.py:2915} INFO - Sync 1 DAGs
[2025-02-12T16:02:27.382+0000] {logging_mixin.py:151} INFO - [2025-02-12T16:02:27.381+0000] {dag.py:3696} INFO - Setting next_dagrun for example_local_kubernetes_executor to None, run_after=None
[2025-02-12T16:02:27.399+0000] {processor.py:179} INFO - Processing /home/airflow/.local/lib/python3.8/site-packages/airflow/example_dags/example_local_kubernetes_executor.py took 0.309 seconds
[2025-02-12T16:03:01.157+0000] {processor.py:157} INFO - Started process (PID=2776) to work on /home/airflow/.local/lib/python3.8/site-packages/airflow/example_dags/example_local_kubernetes_executor.py
[2025-02-12T16:03:01.159+0000] {processor.py:829} INFO - Processing file /home/airflow/.local/lib/python3.8/site-packages/airflow/example_dags/example_local_kubernetes_executor.py for tasks to queue
[2025-02-12T16:03:01.160+0000] {logging_mixin.py:151} INFO - [2025-02-12T16:03:01.159+0000] {dagbag.py:539} INFO - Filling up the DagBag from /home/airflow/.local/lib/python3.8/site-packages/airflow/example_dags/example_local_kubernetes_executor.py
[2025-02-12T16:03:01.590+0000] {processor.py:839} INFO - DAG(s) dict_keys(['example_local_kubernetes_executor']) retrieved from /home/airflow/.local/lib/python3.8/site-packages/airflow/example_dags/example_local_kubernetes_executor.py
[2025-02-12T16:03:01.657+0000] {logging_mixin.py:151} INFO - [2025-02-12T16:03:01.656+0000] {dag.py:2915} INFO - Sync 1 DAGs
[2025-02-12T16:03:01.674+0000] {logging_mixin.py:151} INFO - [2025-02-12T16:03:01.674+0000] {dag.py:3696} INFO - Setting next_dagrun for example_local_kubernetes_executor to None, run_after=None
[2025-02-12T16:03:01.703+0000] {processor.py:179} INFO - Processing /home/airflow/.local/lib/python3.8/site-packages/airflow/example_dags/example_local_kubernetes_executor.py took 0.550 seconds
[2025-02-12T16:03:33.294+0000] {processor.py:157} INFO - Started process (PID=3086) to work on /home/airflow/.local/lib/python3.8/site-packages/airflow/example_dags/example_local_kubernetes_executor.py
[2025-02-12T16:03:33.295+0000] {processor.py:829} INFO - Processing file /home/airflow/.local/lib/python3.8/site-packages/airflow/example_dags/example_local_kubernetes_executor.py for tasks to queue
[2025-02-12T16:03:33.296+0000] {logging_mixin.py:151} INFO - [2025-02-12T16:03:33.296+0000] {dagbag.py:539} INFO - Filling up the DagBag from /home/airflow/.local/lib/python3.8/site-packages/airflow/example_dags/example_local_kubernetes_executor.py
[2025-02-12T16:03:33.513+0000] {processor.py:839} INFO - DAG(s) dict_keys(['example_local_kubernetes_executor']) retrieved from /home/airflow/.local/lib/python3.8/site-packages/airflow/example_dags/example_local_kubernetes_executor.py
[2025-02-12T16:03:33.543+0000] {logging_mixin.py:151} INFO - [2025-02-12T16:03:33.542+0000] {dag.py:2915} INFO - Sync 1 DAGs
[2025-02-12T16:03:33.555+0000] {logging_mixin.py:151} INFO - [2025-02-12T16:03:33.555+0000] {dag.py:3696} INFO - Setting next_dagrun for example_local_kubernetes_executor to None, run_after=None
[2025-02-12T16:03:33.574+0000] {processor.py:179} INFO - Processing /home/airflow/.local/lib/python3.8/site-packages/airflow/example_dags/example_local_kubernetes_executor.py took 0.283 seconds
[2025-02-12T16:04:05.559+0000] {processor.py:157} INFO - Started process (PID=3347) to work on /home/airflow/.local/lib/python3.8/site-packages/airflow/example_dags/example_local_kubernetes_executor.py
[2025-02-12T16:04:05.559+0000] {processor.py:829} INFO - Processing file /home/airflow/.local/lib/python3.8/site-packages/airflow/example_dags/example_local_kubernetes_executor.py for tasks to queue
[2025-02-12T16:04:05.560+0000] {logging_mixin.py:151} INFO - [2025-02-12T16:04:05.560+0000] {dagbag.py:539} INFO - Filling up the DagBag from /home/airflow/.local/lib/python3.8/site-packages/airflow/example_dags/example_local_kubernetes_executor.py
[2025-02-12T16:04:05.784+0000] {processor.py:839} INFO - DAG(s) dict_keys(['example_local_kubernetes_executor']) retrieved from /home/airflow/.local/lib/python3.8/site-packages/airflow/example_dags/example_local_kubernetes_executor.py
[2025-02-12T16:04:05.814+0000] {logging_mixin.py:151} INFO - [2025-02-12T16:04:05.814+0000] {dag.py:2915} INFO - Sync 1 DAGs
[2025-02-12T16:04:05.825+0000] {logging_mixin.py:151} INFO - [2025-02-12T16:04:05.825+0000] {dag.py:3696} INFO - Setting next_dagrun for example_local_kubernetes_executor to None, run_after=None
[2025-02-12T16:04:05.844+0000] {processor.py:179} INFO - Processing /home/airflow/.local/lib/python3.8/site-packages/airflow/example_dags/example_local_kubernetes_executor.py took 0.289 seconds
[2025-02-12T16:04:38.000+0000] {processor.py:157} INFO - Started process (PID=3610) to work on /home/airflow/.local/lib/python3.8/site-packages/airflow/example_dags/example_local_kubernetes_executor.py
[2025-02-12T16:04:38.001+0000] {processor.py:829} INFO - Processing file /home/airflow/.local/lib/python3.8/site-packages/airflow/example_dags/example_local_kubernetes_executor.py for tasks to queue
[2025-02-12T16:04:38.002+0000] {logging_mixin.py:151} INFO - [2025-02-12T16:04:38.001+0000] {dagbag.py:539} INFO - Filling up the DagBag from /home/airflow/.local/lib/python3.8/site-packages/airflow/example_dags/example_local_kubernetes_executor.py
[2025-02-12T16:04:38.296+0000] {processor.py:839} INFO - DAG(s) dict_keys(['example_local_kubernetes_executor']) retrieved from /home/airflow/.local/lib/python3.8/site-packages/airflow/example_dags/example_local_kubernetes_executor.py
[2025-02-12T16:04:38.335+0000] {logging_mixin.py:151} INFO - [2025-02-12T16:04:38.334+0000] {dag.py:2915} INFO - Sync 1 DAGs
[2025-02-12T16:04:38.357+0000] {logging_mixin.py:151} INFO - [2025-02-12T16:04:38.356+0000] {dag.py:3696} INFO - Setting next_dagrun for example_local_kubernetes_executor to None, run_after=None
[2025-02-12T16:04:38.381+0000] {processor.py:179} INFO - Processing /home/airflow/.local/lib/python3.8/site-packages/airflow/example_dags/example_local_kubernetes_executor.py took 0.383 seconds
[2025-02-12T16:05:11.621+0000] {processor.py:157} INFO - Started process (PID=3875) to work on /home/airflow/.local/lib/python3.8/site-packages/airflow/example_dags/example_local_kubernetes_executor.py
[2025-02-12T16:05:11.622+0000] {processor.py:829} INFO - Processing file /home/airflow/.local/lib/python3.8/site-packages/airflow/example_dags/example_local_kubernetes_executor.py for tasks to queue
[2025-02-12T16:05:11.622+0000] {logging_mixin.py:151} INFO - [2025-02-12T16:05:11.622+0000] {dagbag.py:539} INFO - Filling up the DagBag from /home/airflow/.local/lib/python3.8/site-packages/airflow/example_dags/example_local_kubernetes_executor.py
[2025-02-12T16:05:11.818+0000] {processor.py:839} INFO - DAG(s) dict_keys(['example_local_kubernetes_executor']) retrieved from /home/airflow/.local/lib/python3.8/site-packages/airflow/example_dags/example_local_kubernetes_executor.py
[2025-02-12T16:05:11.846+0000] {logging_mixin.py:151} INFO - [2025-02-12T16:05:11.845+0000] {dag.py:2915} INFO - Sync 1 DAGs
[2025-02-12T16:05:11.855+0000] {logging_mixin.py:151} INFO - [2025-02-12T16:05:11.855+0000] {dag.py:3696} INFO - Setting next_dagrun for example_local_kubernetes_executor to None, run_after=None
[2025-02-12T16:05:11.870+0000] {processor.py:179} INFO - Processing /home/airflow/.local/lib/python3.8/site-packages/airflow/example_dags/example_local_kubernetes_executor.py took 0.251 seconds
[2025-02-12T16:05:42.771+0000] {processor.py:157} INFO - Started process (PID=4145) to work on /home/airflow/.local/lib/python3.8/site-packages/airflow/example_dags/example_local_kubernetes_executor.py
[2025-02-12T16:05:42.772+0000] {processor.py:829} INFO - Processing file /home/airflow/.local/lib/python3.8/site-packages/airflow/example_dags/example_local_kubernetes_executor.py for tasks to queue
[2025-02-12T16:05:42.773+0000] {logging_mixin.py:151} INFO - [2025-02-12T16:05:42.773+0000] {dagbag.py:539} INFO - Filling up the DagBag from /home/airflow/.local/lib/python3.8/site-packages/airflow/example_dags/example_local_kubernetes_executor.py
[2025-02-12T16:05:43.029+0000] {processor.py:839} INFO - DAG(s) dict_keys(['example_local_kubernetes_executor']) retrieved from /home/airflow/.local/lib/python3.8/site-packages/airflow/example_dags/example_local_kubernetes_executor.py
[2025-02-12T16:05:43.061+0000] {logging_mixin.py:151} INFO - [2025-02-12T16:05:43.060+0000] {dag.py:2915} INFO - Sync 1 DAGs
[2025-02-12T16:05:43.074+0000] {logging_mixin.py:151} INFO - [2025-02-12T16:05:43.074+0000] {dag.py:3696} INFO - Setting next_dagrun for example_local_kubernetes_executor to None, run_after=None
[2025-02-12T16:05:43.093+0000] {processor.py:179} INFO - Processing /home/airflow/.local/lib/python3.8/site-packages/airflow/example_dags/example_local_kubernetes_executor.py took 0.333 seconds
[2025-02-12T16:06:13.159+0000] {processor.py:157} INFO - Started process (PID=4427) to work on /home/airflow/.local/lib/python3.8/site-packages/airflow/example_dags/example_local_kubernetes_executor.py
[2025-02-12T16:06:13.160+0000] {processor.py:829} INFO - Processing file /home/airflow/.local/lib/python3.8/site-packages/airflow/example_dags/example_local_kubernetes_executor.py for tasks to queue
[2025-02-12T16:06:13.160+0000] {logging_mixin.py:151} INFO - [2025-02-12T16:06:13.160+0000] {dagbag.py:539} INFO - Filling up the DagBag from /home/airflow/.local/lib/python3.8/site-packages/airflow/example_dags/example_local_kubernetes_executor.py
[2025-02-12T16:06:13.368+0000] {processor.py:839} INFO - DAG(s) dict_keys(['example_local_kubernetes_executor']) retrieved from /home/airflow/.local/lib/python3.8/site-packages/airflow/example_dags/example_local_kubernetes_executor.py
[2025-02-12T16:06:13.396+0000] {logging_mixin.py:151} INFO - [2025-02-12T16:06:13.395+0000] {dag.py:2915} INFO - Sync 1 DAGs
[2025-02-12T16:06:13.406+0000] {logging_mixin.py:151} INFO - [2025-02-12T16:06:13.406+0000] {dag.py:3696} INFO - Setting next_dagrun for example_local_kubernetes_executor to None, run_after=None
[2025-02-12T16:06:13.424+0000] {processor.py:179} INFO - Processing /home/airflow/.local/lib/python3.8/site-packages/airflow/example_dags/example_local_kubernetes_executor.py took 0.269 seconds
[2025-02-12T16:06:43.941+0000] {processor.py:157} INFO - Started process (PID=4664) to work on /home/airflow/.local/lib/python3.8/site-packages/airflow/example_dags/example_local_kubernetes_executor.py
[2025-02-12T16:06:43.942+0000] {processor.py:829} INFO - Processing file /home/airflow/.local/lib/python3.8/site-packages/airflow/example_dags/example_local_kubernetes_executor.py for tasks to queue
[2025-02-12T16:06:43.943+0000] {logging_mixin.py:151} INFO - [2025-02-12T16:06:43.943+0000] {dagbag.py:539} INFO - Filling up the DagBag from /home/airflow/.local/lib/python3.8/site-packages/airflow/example_dags/example_local_kubernetes_executor.py
[2025-02-12T16:06:44.153+0000] {processor.py:839} INFO - DAG(s) dict_keys(['example_local_kubernetes_executor']) retrieved from /home/airflow/.local/lib/python3.8/site-packages/airflow/example_dags/example_local_kubernetes_executor.py
[2025-02-12T16:06:44.183+0000] {logging_mixin.py:151} INFO - [2025-02-12T16:06:44.183+0000] {dag.py:2915} INFO - Sync 1 DAGs
[2025-02-12T16:06:44.195+0000] {logging_mixin.py:151} INFO - [2025-02-12T16:06:44.194+0000] {dag.py:3696} INFO - Setting next_dagrun for example_local_kubernetes_executor to None, run_after=None
[2025-02-12T16:06:44.211+0000] {processor.py:179} INFO - Processing /home/airflow/.local/lib/python3.8/site-packages/airflow/example_dags/example_local_kubernetes_executor.py took 0.272 seconds
[2025-02-12T16:07:14.839+0000] {processor.py:157} INFO - Started process (PID=4978) to work on /home/airflow/.local/lib/python3.8/site-packages/airflow/example_dags/example_local_kubernetes_executor.py
[2025-02-12T16:07:14.840+0000] {processor.py:829} INFO - Processing file /home/airflow/.local/lib/python3.8/site-packages/airflow/example_dags/example_local_kubernetes_executor.py for tasks to queue
[2025-02-12T16:07:14.841+0000] {logging_mixin.py:151} INFO - [2025-02-12T16:07:14.841+0000] {dagbag.py:539} INFO - Filling up the DagBag from /home/airflow/.local/lib/python3.8/site-packages/airflow/example_dags/example_local_kubernetes_executor.py
[2025-02-12T16:07:15.076+0000] {processor.py:839} INFO - DAG(s) dict_keys(['example_local_kubernetes_executor']) retrieved from /home/airflow/.local/lib/python3.8/site-packages/airflow/example_dags/example_local_kubernetes_executor.py
[2025-02-12T16:07:15.107+0000] {logging_mixin.py:151} INFO - [2025-02-12T16:07:15.106+0000] {dag.py:2915} INFO - Sync 1 DAGs
[2025-02-12T16:07:15.121+0000] {logging_mixin.py:151} INFO - [2025-02-12T16:07:15.120+0000] {dag.py:3696} INFO - Setting next_dagrun for example_local_kubernetes_executor to None, run_after=None
[2025-02-12T16:07:15.142+0000] {processor.py:179} INFO - Processing /home/airflow/.local/lib/python3.8/site-packages/airflow/example_dags/example_local_kubernetes_executor.py took 0.306 seconds
[2025-02-12T16:07:45.708+0000] {processor.py:157} INFO - Started process (PID=5254) to work on /home/airflow/.local/lib/python3.8/site-packages/airflow/example_dags/example_local_kubernetes_executor.py
[2025-02-12T16:07:45.709+0000] {processor.py:829} INFO - Processing file /home/airflow/.local/lib/python3.8/site-packages/airflow/example_dags/example_local_kubernetes_executor.py for tasks to queue
[2025-02-12T16:07:45.710+0000] {logging_mixin.py:151} INFO - [2025-02-12T16:07:45.709+0000] {dagbag.py:539} INFO - Filling up the DagBag from /home/airflow/.local/lib/python3.8/site-packages/airflow/example_dags/example_local_kubernetes_executor.py
[2025-02-12T16:07:45.937+0000] {processor.py:839} INFO - DAG(s) dict_keys(['example_local_kubernetes_executor']) retrieved from /home/airflow/.local/lib/python3.8/site-packages/airflow/example_dags/example_local_kubernetes_executor.py
[2025-02-12T16:07:45.968+0000] {logging_mixin.py:151} INFO - [2025-02-12T16:07:45.967+0000] {dag.py:2915} INFO - Sync 1 DAGs
[2025-02-12T16:07:45.979+0000] {logging_mixin.py:151} INFO - [2025-02-12T16:07:45.979+0000] {dag.py:3696} INFO - Setting next_dagrun for example_local_kubernetes_executor to None, run_after=None
[2025-02-12T16:07:45.999+0000] {processor.py:179} INFO - Processing /home/airflow/.local/lib/python3.8/site-packages/airflow/example_dags/example_local_kubernetes_executor.py took 0.293 seconds
[2025-02-12T16:08:16.238+0000] {processor.py:157} INFO - Started process (PID=5525) to work on /home/airflow/.local/lib/python3.8/site-packages/airflow/example_dags/example_local_kubernetes_executor.py
[2025-02-12T16:08:16.240+0000] {processor.py:829} INFO - Processing file /home/airflow/.local/lib/python3.8/site-packages/airflow/example_dags/example_local_kubernetes_executor.py for tasks to queue
[2025-02-12T16:08:16.240+0000] {logging_mixin.py:151} INFO - [2025-02-12T16:08:16.240+0000] {dagbag.py:539} INFO - Filling up the DagBag from /home/airflow/.local/lib/python3.8/site-packages/airflow/example_dags/example_local_kubernetes_executor.py
[2025-02-12T16:08:16.470+0000] {processor.py:839} INFO - DAG(s) dict_keys(['example_local_kubernetes_executor']) retrieved from /home/airflow/.local/lib/python3.8/site-packages/airflow/example_dags/example_local_kubernetes_executor.py
[2025-02-12T16:08:16.507+0000] {logging_mixin.py:151} INFO - [2025-02-12T16:08:16.506+0000] {dag.py:2915} INFO - Sync 1 DAGs
[2025-02-12T16:08:16.519+0000] {logging_mixin.py:151} INFO - [2025-02-12T16:08:16.519+0000] {dag.py:3696} INFO - Setting next_dagrun for example_local_kubernetes_executor to None, run_after=None
[2025-02-12T16:08:16.542+0000] {processor.py:179} INFO - Processing /home/airflow/.local/lib/python3.8/site-packages/airflow/example_dags/example_local_kubernetes_executor.py took 0.307 seconds
[2025-02-12T16:08:54.949+0000] {processor.py:157} INFO - Started process (PID=5789) to work on /home/airflow/.local/lib/python3.8/site-packages/airflow/example_dags/example_local_kubernetes_executor.py
[2025-02-12T16:08:54.951+0000] {processor.py:829} INFO - Processing file /home/airflow/.local/lib/python3.8/site-packages/airflow/example_dags/example_local_kubernetes_executor.py for tasks to queue
[2025-02-12T16:08:54.952+0000] {logging_mixin.py:151} INFO - [2025-02-12T16:08:54.951+0000] {dagbag.py:539} INFO - Filling up the DagBag from /home/airflow/.local/lib/python3.8/site-packages/airflow/example_dags/example_local_kubernetes_executor.py
[2025-02-12T16:08:55.493+0000] {processor.py:839} INFO - DAG(s) dict_keys(['example_local_kubernetes_executor']) retrieved from /home/airflow/.local/lib/python3.8/site-packages/airflow/example_dags/example_local_kubernetes_executor.py
[2025-02-12T16:08:55.545+0000] {logging_mixin.py:151} INFO - [2025-02-12T16:08:55.544+0000] {dag.py:2915} INFO - Sync 1 DAGs
[2025-02-12T16:08:55.561+0000] {logging_mixin.py:151} INFO - [2025-02-12T16:08:55.560+0000] {dag.py:3696} INFO - Setting next_dagrun for example_local_kubernetes_executor to None, run_after=None
[2025-02-12T16:08:55.587+0000] {processor.py:179} INFO - Processing /home/airflow/.local/lib/python3.8/site-packages/airflow/example_dags/example_local_kubernetes_executor.py took 0.641 seconds
[2025-02-12T16:10:26.272+0000] {processor.py:157} INFO - Started process (PID=6082) to work on /home/airflow/.local/lib/python3.8/site-packages/airflow/example_dags/example_local_kubernetes_executor.py
[2025-02-12T16:10:26.274+0000] {processor.py:829} INFO - Processing file /home/airflow/.local/lib/python3.8/site-packages/airflow/example_dags/example_local_kubernetes_executor.py for tasks to queue
[2025-02-12T16:10:26.276+0000] {logging_mixin.py:151} INFO - [2025-02-12T16:10:26.276+0000] {dagbag.py:539} INFO - Filling up the DagBag from /home/airflow/.local/lib/python3.8/site-packages/airflow/example_dags/example_local_kubernetes_executor.py
[2025-02-12T16:10:27.098+0000] {processor.py:839} INFO - DAG(s) dict_keys(['example_local_kubernetes_executor']) retrieved from /home/airflow/.local/lib/python3.8/site-packages/airflow/example_dags/example_local_kubernetes_executor.py
[2025-02-12T16:10:27.179+0000] {logging_mixin.py:151} INFO - [2025-02-12T16:10:27.178+0000] {dag.py:2915} INFO - Sync 1 DAGs
[2025-02-12T16:10:27.201+0000] {logging_mixin.py:151} INFO - [2025-02-12T16:10:27.201+0000] {dag.py:3696} INFO - Setting next_dagrun for example_local_kubernetes_executor to None, run_after=None
[2025-02-12T16:10:27.235+0000] {processor.py:179} INFO - Processing /home/airflow/.local/lib/python3.8/site-packages/airflow/example_dags/example_local_kubernetes_executor.py took 0.969 seconds
[2025-02-12T16:10:57.977+0000] {processor.py:157} INFO - Started process (PID=6372) to work on /home/airflow/.local/lib/python3.8/site-packages/airflow/example_dags/example_local_kubernetes_executor.py
[2025-02-12T16:10:57.979+0000] {processor.py:829} INFO - Processing file /home/airflow/.local/lib/python3.8/site-packages/airflow/example_dags/example_local_kubernetes_executor.py for tasks to queue
[2025-02-12T16:10:57.980+0000] {logging_mixin.py:151} INFO - [2025-02-12T16:10:57.979+0000] {dagbag.py:539} INFO - Filling up the DagBag from /home/airflow/.local/lib/python3.8/site-packages/airflow/example_dags/example_local_kubernetes_executor.py
[2025-02-12T16:10:58.220+0000] {processor.py:839} INFO - DAG(s) dict_keys(['example_local_kubernetes_executor']) retrieved from /home/airflow/.local/lib/python3.8/site-packages/airflow/example_dags/example_local_kubernetes_executor.py
[2025-02-12T16:10:58.255+0000] {logging_mixin.py:151} INFO - [2025-02-12T16:10:58.254+0000] {dag.py:2915} INFO - Sync 1 DAGs
[2025-02-12T16:10:58.267+0000] {logging_mixin.py:151} INFO - [2025-02-12T16:10:58.267+0000] {dag.py:3696} INFO - Setting next_dagrun for example_local_kubernetes_executor to None, run_after=None
[2025-02-12T16:10:58.292+0000] {processor.py:179} INFO - Processing /home/airflow/.local/lib/python3.8/site-packages/airflow/example_dags/example_local_kubernetes_executor.py took 0.317 seconds
[2025-02-12T16:11:28.336+0000] {processor.py:157} INFO - Started process (PID=6632) to work on /home/airflow/.local/lib/python3.8/site-packages/airflow/example_dags/example_local_kubernetes_executor.py
[2025-02-12T16:11:28.337+0000] {processor.py:829} INFO - Processing file /home/airflow/.local/lib/python3.8/site-packages/airflow/example_dags/example_local_kubernetes_executor.py for tasks to queue
[2025-02-12T16:11:28.338+0000] {logging_mixin.py:151} INFO - [2025-02-12T16:11:28.337+0000] {dagbag.py:539} INFO - Filling up the DagBag from /home/airflow/.local/lib/python3.8/site-packages/airflow/example_dags/example_local_kubernetes_executor.py
[2025-02-12T16:11:28.543+0000] {processor.py:839} INFO - DAG(s) dict_keys(['example_local_kubernetes_executor']) retrieved from /home/airflow/.local/lib/python3.8/site-packages/airflow/example_dags/example_local_kubernetes_executor.py
[2025-02-12T16:11:28.571+0000] {logging_mixin.py:151} INFO - [2025-02-12T16:11:28.570+0000] {dag.py:2915} INFO - Sync 1 DAGs
[2025-02-12T16:11:28.583+0000] {logging_mixin.py:151} INFO - [2025-02-12T16:11:28.582+0000] {dag.py:3696} INFO - Setting next_dagrun for example_local_kubernetes_executor to None, run_after=None
[2025-02-12T16:11:28.598+0000] {processor.py:179} INFO - Processing /home/airflow/.local/lib/python3.8/site-packages/airflow/example_dags/example_local_kubernetes_executor.py took 0.265 seconds
