[2025-02-12T15:51:07.823+0000] {processor.py:157} INFO - Started process (PID=292) to work on /home/airflow/.local/lib/python3.8/site-packages/airflow/example_dags/example_xcomargs.py
[2025-02-12T15:51:07.824+0000] {processor.py:829} INFO - Processing file /home/airflow/.local/lib/python3.8/site-packages/airflow/example_dags/example_xcomargs.py for tasks to queue
[2025-02-12T15:51:07.825+0000] {logging_mixin.py:151} INFO - [2025-02-12T15:51:07.824+0000] {dagbag.py:539} INFO - Filling up the DagBag from /home/airflow/.local/lib/python3.8/site-packages/airflow/example_dags/example_xcomargs.py
[2025-02-12T15:51:07.832+0000] {processor.py:839} INFO - DAG(s) dict_keys(['example_xcom_args', 'example_xcom_args_with_operators']) retrieved from /home/airflow/.local/lib/python3.8/site-packages/airflow/example_dags/example_xcomargs.py
[2025-02-12T15:51:07.843+0000] {logging_mixin.py:151} INFO - [2025-02-12T15:51:07.843+0000] {dag.py:2915} INFO - Sync 2 DAGs
[2025-02-12T15:51:07.855+0000] {logging_mixin.py:151} INFO - [2025-02-12T15:51:07.855+0000] {dag.py:3696} INFO - Setting next_dagrun for example_xcom_args to None, run_after=None
[2025-02-12T15:51:07.983+0000] {logging_mixin.py:151} INFO - [2025-02-12T15:51:07.983+0000] {dag.py:3696} INFO - Setting next_dagrun for example_xcom_args_with_operators to None, run_after=None
[2025-02-12T15:51:07.999+0000] {processor.py:179} INFO - Processing /home/airflow/.local/lib/python3.8/site-packages/airflow/example_dags/example_xcomargs.py took 0.179 seconds
[2025-02-12T15:51:38.630+0000] {processor.py:157} INFO - Started process (PID=546) to work on /home/airflow/.local/lib/python3.8/site-packages/airflow/example_dags/example_xcomargs.py
[2025-02-12T15:51:38.632+0000] {processor.py:829} INFO - Processing file /home/airflow/.local/lib/python3.8/site-packages/airflow/example_dags/example_xcomargs.py for tasks to queue
[2025-02-12T15:51:38.633+0000] {logging_mixin.py:151} INFO - [2025-02-12T15:51:38.632+0000] {dagbag.py:539} INFO - Filling up the DagBag from /home/airflow/.local/lib/python3.8/site-packages/airflow/example_dags/example_xcomargs.py
[2025-02-12T15:51:38.641+0000] {processor.py:839} INFO - DAG(s) dict_keys(['example_xcom_args_with_operators', 'example_xcom_args']) retrieved from /home/airflow/.local/lib/python3.8/site-packages/airflow/example_dags/example_xcomargs.py
[2025-02-12T15:51:38.670+0000] {logging_mixin.py:151} INFO - [2025-02-12T15:51:38.669+0000] {dag.py:2915} INFO - Sync 2 DAGs
[2025-02-12T15:51:38.684+0000] {logging_mixin.py:151} INFO - [2025-02-12T15:51:38.684+0000] {dag.py:3696} INFO - Setting next_dagrun for example_xcom_args to None, run_after=None
[2025-02-12T15:51:38.688+0000] {logging_mixin.py:151} INFO - [2025-02-12T15:51:38.688+0000] {dag.py:3696} INFO - Setting next_dagrun for example_xcom_args_with_operators to None, run_after=None
[2025-02-12T15:51:38.711+0000] {processor.py:179} INFO - Processing /home/airflow/.local/lib/python3.8/site-packages/airflow/example_dags/example_xcomargs.py took 0.083 seconds
[2025-02-12T15:52:13.241+0000] {processor.py:157} INFO - Started process (PID=807) to work on /home/airflow/.local/lib/python3.8/site-packages/airflow/example_dags/example_xcomargs.py
[2025-02-12T15:52:13.242+0000] {processor.py:829} INFO - Processing file /home/airflow/.local/lib/python3.8/site-packages/airflow/example_dags/example_xcomargs.py for tasks to queue
[2025-02-12T15:52:13.243+0000] {logging_mixin.py:151} INFO - [2025-02-12T15:52:13.242+0000] {dagbag.py:539} INFO - Filling up the DagBag from /home/airflow/.local/lib/python3.8/site-packages/airflow/example_dags/example_xcomargs.py
[2025-02-12T15:52:13.250+0000] {processor.py:839} INFO - DAG(s) dict_keys(['example_xcom_args_with_operators', 'example_xcom_args']) retrieved from /home/airflow/.local/lib/python3.8/site-packages/airflow/example_dags/example_xcomargs.py
[2025-02-12T15:52:13.275+0000] {logging_mixin.py:151} INFO - [2025-02-12T15:52:13.274+0000] {dag.py:2915} INFO - Sync 2 DAGs
[2025-02-12T15:52:13.286+0000] {logging_mixin.py:151} INFO - [2025-02-12T15:52:13.286+0000] {dag.py:3696} INFO - Setting next_dagrun for example_xcom_args to None, run_after=None
[2025-02-12T15:52:13.289+0000] {logging_mixin.py:151} INFO - [2025-02-12T15:52:13.289+0000] {dag.py:3696} INFO - Setting next_dagrun for example_xcom_args_with_operators to None, run_after=None
[2025-02-12T15:52:13.308+0000] {processor.py:179} INFO - Processing /home/airflow/.local/lib/python3.8/site-packages/airflow/example_dags/example_xcomargs.py took 0.070 seconds
[2025-02-12T15:52:44.175+0000] {processor.py:157} INFO - Started process (PID=1068) to work on /home/airflow/.local/lib/python3.8/site-packages/airflow/example_dags/example_xcomargs.py
[2025-02-12T15:52:44.176+0000] {processor.py:829} INFO - Processing file /home/airflow/.local/lib/python3.8/site-packages/airflow/example_dags/example_xcomargs.py for tasks to queue
[2025-02-12T15:52:44.177+0000] {logging_mixin.py:151} INFO - [2025-02-12T15:52:44.177+0000] {dagbag.py:539} INFO - Filling up the DagBag from /home/airflow/.local/lib/python3.8/site-packages/airflow/example_dags/example_xcomargs.py
[2025-02-12T15:52:44.183+0000] {processor.py:839} INFO - DAG(s) dict_keys(['example_xcom_args', 'example_xcom_args_with_operators']) retrieved from /home/airflow/.local/lib/python3.8/site-packages/airflow/example_dags/example_xcomargs.py
[2025-02-12T15:52:44.208+0000] {logging_mixin.py:151} INFO - [2025-02-12T15:52:44.208+0000] {dag.py:2915} INFO - Sync 2 DAGs
[2025-02-12T15:52:44.220+0000] {logging_mixin.py:151} INFO - [2025-02-12T15:52:44.220+0000] {dag.py:3696} INFO - Setting next_dagrun for example_xcom_args to None, run_after=None
[2025-02-12T15:52:44.223+0000] {logging_mixin.py:151} INFO - [2025-02-12T15:52:44.223+0000] {dag.py:3696} INFO - Setting next_dagrun for example_xcom_args_with_operators to None, run_after=None
[2025-02-12T15:52:44.237+0000] {processor.py:179} INFO - Processing /home/airflow/.local/lib/python3.8/site-packages/airflow/example_dags/example_xcomargs.py took 0.065 seconds
[2025-02-12T15:53:15.334+0000] {processor.py:157} INFO - Started process (PID=1335) to work on /home/airflow/.local/lib/python3.8/site-packages/airflow/example_dags/example_xcomargs.py
[2025-02-12T15:53:15.335+0000] {processor.py:829} INFO - Processing file /home/airflow/.local/lib/python3.8/site-packages/airflow/example_dags/example_xcomargs.py for tasks to queue
[2025-02-12T15:53:15.335+0000] {logging_mixin.py:151} INFO - [2025-02-12T15:53:15.335+0000] {dagbag.py:539} INFO - Filling up the DagBag from /home/airflow/.local/lib/python3.8/site-packages/airflow/example_dags/example_xcomargs.py
[2025-02-12T15:53:15.342+0000] {processor.py:839} INFO - DAG(s) dict_keys(['example_xcom_args_with_operators', 'example_xcom_args']) retrieved from /home/airflow/.local/lib/python3.8/site-packages/airflow/example_dags/example_xcomargs.py
[2025-02-12T15:53:15.365+0000] {logging_mixin.py:151} INFO - [2025-02-12T15:53:15.365+0000] {dag.py:2915} INFO - Sync 2 DAGs
[2025-02-12T15:53:15.376+0000] {logging_mixin.py:151} INFO - [2025-02-12T15:53:15.376+0000] {dag.py:3696} INFO - Setting next_dagrun for example_xcom_args to None, run_after=None
[2025-02-12T15:53:15.379+0000] {logging_mixin.py:151} INFO - [2025-02-12T15:53:15.379+0000] {dag.py:3696} INFO - Setting next_dagrun for example_xcom_args_with_operators to None, run_after=None
[2025-02-12T15:53:15.392+0000] {processor.py:179} INFO - Processing /home/airflow/.local/lib/python3.8/site-packages/airflow/example_dags/example_xcomargs.py took 0.061 seconds
[2025-02-12T15:53:46.411+0000] {processor.py:157} INFO - Started process (PID=1601) to work on /home/airflow/.local/lib/python3.8/site-packages/airflow/example_dags/example_xcomargs.py
[2025-02-12T15:53:46.412+0000] {processor.py:829} INFO - Processing file /home/airflow/.local/lib/python3.8/site-packages/airflow/example_dags/example_xcomargs.py for tasks to queue
[2025-02-12T15:53:46.413+0000] {logging_mixin.py:151} INFO - [2025-02-12T15:53:46.413+0000] {dagbag.py:539} INFO - Filling up the DagBag from /home/airflow/.local/lib/python3.8/site-packages/airflow/example_dags/example_xcomargs.py
[2025-02-12T15:53:46.420+0000] {processor.py:839} INFO - DAG(s) dict_keys(['example_xcom_args', 'example_xcom_args_with_operators']) retrieved from /home/airflow/.local/lib/python3.8/site-packages/airflow/example_dags/example_xcomargs.py
[2025-02-12T15:53:46.443+0000] {logging_mixin.py:151} INFO - [2025-02-12T15:53:46.443+0000] {dag.py:2915} INFO - Sync 2 DAGs
[2025-02-12T15:53:46.454+0000] {logging_mixin.py:151} INFO - [2025-02-12T15:53:46.453+0000] {dag.py:3696} INFO - Setting next_dagrun for example_xcom_args to None, run_after=None
[2025-02-12T15:53:46.456+0000] {logging_mixin.py:151} INFO - [2025-02-12T15:53:46.456+0000] {dag.py:3696} INFO - Setting next_dagrun for example_xcom_args_with_operators to None, run_after=None
[2025-02-12T15:53:46.470+0000] {processor.py:179} INFO - Processing /home/airflow/.local/lib/python3.8/site-packages/airflow/example_dags/example_xcomargs.py took 0.062 seconds
[2025-02-12T15:55:31.438+0000] {processor.py:157} INFO - Started process (PID=292) to work on /home/airflow/.local/lib/python3.8/site-packages/airflow/example_dags/example_xcomargs.py
[2025-02-12T15:55:31.441+0000] {processor.py:829} INFO - Processing file /home/airflow/.local/lib/python3.8/site-packages/airflow/example_dags/example_xcomargs.py for tasks to queue
[2025-02-12T15:55:31.441+0000] {logging_mixin.py:151} INFO - [2025-02-12T15:55:31.441+0000] {dagbag.py:539} INFO - Filling up the DagBag from /home/airflow/.local/lib/python3.8/site-packages/airflow/example_dags/example_xcomargs.py
[2025-02-12T15:55:31.452+0000] {processor.py:839} INFO - DAG(s) dict_keys(['example_xcom_args_with_operators', 'example_xcom_args']) retrieved from /home/airflow/.local/lib/python3.8/site-packages/airflow/example_dags/example_xcomargs.py
[2025-02-12T15:55:31.640+0000] {logging_mixin.py:151} INFO - [2025-02-12T15:55:31.640+0000] {dag.py:2915} INFO - Sync 2 DAGs
[2025-02-12T15:55:31.653+0000] {logging_mixin.py:151} INFO - [2025-02-12T15:55:31.653+0000] {dag.py:3696} INFO - Setting next_dagrun for example_xcom_args to None, run_after=None
[2025-02-12T15:55:31.656+0000] {logging_mixin.py:151} INFO - [2025-02-12T15:55:31.656+0000] {dag.py:3696} INFO - Setting next_dagrun for example_xcom_args_with_operators to None, run_after=None
[2025-02-12T15:55:31.671+0000] {processor.py:179} INFO - Processing /home/airflow/.local/lib/python3.8/site-packages/airflow/example_dags/example_xcomargs.py took 0.238 seconds
[2025-02-12T15:56:03.484+0000] {processor.py:157} INFO - Started process (PID=546) to work on /home/airflow/.local/lib/python3.8/site-packages/airflow/example_dags/example_xcomargs.py
[2025-02-12T15:56:03.485+0000] {processor.py:829} INFO - Processing file /home/airflow/.local/lib/python3.8/site-packages/airflow/example_dags/example_xcomargs.py for tasks to queue
[2025-02-12T15:56:03.486+0000] {logging_mixin.py:151} INFO - [2025-02-12T15:56:03.485+0000] {dagbag.py:539} INFO - Filling up the DagBag from /home/airflow/.local/lib/python3.8/site-packages/airflow/example_dags/example_xcomargs.py
[2025-02-12T15:56:03.495+0000] {processor.py:839} INFO - DAG(s) dict_keys(['example_xcom_args', 'example_xcom_args_with_operators']) retrieved from /home/airflow/.local/lib/python3.8/site-packages/airflow/example_dags/example_xcomargs.py
[2025-02-12T15:56:03.525+0000] {logging_mixin.py:151} INFO - [2025-02-12T15:56:03.524+0000] {dag.py:2915} INFO - Sync 2 DAGs
[2025-02-12T15:56:03.541+0000] {logging_mixin.py:151} INFO - [2025-02-12T15:56:03.540+0000] {dag.py:3696} INFO - Setting next_dagrun for example_xcom_args to None, run_after=None
[2025-02-12T15:56:03.544+0000] {logging_mixin.py:151} INFO - [2025-02-12T15:56:03.544+0000] {dag.py:3696} INFO - Setting next_dagrun for example_xcom_args_with_operators to None, run_after=None
[2025-02-12T15:56:03.563+0000] {processor.py:179} INFO - Processing /home/airflow/.local/lib/python3.8/site-packages/airflow/example_dags/example_xcomargs.py took 0.083 seconds
[2025-02-12T15:56:34.239+0000] {processor.py:157} INFO - Started process (PID=807) to work on /home/airflow/.local/lib/python3.8/site-packages/airflow/example_dags/example_xcomargs.py
[2025-02-12T15:56:34.240+0000] {processor.py:829} INFO - Processing file /home/airflow/.local/lib/python3.8/site-packages/airflow/example_dags/example_xcomargs.py for tasks to queue
[2025-02-12T15:56:34.241+0000] {logging_mixin.py:151} INFO - [2025-02-12T15:56:34.241+0000] {dagbag.py:539} INFO - Filling up the DagBag from /home/airflow/.local/lib/python3.8/site-packages/airflow/example_dags/example_xcomargs.py
[2025-02-12T15:56:34.248+0000] {processor.py:839} INFO - DAG(s) dict_keys(['example_xcom_args', 'example_xcom_args_with_operators']) retrieved from /home/airflow/.local/lib/python3.8/site-packages/airflow/example_dags/example_xcomargs.py
[2025-02-12T15:56:34.270+0000] {logging_mixin.py:151} INFO - [2025-02-12T15:56:34.270+0000] {dag.py:2915} INFO - Sync 2 DAGs
[2025-02-12T15:56:34.284+0000] {logging_mixin.py:151} INFO - [2025-02-12T15:56:34.284+0000] {dag.py:3696} INFO - Setting next_dagrun for example_xcom_args to None, run_after=None
[2025-02-12T15:56:34.288+0000] {logging_mixin.py:151} INFO - [2025-02-12T15:56:34.288+0000] {dag.py:3696} INFO - Setting next_dagrun for example_xcom_args_with_operators to None, run_after=None
[2025-02-12T15:56:34.308+0000] {processor.py:179} INFO - Processing /home/airflow/.local/lib/python3.8/site-packages/airflow/example_dags/example_xcomargs.py took 0.071 seconds
[2025-02-12T15:57:04.954+0000] {processor.py:157} INFO - Started process (PID=1068) to work on /home/airflow/.local/lib/python3.8/site-packages/airflow/example_dags/example_xcomargs.py
[2025-02-12T15:57:04.955+0000] {processor.py:829} INFO - Processing file /home/airflow/.local/lib/python3.8/site-packages/airflow/example_dags/example_xcomargs.py for tasks to queue
[2025-02-12T15:57:04.955+0000] {logging_mixin.py:151} INFO - [2025-02-12T15:57:04.955+0000] {dagbag.py:539} INFO - Filling up the DagBag from /home/airflow/.local/lib/python3.8/site-packages/airflow/example_dags/example_xcomargs.py
[2025-02-12T15:57:04.961+0000] {processor.py:839} INFO - DAG(s) dict_keys(['example_xcom_args', 'example_xcom_args_with_operators']) retrieved from /home/airflow/.local/lib/python3.8/site-packages/airflow/example_dags/example_xcomargs.py
[2025-02-12T15:57:04.983+0000] {logging_mixin.py:151} INFO - [2025-02-12T15:57:04.983+0000] {dag.py:2915} INFO - Sync 2 DAGs
[2025-02-12T15:57:04.998+0000] {logging_mixin.py:151} INFO - [2025-02-12T15:57:04.997+0000] {dag.py:3696} INFO - Setting next_dagrun for example_xcom_args to None, run_after=None
[2025-02-12T15:57:05.002+0000] {logging_mixin.py:151} INFO - [2025-02-12T15:57:05.001+0000] {dag.py:3696} INFO - Setting next_dagrun for example_xcom_args_with_operators to None, run_after=None
[2025-02-12T15:57:05.018+0000] {processor.py:179} INFO - Processing /home/airflow/.local/lib/python3.8/site-packages/airflow/example_dags/example_xcomargs.py took 0.067 seconds
[2025-02-12T15:57:35.878+0000] {processor.py:157} INFO - Started process (PID=1329) to work on /home/airflow/.local/lib/python3.8/site-packages/airflow/example_dags/example_xcomargs.py
[2025-02-12T15:57:35.879+0000] {processor.py:829} INFO - Processing file /home/airflow/.local/lib/python3.8/site-packages/airflow/example_dags/example_xcomargs.py for tasks to queue
[2025-02-12T15:57:35.880+0000] {logging_mixin.py:151} INFO - [2025-02-12T15:57:35.880+0000] {dagbag.py:539} INFO - Filling up the DagBag from /home/airflow/.local/lib/python3.8/site-packages/airflow/example_dags/example_xcomargs.py
[2025-02-12T15:57:35.886+0000] {processor.py:839} INFO - DAG(s) dict_keys(['example_xcom_args', 'example_xcom_args_with_operators']) retrieved from /home/airflow/.local/lib/python3.8/site-packages/airflow/example_dags/example_xcomargs.py
[2025-02-12T15:57:35.907+0000] {logging_mixin.py:151} INFO - [2025-02-12T15:57:35.907+0000] {dag.py:2915} INFO - Sync 2 DAGs
[2025-02-12T15:57:35.917+0000] {logging_mixin.py:151} INFO - [2025-02-12T15:57:35.917+0000] {dag.py:3696} INFO - Setting next_dagrun for example_xcom_args to None, run_after=None
[2025-02-12T15:57:35.920+0000] {logging_mixin.py:151} INFO - [2025-02-12T15:57:35.919+0000] {dag.py:3696} INFO - Setting next_dagrun for example_xcom_args_with_operators to None, run_after=None
[2025-02-12T15:57:35.936+0000] {processor.py:179} INFO - Processing /home/airflow/.local/lib/python3.8/site-packages/airflow/example_dags/example_xcomargs.py took 0.061 seconds
[2025-02-12T15:59:37.477+0000] {processor.py:157} INFO - Started process (PID=1640) to work on /home/airflow/.local/lib/python3.8/site-packages/airflow/example_dags/example_xcomargs.py
[2025-02-12T15:59:37.479+0000] {processor.py:829} INFO - Processing file /home/airflow/.local/lib/python3.8/site-packages/airflow/example_dags/example_xcomargs.py for tasks to queue
[2025-02-12T15:59:37.479+0000] {logging_mixin.py:151} INFO - [2025-02-12T15:59:37.479+0000] {dagbag.py:539} INFO - Filling up the DagBag from /home/airflow/.local/lib/python3.8/site-packages/airflow/example_dags/example_xcomargs.py
[2025-02-12T15:59:37.486+0000] {processor.py:839} INFO - DAG(s) dict_keys(['example_xcom_args', 'example_xcom_args_with_operators']) retrieved from /home/airflow/.local/lib/python3.8/site-packages/airflow/example_dags/example_xcomargs.py
[2025-02-12T15:59:37.510+0000] {logging_mixin.py:151} INFO - [2025-02-12T15:59:37.510+0000] {dag.py:2915} INFO - Sync 2 DAGs
[2025-02-12T15:59:37.522+0000] {logging_mixin.py:151} INFO - [2025-02-12T15:59:37.522+0000] {dag.py:3696} INFO - Setting next_dagrun for example_xcom_args to None, run_after=None
[2025-02-12T15:59:37.526+0000] {logging_mixin.py:151} INFO - [2025-02-12T15:59:37.526+0000] {dag.py:3696} INFO - Setting next_dagrun for example_xcom_args_with_operators to None, run_after=None
[2025-02-12T15:59:37.543+0000] {processor.py:179} INFO - Processing /home/airflow/.local/lib/python3.8/site-packages/airflow/example_dags/example_xcomargs.py took 0.068 seconds
[2025-02-12T16:00:07.726+0000] {processor.py:157} INFO - Started process (PID=1923) to work on /home/airflow/.local/lib/python3.8/site-packages/airflow/example_dags/example_xcomargs.py
[2025-02-12T16:00:07.727+0000] {processor.py:829} INFO - Processing file /home/airflow/.local/lib/python3.8/site-packages/airflow/example_dags/example_xcomargs.py for tasks to queue
[2025-02-12T16:00:07.728+0000] {logging_mixin.py:151} INFO - [2025-02-12T16:00:07.728+0000] {dagbag.py:539} INFO - Filling up the DagBag from /home/airflow/.local/lib/python3.8/site-packages/airflow/example_dags/example_xcomargs.py
[2025-02-12T16:00:07.734+0000] {processor.py:839} INFO - DAG(s) dict_keys(['example_xcom_args_with_operators', 'example_xcom_args']) retrieved from /home/airflow/.local/lib/python3.8/site-packages/airflow/example_dags/example_xcomargs.py
[2025-02-12T16:00:07.756+0000] {logging_mixin.py:151} INFO - [2025-02-12T16:00:07.756+0000] {dag.py:2915} INFO - Sync 2 DAGs
[2025-02-12T16:00:07.767+0000] {logging_mixin.py:151} INFO - [2025-02-12T16:00:07.767+0000] {dag.py:3696} INFO - Setting next_dagrun for example_xcom_args to None, run_after=None
[2025-02-12T16:00:07.770+0000] {logging_mixin.py:151} INFO - [2025-02-12T16:00:07.770+0000] {dag.py:3696} INFO - Setting next_dagrun for example_xcom_args_with_operators to None, run_after=None
[2025-02-12T16:00:07.785+0000] {processor.py:179} INFO - Processing /home/airflow/.local/lib/python3.8/site-packages/airflow/example_dags/example_xcomargs.py took 0.062 seconds
[2025-02-12T16:01:57.086+0000] {processor.py:157} INFO - Started process (PID=2235) to work on /home/airflow/.local/lib/python3.8/site-packages/airflow/example_dags/example_xcomargs.py
[2025-02-12T16:01:57.088+0000] {processor.py:829} INFO - Processing file /home/airflow/.local/lib/python3.8/site-packages/airflow/example_dags/example_xcomargs.py for tasks to queue
[2025-02-12T16:01:57.088+0000] {logging_mixin.py:151} INFO - [2025-02-12T16:01:57.088+0000] {dagbag.py:539} INFO - Filling up the DagBag from /home/airflow/.local/lib/python3.8/site-packages/airflow/example_dags/example_xcomargs.py
[2025-02-12T16:01:57.096+0000] {processor.py:839} INFO - DAG(s) dict_keys(['example_xcom_args', 'example_xcom_args_with_operators']) retrieved from /home/airflow/.local/lib/python3.8/site-packages/airflow/example_dags/example_xcomargs.py
[2025-02-12T16:01:57.123+0000] {logging_mixin.py:151} INFO - [2025-02-12T16:01:57.123+0000] {dag.py:2915} INFO - Sync 2 DAGs
[2025-02-12T16:01:57.138+0000] {logging_mixin.py:151} INFO - [2025-02-12T16:01:57.138+0000] {dag.py:3696} INFO - Setting next_dagrun for example_xcom_args to None, run_after=None
[2025-02-12T16:01:57.142+0000] {logging_mixin.py:151} INFO - [2025-02-12T16:01:57.142+0000] {dag.py:3696} INFO - Setting next_dagrun for example_xcom_args_with_operators to None, run_after=None
[2025-02-12T16:01:57.165+0000] {processor.py:179} INFO - Processing /home/airflow/.local/lib/python3.8/site-packages/airflow/example_dags/example_xcomargs.py took 0.082 seconds
[2025-02-12T16:02:27.796+0000] {processor.py:157} INFO - Started process (PID=2532) to work on /home/airflow/.local/lib/python3.8/site-packages/airflow/example_dags/example_xcomargs.py
[2025-02-12T16:02:27.797+0000] {processor.py:829} INFO - Processing file /home/airflow/.local/lib/python3.8/site-packages/airflow/example_dags/example_xcomargs.py for tasks to queue
[2025-02-12T16:02:27.798+0000] {logging_mixin.py:151} INFO - [2025-02-12T16:02:27.798+0000] {dagbag.py:539} INFO - Filling up the DagBag from /home/airflow/.local/lib/python3.8/site-packages/airflow/example_dags/example_xcomargs.py
[2025-02-12T16:02:27.804+0000] {processor.py:839} INFO - DAG(s) dict_keys(['example_xcom_args', 'example_xcom_args_with_operators']) retrieved from /home/airflow/.local/lib/python3.8/site-packages/airflow/example_dags/example_xcomargs.py
[2025-02-12T16:02:27.828+0000] {logging_mixin.py:151} INFO - [2025-02-12T16:02:27.828+0000] {dag.py:2915} INFO - Sync 2 DAGs
[2025-02-12T16:02:27.841+0000] {logging_mixin.py:151} INFO - [2025-02-12T16:02:27.841+0000] {dag.py:3696} INFO - Setting next_dagrun for example_xcom_args to None, run_after=None
[2025-02-12T16:02:27.844+0000] {logging_mixin.py:151} INFO - [2025-02-12T16:02:27.844+0000] {dag.py:3696} INFO - Setting next_dagrun for example_xcom_args_with_operators to None, run_after=None
[2025-02-12T16:02:27.860+0000] {processor.py:179} INFO - Processing /home/airflow/.local/lib/python3.8/site-packages/airflow/example_dags/example_xcomargs.py took 0.066 seconds
[2025-02-12T16:03:02.470+0000] {processor.py:157} INFO - Started process (PID=2832) to work on /home/airflow/.local/lib/python3.8/site-packages/airflow/example_dags/example_xcomargs.py
[2025-02-12T16:03:02.472+0000] {processor.py:829} INFO - Processing file /home/airflow/.local/lib/python3.8/site-packages/airflow/example_dags/example_xcomargs.py for tasks to queue
[2025-02-12T16:03:02.473+0000] {logging_mixin.py:151} INFO - [2025-02-12T16:03:02.472+0000] {dagbag.py:539} INFO - Filling up the DagBag from /home/airflow/.local/lib/python3.8/site-packages/airflow/example_dags/example_xcomargs.py
[2025-02-12T16:03:02.481+0000] {processor.py:839} INFO - DAG(s) dict_keys(['example_xcom_args', 'example_xcom_args_with_operators']) retrieved from /home/airflow/.local/lib/python3.8/site-packages/airflow/example_dags/example_xcomargs.py
[2025-02-12T16:03:02.514+0000] {logging_mixin.py:151} INFO - [2025-02-12T16:03:02.513+0000] {dag.py:2915} INFO - Sync 2 DAGs
[2025-02-12T16:03:02.528+0000] {logging_mixin.py:151} INFO - [2025-02-12T16:03:02.527+0000] {dag.py:3696} INFO - Setting next_dagrun for example_xcom_args to None, run_after=None
[2025-02-12T16:03:02.532+0000] {logging_mixin.py:151} INFO - [2025-02-12T16:03:02.532+0000] {dag.py:3696} INFO - Setting next_dagrun for example_xcom_args_with_operators to None, run_after=None
[2025-02-12T16:03:02.555+0000] {processor.py:179} INFO - Processing /home/airflow/.local/lib/python3.8/site-packages/airflow/example_dags/example_xcomargs.py took 0.089 seconds
[2025-02-12T16:03:34.012+0000] {processor.py:157} INFO - Started process (PID=3143) to work on /home/airflow/.local/lib/python3.8/site-packages/airflow/example_dags/example_xcomargs.py
[2025-02-12T16:03:34.013+0000] {processor.py:829} INFO - Processing file /home/airflow/.local/lib/python3.8/site-packages/airflow/example_dags/example_xcomargs.py for tasks to queue
[2025-02-12T16:03:34.014+0000] {logging_mixin.py:151} INFO - [2025-02-12T16:03:34.014+0000] {dagbag.py:539} INFO - Filling up the DagBag from /home/airflow/.local/lib/python3.8/site-packages/airflow/example_dags/example_xcomargs.py
[2025-02-12T16:03:34.020+0000] {processor.py:839} INFO - DAG(s) dict_keys(['example_xcom_args_with_operators', 'example_xcom_args']) retrieved from /home/airflow/.local/lib/python3.8/site-packages/airflow/example_dags/example_xcomargs.py
[2025-02-12T16:03:34.044+0000] {logging_mixin.py:151} INFO - [2025-02-12T16:03:34.043+0000] {dag.py:2915} INFO - Sync 2 DAGs
[2025-02-12T16:03:34.057+0000] {logging_mixin.py:151} INFO - [2025-02-12T16:03:34.057+0000] {dag.py:3696} INFO - Setting next_dagrun for example_xcom_args to None, run_after=None
[2025-02-12T16:03:34.060+0000] {logging_mixin.py:151} INFO - [2025-02-12T16:03:34.060+0000] {dag.py:3696} INFO - Setting next_dagrun for example_xcom_args_with_operators to None, run_after=None
[2025-02-12T16:03:34.077+0000] {processor.py:179} INFO - Processing /home/airflow/.local/lib/python3.8/site-packages/airflow/example_dags/example_xcomargs.py took 0.067 seconds
[2025-02-12T16:04:06.324+0000] {processor.py:157} INFO - Started process (PID=3397) to work on /home/airflow/.local/lib/python3.8/site-packages/airflow/example_dags/example_xcomargs.py
[2025-02-12T16:04:06.325+0000] {processor.py:829} INFO - Processing file /home/airflow/.local/lib/python3.8/site-packages/airflow/example_dags/example_xcomargs.py for tasks to queue
[2025-02-12T16:04:06.326+0000] {logging_mixin.py:151} INFO - [2025-02-12T16:04:06.325+0000] {dagbag.py:539} INFO - Filling up the DagBag from /home/airflow/.local/lib/python3.8/site-packages/airflow/example_dags/example_xcomargs.py
[2025-02-12T16:04:06.332+0000] {processor.py:839} INFO - DAG(s) dict_keys(['example_xcom_args_with_operators', 'example_xcom_args']) retrieved from /home/airflow/.local/lib/python3.8/site-packages/airflow/example_dags/example_xcomargs.py
[2025-02-12T16:04:06.356+0000] {logging_mixin.py:151} INFO - [2025-02-12T16:04:06.355+0000] {dag.py:2915} INFO - Sync 2 DAGs
[2025-02-12T16:04:06.370+0000] {logging_mixin.py:151} INFO - [2025-02-12T16:04:06.370+0000] {dag.py:3696} INFO - Setting next_dagrun for example_xcom_args to None, run_after=None
[2025-02-12T16:04:06.373+0000] {logging_mixin.py:151} INFO - [2025-02-12T16:04:06.373+0000] {dag.py:3696} INFO - Setting next_dagrun for example_xcom_args_with_operators to None, run_after=None
[2025-02-12T16:04:06.390+0000] {processor.py:179} INFO - Processing /home/airflow/.local/lib/python3.8/site-packages/airflow/example_dags/example_xcomargs.py took 0.068 seconds
[2025-02-12T16:04:38.806+0000] {processor.py:157} INFO - Started process (PID=3662) to work on /home/airflow/.local/lib/python3.8/site-packages/airflow/example_dags/example_xcomargs.py
[2025-02-12T16:04:38.807+0000] {processor.py:829} INFO - Processing file /home/airflow/.local/lib/python3.8/site-packages/airflow/example_dags/example_xcomargs.py for tasks to queue
[2025-02-12T16:04:38.808+0000] {logging_mixin.py:151} INFO - [2025-02-12T16:04:38.808+0000] {dagbag.py:539} INFO - Filling up the DagBag from /home/airflow/.local/lib/python3.8/site-packages/airflow/example_dags/example_xcomargs.py
[2025-02-12T16:04:38.814+0000] {processor.py:839} INFO - DAG(s) dict_keys(['example_xcom_args', 'example_xcom_args_with_operators']) retrieved from /home/airflow/.local/lib/python3.8/site-packages/airflow/example_dags/example_xcomargs.py
[2025-02-12T16:04:38.839+0000] {logging_mixin.py:151} INFO - [2025-02-12T16:04:38.839+0000] {dag.py:2915} INFO - Sync 2 DAGs
[2025-02-12T16:04:38.851+0000] {logging_mixin.py:151} INFO - [2025-02-12T16:04:38.850+0000] {dag.py:3696} INFO - Setting next_dagrun for example_xcom_args to None, run_after=None
[2025-02-12T16:04:38.854+0000] {logging_mixin.py:151} INFO - [2025-02-12T16:04:38.854+0000] {dag.py:3696} INFO - Setting next_dagrun for example_xcom_args_with_operators to None, run_after=None
[2025-02-12T16:04:38.870+0000] {processor.py:179} INFO - Processing /home/airflow/.local/lib/python3.8/site-packages/airflow/example_dags/example_xcomargs.py took 0.066 seconds
[2025-02-12T16:05:12.240+0000] {processor.py:157} INFO - Started process (PID=3932) to work on /home/airflow/.local/lib/python3.8/site-packages/airflow/example_dags/example_xcomargs.py
[2025-02-12T16:05:12.240+0000] {processor.py:829} INFO - Processing file /home/airflow/.local/lib/python3.8/site-packages/airflow/example_dags/example_xcomargs.py for tasks to queue
[2025-02-12T16:05:12.241+0000] {logging_mixin.py:151} INFO - [2025-02-12T16:05:12.241+0000] {dagbag.py:539} INFO - Filling up the DagBag from /home/airflow/.local/lib/python3.8/site-packages/airflow/example_dags/example_xcomargs.py
[2025-02-12T16:05:12.247+0000] {processor.py:839} INFO - DAG(s) dict_keys(['example_xcom_args', 'example_xcom_args_with_operators']) retrieved from /home/airflow/.local/lib/python3.8/site-packages/airflow/example_dags/example_xcomargs.py
[2025-02-12T16:05:12.270+0000] {logging_mixin.py:151} INFO - [2025-02-12T16:05:12.269+0000] {dag.py:2915} INFO - Sync 2 DAGs
[2025-02-12T16:05:12.280+0000] {logging_mixin.py:151} INFO - [2025-02-12T16:05:12.280+0000] {dag.py:3696} INFO - Setting next_dagrun for example_xcom_args to None, run_after=None
[2025-02-12T16:05:12.283+0000] {logging_mixin.py:151} INFO - [2025-02-12T16:05:12.283+0000] {dag.py:3696} INFO - Setting next_dagrun for example_xcom_args_with_operators to None, run_after=None
[2025-02-12T16:05:12.296+0000] {processor.py:179} INFO - Processing /home/airflow/.local/lib/python3.8/site-packages/airflow/example_dags/example_xcomargs.py took 0.058 seconds
[2025-02-12T16:05:43.584+0000] {processor.py:157} INFO - Started process (PID=4193) to work on /home/airflow/.local/lib/python3.8/site-packages/airflow/example_dags/example_xcomargs.py
[2025-02-12T16:05:43.585+0000] {processor.py:829} INFO - Processing file /home/airflow/.local/lib/python3.8/site-packages/airflow/example_dags/example_xcomargs.py for tasks to queue
[2025-02-12T16:05:43.586+0000] {logging_mixin.py:151} INFO - [2025-02-12T16:05:43.586+0000] {dagbag.py:539} INFO - Filling up the DagBag from /home/airflow/.local/lib/python3.8/site-packages/airflow/example_dags/example_xcomargs.py
[2025-02-12T16:05:43.593+0000] {processor.py:839} INFO - DAG(s) dict_keys(['example_xcom_args', 'example_xcom_args_with_operators']) retrieved from /home/airflow/.local/lib/python3.8/site-packages/airflow/example_dags/example_xcomargs.py
[2025-02-12T16:05:43.617+0000] {logging_mixin.py:151} INFO - [2025-02-12T16:05:43.616+0000] {dag.py:2915} INFO - Sync 2 DAGs
[2025-02-12T16:05:43.629+0000] {logging_mixin.py:151} INFO - [2025-02-12T16:05:43.629+0000] {dag.py:3696} INFO - Setting next_dagrun for example_xcom_args to None, run_after=None
[2025-02-12T16:05:43.633+0000] {logging_mixin.py:151} INFO - [2025-02-12T16:05:43.633+0000] {dag.py:3696} INFO - Setting next_dagrun for example_xcom_args_with_operators to None, run_after=None
[2025-02-12T16:05:43.661+0000] {processor.py:179} INFO - Processing /home/airflow/.local/lib/python3.8/site-packages/airflow/example_dags/example_xcomargs.py took 0.079 seconds
[2025-02-12T16:06:13.717+0000] {processor.py:157} INFO - Started process (PID=4457) to work on /home/airflow/.local/lib/python3.8/site-packages/airflow/example_dags/example_xcomargs.py
[2025-02-12T16:06:13.718+0000] {processor.py:829} INFO - Processing file /home/airflow/.local/lib/python3.8/site-packages/airflow/example_dags/example_xcomargs.py for tasks to queue
[2025-02-12T16:06:13.719+0000] {logging_mixin.py:151} INFO - [2025-02-12T16:06:13.719+0000] {dagbag.py:539} INFO - Filling up the DagBag from /home/airflow/.local/lib/python3.8/site-packages/airflow/example_dags/example_xcomargs.py
[2025-02-12T16:06:13.726+0000] {processor.py:839} INFO - DAG(s) dict_keys(['example_xcom_args_with_operators', 'example_xcom_args']) retrieved from /home/airflow/.local/lib/python3.8/site-packages/airflow/example_dags/example_xcomargs.py
[2025-02-12T16:06:13.748+0000] {logging_mixin.py:151} INFO - [2025-02-12T16:06:13.748+0000] {dag.py:2915} INFO - Sync 2 DAGs
[2025-02-12T16:06:13.759+0000] {logging_mixin.py:151} INFO - [2025-02-12T16:06:13.759+0000] {dag.py:3696} INFO - Setting next_dagrun for example_xcom_args to None, run_after=None
[2025-02-12T16:06:13.762+0000] {logging_mixin.py:151} INFO - [2025-02-12T16:06:13.761+0000] {dag.py:3696} INFO - Setting next_dagrun for example_xcom_args_with_operators to None, run_after=None
[2025-02-12T16:06:13.776+0000] {processor.py:179} INFO - Processing /home/airflow/.local/lib/python3.8/site-packages/airflow/example_dags/example_xcomargs.py took 0.061 seconds
[2025-02-12T16:06:44.639+0000] {processor.py:157} INFO - Started process (PID=4714) to work on /home/airflow/.local/lib/python3.8/site-packages/airflow/example_dags/example_xcomargs.py
[2025-02-12T16:06:44.640+0000] {processor.py:829} INFO - Processing file /home/airflow/.local/lib/python3.8/site-packages/airflow/example_dags/example_xcomargs.py for tasks to queue
[2025-02-12T16:06:44.640+0000] {logging_mixin.py:151} INFO - [2025-02-12T16:06:44.640+0000] {dagbag.py:539} INFO - Filling up the DagBag from /home/airflow/.local/lib/python3.8/site-packages/airflow/example_dags/example_xcomargs.py
[2025-02-12T16:06:44.647+0000] {processor.py:839} INFO - DAG(s) dict_keys(['example_xcom_args_with_operators', 'example_xcom_args']) retrieved from /home/airflow/.local/lib/python3.8/site-packages/airflow/example_dags/example_xcomargs.py
[2025-02-12T16:06:44.668+0000] {logging_mixin.py:151} INFO - [2025-02-12T16:06:44.668+0000] {dag.py:2915} INFO - Sync 2 DAGs
[2025-02-12T16:06:44.682+0000] {logging_mixin.py:151} INFO - [2025-02-12T16:06:44.682+0000] {dag.py:3696} INFO - Setting next_dagrun for example_xcom_args to None, run_after=None
[2025-02-12T16:06:44.685+0000] {logging_mixin.py:151} INFO - [2025-02-12T16:06:44.685+0000] {dag.py:3696} INFO - Setting next_dagrun for example_xcom_args_with_operators to None, run_after=None
[2025-02-12T16:06:44.700+0000] {processor.py:179} INFO - Processing /home/airflow/.local/lib/python3.8/site-packages/airflow/example_dags/example_xcomargs.py took 0.066 seconds
[2025-02-12T16:07:15.604+0000] {processor.py:157} INFO - Started process (PID=5030) to work on /home/airflow/.local/lib/python3.8/site-packages/airflow/example_dags/example_xcomargs.py
[2025-02-12T16:07:15.605+0000] {processor.py:829} INFO - Processing file /home/airflow/.local/lib/python3.8/site-packages/airflow/example_dags/example_xcomargs.py for tasks to queue
[2025-02-12T16:07:15.606+0000] {logging_mixin.py:151} INFO - [2025-02-12T16:07:15.606+0000] {dagbag.py:539} INFO - Filling up the DagBag from /home/airflow/.local/lib/python3.8/site-packages/airflow/example_dags/example_xcomargs.py
[2025-02-12T16:07:15.614+0000] {processor.py:839} INFO - DAG(s) dict_keys(['example_xcom_args_with_operators', 'example_xcom_args']) retrieved from /home/airflow/.local/lib/python3.8/site-packages/airflow/example_dags/example_xcomargs.py
[2025-02-12T16:07:15.638+0000] {logging_mixin.py:151} INFO - [2025-02-12T16:07:15.638+0000] {dag.py:2915} INFO - Sync 2 DAGs
[2025-02-12T16:07:15.650+0000] {logging_mixin.py:151} INFO - [2025-02-12T16:07:15.649+0000] {dag.py:3696} INFO - Setting next_dagrun for example_xcom_args to None, run_after=None
[2025-02-12T16:07:15.653+0000] {logging_mixin.py:151} INFO - [2025-02-12T16:07:15.653+0000] {dag.py:3696} INFO - Setting next_dagrun for example_xcom_args_with_operators to None, run_after=None
[2025-02-12T16:07:15.672+0000] {processor.py:179} INFO - Processing /home/airflow/.local/lib/python3.8/site-packages/airflow/example_dags/example_xcomargs.py took 0.072 seconds
[2025-02-12T16:07:46.275+0000] {processor.py:157} INFO - Started process (PID=5292) to work on /home/airflow/.local/lib/python3.8/site-packages/airflow/example_dags/example_xcomargs.py
[2025-02-12T16:07:46.276+0000] {processor.py:829} INFO - Processing file /home/airflow/.local/lib/python3.8/site-packages/airflow/example_dags/example_xcomargs.py for tasks to queue
[2025-02-12T16:07:46.277+0000] {logging_mixin.py:151} INFO - [2025-02-12T16:07:46.276+0000] {dagbag.py:539} INFO - Filling up the DagBag from /home/airflow/.local/lib/python3.8/site-packages/airflow/example_dags/example_xcomargs.py
[2025-02-12T16:07:46.283+0000] {processor.py:839} INFO - DAG(s) dict_keys(['example_xcom_args_with_operators', 'example_xcom_args']) retrieved from /home/airflow/.local/lib/python3.8/site-packages/airflow/example_dags/example_xcomargs.py
[2025-02-12T16:07:46.305+0000] {logging_mixin.py:151} INFO - [2025-02-12T16:07:46.305+0000] {dag.py:2915} INFO - Sync 2 DAGs
[2025-02-12T16:07:46.316+0000] {logging_mixin.py:151} INFO - [2025-02-12T16:07:46.316+0000] {dag.py:3696} INFO - Setting next_dagrun for example_xcom_args to None, run_after=None
[2025-02-12T16:07:46.320+0000] {logging_mixin.py:151} INFO - [2025-02-12T16:07:46.320+0000] {dag.py:3696} INFO - Setting next_dagrun for example_xcom_args_with_operators to None, run_after=None
[2025-02-12T16:07:46.336+0000] {processor.py:179} INFO - Processing /home/airflow/.local/lib/python3.8/site-packages/airflow/example_dags/example_xcomargs.py took 0.064 seconds
[2025-02-12T16:08:16.719+0000] {processor.py:157} INFO - Started process (PID=5559) to work on /home/airflow/.local/lib/python3.8/site-packages/airflow/example_dags/example_xcomargs.py
[2025-02-12T16:08:16.721+0000] {processor.py:829} INFO - Processing file /home/airflow/.local/lib/python3.8/site-packages/airflow/example_dags/example_xcomargs.py for tasks to queue
[2025-02-12T16:08:16.721+0000] {logging_mixin.py:151} INFO - [2025-02-12T16:08:16.721+0000] {dagbag.py:539} INFO - Filling up the DagBag from /home/airflow/.local/lib/python3.8/site-packages/airflow/example_dags/example_xcomargs.py
[2025-02-12T16:08:16.730+0000] {processor.py:839} INFO - DAG(s) dict_keys(['example_xcom_args_with_operators', 'example_xcom_args']) retrieved from /home/airflow/.local/lib/python3.8/site-packages/airflow/example_dags/example_xcomargs.py
[2025-02-12T16:08:16.765+0000] {logging_mixin.py:151} INFO - [2025-02-12T16:08:16.765+0000] {dag.py:2915} INFO - Sync 2 DAGs
[2025-02-12T16:08:16.787+0000] {logging_mixin.py:151} INFO - [2025-02-12T16:08:16.787+0000] {dag.py:3696} INFO - Setting next_dagrun for example_xcom_args to None, run_after=None
[2025-02-12T16:08:16.792+0000] {logging_mixin.py:151} INFO - [2025-02-12T16:08:16.792+0000] {dag.py:3696} INFO - Setting next_dagrun for example_xcom_args_with_operators to None, run_after=None
[2025-02-12T16:08:16.817+0000] {processor.py:179} INFO - Processing /home/airflow/.local/lib/python3.8/site-packages/airflow/example_dags/example_xcomargs.py took 0.101 seconds
[2025-02-12T16:08:56.194+0000] {processor.py:157} INFO - Started process (PID=5839) to work on /home/airflow/.local/lib/python3.8/site-packages/airflow/example_dags/example_xcomargs.py
[2025-02-12T16:08:56.195+0000] {processor.py:829} INFO - Processing file /home/airflow/.local/lib/python3.8/site-packages/airflow/example_dags/example_xcomargs.py for tasks to queue
[2025-02-12T16:08:56.197+0000] {logging_mixin.py:151} INFO - [2025-02-12T16:08:56.196+0000] {dagbag.py:539} INFO - Filling up the DagBag from /home/airflow/.local/lib/python3.8/site-packages/airflow/example_dags/example_xcomargs.py
[2025-02-12T16:08:56.211+0000] {processor.py:839} INFO - DAG(s) dict_keys(['example_xcom_args', 'example_xcom_args_with_operators']) retrieved from /home/airflow/.local/lib/python3.8/site-packages/airflow/example_dags/example_xcomargs.py
[2025-02-12T16:08:56.261+0000] {logging_mixin.py:151} INFO - [2025-02-12T16:08:56.260+0000] {dag.py:2915} INFO - Sync 2 DAGs
[2025-02-12T16:08:56.291+0000] {logging_mixin.py:151} INFO - [2025-02-12T16:08:56.290+0000] {dag.py:3696} INFO - Setting next_dagrun for example_xcom_args to None, run_after=None
[2025-02-12T16:08:56.297+0000] {logging_mixin.py:151} INFO - [2025-02-12T16:08:56.297+0000] {dag.py:3696} INFO - Setting next_dagrun for example_xcom_args_with_operators to None, run_after=None
[2025-02-12T16:08:56.349+0000] {processor.py:179} INFO - Processing /home/airflow/.local/lib/python3.8/site-packages/airflow/example_dags/example_xcomargs.py took 0.161 seconds
[2025-02-12T16:10:27.821+0000] {processor.py:157} INFO - Started process (PID=6135) to work on /home/airflow/.local/lib/python3.8/site-packages/airflow/example_dags/example_xcomargs.py
[2025-02-12T16:10:27.823+0000] {processor.py:829} INFO - Processing file /home/airflow/.local/lib/python3.8/site-packages/airflow/example_dags/example_xcomargs.py for tasks to queue
[2025-02-12T16:10:27.824+0000] {logging_mixin.py:151} INFO - [2025-02-12T16:10:27.824+0000] {dagbag.py:539} INFO - Filling up the DagBag from /home/airflow/.local/lib/python3.8/site-packages/airflow/example_dags/example_xcomargs.py
[2025-02-12T16:10:27.834+0000] {processor.py:839} INFO - DAG(s) dict_keys(['example_xcom_args_with_operators', 'example_xcom_args']) retrieved from /home/airflow/.local/lib/python3.8/site-packages/airflow/example_dags/example_xcomargs.py
[2025-02-12T16:10:27.871+0000] {logging_mixin.py:151} INFO - [2025-02-12T16:10:27.871+0000] {dag.py:2915} INFO - Sync 2 DAGs
[2025-02-12T16:10:27.892+0000] {logging_mixin.py:151} INFO - [2025-02-12T16:10:27.892+0000] {dag.py:3696} INFO - Setting next_dagrun for example_xcom_args to None, run_after=None
[2025-02-12T16:10:27.897+0000] {logging_mixin.py:151} INFO - [2025-02-12T16:10:27.897+0000] {dag.py:3696} INFO - Setting next_dagrun for example_xcom_args_with_operators to None, run_after=None
[2025-02-12T16:10:27.926+0000] {processor.py:179} INFO - Processing /home/airflow/.local/lib/python3.8/site-packages/airflow/example_dags/example_xcomargs.py took 0.109 seconds
[2025-02-12T16:10:58.771+0000] {processor.py:157} INFO - Started process (PID=6407) to work on /home/airflow/.local/lib/python3.8/site-packages/airflow/example_dags/example_xcomargs.py
[2025-02-12T16:10:58.772+0000] {processor.py:829} INFO - Processing file /home/airflow/.local/lib/python3.8/site-packages/airflow/example_dags/example_xcomargs.py for tasks to queue
[2025-02-12T16:10:58.772+0000] {logging_mixin.py:151} INFO - [2025-02-12T16:10:58.772+0000] {dagbag.py:539} INFO - Filling up the DagBag from /home/airflow/.local/lib/python3.8/site-packages/airflow/example_dags/example_xcomargs.py
[2025-02-12T16:10:58.779+0000] {processor.py:839} INFO - DAG(s) dict_keys(['example_xcom_args_with_operators', 'example_xcom_args']) retrieved from /home/airflow/.local/lib/python3.8/site-packages/airflow/example_dags/example_xcomargs.py
[2025-02-12T16:10:58.807+0000] {logging_mixin.py:151} INFO - [2025-02-12T16:10:58.807+0000] {dag.py:2915} INFO - Sync 2 DAGs
[2025-02-12T16:10:58.819+0000] {logging_mixin.py:151} INFO - [2025-02-12T16:10:58.818+0000] {dag.py:3696} INFO - Setting next_dagrun for example_xcom_args to None, run_after=None
[2025-02-12T16:10:58.822+0000] {logging_mixin.py:151} INFO - [2025-02-12T16:10:58.822+0000] {dag.py:3696} INFO - Setting next_dagrun for example_xcom_args_with_operators to None, run_after=None
[2025-02-12T16:10:58.839+0000] {processor.py:179} INFO - Processing /home/airflow/.local/lib/python3.8/site-packages/airflow/example_dags/example_xcomargs.py took 0.071 seconds
[2025-02-12T16:11:29.846+0000] {processor.py:157} INFO - Started process (PID=6667) to work on /home/airflow/.local/lib/python3.8/site-packages/airflow/example_dags/example_xcomargs.py
[2025-02-12T16:11:29.847+0000] {processor.py:829} INFO - Processing file /home/airflow/.local/lib/python3.8/site-packages/airflow/example_dags/example_xcomargs.py for tasks to queue
[2025-02-12T16:11:29.848+0000] {logging_mixin.py:151} INFO - [2025-02-12T16:11:29.848+0000] {dagbag.py:539} INFO - Filling up the DagBag from /home/airflow/.local/lib/python3.8/site-packages/airflow/example_dags/example_xcomargs.py
[2025-02-12T16:11:29.856+0000] {processor.py:839} INFO - DAG(s) dict_keys(['example_xcom_args_with_operators', 'example_xcom_args']) retrieved from /home/airflow/.local/lib/python3.8/site-packages/airflow/example_dags/example_xcomargs.py
[2025-02-12T16:11:29.883+0000] {logging_mixin.py:151} INFO - [2025-02-12T16:11:29.883+0000] {dag.py:2915} INFO - Sync 2 DAGs
[2025-02-12T16:11:29.896+0000] {logging_mixin.py:151} INFO - [2025-02-12T16:11:29.895+0000] {dag.py:3696} INFO - Setting next_dagrun for example_xcom_args to None, run_after=None
[2025-02-12T16:11:29.899+0000] {logging_mixin.py:151} INFO - [2025-02-12T16:11:29.898+0000] {dag.py:3696} INFO - Setting next_dagrun for example_xcom_args_with_operators to None, run_after=None
[2025-02-12T16:11:29.914+0000] {processor.py:179} INFO - Processing /home/airflow/.local/lib/python3.8/site-packages/airflow/example_dags/example_xcomargs.py took 0.071 seconds
