[2025-02-12T15:51:08.951+0000] {processor.py:157} INFO - Started process (PID=339) to work on /home/airflow/.local/lib/python3.8/site-packages/airflow/example_dags/example_short_circuit_decorator.py
[2025-02-12T15:51:08.952+0000] {processor.py:829} INFO - Processing file /home/airflow/.local/lib/python3.8/site-packages/airflow/example_dags/example_short_circuit_decorator.py for tasks to queue
[2025-02-12T15:51:08.953+0000] {logging_mixin.py:151} INFO - [2025-02-12T15:51:08.952+0000] {dagbag.py:539} INFO - Filling up the DagBag from /home/airflow/.local/lib/python3.8/site-packages/airflow/example_dags/example_short_circuit_decorator.py
[2025-02-12T15:51:08.962+0000] {processor.py:839} INFO - DAG(s) dict_keys(['example_short_circuit_decorator']) retrieved from /home/airflow/.local/lib/python3.8/site-packages/airflow/example_dags/example_short_circuit_decorator.py
[2025-02-12T15:51:08.973+0000] {logging_mixin.py:151} INFO - [2025-02-12T15:51:08.972+0000] {dag.py:2915} INFO - Sync 1 DAGs
[2025-02-12T15:51:09.137+0000] {logging_mixin.py:151} INFO - [2025-02-12T15:51:09.137+0000] {dag.py:3696} INFO - Setting next_dagrun for example_short_circuit_decorator to 2025-02-11T15:51:09.137546+00:00, run_after=2025-02-12T15:51:09.137546+00:00
[2025-02-12T15:51:09.156+0000] {processor.py:179} INFO - Processing /home/airflow/.local/lib/python3.8/site-packages/airflow/example_dags/example_short_circuit_decorator.py took 0.208 seconds
[2025-02-12T15:51:39.342+0000] {processor.py:157} INFO - Started process (PID=591) to work on /home/airflow/.local/lib/python3.8/site-packages/airflow/example_dags/example_short_circuit_decorator.py
[2025-02-12T15:51:39.343+0000] {processor.py:829} INFO - Processing file /home/airflow/.local/lib/python3.8/site-packages/airflow/example_dags/example_short_circuit_decorator.py for tasks to queue
[2025-02-12T15:51:39.344+0000] {logging_mixin.py:151} INFO - [2025-02-12T15:51:39.344+0000] {dagbag.py:539} INFO - Filling up the DagBag from /home/airflow/.local/lib/python3.8/site-packages/airflow/example_dags/example_short_circuit_decorator.py
[2025-02-12T15:51:39.353+0000] {processor.py:839} INFO - DAG(s) dict_keys(['example_short_circuit_decorator']) retrieved from /home/airflow/.local/lib/python3.8/site-packages/airflow/example_dags/example_short_circuit_decorator.py
[2025-02-12T15:51:39.378+0000] {logging_mixin.py:151} INFO - [2025-02-12T15:51:39.377+0000] {dag.py:2915} INFO - Sync 1 DAGs
[2025-02-12T15:51:39.405+0000] {logging_mixin.py:151} INFO - [2025-02-12T15:51:39.405+0000] {dag.py:3696} INFO - Setting next_dagrun for example_short_circuit_decorator to 2025-02-11T15:51:39.404655+00:00, run_after=2025-02-12T15:51:39.404655+00:00
[2025-02-12T15:51:39.425+0000] {processor.py:179} INFO - Processing /home/airflow/.local/lib/python3.8/site-packages/airflow/example_dags/example_short_circuit_decorator.py took 0.085 seconds
[2025-02-12T15:52:13.750+0000] {processor.py:157} INFO - Started process (PID=852) to work on /home/airflow/.local/lib/python3.8/site-packages/airflow/example_dags/example_short_circuit_decorator.py
[2025-02-12T15:52:13.751+0000] {processor.py:829} INFO - Processing file /home/airflow/.local/lib/python3.8/site-packages/airflow/example_dags/example_short_circuit_decorator.py for tasks to queue
[2025-02-12T15:52:13.752+0000] {logging_mixin.py:151} INFO - [2025-02-12T15:52:13.752+0000] {dagbag.py:539} INFO - Filling up the DagBag from /home/airflow/.local/lib/python3.8/site-packages/airflow/example_dags/example_short_circuit_decorator.py
[2025-02-12T15:52:13.761+0000] {processor.py:839} INFO - DAG(s) dict_keys(['example_short_circuit_decorator']) retrieved from /home/airflow/.local/lib/python3.8/site-packages/airflow/example_dags/example_short_circuit_decorator.py
[2025-02-12T15:52:13.783+0000] {logging_mixin.py:151} INFO - [2025-02-12T15:52:13.783+0000] {dag.py:2915} INFO - Sync 1 DAGs
[2025-02-12T15:52:13.812+0000] {logging_mixin.py:151} INFO - [2025-02-12T15:52:13.811+0000] {dag.py:3696} INFO - Setting next_dagrun for example_short_circuit_decorator to 2025-02-11T15:52:13.805361+00:00, run_after=2025-02-12T15:52:13.805361+00:00
[2025-02-12T15:52:13.845+0000] {processor.py:179} INFO - Processing /home/airflow/.local/lib/python3.8/site-packages/airflow/example_dags/example_short_circuit_decorator.py took 0.098 seconds
[2025-02-12T15:52:44.614+0000] {processor.py:157} INFO - Started process (PID=1113) to work on /home/airflow/.local/lib/python3.8/site-packages/airflow/example_dags/example_short_circuit_decorator.py
[2025-02-12T15:52:44.615+0000] {processor.py:829} INFO - Processing file /home/airflow/.local/lib/python3.8/site-packages/airflow/example_dags/example_short_circuit_decorator.py for tasks to queue
[2025-02-12T15:52:44.616+0000] {logging_mixin.py:151} INFO - [2025-02-12T15:52:44.616+0000] {dagbag.py:539} INFO - Filling up the DagBag from /home/airflow/.local/lib/python3.8/site-packages/airflow/example_dags/example_short_circuit_decorator.py
[2025-02-12T15:52:44.624+0000] {processor.py:839} INFO - DAG(s) dict_keys(['example_short_circuit_decorator']) retrieved from /home/airflow/.local/lib/python3.8/site-packages/airflow/example_dags/example_short_circuit_decorator.py
[2025-02-12T15:52:44.645+0000] {logging_mixin.py:151} INFO - [2025-02-12T15:52:44.645+0000] {dag.py:2915} INFO - Sync 1 DAGs
[2025-02-12T15:52:44.664+0000] {logging_mixin.py:151} INFO - [2025-02-12T15:52:44.663+0000] {dag.py:3696} INFO - Setting next_dagrun for example_short_circuit_decorator to 2025-02-11T15:52:44.663719+00:00, run_after=2025-02-12T15:52:44.663719+00:00
[2025-02-12T15:52:44.681+0000] {processor.py:179} INFO - Processing /home/airflow/.local/lib/python3.8/site-packages/airflow/example_dags/example_short_circuit_decorator.py took 0.069 seconds
[2025-02-12T15:53:15.796+0000] {processor.py:157} INFO - Started process (PID=1380) to work on /home/airflow/.local/lib/python3.8/site-packages/airflow/example_dags/example_short_circuit_decorator.py
[2025-02-12T15:53:15.797+0000] {processor.py:829} INFO - Processing file /home/airflow/.local/lib/python3.8/site-packages/airflow/example_dags/example_short_circuit_decorator.py for tasks to queue
[2025-02-12T15:53:15.798+0000] {logging_mixin.py:151} INFO - [2025-02-12T15:53:15.797+0000] {dagbag.py:539} INFO - Filling up the DagBag from /home/airflow/.local/lib/python3.8/site-packages/airflow/example_dags/example_short_circuit_decorator.py
[2025-02-12T15:53:15.807+0000] {processor.py:839} INFO - DAG(s) dict_keys(['example_short_circuit_decorator']) retrieved from /home/airflow/.local/lib/python3.8/site-packages/airflow/example_dags/example_short_circuit_decorator.py
[2025-02-12T15:53:15.833+0000] {logging_mixin.py:151} INFO - [2025-02-12T15:53:15.833+0000] {dag.py:2915} INFO - Sync 1 DAGs
[2025-02-12T15:53:15.853+0000] {logging_mixin.py:151} INFO - [2025-02-12T15:53:15.853+0000] {dag.py:3696} INFO - Setting next_dagrun for example_short_circuit_decorator to 2025-02-11T15:53:15.853046+00:00, run_after=2025-02-12T15:53:15.853046+00:00
[2025-02-12T15:53:15.870+0000] {processor.py:179} INFO - Processing /home/airflow/.local/lib/python3.8/site-packages/airflow/example_dags/example_short_circuit_decorator.py took 0.078 seconds
[2025-02-12T15:53:46.832+0000] {processor.py:157} INFO - Started process (PID=1646) to work on /home/airflow/.local/lib/python3.8/site-packages/airflow/example_dags/example_short_circuit_decorator.py
[2025-02-12T15:53:46.833+0000] {processor.py:829} INFO - Processing file /home/airflow/.local/lib/python3.8/site-packages/airflow/example_dags/example_short_circuit_decorator.py for tasks to queue
[2025-02-12T15:53:46.833+0000] {logging_mixin.py:151} INFO - [2025-02-12T15:53:46.833+0000] {dagbag.py:539} INFO - Filling up the DagBag from /home/airflow/.local/lib/python3.8/site-packages/airflow/example_dags/example_short_circuit_decorator.py
[2025-02-12T15:53:46.841+0000] {processor.py:839} INFO - DAG(s) dict_keys(['example_short_circuit_decorator']) retrieved from /home/airflow/.local/lib/python3.8/site-packages/airflow/example_dags/example_short_circuit_decorator.py
[2025-02-12T15:53:46.861+0000] {logging_mixin.py:151} INFO - [2025-02-12T15:53:46.861+0000] {dag.py:2915} INFO - Sync 1 DAGs
[2025-02-12T15:53:46.881+0000] {logging_mixin.py:151} INFO - [2025-02-12T15:53:46.881+0000] {dag.py:3696} INFO - Setting next_dagrun for example_short_circuit_decorator to 2025-02-11T15:53:46.880957+00:00, run_after=2025-02-12T15:53:46.880957+00:00
[2025-02-12T15:53:46.896+0000] {processor.py:179} INFO - Processing /home/airflow/.local/lib/python3.8/site-packages/airflow/example_dags/example_short_circuit_decorator.py took 0.067 seconds
[2025-02-12T15:55:32.597+0000] {processor.py:157} INFO - Started process (PID=337) to work on /home/airflow/.local/lib/python3.8/site-packages/airflow/example_dags/example_short_circuit_decorator.py
[2025-02-12T15:55:32.598+0000] {processor.py:829} INFO - Processing file /home/airflow/.local/lib/python3.8/site-packages/airflow/example_dags/example_short_circuit_decorator.py for tasks to queue
[2025-02-12T15:55:32.600+0000] {logging_mixin.py:151} INFO - [2025-02-12T15:55:32.599+0000] {dagbag.py:539} INFO - Filling up the DagBag from /home/airflow/.local/lib/python3.8/site-packages/airflow/example_dags/example_short_circuit_decorator.py
[2025-02-12T15:55:32.748+0000] {processor.py:839} INFO - DAG(s) dict_keys(['example_short_circuit_decorator']) retrieved from /home/airflow/.local/lib/python3.8/site-packages/airflow/example_dags/example_short_circuit_decorator.py
[2025-02-12T15:55:32.773+0000] {logging_mixin.py:151} INFO - [2025-02-12T15:55:32.773+0000] {dag.py:2915} INFO - Sync 1 DAGs
[2025-02-12T15:55:32.791+0000] {logging_mixin.py:151} INFO - [2025-02-12T15:55:32.790+0000] {dag.py:3696} INFO - Setting next_dagrun for example_short_circuit_decorator to 2025-02-11T15:55:32.790719+00:00, run_after=2025-02-12T15:55:32.790719+00:00
[2025-02-12T15:55:32.810+0000] {processor.py:179} INFO - Processing /home/airflow/.local/lib/python3.8/site-packages/airflow/example_dags/example_short_circuit_decorator.py took 0.217 seconds
[2025-02-12T15:56:04.011+0000] {processor.py:157} INFO - Started process (PID=591) to work on /home/airflow/.local/lib/python3.8/site-packages/airflow/example_dags/example_short_circuit_decorator.py
[2025-02-12T15:56:04.012+0000] {processor.py:829} INFO - Processing file /home/airflow/.local/lib/python3.8/site-packages/airflow/example_dags/example_short_circuit_decorator.py for tasks to queue
[2025-02-12T15:56:04.013+0000] {logging_mixin.py:151} INFO - [2025-02-12T15:56:04.013+0000] {dagbag.py:539} INFO - Filling up the DagBag from /home/airflow/.local/lib/python3.8/site-packages/airflow/example_dags/example_short_circuit_decorator.py
[2025-02-12T15:56:04.026+0000] {processor.py:839} INFO - DAG(s) dict_keys(['example_short_circuit_decorator']) retrieved from /home/airflow/.local/lib/python3.8/site-packages/airflow/example_dags/example_short_circuit_decorator.py
[2025-02-12T15:56:04.051+0000] {logging_mixin.py:151} INFO - [2025-02-12T15:56:04.050+0000] {dag.py:2915} INFO - Sync 1 DAGs
[2025-02-12T15:56:04.076+0000] {logging_mixin.py:151} INFO - [2025-02-12T15:56:04.075+0000] {dag.py:3696} INFO - Setting next_dagrun for example_short_circuit_decorator to 2025-02-11T15:56:04.075671+00:00, run_after=2025-02-12T15:56:04.075671+00:00
[2025-02-12T15:56:04.099+0000] {processor.py:179} INFO - Processing /home/airflow/.local/lib/python3.8/site-packages/airflow/example_dags/example_short_circuit_decorator.py took 0.091 seconds
[2025-02-12T15:56:34.731+0000] {processor.py:157} INFO - Started process (PID=852) to work on /home/airflow/.local/lib/python3.8/site-packages/airflow/example_dags/example_short_circuit_decorator.py
[2025-02-12T15:56:34.733+0000] {processor.py:829} INFO - Processing file /home/airflow/.local/lib/python3.8/site-packages/airflow/example_dags/example_short_circuit_decorator.py for tasks to queue
[2025-02-12T15:56:34.733+0000] {logging_mixin.py:151} INFO - [2025-02-12T15:56:34.733+0000] {dagbag.py:539} INFO - Filling up the DagBag from /home/airflow/.local/lib/python3.8/site-packages/airflow/example_dags/example_short_circuit_decorator.py
[2025-02-12T15:56:34.742+0000] {processor.py:839} INFO - DAG(s) dict_keys(['example_short_circuit_decorator']) retrieved from /home/airflow/.local/lib/python3.8/site-packages/airflow/example_dags/example_short_circuit_decorator.py
[2025-02-12T15:56:34.763+0000] {logging_mixin.py:151} INFO - [2025-02-12T15:56:34.762+0000] {dag.py:2915} INFO - Sync 1 DAGs
[2025-02-12T15:56:34.782+0000] {logging_mixin.py:151} INFO - [2025-02-12T15:56:34.782+0000] {dag.py:3696} INFO - Setting next_dagrun for example_short_circuit_decorator to 2025-02-11T15:56:34.782445+00:00, run_after=2025-02-12T15:56:34.782445+00:00
[2025-02-12T15:56:34.800+0000] {processor.py:179} INFO - Processing /home/airflow/.local/lib/python3.8/site-packages/airflow/example_dags/example_short_circuit_decorator.py took 0.072 seconds
[2025-02-12T15:57:05.454+0000] {processor.py:157} INFO - Started process (PID=1113) to work on /home/airflow/.local/lib/python3.8/site-packages/airflow/example_dags/example_short_circuit_decorator.py
[2025-02-12T15:57:05.455+0000] {processor.py:829} INFO - Processing file /home/airflow/.local/lib/python3.8/site-packages/airflow/example_dags/example_short_circuit_decorator.py for tasks to queue
[2025-02-12T15:57:05.456+0000] {logging_mixin.py:151} INFO - [2025-02-12T15:57:05.456+0000] {dagbag.py:539} INFO - Filling up the DagBag from /home/airflow/.local/lib/python3.8/site-packages/airflow/example_dags/example_short_circuit_decorator.py
[2025-02-12T15:57:05.465+0000] {processor.py:839} INFO - DAG(s) dict_keys(['example_short_circuit_decorator']) retrieved from /home/airflow/.local/lib/python3.8/site-packages/airflow/example_dags/example_short_circuit_decorator.py
[2025-02-12T15:57:05.486+0000] {logging_mixin.py:151} INFO - [2025-02-12T15:57:05.486+0000] {dag.py:2915} INFO - Sync 1 DAGs
[2025-02-12T15:57:05.507+0000] {logging_mixin.py:151} INFO - [2025-02-12T15:57:05.506+0000] {dag.py:3696} INFO - Setting next_dagrun for example_short_circuit_decorator to 2025-02-11T15:57:05.506753+00:00, run_after=2025-02-12T15:57:05.506753+00:00
[2025-02-12T15:57:05.523+0000] {processor.py:179} INFO - Processing /home/airflow/.local/lib/python3.8/site-packages/airflow/example_dags/example_short_circuit_decorator.py took 0.072 seconds
[2025-02-12T15:57:36.297+0000] {processor.py:157} INFO - Started process (PID=1374) to work on /home/airflow/.local/lib/python3.8/site-packages/airflow/example_dags/example_short_circuit_decorator.py
[2025-02-12T15:57:36.298+0000] {processor.py:829} INFO - Processing file /home/airflow/.local/lib/python3.8/site-packages/airflow/example_dags/example_short_circuit_decorator.py for tasks to queue
[2025-02-12T15:57:36.299+0000] {logging_mixin.py:151} INFO - [2025-02-12T15:57:36.299+0000] {dagbag.py:539} INFO - Filling up the DagBag from /home/airflow/.local/lib/python3.8/site-packages/airflow/example_dags/example_short_circuit_decorator.py
[2025-02-12T15:57:36.306+0000] {processor.py:839} INFO - DAG(s) dict_keys(['example_short_circuit_decorator']) retrieved from /home/airflow/.local/lib/python3.8/site-packages/airflow/example_dags/example_short_circuit_decorator.py
[2025-02-12T15:57:36.326+0000] {logging_mixin.py:151} INFO - [2025-02-12T15:57:36.326+0000] {dag.py:2915} INFO - Sync 1 DAGs
[2025-02-12T15:57:36.343+0000] {logging_mixin.py:151} INFO - [2025-02-12T15:57:36.343+0000] {dag.py:3696} INFO - Setting next_dagrun for example_short_circuit_decorator to 2025-02-11T15:57:36.343369+00:00, run_after=2025-02-12T15:57:36.343369+00:00
[2025-02-12T15:57:36.357+0000] {processor.py:179} INFO - Processing /home/airflow/.local/lib/python3.8/site-packages/airflow/example_dags/example_short_circuit_decorator.py took 0.063 seconds
[2025-02-12T15:59:38.071+0000] {processor.py:157} INFO - Started process (PID=1688) to work on /home/airflow/.local/lib/python3.8/site-packages/airflow/example_dags/example_short_circuit_decorator.py
[2025-02-12T15:59:38.072+0000] {processor.py:829} INFO - Processing file /home/airflow/.local/lib/python3.8/site-packages/airflow/example_dags/example_short_circuit_decorator.py for tasks to queue
[2025-02-12T15:59:38.073+0000] {logging_mixin.py:151} INFO - [2025-02-12T15:59:38.073+0000] {dagbag.py:539} INFO - Filling up the DagBag from /home/airflow/.local/lib/python3.8/site-packages/airflow/example_dags/example_short_circuit_decorator.py
[2025-02-12T15:59:38.081+0000] {processor.py:839} INFO - DAG(s) dict_keys(['example_short_circuit_decorator']) retrieved from /home/airflow/.local/lib/python3.8/site-packages/airflow/example_dags/example_short_circuit_decorator.py
[2025-02-12T15:59:38.103+0000] {logging_mixin.py:151} INFO - [2025-02-12T15:59:38.103+0000] {dag.py:2915} INFO - Sync 1 DAGs
[2025-02-12T15:59:38.125+0000] {logging_mixin.py:151} INFO - [2025-02-12T15:59:38.124+0000] {dag.py:3696} INFO - Setting next_dagrun for example_short_circuit_decorator to 2025-02-11T15:59:38.124646+00:00, run_after=2025-02-12T15:59:38.124646+00:00
[2025-02-12T15:59:38.143+0000] {processor.py:179} INFO - Processing /home/airflow/.local/lib/python3.8/site-packages/airflow/example_dags/example_short_circuit_decorator.py took 0.075 seconds
[2025-02-12T16:00:08.429+0000] {processor.py:157} INFO - Started process (PID=1975) to work on /home/airflow/.local/lib/python3.8/site-packages/airflow/example_dags/example_short_circuit_decorator.py
[2025-02-12T16:00:08.430+0000] {processor.py:829} INFO - Processing file /home/airflow/.local/lib/python3.8/site-packages/airflow/example_dags/example_short_circuit_decorator.py for tasks to queue
[2025-02-12T16:00:08.431+0000] {logging_mixin.py:151} INFO - [2025-02-12T16:00:08.431+0000] {dagbag.py:539} INFO - Filling up the DagBag from /home/airflow/.local/lib/python3.8/site-packages/airflow/example_dags/example_short_circuit_decorator.py
[2025-02-12T16:00:08.439+0000] {processor.py:839} INFO - DAG(s) dict_keys(['example_short_circuit_decorator']) retrieved from /home/airflow/.local/lib/python3.8/site-packages/airflow/example_dags/example_short_circuit_decorator.py
[2025-02-12T16:00:08.462+0000] {logging_mixin.py:151} INFO - [2025-02-12T16:00:08.461+0000] {dag.py:2915} INFO - Sync 1 DAGs
[2025-02-12T16:00:08.485+0000] {logging_mixin.py:151} INFO - [2025-02-12T16:00:08.484+0000] {dag.py:3696} INFO - Setting next_dagrun for example_short_circuit_decorator to 2025-02-11T16:00:08.484673+00:00, run_after=2025-02-12T16:00:08.484673+00:00
[2025-02-12T16:00:08.504+0000] {processor.py:179} INFO - Processing /home/airflow/.local/lib/python3.8/site-packages/airflow/example_dags/example_short_circuit_decorator.py took 0.078 seconds
[2025-02-12T16:01:57.700+0000] {processor.py:157} INFO - Started process (PID=2284) to work on /home/airflow/.local/lib/python3.8/site-packages/airflow/example_dags/example_short_circuit_decorator.py
[2025-02-12T16:01:57.701+0000] {processor.py:829} INFO - Processing file /home/airflow/.local/lib/python3.8/site-packages/airflow/example_dags/example_short_circuit_decorator.py for tasks to queue
[2025-02-12T16:01:57.702+0000] {logging_mixin.py:151} INFO - [2025-02-12T16:01:57.702+0000] {dagbag.py:539} INFO - Filling up the DagBag from /home/airflow/.local/lib/python3.8/site-packages/airflow/example_dags/example_short_circuit_decorator.py
[2025-02-12T16:01:57.713+0000] {processor.py:839} INFO - DAG(s) dict_keys(['example_short_circuit_decorator']) retrieved from /home/airflow/.local/lib/python3.8/site-packages/airflow/example_dags/example_short_circuit_decorator.py
[2025-02-12T16:01:57.740+0000] {logging_mixin.py:151} INFO - [2025-02-12T16:01:57.740+0000] {dag.py:2915} INFO - Sync 1 DAGs
[2025-02-12T16:01:57.766+0000] {logging_mixin.py:151} INFO - [2025-02-12T16:01:57.766+0000] {dag.py:3696} INFO - Setting next_dagrun for example_short_circuit_decorator to 2025-02-11T16:01:57.765953+00:00, run_after=2025-02-12T16:01:57.765953+00:00
[2025-02-12T16:01:57.786+0000] {processor.py:179} INFO - Processing /home/airflow/.local/lib/python3.8/site-packages/airflow/example_dags/example_short_circuit_decorator.py took 0.090 seconds
[2025-02-12T16:02:28.281+0000] {processor.py:157} INFO - Started process (PID=2583) to work on /home/airflow/.local/lib/python3.8/site-packages/airflow/example_dags/example_short_circuit_decorator.py
[2025-02-12T16:02:28.282+0000] {processor.py:829} INFO - Processing file /home/airflow/.local/lib/python3.8/site-packages/airflow/example_dags/example_short_circuit_decorator.py for tasks to queue
[2025-02-12T16:02:28.283+0000] {logging_mixin.py:151} INFO - [2025-02-12T16:02:28.283+0000] {dagbag.py:539} INFO - Filling up the DagBag from /home/airflow/.local/lib/python3.8/site-packages/airflow/example_dags/example_short_circuit_decorator.py
[2025-02-12T16:02:28.292+0000] {processor.py:839} INFO - DAG(s) dict_keys(['example_short_circuit_decorator']) retrieved from /home/airflow/.local/lib/python3.8/site-packages/airflow/example_dags/example_short_circuit_decorator.py
[2025-02-12T16:02:28.318+0000] {logging_mixin.py:151} INFO - [2025-02-12T16:02:28.318+0000] {dag.py:2915} INFO - Sync 1 DAGs
[2025-02-12T16:02:28.338+0000] {logging_mixin.py:151} INFO - [2025-02-12T16:02:28.337+0000] {dag.py:3696} INFO - Setting next_dagrun for example_short_circuit_decorator to 2025-02-11T16:02:28.337706+00:00, run_after=2025-02-12T16:02:28.337706+00:00
[2025-02-12T16:02:28.352+0000] {processor.py:179} INFO - Processing /home/airflow/.local/lib/python3.8/site-packages/airflow/example_dags/example_short_circuit_decorator.py took 0.075 seconds
[2025-02-12T16:03:03.199+0000] {processor.py:157} INFO - Started process (PID=2880) to work on /home/airflow/.local/lib/python3.8/site-packages/airflow/example_dags/example_short_circuit_decorator.py
[2025-02-12T16:03:03.201+0000] {processor.py:829} INFO - Processing file /home/airflow/.local/lib/python3.8/site-packages/airflow/example_dags/example_short_circuit_decorator.py for tasks to queue
[2025-02-12T16:03:03.202+0000] {logging_mixin.py:151} INFO - [2025-02-12T16:03:03.202+0000] {dagbag.py:539} INFO - Filling up the DagBag from /home/airflow/.local/lib/python3.8/site-packages/airflow/example_dags/example_short_circuit_decorator.py
[2025-02-12T16:03:03.213+0000] {processor.py:839} INFO - DAG(s) dict_keys(['example_short_circuit_decorator']) retrieved from /home/airflow/.local/lib/python3.8/site-packages/airflow/example_dags/example_short_circuit_decorator.py
[2025-02-12T16:03:03.240+0000] {logging_mixin.py:151} INFO - [2025-02-12T16:03:03.239+0000] {dag.py:2915} INFO - Sync 1 DAGs
[2025-02-12T16:03:03.266+0000] {logging_mixin.py:151} INFO - [2025-02-12T16:03:03.266+0000] {dag.py:3696} INFO - Setting next_dagrun for example_short_circuit_decorator to 2025-02-11T16:03:03.265827+00:00, run_after=2025-02-12T16:03:03.265827+00:00
[2025-02-12T16:03:03.290+0000] {processor.py:179} INFO - Processing /home/airflow/.local/lib/python3.8/site-packages/airflow/example_dags/example_short_circuit_decorator.py took 0.096 seconds
[2025-02-12T16:03:34.457+0000] {processor.py:157} INFO - Started process (PID=3188) to work on /home/airflow/.local/lib/python3.8/site-packages/airflow/example_dags/example_short_circuit_decorator.py
[2025-02-12T16:03:34.458+0000] {processor.py:829} INFO - Processing file /home/airflow/.local/lib/python3.8/site-packages/airflow/example_dags/example_short_circuit_decorator.py for tasks to queue
[2025-02-12T16:03:34.458+0000] {logging_mixin.py:151} INFO - [2025-02-12T16:03:34.458+0000] {dagbag.py:539} INFO - Filling up the DagBag from /home/airflow/.local/lib/python3.8/site-packages/airflow/example_dags/example_short_circuit_decorator.py
[2025-02-12T16:03:34.466+0000] {processor.py:839} INFO - DAG(s) dict_keys(['example_short_circuit_decorator']) retrieved from /home/airflow/.local/lib/python3.8/site-packages/airflow/example_dags/example_short_circuit_decorator.py
[2025-02-12T16:03:34.489+0000] {logging_mixin.py:151} INFO - [2025-02-12T16:03:34.489+0000] {dag.py:2915} INFO - Sync 1 DAGs
[2025-02-12T16:03:34.508+0000] {logging_mixin.py:151} INFO - [2025-02-12T16:03:34.508+0000] {dag.py:3696} INFO - Setting next_dagrun for example_short_circuit_decorator to 2025-02-11T16:03:34.508251+00:00, run_after=2025-02-12T16:03:34.508251+00:00
[2025-02-12T16:03:34.525+0000] {processor.py:179} INFO - Processing /home/airflow/.local/lib/python3.8/site-packages/airflow/example_dags/example_short_circuit_decorator.py took 0.071 seconds
[2025-02-12T16:04:06.808+0000] {processor.py:157} INFO - Started process (PID=3449) to work on /home/airflow/.local/lib/python3.8/site-packages/airflow/example_dags/example_short_circuit_decorator.py
[2025-02-12T16:04:06.809+0000] {processor.py:829} INFO - Processing file /home/airflow/.local/lib/python3.8/site-packages/airflow/example_dags/example_short_circuit_decorator.py for tasks to queue
[2025-02-12T16:04:06.810+0000] {logging_mixin.py:151} INFO - [2025-02-12T16:04:06.809+0000] {dagbag.py:539} INFO - Filling up the DagBag from /home/airflow/.local/lib/python3.8/site-packages/airflow/example_dags/example_short_circuit_decorator.py
[2025-02-12T16:04:06.817+0000] {processor.py:839} INFO - DAG(s) dict_keys(['example_short_circuit_decorator']) retrieved from /home/airflow/.local/lib/python3.8/site-packages/airflow/example_dags/example_short_circuit_decorator.py
[2025-02-12T16:04:06.840+0000] {logging_mixin.py:151} INFO - [2025-02-12T16:04:06.840+0000] {dag.py:2915} INFO - Sync 1 DAGs
[2025-02-12T16:04:06.861+0000] {logging_mixin.py:151} INFO - [2025-02-12T16:04:06.860+0000] {dag.py:3696} INFO - Setting next_dagrun for example_short_circuit_decorator to 2025-02-11T16:04:06.860576+00:00, run_after=2025-02-12T16:04:06.860576+00:00
[2025-02-12T16:04:06.878+0000] {processor.py:179} INFO - Processing /home/airflow/.local/lib/python3.8/site-packages/airflow/example_dags/example_short_circuit_decorator.py took 0.072 seconds
[2025-02-12T16:04:39.281+0000] {processor.py:157} INFO - Started process (PID=3709) to work on /home/airflow/.local/lib/python3.8/site-packages/airflow/example_dags/example_short_circuit_decorator.py
[2025-02-12T16:04:39.282+0000] {processor.py:829} INFO - Processing file /home/airflow/.local/lib/python3.8/site-packages/airflow/example_dags/example_short_circuit_decorator.py for tasks to queue
[2025-02-12T16:04:39.283+0000] {logging_mixin.py:151} INFO - [2025-02-12T16:04:39.282+0000] {dagbag.py:539} INFO - Filling up the DagBag from /home/airflow/.local/lib/python3.8/site-packages/airflow/example_dags/example_short_circuit_decorator.py
[2025-02-12T16:04:39.291+0000] {processor.py:839} INFO - DAG(s) dict_keys(['example_short_circuit_decorator']) retrieved from /home/airflow/.local/lib/python3.8/site-packages/airflow/example_dags/example_short_circuit_decorator.py
[2025-02-12T16:04:39.311+0000] {logging_mixin.py:151} INFO - [2025-02-12T16:04:39.311+0000] {dag.py:2915} INFO - Sync 1 DAGs
[2025-02-12T16:04:39.331+0000] {logging_mixin.py:151} INFO - [2025-02-12T16:04:39.330+0000] {dag.py:3696} INFO - Setting next_dagrun for example_short_circuit_decorator to 2025-02-11T16:04:39.330719+00:00, run_after=2025-02-12T16:04:39.330719+00:00
[2025-02-12T16:04:39.350+0000] {processor.py:179} INFO - Processing /home/airflow/.local/lib/python3.8/site-packages/airflow/example_dags/example_short_circuit_decorator.py took 0.072 seconds
[2025-02-12T16:05:12.632+0000] {processor.py:157} INFO - Started process (PID=3977) to work on /home/airflow/.local/lib/python3.8/site-packages/airflow/example_dags/example_short_circuit_decorator.py
[2025-02-12T16:05:12.633+0000] {processor.py:829} INFO - Processing file /home/airflow/.local/lib/python3.8/site-packages/airflow/example_dags/example_short_circuit_decorator.py for tasks to queue
[2025-02-12T16:05:12.633+0000] {logging_mixin.py:151} INFO - [2025-02-12T16:05:12.633+0000] {dagbag.py:539} INFO - Filling up the DagBag from /home/airflow/.local/lib/python3.8/site-packages/airflow/example_dags/example_short_circuit_decorator.py
[2025-02-12T16:05:12.641+0000] {processor.py:839} INFO - DAG(s) dict_keys(['example_short_circuit_decorator']) retrieved from /home/airflow/.local/lib/python3.8/site-packages/airflow/example_dags/example_short_circuit_decorator.py
[2025-02-12T16:05:12.659+0000] {logging_mixin.py:151} INFO - [2025-02-12T16:05:12.659+0000] {dag.py:2915} INFO - Sync 1 DAGs
[2025-02-12T16:05:12.676+0000] {logging_mixin.py:151} INFO - [2025-02-12T16:05:12.676+0000] {dag.py:3696} INFO - Setting next_dagrun for example_short_circuit_decorator to 2025-02-11T16:05:12.675936+00:00, run_after=2025-02-12T16:05:12.675936+00:00
[2025-02-12T16:05:12.690+0000] {processor.py:179} INFO - Processing /home/airflow/.local/lib/python3.8/site-packages/airflow/example_dags/example_short_circuit_decorator.py took 0.060 seconds
[2025-02-12T16:05:44.143+0000] {processor.py:157} INFO - Started process (PID=4238) to work on /home/airflow/.local/lib/python3.8/site-packages/airflow/example_dags/example_short_circuit_decorator.py
[2025-02-12T16:05:44.144+0000] {processor.py:829} INFO - Processing file /home/airflow/.local/lib/python3.8/site-packages/airflow/example_dags/example_short_circuit_decorator.py for tasks to queue
[2025-02-12T16:05:44.144+0000] {logging_mixin.py:151} INFO - [2025-02-12T16:05:44.144+0000] {dagbag.py:539} INFO - Filling up the DagBag from /home/airflow/.local/lib/python3.8/site-packages/airflow/example_dags/example_short_circuit_decorator.py
[2025-02-12T16:05:44.154+0000] {processor.py:839} INFO - DAG(s) dict_keys(['example_short_circuit_decorator']) retrieved from /home/airflow/.local/lib/python3.8/site-packages/airflow/example_dags/example_short_circuit_decorator.py
[2025-02-12T16:05:44.193+0000] {logging_mixin.py:151} INFO - [2025-02-12T16:05:44.193+0000] {dag.py:2915} INFO - Sync 1 DAGs
[2025-02-12T16:05:44.217+0000] {logging_mixin.py:151} INFO - [2025-02-12T16:05:44.217+0000] {dag.py:3696} INFO - Setting next_dagrun for example_short_circuit_decorator to 2025-02-11T16:05:44.217292+00:00, run_after=2025-02-12T16:05:44.217292+00:00
[2025-02-12T16:05:44.239+0000] {processor.py:179} INFO - Processing /home/airflow/.local/lib/python3.8/site-packages/airflow/example_dags/example_short_circuit_decorator.py took 0.099 seconds
[2025-02-12T16:06:14.545+0000] {processor.py:157} INFO - Started process (PID=4507) to work on /home/airflow/.local/lib/python3.8/site-packages/airflow/example_dags/example_short_circuit_decorator.py
[2025-02-12T16:06:14.546+0000] {processor.py:829} INFO - Processing file /home/airflow/.local/lib/python3.8/site-packages/airflow/example_dags/example_short_circuit_decorator.py for tasks to queue
[2025-02-12T16:06:14.547+0000] {logging_mixin.py:151} INFO - [2025-02-12T16:06:14.547+0000] {dagbag.py:539} INFO - Filling up the DagBag from /home/airflow/.local/lib/python3.8/site-packages/airflow/example_dags/example_short_circuit_decorator.py
[2025-02-12T16:06:14.556+0000] {processor.py:839} INFO - DAG(s) dict_keys(['example_short_circuit_decorator']) retrieved from /home/airflow/.local/lib/python3.8/site-packages/airflow/example_dags/example_short_circuit_decorator.py
[2025-02-12T16:06:14.578+0000] {logging_mixin.py:151} INFO - [2025-02-12T16:06:14.578+0000] {dag.py:2915} INFO - Sync 1 DAGs
[2025-02-12T16:06:14.598+0000] {logging_mixin.py:151} INFO - [2025-02-12T16:06:14.598+0000] {dag.py:3696} INFO - Setting next_dagrun for example_short_circuit_decorator to 2025-02-11T16:06:14.598431+00:00, run_after=2025-02-12T16:06:14.598431+00:00
[2025-02-12T16:06:14.616+0000] {processor.py:179} INFO - Processing /home/airflow/.local/lib/python3.8/site-packages/airflow/example_dags/example_short_circuit_decorator.py took 0.074 seconds
[2025-02-12T16:06:45.136+0000] {processor.py:157} INFO - Started process (PID=4759) to work on /home/airflow/.local/lib/python3.8/site-packages/airflow/example_dags/example_short_circuit_decorator.py
[2025-02-12T16:06:45.137+0000] {processor.py:829} INFO - Processing file /home/airflow/.local/lib/python3.8/site-packages/airflow/example_dags/example_short_circuit_decorator.py for tasks to queue
[2025-02-12T16:06:45.138+0000] {logging_mixin.py:151} INFO - [2025-02-12T16:06:45.138+0000] {dagbag.py:539} INFO - Filling up the DagBag from /home/airflow/.local/lib/python3.8/site-packages/airflow/example_dags/example_short_circuit_decorator.py
[2025-02-12T16:06:45.147+0000] {processor.py:839} INFO - DAG(s) dict_keys(['example_short_circuit_decorator']) retrieved from /home/airflow/.local/lib/python3.8/site-packages/airflow/example_dags/example_short_circuit_decorator.py
[2025-02-12T16:06:45.171+0000] {logging_mixin.py:151} INFO - [2025-02-12T16:06:45.171+0000] {dag.py:2915} INFO - Sync 1 DAGs
[2025-02-12T16:06:45.192+0000] {logging_mixin.py:151} INFO - [2025-02-12T16:06:45.191+0000] {dag.py:3696} INFO - Setting next_dagrun for example_short_circuit_decorator to 2025-02-11T16:06:45.191714+00:00, run_after=2025-02-12T16:06:45.191714+00:00
[2025-02-12T16:06:45.212+0000] {processor.py:179} INFO - Processing /home/airflow/.local/lib/python3.8/site-packages/airflow/example_dags/example_short_circuit_decorator.py took 0.079 seconds
[2025-02-12T16:07:16.060+0000] {processor.py:157} INFO - Started process (PID=5076) to work on /home/airflow/.local/lib/python3.8/site-packages/airflow/example_dags/example_short_circuit_decorator.py
[2025-02-12T16:07:16.061+0000] {processor.py:829} INFO - Processing file /home/airflow/.local/lib/python3.8/site-packages/airflow/example_dags/example_short_circuit_decorator.py for tasks to queue
[2025-02-12T16:07:16.061+0000] {logging_mixin.py:151} INFO - [2025-02-12T16:07:16.061+0000] {dagbag.py:539} INFO - Filling up the DagBag from /home/airflow/.local/lib/python3.8/site-packages/airflow/example_dags/example_short_circuit_decorator.py
[2025-02-12T16:07:16.073+0000] {processor.py:839} INFO - DAG(s) dict_keys(['example_short_circuit_decorator']) retrieved from /home/airflow/.local/lib/python3.8/site-packages/airflow/example_dags/example_short_circuit_decorator.py
[2025-02-12T16:07:16.094+0000] {logging_mixin.py:151} INFO - [2025-02-12T16:07:16.093+0000] {dag.py:2915} INFO - Sync 1 DAGs
[2025-02-12T16:07:16.114+0000] {logging_mixin.py:151} INFO - [2025-02-12T16:07:16.114+0000] {dag.py:3696} INFO - Setting next_dagrun for example_short_circuit_decorator to 2025-02-11T16:07:16.113850+00:00, run_after=2025-02-12T16:07:16.113850+00:00
[2025-02-12T16:07:16.130+0000] {processor.py:179} INFO - Processing /home/airflow/.local/lib/python3.8/site-packages/airflow/example_dags/example_short_circuit_decorator.py took 0.073 seconds
[2025-02-12T16:07:46.767+0000] {processor.py:157} INFO - Started process (PID=5337) to work on /home/airflow/.local/lib/python3.8/site-packages/airflow/example_dags/example_short_circuit_decorator.py
[2025-02-12T16:07:46.768+0000] {processor.py:829} INFO - Processing file /home/airflow/.local/lib/python3.8/site-packages/airflow/example_dags/example_short_circuit_decorator.py for tasks to queue
[2025-02-12T16:07:46.769+0000] {logging_mixin.py:151} INFO - [2025-02-12T16:07:46.769+0000] {dagbag.py:539} INFO - Filling up the DagBag from /home/airflow/.local/lib/python3.8/site-packages/airflow/example_dags/example_short_circuit_decorator.py
[2025-02-12T16:07:46.778+0000] {processor.py:839} INFO - DAG(s) dict_keys(['example_short_circuit_decorator']) retrieved from /home/airflow/.local/lib/python3.8/site-packages/airflow/example_dags/example_short_circuit_decorator.py
[2025-02-12T16:07:46.800+0000] {logging_mixin.py:151} INFO - [2025-02-12T16:07:46.799+0000] {dag.py:2915} INFO - Sync 1 DAGs
[2025-02-12T16:07:46.820+0000] {logging_mixin.py:151} INFO - [2025-02-12T16:07:46.820+0000] {dag.py:3696} INFO - Setting next_dagrun for example_short_circuit_decorator to 2025-02-11T16:07:46.820011+00:00, run_after=2025-02-12T16:07:46.820011+00:00
[2025-02-12T16:07:46.838+0000] {processor.py:179} INFO - Processing /home/airflow/.local/lib/python3.8/site-packages/airflow/example_dags/example_short_circuit_decorator.py took 0.074 seconds
[2025-02-12T16:08:17.769+0000] {processor.py:157} INFO - Started process (PID=5616) to work on /home/airflow/.local/lib/python3.8/site-packages/airflow/example_dags/example_short_circuit_decorator.py
[2025-02-12T16:08:17.770+0000] {processor.py:829} INFO - Processing file /home/airflow/.local/lib/python3.8/site-packages/airflow/example_dags/example_short_circuit_decorator.py for tasks to queue
[2025-02-12T16:08:17.771+0000] {logging_mixin.py:151} INFO - [2025-02-12T16:08:17.771+0000] {dagbag.py:539} INFO - Filling up the DagBag from /home/airflow/.local/lib/python3.8/site-packages/airflow/example_dags/example_short_circuit_decorator.py
[2025-02-12T16:08:17.788+0000] {processor.py:839} INFO - DAG(s) dict_keys(['example_short_circuit_decorator']) retrieved from /home/airflow/.local/lib/python3.8/site-packages/airflow/example_dags/example_short_circuit_decorator.py
[2025-02-12T16:08:17.838+0000] {logging_mixin.py:151} INFO - [2025-02-12T16:08:17.838+0000] {dag.py:2915} INFO - Sync 1 DAGs
[2025-02-12T16:08:17.882+0000] {logging_mixin.py:151} INFO - [2025-02-12T16:08:17.881+0000] {dag.py:3696} INFO - Setting next_dagrun for example_short_circuit_decorator to 2025-02-11T16:08:17.881303+00:00, run_after=2025-02-12T16:08:17.881303+00:00
[2025-02-12T16:08:17.922+0000] {processor.py:179} INFO - Processing /home/airflow/.local/lib/python3.8/site-packages/airflow/example_dags/example_short_circuit_decorator.py took 0.158 seconds
[2025-02-12T16:08:57.358+0000] {processor.py:157} INFO - Started process (PID=5886) to work on /home/airflow/.local/lib/python3.8/site-packages/airflow/example_dags/example_short_circuit_decorator.py
[2025-02-12T16:08:57.360+0000] {processor.py:829} INFO - Processing file /home/airflow/.local/lib/python3.8/site-packages/airflow/example_dags/example_short_circuit_decorator.py for tasks to queue
[2025-02-12T16:08:57.361+0000] {logging_mixin.py:151} INFO - [2025-02-12T16:08:57.361+0000] {dagbag.py:539} INFO - Filling up the DagBag from /home/airflow/.local/lib/python3.8/site-packages/airflow/example_dags/example_short_circuit_decorator.py
[2025-02-12T16:08:57.377+0000] {processor.py:839} INFO - DAG(s) dict_keys(['example_short_circuit_decorator']) retrieved from /home/airflow/.local/lib/python3.8/site-packages/airflow/example_dags/example_short_circuit_decorator.py
[2025-02-12T16:08:57.422+0000] {logging_mixin.py:151} INFO - [2025-02-12T16:08:57.422+0000] {dag.py:2915} INFO - Sync 1 DAGs
[2025-02-12T16:08:57.466+0000] {logging_mixin.py:151} INFO - [2025-02-12T16:08:57.466+0000] {dag.py:3696} INFO - Setting next_dagrun for example_short_circuit_decorator to 2025-02-11T16:08:57.465891+00:00, run_after=2025-02-12T16:08:57.465891+00:00
[2025-02-12T16:08:57.499+0000] {processor.py:179} INFO - Processing /home/airflow/.local/lib/python3.8/site-packages/airflow/example_dags/example_short_circuit_decorator.py took 0.146 seconds
[2025-02-12T16:10:28.749+0000] {processor.py:157} INFO - Started process (PID=6180) to work on /home/airflow/.local/lib/python3.8/site-packages/airflow/example_dags/example_short_circuit_decorator.py
[2025-02-12T16:10:28.751+0000] {processor.py:829} INFO - Processing file /home/airflow/.local/lib/python3.8/site-packages/airflow/example_dags/example_short_circuit_decorator.py for tasks to queue
[2025-02-12T16:10:28.752+0000] {logging_mixin.py:151} INFO - [2025-02-12T16:10:28.752+0000] {dagbag.py:539} INFO - Filling up the DagBag from /home/airflow/.local/lib/python3.8/site-packages/airflow/example_dags/example_short_circuit_decorator.py
[2025-02-12T16:10:28.765+0000] {processor.py:839} INFO - DAG(s) dict_keys(['example_short_circuit_decorator']) retrieved from /home/airflow/.local/lib/python3.8/site-packages/airflow/example_dags/example_short_circuit_decorator.py
[2025-02-12T16:10:28.800+0000] {logging_mixin.py:151} INFO - [2025-02-12T16:10:28.799+0000] {dag.py:2915} INFO - Sync 1 DAGs
[2025-02-12T16:10:28.830+0000] {logging_mixin.py:151} INFO - [2025-02-12T16:10:28.830+0000] {dag.py:3696} INFO - Setting next_dagrun for example_short_circuit_decorator to 2025-02-11T16:10:28.830094+00:00, run_after=2025-02-12T16:10:28.830094+00:00
[2025-02-12T16:10:28.865+0000] {processor.py:179} INFO - Processing /home/airflow/.local/lib/python3.8/site-packages/airflow/example_dags/example_short_circuit_decorator.py took 0.121 seconds
[2025-02-12T16:10:59.314+0000] {processor.py:157} INFO - Started process (PID=6452) to work on /home/airflow/.local/lib/python3.8/site-packages/airflow/example_dags/example_short_circuit_decorator.py
[2025-02-12T16:10:59.317+0000] {processor.py:829} INFO - Processing file /home/airflow/.local/lib/python3.8/site-packages/airflow/example_dags/example_short_circuit_decorator.py for tasks to queue
[2025-02-12T16:10:59.318+0000] {logging_mixin.py:151} INFO - [2025-02-12T16:10:59.318+0000] {dagbag.py:539} INFO - Filling up the DagBag from /home/airflow/.local/lib/python3.8/site-packages/airflow/example_dags/example_short_circuit_decorator.py
[2025-02-12T16:10:59.329+0000] {processor.py:839} INFO - DAG(s) dict_keys(['example_short_circuit_decorator']) retrieved from /home/airflow/.local/lib/python3.8/site-packages/airflow/example_dags/example_short_circuit_decorator.py
[2025-02-12T16:10:59.353+0000] {logging_mixin.py:151} INFO - [2025-02-12T16:10:59.353+0000] {dag.py:2915} INFO - Sync 1 DAGs
[2025-02-12T16:10:59.374+0000] {logging_mixin.py:151} INFO - [2025-02-12T16:10:59.373+0000] {dag.py:3696} INFO - Setting next_dagrun for example_short_circuit_decorator to 2025-02-11T16:10:59.373685+00:00, run_after=2025-02-12T16:10:59.373685+00:00
[2025-02-12T16:10:59.397+0000] {processor.py:179} INFO - Processing /home/airflow/.local/lib/python3.8/site-packages/airflow/example_dags/example_short_circuit_decorator.py took 0.086 seconds
[2025-02-12T16:11:30.281+0000] {processor.py:157} INFO - Started process (PID=6712) to work on /home/airflow/.local/lib/python3.8/site-packages/airflow/example_dags/example_short_circuit_decorator.py
[2025-02-12T16:11:30.282+0000] {processor.py:829} INFO - Processing file /home/airflow/.local/lib/python3.8/site-packages/airflow/example_dags/example_short_circuit_decorator.py for tasks to queue
[2025-02-12T16:11:30.282+0000] {logging_mixin.py:151} INFO - [2025-02-12T16:11:30.282+0000] {dagbag.py:539} INFO - Filling up the DagBag from /home/airflow/.local/lib/python3.8/site-packages/airflow/example_dags/example_short_circuit_decorator.py
[2025-02-12T16:11:30.290+0000] {processor.py:839} INFO - DAG(s) dict_keys(['example_short_circuit_decorator']) retrieved from /home/airflow/.local/lib/python3.8/site-packages/airflow/example_dags/example_short_circuit_decorator.py
[2025-02-12T16:11:30.309+0000] {logging_mixin.py:151} INFO - [2025-02-12T16:11:30.309+0000] {dag.py:2915} INFO - Sync 1 DAGs
[2025-02-12T16:11:30.326+0000] {logging_mixin.py:151} INFO - [2025-02-12T16:11:30.326+0000] {dag.py:3696} INFO - Setting next_dagrun for example_short_circuit_decorator to 2025-02-11T16:11:30.326312+00:00, run_after=2025-02-12T16:11:30.326312+00:00
[2025-02-12T16:11:30.340+0000] {processor.py:179} INFO - Processing /home/airflow/.local/lib/python3.8/site-packages/airflow/example_dags/example_short_circuit_decorator.py took 0.062 seconds
