[2025-02-12T15:51:09.672+0000] {processor.py:157} INFO - Started process (PID=362) to work on /home/airflow/.local/lib/python3.8/site-packages/airflow/example_dags/example_params_ui_tutorial.py
[2025-02-12T15:51:09.673+0000] {processor.py:829} INFO - Processing file /home/airflow/.local/lib/python3.8/site-packages/airflow/example_dags/example_params_ui_tutorial.py for tasks to queue
[2025-02-12T15:51:09.673+0000] {logging_mixin.py:151} INFO - [2025-02-12T15:51:09.673+0000] {dagbag.py:539} INFO - Filling up the DagBag from /home/airflow/.local/lib/python3.8/site-packages/airflow/example_dags/example_params_ui_tutorial.py
[2025-02-12T15:51:09.943+0000] {processor.py:839} INFO - DAG(s) dict_keys(['example_params_ui_tutorial']) retrieved from /home/airflow/.local/lib/python3.8/site-packages/airflow/example_dags/example_params_ui_tutorial.py
[2025-02-12T15:51:09.958+0000] {logging_mixin.py:151} INFO - [2025-02-12T15:51:09.958+0000] {dag.py:2915} INFO - Sync 1 DAGs
[2025-02-12T15:51:09.988+0000] {logging_mixin.py:151} INFO - [2025-02-12T15:51:09.988+0000] {dag.py:3696} INFO - Setting next_dagrun for example_params_ui_tutorial to None, run_after=None
[2025-02-12T15:51:10.032+0000] {processor.py:179} INFO - Processing /home/airflow/.local/lib/python3.8/site-packages/airflow/example_dags/example_params_ui_tutorial.py took 0.363 seconds
[2025-02-12T15:51:40.709+0000] {processor.py:157} INFO - Started process (PID=618) to work on /home/airflow/.local/lib/python3.8/site-packages/airflow/example_dags/example_params_ui_tutorial.py
[2025-02-12T15:51:40.710+0000] {processor.py:829} INFO - Processing file /home/airflow/.local/lib/python3.8/site-packages/airflow/example_dags/example_params_ui_tutorial.py for tasks to queue
[2025-02-12T15:51:40.710+0000] {logging_mixin.py:151} INFO - [2025-02-12T15:51:40.710+0000] {dagbag.py:539} INFO - Filling up the DagBag from /home/airflow/.local/lib/python3.8/site-packages/airflow/example_dags/example_params_ui_tutorial.py
[2025-02-12T15:51:40.757+0000] {processor.py:839} INFO - DAG(s) dict_keys(['example_params_ui_tutorial']) retrieved from /home/airflow/.local/lib/python3.8/site-packages/airflow/example_dags/example_params_ui_tutorial.py
[2025-02-12T15:51:40.819+0000] {logging_mixin.py:151} INFO - [2025-02-12T15:51:40.819+0000] {dag.py:2915} INFO - Sync 1 DAGs
[2025-02-12T15:51:40.830+0000] {logging_mixin.py:151} INFO - [2025-02-12T15:51:40.830+0000] {dag.py:3696} INFO - Setting next_dagrun for example_params_ui_tutorial to None, run_after=None
[2025-02-12T15:51:40.851+0000] {processor.py:179} INFO - Processing /home/airflow/.local/lib/python3.8/site-packages/airflow/example_dags/example_params_ui_tutorial.py took 0.146 seconds
[2025-02-12T15:52:14.007+0000] {processor.py:157} INFO - Started process (PID=877) to work on /home/airflow/.local/lib/python3.8/site-packages/airflow/example_dags/example_params_ui_tutorial.py
[2025-02-12T15:52:14.008+0000] {processor.py:829} INFO - Processing file /home/airflow/.local/lib/python3.8/site-packages/airflow/example_dags/example_params_ui_tutorial.py for tasks to queue
[2025-02-12T15:52:14.009+0000] {logging_mixin.py:151} INFO - [2025-02-12T15:52:14.009+0000] {dagbag.py:539} INFO - Filling up the DagBag from /home/airflow/.local/lib/python3.8/site-packages/airflow/example_dags/example_params_ui_tutorial.py
[2025-02-12T15:52:14.043+0000] {processor.py:839} INFO - DAG(s) dict_keys(['example_params_ui_tutorial']) retrieved from /home/airflow/.local/lib/python3.8/site-packages/airflow/example_dags/example_params_ui_tutorial.py
[2025-02-12T15:52:14.111+0000] {logging_mixin.py:151} INFO - [2025-02-12T15:52:14.111+0000] {dag.py:2915} INFO - Sync 1 DAGs
[2025-02-12T15:52:14.122+0000] {logging_mixin.py:151} INFO - [2025-02-12T15:52:14.122+0000] {dag.py:3696} INFO - Setting next_dagrun for example_params_ui_tutorial to None, run_after=None
[2025-02-12T15:52:14.140+0000] {processor.py:179} INFO - Processing /home/airflow/.local/lib/python3.8/site-packages/airflow/example_dags/example_params_ui_tutorial.py took 0.135 seconds
[2025-02-12T15:52:44.828+0000] {processor.py:157} INFO - Started process (PID=1138) to work on /home/airflow/.local/lib/python3.8/site-packages/airflow/example_dags/example_params_ui_tutorial.py
[2025-02-12T15:52:44.829+0000] {processor.py:829} INFO - Processing file /home/airflow/.local/lib/python3.8/site-packages/airflow/example_dags/example_params_ui_tutorial.py for tasks to queue
[2025-02-12T15:52:44.830+0000] {logging_mixin.py:151} INFO - [2025-02-12T15:52:44.830+0000] {dagbag.py:539} INFO - Filling up the DagBag from /home/airflow/.local/lib/python3.8/site-packages/airflow/example_dags/example_params_ui_tutorial.py
[2025-02-12T15:52:44.862+0000] {processor.py:839} INFO - DAG(s) dict_keys(['example_params_ui_tutorial']) retrieved from /home/airflow/.local/lib/python3.8/site-packages/airflow/example_dags/example_params_ui_tutorial.py
[2025-02-12T15:52:44.911+0000] {logging_mixin.py:151} INFO - [2025-02-12T15:52:44.911+0000] {dag.py:2915} INFO - Sync 1 DAGs
[2025-02-12T15:52:44.921+0000] {logging_mixin.py:151} INFO - [2025-02-12T15:52:44.921+0000] {dag.py:3696} INFO - Setting next_dagrun for example_params_ui_tutorial to None, run_after=None
[2025-02-12T15:52:44.938+0000] {processor.py:179} INFO - Processing /home/airflow/.local/lib/python3.8/site-packages/airflow/example_dags/example_params_ui_tutorial.py took 0.112 seconds
[2025-02-12T15:53:16.015+0000] {processor.py:157} INFO - Started process (PID=1406) to work on /home/airflow/.local/lib/python3.8/site-packages/airflow/example_dags/example_params_ui_tutorial.py
[2025-02-12T15:53:16.016+0000] {processor.py:829} INFO - Processing file /home/airflow/.local/lib/python3.8/site-packages/airflow/example_dags/example_params_ui_tutorial.py for tasks to queue
[2025-02-12T15:53:16.016+0000] {logging_mixin.py:151} INFO - [2025-02-12T15:53:16.016+0000] {dagbag.py:539} INFO - Filling up the DagBag from /home/airflow/.local/lib/python3.8/site-packages/airflow/example_dags/example_params_ui_tutorial.py
[2025-02-12T15:53:16.052+0000] {processor.py:839} INFO - DAG(s) dict_keys(['example_params_ui_tutorial']) retrieved from /home/airflow/.local/lib/python3.8/site-packages/airflow/example_dags/example_params_ui_tutorial.py
[2025-02-12T15:53:16.105+0000] {logging_mixin.py:151} INFO - [2025-02-12T15:53:16.104+0000] {dag.py:2915} INFO - Sync 1 DAGs
[2025-02-12T15:53:16.116+0000] {logging_mixin.py:151} INFO - [2025-02-12T15:53:16.116+0000] {dag.py:3696} INFO - Setting next_dagrun for example_params_ui_tutorial to None, run_after=None
[2025-02-12T15:53:16.135+0000] {processor.py:179} INFO - Processing /home/airflow/.local/lib/python3.8/site-packages/airflow/example_dags/example_params_ui_tutorial.py took 0.122 seconds
[2025-02-12T15:53:47.041+0000] {processor.py:157} INFO - Started process (PID=1671) to work on /home/airflow/.local/lib/python3.8/site-packages/airflow/example_dags/example_params_ui_tutorial.py
[2025-02-12T15:53:47.042+0000] {processor.py:829} INFO - Processing file /home/airflow/.local/lib/python3.8/site-packages/airflow/example_dags/example_params_ui_tutorial.py for tasks to queue
[2025-02-12T15:53:47.043+0000] {logging_mixin.py:151} INFO - [2025-02-12T15:53:47.043+0000] {dagbag.py:539} INFO - Filling up the DagBag from /home/airflow/.local/lib/python3.8/site-packages/airflow/example_dags/example_params_ui_tutorial.py
[2025-02-12T15:53:47.072+0000] {processor.py:839} INFO - DAG(s) dict_keys(['example_params_ui_tutorial']) retrieved from /home/airflow/.local/lib/python3.8/site-packages/airflow/example_dags/example_params_ui_tutorial.py
[2025-02-12T15:53:47.120+0000] {logging_mixin.py:151} INFO - [2025-02-12T15:53:47.120+0000] {dag.py:2915} INFO - Sync 1 DAGs
[2025-02-12T15:53:47.130+0000] {logging_mixin.py:151} INFO - [2025-02-12T15:53:47.130+0000] {dag.py:3696} INFO - Setting next_dagrun for example_params_ui_tutorial to None, run_after=None
[2025-02-12T15:53:47.144+0000] {processor.py:179} INFO - Processing /home/airflow/.local/lib/python3.8/site-packages/airflow/example_dags/example_params_ui_tutorial.py took 0.106 seconds
[2025-02-12T15:55:33.147+0000] {processor.py:157} INFO - Started process (PID=362) to work on /home/airflow/.local/lib/python3.8/site-packages/airflow/example_dags/example_params_ui_tutorial.py
[2025-02-12T15:55:33.148+0000] {processor.py:829} INFO - Processing file /home/airflow/.local/lib/python3.8/site-packages/airflow/example_dags/example_params_ui_tutorial.py for tasks to queue
[2025-02-12T15:55:33.149+0000] {logging_mixin.py:151} INFO - [2025-02-12T15:55:33.149+0000] {dagbag.py:539} INFO - Filling up the DagBag from /home/airflow/.local/lib/python3.8/site-packages/airflow/example_dags/example_params_ui_tutorial.py
[2025-02-12T15:55:33.185+0000] {processor.py:839} INFO - DAG(s) dict_keys(['example_params_ui_tutorial']) retrieved from /home/airflow/.local/lib/python3.8/site-packages/airflow/example_dags/example_params_ui_tutorial.py
[2025-02-12T15:55:33.244+0000] {logging_mixin.py:151} INFO - [2025-02-12T15:55:33.244+0000] {dag.py:2915} INFO - Sync 1 DAGs
[2025-02-12T15:55:33.256+0000] {logging_mixin.py:151} INFO - [2025-02-12T15:55:33.256+0000] {dag.py:3696} INFO - Setting next_dagrun for example_params_ui_tutorial to None, run_after=None
[2025-02-12T15:55:33.275+0000] {processor.py:179} INFO - Processing /home/airflow/.local/lib/python3.8/site-packages/airflow/example_dags/example_params_ui_tutorial.py took 0.130 seconds
[2025-02-12T15:56:04.312+0000] {processor.py:157} INFO - Started process (PID=616) to work on /home/airflow/.local/lib/python3.8/site-packages/airflow/example_dags/example_params_ui_tutorial.py
[2025-02-12T15:56:04.312+0000] {processor.py:829} INFO - Processing file /home/airflow/.local/lib/python3.8/site-packages/airflow/example_dags/example_params_ui_tutorial.py for tasks to queue
[2025-02-12T15:56:04.313+0000] {logging_mixin.py:151} INFO - [2025-02-12T15:56:04.313+0000] {dagbag.py:539} INFO - Filling up the DagBag from /home/airflow/.local/lib/python3.8/site-packages/airflow/example_dags/example_params_ui_tutorial.py
[2025-02-12T15:56:04.351+0000] {processor.py:839} INFO - DAG(s) dict_keys(['example_params_ui_tutorial']) retrieved from /home/airflow/.local/lib/python3.8/site-packages/airflow/example_dags/example_params_ui_tutorial.py
[2025-02-12T15:56:04.409+0000] {logging_mixin.py:151} INFO - [2025-02-12T15:56:04.408+0000] {dag.py:2915} INFO - Sync 1 DAGs
[2025-02-12T15:56:04.421+0000] {logging_mixin.py:151} INFO - [2025-02-12T15:56:04.421+0000] {dag.py:3696} INFO - Setting next_dagrun for example_params_ui_tutorial to None, run_after=None
[2025-02-12T15:56:04.443+0000] {processor.py:179} INFO - Processing /home/airflow/.local/lib/python3.8/site-packages/airflow/example_dags/example_params_ui_tutorial.py took 0.134 seconds
[2025-02-12T15:56:35.017+0000] {processor.py:157} INFO - Started process (PID=882) to work on /home/airflow/.local/lib/python3.8/site-packages/airflow/example_dags/example_params_ui_tutorial.py
[2025-02-12T15:56:35.018+0000] {processor.py:829} INFO - Processing file /home/airflow/.local/lib/python3.8/site-packages/airflow/example_dags/example_params_ui_tutorial.py for tasks to queue
[2025-02-12T15:56:35.019+0000] {logging_mixin.py:151} INFO - [2025-02-12T15:56:35.018+0000] {dagbag.py:539} INFO - Filling up the DagBag from /home/airflow/.local/lib/python3.8/site-packages/airflow/example_dags/example_params_ui_tutorial.py
[2025-02-12T15:56:35.062+0000] {processor.py:839} INFO - DAG(s) dict_keys(['example_params_ui_tutorial']) retrieved from /home/airflow/.local/lib/python3.8/site-packages/airflow/example_dags/example_params_ui_tutorial.py
[2025-02-12T15:56:35.143+0000] {logging_mixin.py:151} INFO - [2025-02-12T15:56:35.142+0000] {dag.py:2915} INFO - Sync 1 DAGs
[2025-02-12T15:56:35.157+0000] {logging_mixin.py:151} INFO - [2025-02-12T15:56:35.156+0000] {dag.py:3696} INFO - Setting next_dagrun for example_params_ui_tutorial to None, run_after=None
[2025-02-12T15:56:35.177+0000] {processor.py:179} INFO - Processing /home/airflow/.local/lib/python3.8/site-packages/airflow/example_dags/example_params_ui_tutorial.py took 0.163 seconds
[2025-02-12T15:57:05.691+0000] {processor.py:157} INFO - Started process (PID=1138) to work on /home/airflow/.local/lib/python3.8/site-packages/airflow/example_dags/example_params_ui_tutorial.py
[2025-02-12T15:57:05.692+0000] {processor.py:829} INFO - Processing file /home/airflow/.local/lib/python3.8/site-packages/airflow/example_dags/example_params_ui_tutorial.py for tasks to queue
[2025-02-12T15:57:05.692+0000] {logging_mixin.py:151} INFO - [2025-02-12T15:57:05.692+0000] {dagbag.py:539} INFO - Filling up the DagBag from /home/airflow/.local/lib/python3.8/site-packages/airflow/example_dags/example_params_ui_tutorial.py
[2025-02-12T15:57:05.724+0000] {processor.py:839} INFO - DAG(s) dict_keys(['example_params_ui_tutorial']) retrieved from /home/airflow/.local/lib/python3.8/site-packages/airflow/example_dags/example_params_ui_tutorial.py
[2025-02-12T15:57:05.777+0000] {logging_mixin.py:151} INFO - [2025-02-12T15:57:05.777+0000] {dag.py:2915} INFO - Sync 1 DAGs
[2025-02-12T15:57:05.793+0000] {logging_mixin.py:151} INFO - [2025-02-12T15:57:05.792+0000] {dag.py:3696} INFO - Setting next_dagrun for example_params_ui_tutorial to None, run_after=None
[2025-02-12T15:57:05.811+0000] {processor.py:179} INFO - Processing /home/airflow/.local/lib/python3.8/site-packages/airflow/example_dags/example_params_ui_tutorial.py took 0.123 seconds
[2025-02-12T15:57:36.487+0000] {processor.py:157} INFO - Started process (PID=1399) to work on /home/airflow/.local/lib/python3.8/site-packages/airflow/example_dags/example_params_ui_tutorial.py
[2025-02-12T15:57:36.488+0000] {processor.py:829} INFO - Processing file /home/airflow/.local/lib/python3.8/site-packages/airflow/example_dags/example_params_ui_tutorial.py for tasks to queue
[2025-02-12T15:57:36.488+0000] {logging_mixin.py:151} INFO - [2025-02-12T15:57:36.488+0000] {dagbag.py:539} INFO - Filling up the DagBag from /home/airflow/.local/lib/python3.8/site-packages/airflow/example_dags/example_params_ui_tutorial.py
[2025-02-12T15:57:36.518+0000] {processor.py:839} INFO - DAG(s) dict_keys(['example_params_ui_tutorial']) retrieved from /home/airflow/.local/lib/python3.8/site-packages/airflow/example_dags/example_params_ui_tutorial.py
[2025-02-12T15:57:36.564+0000] {logging_mixin.py:151} INFO - [2025-02-12T15:57:36.564+0000] {dag.py:2915} INFO - Sync 1 DAGs
[2025-02-12T15:57:36.574+0000] {logging_mixin.py:151} INFO - [2025-02-12T15:57:36.573+0000] {dag.py:3696} INFO - Setting next_dagrun for example_params_ui_tutorial to None, run_after=None
[2025-02-12T15:57:36.589+0000] {processor.py:179} INFO - Processing /home/airflow/.local/lib/python3.8/site-packages/airflow/example_dags/example_params_ui_tutorial.py took 0.104 seconds
[2025-02-12T15:59:38.365+0000] {processor.py:157} INFO - Started process (PID=1713) to work on /home/airflow/.local/lib/python3.8/site-packages/airflow/example_dags/example_params_ui_tutorial.py
[2025-02-12T15:59:38.366+0000] {processor.py:829} INFO - Processing file /home/airflow/.local/lib/python3.8/site-packages/airflow/example_dags/example_params_ui_tutorial.py for tasks to queue
[2025-02-12T15:59:38.367+0000] {logging_mixin.py:151} INFO - [2025-02-12T15:59:38.366+0000] {dagbag.py:539} INFO - Filling up the DagBag from /home/airflow/.local/lib/python3.8/site-packages/airflow/example_dags/example_params_ui_tutorial.py
[2025-02-12T15:59:38.399+0000] {processor.py:839} INFO - DAG(s) dict_keys(['example_params_ui_tutorial']) retrieved from /home/airflow/.local/lib/python3.8/site-packages/airflow/example_dags/example_params_ui_tutorial.py
[2025-02-12T15:59:38.458+0000] {logging_mixin.py:151} INFO - [2025-02-12T15:59:38.457+0000] {dag.py:2915} INFO - Sync 1 DAGs
[2025-02-12T15:59:38.470+0000] {logging_mixin.py:151} INFO - [2025-02-12T15:59:38.469+0000] {dag.py:3696} INFO - Setting next_dagrun for example_params_ui_tutorial to None, run_after=None
[2025-02-12T15:59:38.488+0000] {processor.py:179} INFO - Processing /home/airflow/.local/lib/python3.8/site-packages/airflow/example_dags/example_params_ui_tutorial.py took 0.127 seconds
[2025-02-12T16:00:08.663+0000] {processor.py:157} INFO - Started process (PID=1998) to work on /home/airflow/.local/lib/python3.8/site-packages/airflow/example_dags/example_params_ui_tutorial.py
[2025-02-12T16:00:08.664+0000] {processor.py:829} INFO - Processing file /home/airflow/.local/lib/python3.8/site-packages/airflow/example_dags/example_params_ui_tutorial.py for tasks to queue
[2025-02-12T16:00:08.665+0000] {logging_mixin.py:151} INFO - [2025-02-12T16:00:08.665+0000] {dagbag.py:539} INFO - Filling up the DagBag from /home/airflow/.local/lib/python3.8/site-packages/airflow/example_dags/example_params_ui_tutorial.py
[2025-02-12T16:00:08.698+0000] {processor.py:839} INFO - DAG(s) dict_keys(['example_params_ui_tutorial']) retrieved from /home/airflow/.local/lib/python3.8/site-packages/airflow/example_dags/example_params_ui_tutorial.py
[2025-02-12T16:00:08.753+0000] {logging_mixin.py:151} INFO - [2025-02-12T16:00:08.753+0000] {dag.py:2915} INFO - Sync 1 DAGs
[2025-02-12T16:00:08.763+0000] {logging_mixin.py:151} INFO - [2025-02-12T16:00:08.763+0000] {dag.py:3696} INFO - Setting next_dagrun for example_params_ui_tutorial to None, run_after=None
[2025-02-12T16:00:08.779+0000] {processor.py:179} INFO - Processing /home/airflow/.local/lib/python3.8/site-packages/airflow/example_dags/example_params_ui_tutorial.py took 0.119 seconds
[2025-02-12T16:01:57.967+0000] {processor.py:157} INFO - Started process (PID=2309) to work on /home/airflow/.local/lib/python3.8/site-packages/airflow/example_dags/example_params_ui_tutorial.py
[2025-02-12T16:01:57.969+0000] {processor.py:829} INFO - Processing file /home/airflow/.local/lib/python3.8/site-packages/airflow/example_dags/example_params_ui_tutorial.py for tasks to queue
[2025-02-12T16:01:57.969+0000] {logging_mixin.py:151} INFO - [2025-02-12T16:01:57.969+0000] {dagbag.py:539} INFO - Filling up the DagBag from /home/airflow/.local/lib/python3.8/site-packages/airflow/example_dags/example_params_ui_tutorial.py
[2025-02-12T16:01:58.000+0000] {processor.py:839} INFO - DAG(s) dict_keys(['example_params_ui_tutorial']) retrieved from /home/airflow/.local/lib/python3.8/site-packages/airflow/example_dags/example_params_ui_tutorial.py
[2025-02-12T16:01:58.051+0000] {logging_mixin.py:151} INFO - [2025-02-12T16:01:58.051+0000] {dag.py:2915} INFO - Sync 1 DAGs
[2025-02-12T16:01:58.063+0000] {logging_mixin.py:151} INFO - [2025-02-12T16:01:58.063+0000] {dag.py:3696} INFO - Setting next_dagrun for example_params_ui_tutorial to None, run_after=None
[2025-02-12T16:01:58.081+0000] {processor.py:179} INFO - Processing /home/airflow/.local/lib/python3.8/site-packages/airflow/example_dags/example_params_ui_tutorial.py took 0.117 seconds
[2025-02-12T16:02:28.501+0000] {processor.py:157} INFO - Started process (PID=2609) to work on /home/airflow/.local/lib/python3.8/site-packages/airflow/example_dags/example_params_ui_tutorial.py
[2025-02-12T16:02:28.502+0000] {processor.py:829} INFO - Processing file /home/airflow/.local/lib/python3.8/site-packages/airflow/example_dags/example_params_ui_tutorial.py for tasks to queue
[2025-02-12T16:02:28.503+0000] {logging_mixin.py:151} INFO - [2025-02-12T16:02:28.503+0000] {dagbag.py:539} INFO - Filling up the DagBag from /home/airflow/.local/lib/python3.8/site-packages/airflow/example_dags/example_params_ui_tutorial.py
[2025-02-12T16:02:28.533+0000] {processor.py:839} INFO - DAG(s) dict_keys(['example_params_ui_tutorial']) retrieved from /home/airflow/.local/lib/python3.8/site-packages/airflow/example_dags/example_params_ui_tutorial.py
[2025-02-12T16:02:28.581+0000] {logging_mixin.py:151} INFO - [2025-02-12T16:02:28.581+0000] {dag.py:2915} INFO - Sync 1 DAGs
[2025-02-12T16:02:28.591+0000] {logging_mixin.py:151} INFO - [2025-02-12T16:02:28.591+0000] {dag.py:3696} INFO - Setting next_dagrun for example_params_ui_tutorial to None, run_after=None
[2025-02-12T16:02:28.607+0000] {processor.py:179} INFO - Processing /home/airflow/.local/lib/python3.8/site-packages/airflow/example_dags/example_params_ui_tutorial.py took 0.109 seconds
[2025-02-12T16:03:03.484+0000] {processor.py:157} INFO - Started process (PID=2905) to work on /home/airflow/.local/lib/python3.8/site-packages/airflow/example_dags/example_params_ui_tutorial.py
[2025-02-12T16:03:03.486+0000] {processor.py:829} INFO - Processing file /home/airflow/.local/lib/python3.8/site-packages/airflow/example_dags/example_params_ui_tutorial.py for tasks to queue
[2025-02-12T16:03:03.487+0000] {logging_mixin.py:151} INFO - [2025-02-12T16:03:03.486+0000] {dagbag.py:539} INFO - Filling up the DagBag from /home/airflow/.local/lib/python3.8/site-packages/airflow/example_dags/example_params_ui_tutorial.py
[2025-02-12T16:03:03.524+0000] {processor.py:839} INFO - DAG(s) dict_keys(['example_params_ui_tutorial']) retrieved from /home/airflow/.local/lib/python3.8/site-packages/airflow/example_dags/example_params_ui_tutorial.py
[2025-02-12T16:03:03.584+0000] {logging_mixin.py:151} INFO - [2025-02-12T16:03:03.584+0000] {dag.py:2915} INFO - Sync 1 DAGs
[2025-02-12T16:03:03.599+0000] {logging_mixin.py:151} INFO - [2025-02-12T16:03:03.599+0000] {dag.py:3696} INFO - Setting next_dagrun for example_params_ui_tutorial to None, run_after=None
[2025-02-12T16:03:03.624+0000] {processor.py:179} INFO - Processing /home/airflow/.local/lib/python3.8/site-packages/airflow/example_dags/example_params_ui_tutorial.py took 0.144 seconds
[2025-02-12T16:03:34.673+0000] {processor.py:157} INFO - Started process (PID=3213) to work on /home/airflow/.local/lib/python3.8/site-packages/airflow/example_dags/example_params_ui_tutorial.py
[2025-02-12T16:03:34.674+0000] {processor.py:829} INFO - Processing file /home/airflow/.local/lib/python3.8/site-packages/airflow/example_dags/example_params_ui_tutorial.py for tasks to queue
[2025-02-12T16:03:34.674+0000] {logging_mixin.py:151} INFO - [2025-02-12T16:03:34.674+0000] {dagbag.py:539} INFO - Filling up the DagBag from /home/airflow/.local/lib/python3.8/site-packages/airflow/example_dags/example_params_ui_tutorial.py
[2025-02-12T16:03:34.705+0000] {processor.py:839} INFO - DAG(s) dict_keys(['example_params_ui_tutorial']) retrieved from /home/airflow/.local/lib/python3.8/site-packages/airflow/example_dags/example_params_ui_tutorial.py
[2025-02-12T16:03:34.757+0000] {logging_mixin.py:151} INFO - [2025-02-12T16:03:34.757+0000] {dag.py:2915} INFO - Sync 1 DAGs
[2025-02-12T16:03:34.766+0000] {logging_mixin.py:151} INFO - [2025-02-12T16:03:34.766+0000] {dag.py:3696} INFO - Setting next_dagrun for example_params_ui_tutorial to None, run_after=None
[2025-02-12T16:03:34.782+0000] {processor.py:179} INFO - Processing /home/airflow/.local/lib/python3.8/site-packages/airflow/example_dags/example_params_ui_tutorial.py took 0.112 seconds
[2025-02-12T16:04:07.028+0000] {processor.py:157} INFO - Started process (PID=3474) to work on /home/airflow/.local/lib/python3.8/site-packages/airflow/example_dags/example_params_ui_tutorial.py
[2025-02-12T16:04:07.029+0000] {processor.py:829} INFO - Processing file /home/airflow/.local/lib/python3.8/site-packages/airflow/example_dags/example_params_ui_tutorial.py for tasks to queue
[2025-02-12T16:04:07.029+0000] {logging_mixin.py:151} INFO - [2025-02-12T16:04:07.029+0000] {dagbag.py:539} INFO - Filling up the DagBag from /home/airflow/.local/lib/python3.8/site-packages/airflow/example_dags/example_params_ui_tutorial.py
[2025-02-12T16:04:07.060+0000] {processor.py:839} INFO - DAG(s) dict_keys(['example_params_ui_tutorial']) retrieved from /home/airflow/.local/lib/python3.8/site-packages/airflow/example_dags/example_params_ui_tutorial.py
[2025-02-12T16:04:07.112+0000] {logging_mixin.py:151} INFO - [2025-02-12T16:04:07.112+0000] {dag.py:2915} INFO - Sync 1 DAGs
[2025-02-12T16:04:07.123+0000] {logging_mixin.py:151} INFO - [2025-02-12T16:04:07.123+0000] {dag.py:3696} INFO - Setting next_dagrun for example_params_ui_tutorial to None, run_after=None
[2025-02-12T16:04:07.143+0000] {processor.py:179} INFO - Processing /home/airflow/.local/lib/python3.8/site-packages/airflow/example_dags/example_params_ui_tutorial.py took 0.119 seconds
[2025-02-12T16:04:39.512+0000] {processor.py:157} INFO - Started process (PID=3740) to work on /home/airflow/.local/lib/python3.8/site-packages/airflow/example_dags/example_params_ui_tutorial.py
[2025-02-12T16:04:39.513+0000] {processor.py:829} INFO - Processing file /home/airflow/.local/lib/python3.8/site-packages/airflow/example_dags/example_params_ui_tutorial.py for tasks to queue
[2025-02-12T16:04:39.513+0000] {logging_mixin.py:151} INFO - [2025-02-12T16:04:39.513+0000] {dagbag.py:539} INFO - Filling up the DagBag from /home/airflow/.local/lib/python3.8/site-packages/airflow/example_dags/example_params_ui_tutorial.py
[2025-02-12T16:04:39.546+0000] {processor.py:839} INFO - DAG(s) dict_keys(['example_params_ui_tutorial']) retrieved from /home/airflow/.local/lib/python3.8/site-packages/airflow/example_dags/example_params_ui_tutorial.py
[2025-02-12T16:04:39.591+0000] {logging_mixin.py:151} INFO - [2025-02-12T16:04:39.591+0000] {dag.py:2915} INFO - Sync 1 DAGs
[2025-02-12T16:04:39.601+0000] {logging_mixin.py:151} INFO - [2025-02-12T16:04:39.601+0000] {dag.py:3696} INFO - Setting next_dagrun for example_params_ui_tutorial to None, run_after=None
[2025-02-12T16:04:39.616+0000] {processor.py:179} INFO - Processing /home/airflow/.local/lib/python3.8/site-packages/airflow/example_dags/example_params_ui_tutorial.py took 0.107 seconds
[2025-02-12T16:05:12.820+0000] {processor.py:157} INFO - Started process (PID=4002) to work on /home/airflow/.local/lib/python3.8/site-packages/airflow/example_dags/example_params_ui_tutorial.py
[2025-02-12T16:05:12.820+0000] {processor.py:829} INFO - Processing file /home/airflow/.local/lib/python3.8/site-packages/airflow/example_dags/example_params_ui_tutorial.py for tasks to queue
[2025-02-12T16:05:12.821+0000] {logging_mixin.py:151} INFO - [2025-02-12T16:05:12.820+0000] {dagbag.py:539} INFO - Filling up the DagBag from /home/airflow/.local/lib/python3.8/site-packages/airflow/example_dags/example_params_ui_tutorial.py
[2025-02-12T16:05:12.848+0000] {processor.py:839} INFO - DAG(s) dict_keys(['example_params_ui_tutorial']) retrieved from /home/airflow/.local/lib/python3.8/site-packages/airflow/example_dags/example_params_ui_tutorial.py
[2025-02-12T16:05:12.895+0000] {logging_mixin.py:151} INFO - [2025-02-12T16:05:12.895+0000] {dag.py:2915} INFO - Sync 1 DAGs
[2025-02-12T16:05:12.905+0000] {logging_mixin.py:151} INFO - [2025-02-12T16:05:12.905+0000] {dag.py:3696} INFO - Setting next_dagrun for example_params_ui_tutorial to None, run_after=None
[2025-02-12T16:05:12.919+0000] {processor.py:179} INFO - Processing /home/airflow/.local/lib/python3.8/site-packages/airflow/example_dags/example_params_ui_tutorial.py took 0.101 seconds
[2025-02-12T16:05:44.403+0000] {processor.py:157} INFO - Started process (PID=4263) to work on /home/airflow/.local/lib/python3.8/site-packages/airflow/example_dags/example_params_ui_tutorial.py
[2025-02-12T16:05:44.404+0000] {processor.py:829} INFO - Processing file /home/airflow/.local/lib/python3.8/site-packages/airflow/example_dags/example_params_ui_tutorial.py for tasks to queue
[2025-02-12T16:05:44.405+0000] {logging_mixin.py:151} INFO - [2025-02-12T16:05:44.404+0000] {dagbag.py:539} INFO - Filling up the DagBag from /home/airflow/.local/lib/python3.8/site-packages/airflow/example_dags/example_params_ui_tutorial.py
[2025-02-12T16:05:44.449+0000] {processor.py:839} INFO - DAG(s) dict_keys(['example_params_ui_tutorial']) retrieved from /home/airflow/.local/lib/python3.8/site-packages/airflow/example_dags/example_params_ui_tutorial.py
[2025-02-12T16:05:44.505+0000] {logging_mixin.py:151} INFO - [2025-02-12T16:05:44.504+0000] {dag.py:2915} INFO - Sync 1 DAGs
[2025-02-12T16:05:44.515+0000] {logging_mixin.py:151} INFO - [2025-02-12T16:05:44.515+0000] {dag.py:3696} INFO - Setting next_dagrun for example_params_ui_tutorial to None, run_after=None
[2025-02-12T16:05:44.533+0000] {processor.py:179} INFO - Processing /home/airflow/.local/lib/python3.8/site-packages/airflow/example_dags/example_params_ui_tutorial.py took 0.134 seconds
[2025-02-12T16:06:14.763+0000] {processor.py:157} INFO - Started process (PID=4530) to work on /home/airflow/.local/lib/python3.8/site-packages/airflow/example_dags/example_params_ui_tutorial.py
[2025-02-12T16:06:14.765+0000] {processor.py:829} INFO - Processing file /home/airflow/.local/lib/python3.8/site-packages/airflow/example_dags/example_params_ui_tutorial.py for tasks to queue
[2025-02-12T16:06:14.767+0000] {logging_mixin.py:151} INFO - [2025-02-12T16:06:14.767+0000] {dagbag.py:539} INFO - Filling up the DagBag from /home/airflow/.local/lib/python3.8/site-packages/airflow/example_dags/example_params_ui_tutorial.py
[2025-02-12T16:06:14.798+0000] {processor.py:839} INFO - DAG(s) dict_keys(['example_params_ui_tutorial']) retrieved from /home/airflow/.local/lib/python3.8/site-packages/airflow/example_dags/example_params_ui_tutorial.py
[2025-02-12T16:06:14.847+0000] {logging_mixin.py:151} INFO - [2025-02-12T16:06:14.846+0000] {dag.py:2915} INFO - Sync 1 DAGs
[2025-02-12T16:06:14.864+0000] {logging_mixin.py:151} INFO - [2025-02-12T16:06:14.864+0000] {dag.py:3696} INFO - Setting next_dagrun for example_params_ui_tutorial to None, run_after=None
[2025-02-12T16:06:14.893+0000] {processor.py:179} INFO - Processing /home/airflow/.local/lib/python3.8/site-packages/airflow/example_dags/example_params_ui_tutorial.py took 0.143 seconds
[2025-02-12T16:06:45.388+0000] {processor.py:157} INFO - Started process (PID=4784) to work on /home/airflow/.local/lib/python3.8/site-packages/airflow/example_dags/example_params_ui_tutorial.py
[2025-02-12T16:06:45.389+0000] {processor.py:829} INFO - Processing file /home/airflow/.local/lib/python3.8/site-packages/airflow/example_dags/example_params_ui_tutorial.py for tasks to queue
[2025-02-12T16:06:45.390+0000] {logging_mixin.py:151} INFO - [2025-02-12T16:06:45.389+0000] {dagbag.py:539} INFO - Filling up the DagBag from /home/airflow/.local/lib/python3.8/site-packages/airflow/example_dags/example_params_ui_tutorial.py
[2025-02-12T16:06:45.423+0000] {processor.py:839} INFO - DAG(s) dict_keys(['example_params_ui_tutorial']) retrieved from /home/airflow/.local/lib/python3.8/site-packages/airflow/example_dags/example_params_ui_tutorial.py
[2025-02-12T16:06:45.476+0000] {logging_mixin.py:151} INFO - [2025-02-12T16:06:45.475+0000] {dag.py:2915} INFO - Sync 1 DAGs
[2025-02-12T16:06:45.487+0000] {logging_mixin.py:151} INFO - [2025-02-12T16:06:45.487+0000] {dag.py:3696} INFO - Setting next_dagrun for example_params_ui_tutorial to None, run_after=None
[2025-02-12T16:06:45.509+0000] {processor.py:179} INFO - Processing /home/airflow/.local/lib/python3.8/site-packages/airflow/example_dags/example_params_ui_tutorial.py took 0.124 seconds
[2025-02-12T16:07:16.317+0000] {processor.py:157} INFO - Started process (PID=5101) to work on /home/airflow/.local/lib/python3.8/site-packages/airflow/example_dags/example_params_ui_tutorial.py
[2025-02-12T16:07:16.318+0000] {processor.py:829} INFO - Processing file /home/airflow/.local/lib/python3.8/site-packages/airflow/example_dags/example_params_ui_tutorial.py for tasks to queue
[2025-02-12T16:07:16.319+0000] {logging_mixin.py:151} INFO - [2025-02-12T16:07:16.318+0000] {dagbag.py:539} INFO - Filling up the DagBag from /home/airflow/.local/lib/python3.8/site-packages/airflow/example_dags/example_params_ui_tutorial.py
[2025-02-12T16:07:16.350+0000] {processor.py:839} INFO - DAG(s) dict_keys(['example_params_ui_tutorial']) retrieved from /home/airflow/.local/lib/python3.8/site-packages/airflow/example_dags/example_params_ui_tutorial.py
[2025-02-12T16:07:16.401+0000] {logging_mixin.py:151} INFO - [2025-02-12T16:07:16.401+0000] {dag.py:2915} INFO - Sync 1 DAGs
[2025-02-12T16:07:16.412+0000] {logging_mixin.py:151} INFO - [2025-02-12T16:07:16.412+0000] {dag.py:3696} INFO - Setting next_dagrun for example_params_ui_tutorial to None, run_after=None
[2025-02-12T16:07:16.429+0000] {processor.py:179} INFO - Processing /home/airflow/.local/lib/python3.8/site-packages/airflow/example_dags/example_params_ui_tutorial.py took 0.115 seconds
[2025-02-12T16:07:47.041+0000] {processor.py:157} INFO - Started process (PID=5362) to work on /home/airflow/.local/lib/python3.8/site-packages/airflow/example_dags/example_params_ui_tutorial.py
[2025-02-12T16:07:47.043+0000] {processor.py:829} INFO - Processing file /home/airflow/.local/lib/python3.8/site-packages/airflow/example_dags/example_params_ui_tutorial.py for tasks to queue
[2025-02-12T16:07:47.044+0000] {logging_mixin.py:151} INFO - [2025-02-12T16:07:47.044+0000] {dagbag.py:539} INFO - Filling up the DagBag from /home/airflow/.local/lib/python3.8/site-packages/airflow/example_dags/example_params_ui_tutorial.py
[2025-02-12T16:07:47.087+0000] {processor.py:839} INFO - DAG(s) dict_keys(['example_params_ui_tutorial']) retrieved from /home/airflow/.local/lib/python3.8/site-packages/airflow/example_dags/example_params_ui_tutorial.py
[2025-02-12T16:07:47.173+0000] {logging_mixin.py:151} INFO - [2025-02-12T16:07:47.173+0000] {dag.py:2915} INFO - Sync 1 DAGs
[2025-02-12T16:07:47.185+0000] {logging_mixin.py:151} INFO - [2025-02-12T16:07:47.184+0000] {dag.py:3696} INFO - Setting next_dagrun for example_params_ui_tutorial to None, run_after=None
[2025-02-12T16:07:47.204+0000] {processor.py:179} INFO - Processing /home/airflow/.local/lib/python3.8/site-packages/airflow/example_dags/example_params_ui_tutorial.py took 0.167 seconds
[2025-02-12T16:08:23.896+0000] {processor.py:157} INFO - Started process (PID=5650) to work on /home/airflow/.local/lib/python3.8/site-packages/airflow/example_dags/example_params_ui_tutorial.py
[2025-02-12T16:08:23.898+0000] {processor.py:829} INFO - Processing file /home/airflow/.local/lib/python3.8/site-packages/airflow/example_dags/example_params_ui_tutorial.py for tasks to queue
[2025-02-12T16:08:23.900+0000] {logging_mixin.py:151} INFO - [2025-02-12T16:08:23.900+0000] {dagbag.py:539} INFO - Filling up the DagBag from /home/airflow/.local/lib/python3.8/site-packages/airflow/example_dags/example_params_ui_tutorial.py
[2025-02-12T16:08:24.011+0000] {processor.py:839} INFO - DAG(s) dict_keys(['example_params_ui_tutorial']) retrieved from /home/airflow/.local/lib/python3.8/site-packages/airflow/example_dags/example_params_ui_tutorial.py
[2025-02-12T16:08:24.241+0000] {logging_mixin.py:151} INFO - [2025-02-12T16:08:24.241+0000] {dag.py:2915} INFO - Sync 1 DAGs
[2025-02-12T16:08:24.281+0000] {logging_mixin.py:151} INFO - [2025-02-12T16:08:24.281+0000] {dag.py:3696} INFO - Setting next_dagrun for example_params_ui_tutorial to None, run_after=None
[2025-02-12T16:08:24.390+0000] {processor.py:179} INFO - Processing /home/airflow/.local/lib/python3.8/site-packages/airflow/example_dags/example_params_ui_tutorial.py took 0.499 seconds
[2025-02-12T16:08:58.495+0000] {processor.py:157} INFO - Started process (PID=5946) to work on /home/airflow/.local/lib/python3.8/site-packages/airflow/example_dags/example_params_ui_tutorial.py
[2025-02-12T16:08:58.497+0000] {processor.py:829} INFO - Processing file /home/airflow/.local/lib/python3.8/site-packages/airflow/example_dags/example_params_ui_tutorial.py for tasks to queue
[2025-02-12T16:08:58.498+0000] {logging_mixin.py:151} INFO - [2025-02-12T16:08:58.497+0000] {dagbag.py:539} INFO - Filling up the DagBag from /home/airflow/.local/lib/python3.8/site-packages/airflow/example_dags/example_params_ui_tutorial.py
[2025-02-12T16:08:58.551+0000] {processor.py:839} INFO - DAG(s) dict_keys(['example_params_ui_tutorial']) retrieved from /home/airflow/.local/lib/python3.8/site-packages/airflow/example_dags/example_params_ui_tutorial.py
[2025-02-12T16:08:58.619+0000] {logging_mixin.py:151} INFO - [2025-02-12T16:08:58.619+0000] {dag.py:2915} INFO - Sync 1 DAGs
[2025-02-12T16:08:58.641+0000] {logging_mixin.py:151} INFO - [2025-02-12T16:08:58.640+0000] {dag.py:3696} INFO - Setting next_dagrun for example_params_ui_tutorial to None, run_after=None
[2025-02-12T16:08:58.666+0000] {processor.py:179} INFO - Processing /home/airflow/.local/lib/python3.8/site-packages/airflow/example_dags/example_params_ui_tutorial.py took 0.174 seconds
[2025-02-12T16:10:29.102+0000] {processor.py:157} INFO - Started process (PID=6205) to work on /home/airflow/.local/lib/python3.8/site-packages/airflow/example_dags/example_params_ui_tutorial.py
[2025-02-12T16:10:29.104+0000] {processor.py:829} INFO - Processing file /home/airflow/.local/lib/python3.8/site-packages/airflow/example_dags/example_params_ui_tutorial.py for tasks to queue
[2025-02-12T16:10:29.106+0000] {logging_mixin.py:151} INFO - [2025-02-12T16:10:29.105+0000] {dagbag.py:539} INFO - Filling up the DagBag from /home/airflow/.local/lib/python3.8/site-packages/airflow/example_dags/example_params_ui_tutorial.py
[2025-02-12T16:10:29.153+0000] {processor.py:839} INFO - DAG(s) dict_keys(['example_params_ui_tutorial']) retrieved from /home/airflow/.local/lib/python3.8/site-packages/airflow/example_dags/example_params_ui_tutorial.py
[2025-02-12T16:10:29.223+0000] {logging_mixin.py:151} INFO - [2025-02-12T16:10:29.223+0000] {dag.py:2915} INFO - Sync 1 DAGs
[2025-02-12T16:10:29.239+0000] {logging_mixin.py:151} INFO - [2025-02-12T16:10:29.238+0000] {dag.py:3696} INFO - Setting next_dagrun for example_params_ui_tutorial to None, run_after=None
[2025-02-12T16:10:29.269+0000] {processor.py:179} INFO - Processing /home/airflow/.local/lib/python3.8/site-packages/airflow/example_dags/example_params_ui_tutorial.py took 0.172 seconds
[2025-02-12T16:10:59.680+0000] {processor.py:157} INFO - Started process (PID=6475) to work on /home/airflow/.local/lib/python3.8/site-packages/airflow/example_dags/example_params_ui_tutorial.py
[2025-02-12T16:10:59.682+0000] {processor.py:829} INFO - Processing file /home/airflow/.local/lib/python3.8/site-packages/airflow/example_dags/example_params_ui_tutorial.py for tasks to queue
[2025-02-12T16:10:59.683+0000] {logging_mixin.py:151} INFO - [2025-02-12T16:10:59.682+0000] {dagbag.py:539} INFO - Filling up the DagBag from /home/airflow/.local/lib/python3.8/site-packages/airflow/example_dags/example_params_ui_tutorial.py
[2025-02-12T16:10:59.714+0000] {processor.py:839} INFO - DAG(s) dict_keys(['example_params_ui_tutorial']) retrieved from /home/airflow/.local/lib/python3.8/site-packages/airflow/example_dags/example_params_ui_tutorial.py
[2025-02-12T16:10:59.775+0000] {logging_mixin.py:151} INFO - [2025-02-12T16:10:59.775+0000] {dag.py:2915} INFO - Sync 1 DAGs
[2025-02-12T16:10:59.787+0000] {logging_mixin.py:151} INFO - [2025-02-12T16:10:59.787+0000] {dag.py:3696} INFO - Setting next_dagrun for example_params_ui_tutorial to None, run_after=None
[2025-02-12T16:10:59.809+0000] {processor.py:179} INFO - Processing /home/airflow/.local/lib/python3.8/site-packages/airflow/example_dags/example_params_ui_tutorial.py took 0.131 seconds
[2025-02-12T16:11:30.468+0000] {processor.py:157} INFO - Started process (PID=6737) to work on /home/airflow/.local/lib/python3.8/site-packages/airflow/example_dags/example_params_ui_tutorial.py
[2025-02-12T16:11:30.469+0000] {processor.py:829} INFO - Processing file /home/airflow/.local/lib/python3.8/site-packages/airflow/example_dags/example_params_ui_tutorial.py for tasks to queue
[2025-02-12T16:11:30.469+0000] {logging_mixin.py:151} INFO - [2025-02-12T16:11:30.469+0000] {dagbag.py:539} INFO - Filling up the DagBag from /home/airflow/.local/lib/python3.8/site-packages/airflow/example_dags/example_params_ui_tutorial.py
[2025-02-12T16:11:30.497+0000] {processor.py:839} INFO - DAG(s) dict_keys(['example_params_ui_tutorial']) retrieved from /home/airflow/.local/lib/python3.8/site-packages/airflow/example_dags/example_params_ui_tutorial.py
[2025-02-12T16:11:30.546+0000] {logging_mixin.py:151} INFO - [2025-02-12T16:11:30.546+0000] {dag.py:2915} INFO - Sync 1 DAGs
[2025-02-12T16:11:30.557+0000] {logging_mixin.py:151} INFO - [2025-02-12T16:11:30.557+0000] {dag.py:3696} INFO - Setting next_dagrun for example_params_ui_tutorial to None, run_after=None
[2025-02-12T16:11:30.572+0000] {processor.py:179} INFO - Processing /home/airflow/.local/lib/python3.8/site-packages/airflow/example_dags/example_params_ui_tutorial.py took 0.106 seconds
