[2025-02-12T15:51:07.817+0000] {processor.py:157} INFO - Started process (PID=289) to work on /home/airflow/.local/lib/python3.8/site-packages/airflow/example_dags/example_sla_dag.py
[2025-02-12T15:51:07.817+0000] {processor.py:829} INFO - Processing file /home/airflow/.local/lib/python3.8/site-packages/airflow/example_dags/example_sla_dag.py for tasks to queue
[2025-02-12T15:51:07.818+0000] {logging_mixin.py:151} INFO - [2025-02-12T15:51:07.818+0000] {dagbag.py:539} INFO - Filling up the DagBag from /home/airflow/.local/lib/python3.8/site-packages/airflow/example_dags/example_sla_dag.py
[2025-02-12T15:51:07.825+0000] {processor.py:839} INFO - DAG(s) dict_keys(['example_sla_dag']) retrieved from /home/airflow/.local/lib/python3.8/site-packages/airflow/example_dags/example_sla_dag.py
[2025-02-12T15:51:07.836+0000] {logging_mixin.py:151} INFO - [2025-02-12T15:51:07.836+0000] {dag.py:2915} INFO - Sync 1 DAGs
[2025-02-12T15:51:07.984+0000] {logging_mixin.py:151} INFO - [2025-02-12T15:51:07.984+0000] {dag.py:3696} INFO - Setting next_dagrun for example_sla_dag to 2025-02-12T15:48:00+00:00, run_after=2025-02-12T15:50:00+00:00
[2025-02-12T15:51:08.001+0000] {processor.py:179} INFO - Processing /home/airflow/.local/lib/python3.8/site-packages/airflow/example_dags/example_sla_dag.py took 0.186 seconds
[2025-02-12T15:51:38.623+0000] {processor.py:157} INFO - Started process (PID=543) to work on /home/airflow/.local/lib/python3.8/site-packages/airflow/example_dags/example_sla_dag.py
[2025-02-12T15:51:38.624+0000] {processor.py:829} INFO - Processing file /home/airflow/.local/lib/python3.8/site-packages/airflow/example_dags/example_sla_dag.py for tasks to queue
[2025-02-12T15:51:38.624+0000] {logging_mixin.py:151} INFO - [2025-02-12T15:51:38.624+0000] {dagbag.py:539} INFO - Filling up the DagBag from /home/airflow/.local/lib/python3.8/site-packages/airflow/example_dags/example_sla_dag.py
[2025-02-12T15:51:38.633+0000] {processor.py:839} INFO - DAG(s) dict_keys(['example_sla_dag']) retrieved from /home/airflow/.local/lib/python3.8/site-packages/airflow/example_dags/example_sla_dag.py
[2025-02-12T15:51:38.655+0000] {logging_mixin.py:151} INFO - [2025-02-12T15:51:38.654+0000] {dag.py:2915} INFO - Sync 1 DAGs
[2025-02-12T15:51:38.687+0000] {logging_mixin.py:151} INFO - [2025-02-12T15:51:38.687+0000] {dag.py:3696} INFO - Setting next_dagrun for example_sla_dag to 2025-02-12T15:48:00+00:00, run_after=2025-02-12T15:50:00+00:00
[2025-02-12T15:51:38.711+0000] {processor.py:179} INFO - Processing /home/airflow/.local/lib/python3.8/site-packages/airflow/example_dags/example_sla_dag.py took 0.091 seconds
[2025-02-12T15:52:13.134+0000] {processor.py:157} INFO - Started process (PID=802) to work on /home/airflow/.local/lib/python3.8/site-packages/airflow/example_dags/example_sla_dag.py
[2025-02-12T15:52:13.135+0000] {processor.py:829} INFO - Processing file /home/airflow/.local/lib/python3.8/site-packages/airflow/example_dags/example_sla_dag.py for tasks to queue
[2025-02-12T15:52:13.136+0000] {logging_mixin.py:151} INFO - [2025-02-12T15:52:13.136+0000] {dagbag.py:539} INFO - Filling up the DagBag from /home/airflow/.local/lib/python3.8/site-packages/airflow/example_dags/example_sla_dag.py
[2025-02-12T15:52:13.144+0000] {processor.py:839} INFO - DAG(s) dict_keys(['example_sla_dag']) retrieved from /home/airflow/.local/lib/python3.8/site-packages/airflow/example_dags/example_sla_dag.py
[2025-02-12T15:52:13.165+0000] {logging_mixin.py:151} INFO - [2025-02-12T15:52:13.165+0000] {dag.py:2915} INFO - Sync 1 DAGs
[2025-02-12T15:52:13.193+0000] {logging_mixin.py:151} INFO - [2025-02-12T15:52:13.193+0000] {dag.py:3696} INFO - Setting next_dagrun for example_sla_dag to 2025-02-12T15:50:00+00:00, run_after=2025-02-12T15:52:00+00:00
[2025-02-12T15:52:13.213+0000] {processor.py:179} INFO - Processing /home/airflow/.local/lib/python3.8/site-packages/airflow/example_dags/example_sla_dag.py took 0.082 seconds
[2025-02-12T15:52:44.080+0000] {processor.py:157} INFO - Started process (PID=1063) to work on /home/airflow/.local/lib/python3.8/site-packages/airflow/example_dags/example_sla_dag.py
[2025-02-12T15:52:44.081+0000] {processor.py:829} INFO - Processing file /home/airflow/.local/lib/python3.8/site-packages/airflow/example_dags/example_sla_dag.py for tasks to queue
[2025-02-12T15:52:44.082+0000] {logging_mixin.py:151} INFO - [2025-02-12T15:52:44.082+0000] {dagbag.py:539} INFO - Filling up the DagBag from /home/airflow/.local/lib/python3.8/site-packages/airflow/example_dags/example_sla_dag.py
[2025-02-12T15:52:44.090+0000] {processor.py:839} INFO - DAG(s) dict_keys(['example_sla_dag']) retrieved from /home/airflow/.local/lib/python3.8/site-packages/airflow/example_dags/example_sla_dag.py
[2025-02-12T15:52:44.109+0000] {logging_mixin.py:151} INFO - [2025-02-12T15:52:44.109+0000] {dag.py:2915} INFO - Sync 1 DAGs
[2025-02-12T15:52:44.132+0000] {logging_mixin.py:151} INFO - [2025-02-12T15:52:44.132+0000] {dag.py:3696} INFO - Setting next_dagrun for example_sla_dag to 2025-02-12T15:50:00+00:00, run_after=2025-02-12T15:52:00+00:00
[2025-02-12T15:52:44.149+0000] {processor.py:179} INFO - Processing /home/airflow/.local/lib/python3.8/site-packages/airflow/example_dags/example_sla_dag.py took 0.072 seconds
[2025-02-12T15:53:15.242+0000] {processor.py:157} INFO - Started process (PID=1330) to work on /home/airflow/.local/lib/python3.8/site-packages/airflow/example_dags/example_sla_dag.py
[2025-02-12T15:53:15.243+0000] {processor.py:829} INFO - Processing file /home/airflow/.local/lib/python3.8/site-packages/airflow/example_dags/example_sla_dag.py for tasks to queue
[2025-02-12T15:53:15.244+0000] {logging_mixin.py:151} INFO - [2025-02-12T15:53:15.244+0000] {dagbag.py:539} INFO - Filling up the DagBag from /home/airflow/.local/lib/python3.8/site-packages/airflow/example_dags/example_sla_dag.py
[2025-02-12T15:53:15.251+0000] {processor.py:839} INFO - DAG(s) dict_keys(['example_sla_dag']) retrieved from /home/airflow/.local/lib/python3.8/site-packages/airflow/example_dags/example_sla_dag.py
[2025-02-12T15:53:15.271+0000] {logging_mixin.py:151} INFO - [2025-02-12T15:53:15.271+0000] {dag.py:2915} INFO - Sync 1 DAGs
[2025-02-12T15:53:15.293+0000] {logging_mixin.py:151} INFO - [2025-02-12T15:53:15.293+0000] {dag.py:3696} INFO - Setting next_dagrun for example_sla_dag to 2025-02-12T15:50:00+00:00, run_after=2025-02-12T15:52:00+00:00
[2025-02-12T15:53:15.308+0000] {processor.py:179} INFO - Processing /home/airflow/.local/lib/python3.8/site-packages/airflow/example_dags/example_sla_dag.py took 0.069 seconds
[2025-02-12T15:53:46.323+0000] {processor.py:157} INFO - Started process (PID=1596) to work on /home/airflow/.local/lib/python3.8/site-packages/airflow/example_dags/example_sla_dag.py
[2025-02-12T15:53:46.324+0000] {processor.py:829} INFO - Processing file /home/airflow/.local/lib/python3.8/site-packages/airflow/example_dags/example_sla_dag.py for tasks to queue
[2025-02-12T15:53:46.325+0000] {logging_mixin.py:151} INFO - [2025-02-12T15:53:46.324+0000] {dagbag.py:539} INFO - Filling up the DagBag from /home/airflow/.local/lib/python3.8/site-packages/airflow/example_dags/example_sla_dag.py
[2025-02-12T15:53:46.332+0000] {processor.py:839} INFO - DAG(s) dict_keys(['example_sla_dag']) retrieved from /home/airflow/.local/lib/python3.8/site-packages/airflow/example_dags/example_sla_dag.py
[2025-02-12T15:53:46.351+0000] {logging_mixin.py:151} INFO - [2025-02-12T15:53:46.350+0000] {dag.py:2915} INFO - Sync 1 DAGs
[2025-02-12T15:53:46.372+0000] {logging_mixin.py:151} INFO - [2025-02-12T15:53:46.372+0000] {dag.py:3696} INFO - Setting next_dagrun for example_sla_dag to 2025-02-12T15:50:00+00:00, run_after=2025-02-12T15:52:00+00:00
[2025-02-12T15:53:46.388+0000] {processor.py:179} INFO - Processing /home/airflow/.local/lib/python3.8/site-packages/airflow/example_dags/example_sla_dag.py took 0.067 seconds
[2025-02-12T15:55:31.252+0000] {processor.py:157} INFO - Started process (PID=287) to work on /home/airflow/.local/lib/python3.8/site-packages/airflow/example_dags/example_sla_dag.py
[2025-02-12T15:55:31.253+0000] {processor.py:829} INFO - Processing file /home/airflow/.local/lib/python3.8/site-packages/airflow/example_dags/example_sla_dag.py for tasks to queue
[2025-02-12T15:55:31.254+0000] {logging_mixin.py:151} INFO - [2025-02-12T15:55:31.253+0000] {dagbag.py:539} INFO - Filling up the DagBag from /home/airflow/.local/lib/python3.8/site-packages/airflow/example_dags/example_sla_dag.py
[2025-02-12T15:55:31.261+0000] {processor.py:839} INFO - DAG(s) dict_keys(['example_sla_dag']) retrieved from /home/airflow/.local/lib/python3.8/site-packages/airflow/example_dags/example_sla_dag.py
[2025-02-12T15:55:31.421+0000] {logging_mixin.py:151} INFO - [2025-02-12T15:55:31.421+0000] {dag.py:2915} INFO - Sync 1 DAGs
[2025-02-12T15:55:31.459+0000] {logging_mixin.py:151} INFO - [2025-02-12T15:55:31.459+0000] {dag.py:3696} INFO - Setting next_dagrun for example_sla_dag to 2025-02-12T15:52:00+00:00, run_after=2025-02-12T15:54:00+00:00
[2025-02-12T15:55:31.483+0000] {processor.py:179} INFO - Processing /home/airflow/.local/lib/python3.8/site-packages/airflow/example_dags/example_sla_dag.py took 0.233 seconds
[2025-02-12T15:56:03.366+0000] {processor.py:157} INFO - Started process (PID=541) to work on /home/airflow/.local/lib/python3.8/site-packages/airflow/example_dags/example_sla_dag.py
[2025-02-12T15:56:03.367+0000] {processor.py:829} INFO - Processing file /home/airflow/.local/lib/python3.8/site-packages/airflow/example_dags/example_sla_dag.py for tasks to queue
[2025-02-12T15:56:03.368+0000] {logging_mixin.py:151} INFO - [2025-02-12T15:56:03.368+0000] {dagbag.py:539} INFO - Filling up the DagBag from /home/airflow/.local/lib/python3.8/site-packages/airflow/example_dags/example_sla_dag.py
[2025-02-12T15:56:03.381+0000] {processor.py:839} INFO - DAG(s) dict_keys(['example_sla_dag']) retrieved from /home/airflow/.local/lib/python3.8/site-packages/airflow/example_dags/example_sla_dag.py
[2025-02-12T15:56:03.406+0000] {logging_mixin.py:151} INFO - [2025-02-12T15:56:03.405+0000] {dag.py:2915} INFO - Sync 1 DAGs
[2025-02-12T15:56:03.434+0000] {logging_mixin.py:151} INFO - [2025-02-12T15:56:03.433+0000] {dag.py:3696} INFO - Setting next_dagrun for example_sla_dag to 2025-02-12T15:54:00+00:00, run_after=2025-02-12T15:56:00+00:00
[2025-02-12T15:56:03.455+0000] {processor.py:179} INFO - Processing /home/airflow/.local/lib/python3.8/site-packages/airflow/example_dags/example_sla_dag.py took 0.093 seconds
[2025-02-12T15:56:34.140+0000] {processor.py:157} INFO - Started process (PID=802) to work on /home/airflow/.local/lib/python3.8/site-packages/airflow/example_dags/example_sla_dag.py
[2025-02-12T15:56:34.141+0000] {processor.py:829} INFO - Processing file /home/airflow/.local/lib/python3.8/site-packages/airflow/example_dags/example_sla_dag.py for tasks to queue
[2025-02-12T15:56:34.141+0000] {logging_mixin.py:151} INFO - [2025-02-12T15:56:34.141+0000] {dagbag.py:539} INFO - Filling up the DagBag from /home/airflow/.local/lib/python3.8/site-packages/airflow/example_dags/example_sla_dag.py
[2025-02-12T15:56:34.148+0000] {processor.py:839} INFO - DAG(s) dict_keys(['example_sla_dag']) retrieved from /home/airflow/.local/lib/python3.8/site-packages/airflow/example_dags/example_sla_dag.py
[2025-02-12T15:56:34.166+0000] {logging_mixin.py:151} INFO - [2025-02-12T15:56:34.166+0000] {dag.py:2915} INFO - Sync 1 DAGs
[2025-02-12T15:56:34.188+0000] {logging_mixin.py:151} INFO - [2025-02-12T15:56:34.188+0000] {dag.py:3696} INFO - Setting next_dagrun for example_sla_dag to 2025-02-12T15:54:00+00:00, run_after=2025-02-12T15:56:00+00:00
[2025-02-12T15:56:34.209+0000] {processor.py:179} INFO - Processing /home/airflow/.local/lib/python3.8/site-packages/airflow/example_dags/example_sla_dag.py took 0.071 seconds
[2025-02-12T15:57:04.948+0000] {processor.py:157} INFO - Started process (PID=1065) to work on /home/airflow/.local/lib/python3.8/site-packages/airflow/example_dags/example_sla_dag.py
[2025-02-12T15:57:04.949+0000] {processor.py:829} INFO - Processing file /home/airflow/.local/lib/python3.8/site-packages/airflow/example_dags/example_sla_dag.py for tasks to queue
[2025-02-12T15:57:04.950+0000] {logging_mixin.py:151} INFO - [2025-02-12T15:57:04.950+0000] {dagbag.py:539} INFO - Filling up the DagBag from /home/airflow/.local/lib/python3.8/site-packages/airflow/example_dags/example_sla_dag.py
[2025-02-12T15:57:04.957+0000] {processor.py:839} INFO - DAG(s) dict_keys(['example_sla_dag']) retrieved from /home/airflow/.local/lib/python3.8/site-packages/airflow/example_dags/example_sla_dag.py
[2025-02-12T15:57:04.975+0000] {logging_mixin.py:151} INFO - [2025-02-12T15:57:04.975+0000] {dag.py:2915} INFO - Sync 1 DAGs
[2025-02-12T15:57:05.000+0000] {logging_mixin.py:151} INFO - [2025-02-12T15:57:05.000+0000] {dag.py:3696} INFO - Setting next_dagrun for example_sla_dag to 2025-02-12T15:54:00+00:00, run_after=2025-02-12T15:56:00+00:00
[2025-02-12T15:57:05.019+0000] {processor.py:179} INFO - Processing /home/airflow/.local/lib/python3.8/site-packages/airflow/example_dags/example_sla_dag.py took 0.074 seconds
[2025-02-12T15:57:35.795+0000] {processor.py:157} INFO - Started process (PID=1324) to work on /home/airflow/.local/lib/python3.8/site-packages/airflow/example_dags/example_sla_dag.py
[2025-02-12T15:57:35.796+0000] {processor.py:829} INFO - Processing file /home/airflow/.local/lib/python3.8/site-packages/airflow/example_dags/example_sla_dag.py for tasks to queue
[2025-02-12T15:57:35.797+0000] {logging_mixin.py:151} INFO - [2025-02-12T15:57:35.796+0000] {dagbag.py:539} INFO - Filling up the DagBag from /home/airflow/.local/lib/python3.8/site-packages/airflow/example_dags/example_sla_dag.py
[2025-02-12T15:57:35.803+0000] {processor.py:839} INFO - DAG(s) dict_keys(['example_sla_dag']) retrieved from /home/airflow/.local/lib/python3.8/site-packages/airflow/example_dags/example_sla_dag.py
[2025-02-12T15:57:35.821+0000] {logging_mixin.py:151} INFO - [2025-02-12T15:57:35.821+0000] {dag.py:2915} INFO - Sync 1 DAGs
[2025-02-12T15:57:35.841+0000] {logging_mixin.py:151} INFO - [2025-02-12T15:57:35.841+0000] {dag.py:3696} INFO - Setting next_dagrun for example_sla_dag to 2025-02-12T15:54:00+00:00, run_after=2025-02-12T15:56:00+00:00
[2025-02-12T15:57:35.856+0000] {processor.py:179} INFO - Processing /home/airflow/.local/lib/python3.8/site-packages/airflow/example_dags/example_sla_dag.py took 0.063 seconds
[2025-02-12T15:59:37.376+0000] {processor.py:157} INFO - Started process (PID=1635) to work on /home/airflow/.local/lib/python3.8/site-packages/airflow/example_dags/example_sla_dag.py
[2025-02-12T15:59:37.377+0000] {processor.py:829} INFO - Processing file /home/airflow/.local/lib/python3.8/site-packages/airflow/example_dags/example_sla_dag.py for tasks to queue
[2025-02-12T15:59:37.378+0000] {logging_mixin.py:151} INFO - [2025-02-12T15:59:37.377+0000] {dagbag.py:539} INFO - Filling up the DagBag from /home/airflow/.local/lib/python3.8/site-packages/airflow/example_dags/example_sla_dag.py
[2025-02-12T15:59:37.385+0000] {processor.py:839} INFO - DAG(s) dict_keys(['example_sla_dag']) retrieved from /home/airflow/.local/lib/python3.8/site-packages/airflow/example_dags/example_sla_dag.py
[2025-02-12T15:59:37.405+0000] {logging_mixin.py:151} INFO - [2025-02-12T15:59:37.405+0000] {dag.py:2915} INFO - Sync 1 DAGs
[2025-02-12T15:59:37.431+0000] {logging_mixin.py:151} INFO - [2025-02-12T15:59:37.431+0000] {dag.py:3696} INFO - Setting next_dagrun for example_sla_dag to 2025-02-12T15:56:00+00:00, run_after=2025-02-12T15:58:00+00:00
[2025-02-12T15:59:37.451+0000] {processor.py:179} INFO - Processing /home/airflow/.local/lib/python3.8/site-packages/airflow/example_dags/example_sla_dag.py took 0.078 seconds
[2025-02-12T16:00:07.696+0000] {processor.py:157} INFO - Started process (PID=1918) to work on /home/airflow/.local/lib/python3.8/site-packages/airflow/example_dags/example_sla_dag.py
[2025-02-12T16:00:07.697+0000] {processor.py:829} INFO - Processing file /home/airflow/.local/lib/python3.8/site-packages/airflow/example_dags/example_sla_dag.py for tasks to queue
[2025-02-12T16:00:07.698+0000] {logging_mixin.py:151} INFO - [2025-02-12T16:00:07.698+0000] {dagbag.py:539} INFO - Filling up the DagBag from /home/airflow/.local/lib/python3.8/site-packages/airflow/example_dags/example_sla_dag.py
[2025-02-12T16:00:07.706+0000] {processor.py:839} INFO - DAG(s) dict_keys(['example_sla_dag']) retrieved from /home/airflow/.local/lib/python3.8/site-packages/airflow/example_dags/example_sla_dag.py
[2025-02-12T16:00:07.725+0000] {logging_mixin.py:151} INFO - [2025-02-12T16:00:07.725+0000] {dag.py:2915} INFO - Sync 1 DAGs
[2025-02-12T16:00:07.747+0000] {logging_mixin.py:151} INFO - [2025-02-12T16:00:07.746+0000] {dag.py:3696} INFO - Setting next_dagrun for example_sla_dag to 2025-02-12T15:58:00+00:00, run_after=2025-02-12T16:00:00+00:00
[2025-02-12T16:00:07.763+0000] {processor.py:179} INFO - Processing /home/airflow/.local/lib/python3.8/site-packages/airflow/example_dags/example_sla_dag.py took 0.069 seconds
[2025-02-12T16:01:56.976+0000] {processor.py:157} INFO - Started process (PID=2230) to work on /home/airflow/.local/lib/python3.8/site-packages/airflow/example_dags/example_sla_dag.py
[2025-02-12T16:01:56.978+0000] {processor.py:829} INFO - Processing file /home/airflow/.local/lib/python3.8/site-packages/airflow/example_dags/example_sla_dag.py for tasks to queue
[2025-02-12T16:01:56.979+0000] {logging_mixin.py:151} INFO - [2025-02-12T16:01:56.978+0000] {dagbag.py:539} INFO - Filling up the DagBag from /home/airflow/.local/lib/python3.8/site-packages/airflow/example_dags/example_sla_dag.py
[2025-02-12T16:01:56.986+0000] {processor.py:839} INFO - DAG(s) dict_keys(['example_sla_dag']) retrieved from /home/airflow/.local/lib/python3.8/site-packages/airflow/example_dags/example_sla_dag.py
[2025-02-12T16:01:57.008+0000] {logging_mixin.py:151} INFO - [2025-02-12T16:01:57.008+0000] {dag.py:2915} INFO - Sync 1 DAGs
[2025-02-12T16:01:57.034+0000] {logging_mixin.py:151} INFO - [2025-02-12T16:01:57.034+0000] {dag.py:3696} INFO - Setting next_dagrun for example_sla_dag to 2025-02-12T15:58:00+00:00, run_after=2025-02-12T16:00:00+00:00
[2025-02-12T16:01:57.056+0000] {processor.py:179} INFO - Processing /home/airflow/.local/lib/python3.8/site-packages/airflow/example_dags/example_sla_dag.py took 0.083 seconds
[2025-02-12T16:02:27.702+0000] {processor.py:157} INFO - Started process (PID=2527) to work on /home/airflow/.local/lib/python3.8/site-packages/airflow/example_dags/example_sla_dag.py
[2025-02-12T16:02:27.703+0000] {processor.py:829} INFO - Processing file /home/airflow/.local/lib/python3.8/site-packages/airflow/example_dags/example_sla_dag.py for tasks to queue
[2025-02-12T16:02:27.703+0000] {logging_mixin.py:151} INFO - [2025-02-12T16:02:27.703+0000] {dagbag.py:539} INFO - Filling up the DagBag from /home/airflow/.local/lib/python3.8/site-packages/airflow/example_dags/example_sla_dag.py
[2025-02-12T16:02:27.710+0000] {processor.py:839} INFO - DAG(s) dict_keys(['example_sla_dag']) retrieved from /home/airflow/.local/lib/python3.8/site-packages/airflow/example_dags/example_sla_dag.py
[2025-02-12T16:02:27.730+0000] {logging_mixin.py:151} INFO - [2025-02-12T16:02:27.730+0000] {dag.py:2915} INFO - Sync 1 DAGs
[2025-02-12T16:02:27.753+0000] {logging_mixin.py:151} INFO - [2025-02-12T16:02:27.753+0000] {dag.py:3696} INFO - Setting next_dagrun for example_sla_dag to 2025-02-12T16:00:00+00:00, run_after=2025-02-12T16:02:00+00:00
[2025-02-12T16:02:27.771+0000] {processor.py:179} INFO - Processing /home/airflow/.local/lib/python3.8/site-packages/airflow/example_dags/example_sla_dag.py took 0.072 seconds
[2025-02-12T16:03:02.333+0000] {processor.py:157} INFO - Started process (PID=2826) to work on /home/airflow/.local/lib/python3.8/site-packages/airflow/example_dags/example_sla_dag.py
[2025-02-12T16:03:02.335+0000] {processor.py:829} INFO - Processing file /home/airflow/.local/lib/python3.8/site-packages/airflow/example_dags/example_sla_dag.py for tasks to queue
[2025-02-12T16:03:02.336+0000] {logging_mixin.py:151} INFO - [2025-02-12T16:03:02.336+0000] {dagbag.py:539} INFO - Filling up the DagBag from /home/airflow/.local/lib/python3.8/site-packages/airflow/example_dags/example_sla_dag.py
[2025-02-12T16:03:02.347+0000] {processor.py:839} INFO - DAG(s) dict_keys(['example_sla_dag']) retrieved from /home/airflow/.local/lib/python3.8/site-packages/airflow/example_dags/example_sla_dag.py
[2025-02-12T16:03:02.374+0000] {logging_mixin.py:151} INFO - [2025-02-12T16:03:02.374+0000] {dag.py:2915} INFO - Sync 1 DAGs
[2025-02-12T16:03:02.413+0000] {logging_mixin.py:151} INFO - [2025-02-12T16:03:02.412+0000] {dag.py:3696} INFO - Setting next_dagrun for example_sla_dag to 2025-02-12T16:00:00+00:00, run_after=2025-02-12T16:02:00+00:00
[2025-02-12T16:03:02.435+0000] {processor.py:179} INFO - Processing /home/airflow/.local/lib/python3.8/site-packages/airflow/example_dags/example_sla_dag.py took 0.105 seconds
[2025-02-12T16:03:33.917+0000] {processor.py:157} INFO - Started process (PID=3138) to work on /home/airflow/.local/lib/python3.8/site-packages/airflow/example_dags/example_sla_dag.py
[2025-02-12T16:03:33.918+0000] {processor.py:829} INFO - Processing file /home/airflow/.local/lib/python3.8/site-packages/airflow/example_dags/example_sla_dag.py for tasks to queue
[2025-02-12T16:03:33.919+0000] {logging_mixin.py:151} INFO - [2025-02-12T16:03:33.918+0000] {dagbag.py:539} INFO - Filling up the DagBag from /home/airflow/.local/lib/python3.8/site-packages/airflow/example_dags/example_sla_dag.py
[2025-02-12T16:03:33.926+0000] {processor.py:839} INFO - DAG(s) dict_keys(['example_sla_dag']) retrieved from /home/airflow/.local/lib/python3.8/site-packages/airflow/example_dags/example_sla_dag.py
[2025-02-12T16:03:33.946+0000] {logging_mixin.py:151} INFO - [2025-02-12T16:03:33.945+0000] {dag.py:2915} INFO - Sync 1 DAGs
[2025-02-12T16:03:33.970+0000] {logging_mixin.py:151} INFO - [2025-02-12T16:03:33.969+0000] {dag.py:3696} INFO - Setting next_dagrun for example_sla_dag to 2025-02-12T16:00:00+00:00, run_after=2025-02-12T16:02:00+00:00
[2025-02-12T16:03:33.987+0000] {processor.py:179} INFO - Processing /home/airflow/.local/lib/python3.8/site-packages/airflow/example_dags/example_sla_dag.py took 0.073 seconds
[2025-02-12T16:04:06.209+0000] {processor.py:157} INFO - Started process (PID=3392) to work on /home/airflow/.local/lib/python3.8/site-packages/airflow/example_dags/example_sla_dag.py
[2025-02-12T16:04:06.210+0000] {processor.py:829} INFO - Processing file /home/airflow/.local/lib/python3.8/site-packages/airflow/example_dags/example_sla_dag.py for tasks to queue
[2025-02-12T16:04:06.211+0000] {logging_mixin.py:151} INFO - [2025-02-12T16:04:06.211+0000] {dagbag.py:539} INFO - Filling up the DagBag from /home/airflow/.local/lib/python3.8/site-packages/airflow/example_dags/example_sla_dag.py
[2025-02-12T16:04:06.223+0000] {processor.py:839} INFO - DAG(s) dict_keys(['example_sla_dag']) retrieved from /home/airflow/.local/lib/python3.8/site-packages/airflow/example_dags/example_sla_dag.py
[2025-02-12T16:04:06.251+0000] {logging_mixin.py:151} INFO - [2025-02-12T16:04:06.250+0000] {dag.py:2915} INFO - Sync 1 DAGs
[2025-02-12T16:04:06.278+0000] {logging_mixin.py:151} INFO - [2025-02-12T16:04:06.278+0000] {dag.py:3696} INFO - Setting next_dagrun for example_sla_dag to 2025-02-12T16:02:00+00:00, run_after=2025-02-12T16:04:00+00:00
[2025-02-12T16:04:06.297+0000] {processor.py:179} INFO - Processing /home/airflow/.local/lib/python3.8/site-packages/airflow/example_dags/example_sla_dag.py took 0.093 seconds
[2025-02-12T16:04:38.701+0000] {processor.py:157} INFO - Started process (PID=3657) to work on /home/airflow/.local/lib/python3.8/site-packages/airflow/example_dags/example_sla_dag.py
[2025-02-12T16:04:38.703+0000] {processor.py:829} INFO - Processing file /home/airflow/.local/lib/python3.8/site-packages/airflow/example_dags/example_sla_dag.py for tasks to queue
[2025-02-12T16:04:38.703+0000] {logging_mixin.py:151} INFO - [2025-02-12T16:04:38.703+0000] {dagbag.py:539} INFO - Filling up the DagBag from /home/airflow/.local/lib/python3.8/site-packages/airflow/example_dags/example_sla_dag.py
[2025-02-12T16:04:38.711+0000] {processor.py:839} INFO - DAG(s) dict_keys(['example_sla_dag']) retrieved from /home/airflow/.local/lib/python3.8/site-packages/airflow/example_dags/example_sla_dag.py
[2025-02-12T16:04:38.735+0000] {logging_mixin.py:151} INFO - [2025-02-12T16:04:38.734+0000] {dag.py:2915} INFO - Sync 1 DAGs
[2025-02-12T16:04:38.762+0000] {logging_mixin.py:151} INFO - [2025-02-12T16:04:38.761+0000] {dag.py:3696} INFO - Setting next_dagrun for example_sla_dag to 2025-02-12T16:02:00+00:00, run_after=2025-02-12T16:04:00+00:00
[2025-02-12T16:04:38.780+0000] {processor.py:179} INFO - Processing /home/airflow/.local/lib/python3.8/site-packages/airflow/example_dags/example_sla_dag.py took 0.082 seconds
[2025-02-12T16:05:12.161+0000] {processor.py:157} INFO - Started process (PID=3927) to work on /home/airflow/.local/lib/python3.8/site-packages/airflow/example_dags/example_sla_dag.py
[2025-02-12T16:05:12.162+0000] {processor.py:829} INFO - Processing file /home/airflow/.local/lib/python3.8/site-packages/airflow/example_dags/example_sla_dag.py for tasks to queue
[2025-02-12T16:05:12.162+0000] {logging_mixin.py:151} INFO - [2025-02-12T16:05:12.162+0000] {dagbag.py:539} INFO - Filling up the DagBag from /home/airflow/.local/lib/python3.8/site-packages/airflow/example_dags/example_sla_dag.py
[2025-02-12T16:05:12.168+0000] {processor.py:839} INFO - DAG(s) dict_keys(['example_sla_dag']) retrieved from /home/airflow/.local/lib/python3.8/site-packages/airflow/example_dags/example_sla_dag.py
[2025-02-12T16:05:12.185+0000] {logging_mixin.py:151} INFO - [2025-02-12T16:05:12.185+0000] {dag.py:2915} INFO - Sync 1 DAGs
[2025-02-12T16:05:12.204+0000] {logging_mixin.py:151} INFO - [2025-02-12T16:05:12.203+0000] {dag.py:3696} INFO - Setting next_dagrun for example_sla_dag to 2025-02-12T16:02:00+00:00, run_after=2025-02-12T16:04:00+00:00
[2025-02-12T16:05:12.217+0000] {processor.py:179} INFO - Processing /home/airflow/.local/lib/python3.8/site-packages/airflow/example_dags/example_sla_dag.py took 0.058 seconds
[2025-02-12T16:05:43.470+0000] {processor.py:157} INFO - Started process (PID=4188) to work on /home/airflow/.local/lib/python3.8/site-packages/airflow/example_dags/example_sla_dag.py
[2025-02-12T16:05:43.481+0000] {processor.py:829} INFO - Processing file /home/airflow/.local/lib/python3.8/site-packages/airflow/example_dags/example_sla_dag.py for tasks to queue
[2025-02-12T16:05:43.484+0000] {logging_mixin.py:151} INFO - [2025-02-12T16:05:43.483+0000] {dagbag.py:539} INFO - Filling up the DagBag from /home/airflow/.local/lib/python3.8/site-packages/airflow/example_dags/example_sla_dag.py
[2025-02-12T16:05:43.495+0000] {processor.py:839} INFO - DAG(s) dict_keys(['example_sla_dag']) retrieved from /home/airflow/.local/lib/python3.8/site-packages/airflow/example_dags/example_sla_dag.py
[2025-02-12T16:05:43.515+0000] {logging_mixin.py:151} INFO - [2025-02-12T16:05:43.515+0000] {dag.py:2915} INFO - Sync 1 DAGs
[2025-02-12T16:05:43.539+0000] {logging_mixin.py:151} INFO - [2025-02-12T16:05:43.538+0000] {dag.py:3696} INFO - Setting next_dagrun for example_sla_dag to 2025-02-12T16:02:00+00:00, run_after=2025-02-12T16:04:00+00:00
[2025-02-12T16:05:43.556+0000] {processor.py:179} INFO - Processing /home/airflow/.local/lib/python3.8/site-packages/airflow/example_dags/example_sla_dag.py took 0.089 seconds
[2025-02-12T16:06:13.625+0000] {processor.py:157} INFO - Started process (PID=4452) to work on /home/airflow/.local/lib/python3.8/site-packages/airflow/example_dags/example_sla_dag.py
[2025-02-12T16:06:13.626+0000] {processor.py:829} INFO - Processing file /home/airflow/.local/lib/python3.8/site-packages/airflow/example_dags/example_sla_dag.py for tasks to queue
[2025-02-12T16:06:13.627+0000] {logging_mixin.py:151} INFO - [2025-02-12T16:06:13.627+0000] {dagbag.py:539} INFO - Filling up the DagBag from /home/airflow/.local/lib/python3.8/site-packages/airflow/example_dags/example_sla_dag.py
[2025-02-12T16:06:13.634+0000] {processor.py:839} INFO - DAG(s) dict_keys(['example_sla_dag']) retrieved from /home/airflow/.local/lib/python3.8/site-packages/airflow/example_dags/example_sla_dag.py
[2025-02-12T16:06:13.651+0000] {logging_mixin.py:151} INFO - [2025-02-12T16:06:13.651+0000] {dag.py:2915} INFO - Sync 1 DAGs
[2025-02-12T16:06:13.675+0000] {logging_mixin.py:151} INFO - [2025-02-12T16:06:13.674+0000] {dag.py:3696} INFO - Setting next_dagrun for example_sla_dag to 2025-02-12T16:04:00+00:00, run_after=2025-02-12T16:06:00+00:00
[2025-02-12T16:06:13.693+0000] {processor.py:179} INFO - Processing /home/airflow/.local/lib/python3.8/site-packages/airflow/example_dags/example_sla_dag.py took 0.071 seconds
[2025-02-12T16:06:44.537+0000] {processor.py:157} INFO - Started process (PID=4709) to work on /home/airflow/.local/lib/python3.8/site-packages/airflow/example_dags/example_sla_dag.py
[2025-02-12T16:06:44.538+0000] {processor.py:829} INFO - Processing file /home/airflow/.local/lib/python3.8/site-packages/airflow/example_dags/example_sla_dag.py for tasks to queue
[2025-02-12T16:06:44.539+0000] {logging_mixin.py:151} INFO - [2025-02-12T16:06:44.539+0000] {dagbag.py:539} INFO - Filling up the DagBag from /home/airflow/.local/lib/python3.8/site-packages/airflow/example_dags/example_sla_dag.py
[2025-02-12T16:06:44.547+0000] {processor.py:839} INFO - DAG(s) dict_keys(['example_sla_dag']) retrieved from /home/airflow/.local/lib/python3.8/site-packages/airflow/example_dags/example_sla_dag.py
[2025-02-12T16:06:44.569+0000] {logging_mixin.py:151} INFO - [2025-02-12T16:06:44.568+0000] {dag.py:2915} INFO - Sync 1 DAGs
[2025-02-12T16:06:44.592+0000] {logging_mixin.py:151} INFO - [2025-02-12T16:06:44.592+0000] {dag.py:3696} INFO - Setting next_dagrun for example_sla_dag to 2025-02-12T16:04:00+00:00, run_after=2025-02-12T16:06:00+00:00
[2025-02-12T16:06:44.612+0000] {processor.py:179} INFO - Processing /home/airflow/.local/lib/python3.8/site-packages/airflow/example_dags/example_sla_dag.py took 0.079 seconds
[2025-02-12T16:07:15.498+0000] {processor.py:157} INFO - Started process (PID=5025) to work on /home/airflow/.local/lib/python3.8/site-packages/airflow/example_dags/example_sla_dag.py
[2025-02-12T16:07:15.499+0000] {processor.py:829} INFO - Processing file /home/airflow/.local/lib/python3.8/site-packages/airflow/example_dags/example_sla_dag.py for tasks to queue
[2025-02-12T16:07:15.500+0000] {logging_mixin.py:151} INFO - [2025-02-12T16:07:15.500+0000] {dagbag.py:539} INFO - Filling up the DagBag from /home/airflow/.local/lib/python3.8/site-packages/airflow/example_dags/example_sla_dag.py
[2025-02-12T16:07:15.507+0000] {processor.py:839} INFO - DAG(s) dict_keys(['example_sla_dag']) retrieved from /home/airflow/.local/lib/python3.8/site-packages/airflow/example_dags/example_sla_dag.py
[2025-02-12T16:07:15.530+0000] {logging_mixin.py:151} INFO - [2025-02-12T16:07:15.530+0000] {dag.py:2915} INFO - Sync 1 DAGs
[2025-02-12T16:07:15.556+0000] {logging_mixin.py:151} INFO - [2025-02-12T16:07:15.556+0000] {dag.py:3696} INFO - Setting next_dagrun for example_sla_dag to 2025-02-12T16:04:00+00:00, run_after=2025-02-12T16:06:00+00:00
[2025-02-12T16:07:15.574+0000] {processor.py:179} INFO - Processing /home/airflow/.local/lib/python3.8/site-packages/airflow/example_dags/example_sla_dag.py took 0.079 seconds
[2025-02-12T16:07:46.185+0000] {processor.py:157} INFO - Started process (PID=5287) to work on /home/airflow/.local/lib/python3.8/site-packages/airflow/example_dags/example_sla_dag.py
[2025-02-12T16:07:46.186+0000] {processor.py:829} INFO - Processing file /home/airflow/.local/lib/python3.8/site-packages/airflow/example_dags/example_sla_dag.py for tasks to queue
[2025-02-12T16:07:46.187+0000] {logging_mixin.py:151} INFO - [2025-02-12T16:07:46.186+0000] {dagbag.py:539} INFO - Filling up the DagBag from /home/airflow/.local/lib/python3.8/site-packages/airflow/example_dags/example_sla_dag.py
[2025-02-12T16:07:46.193+0000] {processor.py:839} INFO - DAG(s) dict_keys(['example_sla_dag']) retrieved from /home/airflow/.local/lib/python3.8/site-packages/airflow/example_dags/example_sla_dag.py
[2025-02-12T16:07:46.211+0000] {logging_mixin.py:151} INFO - [2025-02-12T16:07:46.211+0000] {dag.py:2915} INFO - Sync 1 DAGs
[2025-02-12T16:07:46.233+0000] {logging_mixin.py:151} INFO - [2025-02-12T16:07:46.232+0000] {dag.py:3696} INFO - Setting next_dagrun for example_sla_dag to 2025-02-12T16:04:00+00:00, run_after=2025-02-12T16:06:00+00:00
[2025-02-12T16:07:46.249+0000] {processor.py:179} INFO - Processing /home/airflow/.local/lib/python3.8/site-packages/airflow/example_dags/example_sla_dag.py took 0.067 seconds
[2025-02-12T16:08:16.604+0000] {processor.py:157} INFO - Started process (PID=5553) to work on /home/airflow/.local/lib/python3.8/site-packages/airflow/example_dags/example_sla_dag.py
[2025-02-12T16:08:16.605+0000] {processor.py:829} INFO - Processing file /home/airflow/.local/lib/python3.8/site-packages/airflow/example_dags/example_sla_dag.py for tasks to queue
[2025-02-12T16:08:16.606+0000] {logging_mixin.py:151} INFO - [2025-02-12T16:08:16.606+0000] {dagbag.py:539} INFO - Filling up the DagBag from /home/airflow/.local/lib/python3.8/site-packages/airflow/example_dags/example_sla_dag.py
[2025-02-12T16:08:16.615+0000] {processor.py:839} INFO - DAG(s) dict_keys(['example_sla_dag']) retrieved from /home/airflow/.local/lib/python3.8/site-packages/airflow/example_dags/example_sla_dag.py
[2025-02-12T16:08:16.640+0000] {logging_mixin.py:151} INFO - [2025-02-12T16:08:16.639+0000] {dag.py:2915} INFO - Sync 1 DAGs
[2025-02-12T16:08:16.667+0000] {logging_mixin.py:151} INFO - [2025-02-12T16:08:16.667+0000] {dag.py:3696} INFO - Setting next_dagrun for example_sla_dag to 2025-02-12T16:06:00+00:00, run_after=2025-02-12T16:08:00+00:00
[2025-02-12T16:08:16.688+0000] {processor.py:179} INFO - Processing /home/airflow/.local/lib/python3.8/site-packages/airflow/example_dags/example_sla_dag.py took 0.087 seconds
[2025-02-12T16:08:56.010+0000] {processor.py:157} INFO - Started process (PID=5834) to work on /home/airflow/.local/lib/python3.8/site-packages/airflow/example_dags/example_sla_dag.py
[2025-02-12T16:08:56.013+0000] {processor.py:829} INFO - Processing file /home/airflow/.local/lib/python3.8/site-packages/airflow/example_dags/example_sla_dag.py for tasks to queue
[2025-02-12T16:08:56.015+0000] {logging_mixin.py:151} INFO - [2025-02-12T16:08:56.014+0000] {dagbag.py:539} INFO - Filling up the DagBag from /home/airflow/.local/lib/python3.8/site-packages/airflow/example_dags/example_sla_dag.py
[2025-02-12T16:08:56.029+0000] {processor.py:839} INFO - DAG(s) dict_keys(['example_sla_dag']) retrieved from /home/airflow/.local/lib/python3.8/site-packages/airflow/example_dags/example_sla_dag.py
[2025-02-12T16:08:56.063+0000] {logging_mixin.py:151} INFO - [2025-02-12T16:08:56.062+0000] {dag.py:2915} INFO - Sync 1 DAGs
[2025-02-12T16:08:56.113+0000] {logging_mixin.py:151} INFO - [2025-02-12T16:08:56.113+0000] {dag.py:3696} INFO - Setting next_dagrun for example_sla_dag to 2025-02-12T16:06:00+00:00, run_after=2025-02-12T16:08:00+00:00
[2025-02-12T16:08:56.148+0000] {processor.py:179} INFO - Processing /home/airflow/.local/lib/python3.8/site-packages/airflow/example_dags/example_sla_dag.py took 0.144 seconds
[2025-02-12T16:10:27.661+0000] {processor.py:157} INFO - Started process (PID=6130) to work on /home/airflow/.local/lib/python3.8/site-packages/airflow/example_dags/example_sla_dag.py
[2025-02-12T16:10:27.663+0000] {processor.py:829} INFO - Processing file /home/airflow/.local/lib/python3.8/site-packages/airflow/example_dags/example_sla_dag.py for tasks to queue
[2025-02-12T16:10:27.664+0000] {logging_mixin.py:151} INFO - [2025-02-12T16:10:27.664+0000] {dagbag.py:539} INFO - Filling up the DagBag from /home/airflow/.local/lib/python3.8/site-packages/airflow/example_dags/example_sla_dag.py
[2025-02-12T16:10:27.676+0000] {processor.py:839} INFO - DAG(s) dict_keys(['example_sla_dag']) retrieved from /home/airflow/.local/lib/python3.8/site-packages/airflow/example_dags/example_sla_dag.py
[2025-02-12T16:10:27.707+0000] {logging_mixin.py:151} INFO - [2025-02-12T16:10:27.707+0000] {dag.py:2915} INFO - Sync 1 DAGs
[2025-02-12T16:10:27.746+0000] {logging_mixin.py:151} INFO - [2025-02-12T16:10:27.745+0000] {dag.py:3696} INFO - Setting next_dagrun for example_sla_dag to 2025-02-12T16:08:00+00:00, run_after=2025-02-12T16:10:00+00:00
[2025-02-12T16:10:27.777+0000] {processor.py:179} INFO - Processing /home/airflow/.local/lib/python3.8/site-packages/airflow/example_dags/example_sla_dag.py took 0.122 seconds
[2025-02-12T16:10:58.676+0000] {processor.py:157} INFO - Started process (PID=6400) to work on /home/airflow/.local/lib/python3.8/site-packages/airflow/example_dags/example_sla_dag.py
[2025-02-12T16:10:58.678+0000] {processor.py:829} INFO - Processing file /home/airflow/.local/lib/python3.8/site-packages/airflow/example_dags/example_sla_dag.py for tasks to queue
[2025-02-12T16:10:58.678+0000] {logging_mixin.py:151} INFO - [2025-02-12T16:10:58.678+0000] {dagbag.py:539} INFO - Filling up the DagBag from /home/airflow/.local/lib/python3.8/site-packages/airflow/example_dags/example_sla_dag.py
[2025-02-12T16:10:58.687+0000] {processor.py:839} INFO - DAG(s) dict_keys(['example_sla_dag']) retrieved from /home/airflow/.local/lib/python3.8/site-packages/airflow/example_dags/example_sla_dag.py
[2025-02-12T16:10:58.706+0000] {logging_mixin.py:151} INFO - [2025-02-12T16:10:58.706+0000] {dag.py:2915} INFO - Sync 1 DAGs
[2025-02-12T16:10:58.733+0000] {logging_mixin.py:151} INFO - [2025-02-12T16:10:58.733+0000] {dag.py:3696} INFO - Setting next_dagrun for example_sla_dag to 2025-02-12T16:08:00+00:00, run_after=2025-02-12T16:10:00+00:00
[2025-02-12T16:10:58.753+0000] {processor.py:179} INFO - Processing /home/airflow/.local/lib/python3.8/site-packages/airflow/example_dags/example_sla_dag.py took 0.082 seconds
[2025-02-12T16:11:29.737+0000] {processor.py:157} INFO - Started process (PID=6662) to work on /home/airflow/.local/lib/python3.8/site-packages/airflow/example_dags/example_sla_dag.py
[2025-02-12T16:11:29.739+0000] {processor.py:829} INFO - Processing file /home/airflow/.local/lib/python3.8/site-packages/airflow/example_dags/example_sla_dag.py for tasks to queue
[2025-02-12T16:11:29.739+0000] {logging_mixin.py:151} INFO - [2025-02-12T16:11:29.739+0000] {dagbag.py:539} INFO - Filling up the DagBag from /home/airflow/.local/lib/python3.8/site-packages/airflow/example_dags/example_sla_dag.py
[2025-02-12T16:11:29.748+0000] {processor.py:839} INFO - DAG(s) dict_keys(['example_sla_dag']) retrieved from /home/airflow/.local/lib/python3.8/site-packages/airflow/example_dags/example_sla_dag.py
[2025-02-12T16:11:29.770+0000] {logging_mixin.py:151} INFO - [2025-02-12T16:11:29.770+0000] {dag.py:2915} INFO - Sync 1 DAGs
[2025-02-12T16:11:29.794+0000] {logging_mixin.py:151} INFO - [2025-02-12T16:11:29.794+0000] {dag.py:3696} INFO - Setting next_dagrun for example_sla_dag to 2025-02-12T16:08:00+00:00, run_after=2025-02-12T16:10:00+00:00
[2025-02-12T16:11:29.813+0000] {processor.py:179} INFO - Processing /home/airflow/.local/lib/python3.8/site-packages/airflow/example_dags/example_sla_dag.py took 0.078 seconds
