[2025-02-12T15:51:05.996+0000] {processor.py:157} INFO - Started process (PID=247) to work on /home/airflow/.local/lib/python3.8/site-packages/airflow/example_dags/example_sensors.py
[2025-02-12T15:51:05.996+0000] {processor.py:829} INFO - Processing file /home/airflow/.local/lib/python3.8/site-packages/airflow/example_dags/example_sensors.py for tasks to queue
[2025-02-12T15:51:05.997+0000] {logging_mixin.py:151} INFO - [2025-02-12T15:51:05.997+0000] {dagbag.py:539} INFO - Filling up the DagBag from /home/airflow/.local/lib/python3.8/site-packages/airflow/example_dags/example_sensors.py
[2025-02-12T15:51:06.008+0000] {processor.py:839} INFO - DAG(s) dict_keys(['example_sensors']) retrieved from /home/airflow/.local/lib/python3.8/site-packages/airflow/example_dags/example_sensors.py
[2025-02-12T15:51:06.033+0000] {logging_mixin.py:151} INFO - [2025-02-12T15:51:06.032+0000] {dag.py:2915} INFO - Sync 1 DAGs
[2025-02-12T15:51:06.046+0000] {logging_mixin.py:151} INFO - [2025-02-12T15:51:06.046+0000] {dag.py:3696} INFO - Setting next_dagrun for example_sensors to None, run_after=None
[2025-02-12T15:51:06.067+0000] {processor.py:179} INFO - Processing /home/airflow/.local/lib/python3.8/site-packages/airflow/example_dags/example_sensors.py took 0.074 seconds
[2025-02-12T15:51:36.664+0000] {processor.py:157} INFO - Started process (PID=498) to work on /home/airflow/.local/lib/python3.8/site-packages/airflow/example_dags/example_sensors.py
[2025-02-12T15:51:36.665+0000] {processor.py:829} INFO - Processing file /home/airflow/.local/lib/python3.8/site-packages/airflow/example_dags/example_sensors.py for tasks to queue
[2025-02-12T15:51:36.666+0000] {logging_mixin.py:151} INFO - [2025-02-12T15:51:36.665+0000] {dagbag.py:539} INFO - Filling up the DagBag from /home/airflow/.local/lib/python3.8/site-packages/airflow/example_dags/example_sensors.py
[2025-02-12T15:51:36.673+0000] {processor.py:839} INFO - DAG(s) dict_keys(['example_sensors']) retrieved from /home/airflow/.local/lib/python3.8/site-packages/airflow/example_dags/example_sensors.py
[2025-02-12T15:51:36.695+0000] {logging_mixin.py:151} INFO - [2025-02-12T15:51:36.695+0000] {dag.py:2915} INFO - Sync 1 DAGs
[2025-02-12T15:51:36.705+0000] {logging_mixin.py:151} INFO - [2025-02-12T15:51:36.705+0000] {dag.py:3696} INFO - Setting next_dagrun for example_sensors to None, run_after=None
[2025-02-12T15:51:36.719+0000] {processor.py:179} INFO - Processing /home/airflow/.local/lib/python3.8/site-packages/airflow/example_dags/example_sensors.py took 0.058 seconds
[2025-02-12T15:52:12.481+0000] {processor.py:157} INFO - Started process (PID=762) to work on /home/airflow/.local/lib/python3.8/site-packages/airflow/example_dags/example_sensors.py
[2025-02-12T15:52:12.482+0000] {processor.py:829} INFO - Processing file /home/airflow/.local/lib/python3.8/site-packages/airflow/example_dags/example_sensors.py for tasks to queue
[2025-02-12T15:52:12.483+0000] {logging_mixin.py:151} INFO - [2025-02-12T15:52:12.483+0000] {dagbag.py:539} INFO - Filling up the DagBag from /home/airflow/.local/lib/python3.8/site-packages/airflow/example_dags/example_sensors.py
[2025-02-12T15:52:12.498+0000] {processor.py:839} INFO - DAG(s) dict_keys(['example_sensors']) retrieved from /home/airflow/.local/lib/python3.8/site-packages/airflow/example_dags/example_sensors.py
[2025-02-12T15:52:12.531+0000] {logging_mixin.py:151} INFO - [2025-02-12T15:52:12.527+0000] {dag.py:2915} INFO - Sync 1 DAGs
[2025-02-12T15:52:12.547+0000] {logging_mixin.py:151} INFO - [2025-02-12T15:52:12.547+0000] {dag.py:3696} INFO - Setting next_dagrun for example_sensors to None, run_after=None
[2025-02-12T15:52:12.573+0000] {processor.py:179} INFO - Processing /home/airflow/.local/lib/python3.8/site-packages/airflow/example_dags/example_sensors.py took 0.096 seconds
[2025-02-12T15:52:43.523+0000] {processor.py:157} INFO - Started process (PID=1023) to work on /home/airflow/.local/lib/python3.8/site-packages/airflow/example_dags/example_sensors.py
[2025-02-12T15:52:43.524+0000] {processor.py:829} INFO - Processing file /home/airflow/.local/lib/python3.8/site-packages/airflow/example_dags/example_sensors.py for tasks to queue
[2025-02-12T15:52:43.525+0000] {logging_mixin.py:151} INFO - [2025-02-12T15:52:43.525+0000] {dagbag.py:539} INFO - Filling up the DagBag from /home/airflow/.local/lib/python3.8/site-packages/airflow/example_dags/example_sensors.py
[2025-02-12T15:52:43.533+0000] {processor.py:839} INFO - DAG(s) dict_keys(['example_sensors']) retrieved from /home/airflow/.local/lib/python3.8/site-packages/airflow/example_dags/example_sensors.py
[2025-02-12T15:52:43.557+0000] {logging_mixin.py:151} INFO - [2025-02-12T15:52:43.557+0000] {dag.py:2915} INFO - Sync 1 DAGs
[2025-02-12T15:52:43.568+0000] {logging_mixin.py:151} INFO - [2025-02-12T15:52:43.567+0000] {dag.py:3696} INFO - Setting next_dagrun for example_sensors to None, run_after=None
[2025-02-12T15:52:43.584+0000] {processor.py:179} INFO - Processing /home/airflow/.local/lib/python3.8/site-packages/airflow/example_dags/example_sensors.py took 0.063 seconds
[2025-02-12T15:53:14.658+0000] {processor.py:157} INFO - Started process (PID=1285) to work on /home/airflow/.local/lib/python3.8/site-packages/airflow/example_dags/example_sensors.py
[2025-02-12T15:53:14.659+0000] {processor.py:829} INFO - Processing file /home/airflow/.local/lib/python3.8/site-packages/airflow/example_dags/example_sensors.py for tasks to queue
[2025-02-12T15:53:14.659+0000] {logging_mixin.py:151} INFO - [2025-02-12T15:53:14.659+0000] {dagbag.py:539} INFO - Filling up the DagBag from /home/airflow/.local/lib/python3.8/site-packages/airflow/example_dags/example_sensors.py
[2025-02-12T15:53:14.668+0000] {processor.py:839} INFO - DAG(s) dict_keys(['example_sensors']) retrieved from /home/airflow/.local/lib/python3.8/site-packages/airflow/example_dags/example_sensors.py
[2025-02-12T15:53:14.691+0000] {logging_mixin.py:151} INFO - [2025-02-12T15:53:14.691+0000] {dag.py:2915} INFO - Sync 1 DAGs
[2025-02-12T15:53:14.703+0000] {logging_mixin.py:151} INFO - [2025-02-12T15:53:14.702+0000] {dag.py:3696} INFO - Setting next_dagrun for example_sensors to None, run_after=None
[2025-02-12T15:53:14.725+0000] {processor.py:179} INFO - Processing /home/airflow/.local/lib/python3.8/site-packages/airflow/example_dags/example_sensors.py took 0.071 seconds
[2025-02-12T15:53:45.688+0000] {processor.py:157} INFO - Started process (PID=1556) to work on /home/airflow/.local/lib/python3.8/site-packages/airflow/example_dags/example_sensors.py
[2025-02-12T15:53:45.689+0000] {processor.py:829} INFO - Processing file /home/airflow/.local/lib/python3.8/site-packages/airflow/example_dags/example_sensors.py for tasks to queue
[2025-02-12T15:53:45.689+0000] {logging_mixin.py:151} INFO - [2025-02-12T15:53:45.689+0000] {dagbag.py:539} INFO - Filling up the DagBag from /home/airflow/.local/lib/python3.8/site-packages/airflow/example_dags/example_sensors.py
[2025-02-12T15:53:45.707+0000] {processor.py:839} INFO - DAG(s) dict_keys(['example_sensors']) retrieved from /home/airflow/.local/lib/python3.8/site-packages/airflow/example_dags/example_sensors.py
[2025-02-12T15:53:45.752+0000] {logging_mixin.py:151} INFO - [2025-02-12T15:53:45.752+0000] {dag.py:2915} INFO - Sync 1 DAGs
[2025-02-12T15:53:45.775+0000] {logging_mixin.py:151} INFO - [2025-02-12T15:53:45.775+0000] {dag.py:3696} INFO - Setting next_dagrun for example_sensors to None, run_after=None
[2025-02-12T15:53:45.806+0000] {processor.py:179} INFO - Processing /home/airflow/.local/lib/python3.8/site-packages/airflow/example_dags/example_sensors.py took 0.122 seconds
[2025-02-12T15:55:30.044+0000] {processor.py:157} INFO - Started process (PID=240) to work on /home/airflow/.local/lib/python3.8/site-packages/airflow/example_dags/example_sensors.py
[2025-02-12T15:55:30.045+0000] {processor.py:829} INFO - Processing file /home/airflow/.local/lib/python3.8/site-packages/airflow/example_dags/example_sensors.py for tasks to queue
[2025-02-12T15:55:30.046+0000] {logging_mixin.py:151} INFO - [2025-02-12T15:55:30.045+0000] {dagbag.py:539} INFO - Filling up the DagBag from /home/airflow/.local/lib/python3.8/site-packages/airflow/example_dags/example_sensors.py
[2025-02-12T15:55:30.055+0000] {processor.py:839} INFO - DAG(s) dict_keys(['example_sensors']) retrieved from /home/airflow/.local/lib/python3.8/site-packages/airflow/example_dags/example_sensors.py
[2025-02-12T15:55:30.207+0000] {logging_mixin.py:151} INFO - [2025-02-12T15:55:30.207+0000] {dag.py:2915} INFO - Sync 1 DAGs
[2025-02-12T15:55:30.217+0000] {logging_mixin.py:151} INFO - [2025-02-12T15:55:30.217+0000] {dag.py:3696} INFO - Setting next_dagrun for example_sensors to None, run_after=None
[2025-02-12T15:55:30.234+0000] {processor.py:179} INFO - Processing /home/airflow/.local/lib/python3.8/site-packages/airflow/example_dags/example_sensors.py took 0.193 seconds
[2025-02-12T15:56:02.725+0000] {processor.py:157} INFO - Started process (PID=501) to work on /home/airflow/.local/lib/python3.8/site-packages/airflow/example_dags/example_sensors.py
[2025-02-12T15:56:02.726+0000] {processor.py:829} INFO - Processing file /home/airflow/.local/lib/python3.8/site-packages/airflow/example_dags/example_sensors.py for tasks to queue
[2025-02-12T15:56:02.726+0000] {logging_mixin.py:151} INFO - [2025-02-12T15:56:02.726+0000] {dagbag.py:539} INFO - Filling up the DagBag from /home/airflow/.local/lib/python3.8/site-packages/airflow/example_dags/example_sensors.py
[2025-02-12T15:56:02.735+0000] {processor.py:839} INFO - DAG(s) dict_keys(['example_sensors']) retrieved from /home/airflow/.local/lib/python3.8/site-packages/airflow/example_dags/example_sensors.py
[2025-02-12T15:56:02.760+0000] {logging_mixin.py:151} INFO - [2025-02-12T15:56:02.759+0000] {dag.py:2915} INFO - Sync 1 DAGs
[2025-02-12T15:56:02.770+0000] {logging_mixin.py:151} INFO - [2025-02-12T15:56:02.770+0000] {dag.py:3696} INFO - Setting next_dagrun for example_sensors to None, run_after=None
[2025-02-12T15:56:02.788+0000] {processor.py:179} INFO - Processing /home/airflow/.local/lib/python3.8/site-packages/airflow/example_dags/example_sensors.py took 0.066 seconds
[2025-02-12T15:56:33.737+0000] {processor.py:157} INFO - Started process (PID=764) to work on /home/airflow/.local/lib/python3.8/site-packages/airflow/example_dags/example_sensors.py
[2025-02-12T15:56:33.739+0000] {processor.py:829} INFO - Processing file /home/airflow/.local/lib/python3.8/site-packages/airflow/example_dags/example_sensors.py for tasks to queue
[2025-02-12T15:56:33.739+0000] {logging_mixin.py:151} INFO - [2025-02-12T15:56:33.739+0000] {dagbag.py:539} INFO - Filling up the DagBag from /home/airflow/.local/lib/python3.8/site-packages/airflow/example_dags/example_sensors.py
[2025-02-12T15:56:33.747+0000] {processor.py:839} INFO - DAG(s) dict_keys(['example_sensors']) retrieved from /home/airflow/.local/lib/python3.8/site-packages/airflow/example_dags/example_sensors.py
[2025-02-12T15:56:33.770+0000] {logging_mixin.py:151} INFO - [2025-02-12T15:56:33.770+0000] {dag.py:2915} INFO - Sync 1 DAGs
[2025-02-12T15:56:33.780+0000] {logging_mixin.py:151} INFO - [2025-02-12T15:56:33.780+0000] {dag.py:3696} INFO - Setting next_dagrun for example_sensors to None, run_after=None
[2025-02-12T15:56:33.799+0000] {processor.py:179} INFO - Processing /home/airflow/.local/lib/python3.8/site-packages/airflow/example_dags/example_sensors.py took 0.064 seconds
[2025-02-12T15:57:04.174+0000] {processor.py:157} INFO - Started process (PID=1023) to work on /home/airflow/.local/lib/python3.8/site-packages/airflow/example_dags/example_sensors.py
[2025-02-12T15:57:04.175+0000] {processor.py:829} INFO - Processing file /home/airflow/.local/lib/python3.8/site-packages/airflow/example_dags/example_sensors.py for tasks to queue
[2025-02-12T15:57:04.176+0000] {logging_mixin.py:151} INFO - [2025-02-12T15:57:04.176+0000] {dagbag.py:539} INFO - Filling up the DagBag from /home/airflow/.local/lib/python3.8/site-packages/airflow/example_dags/example_sensors.py
[2025-02-12T15:57:04.183+0000] {processor.py:839} INFO - DAG(s) dict_keys(['example_sensors']) retrieved from /home/airflow/.local/lib/python3.8/site-packages/airflow/example_dags/example_sensors.py
[2025-02-12T15:57:04.212+0000] {logging_mixin.py:151} INFO - [2025-02-12T15:57:04.212+0000] {dag.py:2915} INFO - Sync 1 DAGs
[2025-02-12T15:57:04.223+0000] {logging_mixin.py:151} INFO - [2025-02-12T15:57:04.223+0000] {dag.py:3696} INFO - Setting next_dagrun for example_sensors to None, run_after=None
[2025-02-12T15:57:04.242+0000] {processor.py:179} INFO - Processing /home/airflow/.local/lib/python3.8/site-packages/airflow/example_dags/example_sensors.py took 0.070 seconds
[2025-02-12T15:57:35.330+0000] {processor.py:157} INFO - Started process (PID=1284) to work on /home/airflow/.local/lib/python3.8/site-packages/airflow/example_dags/example_sensors.py
[2025-02-12T15:57:35.331+0000] {processor.py:829} INFO - Processing file /home/airflow/.local/lib/python3.8/site-packages/airflow/example_dags/example_sensors.py for tasks to queue
[2025-02-12T15:57:35.331+0000] {logging_mixin.py:151} INFO - [2025-02-12T15:57:35.331+0000] {dagbag.py:539} INFO - Filling up the DagBag from /home/airflow/.local/lib/python3.8/site-packages/airflow/example_dags/example_sensors.py
[2025-02-12T15:57:35.341+0000] {processor.py:839} INFO - DAG(s) dict_keys(['example_sensors']) retrieved from /home/airflow/.local/lib/python3.8/site-packages/airflow/example_dags/example_sensors.py
[2025-02-12T15:57:35.364+0000] {logging_mixin.py:151} INFO - [2025-02-12T15:57:35.364+0000] {dag.py:2915} INFO - Sync 1 DAGs
[2025-02-12T15:57:35.376+0000] {logging_mixin.py:151} INFO - [2025-02-12T15:57:35.375+0000] {dag.py:3696} INFO - Setting next_dagrun for example_sensors to None, run_after=None
[2025-02-12T15:57:35.393+0000] {processor.py:179} INFO - Processing /home/airflow/.local/lib/python3.8/site-packages/airflow/example_dags/example_sensors.py took 0.066 seconds
[2025-02-12T15:59:36.573+0000] {processor.py:157} INFO - Started process (PID=1590) to work on /home/airflow/.local/lib/python3.8/site-packages/airflow/example_dags/example_sensors.py
[2025-02-12T15:59:36.576+0000] {processor.py:829} INFO - Processing file /home/airflow/.local/lib/python3.8/site-packages/airflow/example_dags/example_sensors.py for tasks to queue
[2025-02-12T15:59:36.577+0000] {logging_mixin.py:151} INFO - [2025-02-12T15:59:36.577+0000] {dagbag.py:539} INFO - Filling up the DagBag from /home/airflow/.local/lib/python3.8/site-packages/airflow/example_dags/example_sensors.py
[2025-02-12T15:59:36.596+0000] {processor.py:839} INFO - DAG(s) dict_keys(['example_sensors']) retrieved from /home/airflow/.local/lib/python3.8/site-packages/airflow/example_dags/example_sensors.py
[2025-02-12T15:59:36.639+0000] {logging_mixin.py:151} INFO - [2025-02-12T15:59:36.639+0000] {dag.py:2915} INFO - Sync 1 DAGs
[2025-02-12T15:59:36.660+0000] {logging_mixin.py:151} INFO - [2025-02-12T15:59:36.659+0000] {dag.py:3696} INFO - Setting next_dagrun for example_sensors to None, run_after=None
[2025-02-12T15:59:36.692+0000] {processor.py:179} INFO - Processing /home/airflow/.local/lib/python3.8/site-packages/airflow/example_dags/example_sensors.py took 0.147 seconds
[2025-02-12T16:00:07.182+0000] {processor.py:157} INFO - Started process (PID=1878) to work on /home/airflow/.local/lib/python3.8/site-packages/airflow/example_dags/example_sensors.py
[2025-02-12T16:00:07.183+0000] {processor.py:829} INFO - Processing file /home/airflow/.local/lib/python3.8/site-packages/airflow/example_dags/example_sensors.py for tasks to queue
[2025-02-12T16:00:07.184+0000] {logging_mixin.py:151} INFO - [2025-02-12T16:00:07.183+0000] {dagbag.py:539} INFO - Filling up the DagBag from /home/airflow/.local/lib/python3.8/site-packages/airflow/example_dags/example_sensors.py
[2025-02-12T16:00:07.192+0000] {processor.py:839} INFO - DAG(s) dict_keys(['example_sensors']) retrieved from /home/airflow/.local/lib/python3.8/site-packages/airflow/example_dags/example_sensors.py
[2025-02-12T16:00:07.216+0000] {logging_mixin.py:151} INFO - [2025-02-12T16:00:07.216+0000] {dag.py:2915} INFO - Sync 1 DAGs
[2025-02-12T16:00:07.227+0000] {logging_mixin.py:151} INFO - [2025-02-12T16:00:07.227+0000] {dag.py:3696} INFO - Setting next_dagrun for example_sensors to None, run_after=None
[2025-02-12T16:00:07.246+0000] {processor.py:179} INFO - Processing /home/airflow/.local/lib/python3.8/site-packages/airflow/example_dags/example_sensors.py took 0.067 seconds
[2025-02-12T16:01:56.224+0000] {processor.py:157} INFO - Started process (PID=2184) to work on /home/airflow/.local/lib/python3.8/site-packages/airflow/example_dags/example_sensors.py
[2025-02-12T16:01:56.226+0000] {processor.py:829} INFO - Processing file /home/airflow/.local/lib/python3.8/site-packages/airflow/example_dags/example_sensors.py for tasks to queue
[2025-02-12T16:01:56.227+0000] {logging_mixin.py:151} INFO - [2025-02-12T16:01:56.226+0000] {dagbag.py:539} INFO - Filling up the DagBag from /home/airflow/.local/lib/python3.8/site-packages/airflow/example_dags/example_sensors.py
[2025-02-12T16:01:56.237+0000] {processor.py:839} INFO - DAG(s) dict_keys(['example_sensors']) retrieved from /home/airflow/.local/lib/python3.8/site-packages/airflow/example_dags/example_sensors.py
[2025-02-12T16:01:56.277+0000] {logging_mixin.py:151} INFO - [2025-02-12T16:01:56.276+0000] {dag.py:2915} INFO - Sync 1 DAGs
[2025-02-12T16:01:56.293+0000] {logging_mixin.py:151} INFO - [2025-02-12T16:01:56.293+0000] {dag.py:3696} INFO - Setting next_dagrun for example_sensors to None, run_after=None
[2025-02-12T16:01:56.322+0000] {processor.py:179} INFO - Processing /home/airflow/.local/lib/python3.8/site-packages/airflow/example_dags/example_sensors.py took 0.104 seconds
[2025-02-12T16:02:27.196+0000] {processor.py:157} INFO - Started process (PID=2487) to work on /home/airflow/.local/lib/python3.8/site-packages/airflow/example_dags/example_sensors.py
[2025-02-12T16:02:27.197+0000] {processor.py:829} INFO - Processing file /home/airflow/.local/lib/python3.8/site-packages/airflow/example_dags/example_sensors.py for tasks to queue
[2025-02-12T16:02:27.198+0000] {logging_mixin.py:151} INFO - [2025-02-12T16:02:27.197+0000] {dagbag.py:539} INFO - Filling up the DagBag from /home/airflow/.local/lib/python3.8/site-packages/airflow/example_dags/example_sensors.py
[2025-02-12T16:02:27.206+0000] {processor.py:839} INFO - DAG(s) dict_keys(['example_sensors']) retrieved from /home/airflow/.local/lib/python3.8/site-packages/airflow/example_dags/example_sensors.py
[2025-02-12T16:02:27.232+0000] {logging_mixin.py:151} INFO - [2025-02-12T16:02:27.232+0000] {dag.py:2915} INFO - Sync 1 DAGs
[2025-02-12T16:02:27.244+0000] {logging_mixin.py:151} INFO - [2025-02-12T16:02:27.244+0000] {dag.py:3696} INFO - Setting next_dagrun for example_sensors to None, run_after=None
[2025-02-12T16:02:27.267+0000] {processor.py:179} INFO - Processing /home/airflow/.local/lib/python3.8/site-packages/airflow/example_dags/example_sensors.py took 0.074 seconds
[2025-02-12T16:03:01.247+0000] {processor.py:157} INFO - Started process (PID=2781) to work on /home/airflow/.local/lib/python3.8/site-packages/airflow/example_dags/example_sensors.py
[2025-02-12T16:03:01.249+0000] {processor.py:829} INFO - Processing file /home/airflow/.local/lib/python3.8/site-packages/airflow/example_dags/example_sensors.py for tasks to queue
[2025-02-12T16:03:01.250+0000] {logging_mixin.py:151} INFO - [2025-02-12T16:03:01.250+0000] {dagbag.py:539} INFO - Filling up the DagBag from /home/airflow/.local/lib/python3.8/site-packages/airflow/example_dags/example_sensors.py
[2025-02-12T16:03:01.271+0000] {processor.py:839} INFO - DAG(s) dict_keys(['example_sensors']) retrieved from /home/airflow/.local/lib/python3.8/site-packages/airflow/example_dags/example_sensors.py
[2025-02-12T16:03:01.319+0000] {logging_mixin.py:151} INFO - [2025-02-12T16:03:01.319+0000] {dag.py:2915} INFO - Sync 1 DAGs
[2025-02-12T16:03:01.347+0000] {logging_mixin.py:151} INFO - [2025-02-12T16:03:01.347+0000] {dag.py:3696} INFO - Setting next_dagrun for example_sensors to None, run_after=None
[2025-02-12T16:03:01.386+0000] {processor.py:179} INFO - Processing /home/airflow/.local/lib/python3.8/site-packages/airflow/example_dags/example_sensors.py took 0.145 seconds
[2025-02-12T16:03:33.389+0000] {processor.py:157} INFO - Started process (PID=3091) to work on /home/airflow/.local/lib/python3.8/site-packages/airflow/example_dags/example_sensors.py
[2025-02-12T16:03:33.390+0000] {processor.py:829} INFO - Processing file /home/airflow/.local/lib/python3.8/site-packages/airflow/example_dags/example_sensors.py for tasks to queue
[2025-02-12T16:03:33.390+0000] {logging_mixin.py:151} INFO - [2025-02-12T16:03:33.390+0000] {dagbag.py:539} INFO - Filling up the DagBag from /home/airflow/.local/lib/python3.8/site-packages/airflow/example_dags/example_sensors.py
[2025-02-12T16:03:33.397+0000] {processor.py:839} INFO - DAG(s) dict_keys(['example_sensors']) retrieved from /home/airflow/.local/lib/python3.8/site-packages/airflow/example_dags/example_sensors.py
[2025-02-12T16:03:33.419+0000] {logging_mixin.py:151} INFO - [2025-02-12T16:03:33.419+0000] {dag.py:2915} INFO - Sync 1 DAGs
[2025-02-12T16:03:33.430+0000] {logging_mixin.py:151} INFO - [2025-02-12T16:03:33.430+0000] {dag.py:3696} INFO - Setting next_dagrun for example_sensors to None, run_after=None
[2025-02-12T16:03:33.451+0000] {processor.py:179} INFO - Processing /home/airflow/.local/lib/python3.8/site-packages/airflow/example_dags/example_sensors.py took 0.065 seconds
[2025-02-12T16:04:05.650+0000] {processor.py:157} INFO - Started process (PID=3352) to work on /home/airflow/.local/lib/python3.8/site-packages/airflow/example_dags/example_sensors.py
[2025-02-12T16:04:05.650+0000] {processor.py:829} INFO - Processing file /home/airflow/.local/lib/python3.8/site-packages/airflow/example_dags/example_sensors.py for tasks to queue
[2025-02-12T16:04:05.651+0000] {logging_mixin.py:151} INFO - [2025-02-12T16:04:05.651+0000] {dagbag.py:539} INFO - Filling up the DagBag from /home/airflow/.local/lib/python3.8/site-packages/airflow/example_dags/example_sensors.py
[2025-02-12T16:04:05.659+0000] {processor.py:839} INFO - DAG(s) dict_keys(['example_sensors']) retrieved from /home/airflow/.local/lib/python3.8/site-packages/airflow/example_dags/example_sensors.py
[2025-02-12T16:04:05.685+0000] {logging_mixin.py:151} INFO - [2025-02-12T16:04:05.684+0000] {dag.py:2915} INFO - Sync 1 DAGs
[2025-02-12T16:04:05.695+0000] {logging_mixin.py:151} INFO - [2025-02-12T16:04:05.695+0000] {dag.py:3696} INFO - Setting next_dagrun for example_sensors to None, run_after=None
[2025-02-12T16:04:05.715+0000] {processor.py:179} INFO - Processing /home/airflow/.local/lib/python3.8/site-packages/airflow/example_dags/example_sensors.py took 0.068 seconds
[2025-02-12T16:04:38.040+0000] {processor.py:157} INFO - Started process (PID=3615) to work on /home/airflow/.local/lib/python3.8/site-packages/airflow/example_dags/example_sensors.py
[2025-02-12T16:04:38.041+0000] {processor.py:829} INFO - Processing file /home/airflow/.local/lib/python3.8/site-packages/airflow/example_dags/example_sensors.py for tasks to queue
[2025-02-12T16:04:38.041+0000] {logging_mixin.py:151} INFO - [2025-02-12T16:04:38.041+0000] {dagbag.py:539} INFO - Filling up the DagBag from /home/airflow/.local/lib/python3.8/site-packages/airflow/example_dags/example_sensors.py
[2025-02-12T16:04:38.049+0000] {processor.py:839} INFO - DAG(s) dict_keys(['example_sensors']) retrieved from /home/airflow/.local/lib/python3.8/site-packages/airflow/example_dags/example_sensors.py
[2025-02-12T16:04:38.074+0000] {logging_mixin.py:151} INFO - [2025-02-12T16:04:38.073+0000] {dag.py:2915} INFO - Sync 1 DAGs
[2025-02-12T16:04:38.084+0000] {logging_mixin.py:151} INFO - [2025-02-12T16:04:38.084+0000] {dag.py:3696} INFO - Setting next_dagrun for example_sensors to None, run_after=None
[2025-02-12T16:04:38.102+0000] {processor.py:179} INFO - Processing /home/airflow/.local/lib/python3.8/site-packages/airflow/example_dags/example_sensors.py took 0.066 seconds
[2025-02-12T16:05:11.706+0000] {processor.py:157} INFO - Started process (PID=3880) to work on /home/airflow/.local/lib/python3.8/site-packages/airflow/example_dags/example_sensors.py
[2025-02-12T16:05:11.707+0000] {processor.py:829} INFO - Processing file /home/airflow/.local/lib/python3.8/site-packages/airflow/example_dags/example_sensors.py for tasks to queue
[2025-02-12T16:05:11.708+0000] {logging_mixin.py:151} INFO - [2025-02-12T16:05:11.707+0000] {dagbag.py:539} INFO - Filling up the DagBag from /home/airflow/.local/lib/python3.8/site-packages/airflow/example_dags/example_sensors.py
[2025-02-12T16:05:11.714+0000] {processor.py:839} INFO - DAG(s) dict_keys(['example_sensors']) retrieved from /home/airflow/.local/lib/python3.8/site-packages/airflow/example_dags/example_sensors.py
[2025-02-12T16:05:11.735+0000] {logging_mixin.py:151} INFO - [2025-02-12T16:05:11.735+0000] {dag.py:2915} INFO - Sync 1 DAGs
[2025-02-12T16:05:11.744+0000] {logging_mixin.py:151} INFO - [2025-02-12T16:05:11.744+0000] {dag.py:3696} INFO - Setting next_dagrun for example_sensors to None, run_after=None
[2025-02-12T16:05:11.760+0000] {processor.py:179} INFO - Processing /home/airflow/.local/lib/python3.8/site-packages/airflow/example_dags/example_sensors.py took 0.056 seconds
[2025-02-12T16:05:42.778+0000] {processor.py:157} INFO - Started process (PID=4148) to work on /home/airflow/.local/lib/python3.8/site-packages/airflow/example_dags/example_sensors.py
[2025-02-12T16:05:42.779+0000] {processor.py:829} INFO - Processing file /home/airflow/.local/lib/python3.8/site-packages/airflow/example_dags/example_sensors.py for tasks to queue
[2025-02-12T16:05:42.779+0000] {logging_mixin.py:151} INFO - [2025-02-12T16:05:42.779+0000] {dagbag.py:539} INFO - Filling up the DagBag from /home/airflow/.local/lib/python3.8/site-packages/airflow/example_dags/example_sensors.py
[2025-02-12T16:05:42.787+0000] {processor.py:839} INFO - DAG(s) dict_keys(['example_sensors']) retrieved from /home/airflow/.local/lib/python3.8/site-packages/airflow/example_dags/example_sensors.py
[2025-02-12T16:05:42.810+0000] {logging_mixin.py:151} INFO - [2025-02-12T16:05:42.810+0000] {dag.py:2915} INFO - Sync 1 DAGs
[2025-02-12T16:05:42.821+0000] {logging_mixin.py:151} INFO - [2025-02-12T16:05:42.820+0000] {dag.py:3696} INFO - Setting next_dagrun for example_sensors to None, run_after=None
[2025-02-12T16:05:42.838+0000] {processor.py:179} INFO - Processing /home/airflow/.local/lib/python3.8/site-packages/airflow/example_dags/example_sensors.py took 0.063 seconds
[2025-02-12T16:06:12.989+0000] {processor.py:157} INFO - Started process (PID=4410) to work on /home/airflow/.local/lib/python3.8/site-packages/airflow/example_dags/example_sensors.py
[2025-02-12T16:06:12.990+0000] {processor.py:829} INFO - Processing file /home/airflow/.local/lib/python3.8/site-packages/airflow/example_dags/example_sensors.py for tasks to queue
[2025-02-12T16:06:12.991+0000] {logging_mixin.py:151} INFO - [2025-02-12T16:06:12.990+0000] {dagbag.py:539} INFO - Filling up the DagBag from /home/airflow/.local/lib/python3.8/site-packages/airflow/example_dags/example_sensors.py
[2025-02-12T16:06:12.998+0000] {processor.py:839} INFO - DAG(s) dict_keys(['example_sensors']) retrieved from /home/airflow/.local/lib/python3.8/site-packages/airflow/example_dags/example_sensors.py
[2025-02-12T16:06:13.021+0000] {logging_mixin.py:151} INFO - [2025-02-12T16:06:13.021+0000] {dag.py:2915} INFO - Sync 1 DAGs
[2025-02-12T16:06:13.030+0000] {logging_mixin.py:151} INFO - [2025-02-12T16:06:13.030+0000] {dag.py:3696} INFO - Setting next_dagrun for example_sensors to None, run_after=None
[2025-02-12T16:06:13.044+0000] {processor.py:179} INFO - Processing /home/airflow/.local/lib/python3.8/site-packages/airflow/example_dags/example_sensors.py took 0.057 seconds
[2025-02-12T16:06:44.020+0000] {processor.py:157} INFO - Started process (PID=4669) to work on /home/airflow/.local/lib/python3.8/site-packages/airflow/example_dags/example_sensors.py
[2025-02-12T16:06:44.022+0000] {processor.py:829} INFO - Processing file /home/airflow/.local/lib/python3.8/site-packages/airflow/example_dags/example_sensors.py for tasks to queue
[2025-02-12T16:06:44.022+0000] {logging_mixin.py:151} INFO - [2025-02-12T16:06:44.022+0000] {dagbag.py:539} INFO - Filling up the DagBag from /home/airflow/.local/lib/python3.8/site-packages/airflow/example_dags/example_sensors.py
[2025-02-12T16:06:44.032+0000] {processor.py:839} INFO - DAG(s) dict_keys(['example_sensors']) retrieved from /home/airflow/.local/lib/python3.8/site-packages/airflow/example_dags/example_sensors.py
[2025-02-12T16:06:44.054+0000] {logging_mixin.py:151} INFO - [2025-02-12T16:06:44.054+0000] {dag.py:2915} INFO - Sync 1 DAGs
[2025-02-12T16:06:44.065+0000] {logging_mixin.py:151} INFO - [2025-02-12T16:06:44.064+0000] {dag.py:3696} INFO - Setting next_dagrun for example_sensors to None, run_after=None
[2025-02-12T16:06:44.080+0000] {processor.py:179} INFO - Processing /home/airflow/.local/lib/python3.8/site-packages/airflow/example_dags/example_sensors.py took 0.062 seconds
[2025-02-12T16:07:14.939+0000] {processor.py:157} INFO - Started process (PID=4984) to work on /home/airflow/.local/lib/python3.8/site-packages/airflow/example_dags/example_sensors.py
[2025-02-12T16:07:14.940+0000] {processor.py:829} INFO - Processing file /home/airflow/.local/lib/python3.8/site-packages/airflow/example_dags/example_sensors.py for tasks to queue
[2025-02-12T16:07:14.941+0000] {logging_mixin.py:151} INFO - [2025-02-12T16:07:14.941+0000] {dagbag.py:539} INFO - Filling up the DagBag from /home/airflow/.local/lib/python3.8/site-packages/airflow/example_dags/example_sensors.py
[2025-02-12T16:07:14.950+0000] {processor.py:839} INFO - DAG(s) dict_keys(['example_sensors']) retrieved from /home/airflow/.local/lib/python3.8/site-packages/airflow/example_dags/example_sensors.py
[2025-02-12T16:07:14.977+0000] {logging_mixin.py:151} INFO - [2025-02-12T16:07:14.977+0000] {dag.py:2915} INFO - Sync 1 DAGs
[2025-02-12T16:07:14.989+0000] {logging_mixin.py:151} INFO - [2025-02-12T16:07:14.989+0000] {dag.py:3696} INFO - Setting next_dagrun for example_sensors to None, run_after=None
[2025-02-12T16:07:15.008+0000] {processor.py:179} INFO - Processing /home/airflow/.local/lib/python3.8/site-packages/airflow/example_dags/example_sensors.py took 0.073 seconds
[2025-02-12T16:07:45.528+0000] {processor.py:157} INFO - Started process (PID=5242) to work on /home/airflow/.local/lib/python3.8/site-packages/airflow/example_dags/example_sensors.py
[2025-02-12T16:07:45.529+0000] {processor.py:829} INFO - Processing file /home/airflow/.local/lib/python3.8/site-packages/airflow/example_dags/example_sensors.py for tasks to queue
[2025-02-12T16:07:45.529+0000] {logging_mixin.py:151} INFO - [2025-02-12T16:07:45.529+0000] {dagbag.py:539} INFO - Filling up the DagBag from /home/airflow/.local/lib/python3.8/site-packages/airflow/example_dags/example_sensors.py
[2025-02-12T16:07:45.537+0000] {processor.py:839} INFO - DAG(s) dict_keys(['example_sensors']) retrieved from /home/airflow/.local/lib/python3.8/site-packages/airflow/example_dags/example_sensors.py
[2025-02-12T16:07:45.561+0000] {logging_mixin.py:151} INFO - [2025-02-12T16:07:45.561+0000] {dag.py:2915} INFO - Sync 1 DAGs
[2025-02-12T16:07:45.572+0000] {logging_mixin.py:151} INFO - [2025-02-12T16:07:45.572+0000] {dag.py:3696} INFO - Setting next_dagrun for example_sensors to None, run_after=None
[2025-02-12T16:07:45.588+0000] {processor.py:179} INFO - Processing /home/airflow/.local/lib/python3.8/site-packages/airflow/example_dags/example_sensors.py took 0.063 seconds
[2025-02-12T16:08:16.072+0000] {processor.py:157} INFO - Started process (PID=5506) to work on /home/airflow/.local/lib/python3.8/site-packages/airflow/example_dags/example_sensors.py
[2025-02-12T16:08:16.073+0000] {processor.py:829} INFO - Processing file /home/airflow/.local/lib/python3.8/site-packages/airflow/example_dags/example_sensors.py for tasks to queue
[2025-02-12T16:08:16.074+0000] {logging_mixin.py:151} INFO - [2025-02-12T16:08:16.074+0000] {dagbag.py:539} INFO - Filling up the DagBag from /home/airflow/.local/lib/python3.8/site-packages/airflow/example_dags/example_sensors.py
[2025-02-12T16:08:16.082+0000] {processor.py:839} INFO - DAG(s) dict_keys(['example_sensors']) retrieved from /home/airflow/.local/lib/python3.8/site-packages/airflow/example_dags/example_sensors.py
[2025-02-12T16:08:16.104+0000] {logging_mixin.py:151} INFO - [2025-02-12T16:08:16.104+0000] {dag.py:2915} INFO - Sync 1 DAGs
[2025-02-12T16:08:16.116+0000] {logging_mixin.py:151} INFO - [2025-02-12T16:08:16.115+0000] {dag.py:3696} INFO - Setting next_dagrun for example_sensors to None, run_after=None
[2025-02-12T16:08:16.132+0000] {processor.py:179} INFO - Processing /home/airflow/.local/lib/python3.8/site-packages/airflow/example_dags/example_sensors.py took 0.063 seconds
[2025-02-12T16:08:55.065+0000] {processor.py:157} INFO - Started process (PID=5794) to work on /home/airflow/.local/lib/python3.8/site-packages/airflow/example_dags/example_sensors.py
[2025-02-12T16:08:55.066+0000] {processor.py:829} INFO - Processing file /home/airflow/.local/lib/python3.8/site-packages/airflow/example_dags/example_sensors.py for tasks to queue
[2025-02-12T16:08:55.067+0000] {logging_mixin.py:151} INFO - [2025-02-12T16:08:55.066+0000] {dagbag.py:539} INFO - Filling up the DagBag from /home/airflow/.local/lib/python3.8/site-packages/airflow/example_dags/example_sensors.py
[2025-02-12T16:08:55.080+0000] {processor.py:839} INFO - DAG(s) dict_keys(['example_sensors']) retrieved from /home/airflow/.local/lib/python3.8/site-packages/airflow/example_dags/example_sensors.py
[2025-02-12T16:08:55.110+0000] {logging_mixin.py:151} INFO - [2025-02-12T16:08:55.109+0000] {dag.py:2915} INFO - Sync 1 DAGs
[2025-02-12T16:08:55.133+0000] {logging_mixin.py:151} INFO - [2025-02-12T16:08:55.133+0000] {dag.py:3696} INFO - Setting next_dagrun for example_sensors to None, run_after=None
[2025-02-12T16:08:55.160+0000] {processor.py:179} INFO - Processing /home/airflow/.local/lib/python3.8/site-packages/airflow/example_dags/example_sensors.py took 0.098 seconds
[2025-02-12T16:10:26.466+0000] {processor.py:157} INFO - Started process (PID=6089) to work on /home/airflow/.local/lib/python3.8/site-packages/airflow/example_dags/example_sensors.py
[2025-02-12T16:10:26.468+0000] {processor.py:829} INFO - Processing file /home/airflow/.local/lib/python3.8/site-packages/airflow/example_dags/example_sensors.py for tasks to queue
[2025-02-12T16:10:26.469+0000] {logging_mixin.py:151} INFO - [2025-02-12T16:10:26.469+0000] {dagbag.py:539} INFO - Filling up the DagBag from /home/airflow/.local/lib/python3.8/site-packages/airflow/example_dags/example_sensors.py
[2025-02-12T16:10:26.482+0000] {processor.py:839} INFO - DAG(s) dict_keys(['example_sensors']) retrieved from /home/airflow/.local/lib/python3.8/site-packages/airflow/example_dags/example_sensors.py
[2025-02-12T16:10:26.530+0000] {logging_mixin.py:151} INFO - [2025-02-12T16:10:26.529+0000] {dag.py:2915} INFO - Sync 1 DAGs
[2025-02-12T16:10:26.554+0000] {logging_mixin.py:151} INFO - [2025-02-12T16:10:26.554+0000] {dag.py:3696} INFO - Setting next_dagrun for example_sensors to None, run_after=None
[2025-02-12T16:10:26.586+0000] {processor.py:179} INFO - Processing /home/airflow/.local/lib/python3.8/site-packages/airflow/example_dags/example_sensors.py took 0.126 seconds
[2025-02-12T16:10:56.757+0000] {processor.py:157} INFO - Started process (PID=6355) to work on /home/airflow/.local/lib/python3.8/site-packages/airflow/example_dags/example_sensors.py
[2025-02-12T16:10:56.758+0000] {processor.py:829} INFO - Processing file /home/airflow/.local/lib/python3.8/site-packages/airflow/example_dags/example_sensors.py for tasks to queue
[2025-02-12T16:10:56.759+0000] {logging_mixin.py:151} INFO - [2025-02-12T16:10:56.759+0000] {dagbag.py:539} INFO - Filling up the DagBag from /home/airflow/.local/lib/python3.8/site-packages/airflow/example_dags/example_sensors.py
[2025-02-12T16:10:56.768+0000] {processor.py:839} INFO - DAG(s) dict_keys(['example_sensors']) retrieved from /home/airflow/.local/lib/python3.8/site-packages/airflow/example_dags/example_sensors.py
[2025-02-12T16:10:56.793+0000] {logging_mixin.py:151} INFO - [2025-02-12T16:10:56.793+0000] {dag.py:2915} INFO - Sync 1 DAGs
[2025-02-12T16:10:56.809+0000] {logging_mixin.py:151} INFO - [2025-02-12T16:10:56.808+0000] {dag.py:3696} INFO - Setting next_dagrun for example_sensors to None, run_after=None
[2025-02-12T16:10:56.827+0000] {processor.py:179} INFO - Processing /home/airflow/.local/lib/python3.8/site-packages/airflow/example_dags/example_sensors.py took 0.072 seconds
[2025-02-12T16:11:28.225+0000] {processor.py:157} INFO - Started process (PID=6617) to work on /home/airflow/.local/lib/python3.8/site-packages/airflow/example_dags/example_sensors.py
[2025-02-12T16:11:28.226+0000] {processor.py:829} INFO - Processing file /home/airflow/.local/lib/python3.8/site-packages/airflow/example_dags/example_sensors.py for tasks to queue
[2025-02-12T16:11:28.226+0000] {logging_mixin.py:151} INFO - [2025-02-12T16:11:28.226+0000] {dagbag.py:539} INFO - Filling up the DagBag from /home/airflow/.local/lib/python3.8/site-packages/airflow/example_dags/example_sensors.py
[2025-02-12T16:11:28.234+0000] {processor.py:839} INFO - DAG(s) dict_keys(['example_sensors']) retrieved from /home/airflow/.local/lib/python3.8/site-packages/airflow/example_dags/example_sensors.py
[2025-02-12T16:11:28.254+0000] {logging_mixin.py:151} INFO - [2025-02-12T16:11:28.254+0000] {dag.py:2915} INFO - Sync 1 DAGs
[2025-02-12T16:11:28.264+0000] {logging_mixin.py:151} INFO - [2025-02-12T16:11:28.264+0000] {dag.py:3696} INFO - Setting next_dagrun for example_sensors to None, run_after=None
[2025-02-12T16:11:28.279+0000] {processor.py:179} INFO - Processing /home/airflow/.local/lib/python3.8/site-packages/airflow/example_dags/example_sensors.py took 0.057 seconds
