[2025-02-12T15:51:10.011+0000] {processor.py:157} INFO - Started process (PID=367) to work on /home/airflow/.local/lib/python3.8/site-packages/airflow/example_dags/example_branch_day_of_week_operator.py
[2025-02-12T15:51:10.013+0000] {processor.py:829} INFO - Processing file /home/airflow/.local/lib/python3.8/site-packages/airflow/example_dags/example_branch_day_of_week_operator.py for tasks to queue
[2025-02-12T15:51:10.015+0000] {logging_mixin.py:151} INFO - [2025-02-12T15:51:10.014+0000] {dagbag.py:539} INFO - Filling up the DagBag from /home/airflow/.local/lib/python3.8/site-packages/airflow/example_dags/example_branch_day_of_week_operator.py
[2025-02-12T15:51:10.031+0000] {processor.py:839} INFO - DAG(s) dict_keys(['example_weekday_branch_operator']) retrieved from /home/airflow/.local/lib/python3.8/site-packages/airflow/example_dags/example_branch_day_of_week_operator.py
[2025-02-12T15:51:10.054+0000] {logging_mixin.py:151} INFO - [2025-02-12T15:51:10.053+0000] {dag.py:2915} INFO - Sync 1 DAGs
[2025-02-12T15:51:10.333+0000] {logging_mixin.py:151} INFO - [2025-02-12T15:51:10.332+0000] {dag.py:3696} INFO - Setting next_dagrun for example_weekday_branch_operator to 2025-02-11T00:00:00+00:00, run_after=2025-02-12T00:00:00+00:00
[2025-02-12T15:51:10.357+0000] {processor.py:179} INFO - Processing /home/airflow/.local/lib/python3.8/site-packages/airflow/example_dags/example_branch_day_of_week_operator.py took 0.351 seconds
[2025-02-12T15:51:40.890+0000] {processor.py:157} INFO - Started process (PID=623) to work on /home/airflow/.local/lib/python3.8/site-packages/airflow/example_dags/example_branch_day_of_week_operator.py
[2025-02-12T15:51:40.891+0000] {processor.py:829} INFO - Processing file /home/airflow/.local/lib/python3.8/site-packages/airflow/example_dags/example_branch_day_of_week_operator.py for tasks to queue
[2025-02-12T15:51:40.892+0000] {logging_mixin.py:151} INFO - [2025-02-12T15:51:40.892+0000] {dagbag.py:539} INFO - Filling up the DagBag from /home/airflow/.local/lib/python3.8/site-packages/airflow/example_dags/example_branch_day_of_week_operator.py
[2025-02-12T15:51:40.898+0000] {processor.py:839} INFO - DAG(s) dict_keys(['example_weekday_branch_operator']) retrieved from /home/airflow/.local/lib/python3.8/site-packages/airflow/example_dags/example_branch_day_of_week_operator.py
[2025-02-12T15:51:40.917+0000] {logging_mixin.py:151} INFO - [2025-02-12T15:51:40.917+0000] {dag.py:2915} INFO - Sync 1 DAGs
[2025-02-12T15:51:40.945+0000] {logging_mixin.py:151} INFO - [2025-02-12T15:51:40.945+0000] {dag.py:3696} INFO - Setting next_dagrun for example_weekday_branch_operator to 2025-02-11T00:00:00+00:00, run_after=2025-02-12T00:00:00+00:00
[2025-02-12T15:51:40.962+0000] {processor.py:179} INFO - Processing /home/airflow/.local/lib/python3.8/site-packages/airflow/example_dags/example_branch_day_of_week_operator.py took 0.075 seconds
[2025-02-12T15:52:14.071+0000] {processor.py:157} INFO - Started process (PID=882) to work on /home/airflow/.local/lib/python3.8/site-packages/airflow/example_dags/example_branch_day_of_week_operator.py
[2025-02-12T15:52:14.072+0000] {processor.py:829} INFO - Processing file /home/airflow/.local/lib/python3.8/site-packages/airflow/example_dags/example_branch_day_of_week_operator.py for tasks to queue
[2025-02-12T15:52:14.073+0000] {logging_mixin.py:151} INFO - [2025-02-12T15:52:14.073+0000] {dagbag.py:539} INFO - Filling up the DagBag from /home/airflow/.local/lib/python3.8/site-packages/airflow/example_dags/example_branch_day_of_week_operator.py
[2025-02-12T15:52:14.080+0000] {processor.py:839} INFO - DAG(s) dict_keys(['example_weekday_branch_operator']) retrieved from /home/airflow/.local/lib/python3.8/site-packages/airflow/example_dags/example_branch_day_of_week_operator.py
[2025-02-12T15:52:14.101+0000] {logging_mixin.py:151} INFO - [2025-02-12T15:52:14.101+0000] {dag.py:2915} INFO - Sync 1 DAGs
[2025-02-12T15:52:14.122+0000] {logging_mixin.py:151} INFO - [2025-02-12T15:52:14.122+0000] {dag.py:3696} INFO - Setting next_dagrun for example_weekday_branch_operator to 2025-02-11T00:00:00+00:00, run_after=2025-02-12T00:00:00+00:00
[2025-02-12T15:52:14.139+0000] {processor.py:179} INFO - Processing /home/airflow/.local/lib/python3.8/site-packages/airflow/example_dags/example_branch_day_of_week_operator.py took 0.083 seconds
[2025-02-12T15:52:44.879+0000] {processor.py:157} INFO - Started process (PID=1143) to work on /home/airflow/.local/lib/python3.8/site-packages/airflow/example_dags/example_branch_day_of_week_operator.py
[2025-02-12T15:52:44.880+0000] {processor.py:829} INFO - Processing file /home/airflow/.local/lib/python3.8/site-packages/airflow/example_dags/example_branch_day_of_week_operator.py for tasks to queue
[2025-02-12T15:52:44.881+0000] {logging_mixin.py:151} INFO - [2025-02-12T15:52:44.881+0000] {dagbag.py:539} INFO - Filling up the DagBag from /home/airflow/.local/lib/python3.8/site-packages/airflow/example_dags/example_branch_day_of_week_operator.py
[2025-02-12T15:52:44.887+0000] {processor.py:839} INFO - DAG(s) dict_keys(['example_weekday_branch_operator']) retrieved from /home/airflow/.local/lib/python3.8/site-packages/airflow/example_dags/example_branch_day_of_week_operator.py
[2025-02-12T15:52:44.907+0000] {logging_mixin.py:151} INFO - [2025-02-12T15:52:44.907+0000] {dag.py:2915} INFO - Sync 1 DAGs
[2025-02-12T15:52:44.927+0000] {logging_mixin.py:151} INFO - [2025-02-12T15:52:44.926+0000] {dag.py:3696} INFO - Setting next_dagrun for example_weekday_branch_operator to 2025-02-11T00:00:00+00:00, run_after=2025-02-12T00:00:00+00:00
[2025-02-12T15:52:44.943+0000] {processor.py:179} INFO - Processing /home/airflow/.local/lib/python3.8/site-packages/airflow/example_dags/example_branch_day_of_week_operator.py took 0.067 seconds
[2025-02-12T15:53:16.075+0000] {processor.py:157} INFO - Started process (PID=1411) to work on /home/airflow/.local/lib/python3.8/site-packages/airflow/example_dags/example_branch_day_of_week_operator.py
[2025-02-12T15:53:16.076+0000] {processor.py:829} INFO - Processing file /home/airflow/.local/lib/python3.8/site-packages/airflow/example_dags/example_branch_day_of_week_operator.py for tasks to queue
[2025-02-12T15:53:16.077+0000] {logging_mixin.py:151} INFO - [2025-02-12T15:53:16.077+0000] {dagbag.py:539} INFO - Filling up the DagBag from /home/airflow/.local/lib/python3.8/site-packages/airflow/example_dags/example_branch_day_of_week_operator.py
[2025-02-12T15:53:16.083+0000] {processor.py:839} INFO - DAG(s) dict_keys(['example_weekday_branch_operator']) retrieved from /home/airflow/.local/lib/python3.8/site-packages/airflow/example_dags/example_branch_day_of_week_operator.py
[2025-02-12T15:53:16.104+0000] {logging_mixin.py:151} INFO - [2025-02-12T15:53:16.104+0000] {dag.py:2915} INFO - Sync 1 DAGs
[2025-02-12T15:53:16.126+0000] {logging_mixin.py:151} INFO - [2025-02-12T15:53:16.126+0000] {dag.py:3696} INFO - Setting next_dagrun for example_weekday_branch_operator to 2025-02-11T00:00:00+00:00, run_after=2025-02-12T00:00:00+00:00
[2025-02-12T15:53:16.145+0000] {processor.py:179} INFO - Processing /home/airflow/.local/lib/python3.8/site-packages/airflow/example_dags/example_branch_day_of_week_operator.py took 0.072 seconds
[2025-02-12T15:53:47.086+0000] {processor.py:157} INFO - Started process (PID=1676) to work on /home/airflow/.local/lib/python3.8/site-packages/airflow/example_dags/example_branch_day_of_week_operator.py
[2025-02-12T15:53:47.087+0000] {processor.py:829} INFO - Processing file /home/airflow/.local/lib/python3.8/site-packages/airflow/example_dags/example_branch_day_of_week_operator.py for tasks to queue
[2025-02-12T15:53:47.088+0000] {logging_mixin.py:151} INFO - [2025-02-12T15:53:47.087+0000] {dagbag.py:539} INFO - Filling up the DagBag from /home/airflow/.local/lib/python3.8/site-packages/airflow/example_dags/example_branch_day_of_week_operator.py
[2025-02-12T15:53:47.093+0000] {processor.py:839} INFO - DAG(s) dict_keys(['example_weekday_branch_operator']) retrieved from /home/airflow/.local/lib/python3.8/site-packages/airflow/example_dags/example_branch_day_of_week_operator.py
[2025-02-12T15:53:47.113+0000] {logging_mixin.py:151} INFO - [2025-02-12T15:53:47.112+0000] {dag.py:2915} INFO - Sync 1 DAGs
[2025-02-12T15:53:47.132+0000] {logging_mixin.py:151} INFO - [2025-02-12T15:53:47.131+0000] {dag.py:3696} INFO - Setting next_dagrun for example_weekday_branch_operator to 2025-02-11T00:00:00+00:00, run_after=2025-02-12T00:00:00+00:00
[2025-02-12T15:53:47.145+0000] {processor.py:179} INFO - Processing /home/airflow/.local/lib/python3.8/site-packages/airflow/example_dags/example_branch_day_of_week_operator.py took 0.062 seconds
[2025-02-12T15:55:33.234+0000] {processor.py:157} INFO - Started process (PID=367) to work on /home/airflow/.local/lib/python3.8/site-packages/airflow/example_dags/example_branch_day_of_week_operator.py
[2025-02-12T15:55:33.235+0000] {processor.py:829} INFO - Processing file /home/airflow/.local/lib/python3.8/site-packages/airflow/example_dags/example_branch_day_of_week_operator.py for tasks to queue
[2025-02-12T15:55:33.235+0000] {logging_mixin.py:151} INFO - [2025-02-12T15:55:33.235+0000] {dagbag.py:539} INFO - Filling up the DagBag from /home/airflow/.local/lib/python3.8/site-packages/airflow/example_dags/example_branch_day_of_week_operator.py
[2025-02-12T15:55:33.242+0000] {processor.py:839} INFO - DAG(s) dict_keys(['example_weekday_branch_operator']) retrieved from /home/airflow/.local/lib/python3.8/site-packages/airflow/example_dags/example_branch_day_of_week_operator.py
[2025-02-12T15:55:33.265+0000] {logging_mixin.py:151} INFO - [2025-02-12T15:55:33.265+0000] {dag.py:2915} INFO - Sync 1 DAGs
[2025-02-12T15:55:33.288+0000] {logging_mixin.py:151} INFO - [2025-02-12T15:55:33.288+0000] {dag.py:3696} INFO - Setting next_dagrun for example_weekday_branch_operator to 2025-02-11T00:00:00+00:00, run_after=2025-02-12T00:00:00+00:00
[2025-02-12T15:55:33.309+0000] {processor.py:179} INFO - Processing /home/airflow/.local/lib/python3.8/site-packages/airflow/example_dags/example_branch_day_of_week_operator.py took 0.078 seconds
[2025-02-12T15:56:04.359+0000] {processor.py:157} INFO - Started process (PID=621) to work on /home/airflow/.local/lib/python3.8/site-packages/airflow/example_dags/example_branch_day_of_week_operator.py
[2025-02-12T15:56:04.359+0000] {processor.py:829} INFO - Processing file /home/airflow/.local/lib/python3.8/site-packages/airflow/example_dags/example_branch_day_of_week_operator.py for tasks to queue
[2025-02-12T15:56:04.360+0000] {logging_mixin.py:151} INFO - [2025-02-12T15:56:04.360+0000] {dagbag.py:539} INFO - Filling up the DagBag from /home/airflow/.local/lib/python3.8/site-packages/airflow/example_dags/example_branch_day_of_week_operator.py
[2025-02-12T15:56:04.367+0000] {processor.py:839} INFO - DAG(s) dict_keys(['example_weekday_branch_operator']) retrieved from /home/airflow/.local/lib/python3.8/site-packages/airflow/example_dags/example_branch_day_of_week_operator.py
[2025-02-12T15:56:04.392+0000] {logging_mixin.py:151} INFO - [2025-02-12T15:56:04.391+0000] {dag.py:2915} INFO - Sync 1 DAGs
[2025-02-12T15:56:04.417+0000] {logging_mixin.py:151} INFO - [2025-02-12T15:56:04.416+0000] {dag.py:3696} INFO - Setting next_dagrun for example_weekday_branch_operator to 2025-02-11T00:00:00+00:00, run_after=2025-02-12T00:00:00+00:00
[2025-02-12T15:56:04.438+0000] {processor.py:179} INFO - Processing /home/airflow/.local/lib/python3.8/site-packages/airflow/example_dags/example_branch_day_of_week_operator.py took 0.082 seconds
[2025-02-12T15:56:34.938+0000] {processor.py:157} INFO - Started process (PID=877) to work on /home/airflow/.local/lib/python3.8/site-packages/airflow/example_dags/example_branch_day_of_week_operator.py
[2025-02-12T15:56:34.939+0000] {processor.py:829} INFO - Processing file /home/airflow/.local/lib/python3.8/site-packages/airflow/example_dags/example_branch_day_of_week_operator.py for tasks to queue
[2025-02-12T15:56:34.940+0000] {logging_mixin.py:151} INFO - [2025-02-12T15:56:34.940+0000] {dagbag.py:539} INFO - Filling up the DagBag from /home/airflow/.local/lib/python3.8/site-packages/airflow/example_dags/example_branch_day_of_week_operator.py
[2025-02-12T15:56:34.946+0000] {processor.py:839} INFO - DAG(s) dict_keys(['example_weekday_branch_operator']) retrieved from /home/airflow/.local/lib/python3.8/site-packages/airflow/example_dags/example_branch_day_of_week_operator.py
[2025-02-12T15:56:34.971+0000] {logging_mixin.py:151} INFO - [2025-02-12T15:56:34.970+0000] {dag.py:2915} INFO - Sync 1 DAGs
[2025-02-12T15:56:34.994+0000] {logging_mixin.py:151} INFO - [2025-02-12T15:56:34.994+0000] {dag.py:3696} INFO - Setting next_dagrun for example_weekday_branch_operator to 2025-02-11T00:00:00+00:00, run_after=2025-02-12T00:00:00+00:00
[2025-02-12T15:56:35.016+0000] {processor.py:179} INFO - Processing /home/airflow/.local/lib/python3.8/site-packages/airflow/example_dags/example_branch_day_of_week_operator.py took 0.080 seconds
[2025-02-12T15:57:05.729+0000] {processor.py:157} INFO - Started process (PID=1143) to work on /home/airflow/.local/lib/python3.8/site-packages/airflow/example_dags/example_branch_day_of_week_operator.py
[2025-02-12T15:57:05.730+0000] {processor.py:829} INFO - Processing file /home/airflow/.local/lib/python3.8/site-packages/airflow/example_dags/example_branch_day_of_week_operator.py for tasks to queue
[2025-02-12T15:57:05.730+0000] {logging_mixin.py:151} INFO - [2025-02-12T15:57:05.730+0000] {dagbag.py:539} INFO - Filling up the DagBag from /home/airflow/.local/lib/python3.8/site-packages/airflow/example_dags/example_branch_day_of_week_operator.py
[2025-02-12T15:57:05.736+0000] {processor.py:839} INFO - DAG(s) dict_keys(['example_weekday_branch_operator']) retrieved from /home/airflow/.local/lib/python3.8/site-packages/airflow/example_dags/example_branch_day_of_week_operator.py
[2025-02-12T15:57:05.758+0000] {logging_mixin.py:151} INFO - [2025-02-12T15:57:05.758+0000] {dag.py:2915} INFO - Sync 1 DAGs
[2025-02-12T15:57:05.782+0000] {logging_mixin.py:151} INFO - [2025-02-12T15:57:05.781+0000] {dag.py:3696} INFO - Setting next_dagrun for example_weekday_branch_operator to 2025-02-11T00:00:00+00:00, run_after=2025-02-12T00:00:00+00:00
[2025-02-12T15:57:05.803+0000] {processor.py:179} INFO - Processing /home/airflow/.local/lib/python3.8/site-packages/airflow/example_dags/example_branch_day_of_week_operator.py took 0.077 seconds
[2025-02-12T15:57:36.541+0000] {processor.py:157} INFO - Started process (PID=1404) to work on /home/airflow/.local/lib/python3.8/site-packages/airflow/example_dags/example_branch_day_of_week_operator.py
[2025-02-12T15:57:36.542+0000] {processor.py:829} INFO - Processing file /home/airflow/.local/lib/python3.8/site-packages/airflow/example_dags/example_branch_day_of_week_operator.py for tasks to queue
[2025-02-12T15:57:36.543+0000] {logging_mixin.py:151} INFO - [2025-02-12T15:57:36.543+0000] {dagbag.py:539} INFO - Filling up the DagBag from /home/airflow/.local/lib/python3.8/site-packages/airflow/example_dags/example_branch_day_of_week_operator.py
[2025-02-12T15:57:36.549+0000] {processor.py:839} INFO - DAG(s) dict_keys(['example_weekday_branch_operator']) retrieved from /home/airflow/.local/lib/python3.8/site-packages/airflow/example_dags/example_branch_day_of_week_operator.py
[2025-02-12T15:57:36.567+0000] {logging_mixin.py:151} INFO - [2025-02-12T15:57:36.567+0000] {dag.py:2915} INFO - Sync 1 DAGs
[2025-02-12T15:57:36.585+0000] {logging_mixin.py:151} INFO - [2025-02-12T15:57:36.585+0000] {dag.py:3696} INFO - Setting next_dagrun for example_weekday_branch_operator to 2025-02-11T00:00:00+00:00, run_after=2025-02-12T00:00:00+00:00
[2025-02-12T15:57:36.600+0000] {processor.py:179} INFO - Processing /home/airflow/.local/lib/python3.8/site-packages/airflow/example_dags/example_branch_day_of_week_operator.py took 0.061 seconds
[2025-02-12T15:59:38.372+0000] {processor.py:157} INFO - Started process (PID=1716) to work on /home/airflow/.local/lib/python3.8/site-packages/airflow/example_dags/example_branch_day_of_week_operator.py
[2025-02-12T15:59:38.373+0000] {processor.py:829} INFO - Processing file /home/airflow/.local/lib/python3.8/site-packages/airflow/example_dags/example_branch_day_of_week_operator.py for tasks to queue
[2025-02-12T15:59:38.374+0000] {logging_mixin.py:151} INFO - [2025-02-12T15:59:38.374+0000] {dagbag.py:539} INFO - Filling up the DagBag from /home/airflow/.local/lib/python3.8/site-packages/airflow/example_dags/example_branch_day_of_week_operator.py
[2025-02-12T15:59:38.380+0000] {processor.py:839} INFO - DAG(s) dict_keys(['example_weekday_branch_operator']) retrieved from /home/airflow/.local/lib/python3.8/site-packages/airflow/example_dags/example_branch_day_of_week_operator.py
[2025-02-12T15:59:38.403+0000] {logging_mixin.py:151} INFO - [2025-02-12T15:59:38.403+0000] {dag.py:2915} INFO - Sync 1 DAGs
[2025-02-12T15:59:38.427+0000] {logging_mixin.py:151} INFO - [2025-02-12T15:59:38.427+0000] {dag.py:3696} INFO - Setting next_dagrun for example_weekday_branch_operator to 2025-02-11T00:00:00+00:00, run_after=2025-02-12T00:00:00+00:00
[2025-02-12T15:59:38.454+0000] {processor.py:179} INFO - Processing /home/airflow/.local/lib/python3.8/site-packages/airflow/example_dags/example_branch_day_of_week_operator.py took 0.085 seconds
[2025-02-12T16:00:08.736+0000] {processor.py:157} INFO - Started process (PID=2003) to work on /home/airflow/.local/lib/python3.8/site-packages/airflow/example_dags/example_branch_day_of_week_operator.py
[2025-02-12T16:00:08.737+0000] {processor.py:829} INFO - Processing file /home/airflow/.local/lib/python3.8/site-packages/airflow/example_dags/example_branch_day_of_week_operator.py for tasks to queue
[2025-02-12T16:00:08.738+0000] {logging_mixin.py:151} INFO - [2025-02-12T16:00:08.738+0000] {dagbag.py:539} INFO - Filling up the DagBag from /home/airflow/.local/lib/python3.8/site-packages/airflow/example_dags/example_branch_day_of_week_operator.py
[2025-02-12T16:00:08.745+0000] {processor.py:839} INFO - DAG(s) dict_keys(['example_weekday_branch_operator']) retrieved from /home/airflow/.local/lib/python3.8/site-packages/airflow/example_dags/example_branch_day_of_week_operator.py
[2025-02-12T16:00:08.764+0000] {logging_mixin.py:151} INFO - [2025-02-12T16:00:08.764+0000] {dag.py:2915} INFO - Sync 1 DAGs
[2025-02-12T16:00:08.784+0000] {logging_mixin.py:151} INFO - [2025-02-12T16:00:08.783+0000] {dag.py:3696} INFO - Setting next_dagrun for example_weekday_branch_operator to 2025-02-11T00:00:00+00:00, run_after=2025-02-12T00:00:00+00:00
[2025-02-12T16:00:08.799+0000] {processor.py:179} INFO - Processing /home/airflow/.local/lib/python3.8/site-packages/airflow/example_dags/example_branch_day_of_week_operator.py took 0.065 seconds
[2025-02-12T16:01:58.011+0000] {processor.py:157} INFO - Started process (PID=2314) to work on /home/airflow/.local/lib/python3.8/site-packages/airflow/example_dags/example_branch_day_of_week_operator.py
[2025-02-12T16:01:58.013+0000] {processor.py:829} INFO - Processing file /home/airflow/.local/lib/python3.8/site-packages/airflow/example_dags/example_branch_day_of_week_operator.py for tasks to queue
[2025-02-12T16:01:58.013+0000] {logging_mixin.py:151} INFO - [2025-02-12T16:01:58.013+0000] {dagbag.py:539} INFO - Filling up the DagBag from /home/airflow/.local/lib/python3.8/site-packages/airflow/example_dags/example_branch_day_of_week_operator.py
[2025-02-12T16:01:58.019+0000] {processor.py:839} INFO - DAG(s) dict_keys(['example_weekday_branch_operator']) retrieved from /home/airflow/.local/lib/python3.8/site-packages/airflow/example_dags/example_branch_day_of_week_operator.py
[2025-02-12T16:01:58.038+0000] {logging_mixin.py:151} INFO - [2025-02-12T16:01:58.038+0000] {dag.py:2915} INFO - Sync 1 DAGs
[2025-02-12T16:01:58.059+0000] {logging_mixin.py:151} INFO - [2025-02-12T16:01:58.059+0000] {dag.py:3696} INFO - Setting next_dagrun for example_weekday_branch_operator to 2025-02-11T00:00:00+00:00, run_after=2025-02-12T00:00:00+00:00
[2025-02-12T16:01:58.076+0000] {processor.py:179} INFO - Processing /home/airflow/.local/lib/python3.8/site-packages/airflow/example_dags/example_branch_day_of_week_operator.py took 0.067 seconds
[2025-02-12T16:02:28.554+0000] {processor.py:157} INFO - Started process (PID=2614) to work on /home/airflow/.local/lib/python3.8/site-packages/airflow/example_dags/example_branch_day_of_week_operator.py
[2025-02-12T16:02:28.555+0000] {processor.py:829} INFO - Processing file /home/airflow/.local/lib/python3.8/site-packages/airflow/example_dags/example_branch_day_of_week_operator.py for tasks to queue
[2025-02-12T16:02:28.555+0000] {logging_mixin.py:151} INFO - [2025-02-12T16:02:28.555+0000] {dagbag.py:539} INFO - Filling up the DagBag from /home/airflow/.local/lib/python3.8/site-packages/airflow/example_dags/example_branch_day_of_week_operator.py
[2025-02-12T16:02:28.561+0000] {processor.py:839} INFO - DAG(s) dict_keys(['example_weekday_branch_operator']) retrieved from /home/airflow/.local/lib/python3.8/site-packages/airflow/example_dags/example_branch_day_of_week_operator.py
[2025-02-12T16:02:28.580+0000] {logging_mixin.py:151} INFO - [2025-02-12T16:02:28.580+0000] {dag.py:2915} INFO - Sync 1 DAGs
[2025-02-12T16:02:28.600+0000] {logging_mixin.py:151} INFO - [2025-02-12T16:02:28.600+0000] {dag.py:3696} INFO - Setting next_dagrun for example_weekday_branch_operator to 2025-02-11T00:00:00+00:00, run_after=2025-02-12T00:00:00+00:00
[2025-02-12T16:02:28.617+0000] {processor.py:179} INFO - Processing /home/airflow/.local/lib/python3.8/site-packages/airflow/example_dags/example_branch_day_of_week_operator.py took 0.066 seconds
[2025-02-12T16:03:03.553+0000] {processor.py:157} INFO - Started process (PID=2911) to work on /home/airflow/.local/lib/python3.8/site-packages/airflow/example_dags/example_branch_day_of_week_operator.py
[2025-02-12T16:03:03.555+0000] {processor.py:829} INFO - Processing file /home/airflow/.local/lib/python3.8/site-packages/airflow/example_dags/example_branch_day_of_week_operator.py for tasks to queue
[2025-02-12T16:03:03.556+0000] {logging_mixin.py:151} INFO - [2025-02-12T16:03:03.556+0000] {dagbag.py:539} INFO - Filling up the DagBag from /home/airflow/.local/lib/python3.8/site-packages/airflow/example_dags/example_branch_day_of_week_operator.py
[2025-02-12T16:03:03.564+0000] {processor.py:839} INFO - DAG(s) dict_keys(['example_weekday_branch_operator']) retrieved from /home/airflow/.local/lib/python3.8/site-packages/airflow/example_dags/example_branch_day_of_week_operator.py
[2025-02-12T16:03:03.591+0000] {logging_mixin.py:151} INFO - [2025-02-12T16:03:03.590+0000] {dag.py:2915} INFO - Sync 1 DAGs
[2025-02-12T16:03:03.617+0000] {logging_mixin.py:151} INFO - [2025-02-12T16:03:03.617+0000] {dag.py:3696} INFO - Setting next_dagrun for example_weekday_branch_operator to 2025-02-11T00:00:00+00:00, run_after=2025-02-12T00:00:00+00:00
[2025-02-12T16:03:03.643+0000] {processor.py:179} INFO - Processing /home/airflow/.local/lib/python3.8/site-packages/airflow/example_dags/example_branch_day_of_week_operator.py took 0.093 seconds
[2025-02-12T16:03:34.724+0000] {processor.py:157} INFO - Started process (PID=3218) to work on /home/airflow/.local/lib/python3.8/site-packages/airflow/example_dags/example_branch_day_of_week_operator.py
[2025-02-12T16:03:34.726+0000] {processor.py:829} INFO - Processing file /home/airflow/.local/lib/python3.8/site-packages/airflow/example_dags/example_branch_day_of_week_operator.py for tasks to queue
[2025-02-12T16:03:34.726+0000] {logging_mixin.py:151} INFO - [2025-02-12T16:03:34.726+0000] {dagbag.py:539} INFO - Filling up the DagBag from /home/airflow/.local/lib/python3.8/site-packages/airflow/example_dags/example_branch_day_of_week_operator.py
[2025-02-12T16:03:34.732+0000] {processor.py:839} INFO - DAG(s) dict_keys(['example_weekday_branch_operator']) retrieved from /home/airflow/.local/lib/python3.8/site-packages/airflow/example_dags/example_branch_day_of_week_operator.py
[2025-02-12T16:03:34.754+0000] {logging_mixin.py:151} INFO - [2025-02-12T16:03:34.754+0000] {dag.py:2915} INFO - Sync 1 DAGs
[2025-02-12T16:03:34.773+0000] {logging_mixin.py:151} INFO - [2025-02-12T16:03:34.773+0000] {dag.py:3696} INFO - Setting next_dagrun for example_weekday_branch_operator to 2025-02-11T00:00:00+00:00, run_after=2025-02-12T00:00:00+00:00
[2025-02-12T16:03:34.790+0000] {processor.py:179} INFO - Processing /home/airflow/.local/lib/python3.8/site-packages/airflow/example_dags/example_branch_day_of_week_operator.py took 0.069 seconds
[2025-02-12T16:04:07.088+0000] {processor.py:157} INFO - Started process (PID=3479) to work on /home/airflow/.local/lib/python3.8/site-packages/airflow/example_dags/example_branch_day_of_week_operator.py
[2025-02-12T16:04:07.088+0000] {processor.py:829} INFO - Processing file /home/airflow/.local/lib/python3.8/site-packages/airflow/example_dags/example_branch_day_of_week_operator.py for tasks to queue
[2025-02-12T16:04:07.090+0000] {logging_mixin.py:151} INFO - [2025-02-12T16:04:07.089+0000] {dagbag.py:539} INFO - Filling up the DagBag from /home/airflow/.local/lib/python3.8/site-packages/airflow/example_dags/example_branch_day_of_week_operator.py
[2025-02-12T16:04:07.097+0000] {processor.py:839} INFO - DAG(s) dict_keys(['example_weekday_branch_operator']) retrieved from /home/airflow/.local/lib/python3.8/site-packages/airflow/example_dags/example_branch_day_of_week_operator.py
[2025-02-12T16:04:07.117+0000] {logging_mixin.py:151} INFO - [2025-02-12T16:04:07.117+0000] {dag.py:2915} INFO - Sync 1 DAGs
[2025-02-12T16:04:07.141+0000] {logging_mixin.py:151} INFO - [2025-02-12T16:04:07.141+0000] {dag.py:3696} INFO - Setting next_dagrun for example_weekday_branch_operator to 2025-02-11T00:00:00+00:00, run_after=2025-02-12T00:00:00+00:00
[2025-02-12T16:04:07.157+0000] {processor.py:179} INFO - Processing /home/airflow/.local/lib/python3.8/site-packages/airflow/example_dags/example_branch_day_of_week_operator.py took 0.072 seconds
[2025-02-12T16:04:39.556+0000] {processor.py:157} INFO - Started process (PID=3746) to work on /home/airflow/.local/lib/python3.8/site-packages/airflow/example_dags/example_branch_day_of_week_operator.py
[2025-02-12T16:04:39.557+0000] {processor.py:829} INFO - Processing file /home/airflow/.local/lib/python3.8/site-packages/airflow/example_dags/example_branch_day_of_week_operator.py for tasks to queue
[2025-02-12T16:04:39.558+0000] {logging_mixin.py:151} INFO - [2025-02-12T16:04:39.558+0000] {dagbag.py:539} INFO - Filling up the DagBag from /home/airflow/.local/lib/python3.8/site-packages/airflow/example_dags/example_branch_day_of_week_operator.py
[2025-02-12T16:04:39.564+0000] {processor.py:839} INFO - DAG(s) dict_keys(['example_weekday_branch_operator']) retrieved from /home/airflow/.local/lib/python3.8/site-packages/airflow/example_dags/example_branch_day_of_week_operator.py
[2025-02-12T16:04:39.583+0000] {logging_mixin.py:151} INFO - [2025-02-12T16:04:39.582+0000] {dag.py:2915} INFO - Sync 1 DAGs
[2025-02-12T16:04:39.601+0000] {logging_mixin.py:151} INFO - [2025-02-12T16:04:39.601+0000] {dag.py:3696} INFO - Setting next_dagrun for example_weekday_branch_operator to 2025-02-11T00:00:00+00:00, run_after=2025-02-12T00:00:00+00:00
[2025-02-12T16:04:39.617+0000] {processor.py:179} INFO - Processing /home/airflow/.local/lib/python3.8/site-packages/airflow/example_dags/example_branch_day_of_week_operator.py took 0.063 seconds
[2025-02-12T16:05:12.868+0000] {processor.py:157} INFO - Started process (PID=4007) to work on /home/airflow/.local/lib/python3.8/site-packages/airflow/example_dags/example_branch_day_of_week_operator.py
[2025-02-12T16:05:12.869+0000] {processor.py:829} INFO - Processing file /home/airflow/.local/lib/python3.8/site-packages/airflow/example_dags/example_branch_day_of_week_operator.py for tasks to queue
[2025-02-12T16:05:12.870+0000] {logging_mixin.py:151} INFO - [2025-02-12T16:05:12.870+0000] {dagbag.py:539} INFO - Filling up the DagBag from /home/airflow/.local/lib/python3.8/site-packages/airflow/example_dags/example_branch_day_of_week_operator.py
[2025-02-12T16:05:12.875+0000] {processor.py:839} INFO - DAG(s) dict_keys(['example_weekday_branch_operator']) retrieved from /home/airflow/.local/lib/python3.8/site-packages/airflow/example_dags/example_branch_day_of_week_operator.py
[2025-02-12T16:05:12.895+0000] {logging_mixin.py:151} INFO - [2025-02-12T16:05:12.895+0000] {dag.py:2915} INFO - Sync 1 DAGs
[2025-02-12T16:05:12.914+0000] {logging_mixin.py:151} INFO - [2025-02-12T16:05:12.914+0000] {dag.py:3696} INFO - Setting next_dagrun for example_weekday_branch_operator to 2025-02-11T00:00:00+00:00, run_after=2025-02-12T00:00:00+00:00
[2025-02-12T16:05:12.929+0000] {processor.py:179} INFO - Processing /home/airflow/.local/lib/python3.8/site-packages/airflow/example_dags/example_branch_day_of_week_operator.py took 0.063 seconds
[2025-02-12T16:05:44.465+0000] {processor.py:157} INFO - Started process (PID=4268) to work on /home/airflow/.local/lib/python3.8/site-packages/airflow/example_dags/example_branch_day_of_week_operator.py
[2025-02-12T16:05:44.466+0000] {processor.py:829} INFO - Processing file /home/airflow/.local/lib/python3.8/site-packages/airflow/example_dags/example_branch_day_of_week_operator.py for tasks to queue
[2025-02-12T16:05:44.466+0000] {logging_mixin.py:151} INFO - [2025-02-12T16:05:44.466+0000] {dagbag.py:539} INFO - Filling up the DagBag from /home/airflow/.local/lib/python3.8/site-packages/airflow/example_dags/example_branch_day_of_week_operator.py
[2025-02-12T16:05:44.472+0000] {processor.py:839} INFO - DAG(s) dict_keys(['example_weekday_branch_operator']) retrieved from /home/airflow/.local/lib/python3.8/site-packages/airflow/example_dags/example_branch_day_of_week_operator.py
[2025-02-12T16:05:44.493+0000] {logging_mixin.py:151} INFO - [2025-02-12T16:05:44.493+0000] {dag.py:2915} INFO - Sync 1 DAGs
[2025-02-12T16:05:44.515+0000] {logging_mixin.py:151} INFO - [2025-02-12T16:05:44.514+0000] {dag.py:3696} INFO - Setting next_dagrun for example_weekday_branch_operator to 2025-02-11T00:00:00+00:00, run_after=2025-02-12T00:00:00+00:00
[2025-02-12T16:05:44.532+0000] {processor.py:179} INFO - Processing /home/airflow/.local/lib/python3.8/site-packages/airflow/example_dags/example_branch_day_of_week_operator.py took 0.070 seconds
[2025-02-12T16:06:14.834+0000] {processor.py:157} INFO - Started process (PID=4535) to work on /home/airflow/.local/lib/python3.8/site-packages/airflow/example_dags/example_branch_day_of_week_operator.py
[2025-02-12T16:06:14.835+0000] {processor.py:829} INFO - Processing file /home/airflow/.local/lib/python3.8/site-packages/airflow/example_dags/example_branch_day_of_week_operator.py for tasks to queue
[2025-02-12T16:06:14.836+0000] {logging_mixin.py:151} INFO - [2025-02-12T16:06:14.836+0000] {dagbag.py:539} INFO - Filling up the DagBag from /home/airflow/.local/lib/python3.8/site-packages/airflow/example_dags/example_branch_day_of_week_operator.py
[2025-02-12T16:06:14.843+0000] {processor.py:839} INFO - DAG(s) dict_keys(['example_weekday_branch_operator']) retrieved from /home/airflow/.local/lib/python3.8/site-packages/airflow/example_dags/example_branch_day_of_week_operator.py
[2025-02-12T16:06:14.870+0000] {logging_mixin.py:151} INFO - [2025-02-12T16:06:14.870+0000] {dag.py:2915} INFO - Sync 1 DAGs
[2025-02-12T16:06:14.900+0000] {logging_mixin.py:151} INFO - [2025-02-12T16:06:14.899+0000] {dag.py:3696} INFO - Setting next_dagrun for example_weekday_branch_operator to 2025-02-11T00:00:00+00:00, run_after=2025-02-12T00:00:00+00:00
[2025-02-12T16:06:14.921+0000] {processor.py:179} INFO - Processing /home/airflow/.local/lib/python3.8/site-packages/airflow/example_dags/example_branch_day_of_week_operator.py took 0.090 seconds
[2025-02-12T16:06:45.446+0000] {processor.py:157} INFO - Started process (PID=4789) to work on /home/airflow/.local/lib/python3.8/site-packages/airflow/example_dags/example_branch_day_of_week_operator.py
[2025-02-12T16:06:45.447+0000] {processor.py:829} INFO - Processing file /home/airflow/.local/lib/python3.8/site-packages/airflow/example_dags/example_branch_day_of_week_operator.py for tasks to queue
[2025-02-12T16:06:45.447+0000] {logging_mixin.py:151} INFO - [2025-02-12T16:06:45.447+0000] {dagbag.py:539} INFO - Filling up the DagBag from /home/airflow/.local/lib/python3.8/site-packages/airflow/example_dags/example_branch_day_of_week_operator.py
[2025-02-12T16:06:45.454+0000] {processor.py:839} INFO - DAG(s) dict_keys(['example_weekday_branch_operator']) retrieved from /home/airflow/.local/lib/python3.8/site-packages/airflow/example_dags/example_branch_day_of_week_operator.py
[2025-02-12T16:06:45.477+0000] {logging_mixin.py:151} INFO - [2025-02-12T16:06:45.477+0000] {dag.py:2915} INFO - Sync 1 DAGs
[2025-02-12T16:06:45.501+0000] {logging_mixin.py:151} INFO - [2025-02-12T16:06:45.501+0000] {dag.py:3696} INFO - Setting next_dagrun for example_weekday_branch_operator to 2025-02-11T00:00:00+00:00, run_after=2025-02-12T00:00:00+00:00
[2025-02-12T16:06:45.520+0000] {processor.py:179} INFO - Processing /home/airflow/.local/lib/python3.8/site-packages/airflow/example_dags/example_branch_day_of_week_operator.py took 0.077 seconds
[2025-02-12T16:07:16.359+0000] {processor.py:157} INFO - Started process (PID=5106) to work on /home/airflow/.local/lib/python3.8/site-packages/airflow/example_dags/example_branch_day_of_week_operator.py
[2025-02-12T16:07:16.360+0000] {processor.py:829} INFO - Processing file /home/airflow/.local/lib/python3.8/site-packages/airflow/example_dags/example_branch_day_of_week_operator.py for tasks to queue
[2025-02-12T16:07:16.360+0000] {logging_mixin.py:151} INFO - [2025-02-12T16:07:16.360+0000] {dagbag.py:539} INFO - Filling up the DagBag from /home/airflow/.local/lib/python3.8/site-packages/airflow/example_dags/example_branch_day_of_week_operator.py
[2025-02-12T16:07:16.368+0000] {processor.py:839} INFO - DAG(s) dict_keys(['example_weekday_branch_operator']) retrieved from /home/airflow/.local/lib/python3.8/site-packages/airflow/example_dags/example_branch_day_of_week_operator.py
[2025-02-12T16:07:16.390+0000] {logging_mixin.py:151} INFO - [2025-02-12T16:07:16.390+0000] {dag.py:2915} INFO - Sync 1 DAGs
[2025-02-12T16:07:16.413+0000] {logging_mixin.py:151} INFO - [2025-02-12T16:07:16.412+0000] {dag.py:3696} INFO - Setting next_dagrun for example_weekday_branch_operator to 2025-02-11T00:00:00+00:00, run_after=2025-02-12T00:00:00+00:00
[2025-02-12T16:07:16.429+0000] {processor.py:179} INFO - Processing /home/airflow/.local/lib/python3.8/site-packages/airflow/example_dags/example_branch_day_of_week_operator.py took 0.072 seconds
[2025-02-12T16:07:47.163+0000] {processor.py:157} INFO - Started process (PID=5367) to work on /home/airflow/.local/lib/python3.8/site-packages/airflow/example_dags/example_branch_day_of_week_operator.py
[2025-02-12T16:07:47.165+0000] {processor.py:829} INFO - Processing file /home/airflow/.local/lib/python3.8/site-packages/airflow/example_dags/example_branch_day_of_week_operator.py for tasks to queue
[2025-02-12T16:07:47.166+0000] {logging_mixin.py:151} INFO - [2025-02-12T16:07:47.166+0000] {dagbag.py:539} INFO - Filling up the DagBag from /home/airflow/.local/lib/python3.8/site-packages/airflow/example_dags/example_branch_day_of_week_operator.py
[2025-02-12T16:07:47.176+0000] {processor.py:839} INFO - DAG(s) dict_keys(['example_weekday_branch_operator']) retrieved from /home/airflow/.local/lib/python3.8/site-packages/airflow/example_dags/example_branch_day_of_week_operator.py
[2025-02-12T16:07:47.198+0000] {logging_mixin.py:151} INFO - [2025-02-12T16:07:47.198+0000] {dag.py:2915} INFO - Sync 1 DAGs
[2025-02-12T16:07:47.221+0000] {logging_mixin.py:151} INFO - [2025-02-12T16:07:47.221+0000] {dag.py:3696} INFO - Setting next_dagrun for example_weekday_branch_operator to 2025-02-11T00:00:00+00:00, run_after=2025-02-12T00:00:00+00:00
[2025-02-12T16:07:47.244+0000] {processor.py:179} INFO - Processing /home/airflow/.local/lib/python3.8/site-packages/airflow/example_dags/example_branch_day_of_week_operator.py took 0.087 seconds
[2025-02-12T16:08:23.995+0000] {processor.py:157} INFO - Started process (PID=5654) to work on /home/airflow/.local/lib/python3.8/site-packages/airflow/example_dags/example_branch_day_of_week_operator.py
[2025-02-12T16:08:24.000+0000] {processor.py:829} INFO - Processing file /home/airflow/.local/lib/python3.8/site-packages/airflow/example_dags/example_branch_day_of_week_operator.py for tasks to queue
[2025-02-12T16:08:24.007+0000] {logging_mixin.py:151} INFO - [2025-02-12T16:08:24.005+0000] {dagbag.py:539} INFO - Filling up the DagBag from /home/airflow/.local/lib/python3.8/site-packages/airflow/example_dags/example_branch_day_of_week_operator.py
[2025-02-12T16:08:24.040+0000] {processor.py:839} INFO - DAG(s) dict_keys(['example_weekday_branch_operator']) retrieved from /home/airflow/.local/lib/python3.8/site-packages/airflow/example_dags/example_branch_day_of_week_operator.py
[2025-02-12T16:08:24.155+0000] {logging_mixin.py:151} INFO - [2025-02-12T16:08:24.155+0000] {dag.py:2915} INFO - Sync 1 DAGs
[2025-02-12T16:08:24.259+0000] {logging_mixin.py:151} INFO - [2025-02-12T16:08:24.258+0000] {dag.py:3696} INFO - Setting next_dagrun for example_weekday_branch_operator to 2025-02-11T00:00:00+00:00, run_after=2025-02-12T00:00:00+00:00
[2025-02-12T16:08:24.325+0000] {processor.py:179} INFO - Processing /home/airflow/.local/lib/python3.8/site-packages/airflow/example_dags/example_branch_day_of_week_operator.py took 0.347 seconds
[2025-02-12T16:08:58.700+0000] {processor.py:157} INFO - Started process (PID=5951) to work on /home/airflow/.local/lib/python3.8/site-packages/airflow/example_dags/example_branch_day_of_week_operator.py
[2025-02-12T16:08:58.702+0000] {processor.py:829} INFO - Processing file /home/airflow/.local/lib/python3.8/site-packages/airflow/example_dags/example_branch_day_of_week_operator.py for tasks to queue
[2025-02-12T16:08:58.703+0000] {logging_mixin.py:151} INFO - [2025-02-12T16:08:58.703+0000] {dagbag.py:539} INFO - Filling up the DagBag from /home/airflow/.local/lib/python3.8/site-packages/airflow/example_dags/example_branch_day_of_week_operator.py
[2025-02-12T16:08:58.713+0000] {processor.py:839} INFO - DAG(s) dict_keys(['example_weekday_branch_operator']) retrieved from /home/airflow/.local/lib/python3.8/site-packages/airflow/example_dags/example_branch_day_of_week_operator.py
[2025-02-12T16:08:58.745+0000] {logging_mixin.py:151} INFO - [2025-02-12T16:08:58.745+0000] {dag.py:2915} INFO - Sync 1 DAGs
[2025-02-12T16:08:58.775+0000] {logging_mixin.py:151} INFO - [2025-02-12T16:08:58.775+0000] {dag.py:3696} INFO - Setting next_dagrun for example_weekday_branch_operator to 2025-02-11T00:00:00+00:00, run_after=2025-02-12T00:00:00+00:00
[2025-02-12T16:08:58.800+0000] {processor.py:179} INFO - Processing /home/airflow/.local/lib/python3.8/site-packages/airflow/example_dags/example_branch_day_of_week_operator.py took 0.104 seconds
[2025-02-12T16:10:29.198+0000] {processor.py:157} INFO - Started process (PID=6210) to work on /home/airflow/.local/lib/python3.8/site-packages/airflow/example_dags/example_branch_day_of_week_operator.py
[2025-02-12T16:10:29.200+0000] {processor.py:829} INFO - Processing file /home/airflow/.local/lib/python3.8/site-packages/airflow/example_dags/example_branch_day_of_week_operator.py for tasks to queue
[2025-02-12T16:10:29.201+0000] {logging_mixin.py:151} INFO - [2025-02-12T16:10:29.200+0000] {dagbag.py:539} INFO - Filling up the DagBag from /home/airflow/.local/lib/python3.8/site-packages/airflow/example_dags/example_branch_day_of_week_operator.py
[2025-02-12T16:10:29.211+0000] {processor.py:839} INFO - DAG(s) dict_keys(['example_weekday_branch_operator']) retrieved from /home/airflow/.local/lib/python3.8/site-packages/airflow/example_dags/example_branch_day_of_week_operator.py
[2025-02-12T16:10:29.239+0000] {logging_mixin.py:151} INFO - [2025-02-12T16:10:29.239+0000] {dag.py:2915} INFO - Sync 1 DAGs
[2025-02-12T16:10:29.275+0000] {logging_mixin.py:151} INFO - [2025-02-12T16:10:29.275+0000] {dag.py:3696} INFO - Setting next_dagrun for example_weekday_branch_operator to 2025-02-11T00:00:00+00:00, run_after=2025-02-12T00:00:00+00:00
[2025-02-12T16:10:29.300+0000] {processor.py:179} INFO - Processing /home/airflow/.local/lib/python3.8/site-packages/airflow/example_dags/example_branch_day_of_week_operator.py took 0.106 seconds
[2025-02-12T16:10:59.778+0000] {processor.py:157} INFO - Started process (PID=6480) to work on /home/airflow/.local/lib/python3.8/site-packages/airflow/example_dags/example_branch_day_of_week_operator.py
[2025-02-12T16:10:59.779+0000] {processor.py:829} INFO - Processing file /home/airflow/.local/lib/python3.8/site-packages/airflow/example_dags/example_branch_day_of_week_operator.py for tasks to queue
[2025-02-12T16:10:59.780+0000] {logging_mixin.py:151} INFO - [2025-02-12T16:10:59.779+0000] {dagbag.py:539} INFO - Filling up the DagBag from /home/airflow/.local/lib/python3.8/site-packages/airflow/example_dags/example_branch_day_of_week_operator.py
[2025-02-12T16:10:59.787+0000] {processor.py:839} INFO - DAG(s) dict_keys(['example_weekday_branch_operator']) retrieved from /home/airflow/.local/lib/python3.8/site-packages/airflow/example_dags/example_branch_day_of_week_operator.py
[2025-02-12T16:10:59.811+0000] {logging_mixin.py:151} INFO - [2025-02-12T16:10:59.811+0000] {dag.py:2915} INFO - Sync 1 DAGs
[2025-02-12T16:10:59.837+0000] {logging_mixin.py:151} INFO - [2025-02-12T16:10:59.837+0000] {dag.py:3696} INFO - Setting next_dagrun for example_weekday_branch_operator to 2025-02-11T00:00:00+00:00, run_after=2025-02-12T00:00:00+00:00
[2025-02-12T16:10:59.859+0000] {processor.py:179} INFO - Processing /home/airflow/.local/lib/python3.8/site-packages/airflow/example_dags/example_branch_day_of_week_operator.py took 0.084 seconds
[2025-02-12T16:11:30.522+0000] {processor.py:157} INFO - Started process (PID=6742) to work on /home/airflow/.local/lib/python3.8/site-packages/airflow/example_dags/example_branch_day_of_week_operator.py
[2025-02-12T16:11:30.523+0000] {processor.py:829} INFO - Processing file /home/airflow/.local/lib/python3.8/site-packages/airflow/example_dags/example_branch_day_of_week_operator.py for tasks to queue
[2025-02-12T16:11:30.524+0000] {logging_mixin.py:151} INFO - [2025-02-12T16:11:30.524+0000] {dagbag.py:539} INFO - Filling up the DagBag from /home/airflow/.local/lib/python3.8/site-packages/airflow/example_dags/example_branch_day_of_week_operator.py
[2025-02-12T16:11:30.530+0000] {processor.py:839} INFO - DAG(s) dict_keys(['example_weekday_branch_operator']) retrieved from /home/airflow/.local/lib/python3.8/site-packages/airflow/example_dags/example_branch_day_of_week_operator.py
[2025-02-12T16:11:30.548+0000] {logging_mixin.py:151} INFO - [2025-02-12T16:11:30.548+0000] {dag.py:2915} INFO - Sync 1 DAGs
[2025-02-12T16:11:30.566+0000] {logging_mixin.py:151} INFO - [2025-02-12T16:11:30.566+0000] {dag.py:3696} INFO - Setting next_dagrun for example_weekday_branch_operator to 2025-02-11T00:00:00+00:00, run_after=2025-02-12T00:00:00+00:00
[2025-02-12T16:11:30.581+0000] {processor.py:179} INFO - Processing /home/airflow/.local/lib/python3.8/site-packages/airflow/example_dags/example_branch_day_of_week_operator.py took 0.061 seconds
