[2025-02-12T15:51:09.663+0000] {processor.py:157} INFO - Started process (PID=359) to work on /home/airflow/.local/lib/python3.8/site-packages/airflow/example_dags/tutorial.py
[2025-02-12T15:51:09.664+0000] {processor.py:829} INFO - Processing file /home/airflow/.local/lib/python3.8/site-packages/airflow/example_dags/tutorial.py for tasks to queue
[2025-02-12T15:51:09.665+0000] {logging_mixin.py:151} INFO - [2025-02-12T15:51:09.664+0000] {dagbag.py:539} INFO - Filling up the DagBag from /home/airflow/.local/lib/python3.8/site-packages/airflow/example_dags/tutorial.py
[2025-02-12T15:51:09.671+0000] {processor.py:839} INFO - DAG(s) dict_keys(['tutorial']) retrieved from /home/airflow/.local/lib/python3.8/site-packages/airflow/example_dags/tutorial.py
[2025-02-12T15:51:09.685+0000] {logging_mixin.py:151} INFO - [2025-02-12T15:51:09.685+0000] {dag.py:2915} INFO - Sync 1 DAGs
[2025-02-12T15:51:09.925+0000] {logging_mixin.py:151} INFO - [2025-02-12T15:51:09.924+0000] {dag.py:3696} INFO - Setting next_dagrun for tutorial to 2025-02-11T15:51:09.924484+00:00, run_after=2025-02-12T15:51:09.924484+00:00
[2025-02-12T15:51:09.952+0000] {processor.py:179} INFO - Processing /home/airflow/.local/lib/python3.8/site-packages/airflow/example_dags/tutorial.py took 0.292 seconds
[2025-02-12T15:51:40.594+0000] {processor.py:157} INFO - Started process (PID=611) to work on /home/airflow/.local/lib/python3.8/site-packages/airflow/example_dags/tutorial.py
[2025-02-12T15:51:40.596+0000] {processor.py:829} INFO - Processing file /home/airflow/.local/lib/python3.8/site-packages/airflow/example_dags/tutorial.py for tasks to queue
[2025-02-12T15:51:40.597+0000] {logging_mixin.py:151} INFO - [2025-02-12T15:51:40.596+0000] {dagbag.py:539} INFO - Filling up the DagBag from /home/airflow/.local/lib/python3.8/site-packages/airflow/example_dags/tutorial.py
[2025-02-12T15:51:40.604+0000] {processor.py:839} INFO - DAG(s) dict_keys(['tutorial']) retrieved from /home/airflow/.local/lib/python3.8/site-packages/airflow/example_dags/tutorial.py
[2025-02-12T15:51:40.637+0000] {logging_mixin.py:151} INFO - [2025-02-12T15:51:40.637+0000] {dag.py:2915} INFO - Sync 1 DAGs
[2025-02-12T15:51:40.661+0000] {logging_mixin.py:151} INFO - [2025-02-12T15:51:40.661+0000] {dag.py:3696} INFO - Setting next_dagrun for tutorial to 2025-02-11T15:51:40.661373+00:00, run_after=2025-02-12T15:51:40.661373+00:00
[2025-02-12T15:51:40.681+0000] {processor.py:179} INFO - Processing /home/airflow/.local/lib/python3.8/site-packages/airflow/example_dags/tutorial.py took 0.090 seconds
[2025-02-12T15:52:13.964+0000] {processor.py:157} INFO - Started process (PID=872) to work on /home/airflow/.local/lib/python3.8/site-packages/airflow/example_dags/tutorial.py
[2025-02-12T15:52:13.965+0000] {processor.py:829} INFO - Processing file /home/airflow/.local/lib/python3.8/site-packages/airflow/example_dags/tutorial.py for tasks to queue
[2025-02-12T15:52:13.966+0000] {logging_mixin.py:151} INFO - [2025-02-12T15:52:13.966+0000] {dagbag.py:539} INFO - Filling up the DagBag from /home/airflow/.local/lib/python3.8/site-packages/airflow/example_dags/tutorial.py
[2025-02-12T15:52:13.972+0000] {processor.py:839} INFO - DAG(s) dict_keys(['tutorial']) retrieved from /home/airflow/.local/lib/python3.8/site-packages/airflow/example_dags/tutorial.py
[2025-02-12T15:52:13.992+0000] {logging_mixin.py:151} INFO - [2025-02-12T15:52:13.991+0000] {dag.py:2915} INFO - Sync 1 DAGs
[2025-02-12T15:52:14.012+0000] {logging_mixin.py:151} INFO - [2025-02-12T15:52:14.012+0000] {dag.py:3696} INFO - Setting next_dagrun for tutorial to 2025-02-11T15:52:14.012036+00:00, run_after=2025-02-12T15:52:14.012036+00:00
[2025-02-12T15:52:14.030+0000] {processor.py:179} INFO - Processing /home/airflow/.local/lib/python3.8/site-packages/airflow/example_dags/tutorial.py took 0.069 seconds
[2025-02-12T15:52:44.793+0000] {processor.py:157} INFO - Started process (PID=1133) to work on /home/airflow/.local/lib/python3.8/site-packages/airflow/example_dags/tutorial.py
[2025-02-12T15:52:44.794+0000] {processor.py:829} INFO - Processing file /home/airflow/.local/lib/python3.8/site-packages/airflow/example_dags/tutorial.py for tasks to queue
[2025-02-12T15:52:44.795+0000] {logging_mixin.py:151} INFO - [2025-02-12T15:52:44.795+0000] {dagbag.py:539} INFO - Filling up the DagBag from /home/airflow/.local/lib/python3.8/site-packages/airflow/example_dags/tutorial.py
[2025-02-12T15:52:44.800+0000] {processor.py:839} INFO - DAG(s) dict_keys(['tutorial']) retrieved from /home/airflow/.local/lib/python3.8/site-packages/airflow/example_dags/tutorial.py
[2025-02-12T15:52:44.819+0000] {logging_mixin.py:151} INFO - [2025-02-12T15:52:44.819+0000] {dag.py:2915} INFO - Sync 1 DAGs
[2025-02-12T15:52:44.839+0000] {logging_mixin.py:151} INFO - [2025-02-12T15:52:44.838+0000] {dag.py:3696} INFO - Setting next_dagrun for tutorial to 2025-02-11T15:52:44.838637+00:00, run_after=2025-02-12T15:52:44.838637+00:00
[2025-02-12T15:52:44.853+0000] {processor.py:179} INFO - Processing /home/airflow/.local/lib/python3.8/site-packages/airflow/example_dags/tutorial.py took 0.063 seconds
[2025-02-12T15:53:15.984+0000] {processor.py:157} INFO - Started process (PID=1401) to work on /home/airflow/.local/lib/python3.8/site-packages/airflow/example_dags/tutorial.py
[2025-02-12T15:53:15.985+0000] {processor.py:829} INFO - Processing file /home/airflow/.local/lib/python3.8/site-packages/airflow/example_dags/tutorial.py for tasks to queue
[2025-02-12T15:53:15.986+0000] {logging_mixin.py:151} INFO - [2025-02-12T15:53:15.986+0000] {dagbag.py:539} INFO - Filling up the DagBag from /home/airflow/.local/lib/python3.8/site-packages/airflow/example_dags/tutorial.py
[2025-02-12T15:53:15.992+0000] {processor.py:839} INFO - DAG(s) dict_keys(['tutorial']) retrieved from /home/airflow/.local/lib/python3.8/site-packages/airflow/example_dags/tutorial.py
[2025-02-12T15:53:16.011+0000] {logging_mixin.py:151} INFO - [2025-02-12T15:53:16.011+0000] {dag.py:2915} INFO - Sync 1 DAGs
[2025-02-12T15:53:16.031+0000] {logging_mixin.py:151} INFO - [2025-02-12T15:53:16.030+0000] {dag.py:3696} INFO - Setting next_dagrun for tutorial to 2025-02-11T15:53:16.030493+00:00, run_after=2025-02-12T15:53:16.030493+00:00
[2025-02-12T15:53:16.048+0000] {processor.py:179} INFO - Processing /home/airflow/.local/lib/python3.8/site-packages/airflow/example_dags/tutorial.py took 0.066 seconds
[2025-02-12T15:53:47.002+0000] {processor.py:157} INFO - Started process (PID=1666) to work on /home/airflow/.local/lib/python3.8/site-packages/airflow/example_dags/tutorial.py
[2025-02-12T15:53:47.003+0000] {processor.py:829} INFO - Processing file /home/airflow/.local/lib/python3.8/site-packages/airflow/example_dags/tutorial.py for tasks to queue
[2025-02-12T15:53:47.003+0000] {logging_mixin.py:151} INFO - [2025-02-12T15:53:47.003+0000] {dagbag.py:539} INFO - Filling up the DagBag from /home/airflow/.local/lib/python3.8/site-packages/airflow/example_dags/tutorial.py
[2025-02-12T15:53:47.010+0000] {processor.py:839} INFO - DAG(s) dict_keys(['tutorial']) retrieved from /home/airflow/.local/lib/python3.8/site-packages/airflow/example_dags/tutorial.py
[2025-02-12T15:53:47.028+0000] {logging_mixin.py:151} INFO - [2025-02-12T15:53:47.028+0000] {dag.py:2915} INFO - Sync 1 DAGs
[2025-02-12T15:53:47.047+0000] {logging_mixin.py:151} INFO - [2025-02-12T15:53:47.047+0000] {dag.py:3696} INFO - Setting next_dagrun for tutorial to 2025-02-11T15:53:47.047364+00:00, run_after=2025-02-12T15:53:47.047364+00:00
[2025-02-12T15:53:47.061+0000] {processor.py:179} INFO - Processing /home/airflow/.local/lib/python3.8/site-packages/airflow/example_dags/tutorial.py took 0.062 seconds
[2025-02-12T15:55:33.123+0000] {processor.py:157} INFO - Started process (PID=357) to work on /home/airflow/.local/lib/python3.8/site-packages/airflow/example_dags/tutorial.py
[2025-02-12T15:55:33.124+0000] {processor.py:829} INFO - Processing file /home/airflow/.local/lib/python3.8/site-packages/airflow/example_dags/tutorial.py for tasks to queue
[2025-02-12T15:55:33.125+0000] {logging_mixin.py:151} INFO - [2025-02-12T15:55:33.125+0000] {dagbag.py:539} INFO - Filling up the DagBag from /home/airflow/.local/lib/python3.8/site-packages/airflow/example_dags/tutorial.py
[2025-02-12T15:55:33.131+0000] {processor.py:839} INFO - DAG(s) dict_keys(['tutorial']) retrieved from /home/airflow/.local/lib/python3.8/site-packages/airflow/example_dags/tutorial.py
[2025-02-12T15:55:33.153+0000] {logging_mixin.py:151} INFO - [2025-02-12T15:55:33.152+0000] {dag.py:2915} INFO - Sync 1 DAGs
[2025-02-12T15:55:33.178+0000] {logging_mixin.py:151} INFO - [2025-02-12T15:55:33.178+0000] {dag.py:3696} INFO - Setting next_dagrun for tutorial to 2025-02-11T15:55:33.177996+00:00, run_after=2025-02-12T15:55:33.177996+00:00
[2025-02-12T15:55:33.205+0000] {processor.py:179} INFO - Processing /home/airflow/.local/lib/python3.8/site-packages/airflow/example_dags/tutorial.py took 0.087 seconds
[2025-02-12T15:56:04.248+0000] {processor.py:157} INFO - Started process (PID=611) to work on /home/airflow/.local/lib/python3.8/site-packages/airflow/example_dags/tutorial.py
[2025-02-12T15:56:04.249+0000] {processor.py:829} INFO - Processing file /home/airflow/.local/lib/python3.8/site-packages/airflow/example_dags/tutorial.py for tasks to queue
[2025-02-12T15:56:04.249+0000] {logging_mixin.py:151} INFO - [2025-02-12T15:56:04.249+0000] {dagbag.py:539} INFO - Filling up the DagBag from /home/airflow/.local/lib/python3.8/site-packages/airflow/example_dags/tutorial.py
[2025-02-12T15:56:04.256+0000] {processor.py:839} INFO - DAG(s) dict_keys(['tutorial']) retrieved from /home/airflow/.local/lib/python3.8/site-packages/airflow/example_dags/tutorial.py
[2025-02-12T15:56:04.278+0000] {logging_mixin.py:151} INFO - [2025-02-12T15:56:04.278+0000] {dag.py:2915} INFO - Sync 1 DAGs
[2025-02-12T15:56:04.303+0000] {logging_mixin.py:151} INFO - [2025-02-12T15:56:04.303+0000] {dag.py:3696} INFO - Setting next_dagrun for tutorial to 2025-02-11T15:56:04.302841+00:00, run_after=2025-02-12T15:56:04.302841+00:00
[2025-02-12T15:56:04.325+0000] {processor.py:179} INFO - Processing /home/airflow/.local/lib/python3.8/site-packages/airflow/example_dags/tutorial.py took 0.080 seconds
[2025-02-12T15:56:34.918+0000] {processor.py:157} INFO - Started process (PID=872) to work on /home/airflow/.local/lib/python3.8/site-packages/airflow/example_dags/tutorial.py
[2025-02-12T15:56:34.919+0000] {processor.py:829} INFO - Processing file /home/airflow/.local/lib/python3.8/site-packages/airflow/example_dags/tutorial.py for tasks to queue
[2025-02-12T15:56:34.919+0000] {logging_mixin.py:151} INFO - [2025-02-12T15:56:34.919+0000] {dagbag.py:539} INFO - Filling up the DagBag from /home/airflow/.local/lib/python3.8/site-packages/airflow/example_dags/tutorial.py
[2025-02-12T15:56:34.925+0000] {processor.py:839} INFO - DAG(s) dict_keys(['tutorial']) retrieved from /home/airflow/.local/lib/python3.8/site-packages/airflow/example_dags/tutorial.py
[2025-02-12T15:56:34.943+0000] {logging_mixin.py:151} INFO - [2025-02-12T15:56:34.943+0000] {dag.py:2915} INFO - Sync 1 DAGs
[2025-02-12T15:56:34.968+0000] {logging_mixin.py:151} INFO - [2025-02-12T15:56:34.967+0000] {dag.py:3696} INFO - Setting next_dagrun for tutorial to 2025-02-11T15:56:34.967505+00:00, run_after=2025-02-12T15:56:34.967505+00:00
[2025-02-12T15:56:34.986+0000] {processor.py:179} INFO - Processing /home/airflow/.local/lib/python3.8/site-packages/airflow/example_dags/tutorial.py took 0.071 seconds
[2025-02-12T15:57:05.640+0000] {processor.py:157} INFO - Started process (PID=1133) to work on /home/airflow/.local/lib/python3.8/site-packages/airflow/example_dags/tutorial.py
[2025-02-12T15:57:05.641+0000] {processor.py:829} INFO - Processing file /home/airflow/.local/lib/python3.8/site-packages/airflow/example_dags/tutorial.py for tasks to queue
[2025-02-12T15:57:05.642+0000] {logging_mixin.py:151} INFO - [2025-02-12T15:57:05.642+0000] {dagbag.py:539} INFO - Filling up the DagBag from /home/airflow/.local/lib/python3.8/site-packages/airflow/example_dags/tutorial.py
[2025-02-12T15:57:05.647+0000] {processor.py:839} INFO - DAG(s) dict_keys(['tutorial']) retrieved from /home/airflow/.local/lib/python3.8/site-packages/airflow/example_dags/tutorial.py
[2025-02-12T15:57:05.666+0000] {logging_mixin.py:151} INFO - [2025-02-12T15:57:05.666+0000] {dag.py:2915} INFO - Sync 1 DAGs
[2025-02-12T15:57:05.686+0000] {logging_mixin.py:151} INFO - [2025-02-12T15:57:05.686+0000] {dag.py:3696} INFO - Setting next_dagrun for tutorial to 2025-02-11T15:57:05.685770+00:00, run_after=2025-02-12T15:57:05.685770+00:00
[2025-02-12T15:57:05.703+0000] {processor.py:179} INFO - Processing /home/airflow/.local/lib/python3.8/site-packages/airflow/example_dags/tutorial.py took 0.065 seconds
[2025-02-12T15:57:36.461+0000] {processor.py:157} INFO - Started process (PID=1394) to work on /home/airflow/.local/lib/python3.8/site-packages/airflow/example_dags/tutorial.py
[2025-02-12T15:57:36.462+0000] {processor.py:829} INFO - Processing file /home/airflow/.local/lib/python3.8/site-packages/airflow/example_dags/tutorial.py for tasks to queue
[2025-02-12T15:57:36.463+0000] {logging_mixin.py:151} INFO - [2025-02-12T15:57:36.463+0000] {dagbag.py:539} INFO - Filling up the DagBag from /home/airflow/.local/lib/python3.8/site-packages/airflow/example_dags/tutorial.py
[2025-02-12T15:57:36.468+0000] {processor.py:839} INFO - DAG(s) dict_keys(['tutorial']) retrieved from /home/airflow/.local/lib/python3.8/site-packages/airflow/example_dags/tutorial.py
[2025-02-12T15:57:36.485+0000] {logging_mixin.py:151} INFO - [2025-02-12T15:57:36.485+0000] {dag.py:2915} INFO - Sync 1 DAGs
[2025-02-12T15:57:36.502+0000] {logging_mixin.py:151} INFO - [2025-02-12T15:57:36.501+0000] {dag.py:3696} INFO - Setting next_dagrun for tutorial to 2025-02-11T15:57:36.501706+00:00, run_after=2025-02-12T15:57:36.501706+00:00
[2025-02-12T15:57:36.519+0000] {processor.py:179} INFO - Processing /home/airflow/.local/lib/python3.8/site-packages/airflow/example_dags/tutorial.py took 0.060 seconds
[2025-02-12T15:59:38.265+0000] {processor.py:157} INFO - Started process (PID=1706) to work on /home/airflow/.local/lib/python3.8/site-packages/airflow/example_dags/tutorial.py
[2025-02-12T15:59:38.266+0000] {processor.py:829} INFO - Processing file /home/airflow/.local/lib/python3.8/site-packages/airflow/example_dags/tutorial.py for tasks to queue
[2025-02-12T15:59:38.267+0000] {logging_mixin.py:151} INFO - [2025-02-12T15:59:38.266+0000] {dagbag.py:539} INFO - Filling up the DagBag from /home/airflow/.local/lib/python3.8/site-packages/airflow/example_dags/tutorial.py
[2025-02-12T15:59:38.273+0000] {processor.py:839} INFO - DAG(s) dict_keys(['tutorial']) retrieved from /home/airflow/.local/lib/python3.8/site-packages/airflow/example_dags/tutorial.py
[2025-02-12T15:59:38.294+0000] {logging_mixin.py:151} INFO - [2025-02-12T15:59:38.294+0000] {dag.py:2915} INFO - Sync 1 DAGs
[2025-02-12T15:59:38.314+0000] {logging_mixin.py:151} INFO - [2025-02-12T15:59:38.314+0000] {dag.py:3696} INFO - Setting next_dagrun for tutorial to 2025-02-11T15:59:38.313926+00:00, run_after=2025-02-12T15:59:38.313926+00:00
[2025-02-12T15:59:38.334+0000] {processor.py:179} INFO - Processing /home/airflow/.local/lib/python3.8/site-packages/airflow/example_dags/tutorial.py took 0.072 seconds
[2025-02-12T16:00:08.639+0000] {processor.py:157} INFO - Started process (PID=1993) to work on /home/airflow/.local/lib/python3.8/site-packages/airflow/example_dags/tutorial.py
[2025-02-12T16:00:08.640+0000] {processor.py:829} INFO - Processing file /home/airflow/.local/lib/python3.8/site-packages/airflow/example_dags/tutorial.py for tasks to queue
[2025-02-12T16:00:08.641+0000] {logging_mixin.py:151} INFO - [2025-02-12T16:00:08.641+0000] {dagbag.py:539} INFO - Filling up the DagBag from /home/airflow/.local/lib/python3.8/site-packages/airflow/example_dags/tutorial.py
[2025-02-12T16:00:08.648+0000] {processor.py:839} INFO - DAG(s) dict_keys(['tutorial']) retrieved from /home/airflow/.local/lib/python3.8/site-packages/airflow/example_dags/tutorial.py
[2025-02-12T16:00:08.667+0000] {logging_mixin.py:151} INFO - [2025-02-12T16:00:08.667+0000] {dag.py:2915} INFO - Sync 1 DAGs
[2025-02-12T16:00:08.690+0000] {logging_mixin.py:151} INFO - [2025-02-12T16:00:08.689+0000] {dag.py:3696} INFO - Setting next_dagrun for tutorial to 2025-02-11T16:00:08.689647+00:00, run_after=2025-02-12T16:00:08.689647+00:00
[2025-02-12T16:00:08.710+0000] {processor.py:179} INFO - Processing /home/airflow/.local/lib/python3.8/site-packages/airflow/example_dags/tutorial.py took 0.074 seconds
[2025-02-12T16:01:57.918+0000] {processor.py:157} INFO - Started process (PID=2304) to work on /home/airflow/.local/lib/python3.8/site-packages/airflow/example_dags/tutorial.py
[2025-02-12T16:01:57.920+0000] {processor.py:829} INFO - Processing file /home/airflow/.local/lib/python3.8/site-packages/airflow/example_dags/tutorial.py for tasks to queue
[2025-02-12T16:01:57.920+0000] {logging_mixin.py:151} INFO - [2025-02-12T16:01:57.920+0000] {dagbag.py:539} INFO - Filling up the DagBag from /home/airflow/.local/lib/python3.8/site-packages/airflow/example_dags/tutorial.py
[2025-02-12T16:01:57.926+0000] {processor.py:839} INFO - DAG(s) dict_keys(['tutorial']) retrieved from /home/airflow/.local/lib/python3.8/site-packages/airflow/example_dags/tutorial.py
[2025-02-12T16:01:57.946+0000] {logging_mixin.py:151} INFO - [2025-02-12T16:01:57.946+0000] {dag.py:2915} INFO - Sync 1 DAGs
[2025-02-12T16:01:57.967+0000] {logging_mixin.py:151} INFO - [2025-02-12T16:01:57.967+0000] {dag.py:3696} INFO - Setting next_dagrun for tutorial to 2025-02-11T16:01:57.967231+00:00, run_after=2025-02-12T16:01:57.967231+00:00
[2025-02-12T16:01:57.985+0000] {processor.py:179} INFO - Processing /home/airflow/.local/lib/python3.8/site-packages/airflow/example_dags/tutorial.py took 0.069 seconds
[2025-02-12T16:02:28.467+0000] {processor.py:157} INFO - Started process (PID=2604) to work on /home/airflow/.local/lib/python3.8/site-packages/airflow/example_dags/tutorial.py
[2025-02-12T16:02:28.468+0000] {processor.py:829} INFO - Processing file /home/airflow/.local/lib/python3.8/site-packages/airflow/example_dags/tutorial.py for tasks to queue
[2025-02-12T16:02:28.469+0000] {logging_mixin.py:151} INFO - [2025-02-12T16:02:28.468+0000] {dagbag.py:539} INFO - Filling up the DagBag from /home/airflow/.local/lib/python3.8/site-packages/airflow/example_dags/tutorial.py
[2025-02-12T16:02:28.474+0000] {processor.py:839} INFO - DAG(s) dict_keys(['tutorial']) retrieved from /home/airflow/.local/lib/python3.8/site-packages/airflow/example_dags/tutorial.py
[2025-02-12T16:02:28.493+0000] {logging_mixin.py:151} INFO - [2025-02-12T16:02:28.492+0000] {dag.py:2915} INFO - Sync 1 DAGs
[2025-02-12T16:02:28.512+0000] {logging_mixin.py:151} INFO - [2025-02-12T16:02:28.512+0000] {dag.py:3696} INFO - Setting next_dagrun for tutorial to 2025-02-11T16:02:28.512314+00:00, run_after=2025-02-12T16:02:28.512314+00:00
[2025-02-12T16:02:28.528+0000] {processor.py:179} INFO - Processing /home/airflow/.local/lib/python3.8/site-packages/airflow/example_dags/tutorial.py took 0.064 seconds
[2025-02-12T16:03:03.441+0000] {processor.py:157} INFO - Started process (PID=2900) to work on /home/airflow/.local/lib/python3.8/site-packages/airflow/example_dags/tutorial.py
[2025-02-12T16:03:03.443+0000] {processor.py:829} INFO - Processing file /home/airflow/.local/lib/python3.8/site-packages/airflow/example_dags/tutorial.py for tasks to queue
[2025-02-12T16:03:03.443+0000] {logging_mixin.py:151} INFO - [2025-02-12T16:03:03.443+0000] {dagbag.py:539} INFO - Filling up the DagBag from /home/airflow/.local/lib/python3.8/site-packages/airflow/example_dags/tutorial.py
[2025-02-12T16:03:03.450+0000] {processor.py:839} INFO - DAG(s) dict_keys(['tutorial']) retrieved from /home/airflow/.local/lib/python3.8/site-packages/airflow/example_dags/tutorial.py
[2025-02-12T16:03:03.472+0000] {logging_mixin.py:151} INFO - [2025-02-12T16:03:03.471+0000] {dag.py:2915} INFO - Sync 1 DAGs
[2025-02-12T16:03:03.497+0000] {logging_mixin.py:151} INFO - [2025-02-12T16:03:03.497+0000] {dag.py:3696} INFO - Setting next_dagrun for tutorial to 2025-02-11T16:03:03.497232+00:00, run_after=2025-02-12T16:03:03.497232+00:00
[2025-02-12T16:03:03.520+0000] {processor.py:179} INFO - Processing /home/airflow/.local/lib/python3.8/site-packages/airflow/example_dags/tutorial.py took 0.083 seconds
[2025-02-12T16:03:34.638+0000] {processor.py:157} INFO - Started process (PID=3208) to work on /home/airflow/.local/lib/python3.8/site-packages/airflow/example_dags/tutorial.py
[2025-02-12T16:03:34.639+0000] {processor.py:829} INFO - Processing file /home/airflow/.local/lib/python3.8/site-packages/airflow/example_dags/tutorial.py for tasks to queue
[2025-02-12T16:03:34.640+0000] {logging_mixin.py:151} INFO - [2025-02-12T16:03:34.639+0000] {dagbag.py:539} INFO - Filling up the DagBag from /home/airflow/.local/lib/python3.8/site-packages/airflow/example_dags/tutorial.py
[2025-02-12T16:03:34.645+0000] {processor.py:839} INFO - DAG(s) dict_keys(['tutorial']) retrieved from /home/airflow/.local/lib/python3.8/site-packages/airflow/example_dags/tutorial.py
[2025-02-12T16:03:34.664+0000] {logging_mixin.py:151} INFO - [2025-02-12T16:03:34.664+0000] {dag.py:2915} INFO - Sync 1 DAGs
[2025-02-12T16:03:34.683+0000] {logging_mixin.py:151} INFO - [2025-02-12T16:03:34.683+0000] {dag.py:3696} INFO - Setting next_dagrun for tutorial to 2025-02-11T16:03:34.682987+00:00, run_after=2025-02-12T16:03:34.682987+00:00
[2025-02-12T16:03:34.698+0000] {processor.py:179} INFO - Processing /home/airflow/.local/lib/python3.8/site-packages/airflow/example_dags/tutorial.py took 0.063 seconds
[2025-02-12T16:04:06.998+0000] {processor.py:157} INFO - Started process (PID=3469) to work on /home/airflow/.local/lib/python3.8/site-packages/airflow/example_dags/tutorial.py
[2025-02-12T16:04:06.999+0000] {processor.py:829} INFO - Processing file /home/airflow/.local/lib/python3.8/site-packages/airflow/example_dags/tutorial.py for tasks to queue
[2025-02-12T16:04:07.000+0000] {logging_mixin.py:151} INFO - [2025-02-12T16:04:06.999+0000] {dagbag.py:539} INFO - Filling up the DagBag from /home/airflow/.local/lib/python3.8/site-packages/airflow/example_dags/tutorial.py
[2025-02-12T16:04:07.005+0000] {processor.py:839} INFO - DAG(s) dict_keys(['tutorial']) retrieved from /home/airflow/.local/lib/python3.8/site-packages/airflow/example_dags/tutorial.py
[2025-02-12T16:04:07.023+0000] {logging_mixin.py:151} INFO - [2025-02-12T16:04:07.023+0000] {dag.py:2915} INFO - Sync 1 DAGs
[2025-02-12T16:04:07.044+0000] {logging_mixin.py:151} INFO - [2025-02-12T16:04:07.044+0000] {dag.py:3696} INFO - Setting next_dagrun for tutorial to 2025-02-11T16:04:07.044103+00:00, run_after=2025-02-12T16:04:07.044103+00:00
[2025-02-12T16:04:07.063+0000] {processor.py:179} INFO - Processing /home/airflow/.local/lib/python3.8/site-packages/airflow/example_dags/tutorial.py took 0.067 seconds
[2025-02-12T16:04:39.456+0000] {processor.py:157} INFO - Started process (PID=3729) to work on /home/airflow/.local/lib/python3.8/site-packages/airflow/example_dags/tutorial.py
[2025-02-12T16:04:39.457+0000] {processor.py:829} INFO - Processing file /home/airflow/.local/lib/python3.8/site-packages/airflow/example_dags/tutorial.py for tasks to queue
[2025-02-12T16:04:39.458+0000] {logging_mixin.py:151} INFO - [2025-02-12T16:04:39.458+0000] {dagbag.py:539} INFO - Filling up the DagBag from /home/airflow/.local/lib/python3.8/site-packages/airflow/example_dags/tutorial.py
[2025-02-12T16:04:39.464+0000] {processor.py:839} INFO - DAG(s) dict_keys(['tutorial']) retrieved from /home/airflow/.local/lib/python3.8/site-packages/airflow/example_dags/tutorial.py
[2025-02-12T16:04:39.484+0000] {logging_mixin.py:151} INFO - [2025-02-12T16:04:39.484+0000] {dag.py:2915} INFO - Sync 1 DAGs
[2025-02-12T16:04:39.510+0000] {logging_mixin.py:151} INFO - [2025-02-12T16:04:39.509+0000] {dag.py:3696} INFO - Setting next_dagrun for tutorial to 2025-02-11T16:04:39.509576+00:00, run_after=2025-02-12T16:04:39.509576+00:00
[2025-02-12T16:04:39.531+0000] {processor.py:179} INFO - Processing /home/airflow/.local/lib/python3.8/site-packages/airflow/example_dags/tutorial.py took 0.078 seconds
[2025-02-12T16:05:12.791+0000] {processor.py:157} INFO - Started process (PID=3997) to work on /home/airflow/.local/lib/python3.8/site-packages/airflow/example_dags/tutorial.py
[2025-02-12T16:05:12.791+0000] {processor.py:829} INFO - Processing file /home/airflow/.local/lib/python3.8/site-packages/airflow/example_dags/tutorial.py for tasks to queue
[2025-02-12T16:05:12.792+0000] {logging_mixin.py:151} INFO - [2025-02-12T16:05:12.792+0000] {dagbag.py:539} INFO - Filling up the DagBag from /home/airflow/.local/lib/python3.8/site-packages/airflow/example_dags/tutorial.py
[2025-02-12T16:05:12.797+0000] {processor.py:839} INFO - DAG(s) dict_keys(['tutorial']) retrieved from /home/airflow/.local/lib/python3.8/site-packages/airflow/example_dags/tutorial.py
[2025-02-12T16:05:12.813+0000] {logging_mixin.py:151} INFO - [2025-02-12T16:05:12.812+0000] {dag.py:2915} INFO - Sync 1 DAGs
[2025-02-12T16:05:12.830+0000] {logging_mixin.py:151} INFO - [2025-02-12T16:05:12.830+0000] {dag.py:3696} INFO - Setting next_dagrun for tutorial to 2025-02-11T16:05:12.830097+00:00, run_after=2025-02-12T16:05:12.830097+00:00
[2025-02-12T16:05:12.844+0000] {processor.py:179} INFO - Processing /home/airflow/.local/lib/python3.8/site-packages/airflow/example_dags/tutorial.py took 0.056 seconds
[2025-02-12T16:05:44.358+0000] {processor.py:157} INFO - Started process (PID=4258) to work on /home/airflow/.local/lib/python3.8/site-packages/airflow/example_dags/tutorial.py
[2025-02-12T16:05:44.359+0000] {processor.py:829} INFO - Processing file /home/airflow/.local/lib/python3.8/site-packages/airflow/example_dags/tutorial.py for tasks to queue
[2025-02-12T16:05:44.360+0000] {logging_mixin.py:151} INFO - [2025-02-12T16:05:44.359+0000] {dagbag.py:539} INFO - Filling up the DagBag from /home/airflow/.local/lib/python3.8/site-packages/airflow/example_dags/tutorial.py
[2025-02-12T16:05:44.366+0000] {processor.py:839} INFO - DAG(s) dict_keys(['tutorial']) retrieved from /home/airflow/.local/lib/python3.8/site-packages/airflow/example_dags/tutorial.py
[2025-02-12T16:05:44.387+0000] {logging_mixin.py:151} INFO - [2025-02-12T16:05:44.387+0000] {dag.py:2915} INFO - Sync 1 DAGs
[2025-02-12T16:05:44.409+0000] {logging_mixin.py:151} INFO - [2025-02-12T16:05:44.408+0000] {dag.py:3696} INFO - Setting next_dagrun for tutorial to 2025-02-11T16:05:44.408558+00:00, run_after=2025-02-12T16:05:44.408558+00:00
[2025-02-12T16:05:44.439+0000] {processor.py:179} INFO - Processing /home/airflow/.local/lib/python3.8/site-packages/airflow/example_dags/tutorial.py took 0.084 seconds
[2025-02-12T16:06:14.727+0000] {processor.py:157} INFO - Started process (PID=4525) to work on /home/airflow/.local/lib/python3.8/site-packages/airflow/example_dags/tutorial.py
[2025-02-12T16:06:14.728+0000] {processor.py:829} INFO - Processing file /home/airflow/.local/lib/python3.8/site-packages/airflow/example_dags/tutorial.py for tasks to queue
[2025-02-12T16:06:14.729+0000] {logging_mixin.py:151} INFO - [2025-02-12T16:06:14.729+0000] {dagbag.py:539} INFO - Filling up the DagBag from /home/airflow/.local/lib/python3.8/site-packages/airflow/example_dags/tutorial.py
[2025-02-12T16:06:14.734+0000] {processor.py:839} INFO - DAG(s) dict_keys(['tutorial']) retrieved from /home/airflow/.local/lib/python3.8/site-packages/airflow/example_dags/tutorial.py
[2025-02-12T16:06:14.771+0000] {logging_mixin.py:151} INFO - [2025-02-12T16:06:14.770+0000] {dag.py:2915} INFO - Sync 1 DAGs
[2025-02-12T16:06:14.792+0000] {logging_mixin.py:151} INFO - [2025-02-12T16:06:14.791+0000] {dag.py:3696} INFO - Setting next_dagrun for tutorial to 2025-02-11T16:06:14.791633+00:00, run_after=2025-02-12T16:06:14.791633+00:00
[2025-02-12T16:06:14.809+0000] {processor.py:179} INFO - Processing /home/airflow/.local/lib/python3.8/site-packages/airflow/example_dags/tutorial.py took 0.084 seconds
[2025-02-12T16:06:45.341+0000] {processor.py:157} INFO - Started process (PID=4779) to work on /home/airflow/.local/lib/python3.8/site-packages/airflow/example_dags/tutorial.py
[2025-02-12T16:06:45.343+0000] {processor.py:829} INFO - Processing file /home/airflow/.local/lib/python3.8/site-packages/airflow/example_dags/tutorial.py for tasks to queue
[2025-02-12T16:06:45.344+0000] {logging_mixin.py:151} INFO - [2025-02-12T16:06:45.344+0000] {dagbag.py:539} INFO - Filling up the DagBag from /home/airflow/.local/lib/python3.8/site-packages/airflow/example_dags/tutorial.py
[2025-02-12T16:06:45.350+0000] {processor.py:839} INFO - DAG(s) dict_keys(['tutorial']) retrieved from /home/airflow/.local/lib/python3.8/site-packages/airflow/example_dags/tutorial.py
[2025-02-12T16:06:45.370+0000] {logging_mixin.py:151} INFO - [2025-02-12T16:06:45.370+0000] {dag.py:2915} INFO - Sync 1 DAGs
[2025-02-12T16:06:45.392+0000] {logging_mixin.py:151} INFO - [2025-02-12T16:06:45.392+0000] {dag.py:3696} INFO - Setting next_dagrun for tutorial to 2025-02-11T16:06:45.392364+00:00, run_after=2025-02-12T16:06:45.392364+00:00
[2025-02-12T16:06:45.418+0000] {processor.py:179} INFO - Processing /home/airflow/.local/lib/python3.8/site-packages/airflow/example_dags/tutorial.py took 0.080 seconds
[2025-02-12T16:07:16.262+0000] {processor.py:157} INFO - Started process (PID=5096) to work on /home/airflow/.local/lib/python3.8/site-packages/airflow/example_dags/tutorial.py
[2025-02-12T16:07:16.263+0000] {processor.py:829} INFO - Processing file /home/airflow/.local/lib/python3.8/site-packages/airflow/example_dags/tutorial.py for tasks to queue
[2025-02-12T16:07:16.264+0000] {logging_mixin.py:151} INFO - [2025-02-12T16:07:16.263+0000] {dagbag.py:539} INFO - Filling up the DagBag from /home/airflow/.local/lib/python3.8/site-packages/airflow/example_dags/tutorial.py
[2025-02-12T16:07:16.269+0000] {processor.py:839} INFO - DAG(s) dict_keys(['tutorial']) retrieved from /home/airflow/.local/lib/python3.8/site-packages/airflow/example_dags/tutorial.py
[2025-02-12T16:07:16.289+0000] {logging_mixin.py:151} INFO - [2025-02-12T16:07:16.288+0000] {dag.py:2915} INFO - Sync 1 DAGs
[2025-02-12T16:07:16.314+0000] {logging_mixin.py:151} INFO - [2025-02-12T16:07:16.314+0000] {dag.py:3696} INFO - Setting next_dagrun for tutorial to 2025-02-11T16:07:16.313980+00:00, run_after=2025-02-12T16:07:16.313980+00:00
[2025-02-12T16:07:16.332+0000] {processor.py:179} INFO - Processing /home/airflow/.local/lib/python3.8/site-packages/airflow/example_dags/tutorial.py took 0.073 seconds
[2025-02-12T16:07:47.002+0000] {processor.py:157} INFO - Started process (PID=5357) to work on /home/airflow/.local/lib/python3.8/site-packages/airflow/example_dags/tutorial.py
[2025-02-12T16:07:47.003+0000] {processor.py:829} INFO - Processing file /home/airflow/.local/lib/python3.8/site-packages/airflow/example_dags/tutorial.py for tasks to queue
[2025-02-12T16:07:47.004+0000] {logging_mixin.py:151} INFO - [2025-02-12T16:07:47.004+0000] {dagbag.py:539} INFO - Filling up the DagBag from /home/airflow/.local/lib/python3.8/site-packages/airflow/example_dags/tutorial.py
[2025-02-12T16:07:47.012+0000] {processor.py:839} INFO - DAG(s) dict_keys(['tutorial']) retrieved from /home/airflow/.local/lib/python3.8/site-packages/airflow/example_dags/tutorial.py
[2025-02-12T16:07:47.040+0000] {logging_mixin.py:151} INFO - [2025-02-12T16:07:47.039+0000] {dag.py:2915} INFO - Sync 1 DAGs
[2025-02-12T16:07:47.071+0000] {logging_mixin.py:151} INFO - [2025-02-12T16:07:47.071+0000] {dag.py:3696} INFO - Setting next_dagrun for tutorial to 2025-02-11T16:07:47.071294+00:00, run_after=2025-02-12T16:07:47.071294+00:00
[2025-02-12T16:07:47.095+0000] {processor.py:179} INFO - Processing /home/airflow/.local/lib/python3.8/site-packages/airflow/example_dags/tutorial.py took 0.096 seconds
[2025-02-12T16:08:27.344+0000] {processor.py:157} INFO - Started process (PID=5636) to work on /home/airflow/.local/lib/python3.8/site-packages/airflow/example_dags/tutorial.py
[2025-02-12T16:08:27.356+0000] {processor.py:829} INFO - Processing file /home/airflow/.local/lib/python3.8/site-packages/airflow/example_dags/tutorial.py for tasks to queue
[2025-02-12T16:08:27.359+0000] {logging_mixin.py:151} INFO - [2025-02-12T16:08:27.357+0000] {dagbag.py:539} INFO - Filling up the DagBag from /home/airflow/.local/lib/python3.8/site-packages/airflow/example_dags/tutorial.py
[2025-02-12T16:08:27.400+0000] {processor.py:839} INFO - DAG(s) dict_keys(['tutorial']) retrieved from /home/airflow/.local/lib/python3.8/site-packages/airflow/example_dags/tutorial.py
[2025-02-12T16:08:23.665+0000] {logging_mixin.py:151} INFO - [2025-02-12T16:08:23.664+0000] {dag.py:2915} INFO - Sync 1 DAGs
[2025-02-12T16:08:23.725+0000] {logging_mixin.py:151} INFO - [2025-02-12T16:08:23.725+0000] {dag.py:3696} INFO - Setting next_dagrun for tutorial to 2025-02-11T16:08:23.725142+00:00, run_after=2025-02-12T16:08:23.725142+00:00
[2025-02-12T16:08:23.808+0000] {processor.py:179} INFO - Processing /home/airflow/.local/lib/python3.8/site-packages/airflow/example_dags/tutorial.py took 9.417 seconds
[2025-02-12T16:08:58.361+0000] {processor.py:157} INFO - Started process (PID=5939) to work on /home/airflow/.local/lib/python3.8/site-packages/airflow/example_dags/tutorial.py
[2025-02-12T16:08:58.363+0000] {processor.py:829} INFO - Processing file /home/airflow/.local/lib/python3.8/site-packages/airflow/example_dags/tutorial.py for tasks to queue
[2025-02-12T16:08:58.364+0000] {logging_mixin.py:151} INFO - [2025-02-12T16:08:58.364+0000] {dagbag.py:539} INFO - Filling up the DagBag from /home/airflow/.local/lib/python3.8/site-packages/airflow/example_dags/tutorial.py
[2025-02-12T16:08:58.374+0000] {processor.py:839} INFO - DAG(s) dict_keys(['tutorial']) retrieved from /home/airflow/.local/lib/python3.8/site-packages/airflow/example_dags/tutorial.py
[2025-02-12T16:08:58.402+0000] {logging_mixin.py:151} INFO - [2025-02-12T16:08:58.401+0000] {dag.py:2915} INFO - Sync 1 DAGs
[2025-02-12T16:08:58.431+0000] {logging_mixin.py:151} INFO - [2025-02-12T16:08:58.431+0000] {dag.py:3696} INFO - Setting next_dagrun for tutorial to 2025-02-11T16:08:58.430474+00:00, run_after=2025-02-12T16:08:58.430474+00:00
[2025-02-12T16:08:58.464+0000] {processor.py:179} INFO - Processing /home/airflow/.local/lib/python3.8/site-packages/airflow/example_dags/tutorial.py took 0.108 seconds
[2025-02-12T16:10:29.060+0000] {processor.py:157} INFO - Started process (PID=6200) to work on /home/airflow/.local/lib/python3.8/site-packages/airflow/example_dags/tutorial.py
[2025-02-12T16:10:29.062+0000] {processor.py:829} INFO - Processing file /home/airflow/.local/lib/python3.8/site-packages/airflow/example_dags/tutorial.py for tasks to queue
[2025-02-12T16:10:29.063+0000] {logging_mixin.py:151} INFO - [2025-02-12T16:10:29.063+0000] {dagbag.py:539} INFO - Filling up the DagBag from /home/airflow/.local/lib/python3.8/site-packages/airflow/example_dags/tutorial.py
[2025-02-12T16:10:29.073+0000] {processor.py:839} INFO - DAG(s) dict_keys(['tutorial']) retrieved from /home/airflow/.local/lib/python3.8/site-packages/airflow/example_dags/tutorial.py
[2025-02-12T16:10:29.105+0000] {logging_mixin.py:151} INFO - [2025-02-12T16:10:29.104+0000] {dag.py:2915} INFO - Sync 1 DAGs
[2025-02-12T16:10:29.138+0000] {logging_mixin.py:151} INFO - [2025-02-12T16:10:29.137+0000] {dag.py:3696} INFO - Setting next_dagrun for tutorial to 2025-02-11T16:10:29.137231+00:00, run_after=2025-02-12T16:10:29.137231+00:00
[2025-02-12T16:10:29.163+0000] {processor.py:179} INFO - Processing /home/airflow/.local/lib/python3.8/site-packages/airflow/example_dags/tutorial.py took 0.112 seconds
[2025-02-12T16:10:59.669+0000] {processor.py:157} INFO - Started process (PID=6472) to work on /home/airflow/.local/lib/python3.8/site-packages/airflow/example_dags/tutorial.py
[2025-02-12T16:10:59.670+0000] {processor.py:829} INFO - Processing file /home/airflow/.local/lib/python3.8/site-packages/airflow/example_dags/tutorial.py for tasks to queue
[2025-02-12T16:10:59.671+0000] {logging_mixin.py:151} INFO - [2025-02-12T16:10:59.671+0000] {dagbag.py:539} INFO - Filling up the DagBag from /home/airflow/.local/lib/python3.8/site-packages/airflow/example_dags/tutorial.py
[2025-02-12T16:10:59.679+0000] {processor.py:839} INFO - DAG(s) dict_keys(['tutorial']) retrieved from /home/airflow/.local/lib/python3.8/site-packages/airflow/example_dags/tutorial.py
[2025-02-12T16:10:59.699+0000] {logging_mixin.py:151} INFO - [2025-02-12T16:10:59.699+0000] {dag.py:2915} INFO - Sync 1 DAGs
[2025-02-12T16:10:59.729+0000] {logging_mixin.py:151} INFO - [2025-02-12T16:10:59.728+0000] {dag.py:3696} INFO - Setting next_dagrun for tutorial to 2025-02-11T16:10:59.728596+00:00, run_after=2025-02-12T16:10:59.728596+00:00
[2025-02-12T16:10:59.749+0000] {processor.py:179} INFO - Processing /home/airflow/.local/lib/python3.8/site-packages/airflow/example_dags/tutorial.py took 0.083 seconds
[2025-02-12T16:11:30.443+0000] {processor.py:157} INFO - Started process (PID=6732) to work on /home/airflow/.local/lib/python3.8/site-packages/airflow/example_dags/tutorial.py
[2025-02-12T16:11:30.444+0000] {processor.py:829} INFO - Processing file /home/airflow/.local/lib/python3.8/site-packages/airflow/example_dags/tutorial.py for tasks to queue
[2025-02-12T16:11:30.444+0000] {logging_mixin.py:151} INFO - [2025-02-12T16:11:30.444+0000] {dagbag.py:539} INFO - Filling up the DagBag from /home/airflow/.local/lib/python3.8/site-packages/airflow/example_dags/tutorial.py
[2025-02-12T16:11:30.451+0000] {processor.py:839} INFO - DAG(s) dict_keys(['tutorial']) retrieved from /home/airflow/.local/lib/python3.8/site-packages/airflow/example_dags/tutorial.py
[2025-02-12T16:11:30.468+0000] {logging_mixin.py:151} INFO - [2025-02-12T16:11:30.467+0000] {dag.py:2915} INFO - Sync 1 DAGs
[2025-02-12T16:11:30.484+0000] {logging_mixin.py:151} INFO - [2025-02-12T16:11:30.484+0000] {dag.py:3696} INFO - Setting next_dagrun for tutorial to 2025-02-11T16:11:30.484293+00:00, run_after=2025-02-12T16:11:30.484293+00:00
[2025-02-12T16:11:30.499+0000] {processor.py:179} INFO - Processing /home/airflow/.local/lib/python3.8/site-packages/airflow/example_dags/tutorial.py took 0.058 seconds
